[2024-08-14T03:06:32.631+0000] {local_task_job_runner.py:120} INFO - ::group::Pre task execution logs
[2024-08-14T03:06:32.974+0000] {taskinstance.py:2076} INFO - Dependencies all met for dep_context=non-requeueable deps ti=<TaskInstance: weather_etl_dag.map_sequia_indicator manual__2024-08-14T03:03:34.775340+00:00 [queued]>
[2024-08-14T03:06:33.017+0000] {taskinstance.py:2076} INFO - Dependencies all met for dep_context=requeueable deps ti=<TaskInstance: weather_etl_dag.map_sequia_indicator manual__2024-08-14T03:03:34.775340+00:00 [queued]>
[2024-08-14T03:06:33.063+0000] {taskinstance.py:2306} INFO - Starting attempt 1 of 2
[2024-08-14T03:06:33.227+0000] {taskinstance.py:2330} INFO - Executing <Task(PythonOperator): map_sequia_indicator> on 2024-08-14 03:03:34.775340+00:00
[2024-08-14T03:06:33.285+0000] {standard_task_runner.py:90} INFO - Running: ['***', 'tasks', 'run', 'weather_etl_dag', 'map_sequia_indicator', 'manual__2024-08-14T03:03:34.775340+00:00', '--job-id', '69', '--raw', '--subdir', 'DAGS_FOLDER/weather_etl_dag.py', '--cfg-path', '/tmp/tmpdbjqpt8y']
[2024-08-14T03:06:33.334+0000] {warnings.py:112} WARNING - /home/***/.local/lib/python3.12/site-packages/***/task/task_runner/standard_task_runner.py:62: DeprecationWarning: This process (pid=1353) is multi-threaded, use of fork() may lead to deadlocks in the child.
  pid = os.fork()

[2024-08-14T03:06:33.395+0000] {standard_task_runner.py:91} INFO - Job 69: Subtask map_sequia_indicator
[2024-08-14T03:06:33.514+0000] {standard_task_runner.py:64} INFO - Started process 1355 to run task
[2024-08-14T03:06:34.164+0000] {task_command.py:426} INFO - Running <TaskInstance: weather_etl_dag.map_sequia_indicator manual__2024-08-14T03:03:34.775340+00:00 [running]> on host 712d18ef94ea
[2024-08-14T03:06:34.681+0000] {taskinstance.py:2648} INFO - Exporting env vars: AIRFLOW_CTX_DAG_OWNER='***' AIRFLOW_CTX_DAG_ID='weather_etl_dag' AIRFLOW_CTX_TASK_ID='map_sequia_indicator' AIRFLOW_CTX_EXECUTION_DATE='2024-08-14T03:03:34.775340+00:00' AIRFLOW_CTX_TRY_NUMBER='1' AIRFLOW_CTX_DAG_RUN_ID='manual__2024-08-14T03:03:34.775340+00:00'
[2024-08-14T03:06:34.692+0000] {taskinstance.py:430} INFO - ::endgroup::
[2024-08-14T03:06:34.798+0000] {logging_mixin.py:188} INFO - Pronósticos clima antes de mapear sequía:    cve_mun            municipio fecha_pronostico indicador_sequia
0        1    Amealco De Bonfil       2024-08-13             None
1        2      Pinal De Amoles       2024-08-13             None
2        3          Arroyo Seco       2024-08-13             None
3        4  Cadereyta De Montes       2024-08-13             None
4        5                Colon       2024-08-13             None
[2024-08-14T03:06:34.810+0000] {logging_mixin.py:188} INFO - Datos de sequía para mapear:    cve_mun          nombre_mun  cve_ent               entidad       fecha valor
0        1   Amealco de Bonfil       22  Querétaro de Arteaga  2003-03-31    D0
1       10  Landa de Matamoros       22  Querétaro de Arteaga  2003-06-30    D0
2        2     Pinal de Amoles       22  Querétaro de Arteaga  2004-09-30    D0
3        3         Arroyo Seco       22  Querétaro de Arteaga  2004-09-30    D0
4        9     Jalpan de Serra       22  Querétaro de Arteaga  2004-09-30    D0
[2024-08-14T03:06:34.826+0000] {logging_mixin.py:188} INFO - Pronósticos clima después de mapear sequía:    cve_mun            municipio fecha_pronostico indicador_sequia
0        1    Amealco De Bonfil       2024-08-13               D4
1        2      Pinal De Amoles       2024-08-13               D1
2        3          Arroyo Seco       2024-08-13               D0
3        4  Cadereyta De Montes       2024-08-13               D3
4        5                Colon       2024-08-13               D4
[2024-08-14T03:06:35.020+0000] {python.py:237} INFO - Done. Returned value was: None
[2024-08-14T03:06:35.021+0000] {taskinstance.py:441} INFO - ::group::Post task execution logs
[2024-08-14T03:06:35.033+0000] {taskinstance.py:1206} INFO - Marking task as SUCCESS. dag_id=weather_etl_dag, task_id=map_sequia_indicator, run_id=manual__2024-08-14T03:03:34.775340+00:00, execution_date=20240814T030334, start_date=20240814T030632, end_date=20240814T030635
[2024-08-14T03:06:35.132+0000] {local_task_job_runner.py:243} INFO - Task exited with return code 0
[2024-08-14T03:06:35.162+0000] {taskinstance.py:3503} INFO - 1 downstream tasks scheduled from follow-on schedule check
[2024-08-14T03:06:35.214+0000] {local_task_job_runner.py:222} INFO - ::endgroup::
