[2024-08-14T04:42:25.345+0000] {local_task_job_runner.py:120} INFO - ::group::Pre task execution logs
[2024-08-14T04:42:25.529+0000] {taskinstance.py:2076} INFO - Dependencies all met for dep_context=non-requeueable deps ti=<TaskInstance: weather_etl_dag.update_sequia_indicator manual__2024-08-14T04:39:50.483167+00:00 [queued]>
[2024-08-14T04:42:25.541+0000] {taskinstance.py:2076} INFO - Dependencies all met for dep_context=requeueable deps ti=<TaskInstance: weather_etl_dag.update_sequia_indicator manual__2024-08-14T04:39:50.483167+00:00 [queued]>
[2024-08-14T04:42:25.557+0000] {taskinstance.py:2306} INFO - Starting attempt 1 of 2
[2024-08-14T04:42:25.619+0000] {taskinstance.py:2330} INFO - Executing <Task(PythonOperator): update_sequia_indicator> on 2024-08-14 04:39:50.483167+00:00
[2024-08-14T04:42:25.626+0000] {warnings.py:112} WARNING - /home/***/.local/lib/python3.12/site-packages/***/task/task_runner/standard_task_runner.py:62: DeprecationWarning: This process (pid=3441) is multi-threaded, use of fork() may lead to deadlocks in the child.
  pid = os.fork()

[2024-08-14T04:42:25.629+0000] {standard_task_runner.py:64} INFO - Started process 3443 to run task
[2024-08-14T04:42:25.628+0000] {standard_task_runner.py:90} INFO - Running: ['***', 'tasks', 'run', 'weather_etl_dag', 'update_sequia_indicator', 'manual__2024-08-14T04:39:50.483167+00:00', '--job-id', '107', '--raw', '--subdir', 'DAGS_FOLDER/weather_etl_dag.py', '--cfg-path', '/tmp/tmpeognjdnt']
[2024-08-14T04:42:25.632+0000] {standard_task_runner.py:91} INFO - Job 107: Subtask update_sequia_indicator
[2024-08-14T04:42:25.734+0000] {task_command.py:426} INFO - Running <TaskInstance: weather_etl_dag.update_sequia_indicator manual__2024-08-14T04:39:50.483167+00:00 [running]> on host 712d18ef94ea
[2024-08-14T04:42:26.031+0000] {taskinstance.py:2648} INFO - Exporting env vars: AIRFLOW_CTX_DAG_OWNER='***' AIRFLOW_CTX_DAG_ID='weather_etl_dag' AIRFLOW_CTX_TASK_ID='update_sequia_indicator' AIRFLOW_CTX_EXECUTION_DATE='2024-08-14T04:39:50.483167+00:00' AIRFLOW_CTX_TRY_NUMBER='1' AIRFLOW_CTX_DAG_RUN_ID='manual__2024-08-14T04:39:50.483167+00:00'
[2024-08-14T04:42:26.033+0000] {taskinstance.py:430} INFO - ::endgroup::
[2024-08-14T04:42:26.061+0000] {logging_mixin.py:188} INFO - iniciando conexion a redshift para actualizar sequia
[2024-08-14T04:42:26.323+0000] {logging_mixin.py:188} INFO - Número de registros a actualizar en la tabla: 90
[2024-08-14T04:42:26.339+0000] {logging_mixin.py:188} INFO - Datos para actualizar en la tabla:    cve_mun          municipio fecha_pronostico indicador_sequia
0        1  Amealco De Bonfil       2024-08-13               D4
1        1  Amealco De Bonfil       2024-08-13               D4
2        1  Amealco De Bonfil       2024-08-13               D4
3        1  Amealco De Bonfil       2024-08-13               D4
4        2    Pinal De Amoles       2024-08-13               D1
[2024-08-14T04:42:27.116+0000] {logging_mixin.py:188} INFO - actualizacion realizada para cve_mun: 1, fecha_pronostico:2024-08-13
[2024-08-14T04:42:27.245+0000] {logging_mixin.py:188} INFO - actualizacion realizada para cve_mun: 1, fecha_pronostico:2024-08-13
[2024-08-14T04:42:27.380+0000] {logging_mixin.py:188} INFO - actualizacion realizada para cve_mun: 1, fecha_pronostico:2024-08-13
[2024-08-14T04:42:27.508+0000] {logging_mixin.py:188} INFO - actualizacion realizada para cve_mun: 1, fecha_pronostico:2024-08-13
[2024-08-14T04:42:27.638+0000] {logging_mixin.py:188} INFO - actualizacion realizada para cve_mun: 2, fecha_pronostico:2024-08-13
[2024-08-14T04:42:27.767+0000] {logging_mixin.py:188} INFO - actualizacion realizada para cve_mun: 2, fecha_pronostico:2024-08-13
[2024-08-14T04:42:27.894+0000] {logging_mixin.py:188} INFO - actualizacion realizada para cve_mun: 2, fecha_pronostico:2024-08-13
[2024-08-14T04:42:28.029+0000] {logging_mixin.py:188} INFO - actualizacion realizada para cve_mun: 2, fecha_pronostico:2024-08-13
[2024-08-14T04:42:28.161+0000] {logging_mixin.py:188} INFO - actualizacion realizada para cve_mun: 3, fecha_pronostico:2024-08-13
[2024-08-14T04:42:28.300+0000] {logging_mixin.py:188} INFO - actualizacion realizada para cve_mun: 3, fecha_pronostico:2024-08-13
[2024-08-14T04:42:28.432+0000] {logging_mixin.py:188} INFO - actualizacion realizada para cve_mun: 3, fecha_pronostico:2024-08-13
[2024-08-14T04:42:28.560+0000] {logging_mixin.py:188} INFO - actualizacion realizada para cve_mun: 3, fecha_pronostico:2024-08-13
[2024-08-14T04:42:28.704+0000] {logging_mixin.py:188} INFO - actualizacion realizada para cve_mun: 4, fecha_pronostico:2024-08-13
[2024-08-14T04:42:28.859+0000] {logging_mixin.py:188} INFO - actualizacion realizada para cve_mun: 4, fecha_pronostico:2024-08-13
[2024-08-14T04:42:28.998+0000] {logging_mixin.py:188} INFO - actualizacion realizada para cve_mun: 4, fecha_pronostico:2024-08-13
[2024-08-14T04:42:29.125+0000] {logging_mixin.py:188} INFO - actualizacion realizada para cve_mun: 4, fecha_pronostico:2024-08-13
[2024-08-14T04:42:29.282+0000] {logging_mixin.py:188} INFO - actualizacion realizada para cve_mun: 5, fecha_pronostico:2024-08-13
[2024-08-14T04:42:29.433+0000] {logging_mixin.py:188} INFO - actualizacion realizada para cve_mun: 5, fecha_pronostico:2024-08-13
[2024-08-14T04:42:29.584+0000] {logging_mixin.py:188} INFO - actualizacion realizada para cve_mun: 5, fecha_pronostico:2024-08-13
[2024-08-14T04:42:29.762+0000] {logging_mixin.py:188} INFO - actualizacion realizada para cve_mun: 5, fecha_pronostico:2024-08-13
[2024-08-14T04:42:29.924+0000] {logging_mixin.py:188} INFO - actualizacion realizada para cve_mun: 6, fecha_pronostico:2024-08-13
[2024-08-14T04:42:30.094+0000] {logging_mixin.py:188} INFO - actualizacion realizada para cve_mun: 6, fecha_pronostico:2024-08-13
[2024-08-14T04:42:30.238+0000] {logging_mixin.py:188} INFO - actualizacion realizada para cve_mun: 6, fecha_pronostico:2024-08-13
[2024-08-14T04:42:30.392+0000] {logging_mixin.py:188} INFO - actualizacion realizada para cve_mun: 6, fecha_pronostico:2024-08-13
[2024-08-14T04:42:30.539+0000] {logging_mixin.py:188} INFO - actualizacion realizada para cve_mun: 7, fecha_pronostico:2024-08-13
[2024-08-14T04:42:30.697+0000] {logging_mixin.py:188} INFO - actualizacion realizada para cve_mun: 7, fecha_pronostico:2024-08-13
[2024-08-14T04:42:30.841+0000] {logging_mixin.py:188} INFO - actualizacion realizada para cve_mun: 7, fecha_pronostico:2024-08-13
[2024-08-14T04:42:30.984+0000] {logging_mixin.py:188} INFO - actualizacion realizada para cve_mun: 7, fecha_pronostico:2024-08-13
[2024-08-14T04:42:31.140+0000] {logging_mixin.py:188} INFO - actualizacion realizada para cve_mun: 8, fecha_pronostico:2024-08-13
[2024-08-14T04:42:31.290+0000] {logging_mixin.py:188} INFO - actualizacion realizada para cve_mun: 8, fecha_pronostico:2024-08-13
[2024-08-14T04:42:31.489+0000] {logging_mixin.py:188} INFO - actualizacion realizada para cve_mun: 8, fecha_pronostico:2024-08-13
[2024-08-14T04:42:31.632+0000] {logging_mixin.py:188} INFO - actualizacion realizada para cve_mun: 8, fecha_pronostico:2024-08-13
[2024-08-14T04:42:31.773+0000] {logging_mixin.py:188} INFO - actualizacion realizada para cve_mun: 9, fecha_pronostico:2024-08-13
[2024-08-14T04:42:31.925+0000] {logging_mixin.py:188} INFO - actualizacion realizada para cve_mun: 9, fecha_pronostico:2024-08-13
[2024-08-14T04:42:32.081+0000] {logging_mixin.py:188} INFO - actualizacion realizada para cve_mun: 9, fecha_pronostico:2024-08-13
[2024-08-14T04:42:32.268+0000] {logging_mixin.py:188} INFO - actualizacion realizada para cve_mun: 9, fecha_pronostico:2024-08-13
[2024-08-14T04:42:32.409+0000] {logging_mixin.py:188} INFO - actualizacion realizada para cve_mun: 10, fecha_pronostico:2024-08-13
[2024-08-14T04:42:32.551+0000] {logging_mixin.py:188} INFO - actualizacion realizada para cve_mun: 10, fecha_pronostico:2024-08-13
[2024-08-14T04:42:32.686+0000] {logging_mixin.py:188} INFO - actualizacion realizada para cve_mun: 10, fecha_pronostico:2024-08-13
[2024-08-14T04:42:32.844+0000] {logging_mixin.py:188} INFO - actualizacion realizada para cve_mun: 10, fecha_pronostico:2024-08-13
[2024-08-14T04:42:32.991+0000] {logging_mixin.py:188} INFO - actualizacion realizada para cve_mun: 11, fecha_pronostico:2024-08-13
[2024-08-14T04:42:33.131+0000] {logging_mixin.py:188} INFO - actualizacion realizada para cve_mun: 11, fecha_pronostico:2024-08-13
[2024-08-14T04:42:33.273+0000] {logging_mixin.py:188} INFO - actualizacion realizada para cve_mun: 11, fecha_pronostico:2024-08-13
[2024-08-14T04:42:33.418+0000] {logging_mixin.py:188} INFO - actualizacion realizada para cve_mun: 11, fecha_pronostico:2024-08-13
[2024-08-14T04:42:33.577+0000] {logging_mixin.py:188} INFO - actualizacion realizada para cve_mun: 12, fecha_pronostico:2024-08-13
[2024-08-14T04:42:33.721+0000] {logging_mixin.py:188} INFO - actualizacion realizada para cve_mun: 12, fecha_pronostico:2024-08-13
[2024-08-14T04:42:33.852+0000] {logging_mixin.py:188} INFO - actualizacion realizada para cve_mun: 12, fecha_pronostico:2024-08-13
[2024-08-14T04:42:34.008+0000] {logging_mixin.py:188} INFO - actualizacion realizada para cve_mun: 12, fecha_pronostico:2024-08-13
[2024-08-14T04:42:34.156+0000] {logging_mixin.py:188} INFO - actualizacion realizada para cve_mun: 13, fecha_pronostico:2024-08-13
[2024-08-14T04:42:34.332+0000] {logging_mixin.py:188} INFO - actualizacion realizada para cve_mun: 13, fecha_pronostico:2024-08-13
[2024-08-14T04:42:34.539+0000] {logging_mixin.py:188} INFO - actualizacion realizada para cve_mun: 13, fecha_pronostico:2024-08-13
[2024-08-14T04:42:34.673+0000] {logging_mixin.py:188} INFO - actualizacion realizada para cve_mun: 13, fecha_pronostico:2024-08-13
[2024-08-14T04:42:34.827+0000] {logging_mixin.py:188} INFO - actualizacion realizada para cve_mun: 14, fecha_pronostico:2024-08-13
[2024-08-14T04:42:34.973+0000] {logging_mixin.py:188} INFO - actualizacion realizada para cve_mun: 14, fecha_pronostico:2024-08-13
[2024-08-14T04:42:35.120+0000] {logging_mixin.py:188} INFO - actualizacion realizada para cve_mun: 14, fecha_pronostico:2024-08-13
[2024-08-14T04:42:35.264+0000] {logging_mixin.py:188} INFO - actualizacion realizada para cve_mun: 14, fecha_pronostico:2024-08-13
[2024-08-14T04:42:35.410+0000] {logging_mixin.py:188} INFO - actualizacion realizada para cve_mun: 15, fecha_pronostico:2024-08-13
[2024-08-14T04:42:35.553+0000] {logging_mixin.py:188} INFO - actualizacion realizada para cve_mun: 15, fecha_pronostico:2024-08-13
[2024-08-14T04:42:35.704+0000] {logging_mixin.py:188} INFO - actualizacion realizada para cve_mun: 15, fecha_pronostico:2024-08-13
[2024-08-14T04:42:35.851+0000] {logging_mixin.py:188} INFO - actualizacion realizada para cve_mun: 15, fecha_pronostico:2024-08-13
[2024-08-14T04:42:36.009+0000] {logging_mixin.py:188} INFO - actualizacion realizada para cve_mun: 16, fecha_pronostico:2024-08-13
[2024-08-14T04:42:36.535+0000] {logging_mixin.py:188} INFO - actualizacion realizada para cve_mun: 16, fecha_pronostico:2024-08-13
[2024-08-14T04:42:36.677+0000] {logging_mixin.py:188} INFO - actualizacion realizada para cve_mun: 16, fecha_pronostico:2024-08-13
[2024-08-14T04:42:36.844+0000] {logging_mixin.py:188} INFO - actualizacion realizada para cve_mun: 16, fecha_pronostico:2024-08-13
[2024-08-14T04:42:36.984+0000] {logging_mixin.py:188} INFO - actualizacion realizada para cve_mun: 17, fecha_pronostico:2024-08-13
[2024-08-14T04:42:37.120+0000] {logging_mixin.py:188} INFO - actualizacion realizada para cve_mun: 17, fecha_pronostico:2024-08-13
[2024-08-14T04:42:37.263+0000] {logging_mixin.py:188} INFO - actualizacion realizada para cve_mun: 17, fecha_pronostico:2024-08-13
[2024-08-14T04:42:37.429+0000] {logging_mixin.py:188} INFO - actualizacion realizada para cve_mun: 17, fecha_pronostico:2024-08-13
[2024-08-14T04:42:37.573+0000] {logging_mixin.py:188} INFO - actualizacion realizada para cve_mun: 18, fecha_pronostico:2024-08-13
[2024-08-14T04:42:37.726+0000] {logging_mixin.py:188} INFO - actualizacion realizada para cve_mun: 18, fecha_pronostico:2024-08-13
[2024-08-14T04:42:37.880+0000] {logging_mixin.py:188} INFO - actualizacion realizada para cve_mun: 18, fecha_pronostico:2024-08-13
[2024-08-14T04:42:38.029+0000] {logging_mixin.py:188} INFO - actualizacion realizada para cve_mun: 18, fecha_pronostico:2024-08-13
[2024-08-14T04:42:38.166+0000] {logging_mixin.py:188} INFO - actualizacion realizada para cve_mun: 1, fecha_pronostico:2024-08-13
[2024-08-14T04:42:38.307+0000] {logging_mixin.py:188} INFO - actualizacion realizada para cve_mun: 2, fecha_pronostico:2024-08-13
[2024-08-14T04:42:38.450+0000] {logging_mixin.py:188} INFO - actualizacion realizada para cve_mun: 3, fecha_pronostico:2024-08-13
[2024-08-14T04:42:38.626+0000] {logging_mixin.py:188} INFO - actualizacion realizada para cve_mun: 4, fecha_pronostico:2024-08-13
[2024-08-14T04:42:38.776+0000] {logging_mixin.py:188} INFO - actualizacion realizada para cve_mun: 5, fecha_pronostico:2024-08-13
[2024-08-14T04:42:38.922+0000] {logging_mixin.py:188} INFO - actualizacion realizada para cve_mun: 6, fecha_pronostico:2024-08-13
[2024-08-14T04:42:39.067+0000] {logging_mixin.py:188} INFO - actualizacion realizada para cve_mun: 7, fecha_pronostico:2024-08-13
[2024-08-14T04:42:39.212+0000] {logging_mixin.py:188} INFO - actualizacion realizada para cve_mun: 8, fecha_pronostico:2024-08-13
[2024-08-14T04:42:39.355+0000] {logging_mixin.py:188} INFO - actualizacion realizada para cve_mun: 9, fecha_pronostico:2024-08-13
[2024-08-14T04:42:39.508+0000] {logging_mixin.py:188} INFO - actualizacion realizada para cve_mun: 10, fecha_pronostico:2024-08-13
[2024-08-14T04:42:39.646+0000] {logging_mixin.py:188} INFO - actualizacion realizada para cve_mun: 11, fecha_pronostico:2024-08-13
[2024-08-14T04:42:39.788+0000] {logging_mixin.py:188} INFO - actualizacion realizada para cve_mun: 12, fecha_pronostico:2024-08-13
[2024-08-14T04:42:39.941+0000] {logging_mixin.py:188} INFO - actualizacion realizada para cve_mun: 13, fecha_pronostico:2024-08-13
[2024-08-14T04:42:40.114+0000] {logging_mixin.py:188} INFO - actualizacion realizada para cve_mun: 14, fecha_pronostico:2024-08-13
[2024-08-14T04:42:41.336+0000] {logging_mixin.py:188} INFO - actualizacion realizada para cve_mun: 15, fecha_pronostico:2024-08-13
[2024-08-14T04:42:41.499+0000] {logging_mixin.py:188} INFO - actualizacion realizada para cve_mun: 16, fecha_pronostico:2024-08-13
[2024-08-14T04:42:41.665+0000] {logging_mixin.py:188} INFO - actualizacion realizada para cve_mun: 17, fecha_pronostico:2024-08-13
[2024-08-14T04:42:41.816+0000] {logging_mixin.py:188} INFO - actualizacion realizada para cve_mun: 18, fecha_pronostico:2024-08-13
[2024-08-14T04:42:41.944+0000] {logging_mixin.py:188} INFO - tosdas las actualizaciones se han realizado con exito
[2024-08-14T04:42:41.945+0000] {python.py:237} INFO - Done. Returned value was: None
[2024-08-14T04:42:41.947+0000] {taskinstance.py:441} INFO - ::group::Post task execution logs
[2024-08-14T04:42:41.959+0000] {taskinstance.py:1206} INFO - Marking task as SUCCESS. dag_id=weather_etl_dag, task_id=update_sequia_indicator, run_id=manual__2024-08-14T04:39:50.483167+00:00, execution_date=20240814T043950, start_date=20240814T044225, end_date=20240814T044241
[2024-08-14T04:42:42.044+0000] {local_task_job_runner.py:243} INFO - Task exited with return code 0
[2024-08-14T04:42:42.063+0000] {taskinstance.py:3503} INFO - 1 downstream tasks scheduled from follow-on schedule check
[2024-08-14T04:42:42.112+0000] {local_task_job_runner.py:222} INFO - ::endgroup::
