[2024-08-24T00:02:40.481+0000] {local_task_job_runner.py:120} INFO - ::group::Pre task execution logs
[2024-08-24T00:02:40.566+0000] {taskinstance.py:2076} INFO - Dependencies all met for dep_context=non-requeueable deps ti=<TaskInstance: weather_etl_dag.map_sequia_indicator scheduled__2024-08-23T00:00:00+00:00 [queued]>
[2024-08-24T00:02:40.611+0000] {taskinstance.py:2076} INFO - Dependencies all met for dep_context=requeueable deps ti=<TaskInstance: weather_etl_dag.map_sequia_indicator scheduled__2024-08-23T00:00:00+00:00 [queued]>
[2024-08-24T00:02:40.621+0000] {taskinstance.py:2306} INFO - Starting attempt 1 of 2
[2024-08-24T00:02:41.063+0000] {taskinstance.py:2330} INFO - Executing <Task(PythonOperator): map_sequia_indicator> on 2024-08-23 00:00:00+00:00
[2024-08-24T00:02:41.068+0000] {warnings.py:112} WARNING - /home/***/.local/lib/python3.12/site-packages/***/task/task_runner/standard_task_runner.py:62: DeprecationWarning: This process (pid=2177) is multi-threaded, use of fork() may lead to deadlocks in the child.
  pid = os.fork()

[2024-08-24T00:02:41.080+0000] {standard_task_runner.py:64} INFO - Started process 2179 to run task
[2024-08-24T00:02:41.081+0000] {standard_task_runner.py:90} INFO - Running: ['***', 'tasks', 'run', 'weather_etl_dag', 'map_sequia_indicator', 'scheduled__2024-08-23T00:00:00+00:00', '--job-id', '346', '--raw', '--subdir', 'DAGS_FOLDER/weather_etl_dag.py', '--cfg-path', '/tmp/tmppektrhzo']
[2024-08-24T00:02:41.086+0000] {standard_task_runner.py:91} INFO - Job 346: Subtask map_sequia_indicator
[2024-08-24T00:02:41.236+0000] {task_command.py:426} INFO - Running <TaskInstance: weather_etl_dag.map_sequia_indicator scheduled__2024-08-23T00:00:00+00:00 [running]> on host b7290fbe53d7
[2024-08-24T00:02:41.449+0000] {taskinstance.py:2648} INFO - Exporting env vars: AIRFLOW_CTX_DAG_OWNER='***' AIRFLOW_CTX_DAG_ID='weather_etl_dag' AIRFLOW_CTX_TASK_ID='map_sequia_indicator' AIRFLOW_CTX_EXECUTION_DATE='2024-08-23T00:00:00+00:00' AIRFLOW_CTX_TRY_NUMBER='1' AIRFLOW_CTX_DAG_RUN_ID='scheduled__2024-08-23T00:00:00+00:00'
[2024-08-24T00:02:41.451+0000] {taskinstance.py:430} INFO - ::endgroup::
[2024-08-24T00:02:41.538+0000] {logging_mixin.py:188} INFO - Pronósticos clima antes de mapear sequía:    cve_mun            municipio fecha_pronostico indicador_sequia
0        1    Amealco De Bonfil       2024-08-23             None
1        2      Pinal De Amoles       2024-08-23             None
2        3          Arroyo Seco       2024-08-23             None
3        4  Cadereyta De Montes       2024-08-23             None
4        5                Colon       2024-08-23             None
[2024-08-24T00:02:41.552+0000] {logging_mixin.py:188} INFO - Datos de sequía para mapear:    cve_mun          nombre_mun  cve_ent               entidad       fecha valor
0        1   Amealco de Bonfil       22  Querétaro de Arteaga  2003-03-31    D0
1       10  Landa de Matamoros       22  Querétaro de Arteaga  2003-06-30    D0
2        2     Pinal de Amoles       22  Querétaro de Arteaga  2004-09-30    D0
3        3         Arroyo Seco       22  Querétaro de Arteaga  2004-09-30    D0
4        9     Jalpan de Serra       22  Querétaro de Arteaga  2004-09-30    D0
[2024-08-24T00:02:41.616+0000] {logging_mixin.py:188} INFO - Pronósticos clima después de mapear sequía:    cve_mun            municipio fecha_pronostico indicador_sequia
0        1    Amealco De Bonfil       2024-08-23               D4
1        2      Pinal De Amoles       2024-08-23               D1
2        3          Arroyo Seco       2024-08-23               D0
3        4  Cadereyta De Montes       2024-08-23               D3
4        5                Colon       2024-08-23               D4
[2024-08-24T00:02:41.738+0000] {python.py:237} INFO - Done. Returned value was: None
[2024-08-24T00:02:41.741+0000] {taskinstance.py:441} INFO - ::group::Post task execution logs
[2024-08-24T00:02:41.751+0000] {taskinstance.py:1206} INFO - Marking task as SUCCESS. dag_id=weather_etl_dag, task_id=map_sequia_indicator, run_id=scheduled__2024-08-23T00:00:00+00:00, execution_date=20240823T000000, start_date=20240824T000240, end_date=20240824T000241
[2024-08-24T00:02:41.857+0000] {local_task_job_runner.py:243} INFO - Task exited with return code 0
[2024-08-24T00:02:41.884+0000] {taskinstance.py:3503} INFO - 1 downstream tasks scheduled from follow-on schedule check
[2024-08-24T00:02:41.918+0000] {local_task_job_runner.py:222} INFO - ::endgroup::
[2024-09-06T00:08:34.240+0000] {local_task_job_runner.py:123} INFO - ::group::Pre task execution logs
[2024-09-06T00:08:34.279+0000] {taskinstance.py:2603} INFO - Dependencies all met for dep_context=non-requeueable deps ti=<TaskInstance: weather_etl_dag.map_sequia_indicator scheduled__2024-08-23T00:00:00+00:00 [queued]>
[2024-09-06T00:08:34.291+0000] {taskinstance.py:2603} INFO - Dependencies all met for dep_context=requeueable deps ti=<TaskInstance: weather_etl_dag.map_sequia_indicator scheduled__2024-08-23T00:00:00+00:00 [queued]>
[2024-09-06T00:08:34.298+0000] {taskinstance.py:2856} INFO - Starting attempt 1 of 2
[2024-09-06T00:08:34.407+0000] {taskinstance.py:2879} INFO - Executing <Task(PythonOperator): map_sequia_indicator> on 2024-08-23 00:00:00+00:00
[2024-09-06T00:08:34.413+0000] {warnings.py:112} WARNING - /usr/local/lib/python3.12/site-packages/***/task/task_runner/standard_task_runner.py:70: DeprecationWarning: This process (pid=890) is multi-threaded, use of fork() may lead to deadlocks in the child.
  pid = os.fork()

[2024-09-06T00:08:34.415+0000] {standard_task_runner.py:72} INFO - Started process 892 to run task
[2024-09-06T00:08:34.416+0000] {standard_task_runner.py:104} INFO - Running: ['***', 'tasks', 'run', 'weather_etl_dag', 'map_sequia_indicator', 'scheduled__2024-08-23T00:00:00+00:00', '--job-id', '207', '--raw', '--subdir', 'DAGS_FOLDER/weather_etl_dag.py', '--cfg-path', '/tmp/tmpby4c8bph']
[2024-09-06T00:08:34.420+0000] {standard_task_runner.py:105} INFO - Job 207: Subtask map_sequia_indicator
[2024-09-06T00:08:34.852+0000] {task_command.py:467} INFO - Running <TaskInstance: weather_etl_dag.map_sequia_indicator scheduled__2024-08-23T00:00:00+00:00 [running]> on host da9f5d3bcb59
[2024-09-06T00:08:35.447+0000] {taskinstance.py:3122} INFO - Exporting env vars: AIRFLOW_CTX_DAG_OWNER='***' AIRFLOW_CTX_DAG_ID='weather_etl_dag' AIRFLOW_CTX_TASK_ID='map_sequia_indicator' AIRFLOW_CTX_EXECUTION_DATE='2024-08-23T00:00:00+00:00' AIRFLOW_CTX_TRY_NUMBER='1' AIRFLOW_CTX_DAG_RUN_ID='scheduled__2024-08-23T00:00:00+00:00'
[2024-09-06T00:08:35.450+0000] {taskinstance.py:731} INFO - ::endgroup::
[2024-09-06T00:08:35.721+0000] {python.py:240} INFO - Done. Returned value was: None
[2024-09-06T00:08:35.736+0000] {taskinstance.py:340} INFO - ::group::Post task execution logs
[2024-09-06T00:08:35.737+0000] {taskinstance.py:352} INFO - Marking task as SUCCESS. dag_id=weather_etl_dag, task_id=map_sequia_indicator, run_id=scheduled__2024-08-23T00:00:00+00:00, execution_date=20240823T000000, start_date=20240906T000834, end_date=20240906T000835
[2024-09-06T00:08:35.848+0000] {local_task_job_runner.py:261} INFO - Task exited with return code 0
[2024-09-06T00:08:35.936+0000] {taskinstance.py:3891} INFO - 1 downstream tasks scheduled from follow-on schedule check
[2024-09-06T00:08:36.001+0000] {local_task_job_runner.py:240} INFO - ::endgroup::
