[2024-08-22T00:02:25.762+0000] {local_task_job_runner.py:120} INFO - ::group::Pre task execution logs
[2024-08-22T00:02:25.788+0000] {taskinstance.py:2076} INFO - Dependencies all met for dep_context=non-requeueable deps ti=<TaskInstance: weather_etl_dag.insert_weather_data scheduled__2024-08-21T00:00:00+00:00 [queued]>
[2024-08-22T00:02:25.797+0000] {taskinstance.py:2076} INFO - Dependencies all met for dep_context=requeueable deps ti=<TaskInstance: weather_etl_dag.insert_weather_data scheduled__2024-08-21T00:00:00+00:00 [queued]>
[2024-08-22T00:02:25.799+0000] {taskinstance.py:2306} INFO - Starting attempt 1 of 2
[2024-08-22T00:02:26.057+0000] {taskinstance.py:2330} INFO - Executing <Task(PythonOperator): insert_weather_data> on 2024-08-21 00:00:00+00:00
[2024-08-22T00:02:26.063+0000] {warnings.py:112} WARNING - /home/***/.local/lib/python3.12/site-packages/***/task/task_runner/standard_task_runner.py:62: DeprecationWarning: This process (pid=695) is multi-threaded, use of fork() may lead to deadlocks in the child.
  pid = os.fork()

[2024-08-22T00:02:26.066+0000] {standard_task_runner.py:64} INFO - Started process 697 to run task
[2024-08-22T00:02:26.065+0000] {standard_task_runner.py:90} INFO - Running: ['***', 'tasks', 'run', 'weather_etl_dag', 'insert_weather_data', 'scheduled__2024-08-21T00:00:00+00:00', '--job-id', '318', '--raw', '--subdir', 'DAGS_FOLDER/weather_etl_dag.py', '--cfg-path', '/tmp/tmps79ltinm']
[2024-08-22T00:02:26.068+0000] {standard_task_runner.py:91} INFO - Job 318: Subtask insert_weather_data
[2024-08-22T00:02:26.180+0000] {task_command.py:426} INFO - Running <TaskInstance: weather_etl_dag.insert_weather_data scheduled__2024-08-21T00:00:00+00:00 [running]> on host b7290fbe53d7
[2024-08-22T00:02:26.403+0000] {taskinstance.py:2648} INFO - Exporting env vars: AIRFLOW_CTX_DAG_OWNER='***' AIRFLOW_CTX_DAG_ID='weather_etl_dag' AIRFLOW_CTX_TASK_ID='insert_weather_data' AIRFLOW_CTX_EXECUTION_DATE='2024-08-21T00:00:00+00:00' AIRFLOW_CTX_TRY_NUMBER='1' AIRFLOW_CTX_DAG_RUN_ID='scheduled__2024-08-21T00:00:00+00:00'
[2024-08-22T00:02:26.405+0000] {taskinstance.py:430} INFO - ::endgroup::
[2024-08-22T00:02:30.176+0000] {logging_mixin.py:188} INFO - Todos los pronósticos han sido insertados con éxito en Redshift.
[2024-08-22T00:02:30.177+0000] {python.py:237} INFO - Done. Returned value was: None
[2024-08-22T00:02:30.177+0000] {taskinstance.py:441} INFO - ::group::Post task execution logs
[2024-08-22T00:02:30.186+0000] {taskinstance.py:1206} INFO - Marking task as SUCCESS. dag_id=weather_etl_dag, task_id=insert_weather_data, run_id=scheduled__2024-08-21T00:00:00+00:00, execution_date=20240821T000000, start_date=20240822T000225, end_date=20240822T000230
[2024-08-22T00:02:30.262+0000] {local_task_job_runner.py:243} INFO - Task exited with return code 0
[2024-08-22T00:02:30.287+0000] {taskinstance.py:3503} INFO - 1 downstream tasks scheduled from follow-on schedule check
[2024-08-22T00:02:30.335+0000] {local_task_job_runner.py:222} INFO - ::endgroup::
[2024-09-06T00:00:11.680+0000] {local_task_job_runner.py:123} INFO - ::group::Pre task execution logs
[2024-09-06T00:00:11.750+0000] {taskinstance.py:2603} INFO - Dependencies all met for dep_context=non-requeueable deps ti=<TaskInstance: weather_etl_dag.insert_weather_data scheduled__2024-08-21T00:00:00+00:00 [queued]>
[2024-09-06T00:00:11.759+0000] {taskinstance.py:2603} INFO - Dependencies all met for dep_context=requeueable deps ti=<TaskInstance: weather_etl_dag.insert_weather_data scheduled__2024-08-21T00:00:00+00:00 [queued]>
[2024-09-06T00:00:11.760+0000] {taskinstance.py:2856} INFO - Starting attempt 1 of 2
[2024-09-06T00:00:11.930+0000] {taskinstance.py:2879} INFO - Executing <Task(PythonOperator): insert_weather_data> on 2024-08-21 00:00:00+00:00
[2024-09-06T00:00:11.936+0000] {warnings.py:112} WARNING - /usr/local/lib/python3.12/site-packages/***/task/task_runner/standard_task_runner.py:70: DeprecationWarning: This process (pid=590) is multi-threaded, use of fork() may lead to deadlocks in the child.
  pid = os.fork()

[2024-09-06T00:00:11.939+0000] {standard_task_runner.py:72} INFO - Started process 592 to run task
[2024-09-06T00:00:11.938+0000] {standard_task_runner.py:104} INFO - Running: ['***', 'tasks', 'run', 'weather_etl_dag', 'insert_weather_data', 'scheduled__2024-08-21T00:00:00+00:00', '--job-id', '174', '--raw', '--subdir', 'DAGS_FOLDER/weather_etl_dag.py', '--cfg-path', '/tmp/tmpxaj4_l_i']
[2024-09-06T00:00:11.941+0000] {standard_task_runner.py:105} INFO - Job 174: Subtask insert_weather_data
[2024-09-06T00:00:12.189+0000] {task_command.py:467} INFO - Running <TaskInstance: weather_etl_dag.insert_weather_data scheduled__2024-08-21T00:00:00+00:00 [running]> on host da9f5d3bcb59
[2024-09-06T00:00:12.954+0000] {taskinstance.py:3122} INFO - Exporting env vars: AIRFLOW_CTX_DAG_OWNER='***' AIRFLOW_CTX_DAG_ID='weather_etl_dag' AIRFLOW_CTX_TASK_ID='insert_weather_data' AIRFLOW_CTX_EXECUTION_DATE='2024-08-21T00:00:00+00:00' AIRFLOW_CTX_TRY_NUMBER='1' AIRFLOW_CTX_DAG_RUN_ID='scheduled__2024-08-21T00:00:00+00:00'
[2024-09-06T00:00:12.958+0000] {taskinstance.py:731} INFO - ::endgroup::
[2024-09-06T00:00:16.360+0000] {python.py:240} INFO - Done. Returned value was: None
[2024-09-06T00:00:16.374+0000] {taskinstance.py:340} INFO - ::group::Post task execution logs
[2024-09-06T00:00:16.374+0000] {taskinstance.py:352} INFO - Marking task as SUCCESS. dag_id=weather_etl_dag, task_id=insert_weather_data, run_id=scheduled__2024-08-21T00:00:00+00:00, execution_date=20240821T000000, start_date=20240906T000011, end_date=20240906T000016
[2024-09-06T00:00:16.448+0000] {local_task_job_runner.py:261} INFO - Task exited with return code 0
[2024-09-06T00:00:16.483+0000] {taskinstance.py:3891} INFO - 1 downstream tasks scheduled from follow-on schedule check
[2024-09-06T00:00:16.533+0000] {local_task_job_runner.py:240} INFO - ::endgroup::
