[2024-08-22T00:02:40.495+0000] {local_task_job_runner.py:120} INFO - ::group::Pre task execution logs
[2024-08-22T00:02:40.525+0000] {taskinstance.py:2076} INFO - Dependencies all met for dep_context=non-requeueable deps ti=<TaskInstance: weather_etl_dag.update_sequia_indicator scheduled__2024-08-21T00:00:00+00:00 [queued]>
[2024-08-22T00:02:40.541+0000] {taskinstance.py:2076} INFO - Dependencies all met for dep_context=requeueable deps ti=<TaskInstance: weather_etl_dag.update_sequia_indicator scheduled__2024-08-21T00:00:00+00:00 [queued]>
[2024-08-22T00:02:40.543+0000] {taskinstance.py:2306} INFO - Starting attempt 1 of 2
[2024-08-22T00:02:40.768+0000] {taskinstance.py:2330} INFO - Executing <Task(PythonOperator): update_sequia_indicator> on 2024-08-21 00:00:00+00:00
[2024-08-22T00:02:40.773+0000] {warnings.py:112} WARNING - /home/***/.local/lib/python3.12/site-packages/***/task/task_runner/standard_task_runner.py:62: DeprecationWarning: This process (pid=712) is multi-threaded, use of fork() may lead to deadlocks in the child.
  pid = os.fork()

[2024-08-22T00:02:40.776+0000] {standard_task_runner.py:64} INFO - Started process 714 to run task
[2024-08-22T00:02:40.776+0000] {standard_task_runner.py:90} INFO - Running: ['***', 'tasks', 'run', 'weather_etl_dag', 'update_sequia_indicator', 'scheduled__2024-08-21T00:00:00+00:00', '--job-id', '321', '--raw', '--subdir', 'DAGS_FOLDER/weather_etl_dag.py', '--cfg-path', '/tmp/tmpjwt8k_t1']
[2024-08-22T00:02:40.778+0000] {standard_task_runner.py:91} INFO - Job 321: Subtask update_sequia_indicator
[2024-08-22T00:02:40.864+0000] {task_command.py:426} INFO - Running <TaskInstance: weather_etl_dag.update_sequia_indicator scheduled__2024-08-21T00:00:00+00:00 [running]> on host b7290fbe53d7
[2024-08-22T00:02:41.073+0000] {taskinstance.py:2648} INFO - Exporting env vars: AIRFLOW_CTX_DAG_OWNER='***' AIRFLOW_CTX_DAG_ID='weather_etl_dag' AIRFLOW_CTX_TASK_ID='update_sequia_indicator' AIRFLOW_CTX_EXECUTION_DATE='2024-08-21T00:00:00+00:00' AIRFLOW_CTX_TRY_NUMBER='1' AIRFLOW_CTX_DAG_RUN_ID='scheduled__2024-08-21T00:00:00+00:00'
[2024-08-22T00:02:41.075+0000] {taskinstance.py:430} INFO - ::endgroup::
[2024-08-22T00:02:41.091+0000] {logging_mixin.py:188} INFO - iniciando conexion a redshift para actualizar sequia
[2024-08-22T00:02:41.149+0000] {logging_mixin.py:188} INFO - Número de registros a actualizar en la tabla: 18
[2024-08-22T00:02:41.159+0000] {logging_mixin.py:188} INFO - Datos para actualizar en la tabla:    cve_mun            municipio fecha_pronostico indicador_sequia
0        1    Amealco De Bonfil       2024-08-21               D4
1        2      Pinal De Amoles       2024-08-21               D1
2        3          Arroyo Seco       2024-08-21               D0
3        4  Cadereyta De Montes       2024-08-21               D3
4        5                Colon       2024-08-21               D4
[2024-08-22T00:02:41.958+0000] {logging_mixin.py:188} INFO - actualizacion realizada para cve_mun: 1, fecha_pronostico:2024-08-21
[2024-08-22T00:02:42.160+0000] {logging_mixin.py:188} INFO - actualizacion realizada para cve_mun: 2, fecha_pronostico:2024-08-21
[2024-08-22T00:02:42.296+0000] {logging_mixin.py:188} INFO - actualizacion realizada para cve_mun: 3, fecha_pronostico:2024-08-21
[2024-08-22T00:02:42.471+0000] {logging_mixin.py:188} INFO - actualizacion realizada para cve_mun: 4, fecha_pronostico:2024-08-21
[2024-08-22T00:02:42.640+0000] {logging_mixin.py:188} INFO - actualizacion realizada para cve_mun: 5, fecha_pronostico:2024-08-21
[2024-08-22T00:02:42.814+0000] {logging_mixin.py:188} INFO - actualizacion realizada para cve_mun: 6, fecha_pronostico:2024-08-21
[2024-08-22T00:02:43.160+0000] {logging_mixin.py:188} INFO - actualizacion realizada para cve_mun: 7, fecha_pronostico:2024-08-21
[2024-08-22T00:02:43.323+0000] {logging_mixin.py:188} INFO - actualizacion realizada para cve_mun: 8, fecha_pronostico:2024-08-21
[2024-08-22T00:02:43.478+0000] {logging_mixin.py:188} INFO - actualizacion realizada para cve_mun: 9, fecha_pronostico:2024-08-21
[2024-08-22T00:02:43.713+0000] {logging_mixin.py:188} INFO - actualizacion realizada para cve_mun: 10, fecha_pronostico:2024-08-21
[2024-08-22T00:02:43.904+0000] {logging_mixin.py:188} INFO - actualizacion realizada para cve_mun: 11, fecha_pronostico:2024-08-21
[2024-08-22T00:02:44.055+0000] {logging_mixin.py:188} INFO - actualizacion realizada para cve_mun: 12, fecha_pronostico:2024-08-21
[2024-08-22T00:02:44.294+0000] {logging_mixin.py:188} INFO - actualizacion realizada para cve_mun: 13, fecha_pronostico:2024-08-21
[2024-08-22T00:02:44.516+0000] {logging_mixin.py:188} INFO - actualizacion realizada para cve_mun: 14, fecha_pronostico:2024-08-21
[2024-08-22T00:02:44.694+0000] {logging_mixin.py:188} INFO - actualizacion realizada para cve_mun: 15, fecha_pronostico:2024-08-21
[2024-08-22T00:02:44.973+0000] {logging_mixin.py:188} INFO - actualizacion realizada para cve_mun: 16, fecha_pronostico:2024-08-21
[2024-08-22T00:02:45.302+0000] {logging_mixin.py:188} INFO - actualizacion realizada para cve_mun: 17, fecha_pronostico:2024-08-21
[2024-08-22T00:02:45.571+0000] {logging_mixin.py:188} INFO - actualizacion realizada para cve_mun: 18, fecha_pronostico:2024-08-21
[2024-08-22T00:02:45.709+0000] {logging_mixin.py:188} INFO - todas las actualizaciones se han realizado con exito
[2024-08-22T00:02:45.709+0000] {python.py:237} INFO - Done. Returned value was: None
[2024-08-22T00:02:45.710+0000] {taskinstance.py:441} INFO - ::group::Post task execution logs
[2024-08-22T00:02:45.719+0000] {taskinstance.py:1206} INFO - Marking task as SUCCESS. dag_id=weather_etl_dag, task_id=update_sequia_indicator, run_id=scheduled__2024-08-21T00:00:00+00:00, execution_date=20240821T000000, start_date=20240822T000240, end_date=20240822T000245
[2024-08-22T00:02:45.879+0000] {local_task_job_runner.py:243} INFO - Task exited with return code 0
[2024-08-22T00:02:45.894+0000] {taskinstance.py:3503} INFO - 0 downstream tasks scheduled from follow-on schedule check
[2024-08-22T00:02:45.940+0000] {local_task_job_runner.py:222} INFO - ::endgroup::
[2024-09-06T00:10:19.237+0000] {local_task_job_runner.py:123} INFO - ::group::Pre task execution logs
[2024-09-06T00:10:19.443+0000] {taskinstance.py:2603} INFO - Dependencies all met for dep_context=non-requeueable deps ti=<TaskInstance: weather_etl_dag.update_sequia_indicator scheduled__2024-08-21T00:00:00+00:00 [queued]>
[2024-09-06T00:10:19.823+0000] {taskinstance.py:2603} INFO - Dependencies all met for dep_context=requeueable deps ti=<TaskInstance: weather_etl_dag.update_sequia_indicator scheduled__2024-08-21T00:00:00+00:00 [queued]>
[2024-09-06T00:10:19.825+0000] {taskinstance.py:2856} INFO - Starting attempt 1 of 2
[2024-09-06T00:10:20.036+0000] {taskinstance.py:2879} INFO - Executing <Task(PythonOperator): update_sequia_indicator> on 2024-08-21 00:00:00+00:00
[2024-09-06T00:10:20.044+0000] {standard_task_runner.py:104} INFO - Running: ['***', 'tasks', 'run', 'weather_etl_dag', 'update_sequia_indicator', 'scheduled__2024-08-21T00:00:00+00:00', '--job-id', '217', '--raw', '--subdir', 'DAGS_FOLDER/weather_etl_dag.py', '--cfg-path', '/tmp/tmpqbe2ggp6']
[2024-09-06T00:10:20.046+0000] {standard_task_runner.py:105} INFO - Job 217: Subtask update_sequia_indicator
[2024-09-06T00:10:20.067+0000] {warnings.py:112} WARNING - /usr/local/lib/python3.12/site-packages/***/task/task_runner/standard_task_runner.py:70: DeprecationWarning: This process (pid=963) is multi-threaded, use of fork() may lead to deadlocks in the child.
  pid = os.fork()

[2024-09-06T00:10:20.068+0000] {standard_task_runner.py:72} INFO - Started process 973 to run task
[2024-09-06T00:10:33.220+0000] {task_command.py:467} INFO - Running <TaskInstance: weather_etl_dag.update_sequia_indicator scheduled__2024-08-21T00:00:00+00:00 [running]> on host da9f5d3bcb59
[2024-09-06T00:10:33.428+0000] {taskinstance.py:3122} INFO - Exporting env vars: AIRFLOW_CTX_DAG_OWNER='***' AIRFLOW_CTX_DAG_ID='weather_etl_dag' AIRFLOW_CTX_TASK_ID='update_sequia_indicator' AIRFLOW_CTX_EXECUTION_DATE='2024-08-21T00:00:00+00:00' AIRFLOW_CTX_TRY_NUMBER='1' AIRFLOW_CTX_DAG_RUN_ID='scheduled__2024-08-21T00:00:00+00:00'
[2024-09-06T00:10:33.429+0000] {taskinstance.py:731} INFO - ::endgroup::
[2024-09-06T00:11:03.164+0000] {job.py:229} INFO - Heartbeat recovered after 26.85 seconds
[2024-09-06T00:11:42.574+0000] {python.py:240} INFO - Done. Returned value was: None
[2024-09-06T00:11:50.644+0000] {taskinstance.py:340} INFO - ::group::Post task execution logs
[2024-09-06T00:11:50.789+0000] {taskinstance.py:352} INFO - Marking task as SUCCESS. dag_id=weather_etl_dag, task_id=update_sequia_indicator, run_id=scheduled__2024-08-21T00:00:00+00:00, execution_date=20240821T000000, start_date=20240906T001019, end_date=20240906T001150
[2024-09-06T00:11:53.675+0000] {local_task_job_runner.py:261} INFO - Task exited with return code 0
[2024-09-06T00:12:00.027+0000] {standard_task_runner.py:217} INFO - Process not found (most likely exited), stop collecting metrics
[2024-09-06T00:12:00.242+0000] {taskinstance.py:3891} INFO - 0 downstream tasks scheduled from follow-on schedule check
[2024-09-06T00:12:00.308+0000] {local_task_job_runner.py:240} INFO - ::endgroup::
