[2024-08-23T02:11:11.574+0000] {local_task_job_runner.py:120} INFO - ::group::Pre task execution logs
[2024-08-23T02:11:11.611+0000] {taskinstance.py:2076} INFO - Dependencies all met for dep_context=non-requeueable deps ti=<TaskInstance: weather_etl_dag.update_sequia_indicator scheduled__2024-08-22T00:00:00+00:00 [queued]>
[2024-08-23T02:11:11.621+0000] {taskinstance.py:2076} INFO - Dependencies all met for dep_context=requeueable deps ti=<TaskInstance: weather_etl_dag.update_sequia_indicator scheduled__2024-08-22T00:00:00+00:00 [queued]>
[2024-08-23T02:11:11.623+0000] {taskinstance.py:2306} INFO - Starting attempt 1 of 2
[2024-08-23T02:11:11.797+0000] {taskinstance.py:2330} INFO - Executing <Task(PythonOperator): update_sequia_indicator> on 2024-08-22 00:00:00+00:00
[2024-08-23T02:11:11.804+0000] {warnings.py:112} WARNING - /home/***/.local/lib/python3.12/site-packages/***/task/task_runner/standard_task_runner.py:62: DeprecationWarning: This process (pid=315) is multi-threaded, use of fork() may lead to deadlocks in the child.
  pid = os.fork()

[2024-08-23T02:11:11.808+0000] {standard_task_runner.py:64} INFO - Started process 317 to run task
[2024-08-23T02:11:11.806+0000] {standard_task_runner.py:90} INFO - Running: ['***', 'tasks', 'run', 'weather_etl_dag', 'update_sequia_indicator', 'scheduled__2024-08-22T00:00:00+00:00', '--job-id', '335', '--raw', '--subdir', 'DAGS_FOLDER/weather_etl_dag.py', '--cfg-path', '/tmp/tmpt3ddeaet']
[2024-08-23T02:11:11.809+0000] {standard_task_runner.py:91} INFO - Job 335: Subtask update_sequia_indicator
[2024-08-23T02:11:11.923+0000] {task_command.py:426} INFO - Running <TaskInstance: weather_etl_dag.update_sequia_indicator scheduled__2024-08-22T00:00:00+00:00 [running]> on host b7290fbe53d7
[2024-08-23T02:11:12.114+0000] {taskinstance.py:2648} INFO - Exporting env vars: AIRFLOW_CTX_DAG_OWNER='***' AIRFLOW_CTX_DAG_ID='weather_etl_dag' AIRFLOW_CTX_TASK_ID='update_sequia_indicator' AIRFLOW_CTX_EXECUTION_DATE='2024-08-22T00:00:00+00:00' AIRFLOW_CTX_TRY_NUMBER='1' AIRFLOW_CTX_DAG_RUN_ID='scheduled__2024-08-22T00:00:00+00:00'
[2024-08-23T02:11:12.119+0000] {taskinstance.py:430} INFO - ::endgroup::
[2024-08-23T02:11:12.134+0000] {logging_mixin.py:188} INFO - iniciando conexion a redshift para actualizar sequia
[2024-08-23T02:11:12.201+0000] {logging_mixin.py:188} INFO - Número de registros a actualizar en la tabla: 18
[2024-08-23T02:11:12.214+0000] {logging_mixin.py:188} INFO - Datos para actualizar en la tabla:    cve_mun            municipio fecha_pronostico indicador_sequia
0        1    Amealco De Bonfil       2024-08-22               D4
1        2      Pinal De Amoles       2024-08-22               D1
2        3          Arroyo Seco       2024-08-22               D0
3        4  Cadereyta De Montes       2024-08-22               D3
4        5                Colon       2024-08-22               D4
[2024-08-23T02:11:21.848+0000] {logging_mixin.py:188} INFO - actualizacion realizada para cve_mun: 1, fecha_pronostico:2024-08-22
[2024-08-23T02:11:31.720+0000] {logging_mixin.py:188} INFO - actualizacion realizada para cve_mun: 2, fecha_pronostico:2024-08-22
[2024-08-23T02:11:32.078+0000] {logging_mixin.py:188} INFO - actualizacion realizada para cve_mun: 3, fecha_pronostico:2024-08-22
[2024-08-23T02:11:32.317+0000] {logging_mixin.py:188} INFO - actualizacion realizada para cve_mun: 4, fecha_pronostico:2024-08-22
[2024-08-23T02:11:32.584+0000] {logging_mixin.py:188} INFO - actualizacion realizada para cve_mun: 5, fecha_pronostico:2024-08-22
[2024-08-23T02:11:32.897+0000] {logging_mixin.py:188} INFO - actualizacion realizada para cve_mun: 6, fecha_pronostico:2024-08-22
[2024-08-23T02:11:33.114+0000] {logging_mixin.py:188} INFO - actualizacion realizada para cve_mun: 7, fecha_pronostico:2024-08-22
[2024-08-23T02:11:33.721+0000] {logging_mixin.py:188} INFO - actualizacion realizada para cve_mun: 8, fecha_pronostico:2024-08-22
[2024-08-23T02:11:34.025+0000] {logging_mixin.py:188} INFO - actualizacion realizada para cve_mun: 9, fecha_pronostico:2024-08-22
[2024-08-23T02:11:34.277+0000] {logging_mixin.py:188} INFO - actualizacion realizada para cve_mun: 10, fecha_pronostico:2024-08-22
[2024-08-23T02:11:34.514+0000] {logging_mixin.py:188} INFO - actualizacion realizada para cve_mun: 11, fecha_pronostico:2024-08-22
[2024-08-23T02:11:34.850+0000] {logging_mixin.py:188} INFO - actualizacion realizada para cve_mun: 12, fecha_pronostico:2024-08-22
[2024-08-23T02:11:35.268+0000] {logging_mixin.py:188} INFO - actualizacion realizada para cve_mun: 13, fecha_pronostico:2024-08-22
[2024-08-23T02:11:35.496+0000] {logging_mixin.py:188} INFO - actualizacion realizada para cve_mun: 14, fecha_pronostico:2024-08-22
[2024-08-23T02:11:35.852+0000] {logging_mixin.py:188} INFO - actualizacion realizada para cve_mun: 15, fecha_pronostico:2024-08-22
[2024-08-23T02:11:36.213+0000] {logging_mixin.py:188} INFO - actualizacion realizada para cve_mun: 16, fecha_pronostico:2024-08-22
[2024-08-23T02:11:36.585+0000] {logging_mixin.py:188} INFO - actualizacion realizada para cve_mun: 17, fecha_pronostico:2024-08-22
[2024-08-23T02:11:36.966+0000] {logging_mixin.py:188} INFO - actualizacion realizada para cve_mun: 18, fecha_pronostico:2024-08-22
[2024-08-23T02:11:37.160+0000] {logging_mixin.py:188} INFO - todas las actualizaciones se han realizado con exito
[2024-08-23T02:11:37.162+0000] {python.py:237} INFO - Done. Returned value was: None
[2024-08-23T02:11:37.163+0000] {taskinstance.py:441} INFO - ::group::Post task execution logs
[2024-08-23T02:11:37.179+0000] {taskinstance.py:1206} INFO - Marking task as SUCCESS. dag_id=weather_etl_dag, task_id=update_sequia_indicator, run_id=scheduled__2024-08-22T00:00:00+00:00, execution_date=20240822T000000, start_date=20240823T021111, end_date=20240823T021137
[2024-08-23T02:11:37.377+0000] {local_task_job_runner.py:243} INFO - Task exited with return code 0
[2024-08-23T02:11:37.397+0000] {taskinstance.py:3503} INFO - 0 downstream tasks scheduled from follow-on schedule check
[2024-08-23T02:11:37.434+0000] {local_task_job_runner.py:222} INFO - ::endgroup::
[2024-09-06T00:10:38.118+0000] {local_task_job_runner.py:123} INFO - ::group::Pre task execution logs
[2024-09-06T00:10:38.190+0000] {taskinstance.py:2603} INFO - Dependencies all met for dep_context=non-requeueable deps ti=<TaskInstance: weather_etl_dag.update_sequia_indicator scheduled__2024-08-22T00:00:00+00:00 [queued]>
[2024-09-06T00:10:38.212+0000] {taskinstance.py:2603} INFO - Dependencies all met for dep_context=requeueable deps ti=<TaskInstance: weather_etl_dag.update_sequia_indicator scheduled__2024-08-22T00:00:00+00:00 [queued]>
[2024-09-06T00:10:38.213+0000] {taskinstance.py:2856} INFO - Starting attempt 1 of 2
[2024-09-06T00:10:38.307+0000] {taskinstance.py:2879} INFO - Executing <Task(PythonOperator): update_sequia_indicator> on 2024-08-22 00:00:00+00:00
[2024-09-06T00:10:38.312+0000] {warnings.py:112} WARNING - /usr/local/lib/python3.12/site-packages/***/task/task_runner/standard_task_runner.py:70: DeprecationWarning: This process (pid=974) is multi-threaded, use of fork() may lead to deadlocks in the child.
  pid = os.fork()

[2024-09-06T00:10:38.314+0000] {standard_task_runner.py:72} INFO - Started process 980 to run task
[2024-09-06T00:10:38.314+0000] {standard_task_runner.py:104} INFO - Running: ['***', 'tasks', 'run', 'weather_etl_dag', 'update_sequia_indicator', 'scheduled__2024-08-22T00:00:00+00:00', '--job-id', '218', '--raw', '--subdir', 'DAGS_FOLDER/weather_etl_dag.py', '--cfg-path', '/tmp/tmpounr0cih']
[2024-09-06T00:10:38.317+0000] {standard_task_runner.py:105} INFO - Job 218: Subtask update_sequia_indicator
[2024-09-06T00:10:40.144+0000] {task_command.py:467} INFO - Running <TaskInstance: weather_etl_dag.update_sequia_indicator scheduled__2024-08-22T00:00:00+00:00 [running]> on host da9f5d3bcb59
[2024-09-06T00:10:40.588+0000] {taskinstance.py:3122} INFO - Exporting env vars: AIRFLOW_CTX_DAG_OWNER='***' AIRFLOW_CTX_DAG_ID='weather_etl_dag' AIRFLOW_CTX_TASK_ID='update_sequia_indicator' AIRFLOW_CTX_EXECUTION_DATE='2024-08-22T00:00:00+00:00' AIRFLOW_CTX_TRY_NUMBER='1' AIRFLOW_CTX_DAG_RUN_ID='scheduled__2024-08-22T00:00:00+00:00'
[2024-09-06T00:10:40.604+0000] {taskinstance.py:731} INFO - ::endgroup::
[2024-09-06T00:12:40.285+0000] {python.py:240} INFO - Done. Returned value was: None
[2024-09-06T00:12:41.508+0000] {taskinstance.py:340} INFO - ::group::Post task execution logs
[2024-09-06T00:12:41.519+0000] {taskinstance.py:352} INFO - Marking task as SUCCESS. dag_id=weather_etl_dag, task_id=update_sequia_indicator, run_id=scheduled__2024-08-22T00:00:00+00:00, execution_date=20240822T000000, start_date=20240906T001038, end_date=20240906T001241
[2024-09-06T00:12:42.212+0000] {local_task_job_runner.py:261} INFO - Task exited with return code 0
[2024-09-06T00:12:43.926+0000] {standard_task_runner.py:217} INFO - Process not found (most likely exited), stop collecting metrics
[2024-09-06T00:12:46.317+0000] {taskinstance.py:3891} INFO - 0 downstream tasks scheduled from follow-on schedule check
[2024-09-06T00:12:46.738+0000] {local_task_job_runner.py:240} INFO - ::endgroup::
