[2024-09-05T00:46:11.404+0000] {local_task_job_runner.py:123} INFO - ::group::Pre task execution logs
[2024-09-05T00:46:11.434+0000] {taskinstance.py:2603} INFO - Dependencies all met for dep_context=non-requeueable deps ti=<TaskInstance: weather_etl_dag.insert_weather_data scheduled__2024-08-06T00:00:00+00:00 [queued]>
[2024-09-05T00:46:11.457+0000] {taskinstance.py:2603} INFO - Dependencies all met for dep_context=requeueable deps ti=<TaskInstance: weather_etl_dag.insert_weather_data scheduled__2024-08-06T00:00:00+00:00 [queued]>
[2024-09-05T00:46:11.459+0000] {taskinstance.py:2856} INFO - Starting attempt 1 of 2
[2024-09-05T00:46:11.512+0000] {taskinstance.py:2879} INFO - Executing <Task(PythonOperator): insert_weather_data> on 2024-08-06 00:00:00+00:00
[2024-09-05T00:46:11.520+0000] {warnings.py:112} WARNING - /usr/local/lib/python3.12/site-packages/***/task/task_runner/standard_task_runner.py:70: DeprecationWarning: This process (pid=691) is multi-threaded, use of fork() may lead to deadlocks in the child.
  pid = os.fork()

[2024-09-05T00:46:11.524+0000] {standard_task_runner.py:104} INFO - Running: ['***', 'tasks', 'run', 'weather_etl_dag', 'insert_weather_data', 'scheduled__2024-08-06T00:00:00+00:00', '--job-id', '77', '--raw', '--subdir', 'DAGS_FOLDER/weather_etl_dag.py', '--cfg-path', '/tmp/tmpel6823xm']
[2024-09-05T00:46:11.528+0000] {standard_task_runner.py:105} INFO - Job 77: Subtask insert_weather_data
[2024-09-05T00:46:11.526+0000] {standard_task_runner.py:72} INFO - Started process 693 to run task
[2024-09-05T00:46:11.652+0000] {task_command.py:467} INFO - Running <TaskInstance: weather_etl_dag.insert_weather_data scheduled__2024-08-06T00:00:00+00:00 [running]> on host b778581f4b0f
[2024-09-05T00:46:12.045+0000] {taskinstance.py:3122} INFO - Exporting env vars: AIRFLOW_CTX_DAG_OWNER='***' AIRFLOW_CTX_DAG_ID='weather_etl_dag' AIRFLOW_CTX_TASK_ID='insert_weather_data' AIRFLOW_CTX_EXECUTION_DATE='2024-08-06T00:00:00+00:00' AIRFLOW_CTX_TRY_NUMBER='1' AIRFLOW_CTX_DAG_RUN_ID='scheduled__2024-08-06T00:00:00+00:00'
[2024-09-05T00:46:12.135+0000] {taskinstance.py:731} INFO - ::endgroup::
[2024-09-05T00:46:17.321+0000] {logging_mixin.py:190} INFO - Todos los pronósticos han sido insertados con éxito en Redshift.
[2024-09-05T00:46:17.323+0000] {python.py:240} INFO - Done. Returned value was: None
[2024-09-05T00:46:17.338+0000] {taskinstance.py:340} INFO - ::group::Post task execution logs
[2024-09-05T00:46:17.339+0000] {taskinstance.py:352} INFO - Marking task as SUCCESS. dag_id=weather_etl_dag, task_id=insert_weather_data, run_id=scheduled__2024-08-06T00:00:00+00:00, execution_date=20240806T000000, start_date=20240905T004611, end_date=20240905T004617
[2024-09-05T00:46:17.443+0000] {local_task_job_runner.py:261} INFO - Task exited with return code 0
[2024-09-05T00:46:17.506+0000] {taskinstance.py:3891} INFO - 1 downstream tasks scheduled from follow-on schedule check
[2024-09-05T00:46:17.583+0000] {local_task_job_runner.py:240} INFO - ::endgroup::
[2024-09-05T18:15:01.656+0000] {local_task_job_runner.py:123} INFO - ::group::Pre task execution logs
[2024-09-05T18:15:01.707+0000] {taskinstance.py:2603} INFO - Dependencies all met for dep_context=non-requeueable deps ti=<TaskInstance: weather_etl_dag.insert_weather_data scheduled__2024-08-06T00:00:00+00:00 [queued]>
[2024-09-05T18:15:01.716+0000] {taskinstance.py:2603} INFO - Dependencies all met for dep_context=requeueable deps ti=<TaskInstance: weather_etl_dag.insert_weather_data scheduled__2024-08-06T00:00:00+00:00 [queued]>
[2024-09-05T18:15:01.717+0000] {taskinstance.py:2856} INFO - Starting attempt 1 of 2
[2024-09-05T18:15:01.769+0000] {taskinstance.py:2879} INFO - Executing <Task(PythonOperator): insert_weather_data> on 2024-08-06 00:00:00+00:00
[2024-09-05T18:15:01.778+0000] {warnings.py:112} WARNING - /usr/local/lib/python3.12/site-packages/***/task/task_runner/standard_task_runner.py:70: DeprecationWarning: This process (pid=735) is multi-threaded, use of fork() may lead to deadlocks in the child.
  pid = os.fork()

[2024-09-05T18:15:01.780+0000] {standard_task_runner.py:72} INFO - Started process 737 to run task
[2024-09-05T18:15:01.785+0000] {standard_task_runner.py:104} INFO - Running: ['***', 'tasks', 'run', 'weather_etl_dag', 'insert_weather_data', 'scheduled__2024-08-06T00:00:00+00:00', '--job-id', '58', '--raw', '--subdir', 'DAGS_FOLDER/weather_etl_dag.py', '--cfg-path', '/tmp/tmphjsi68v1']
[2024-09-05T18:15:01.789+0000] {standard_task_runner.py:105} INFO - Job 58: Subtask insert_weather_data
[2024-09-05T18:15:01.937+0000] {task_command.py:467} INFO - Running <TaskInstance: weather_etl_dag.insert_weather_data scheduled__2024-08-06T00:00:00+00:00 [running]> on host 0b8eaea5e88c
[2024-09-05T18:15:02.557+0000] {taskinstance.py:3122} INFO - Exporting env vars: AIRFLOW_CTX_DAG_OWNER='***' AIRFLOW_CTX_DAG_ID='weather_etl_dag' AIRFLOW_CTX_TASK_ID='insert_weather_data' AIRFLOW_CTX_EXECUTION_DATE='2024-08-06T00:00:00+00:00' AIRFLOW_CTX_TRY_NUMBER='1' AIRFLOW_CTX_DAG_RUN_ID='scheduled__2024-08-06T00:00:00+00:00'
[2024-09-05T18:15:02.558+0000] {taskinstance.py:731} INFO - ::endgroup::
[2024-09-05T18:15:03.422+0000] {logging_mixin.py:190} INFO - Ya existe un registro para la fecha de hoy. Finalizando tarea.
[2024-09-05T18:15:03.488+0000] {python.py:240} INFO - Done. Returned value was: None
[2024-09-05T18:15:03.503+0000] {taskinstance.py:340} INFO - ::group::Post task execution logs
[2024-09-05T18:15:03.504+0000] {taskinstance.py:352} INFO - Marking task as SUCCESS. dag_id=weather_etl_dag, task_id=insert_weather_data, run_id=scheduled__2024-08-06T00:00:00+00:00, execution_date=20240806T000000, start_date=20240905T181501, end_date=20240905T181503
[2024-09-05T18:15:03.782+0000] {local_task_job_runner.py:261} INFO - Task exited with return code 0
[2024-09-05T18:15:03.951+0000] {taskinstance.py:3891} INFO - 1 downstream tasks scheduled from follow-on schedule check
[2024-09-05T18:15:04.021+0000] {local_task_job_runner.py:240} INFO - ::endgroup::
