[2024-09-05T00:37:47.648+0000] {local_task_job_runner.py:123} INFO - ::group::Pre task execution logs
[2024-09-05T00:37:47.676+0000] {taskinstance.py:2603} INFO - Dependencies all met for dep_context=non-requeueable deps ti=<TaskInstance: weather_etl_dag.fetch_weather_data scheduled__2024-08-09T00:00:00+00:00 [queued]>
[2024-09-05T00:37:47.688+0000] {taskinstance.py:2603} INFO - Dependencies all met for dep_context=requeueable deps ti=<TaskInstance: weather_etl_dag.fetch_weather_data scheduled__2024-08-09T00:00:00+00:00 [queued]>
[2024-09-05T00:37:47.762+0000] {taskinstance.py:2856} INFO - Starting attempt 1 of 2
[2024-09-05T00:37:47.826+0000] {taskinstance.py:2879} INFO - Executing <Task(PythonOperator): fetch_weather_data> on 2024-08-09 00:00:00+00:00
[2024-09-05T00:37:47.831+0000] {warnings.py:112} WARNING - /usr/local/lib/python3.12/site-packages/***/task/task_runner/standard_task_runner.py:70: DeprecationWarning: This process (pid=390) is multi-threaded, use of fork() may lead to deadlocks in the child.
  pid = os.fork()

[2024-09-05T00:37:47.833+0000] {standard_task_runner.py:72} INFO - Started process 395 to run task
[2024-09-05T00:37:47.834+0000] {standard_task_runner.py:104} INFO - Running: ['***', 'tasks', 'run', 'weather_etl_dag', 'fetch_weather_data', 'scheduled__2024-08-09T00:00:00+00:00', '--job-id', '48', '--raw', '--subdir', 'DAGS_FOLDER/weather_etl_dag.py', '--cfg-path', '/tmp/tmpd9wd76bv']
[2024-09-05T00:37:47.838+0000] {standard_task_runner.py:105} INFO - Job 48: Subtask fetch_weather_data
[2024-09-05T00:37:48.073+0000] {task_command.py:467} INFO - Running <TaskInstance: weather_etl_dag.fetch_weather_data scheduled__2024-08-09T00:00:00+00:00 [running]> on host b778581f4b0f
[2024-09-05T00:37:48.778+0000] {taskinstance.py:3122} INFO - Exporting env vars: AIRFLOW_CTX_DAG_OWNER='***' AIRFLOW_CTX_DAG_ID='weather_etl_dag' AIRFLOW_CTX_TASK_ID='fetch_weather_data' AIRFLOW_CTX_EXECUTION_DATE='2024-08-09T00:00:00+00:00' AIRFLOW_CTX_TRY_NUMBER='1' AIRFLOW_CTX_DAG_RUN_ID='scheduled__2024-08-09T00:00:00+00:00'
[2024-09-05T00:37:48.780+0000] {taskinstance.py:731} INFO - ::endgroup::
[2024-09-05T00:37:48.804+0000] {logging_mixin.py:190} INFO - Recuperando municipios desde XCom
[2024-09-05T00:37:48.877+0000] {logging_mixin.py:190} INFO - Número de municipios recuperados: 18
[2024-09-05T00:37:48.892+0000] {logging_mixin.py:190} INFO - Datos de municipios para obtener clima:    cve_mun              nom_mun  lat_decimal  lon_decimal
0        1    AMEALCO DE BONFIL    20.186444  -100.144195
1        2      PINAL DE AMOLES    21.135302   -99.627540
2        3          ARROYO SECO    21.548036   -99.689166
3        4  CADEREYTA DE MONTES    20.695023   -99.815633
4        5                COLON    20.788326  -100.045430
[2024-09-05T00:37:48.918+0000] {logging_mixin.py:190} INFO - Haciendo solicitud a la API para lat: 20.186444, lon: -100.144195
[2024-09-05T00:37:49.530+0000] {logging_mixin.py:190} INFO - Respuesta recibida: 200
[2024-09-05T00:37:49.533+0000] {logging_mixin.py:190} INFO - Haciendo solicitud a la API para lat: 21.135302, lon: -99.62754
[2024-09-05T00:37:50.133+0000] {logging_mixin.py:190} INFO - Respuesta recibida: 200
[2024-09-05T00:37:50.136+0000] {logging_mixin.py:190} INFO - Haciendo solicitud a la API para lat: 21.548036, lon: -99.689166
[2024-09-05T00:37:50.720+0000] {logging_mixin.py:190} INFO - Respuesta recibida: 200
[2024-09-05T00:37:50.721+0000] {logging_mixin.py:190} INFO - Haciendo solicitud a la API para lat: 20.695023, lon: -99.815633
[2024-09-05T00:37:51.315+0000] {logging_mixin.py:190} INFO - Respuesta recibida: 200
[2024-09-05T00:37:51.323+0000] {logging_mixin.py:190} INFO - Haciendo solicitud a la API para lat: 20.788326, lon: -100.04543
[2024-09-05T00:37:51.925+0000] {logging_mixin.py:190} INFO - Respuesta recibida: 200
[2024-09-05T00:37:51.927+0000] {logging_mixin.py:190} INFO - Haciendo solicitud a la API para lat: 20.552436, lon: -100.445883
[2024-09-05T00:37:52.515+0000] {logging_mixin.py:190} INFO - Respuesta recibida: 200
[2024-09-05T00:37:52.516+0000] {logging_mixin.py:190} INFO - Haciendo solicitud a la API para lat: 20.665295, lon: -99.898405
[2024-09-05T00:37:53.116+0000] {logging_mixin.py:190} INFO - Respuesta recibida: 200
[2024-09-05T00:37:53.118+0000] {logging_mixin.py:190} INFO - Haciendo solicitud a la API para lat: 20.375244, lon: -100.274333
[2024-09-05T00:37:53.709+0000] {logging_mixin.py:190} INFO - Respuesta recibida: 200
[2024-09-05T00:37:53.711+0000] {logging_mixin.py:190} INFO - Haciendo solicitud a la API para lat: 21.216802, lon: -99.47291
[2024-09-05T00:37:54.314+0000] {logging_mixin.py:190} INFO - Respuesta recibida: 200
[2024-09-05T00:37:54.316+0000] {logging_mixin.py:190} INFO - Haciendo solicitud a la API para lat: 21.183456, lon: -99.321914
[2024-09-05T00:37:54.923+0000] {logging_mixin.py:190} INFO - Respuesta recibida: 200
[2024-09-05T00:37:54.925+0000] {logging_mixin.py:190} INFO - Haciendo solicitud a la API para lat: 20.60657, lon: -100.331096
[2024-09-05T00:37:55.528+0000] {logging_mixin.py:190} INFO - Respuesta recibida: 200
[2024-09-05T00:37:55.529+0000] {logging_mixin.py:190} INFO - Haciendo solicitud a la API para lat: 20.502494, lon: -100.14473
[2024-09-05T00:37:56.115+0000] {logging_mixin.py:190} INFO - Respuesta recibida: 200
[2024-09-05T00:37:56.119+0000] {logging_mixin.py:190} INFO - Haciendo solicitud a la API para lat: 21.053631, lon: -99.814526
[2024-09-05T00:37:56.704+0000] {logging_mixin.py:190} INFO - Respuesta recibida: 200
[2024-09-05T00:37:56.705+0000] {logging_mixin.py:190} INFO - Haciendo solicitud a la API para lat: 20.593391, lon: -100.389957
[2024-09-05T00:37:57.353+0000] {logging_mixin.py:190} INFO - Respuesta recibida: 200
[2024-09-05T00:37:57.355+0000] {logging_mixin.py:190} INFO - Haciendo solicitud a la API para lat: 20.916061, lon: -99.566359
[2024-09-05T00:37:57.951+0000] {logging_mixin.py:190} INFO - Respuesta recibida: 200
[2024-09-05T00:37:57.954+0000] {logging_mixin.py:190} INFO - Haciendo solicitud a la API para lat: 20.386441, lon: -99.999631
[2024-09-05T00:37:58.569+0000] {logging_mixin.py:190} INFO - Respuesta recibida: 200
[2024-09-05T00:37:58.571+0000] {logging_mixin.py:190} INFO - Haciendo solicitud a la API para lat: 20.518817, lon: -99.88384
[2024-09-05T00:37:59.209+0000] {logging_mixin.py:190} INFO - Respuesta recibida: 200
[2024-09-05T00:37:59.222+0000] {logging_mixin.py:190} INFO - Haciendo solicitud a la API para lat: 20.908149, lon: -99.9308
[2024-09-05T00:37:59.823+0000] {logging_mixin.py:190} INFO - Respuesta recibida: 200
[2024-09-05T00:37:59.840+0000] {logging_mixin.py:190} INFO - Pronósticos obtenidos: 18
[2024-09-05T00:37:59.922+0000] {python.py:240} INFO - Done. Returned value was: None
[2024-09-05T00:37:59.977+0000] {taskinstance.py:340} INFO - ::group::Post task execution logs
[2024-09-05T00:37:59.978+0000] {taskinstance.py:352} INFO - Marking task as SUCCESS. dag_id=weather_etl_dag, task_id=fetch_weather_data, run_id=scheduled__2024-08-09T00:00:00+00:00, execution_date=20240809T000000, start_date=20240905T003747, end_date=20240905T003759
[2024-09-05T00:38:00.124+0000] {local_task_job_runner.py:261} INFO - Task exited with return code 0
[2024-09-05T00:38:00.168+0000] {taskinstance.py:3891} INFO - 1 downstream tasks scheduled from follow-on schedule check
[2024-09-05T00:38:00.250+0000] {local_task_job_runner.py:240} INFO - ::endgroup::
[2024-09-05T18:07:57.708+0000] {local_task_job_runner.py:123} INFO - ::group::Pre task execution logs
[2024-09-05T18:07:57.761+0000] {taskinstance.py:2603} INFO - Dependencies all met for dep_context=non-requeueable deps ti=<TaskInstance: weather_etl_dag.fetch_weather_data scheduled__2024-08-09T00:00:00+00:00 [queued]>
[2024-09-05T18:07:57.770+0000] {taskinstance.py:2603} INFO - Dependencies all met for dep_context=requeueable deps ti=<TaskInstance: weather_etl_dag.fetch_weather_data scheduled__2024-08-09T00:00:00+00:00 [queued]>
[2024-09-05T18:07:57.771+0000] {taskinstance.py:2856} INFO - Starting attempt 1 of 2
[2024-09-05T18:07:57.841+0000] {taskinstance.py:2879} INFO - Executing <Task(PythonOperator): fetch_weather_data> on 2024-08-09 00:00:00+00:00
[2024-09-05T18:07:57.845+0000] {warnings.py:112} WARNING - /usr/local/lib/python3.12/site-packages/***/task/task_runner/standard_task_runner.py:70: DeprecationWarning: This process (pid=466) is multi-threaded, use of fork() may lead to deadlocks in the child.
  pid = os.fork()

[2024-09-05T18:07:57.847+0000] {standard_task_runner.py:72} INFO - Started process 468 to run task
[2024-09-05T18:07:57.848+0000] {standard_task_runner.py:104} INFO - Running: ['***', 'tasks', 'run', 'weather_etl_dag', 'fetch_weather_data', 'scheduled__2024-08-09T00:00:00+00:00', '--job-id', '30', '--raw', '--subdir', 'DAGS_FOLDER/weather_etl_dag.py', '--cfg-path', '/tmp/tmpsc0ewcoe']
[2024-09-05T18:07:57.851+0000] {standard_task_runner.py:105} INFO - Job 30: Subtask fetch_weather_data
[2024-09-05T18:07:57.996+0000] {task_command.py:467} INFO - Running <TaskInstance: weather_etl_dag.fetch_weather_data scheduled__2024-08-09T00:00:00+00:00 [running]> on host 0b8eaea5e88c
[2024-09-05T18:07:58.584+0000] {taskinstance.py:3122} INFO - Exporting env vars: AIRFLOW_CTX_DAG_OWNER='***' AIRFLOW_CTX_DAG_ID='weather_etl_dag' AIRFLOW_CTX_TASK_ID='fetch_weather_data' AIRFLOW_CTX_EXECUTION_DATE='2024-08-09T00:00:00+00:00' AIRFLOW_CTX_TRY_NUMBER='1' AIRFLOW_CTX_DAG_RUN_ID='scheduled__2024-08-09T00:00:00+00:00'
[2024-09-05T18:07:58.585+0000] {taskinstance.py:731} INFO - ::endgroup::
[2024-09-05T18:07:58.596+0000] {logging_mixin.py:190} INFO - Recuperando municipios desde XCom
[2024-09-05T18:07:58.633+0000] {logging_mixin.py:190} INFO - Número de municipios recuperados: 18
[2024-09-05T18:07:58.641+0000] {logging_mixin.py:190} INFO - Datos de municipios para obtener clima:    cve_mun              nom_mun  lat_decimal  lon_decimal
0        1    AMEALCO DE BONFIL    20.186444  -100.144195
1        2      PINAL DE AMOLES    21.135302   -99.627540
2        3          ARROYO SECO    21.548036   -99.689166
3        4  CADEREYTA DE MONTES    20.695023   -99.815633
4        5                COLON    20.788326  -100.045430
[2024-09-05T18:07:58.652+0000] {logging_mixin.py:190} INFO - Haciendo solicitud a la API para lat: 20.186444, lon: -100.144195
[2024-09-05T18:07:59.328+0000] {logging_mixin.py:190} INFO - Respuesta recibida: 200
[2024-09-05T18:07:59.329+0000] {logging_mixin.py:190} INFO - Haciendo solicitud a la API para lat: 21.135302, lon: -99.62754
[2024-09-05T18:07:59.916+0000] {logging_mixin.py:190} INFO - Respuesta recibida: 200
[2024-09-05T18:07:59.918+0000] {logging_mixin.py:190} INFO - Haciendo solicitud a la API para lat: 21.548036, lon: -99.689166
[2024-09-05T18:08:00.511+0000] {logging_mixin.py:190} INFO - Respuesta recibida: 200
[2024-09-05T18:08:00.513+0000] {logging_mixin.py:190} INFO - Haciendo solicitud a la API para lat: 20.695023, lon: -99.815633
[2024-09-05T18:08:01.114+0000] {logging_mixin.py:190} INFO - Respuesta recibida: 200
[2024-09-05T18:08:01.121+0000] {logging_mixin.py:190} INFO - Haciendo solicitud a la API para lat: 20.788326, lon: -100.04543
[2024-09-05T18:08:01.740+0000] {logging_mixin.py:190} INFO - Respuesta recibida: 200
[2024-09-05T18:08:01.748+0000] {logging_mixin.py:190} INFO - Haciendo solicitud a la API para lat: 20.552436, lon: -100.445883
[2024-09-05T18:08:02.370+0000] {logging_mixin.py:190} INFO - Respuesta recibida: 200
[2024-09-05T18:08:02.376+0000] {logging_mixin.py:190} INFO - Haciendo solicitud a la API para lat: 20.665295, lon: -99.898405
[2024-09-05T18:08:02.991+0000] {logging_mixin.py:190} INFO - Respuesta recibida: 200
[2024-09-05T18:08:02.992+0000] {logging_mixin.py:190} INFO - Haciendo solicitud a la API para lat: 20.375244, lon: -100.274333
[2024-09-05T18:08:03.590+0000] {logging_mixin.py:190} INFO - Respuesta recibida: 200
[2024-09-05T18:08:03.592+0000] {logging_mixin.py:190} INFO - Haciendo solicitud a la API para lat: 21.216802, lon: -99.47291
[2024-09-05T18:08:04.234+0000] {logging_mixin.py:190} INFO - Respuesta recibida: 200
[2024-09-05T18:08:04.235+0000] {logging_mixin.py:190} INFO - Haciendo solicitud a la API para lat: 21.183456, lon: -99.321914
[2024-09-05T18:08:04.826+0000] {logging_mixin.py:190} INFO - Respuesta recibida: 200
[2024-09-05T18:08:04.828+0000] {logging_mixin.py:190} INFO - Haciendo solicitud a la API para lat: 20.60657, lon: -100.331096
[2024-09-05T18:08:05.416+0000] {logging_mixin.py:190} INFO - Respuesta recibida: 200
[2024-09-05T18:08:05.418+0000] {logging_mixin.py:190} INFO - Haciendo solicitud a la API para lat: 20.502494, lon: -100.14473
[2024-09-05T18:08:06.007+0000] {logging_mixin.py:190} INFO - Respuesta recibida: 200
[2024-09-05T18:08:06.009+0000] {logging_mixin.py:190} INFO - Haciendo solicitud a la API para lat: 21.053631, lon: -99.814526
[2024-09-05T18:08:06.600+0000] {logging_mixin.py:190} INFO - Respuesta recibida: 200
[2024-09-05T18:08:06.608+0000] {logging_mixin.py:190} INFO - Haciendo solicitud a la API para lat: 20.593391, lon: -100.389957
[2024-09-05T18:08:07.216+0000] {logging_mixin.py:190} INFO - Respuesta recibida: 200
[2024-09-05T18:08:07.220+0000] {logging_mixin.py:190} INFO - Haciendo solicitud a la API para lat: 20.916061, lon: -99.566359
[2024-09-05T18:08:07.863+0000] {logging_mixin.py:190} INFO - Respuesta recibida: 200
[2024-09-05T18:08:07.868+0000] {logging_mixin.py:190} INFO - Haciendo solicitud a la API para lat: 20.386441, lon: -99.999631
[2024-09-05T18:08:08.457+0000] {logging_mixin.py:190} INFO - Respuesta recibida: 200
[2024-09-05T18:08:08.458+0000] {logging_mixin.py:190} INFO - Haciendo solicitud a la API para lat: 20.518817, lon: -99.88384
[2024-09-05T18:08:09.065+0000] {logging_mixin.py:190} INFO - Respuesta recibida: 200
[2024-09-05T18:08:09.068+0000] {logging_mixin.py:190} INFO - Haciendo solicitud a la API para lat: 20.908149, lon: -99.9308
[2024-09-05T18:08:09.668+0000] {logging_mixin.py:190} INFO - Respuesta recibida: 200
[2024-09-05T18:08:09.672+0000] {logging_mixin.py:190} INFO - Pronósticos obtenidos: 18
[2024-09-05T18:08:09.812+0000] {python.py:240} INFO - Done. Returned value was: None
[2024-09-05T18:08:09.828+0000] {taskinstance.py:340} INFO - ::group::Post task execution logs
[2024-09-05T18:08:09.828+0000] {taskinstance.py:352} INFO - Marking task as SUCCESS. dag_id=weather_etl_dag, task_id=fetch_weather_data, run_id=scheduled__2024-08-09T00:00:00+00:00, execution_date=20240809T000000, start_date=20240905T180757, end_date=20240905T180809
[2024-09-05T18:08:09.891+0000] {local_task_job_runner.py:261} INFO - Task exited with return code 0
[2024-09-05T18:08:09.921+0000] {taskinstance.py:3891} INFO - 1 downstream tasks scheduled from follow-on schedule check
[2024-09-05T18:08:09.958+0000] {local_task_job_runner.py:240} INFO - ::endgroup::
