[2024-08-27T18:41:32.881+0000] {local_task_job_runner.py:120} INFO - ::group::Pre task execution logs
[2024-08-27T18:41:32.904+0000] {taskinstance.py:2076} INFO - Dependencies all met for dep_context=non-requeueable deps ti=<TaskInstance: weather_etl_dag.update_sequia_indicator scheduled__2024-08-26T00:00:00+00:00 [queued]>
[2024-08-27T18:41:32.912+0000] {taskinstance.py:2076} INFO - Dependencies all met for dep_context=requeueable deps ti=<TaskInstance: weather_etl_dag.update_sequia_indicator scheduled__2024-08-26T00:00:00+00:00 [queued]>
[2024-08-27T18:41:32.914+0000] {taskinstance.py:2306} INFO - Starting attempt 1 of 2
[2024-08-27T18:41:33.078+0000] {taskinstance.py:2330} INFO - Executing <Task(PythonOperator): update_sequia_indicator> on 2024-08-26 00:00:00+00:00
[2024-08-27T18:41:33.083+0000] {warnings.py:112} WARNING - /home/***/.local/lib/python3.12/site-packages/***/task/task_runner/standard_task_runner.py:62: DeprecationWarning: This process (pid=108) is multi-threaded, use of fork() may lead to deadlocks in the child.
  pid = os.fork()

[2024-08-27T18:41:33.085+0000] {standard_task_runner.py:64} INFO - Started process 110 to run task
[2024-08-27T18:41:33.086+0000] {standard_task_runner.py:90} INFO - Running: ['***', 'tasks', 'run', 'weather_etl_dag', 'update_sequia_indicator', 'scheduled__2024-08-26T00:00:00+00:00', '--job-id', '386', '--raw', '--subdir', 'DAGS_FOLDER/weather_etl_dag.py', '--cfg-path', '/tmp/tmp8l3xap65']
[2024-08-27T18:41:33.088+0000] {standard_task_runner.py:91} INFO - Job 386: Subtask update_sequia_indicator
[2024-08-27T18:41:33.158+0000] {task_command.py:426} INFO - Running <TaskInstance: weather_etl_dag.update_sequia_indicator scheduled__2024-08-26T00:00:00+00:00 [running]> on host b7290fbe53d7
[2024-08-27T18:41:33.328+0000] {taskinstance.py:2648} INFO - Exporting env vars: AIRFLOW_CTX_DAG_OWNER='***' AIRFLOW_CTX_DAG_ID='weather_etl_dag' AIRFLOW_CTX_TASK_ID='update_sequia_indicator' AIRFLOW_CTX_EXECUTION_DATE='2024-08-26T00:00:00+00:00' AIRFLOW_CTX_TRY_NUMBER='1' AIRFLOW_CTX_DAG_RUN_ID='scheduled__2024-08-26T00:00:00+00:00'
[2024-08-27T18:41:33.329+0000] {taskinstance.py:430} INFO - ::endgroup::
[2024-08-27T18:41:33.344+0000] {logging_mixin.py:188} INFO - iniciando conexion a redshift para actualizar sequia
[2024-08-27T18:41:33.427+0000] {logging_mixin.py:188} INFO - Número de registros a actualizar en la tabla: 18
[2024-08-27T18:41:33.438+0000] {logging_mixin.py:188} INFO - Datos para actualizar en la tabla:    cve_mun            municipio fecha_pronostico indicador_sequia
0        1    Amealco De Bonfil       2024-08-27               D4
1        2      Pinal De Amoles       2024-08-27               D1
2        3          Arroyo Seco       2024-08-27               D0
3        4  Cadereyta De Montes       2024-08-27               D3
4        5                Colon       2024-08-27               D4
[2024-08-27T18:41:34.210+0000] {logging_mixin.py:188} INFO - actualizacion realizada para cve_mun: 1, fecha_pronostico:2024-08-27
[2024-08-27T18:41:34.329+0000] {logging_mixin.py:188} INFO - actualizacion realizada para cve_mun: 2, fecha_pronostico:2024-08-27
[2024-08-27T18:41:34.450+0000] {logging_mixin.py:188} INFO - actualizacion realizada para cve_mun: 3, fecha_pronostico:2024-08-27
[2024-08-27T18:41:34.569+0000] {logging_mixin.py:188} INFO - actualizacion realizada para cve_mun: 4, fecha_pronostico:2024-08-27
[2024-08-27T18:41:34.687+0000] {logging_mixin.py:188} INFO - actualizacion realizada para cve_mun: 5, fecha_pronostico:2024-08-27
[2024-08-27T18:41:34.809+0000] {logging_mixin.py:188} INFO - actualizacion realizada para cve_mun: 6, fecha_pronostico:2024-08-27
[2024-08-27T18:41:34.952+0000] {logging_mixin.py:188} INFO - actualizacion realizada para cve_mun: 7, fecha_pronostico:2024-08-27
[2024-08-27T18:41:35.071+0000] {logging_mixin.py:188} INFO - actualizacion realizada para cve_mun: 8, fecha_pronostico:2024-08-27
[2024-08-27T18:41:35.201+0000] {logging_mixin.py:188} INFO - actualizacion realizada para cve_mun: 9, fecha_pronostico:2024-08-27
[2024-08-27T18:41:35.323+0000] {logging_mixin.py:188} INFO - actualizacion realizada para cve_mun: 10, fecha_pronostico:2024-08-27
[2024-08-27T18:41:35.454+0000] {logging_mixin.py:188} INFO - actualizacion realizada para cve_mun: 11, fecha_pronostico:2024-08-27
[2024-08-27T18:41:35.572+0000] {logging_mixin.py:188} INFO - actualizacion realizada para cve_mun: 12, fecha_pronostico:2024-08-27
[2024-08-27T18:41:35.691+0000] {logging_mixin.py:188} INFO - actualizacion realizada para cve_mun: 13, fecha_pronostico:2024-08-27
[2024-08-27T18:41:35.809+0000] {logging_mixin.py:188} INFO - actualizacion realizada para cve_mun: 14, fecha_pronostico:2024-08-27
[2024-08-27T18:41:35.940+0000] {logging_mixin.py:188} INFO - actualizacion realizada para cve_mun: 15, fecha_pronostico:2024-08-27
[2024-08-27T18:41:36.066+0000] {logging_mixin.py:188} INFO - actualizacion realizada para cve_mun: 16, fecha_pronostico:2024-08-27
[2024-08-27T18:41:36.185+0000] {logging_mixin.py:188} INFO - actualizacion realizada para cve_mun: 17, fecha_pronostico:2024-08-27
[2024-08-27T18:41:36.302+0000] {logging_mixin.py:188} INFO - actualizacion realizada para cve_mun: 18, fecha_pronostico:2024-08-27
[2024-08-27T18:41:36.406+0000] {logging_mixin.py:188} INFO - todas las actualizaciones se han realizado con exito
[2024-08-27T18:41:36.408+0000] {python.py:237} INFO - Done. Returned value was: None
[2024-08-27T18:41:36.408+0000] {taskinstance.py:441} INFO - ::group::Post task execution logs
[2024-08-27T18:41:36.417+0000] {taskinstance.py:1206} INFO - Marking task as SUCCESS. dag_id=weather_etl_dag, task_id=update_sequia_indicator, run_id=scheduled__2024-08-26T00:00:00+00:00, execution_date=20240826T000000, start_date=20240827T184132, end_date=20240827T184136
[2024-08-27T18:41:36.475+0000] {local_task_job_runner.py:243} INFO - Task exited with return code 0
[2024-08-27T18:41:36.489+0000] {taskinstance.py:3503} INFO - 0 downstream tasks scheduled from follow-on schedule check
[2024-08-27T18:41:36.537+0000] {local_task_job_runner.py:222} INFO - ::endgroup::
[2024-09-06T00:20:32.148+0000] {local_task_job_runner.py:123} INFO - ::group::Pre task execution logs
[2024-09-06T00:20:32.192+0000] {taskinstance.py:2593} INFO - Dependencies not met for <TaskInstance: weather_etl_dag.update_sequia_indicator scheduled__2024-08-26T00:00:00+00:00 [up_for_retry]>, dependency 'Not In Retry Period' FAILED: Task is not ready for retry yet but will be retried automatically. Current date is 2024-09-06T00:20:32.192130+00:00 and task will be retried at 2024-09-06T00:25:23.205801+00:00.
[2024-09-06T00:20:32.757+0000] {local_task_job_runner.py:166} INFO - Task is not able to be run
