[2024-08-14T04:32:19.187+0000] {local_task_job_runner.py:120} INFO - ::group::Pre task execution logs
[2024-08-14T04:32:19.430+0000] {taskinstance.py:2076} INFO - Dependencies all met for dep_context=non-requeueable deps ti=<TaskInstance: weather_etl_dag.fetch_weather_data manual__2024-08-14T04:31:22.695827+00:00 [queued]>
[2024-08-14T04:32:19.455+0000] {taskinstance.py:2076} INFO - Dependencies all met for dep_context=requeueable deps ti=<TaskInstance: weather_etl_dag.fetch_weather_data manual__2024-08-14T04:31:22.695827+00:00 [queued]>
[2024-08-14T04:32:19.498+0000] {taskinstance.py:2306} INFO - Starting attempt 1 of 2
[2024-08-14T04:32:19.590+0000] {taskinstance.py:2330} INFO - Executing <Task(PythonOperator): fetch_weather_data> on 2024-08-14 04:31:22.695827+00:00
[2024-08-14T04:32:19.605+0000] {warnings.py:112} WARNING - /home/***/.local/lib/python3.12/site-packages/***/task/task_runner/standard_task_runner.py:62: DeprecationWarning: This process (pid=2829) is multi-threaded, use of fork() may lead to deadlocks in the child.
  pid = os.fork()

[2024-08-14T04:32:19.616+0000] {standard_task_runner.py:64} INFO - Started process 2831 to run task
[2024-08-14T04:32:19.611+0000] {standard_task_runner.py:90} INFO - Running: ['***', 'tasks', 'run', 'weather_etl_dag', 'fetch_weather_data', 'manual__2024-08-14T04:31:22.695827+00:00', '--job-id', '83', '--raw', '--subdir', 'DAGS_FOLDER/weather_etl_dag.py', '--cfg-path', '/tmp/tmp66k7p0ct']
[2024-08-14T04:32:19.631+0000] {standard_task_runner.py:91} INFO - Job 83: Subtask fetch_weather_data
[2024-08-14T04:32:19.758+0000] {task_command.py:426} INFO - Running <TaskInstance: weather_etl_dag.fetch_weather_data manual__2024-08-14T04:31:22.695827+00:00 [running]> on host 712d18ef94ea
[2024-08-14T04:32:20.078+0000] {taskinstance.py:2648} INFO - Exporting env vars: AIRFLOW_CTX_DAG_OWNER='***' AIRFLOW_CTX_DAG_ID='weather_etl_dag' AIRFLOW_CTX_TASK_ID='fetch_weather_data' AIRFLOW_CTX_EXECUTION_DATE='2024-08-14T04:31:22.695827+00:00' AIRFLOW_CTX_TRY_NUMBER='1' AIRFLOW_CTX_DAG_RUN_ID='manual__2024-08-14T04:31:22.695827+00:00'
[2024-08-14T04:32:20.081+0000] {taskinstance.py:430} INFO - ::endgroup::
[2024-08-14T04:32:20.099+0000] {logging_mixin.py:188} INFO - recuperando municipios desde xcom
[2024-08-14T04:32:20.211+0000] {logging_mixin.py:188} INFO - numero de municipios recuperados:18
[2024-08-14T04:32:20.230+0000] {logging_mixin.py:188} INFO - Datos de municipios para obtener clima:    cve_mun              nom_mun  lat_decimal  lon_decimal
0        1    AMEALCO DE BONFIL    20.186444  -100.144195
1        2      PINAL DE AMOLES    21.135302   -99.627540
2        3          ARROYO SECO    21.548036   -99.689166
3        4  CADEREYTA DE MONTES    20.695023   -99.815633
4        5                COLON    20.788326  -100.045430
[2024-08-14T04:32:20.253+0000] {logging_mixin.py:188} INFO - Haciendo solicitud a la API para lat: 20.186444, lon: -100.144195
[2024-08-14T04:32:21.277+0000] {logging_mixin.py:188} INFO - respuesta recibida:200
[2024-08-14T04:32:21.281+0000] {logging_mixin.py:188} INFO - Haciendo solicitud a la API para lat: 21.135302, lon: -99.62754
[2024-08-14T04:32:22.116+0000] {logging_mixin.py:188} INFO - respuesta recibida:200
[2024-08-14T04:32:22.118+0000] {logging_mixin.py:188} INFO - Haciendo solicitud a la API para lat: 21.548036, lon: -99.689166
[2024-08-14T04:32:23.033+0000] {logging_mixin.py:188} INFO - respuesta recibida:200
[2024-08-14T04:32:23.034+0000] {logging_mixin.py:188} INFO - Haciendo solicitud a la API para lat: 20.695023, lon: -99.815633
[2024-08-14T04:32:24.025+0000] {logging_mixin.py:188} INFO - respuesta recibida:200
[2024-08-14T04:32:24.027+0000] {logging_mixin.py:188} INFO - Haciendo solicitud a la API para lat: 20.788326, lon: -100.04543
[2024-08-14T04:32:24.956+0000] {logging_mixin.py:188} INFO - respuesta recibida:200
[2024-08-14T04:32:24.958+0000] {logging_mixin.py:188} INFO - Haciendo solicitud a la API para lat: 20.552436, lon: -100.445883
[2024-08-14T04:32:25.981+0000] {logging_mixin.py:188} INFO - respuesta recibida:200
[2024-08-14T04:32:25.983+0000] {logging_mixin.py:188} INFO - Haciendo solicitud a la API para lat: 20.665295, lon: -99.898405
[2024-08-14T04:32:26.997+0000] {logging_mixin.py:188} INFO - respuesta recibida:200
[2024-08-14T04:32:27.001+0000] {logging_mixin.py:188} INFO - Haciendo solicitud a la API para lat: 20.375244, lon: -100.274333
[2024-08-14T04:32:27.940+0000] {logging_mixin.py:188} INFO - respuesta recibida:200
[2024-08-14T04:32:27.944+0000] {logging_mixin.py:188} INFO - Haciendo solicitud a la API para lat: 21.216802, lon: -99.47291
[2024-08-14T04:32:28.771+0000] {logging_mixin.py:188} INFO - respuesta recibida:200
[2024-08-14T04:32:28.961+0000] {logging_mixin.py:188} INFO - Haciendo solicitud a la API para lat: 21.183456, lon: -99.321914
[2024-08-14T04:32:29.849+0000] {logging_mixin.py:188} INFO - respuesta recibida:200
[2024-08-14T04:32:29.851+0000] {logging_mixin.py:188} INFO - Haciendo solicitud a la API para lat: 20.60657, lon: -100.331096
[2024-08-14T04:32:30.817+0000] {logging_mixin.py:188} INFO - respuesta recibida:200
[2024-08-14T04:32:30.841+0000] {logging_mixin.py:188} INFO - Haciendo solicitud a la API para lat: 20.502494, lon: -100.14473
[2024-08-14T04:32:33.059+0000] {logging_mixin.py:188} INFO - respuesta recibida:200
[2024-08-14T04:32:33.064+0000] {logging_mixin.py:188} INFO - Haciendo solicitud a la API para lat: 21.053631, lon: -99.814526
[2024-08-14T04:32:34.176+0000] {logging_mixin.py:188} INFO - respuesta recibida:200
[2024-08-14T04:32:34.183+0000] {logging_mixin.py:188} INFO - Haciendo solicitud a la API para lat: 20.593391, lon: -100.389957
[2024-08-14T04:32:35.698+0000] {logging_mixin.py:188} INFO - respuesta recibida:200
[2024-08-14T04:32:35.700+0000] {logging_mixin.py:188} INFO - Haciendo solicitud a la API para lat: 20.916061, lon: -99.566359
[2024-08-14T04:32:36.681+0000] {logging_mixin.py:188} INFO - respuesta recibida:200
[2024-08-14T04:32:36.683+0000] {logging_mixin.py:188} INFO - Haciendo solicitud a la API para lat: 20.386441, lon: -99.999631
[2024-08-14T04:32:38.107+0000] {logging_mixin.py:188} INFO - respuesta recibida:200
[2024-08-14T04:32:38.110+0000] {logging_mixin.py:188} INFO - Haciendo solicitud a la API para lat: 20.518817, lon: -99.88384
[2024-08-14T04:32:39.045+0000] {logging_mixin.py:188} INFO - respuesta recibida:200
[2024-08-14T04:32:39.047+0000] {logging_mixin.py:188} INFO - Haciendo solicitud a la API para lat: 20.908149, lon: -99.9308
[2024-08-14T04:32:39.981+0000] {logging_mixin.py:188} INFO - respuesta recibida:200
[2024-08-14T04:32:39.987+0000] {logging_mixin.py:188} INFO - Pronosticos obtenidos:18
[2024-08-14T04:32:40.233+0000] {python.py:237} INFO - Done. Returned value was: None
[2024-08-14T04:32:40.234+0000] {taskinstance.py:441} INFO - ::group::Post task execution logs
[2024-08-14T04:32:40.255+0000] {taskinstance.py:1206} INFO - Marking task as SUCCESS. dag_id=weather_etl_dag, task_id=fetch_weather_data, run_id=manual__2024-08-14T04:31:22.695827+00:00, execution_date=20240814T043122, start_date=20240814T043219, end_date=20240814T043240
[2024-08-14T04:32:40.371+0000] {local_task_job_runner.py:243} INFO - Task exited with return code 0
[2024-08-14T04:32:40.448+0000] {taskinstance.py:3503} INFO - 1 downstream tasks scheduled from follow-on schedule check
[2024-08-14T04:32:40.625+0000] {local_task_job_runner.py:222} INFO - ::endgroup::
