[2024-08-23T02:09:15.998+0000] {local_task_job_runner.py:120} INFO - ::group::Pre task execution logs
[2024-08-23T02:09:16.127+0000] {taskinstance.py:2076} INFO - Dependencies all met for dep_context=non-requeueable deps ti=<TaskInstance: weather_etl_dag.translate_and_clean_data scheduled__2024-08-22T00:00:00+00:00 [queued]>
[2024-08-23T02:09:16.188+0000] {taskinstance.py:2076} INFO - Dependencies all met for dep_context=requeueable deps ti=<TaskInstance: weather_etl_dag.translate_and_clean_data scheduled__2024-08-22T00:00:00+00:00 [queued]>
[2024-08-23T02:09:16.208+0000] {taskinstance.py:2306} INFO - Starting attempt 1 of 2
[2024-08-23T02:09:16.764+0000] {taskinstance.py:2330} INFO - Executing <Task(PythonOperator): translate_and_clean_data> on 2024-08-22 00:00:00+00:00
[2024-08-23T02:09:16.781+0000] {warnings.py:112} WARNING - /home/***/.local/lib/python3.12/site-packages/***/task/task_runner/standard_task_runner.py:62: DeprecationWarning: This process (pid=272) is multi-threaded, use of fork() may lead to deadlocks in the child.
  pid = os.fork()

[2024-08-23T02:09:16.788+0000] {standard_task_runner.py:64} INFO - Started process 274 to run task
[2024-08-23T02:09:16.783+0000] {standard_task_runner.py:90} INFO - Running: ['***', 'tasks', 'run', 'weather_etl_dag', 'translate_and_clean_data', 'scheduled__2024-08-22T00:00:00+00:00', '--job-id', '331', '--raw', '--subdir', 'DAGS_FOLDER/weather_etl_dag.py', '--cfg-path', '/tmp/tmph229k10l']
[2024-08-23T02:09:16.808+0000] {standard_task_runner.py:91} INFO - Job 331: Subtask translate_and_clean_data
[2024-08-23T02:09:17.061+0000] {task_command.py:426} INFO - Running <TaskInstance: weather_etl_dag.translate_and_clean_data scheduled__2024-08-22T00:00:00+00:00 [running]> on host b7290fbe53d7
[2024-08-23T02:09:17.371+0000] {taskinstance.py:2648} INFO - Exporting env vars: AIRFLOW_CTX_DAG_OWNER='***' AIRFLOW_CTX_DAG_ID='weather_etl_dag' AIRFLOW_CTX_TASK_ID='translate_and_clean_data' AIRFLOW_CTX_EXECUTION_DATE='2024-08-22T00:00:00+00:00' AIRFLOW_CTX_TRY_NUMBER='1' AIRFLOW_CTX_DAG_RUN_ID='scheduled__2024-08-22T00:00:00+00:00'
[2024-08-23T02:09:17.388+0000] {taskinstance.py:430} INFO - ::endgroup::
[2024-08-23T02:09:17.559+0000] {logging_mixin.py:188} INFO - recuperando dataframe de pronosticos desde xcom
[2024-08-23T02:09:17.703+0000] {logging_mixin.py:188} INFO - numero de registros en pronosticos:18
[2024-08-23T02:09:17.895+0000] {logging_mixin.py:188} INFO - Pronósticos antes de limpiar y traducir:    cve_mun            municipio  ... wind_kph  humidity
0        1    AMEALCO DE BONFIL  ...     19.4        81
1        2      PINAL DE AMOLES  ...     15.5        78
2        3          ARROYO SECO  ...     17.6        81
3        4  CADEREYTA DE MONTES  ...     13.0        82
4        5                COLON  ...     15.5        78

[5 rows x 10 columns]
[2024-08-23T02:10:18.585+0000] {logging_mixin.py:188} INFO - Pronósticos después de limpiar y traducir:    cve_mun            municipio  ... viento_kph  humedad
0        1    Amealco De Bonfil  ...       19.4       81
1        2      Pinal De Amoles  ...       15.5       78
2        3          Arroyo Seco  ...       17.6       81
3        4  Cadereyta De Montes  ...       13.0       82
4        5                Colon  ...       15.5       78

[5 rows x 10 columns]
[2024-08-23T02:10:18.678+0000] {python.py:237} INFO - Done. Returned value was: None
[2024-08-23T02:10:18.679+0000] {taskinstance.py:441} INFO - ::group::Post task execution logs
[2024-08-23T02:10:18.693+0000] {taskinstance.py:1206} INFO - Marking task as SUCCESS. dag_id=weather_etl_dag, task_id=translate_and_clean_data, run_id=scheduled__2024-08-22T00:00:00+00:00, execution_date=20240822T000000, start_date=20240823T020916, end_date=20240823T021018
[2024-08-23T02:10:18.784+0000] {local_task_job_runner.py:243} INFO - Task exited with return code 0
[2024-08-23T02:10:18.803+0000] {local_task_job_runner.py:222} INFO - ::endgroup::
[2024-09-05T23:51:01.053+0000] {local_task_job_runner.py:123} INFO - ::group::Pre task execution logs
[2024-09-05T23:51:01.088+0000] {taskinstance.py:2603} INFO - Dependencies all met for dep_context=non-requeueable deps ti=<TaskInstance: weather_etl_dag.translate_and_clean_data scheduled__2024-08-22T00:00:00+00:00 [queued]>
[2024-09-05T23:51:01.097+0000] {taskinstance.py:2603} INFO - Dependencies all met for dep_context=requeueable deps ti=<TaskInstance: weather_etl_dag.translate_and_clean_data scheduled__2024-08-22T00:00:00+00:00 [queued]>
[2024-09-05T23:51:01.097+0000] {taskinstance.py:2856} INFO - Starting attempt 1 of 2
[2024-09-05T23:51:01.163+0000] {taskinstance.py:2879} INFO - Executing <Task(PythonOperator): translate_and_clean_data> on 2024-08-22 00:00:00+00:00
[2024-09-05T23:51:01.168+0000] {warnings.py:112} WARNING - /usr/local/lib/python3.12/site-packages/***/task/task_runner/standard_task_runner.py:70: DeprecationWarning: This process (pid=407) is multi-threaded, use of fork() may lead to deadlocks in the child.
  pid = os.fork()

[2024-09-05T23:51:01.170+0000] {standard_task_runner.py:72} INFO - Started process 414 to run task
[2024-09-05T23:51:01.171+0000] {standard_task_runner.py:104} INFO - Running: ['***', 'tasks', 'run', 'weather_etl_dag', 'translate_and_clean_data', 'scheduled__2024-08-22T00:00:00+00:00', '--job-id', '161', '--raw', '--subdir', 'DAGS_FOLDER/weather_etl_dag.py', '--cfg-path', '/tmp/tmp8yan66b5']
[2024-09-05T23:51:01.173+0000] {standard_task_runner.py:105} INFO - Job 161: Subtask translate_and_clean_data
[2024-09-05T23:51:01.312+0000] {task_command.py:467} INFO - Running <TaskInstance: weather_etl_dag.translate_and_clean_data scheduled__2024-08-22T00:00:00+00:00 [running]> on host da9f5d3bcb59
[2024-09-05T23:51:07.133+0000] {taskinstance.py:3122} INFO - Exporting env vars: AIRFLOW_CTX_DAG_OWNER='***' AIRFLOW_CTX_DAG_ID='weather_etl_dag' AIRFLOW_CTX_TASK_ID='translate_and_clean_data' AIRFLOW_CTX_EXECUTION_DATE='2024-08-22T00:00:00+00:00' AIRFLOW_CTX_TRY_NUMBER='1' AIRFLOW_CTX_DAG_RUN_ID='scheduled__2024-08-22T00:00:00+00:00'
[2024-09-05T23:51:07.135+0000] {taskinstance.py:731} INFO - ::endgroup::
[2024-09-05T23:52:11.539+0000] {python.py:240} INFO - Done. Returned value was: None
[2024-09-05T23:52:11.551+0000] {taskinstance.py:340} INFO - ::group::Post task execution logs
[2024-09-05T23:52:11.551+0000] {taskinstance.py:352} INFO - Marking task as SUCCESS. dag_id=weather_etl_dag, task_id=translate_and_clean_data, run_id=scheduled__2024-08-22T00:00:00+00:00, execution_date=20240822T000000, start_date=20240905T235101, end_date=20240905T235211
[2024-09-05T23:52:12.030+0000] {local_task_job_runner.py:261} INFO - Task exited with return code 0
[2024-09-05T23:52:13.165+0000] {local_task_job_runner.py:240} INFO - ::endgroup::
