[2024-09-06T14:20:03.802+0000] {local_task_job_runner.py:123} INFO - ::group::Pre task execution logs
[2024-09-06T14:20:03.821+0000] {taskinstance.py:2603} INFO - Dependencies all met for dep_context=non-requeueable deps ti=<TaskInstance: weather_etl_dag.get_forecast_and_drought_data manual__2024-09-06T14:17:09.893022+00:00 [queued]>
[2024-09-06T14:20:03.838+0000] {taskinstance.py:2603} INFO - Dependencies all met for dep_context=requeueable deps ti=<TaskInstance: weather_etl_dag.get_forecast_and_drought_data manual__2024-09-06T14:17:09.893022+00:00 [queued]>
[2024-09-06T14:20:03.840+0000] {taskinstance.py:2856} INFO - Starting attempt 1 of 2
[2024-09-06T14:20:03.893+0000] {taskinstance.py:2879} INFO - Executing <Task(PythonOperator): get_forecast_and_drought_data> on 2024-09-06 14:17:09.893022+00:00
[2024-09-06T14:20:03.898+0000] {standard_task_runner.py:72} INFO - Started process 152 to run task
[2024-09-06T14:20:03.903+0000] {standard_task_runner.py:104} INFO - Running: ['***', 'tasks', 'run', 'weather_etl_dag', 'get_forecast_and_drought_data', 'manual__2024-09-06T14:17:09.893022+00:00', '--job-id', '18', '--raw', '--subdir', 'DAGS_FOLDER/weather_etl_dag.py', '--cfg-path', '/tmp/tmpzviwme97']
[2024-09-06T14:20:03.906+0000] {standard_task_runner.py:105} INFO - Job 18: Subtask get_forecast_and_drought_data
[2024-09-06T14:20:04.011+0000] {task_command.py:467} INFO - Running <TaskInstance: weather_etl_dag.get_forecast_and_drought_data manual__2024-09-06T14:17:09.893022+00:00 [running]> on host ca3036c02e01
[2024-09-06T14:20:04.395+0000] {taskinstance.py:3122} INFO - Exporting env vars: AIRFLOW_CTX_DAG_OWNER='***' AIRFLOW_CTX_DAG_ID='weather_etl_dag' AIRFLOW_CTX_TASK_ID='get_forecast_and_drought_data' AIRFLOW_CTX_EXECUTION_DATE='2024-09-06T14:17:09.893022+00:00' AIRFLOW_CTX_TRY_NUMBER='1' AIRFLOW_CTX_DAG_RUN_ID='manual__2024-09-06T14:17:09.893022+00:00'
[2024-09-06T14:20:04.396+0000] {taskinstance.py:731} INFO - ::endgroup::
[2024-09-06T14:20:05.570+0000] {warnings.py:109} WARNING - /root/***/dags/weather_etl.py:150: UserWarning: pandas only supports SQLAlchemy connectable (engine/connection) or database string URI or sqlite3 DBAPI2 connection. Other DBAPI2 objects are not tested. Please consider using SQLAlchemy.
  df_pronosticos_clima = pd.read_sql_query(query, conn)

[2024-09-06T14:20:05.831+0000] {warnings.py:109} WARNING - /root/***/dags/weather_etl.py:153: UserWarning: pandas only supports SQLAlchemy connectable (engine/connection) or database string URI or sqlite3 DBAPI2 connection. Other DBAPI2 objects are not tested. Please consider using SQLAlchemy.
  df_sequia = pd.read_sql_query(query, conn)

[2024-09-06T14:20:06.853+0000] {python.py:240} INFO - Done. Returned value was: None
[2024-09-06T14:20:06.878+0000] {taskinstance.py:340} INFO - ::group::Post task execution logs
[2024-09-06T14:20:06.879+0000] {taskinstance.py:352} INFO - Marking task as SUCCESS. dag_id=weather_etl_dag, task_id=get_forecast_and_drought_data, run_id=manual__2024-09-06T14:17:09.893022+00:00, execution_date=20240906T141709, start_date=20240906T142003, end_date=20240906T142006
[2024-09-06T14:20:06.965+0000] {local_task_job_runner.py:261} INFO - Task exited with return code 0
[2024-09-06T14:20:07.017+0000] {taskinstance.py:3891} INFO - 1 downstream tasks scheduled from follow-on schedule check
[2024-09-06T14:20:07.098+0000] {local_task_job_runner.py:240} INFO - ::endgroup::
