[2024-08-21T01:49:27.835+0000] {local_task_job_runner.py:120} INFO - ::group::Pre task execution logs
[2024-08-21T01:49:27.858+0000] {taskinstance.py:2076} INFO - Dependencies all met for dep_context=non-requeueable deps ti=<TaskInstance: weather_etl_dag.map_sequia_indicator scheduled__2024-08-20T00:00:00+00:00 [queued]>
[2024-08-21T01:49:27.867+0000] {taskinstance.py:2076} INFO - Dependencies all met for dep_context=requeueable deps ti=<TaskInstance: weather_etl_dag.map_sequia_indicator scheduled__2024-08-20T00:00:00+00:00 [queued]>
[2024-08-21T01:49:27.868+0000] {taskinstance.py:2306} INFO - Starting attempt 1 of 2
[2024-08-21T01:49:28.078+0000] {taskinstance.py:2330} INFO - Executing <Task(PythonOperator): map_sequia_indicator> on 2024-08-20 00:00:00+00:00
[2024-08-21T01:49:28.083+0000] {warnings.py:112} WARNING - /home/***/.local/lib/python3.12/site-packages/***/task/task_runner/standard_task_runner.py:62: DeprecationWarning: This process (pid=357) is multi-threaded, use of fork() may lead to deadlocks in the child.
  pid = os.fork()

[2024-08-21T01:49:28.086+0000] {standard_task_runner.py:64} INFO - Started process 359 to run task
[2024-08-21T01:49:28.085+0000] {standard_task_runner.py:90} INFO - Running: ['***', 'tasks', 'run', 'weather_etl_dag', 'map_sequia_indicator', 'scheduled__2024-08-20T00:00:00+00:00', '--job-id', '273', '--raw', '--subdir', 'DAGS_FOLDER/weather_etl_dag.py', '--cfg-path', '/tmp/tmpa5w0b455']
[2024-08-21T01:49:28.088+0000] {standard_task_runner.py:91} INFO - Job 273: Subtask map_sequia_indicator
[2024-08-21T01:49:28.187+0000] {task_command.py:426} INFO - Running <TaskInstance: weather_etl_dag.map_sequia_indicator scheduled__2024-08-20T00:00:00+00:00 [running]> on host b7290fbe53d7
[2024-08-21T01:49:28.360+0000] {taskinstance.py:2648} INFO - Exporting env vars: AIRFLOW_CTX_DAG_OWNER='***' AIRFLOW_CTX_DAG_ID='weather_etl_dag' AIRFLOW_CTX_TASK_ID='map_sequia_indicator' AIRFLOW_CTX_EXECUTION_DATE='2024-08-20T00:00:00+00:00' AIRFLOW_CTX_TRY_NUMBER='1' AIRFLOW_CTX_DAG_RUN_ID='scheduled__2024-08-20T00:00:00+00:00'
[2024-08-21T01:49:28.362+0000] {taskinstance.py:430} INFO - ::endgroup::
[2024-08-21T01:49:28.423+0000] {logging_mixin.py:188} INFO - Pronósticos clima antes de mapear sequía:    cve_mun            municipio fecha_pronostico indicador_sequia
0        1    Amealco De Bonfil       2024-08-20               D4
1        2      Pinal De Amoles       2024-08-20               D1
2        3          Arroyo Seco       2024-08-20               D0
3        4  Cadereyta De Montes       2024-08-20               D3
4        5                Colon       2024-08-20               D4
[2024-08-21T01:49:28.432+0000] {logging_mixin.py:188} INFO - Datos de sequía para mapear:    cve_mun          nombre_mun  cve_ent               entidad       fecha valor
0        1   Amealco de Bonfil       22  Querétaro de Arteaga  2003-03-31    D0
1       10  Landa de Matamoros       22  Querétaro de Arteaga  2003-06-30    D0
2        2     Pinal de Amoles       22  Querétaro de Arteaga  2004-09-30    D0
3        3         Arroyo Seco       22  Querétaro de Arteaga  2004-09-30    D0
4        9     Jalpan de Serra       22  Querétaro de Arteaga  2004-09-30    D0
[2024-08-21T01:49:28.470+0000] {logging_mixin.py:188} INFO - Pronósticos clima después de mapear sequía:    cve_mun            municipio fecha_pronostico indicador_sequia
0        1    Amealco De Bonfil       2024-08-20               D4
1        2      Pinal De Amoles       2024-08-20               D1
2        3          Arroyo Seco       2024-08-20               D0
3        4  Cadereyta De Montes       2024-08-20               D3
4        5                Colon       2024-08-20               D4
[2024-08-21T01:49:28.523+0000] {python.py:237} INFO - Done. Returned value was: None
[2024-08-21T01:49:28.524+0000] {taskinstance.py:441} INFO - ::group::Post task execution logs
[2024-08-21T01:49:28.532+0000] {taskinstance.py:1206} INFO - Marking task as SUCCESS. dag_id=weather_etl_dag, task_id=map_sequia_indicator, run_id=scheduled__2024-08-20T00:00:00+00:00, execution_date=20240820T000000, start_date=20240821T014927, end_date=20240821T014928
[2024-08-21T01:49:28.623+0000] {local_task_job_runner.py:243} INFO - Task exited with return code 0
[2024-08-21T01:49:28.640+0000] {taskinstance.py:3503} INFO - 1 downstream tasks scheduled from follow-on schedule check
[2024-08-21T01:49:28.679+0000] {local_task_job_runner.py:222} INFO - ::endgroup::
[2024-09-06T03:45:55.353+0000] {local_task_job_runner.py:123} INFO - ::group::Pre task execution logs
[2024-09-06T03:45:55.489+0000] {taskinstance.py:2603} INFO - Dependencies all met for dep_context=non-requeueable deps ti=<TaskInstance: weather_etl_dag.map_sequia_indicator scheduled__2024-08-20T00:00:00+00:00 [queued]>
[2024-09-06T03:45:55.502+0000] {taskinstance.py:2603} INFO - Dependencies all met for dep_context=requeueable deps ti=<TaskInstance: weather_etl_dag.map_sequia_indicator scheduled__2024-08-20T00:00:00+00:00 [queued]>
[2024-09-06T03:45:55.502+0000] {taskinstance.py:2856} INFO - Starting attempt 1 of 2
[2024-09-06T03:45:55.561+0000] {taskinstance.py:2879} INFO - Executing <Task(PythonOperator): map_sequia_indicator> on 2024-08-20 00:00:00+00:00
[2024-09-06T03:45:55.569+0000] {standard_task_runner.py:104} INFO - Running: ['***', 'tasks', 'run', 'weather_etl_dag', 'map_sequia_indicator', 'scheduled__2024-08-20T00:00:00+00:00', '--job-id', '247', '--raw', '--subdir', 'DAGS_FOLDER/weather_etl_dag.py', '--cfg-path', '/tmp/tmppj_go5e4']
[2024-09-06T03:45:55.572+0000] {standard_task_runner.py:105} INFO - Job 247: Subtask map_sequia_indicator
[2024-09-06T03:45:55.589+0000] {warnings.py:112} WARNING - /usr/local/lib/python3.12/site-packages/***/task/task_runner/standard_task_runner.py:70: DeprecationWarning: This process (pid=121) is multi-threaded, use of fork() may lead to deadlocks in the child.
  pid = os.fork()

[2024-09-06T03:45:55.590+0000] {standard_task_runner.py:72} INFO - Started process 123 to run task
[2024-09-06T03:45:55.697+0000] {task_command.py:467} INFO - Running <TaskInstance: weather_etl_dag.map_sequia_indicator scheduled__2024-08-20T00:00:00+00:00 [running]> on host 4b8f6e83ee7a
[2024-09-06T03:45:56.377+0000] {taskinstance.py:3122} INFO - Exporting env vars: AIRFLOW_CTX_DAG_OWNER='***' AIRFLOW_CTX_DAG_ID='weather_etl_dag' AIRFLOW_CTX_TASK_ID='map_sequia_indicator' AIRFLOW_CTX_EXECUTION_DATE='2024-08-20T00:00:00+00:00' AIRFLOW_CTX_TRY_NUMBER='1' AIRFLOW_CTX_DAG_RUN_ID='scheduled__2024-08-20T00:00:00+00:00'
[2024-09-06T03:45:56.379+0000] {taskinstance.py:731} INFO - ::endgroup::
[2024-09-06T03:45:57.940+0000] {python.py:240} INFO - Done. Returned value was: None
[2024-09-06T03:45:58.002+0000] {taskinstance.py:340} INFO - ::group::Post task execution logs
[2024-09-06T03:45:58.003+0000] {taskinstance.py:352} INFO - Marking task as SUCCESS. dag_id=weather_etl_dag, task_id=map_sequia_indicator, run_id=scheduled__2024-08-20T00:00:00+00:00, execution_date=20240820T000000, start_date=20240906T034555, end_date=20240906T034558
[2024-09-06T03:45:58.098+0000] {local_task_job_runner.py:261} INFO - Task exited with return code 0
[2024-09-06T03:45:58.151+0000] {taskinstance.py:3891} INFO - 1 downstream tasks scheduled from follow-on schedule check
[2024-09-06T03:45:58.196+0000] {local_task_job_runner.py:240} INFO - ::endgroup::
