[2024-09-05T00:48:50.063+0000] {local_task_job_runner.py:123} INFO - ::group::Pre task execution logs
[2024-09-05T00:48:50.116+0000] {taskinstance.py:2603} INFO - Dependencies all met for dep_context=non-requeueable deps ti=<TaskInstance: weather_etl_dag.map_sequia_indicator scheduled__2024-08-11T00:00:00+00:00 [queued]>
[2024-09-05T00:48:50.134+0000] {taskinstance.py:2603} INFO - Dependencies all met for dep_context=requeueable deps ti=<TaskInstance: weather_etl_dag.map_sequia_indicator scheduled__2024-08-11T00:00:00+00:00 [queued]>
[2024-09-05T00:48:50.136+0000] {taskinstance.py:2856} INFO - Starting attempt 1 of 2
[2024-09-05T00:48:50.266+0000] {taskinstance.py:2879} INFO - Executing <Task(PythonOperator): map_sequia_indicator> on 2024-08-11 00:00:00+00:00
[2024-09-05T00:48:50.272+0000] {warnings.py:112} WARNING - /usr/local/lib/python3.12/site-packages/***/task/task_runner/standard_task_runner.py:70: DeprecationWarning: This process (pid=967) is multi-threaded, use of fork() may lead to deadlocks in the child.
  pid = os.fork()

[2024-09-05T00:48:50.276+0000] {standard_task_runner.py:72} INFO - Started process 969 to run task
[2024-09-05T00:48:50.275+0000] {standard_task_runner.py:104} INFO - Running: ['***', 'tasks', 'run', 'weather_etl_dag', 'map_sequia_indicator', 'scheduled__2024-08-11T00:00:00+00:00', '--job-id', '114', '--raw', '--subdir', 'DAGS_FOLDER/weather_etl_dag.py', '--cfg-path', '/tmp/tmpo46ac6qi']
[2024-09-05T00:48:50.278+0000] {standard_task_runner.py:105} INFO - Job 114: Subtask map_sequia_indicator
[2024-09-05T00:48:50.421+0000] {task_command.py:467} INFO - Running <TaskInstance: weather_etl_dag.map_sequia_indicator scheduled__2024-08-11T00:00:00+00:00 [running]> on host b778581f4b0f
[2024-09-05T00:48:50.784+0000] {taskinstance.py:3122} INFO - Exporting env vars: AIRFLOW_CTX_DAG_OWNER='***' AIRFLOW_CTX_DAG_ID='weather_etl_dag' AIRFLOW_CTX_TASK_ID='map_sequia_indicator' AIRFLOW_CTX_EXECUTION_DATE='2024-08-11T00:00:00+00:00' AIRFLOW_CTX_TRY_NUMBER='1' AIRFLOW_CTX_DAG_RUN_ID='scheduled__2024-08-11T00:00:00+00:00'
[2024-09-05T00:48:50.789+0000] {taskinstance.py:731} INFO - ::endgroup::
[2024-09-05T00:48:50.897+0000] {logging_mixin.py:190} INFO - Pronósticos clima antes de mapear sequía:    cve_mun            municipio fecha_pronostico indicador_sequia
0        1    Amealco De Bonfil       2024-09-04             None
1        2      Pinal De Amoles       2024-09-04             None
2        3          Arroyo Seco       2024-09-04             None
3        4  Cadereyta De Montes       2024-09-04             None
4        5                Colon       2024-09-04             None
[2024-09-05T00:48:50.907+0000] {logging_mixin.py:190} INFO - Datos de sequía para mapear:    cve_mun          nombre_mun  cve_ent               entidad       fecha valor
0        1   Amealco de Bonfil       22  Querétaro de Arteaga  2003-03-31    D0
1       10  Landa de Matamoros       22  Querétaro de Arteaga  2003-06-30    D0
2        2     Pinal de Amoles       22  Querétaro de Arteaga  2004-09-30    D0
3        3         Arroyo Seco       22  Querétaro de Arteaga  2004-09-30    D0
4        9     Jalpan de Serra       22  Querétaro de Arteaga  2004-09-30    D0
[2024-09-05T00:48:50.918+0000] {logging_mixin.py:190} INFO - Pronósticos clima después de mapear sequía:    cve_mun            municipio fecha_pronostico indicador_sequia
0        1    Amealco De Bonfil       2024-09-04               D4
1        2      Pinal De Amoles       2024-09-04               D1
2        3          Arroyo Seco       2024-09-04               D0
3        4  Cadereyta De Montes       2024-09-04               D3
4        5                Colon       2024-09-04               D4
[2024-09-05T00:48:50.986+0000] {python.py:240} INFO - Done. Returned value was: None
[2024-09-05T00:48:51.022+0000] {taskinstance.py:340} INFO - ::group::Post task execution logs
[2024-09-05T00:48:51.023+0000] {taskinstance.py:352} INFO - Marking task as SUCCESS. dag_id=weather_etl_dag, task_id=map_sequia_indicator, run_id=scheduled__2024-08-11T00:00:00+00:00, execution_date=20240811T000000, start_date=20240905T004850, end_date=20240905T004851
[2024-09-05T00:48:51.136+0000] {local_task_job_runner.py:261} INFO - Task exited with return code 0
[2024-09-05T00:48:51.166+0000] {taskinstance.py:3891} INFO - 1 downstream tasks scheduled from follow-on schedule check
[2024-09-05T00:48:51.209+0000] {local_task_job_runner.py:240} INFO - ::endgroup::
[2024-09-05T18:16:51.434+0000] {local_task_job_runner.py:123} INFO - ::group::Pre task execution logs
[2024-09-05T18:16:51.515+0000] {taskinstance.py:2603} INFO - Dependencies all met for dep_context=non-requeueable deps ti=<TaskInstance: weather_etl_dag.map_sequia_indicator scheduled__2024-08-11T00:00:00+00:00 [queued]>
[2024-09-05T18:16:51.543+0000] {taskinstance.py:2603} INFO - Dependencies all met for dep_context=requeueable deps ti=<TaskInstance: weather_etl_dag.map_sequia_indicator scheduled__2024-08-11T00:00:00+00:00 [queued]>
[2024-09-05T18:16:51.550+0000] {taskinstance.py:2856} INFO - Starting attempt 1 of 2
[2024-09-05T18:16:51.677+0000] {taskinstance.py:2879} INFO - Executing <Task(PythonOperator): map_sequia_indicator> on 2024-08-11 00:00:00+00:00
[2024-09-05T18:16:51.682+0000] {warnings.py:112} WARNING - /usr/local/lib/python3.12/site-packages/***/task/task_runner/standard_task_runner.py:70: DeprecationWarning: This process (pid=1006) is multi-threaded, use of fork() may lead to deadlocks in the child.
  pid = os.fork()

[2024-09-05T18:16:51.686+0000] {standard_task_runner.py:72} INFO - Started process 1010 to run task
[2024-09-05T18:16:51.691+0000] {standard_task_runner.py:104} INFO - Running: ['***', 'tasks', 'run', 'weather_etl_dag', 'map_sequia_indicator', 'scheduled__2024-08-11T00:00:00+00:00', '--job-id', '97', '--raw', '--subdir', 'DAGS_FOLDER/weather_etl_dag.py', '--cfg-path', '/tmp/tmp2u_osc_1']
[2024-09-05T18:16:51.693+0000] {standard_task_runner.py:105} INFO - Job 97: Subtask map_sequia_indicator
[2024-09-05T18:16:51.855+0000] {task_command.py:467} INFO - Running <TaskInstance: weather_etl_dag.map_sequia_indicator scheduled__2024-08-11T00:00:00+00:00 [running]> on host 0b8eaea5e88c
[2024-09-05T18:16:52.690+0000] {taskinstance.py:3122} INFO - Exporting env vars: AIRFLOW_CTX_DAG_OWNER='***' AIRFLOW_CTX_DAG_ID='weather_etl_dag' AIRFLOW_CTX_TASK_ID='map_sequia_indicator' AIRFLOW_CTX_EXECUTION_DATE='2024-08-11T00:00:00+00:00' AIRFLOW_CTX_TRY_NUMBER='1' AIRFLOW_CTX_DAG_RUN_ID='scheduled__2024-08-11T00:00:00+00:00'
[2024-09-05T18:16:52.704+0000] {taskinstance.py:731} INFO - ::endgroup::
[2024-09-05T18:16:53.087+0000] {logging_mixin.py:190} INFO - Pronósticos clima antes de mapear sequía:    cve_mun            municipio fecha_pronostico indicador_sequia
0        1    Amealco De Bonfil       2024-09-05             None
1        2      Pinal De Amoles       2024-09-05             None
2        3          Arroyo Seco       2024-09-05             None
3        4  Cadereyta De Montes       2024-09-05             None
4        5                Colon       2024-09-05             None
[2024-09-05T18:16:53.096+0000] {logging_mixin.py:190} INFO - Datos de sequía para mapear:    cve_mun          nombre_mun  cve_ent               entidad       fecha valor
0        1   Amealco de Bonfil       22  Querétaro de Arteaga  2003-03-31    D0
1       10  Landa de Matamoros       22  Querétaro de Arteaga  2003-06-30    D0
2        2     Pinal de Amoles       22  Querétaro de Arteaga  2004-09-30    D0
3        3         Arroyo Seco       22  Querétaro de Arteaga  2004-09-30    D0
4        9     Jalpan de Serra       22  Querétaro de Arteaga  2004-09-30    D0
[2024-09-05T18:16:53.110+0000] {logging_mixin.py:190} INFO - Pronósticos clima después de mapear sequía:    cve_mun            municipio fecha_pronostico indicador_sequia
0        1    Amealco De Bonfil       2024-09-05               D4
1        2      Pinal De Amoles       2024-09-05               D1
2        3          Arroyo Seco       2024-09-05               D0
3        4  Cadereyta De Montes       2024-09-05               D3
4        5                Colon       2024-09-05               D4
[2024-09-05T18:16:53.202+0000] {python.py:240} INFO - Done. Returned value was: None
[2024-09-05T18:16:53.237+0000] {taskinstance.py:340} INFO - ::group::Post task execution logs
[2024-09-05T18:16:53.238+0000] {taskinstance.py:352} INFO - Marking task as SUCCESS. dag_id=weather_etl_dag, task_id=map_sequia_indicator, run_id=scheduled__2024-08-11T00:00:00+00:00, execution_date=20240811T000000, start_date=20240905T181651, end_date=20240905T181653
[2024-09-05T18:16:53.379+0000] {local_task_job_runner.py:261} INFO - Task exited with return code 0
[2024-09-05T18:16:53.432+0000] {taskinstance.py:3891} INFO - 1 downstream tasks scheduled from follow-on schedule check
[2024-09-05T18:16:53.507+0000] {local_task_job_runner.py:240} INFO - ::endgroup::
