[2024-08-30T00:00:35.400+0000] {local_task_job_runner.py:120} INFO - ::group::Pre task execution logs
[2024-08-30T00:00:35.420+0000] {taskinstance.py:2076} INFO - Dependencies all met for dep_context=non-requeueable deps ti=<TaskInstance: weather_etl_dag.fetch_weather_data scheduled__2024-08-29T00:00:00+00:00 [queued]>
[2024-08-30T00:00:35.430+0000] {taskinstance.py:2076} INFO - Dependencies all met for dep_context=requeueable deps ti=<TaskInstance: weather_etl_dag.fetch_weather_data scheduled__2024-08-29T00:00:00+00:00 [queued]>
[2024-08-30T00:00:35.472+0000] {taskinstance.py:2306} INFO - Starting attempt 1 of 2
[2024-08-30T00:00:35.622+0000] {taskinstance.py:2330} INFO - Executing <Task(PythonOperator): fetch_weather_data> on 2024-08-29 00:00:00+00:00
[2024-08-30T00:00:35.626+0000] {warnings.py:112} WARNING - /home/***/.local/lib/python3.12/site-packages/***/task/task_runner/standard_task_runner.py:62: DeprecationWarning: This process (pid=613) is multi-threaded, use of fork() may lead to deadlocks in the child.
  pid = os.fork()

[2024-08-30T00:00:35.628+0000] {standard_task_runner.py:64} INFO - Started process 615 to run task
[2024-08-30T00:00:35.628+0000] {standard_task_runner.py:90} INFO - Running: ['***', 'tasks', 'run', 'weather_etl_dag', 'fetch_weather_data', 'scheduled__2024-08-29T00:00:00+00:00', '--job-id', '414', '--raw', '--subdir', 'DAGS_FOLDER/weather_etl_dag.py', '--cfg-path', '/tmp/tmph6_gni37']
[2024-08-30T00:00:35.630+0000] {standard_task_runner.py:91} INFO - Job 414: Subtask fetch_weather_data
[2024-08-30T00:00:35.711+0000] {task_command.py:426} INFO - Running <TaskInstance: weather_etl_dag.fetch_weather_data scheduled__2024-08-29T00:00:00+00:00 [running]> on host b7290fbe53d7
[2024-08-30T00:00:35.902+0000] {taskinstance.py:2648} INFO - Exporting env vars: AIRFLOW_CTX_DAG_OWNER='***' AIRFLOW_CTX_DAG_ID='weather_etl_dag' AIRFLOW_CTX_TASK_ID='fetch_weather_data' AIRFLOW_CTX_EXECUTION_DATE='2024-08-29T00:00:00+00:00' AIRFLOW_CTX_TRY_NUMBER='1' AIRFLOW_CTX_DAG_RUN_ID='scheduled__2024-08-29T00:00:00+00:00'
[2024-08-30T00:00:35.903+0000] {taskinstance.py:430} INFO - ::endgroup::
[2024-08-30T00:00:35.915+0000] {logging_mixin.py:188} INFO - recuperando municipios desde xcom
[2024-08-30T00:00:35.952+0000] {logging_mixin.py:188} INFO - numero de municipios recuperados:18
[2024-08-30T00:00:35.965+0000] {logging_mixin.py:188} INFO - Datos de municipios para obtener clima:    cve_mun              nom_mun  lat_decimal  lon_decimal
0        1    AMEALCO DE BONFIL    20.186444  -100.144195
1        2      PINAL DE AMOLES    21.135302   -99.627540
2        3          ARROYO SECO    21.548036   -99.689166
3        4  CADEREYTA DE MONTES    20.695023   -99.815633
4        5                COLON    20.788326  -100.045430
[2024-08-30T00:00:35.971+0000] {logging_mixin.py:188} INFO - Haciendo solicitud a la API para lat: 20.186444, lon: -100.144195
[2024-08-30T00:00:36.992+0000] {logging_mixin.py:188} INFO - respuesta recibida:200
[2024-08-30T00:00:36.993+0000] {logging_mixin.py:188} INFO - Haciendo solicitud a la API para lat: 21.135302, lon: -99.62754
[2024-08-30T00:00:37.944+0000] {logging_mixin.py:188} INFO - respuesta recibida:200
[2024-08-30T00:00:37.946+0000] {logging_mixin.py:188} INFO - Haciendo solicitud a la API para lat: 21.548036, lon: -99.689166
[2024-08-30T00:00:38.818+0000] {logging_mixin.py:188} INFO - respuesta recibida:200
[2024-08-30T00:00:39.179+0000] {logging_mixin.py:188} INFO - Haciendo solicitud a la API para lat: 20.695023, lon: -99.815633
[2024-08-30T00:00:40.116+0000] {logging_mixin.py:188} INFO - respuesta recibida:200
[2024-08-30T00:00:40.118+0000] {logging_mixin.py:188} INFO - Haciendo solicitud a la API para lat: 20.788326, lon: -100.04543
[2024-08-30T00:00:41.042+0000] {logging_mixin.py:188} INFO - respuesta recibida:200
[2024-08-30T00:00:41.044+0000] {logging_mixin.py:188} INFO - Haciendo solicitud a la API para lat: 20.552436, lon: -100.445883
[2024-08-30T00:00:41.953+0000] {logging_mixin.py:188} INFO - respuesta recibida:200
[2024-08-30T00:00:41.955+0000] {logging_mixin.py:188} INFO - Haciendo solicitud a la API para lat: 20.665295, lon: -99.898405
[2024-08-30T00:00:42.899+0000] {logging_mixin.py:188} INFO - respuesta recibida:200
[2024-08-30T00:00:42.900+0000] {logging_mixin.py:188} INFO - Haciendo solicitud a la API para lat: 20.375244, lon: -100.274333
[2024-08-30T00:00:43.868+0000] {logging_mixin.py:188} INFO - respuesta recibida:200
[2024-08-30T00:00:43.869+0000] {logging_mixin.py:188} INFO - Haciendo solicitud a la API para lat: 21.216802, lon: -99.47291
[2024-08-30T00:00:44.824+0000] {logging_mixin.py:188} INFO - respuesta recibida:200
[2024-08-30T00:00:44.825+0000] {logging_mixin.py:188} INFO - Haciendo solicitud a la API para lat: 21.183456, lon: -99.321914
[2024-08-30T00:00:45.775+0000] {logging_mixin.py:188} INFO - respuesta recibida:200
[2024-08-30T00:00:45.776+0000] {logging_mixin.py:188} INFO - Haciendo solicitud a la API para lat: 20.60657, lon: -100.331096
[2024-08-30T00:00:46.650+0000] {logging_mixin.py:188} INFO - respuesta recibida:200
[2024-08-30T00:00:46.651+0000] {logging_mixin.py:188} INFO - Haciendo solicitud a la API para lat: 20.502494, lon: -100.14473
[2024-08-30T00:00:47.453+0000] {logging_mixin.py:188} INFO - respuesta recibida:200
[2024-08-30T00:00:47.454+0000] {logging_mixin.py:188} INFO - Haciendo solicitud a la API para lat: 21.053631, lon: -99.814526
[2024-08-30T00:00:48.365+0000] {logging_mixin.py:188} INFO - respuesta recibida:200
[2024-08-30T00:00:48.367+0000] {logging_mixin.py:188} INFO - Haciendo solicitud a la API para lat: 20.593391, lon: -100.389957
[2024-08-30T00:00:49.278+0000] {logging_mixin.py:188} INFO - respuesta recibida:200
[2024-08-30T00:00:49.279+0000] {logging_mixin.py:188} INFO - Haciendo solicitud a la API para lat: 20.916061, lon: -99.566359
[2024-08-30T00:00:50.154+0000] {logging_mixin.py:188} INFO - respuesta recibida:200
[2024-08-30T00:00:50.156+0000] {logging_mixin.py:188} INFO - Haciendo solicitud a la API para lat: 20.386441, lon: -99.999631
[2024-08-30T00:00:50.955+0000] {logging_mixin.py:188} INFO - respuesta recibida:200
[2024-08-30T00:00:51.762+0000] {logging_mixin.py:188} INFO - Haciendo solicitud a la API para lat: 20.518817, lon: -99.88384
[2024-08-30T00:00:52.797+0000] {logging_mixin.py:188} INFO - respuesta recibida:200
[2024-08-30T00:00:52.799+0000] {logging_mixin.py:188} INFO - Haciendo solicitud a la API para lat: 20.908149, lon: -99.9308
[2024-08-30T00:00:54.679+0000] {logging_mixin.py:188} INFO - respuesta recibida:200
[2024-08-30T00:00:54.682+0000] {logging_mixin.py:188} INFO - Pronosticos obtenidos:18
[2024-08-30T00:00:56.253+0000] {python.py:237} INFO - Done. Returned value was: None
[2024-08-30T00:00:56.254+0000] {taskinstance.py:441} INFO - ::group::Post task execution logs
[2024-08-30T00:00:56.261+0000] {taskinstance.py:1206} INFO - Marking task as SUCCESS. dag_id=weather_etl_dag, task_id=fetch_weather_data, run_id=scheduled__2024-08-29T00:00:00+00:00, execution_date=20240829T000000, start_date=20240830T000035, end_date=20240830T000056
[2024-08-30T00:00:56.562+0000] {local_task_job_runner.py:243} INFO - Task exited with return code 0
[2024-08-30T00:00:56.581+0000] {taskinstance.py:3503} INFO - 1 downstream tasks scheduled from follow-on schedule check
[2024-08-30T00:00:56.632+0000] {local_task_job_runner.py:222} INFO - ::endgroup::
[2024-09-05T23:46:47.752+0000] {local_task_job_runner.py:123} INFO - ::group::Pre task execution logs
[2024-09-05T23:46:48.226+0000] {taskinstance.py:2603} INFO - Dependencies all met for dep_context=non-requeueable deps ti=<TaskInstance: weather_etl_dag.fetch_weather_data scheduled__2024-08-29T00:00:00+00:00 [queued]>
[2024-09-05T23:46:48.333+0000] {taskinstance.py:2603} INFO - Dependencies all met for dep_context=requeueable deps ti=<TaskInstance: weather_etl_dag.fetch_weather_data scheduled__2024-08-29T00:00:00+00:00 [queued]>
[2024-09-05T23:46:48.333+0000] {taskinstance.py:2856} INFO - Starting attempt 1 of 2
[2024-09-05T23:46:48.438+0000] {taskinstance.py:2879} INFO - Executing <Task(PythonOperator): fetch_weather_data> on 2024-08-29 00:00:00+00:00
[2024-09-05T23:46:48.445+0000] {standard_task_runner.py:104} INFO - Running: ['***', 'tasks', 'run', 'weather_etl_dag', 'fetch_weather_data', 'scheduled__2024-08-29T00:00:00+00:00', '--job-id', '154', '--raw', '--subdir', 'DAGS_FOLDER/weather_etl_dag.py', '--cfg-path', '/tmp/tmp63tocr4_']
[2024-09-05T23:46:48.448+0000] {standard_task_runner.py:105} INFO - Job 154: Subtask fetch_weather_data
[2024-09-05T23:46:48.499+0000] {warnings.py:112} WARNING - /usr/local/lib/python3.12/site-packages/***/task/task_runner/standard_task_runner.py:70: DeprecationWarning: This process (pid=315) is multi-threaded, use of fork() may lead to deadlocks in the child.
  pid = os.fork()

[2024-09-05T23:46:48.500+0000] {standard_task_runner.py:72} INFO - Started process 317 to run task
[2024-09-05T23:46:48.612+0000] {task_command.py:467} INFO - Running <TaskInstance: weather_etl_dag.fetch_weather_data scheduled__2024-08-29T00:00:00+00:00 [running]> on host da9f5d3bcb59
[2024-09-05T23:46:49.413+0000] {taskinstance.py:3122} INFO - Exporting env vars: AIRFLOW_CTX_DAG_OWNER='***' AIRFLOW_CTX_DAG_ID='weather_etl_dag' AIRFLOW_CTX_TASK_ID='fetch_weather_data' AIRFLOW_CTX_EXECUTION_DATE='2024-08-29T00:00:00+00:00' AIRFLOW_CTX_TRY_NUMBER='1' AIRFLOW_CTX_DAG_RUN_ID='scheduled__2024-08-29T00:00:00+00:00'
[2024-09-05T23:46:49.415+0000] {taskinstance.py:731} INFO - ::endgroup::
[2024-09-05T23:47:02.892+0000] {python.py:240} INFO - Done. Returned value was: None
[2024-09-05T23:47:02.905+0000] {taskinstance.py:340} INFO - ::group::Post task execution logs
[2024-09-05T23:47:02.905+0000] {taskinstance.py:352} INFO - Marking task as SUCCESS. dag_id=weather_etl_dag, task_id=fetch_weather_data, run_id=scheduled__2024-08-29T00:00:00+00:00, execution_date=20240829T000000, start_date=20240905T234648, end_date=20240905T234702
[2024-09-05T23:47:03.842+0000] {standard_task_runner.py:217} INFO - Process not found (most likely exited), stop collecting metrics
[2024-09-05T23:47:03.548+0000] {local_task_job_runner.py:261} INFO - Task exited with return code 0
[2024-09-05T23:47:08.111+0000] {taskinstance.py:3891} INFO - 0 downstream tasks scheduled from follow-on schedule check
[2024-09-05T23:47:08.255+0000] {local_task_job_runner.py:240} INFO - ::endgroup::
