[2024-09-05T00:58:24.321+0000] {local_task_job_runner.py:123} INFO - ::group::Pre task execution logs
[2024-09-05T00:58:24.371+0000] {taskinstance.py:2603} INFO - Dependencies all met for dep_context=non-requeueable deps ti=<TaskInstance: weather_etl_dag.update_sequia_indicator scheduled__2024-08-13T00:00:00+00:00 [queued]>
[2024-09-05T00:58:24.389+0000] {taskinstance.py:2603} INFO - Dependencies all met for dep_context=requeueable deps ti=<TaskInstance: weather_etl_dag.update_sequia_indicator scheduled__2024-08-13T00:00:00+00:00 [queued]>
[2024-09-05T00:58:24.391+0000] {taskinstance.py:2856} INFO - Starting attempt 1 of 2
[2024-09-05T00:58:24.475+0000] {taskinstance.py:2879} INFO - Executing <Task(PythonOperator): update_sequia_indicator> on 2024-08-13 00:00:00+00:00
[2024-09-05T00:58:24.481+0000] {warnings.py:112} WARNING - /usr/local/lib/python3.12/site-packages/***/task/task_runner/standard_task_runner.py:70: DeprecationWarning: This process (pid=1188) is multi-threaded, use of fork() may lead to deadlocks in the child.
  pid = os.fork()

[2024-09-05T00:58:24.484+0000] {standard_task_runner.py:72} INFO - Started process 1190 to run task
[2024-09-05T00:58:24.490+0000] {standard_task_runner.py:104} INFO - Running: ['***', 'tasks', 'run', 'weather_etl_dag', 'update_sequia_indicator', 'scheduled__2024-08-13T00:00:00+00:00', '--job-id', '131', '--raw', '--subdir', 'DAGS_FOLDER/weather_etl_dag.py', '--cfg-path', '/tmp/tmpeuf_w47a']
[2024-09-05T00:58:24.494+0000] {standard_task_runner.py:105} INFO - Job 131: Subtask update_sequia_indicator
[2024-09-05T00:58:24.649+0000] {task_command.py:467} INFO - Running <TaskInstance: weather_etl_dag.update_sequia_indicator scheduled__2024-08-13T00:00:00+00:00 [running]> on host b778581f4b0f
[2024-09-05T00:58:25.120+0000] {taskinstance.py:3122} INFO - Exporting env vars: AIRFLOW_CTX_DAG_OWNER='***' AIRFLOW_CTX_DAG_ID='weather_etl_dag' AIRFLOW_CTX_TASK_ID='update_sequia_indicator' AIRFLOW_CTX_EXECUTION_DATE='2024-08-13T00:00:00+00:00' AIRFLOW_CTX_TRY_NUMBER='1' AIRFLOW_CTX_DAG_RUN_ID='scheduled__2024-08-13T00:00:00+00:00'
[2024-09-05T00:58:25.123+0000] {taskinstance.py:731} INFO - ::endgroup::
[2024-09-05T00:58:25.146+0000] {logging_mixin.py:190} INFO - Iniciando conexión a Redshift para actualizar sequía
[2024-09-05T00:58:25.300+0000] {logging_mixin.py:190} INFO - Número de registros a actualizar en la tabla: 288
[2024-09-05T00:58:25.317+0000] {logging_mixin.py:190} INFO - Datos para actualizar en la tabla:    cve_mun            municipio fecha_pronostico indicador_sequia
0        1    Amealco De Bonfil       2024-09-04               D4
1        2      Pinal De Amoles       2024-09-04               D1
2        3          Arroyo Seco       2024-09-04               D0
3        4  Cadereyta De Montes       2024-09-04               D3
4        5                Colon       2024-09-04               D4
[2024-09-05T00:59:21.953+0000] {logging_mixin.py:190} INFO - Actualización realizada para cve_mun: 1, fecha_pronostico: 2024-09-04
[2024-09-05T00:59:22.118+0000] {logging_mixin.py:190} INFO - Actualización realizada para cve_mun: 2, fecha_pronostico: 2024-09-04
[2024-09-05T00:59:22.238+0000] {logging_mixin.py:190} INFO - Actualización realizada para cve_mun: 3, fecha_pronostico: 2024-09-04
[2024-09-05T00:59:22.425+0000] {logging_mixin.py:190} INFO - Actualización realizada para cve_mun: 4, fecha_pronostico: 2024-09-04
[2024-09-05T00:59:22.584+0000] {logging_mixin.py:190} INFO - Actualización realizada para cve_mun: 5, fecha_pronostico: 2024-09-04
[2024-09-05T00:59:22.723+0000] {logging_mixin.py:190} INFO - Actualización realizada para cve_mun: 6, fecha_pronostico: 2024-09-04
[2024-09-05T00:59:22.877+0000] {logging_mixin.py:190} INFO - Actualización realizada para cve_mun: 7, fecha_pronostico: 2024-09-04
[2024-09-05T00:59:23.005+0000] {logging_mixin.py:190} INFO - Actualización realizada para cve_mun: 8, fecha_pronostico: 2024-09-04
[2024-09-05T00:59:23.171+0000] {logging_mixin.py:190} INFO - Actualización realizada para cve_mun: 9, fecha_pronostico: 2024-09-04
[2024-09-05T00:59:23.311+0000] {logging_mixin.py:190} INFO - Actualización realizada para cve_mun: 10, fecha_pronostico: 2024-09-04
[2024-09-05T00:59:23.473+0000] {logging_mixin.py:190} INFO - Actualización realizada para cve_mun: 11, fecha_pronostico: 2024-09-04
[2024-09-05T00:59:23.620+0000] {logging_mixin.py:190} INFO - Actualización realizada para cve_mun: 12, fecha_pronostico: 2024-09-04
[2024-09-05T00:59:23.771+0000] {logging_mixin.py:190} INFO - Actualización realizada para cve_mun: 13, fecha_pronostico: 2024-09-04
[2024-09-05T00:59:23.969+0000] {logging_mixin.py:190} INFO - Actualización realizada para cve_mun: 14, fecha_pronostico: 2024-09-04
[2024-09-05T00:59:24.135+0000] {logging_mixin.py:190} INFO - Actualización realizada para cve_mun: 15, fecha_pronostico: 2024-09-04
[2024-09-05T00:59:24.337+0000] {logging_mixin.py:190} INFO - Actualización realizada para cve_mun: 16, fecha_pronostico: 2024-09-04
[2024-09-05T00:59:24.497+0000] {logging_mixin.py:190} INFO - Actualización realizada para cve_mun: 17, fecha_pronostico: 2024-09-04
[2024-09-05T00:59:24.615+0000] {logging_mixin.py:190} INFO - Actualización realizada para cve_mun: 18, fecha_pronostico: 2024-09-04
[2024-09-05T00:59:24.864+0000] {logging_mixin.py:190} INFO - Actualización realizada para cve_mun: 1, fecha_pronostico: 2024-09-04
[2024-09-05T00:59:25.196+0000] {logging_mixin.py:190} INFO - Actualización realizada para cve_mun: 2, fecha_pronostico: 2024-09-04
[2024-09-05T00:59:25.482+0000] {logging_mixin.py:190} INFO - Actualización realizada para cve_mun: 3, fecha_pronostico: 2024-09-04
[2024-09-05T00:59:25.642+0000] {logging_mixin.py:190} INFO - Actualización realizada para cve_mun: 4, fecha_pronostico: 2024-09-04
[2024-09-05T00:59:25.763+0000] {logging_mixin.py:190} INFO - Actualización realizada para cve_mun: 5, fecha_pronostico: 2024-09-04
[2024-09-05T00:59:26.027+0000] {logging_mixin.py:190} INFO - Actualización realizada para cve_mun: 6, fecha_pronostico: 2024-09-04
[2024-09-05T00:59:26.185+0000] {logging_mixin.py:190} INFO - Actualización realizada para cve_mun: 7, fecha_pronostico: 2024-09-04
[2024-09-05T00:59:26.316+0000] {logging_mixin.py:190} INFO - Actualización realizada para cve_mun: 8, fecha_pronostico: 2024-09-04
[2024-09-05T00:59:26.528+0000] {logging_mixin.py:190} INFO - Actualización realizada para cve_mun: 9, fecha_pronostico: 2024-09-04
[2024-09-05T00:59:26.680+0000] {logging_mixin.py:190} INFO - Actualización realizada para cve_mun: 10, fecha_pronostico: 2024-09-04
[2024-09-05T00:59:26.805+0000] {logging_mixin.py:190} INFO - Actualización realizada para cve_mun: 11, fecha_pronostico: 2024-09-04
[2024-09-05T00:59:27.048+0000] {logging_mixin.py:190} INFO - Actualización realizada para cve_mun: 12, fecha_pronostico: 2024-09-04
[2024-09-05T00:59:27.187+0000] {logging_mixin.py:190} INFO - Actualización realizada para cve_mun: 13, fecha_pronostico: 2024-09-04
[2024-09-05T00:59:27.316+0000] {logging_mixin.py:190} INFO - Actualización realizada para cve_mun: 14, fecha_pronostico: 2024-09-04
[2024-09-05T00:59:27.618+0000] {logging_mixin.py:190} INFO - Actualización realizada para cve_mun: 15, fecha_pronostico: 2024-09-04
[2024-09-05T00:59:27.978+0000] {logging_mixin.py:190} INFO - Actualización realizada para cve_mun: 16, fecha_pronostico: 2024-09-04
[2024-09-05T00:59:28.419+0000] {logging_mixin.py:190} INFO - Actualización realizada para cve_mun: 17, fecha_pronostico: 2024-09-04
[2024-09-05T00:59:28.619+0000] {logging_mixin.py:190} INFO - Actualización realizada para cve_mun: 18, fecha_pronostico: 2024-09-04
[2024-09-05T00:59:28.899+0000] {logging_mixin.py:190} INFO - Actualización realizada para cve_mun: 1, fecha_pronostico: 2024-09-04
[2024-09-05T00:59:29.169+0000] {logging_mixin.py:190} INFO - Actualización realizada para cve_mun: 2, fecha_pronostico: 2024-09-04
[2024-09-05T00:59:29.354+0000] {logging_mixin.py:190} INFO - Actualización realizada para cve_mun: 3, fecha_pronostico: 2024-09-04
[2024-09-05T00:59:29.812+0000] {logging_mixin.py:190} INFO - Actualización realizada para cve_mun: 4, fecha_pronostico: 2024-09-04
[2024-09-05T00:59:29.995+0000] {logging_mixin.py:190} INFO - Actualización realizada para cve_mun: 5, fecha_pronostico: 2024-09-04
[2024-09-05T00:59:30.153+0000] {logging_mixin.py:190} INFO - Actualización realizada para cve_mun: 6, fecha_pronostico: 2024-09-04
[2024-09-05T00:59:30.405+0000] {logging_mixin.py:190} INFO - Actualización realizada para cve_mun: 7, fecha_pronostico: 2024-09-04
[2024-09-05T00:59:30.631+0000] {logging_mixin.py:190} INFO - Actualización realizada para cve_mun: 8, fecha_pronostico: 2024-09-04
[2024-09-05T00:59:30.804+0000] {logging_mixin.py:190} INFO - Actualización realizada para cve_mun: 9, fecha_pronostico: 2024-09-04
[2024-09-05T00:59:30.920+0000] {logging_mixin.py:190} INFO - Actualización realizada para cve_mun: 10, fecha_pronostico: 2024-09-04
[2024-09-05T00:59:31.173+0000] {logging_mixin.py:190} INFO - Actualización realizada para cve_mun: 11, fecha_pronostico: 2024-09-04
[2024-09-05T00:59:31.342+0000] {logging_mixin.py:190} INFO - Actualización realizada para cve_mun: 12, fecha_pronostico: 2024-09-04
[2024-09-05T00:59:31.466+0000] {logging_mixin.py:190} INFO - Actualización realizada para cve_mun: 13, fecha_pronostico: 2024-09-04
[2024-09-05T00:59:31.680+0000] {logging_mixin.py:190} INFO - Actualización realizada para cve_mun: 14, fecha_pronostico: 2024-09-04
[2024-09-05T00:59:31.886+0000] {logging_mixin.py:190} INFO - Actualización realizada para cve_mun: 15, fecha_pronostico: 2024-09-04
[2024-09-05T00:59:32.160+0000] {logging_mixin.py:190} INFO - Actualización realizada para cve_mun: 16, fecha_pronostico: 2024-09-04
[2024-09-05T00:59:32.307+0000] {logging_mixin.py:190} INFO - Actualización realizada para cve_mun: 17, fecha_pronostico: 2024-09-04
[2024-09-05T00:59:32.447+0000] {logging_mixin.py:190} INFO - Actualización realizada para cve_mun: 18, fecha_pronostico: 2024-09-04
[2024-09-05T00:59:32.645+0000] {logging_mixin.py:190} INFO - Actualización realizada para cve_mun: 1, fecha_pronostico: 2024-09-04
[2024-09-05T00:59:32.806+0000] {logging_mixin.py:190} INFO - Actualización realizada para cve_mun: 2, fecha_pronostico: 2024-09-04
[2024-09-05T00:59:32.972+0000] {logging_mixin.py:190} INFO - Actualización realizada para cve_mun: 3, fecha_pronostico: 2024-09-04
[2024-09-05T00:59:33.143+0000] {logging_mixin.py:190} INFO - Actualización realizada para cve_mun: 4, fecha_pronostico: 2024-09-04
[2024-09-05T00:59:33.331+0000] {logging_mixin.py:190} INFO - Actualización realizada para cve_mun: 5, fecha_pronostico: 2024-09-04
[2024-09-05T00:59:33.469+0000] {logging_mixin.py:190} INFO - Actualización realizada para cve_mun: 6, fecha_pronostico: 2024-09-04
[2024-09-05T00:59:33.643+0000] {logging_mixin.py:190} INFO - Actualización realizada para cve_mun: 7, fecha_pronostico: 2024-09-04
[2024-09-05T00:59:33.809+0000] {logging_mixin.py:190} INFO - Actualización realizada para cve_mun: 8, fecha_pronostico: 2024-09-04
[2024-09-05T00:59:33.931+0000] {logging_mixin.py:190} INFO - Actualización realizada para cve_mun: 9, fecha_pronostico: 2024-09-04
[2024-09-05T00:59:34.178+0000] {logging_mixin.py:190} INFO - Actualización realizada para cve_mun: 10, fecha_pronostico: 2024-09-04
[2024-09-05T00:59:34.335+0000] {logging_mixin.py:190} INFO - Actualización realizada para cve_mun: 11, fecha_pronostico: 2024-09-04
[2024-09-05T00:59:34.454+0000] {logging_mixin.py:190} INFO - Actualización realizada para cve_mun: 12, fecha_pronostico: 2024-09-04
[2024-09-05T00:59:34.651+0000] {logging_mixin.py:190} INFO - Actualización realizada para cve_mun: 13, fecha_pronostico: 2024-09-04
[2024-09-05T00:59:34.812+0000] {logging_mixin.py:190} INFO - Actualización realizada para cve_mun: 14, fecha_pronostico: 2024-09-04
[2024-09-05T00:59:34.992+0000] {logging_mixin.py:190} INFO - Actualización realizada para cve_mun: 15, fecha_pronostico: 2024-09-04
[2024-09-05T00:59:35.172+0000] {logging_mixin.py:190} INFO - Actualización realizada para cve_mun: 16, fecha_pronostico: 2024-09-04
[2024-09-05T00:59:35.337+0000] {logging_mixin.py:190} INFO - Actualización realizada para cve_mun: 17, fecha_pronostico: 2024-09-04
[2024-09-05T00:59:35.475+0000] {logging_mixin.py:190} INFO - Actualización realizada para cve_mun: 18, fecha_pronostico: 2024-09-04
[2024-09-05T00:59:35.687+0000] {logging_mixin.py:190} INFO - Actualización realizada para cve_mun: 1, fecha_pronostico: 2024-09-04
[2024-09-05T00:59:35.838+0000] {logging_mixin.py:190} INFO - Actualización realizada para cve_mun: 2, fecha_pronostico: 2024-09-04
[2024-09-05T00:59:35.999+0000] {logging_mixin.py:190} INFO - Actualización realizada para cve_mun: 3, fecha_pronostico: 2024-09-04
[2024-09-05T00:59:36.399+0000] {logging_mixin.py:190} INFO - Actualización realizada para cve_mun: 4, fecha_pronostico: 2024-09-04
[2024-09-05T00:59:36.573+0000] {logging_mixin.py:190} INFO - Actualización realizada para cve_mun: 5, fecha_pronostico: 2024-09-04
[2024-09-05T00:59:36.773+0000] {logging_mixin.py:190} INFO - Actualización realizada para cve_mun: 6, fecha_pronostico: 2024-09-04
[2024-09-05T00:59:36.918+0000] {logging_mixin.py:190} INFO - Actualización realizada para cve_mun: 7, fecha_pronostico: 2024-09-04
[2024-09-05T00:59:37.163+0000] {logging_mixin.py:190} INFO - Actualización realizada para cve_mun: 8, fecha_pronostico: 2024-09-04
[2024-09-05T00:59:37.314+0000] {logging_mixin.py:190} INFO - Actualización realizada para cve_mun: 9, fecha_pronostico: 2024-09-04
[2024-09-05T00:59:37.549+0000] {logging_mixin.py:190} INFO - Actualización realizada para cve_mun: 10, fecha_pronostico: 2024-09-04
[2024-09-05T00:59:37.836+0000] {logging_mixin.py:190} INFO - Actualización realizada para cve_mun: 11, fecha_pronostico: 2024-09-04
[2024-09-05T00:59:38.123+0000] {logging_mixin.py:190} INFO - Actualización realizada para cve_mun: 12, fecha_pronostico: 2024-09-04
[2024-09-05T00:59:38.350+0000] {logging_mixin.py:190} INFO - Actualización realizada para cve_mun: 13, fecha_pronostico: 2024-09-04
[2024-09-05T00:59:38.517+0000] {logging_mixin.py:190} INFO - Actualización realizada para cve_mun: 14, fecha_pronostico: 2024-09-04
[2024-09-05T00:59:38.851+0000] {logging_mixin.py:190} INFO - Actualización realizada para cve_mun: 15, fecha_pronostico: 2024-09-04
[2024-09-05T00:59:39.130+0000] {logging_mixin.py:190} INFO - Actualización realizada para cve_mun: 16, fecha_pronostico: 2024-09-04
[2024-09-05T00:59:39.292+0000] {logging_mixin.py:190} INFO - Actualización realizada para cve_mun: 17, fecha_pronostico: 2024-09-04
[2024-09-05T00:59:39.448+0000] {logging_mixin.py:190} INFO - Actualización realizada para cve_mun: 18, fecha_pronostico: 2024-09-04
[2024-09-05T00:59:39.703+0000] {logging_mixin.py:190} INFO - Actualización realizada para cve_mun: 1, fecha_pronostico: 2024-09-04
[2024-09-05T00:59:39.865+0000] {logging_mixin.py:190} INFO - Actualización realizada para cve_mun: 2, fecha_pronostico: 2024-09-04
[2024-09-05T00:59:40.137+0000] {logging_mixin.py:190} INFO - Actualización realizada para cve_mun: 3, fecha_pronostico: 2024-09-04
[2024-09-05T00:59:40.345+0000] {logging_mixin.py:190} INFO - Actualización realizada para cve_mun: 4, fecha_pronostico: 2024-09-04
[2024-09-05T00:59:40.495+0000] {logging_mixin.py:190} INFO - Actualización realizada para cve_mun: 5, fecha_pronostico: 2024-09-04
[2024-09-05T00:59:40.678+0000] {logging_mixin.py:190} INFO - Actualización realizada para cve_mun: 6, fecha_pronostico: 2024-09-04
[2024-09-05T00:59:40.834+0000] {logging_mixin.py:190} INFO - Actualización realizada para cve_mun: 7, fecha_pronostico: 2024-09-04
[2024-09-05T00:59:41.046+0000] {logging_mixin.py:190} INFO - Actualización realizada para cve_mun: 8, fecha_pronostico: 2024-09-04
[2024-09-05T00:59:41.186+0000] {logging_mixin.py:190} INFO - Actualización realizada para cve_mun: 9, fecha_pronostico: 2024-09-04
[2024-09-05T00:59:41.490+0000] {logging_mixin.py:190} INFO - Actualización realizada para cve_mun: 10, fecha_pronostico: 2024-09-04
[2024-09-05T00:59:41.685+0000] {logging_mixin.py:190} INFO - Actualización realizada para cve_mun: 11, fecha_pronostico: 2024-09-04
[2024-09-05T00:59:41.835+0000] {logging_mixin.py:190} INFO - Actualización realizada para cve_mun: 12, fecha_pronostico: 2024-09-04
[2024-09-05T00:59:42.002+0000] {logging_mixin.py:190} INFO - Actualización realizada para cve_mun: 13, fecha_pronostico: 2024-09-04
[2024-09-05T00:59:42.187+0000] {logging_mixin.py:190} INFO - Actualización realizada para cve_mun: 14, fecha_pronostico: 2024-09-04
[2024-09-05T00:59:42.458+0000] {logging_mixin.py:190} INFO - Actualización realizada para cve_mun: 15, fecha_pronostico: 2024-09-04
[2024-09-05T00:59:42.634+0000] {logging_mixin.py:190} INFO - Actualización realizada para cve_mun: 16, fecha_pronostico: 2024-09-04
[2024-09-05T00:59:42.896+0000] {logging_mixin.py:190} INFO - Actualización realizada para cve_mun: 17, fecha_pronostico: 2024-09-04
[2024-09-05T00:59:43.109+0000] {logging_mixin.py:190} INFO - Actualización realizada para cve_mun: 18, fecha_pronostico: 2024-09-04
[2024-09-05T00:59:43.357+0000] {logging_mixin.py:190} INFO - Actualización realizada para cve_mun: 1, fecha_pronostico: 2024-09-04
[2024-09-05T00:59:43.594+0000] {logging_mixin.py:190} INFO - Actualización realizada para cve_mun: 2, fecha_pronostico: 2024-09-04
[2024-09-05T00:59:44.152+0000] {logging_mixin.py:190} INFO - Actualización realizada para cve_mun: 3, fecha_pronostico: 2024-09-04
[2024-09-05T00:59:44.333+0000] {logging_mixin.py:190} INFO - Actualización realizada para cve_mun: 4, fecha_pronostico: 2024-09-04
[2024-09-05T00:59:44.501+0000] {logging_mixin.py:190} INFO - Actualización realizada para cve_mun: 5, fecha_pronostico: 2024-09-04
[2024-09-05T00:59:44.707+0000] {logging_mixin.py:190} INFO - Actualización realizada para cve_mun: 6, fecha_pronostico: 2024-09-04
[2024-09-05T00:59:44.868+0000] {logging_mixin.py:190} INFO - Actualización realizada para cve_mun: 7, fecha_pronostico: 2024-09-04
[2024-09-05T00:59:45.135+0000] {logging_mixin.py:190} INFO - Actualización realizada para cve_mun: 8, fecha_pronostico: 2024-09-04
[2024-09-05T00:59:45.399+0000] {logging_mixin.py:190} INFO - Actualización realizada para cve_mun: 9, fecha_pronostico: 2024-09-04
[2024-09-05T00:59:45.577+0000] {logging_mixin.py:190} INFO - Actualización realizada para cve_mun: 10, fecha_pronostico: 2024-09-04
[2024-09-05T00:59:45.717+0000] {logging_mixin.py:190} INFO - Actualización realizada para cve_mun: 11, fecha_pronostico: 2024-09-04
[2024-09-05T00:59:45.888+0000] {logging_mixin.py:190} INFO - Actualización realizada para cve_mun: 12, fecha_pronostico: 2024-09-04
[2024-09-05T00:59:46.061+0000] {logging_mixin.py:190} INFO - Actualización realizada para cve_mun: 13, fecha_pronostico: 2024-09-04
[2024-09-05T00:59:46.279+0000] {logging_mixin.py:190} INFO - Actualización realizada para cve_mun: 14, fecha_pronostico: 2024-09-04
[2024-09-05T00:59:46.610+0000] {logging_mixin.py:190} INFO - Actualización realizada para cve_mun: 15, fecha_pronostico: 2024-09-04
[2024-09-05T00:59:46.793+0000] {logging_mixin.py:190} INFO - Actualización realizada para cve_mun: 16, fecha_pronostico: 2024-09-04
[2024-09-05T00:59:47.022+0000] {logging_mixin.py:190} INFO - Actualización realizada para cve_mun: 17, fecha_pronostico: 2024-09-04
[2024-09-05T00:59:47.263+0000] {logging_mixin.py:190} INFO - Actualización realizada para cve_mun: 18, fecha_pronostico: 2024-09-04
[2024-09-05T00:59:47.498+0000] {logging_mixin.py:190} INFO - Actualización realizada para cve_mun: 1, fecha_pronostico: 2024-09-04
[2024-09-05T00:59:47.849+0000] {logging_mixin.py:190} INFO - Actualización realizada para cve_mun: 2, fecha_pronostico: 2024-09-04
[2024-09-05T00:59:48.201+0000] {logging_mixin.py:190} INFO - Actualización realizada para cve_mun: 3, fecha_pronostico: 2024-09-04
[2024-09-05T00:59:48.381+0000] {logging_mixin.py:190} INFO - Actualización realizada para cve_mun: 4, fecha_pronostico: 2024-09-04
[2024-09-05T00:59:48.510+0000] {logging_mixin.py:190} INFO - Actualización realizada para cve_mun: 5, fecha_pronostico: 2024-09-04
[2024-09-05T00:59:48.711+0000] {logging_mixin.py:190} INFO - Actualización realizada para cve_mun: 6, fecha_pronostico: 2024-09-04
[2024-09-05T00:59:48.859+0000] {logging_mixin.py:190} INFO - Actualización realizada para cve_mun: 7, fecha_pronostico: 2024-09-04
[2024-09-05T00:59:48.990+0000] {logging_mixin.py:190} INFO - Actualización realizada para cve_mun: 8, fecha_pronostico: 2024-09-04
[2024-09-05T00:59:49.241+0000] {logging_mixin.py:190} INFO - Actualización realizada para cve_mun: 9, fecha_pronostico: 2024-09-04
[2024-09-05T00:59:49.410+0000] {logging_mixin.py:190} INFO - Actualización realizada para cve_mun: 10, fecha_pronostico: 2024-09-04
[2024-09-05T00:59:49.544+0000] {logging_mixin.py:190} INFO - Actualización realizada para cve_mun: 11, fecha_pronostico: 2024-09-04
[2024-09-05T00:59:49.740+0000] {logging_mixin.py:190} INFO - Actualización realizada para cve_mun: 12, fecha_pronostico: 2024-09-04
[2024-09-05T00:59:49.924+0000] {logging_mixin.py:190} INFO - Actualización realizada para cve_mun: 13, fecha_pronostico: 2024-09-04
[2024-09-05T00:59:50.038+0000] {logging_mixin.py:190} INFO - Actualización realizada para cve_mun: 14, fecha_pronostico: 2024-09-04
[2024-09-05T00:59:50.310+0000] {logging_mixin.py:190} INFO - Actualización realizada para cve_mun: 15, fecha_pronostico: 2024-09-04
[2024-09-05T00:59:50.464+0000] {logging_mixin.py:190} INFO - Actualización realizada para cve_mun: 16, fecha_pronostico: 2024-09-04
[2024-09-05T00:59:50.589+0000] {logging_mixin.py:190} INFO - Actualización realizada para cve_mun: 17, fecha_pronostico: 2024-09-04
[2024-09-05T00:59:50.806+0000] {logging_mixin.py:190} INFO - Actualización realizada para cve_mun: 18, fecha_pronostico: 2024-09-04
[2024-09-05T00:59:50.963+0000] {logging_mixin.py:190} INFO - Actualización realizada para cve_mun: 1, fecha_pronostico: 2024-09-04
[2024-09-05T00:59:51.080+0000] {logging_mixin.py:190} INFO - Actualización realizada para cve_mun: 2, fecha_pronostico: 2024-09-04
[2024-09-05T00:59:51.326+0000] {logging_mixin.py:190} INFO - Actualización realizada para cve_mun: 3, fecha_pronostico: 2024-09-04
[2024-09-05T00:59:51.508+0000] {logging_mixin.py:190} INFO - Actualización realizada para cve_mun: 4, fecha_pronostico: 2024-09-04
[2024-09-05T00:59:51.624+0000] {logging_mixin.py:190} INFO - Actualización realizada para cve_mun: 5, fecha_pronostico: 2024-09-04
[2024-09-05T00:59:51.830+0000] {logging_mixin.py:190} INFO - Actualización realizada para cve_mun: 6, fecha_pronostico: 2024-09-04
[2024-09-05T00:59:51.984+0000] {logging_mixin.py:190} INFO - Actualización realizada para cve_mun: 7, fecha_pronostico: 2024-09-04
[2024-09-05T00:59:52.116+0000] {logging_mixin.py:190} INFO - Actualización realizada para cve_mun: 8, fecha_pronostico: 2024-09-04
[2024-09-05T00:59:52.401+0000] {logging_mixin.py:190} INFO - Actualización realizada para cve_mun: 9, fecha_pronostico: 2024-09-04
[2024-09-05T00:59:52.574+0000] {logging_mixin.py:190} INFO - Actualización realizada para cve_mun: 10, fecha_pronostico: 2024-09-04
[2024-09-05T00:59:52.715+0000] {logging_mixin.py:190} INFO - Actualización realizada para cve_mun: 11, fecha_pronostico: 2024-09-04
[2024-09-05T00:59:52.903+0000] {logging_mixin.py:190} INFO - Actualización realizada para cve_mun: 12, fecha_pronostico: 2024-09-04
[2024-09-05T00:59:53.062+0000] {logging_mixin.py:190} INFO - Actualización realizada para cve_mun: 13, fecha_pronostico: 2024-09-04
[2024-09-05T00:59:53.179+0000] {logging_mixin.py:190} INFO - Actualización realizada para cve_mun: 14, fecha_pronostico: 2024-09-04
[2024-09-05T00:59:53.342+0000] {logging_mixin.py:190} INFO - Actualización realizada para cve_mun: 15, fecha_pronostico: 2024-09-04
[2024-09-05T00:59:53.481+0000] {logging_mixin.py:190} INFO - Actualización realizada para cve_mun: 16, fecha_pronostico: 2024-09-04
[2024-09-05T00:59:53.650+0000] {logging_mixin.py:190} INFO - Actualización realizada para cve_mun: 17, fecha_pronostico: 2024-09-04
[2024-09-05T00:59:53.815+0000] {logging_mixin.py:190} INFO - Actualización realizada para cve_mun: 18, fecha_pronostico: 2024-09-04
[2024-09-05T00:59:54.019+0000] {logging_mixin.py:190} INFO - Actualización realizada para cve_mun: 1, fecha_pronostico: 2024-09-04
[2024-09-05T00:59:54.148+0000] {logging_mixin.py:190} INFO - Actualización realizada para cve_mun: 2, fecha_pronostico: 2024-09-04
[2024-09-05T00:59:54.333+0000] {logging_mixin.py:190} INFO - Actualización realizada para cve_mun: 3, fecha_pronostico: 2024-09-04
[2024-09-05T00:59:54.498+0000] {logging_mixin.py:190} INFO - Actualización realizada para cve_mun: 4, fecha_pronostico: 2024-09-04
[2024-09-05T00:59:54.635+0000] {logging_mixin.py:190} INFO - Actualización realizada para cve_mun: 5, fecha_pronostico: 2024-09-04
[2024-09-05T00:59:54.882+0000] {logging_mixin.py:190} INFO - Actualización realizada para cve_mun: 6, fecha_pronostico: 2024-09-04
[2024-09-05T00:59:55.011+0000] {logging_mixin.py:190} INFO - Actualización realizada para cve_mun: 7, fecha_pronostico: 2024-09-04
[2024-09-05T00:59:55.146+0000] {logging_mixin.py:190} INFO - Actualización realizada para cve_mun: 8, fecha_pronostico: 2024-09-04
[2024-09-05T00:59:55.296+0000] {logging_mixin.py:190} INFO - Actualización realizada para cve_mun: 9, fecha_pronostico: 2024-09-04
[2024-09-05T00:59:55.418+0000] {logging_mixin.py:190} INFO - Actualización realizada para cve_mun: 10, fecha_pronostico: 2024-09-04
[2024-09-05T00:59:55.661+0000] {logging_mixin.py:190} INFO - Actualización realizada para cve_mun: 11, fecha_pronostico: 2024-09-04
[2024-09-05T00:59:55.808+0000] {logging_mixin.py:190} INFO - Actualización realizada para cve_mun: 12, fecha_pronostico: 2024-09-04
[2024-09-05T00:59:55.936+0000] {logging_mixin.py:190} INFO - Actualización realizada para cve_mun: 13, fecha_pronostico: 2024-09-04
[2024-09-05T00:59:56.143+0000] {logging_mixin.py:190} INFO - Actualización realizada para cve_mun: 14, fecha_pronostico: 2024-09-04
[2024-09-05T00:59:56.319+0000] {logging_mixin.py:190} INFO - Actualización realizada para cve_mun: 15, fecha_pronostico: 2024-09-04
[2024-09-05T00:59:56.681+0000] {logging_mixin.py:190} INFO - Actualización realizada para cve_mun: 16, fecha_pronostico: 2024-09-04
[2024-09-05T00:59:56.839+0000] {logging_mixin.py:190} INFO - Actualización realizada para cve_mun: 17, fecha_pronostico: 2024-09-04
[2024-09-05T00:59:56.960+0000] {logging_mixin.py:190} INFO - Actualización realizada para cve_mun: 18, fecha_pronostico: 2024-09-04
[2024-09-05T00:59:57.176+0000] {logging_mixin.py:190} INFO - Actualización realizada para cve_mun: 1, fecha_pronostico: 2024-09-04
[2024-09-05T00:59:57.333+0000] {logging_mixin.py:190} INFO - Actualización realizada para cve_mun: 2, fecha_pronostico: 2024-09-04
[2024-09-05T00:59:57.469+0000] {logging_mixin.py:190} INFO - Actualización realizada para cve_mun: 3, fecha_pronostico: 2024-09-04
[2024-09-05T00:59:57.706+0000] {logging_mixin.py:190} INFO - Actualización realizada para cve_mun: 4, fecha_pronostico: 2024-09-04
[2024-09-05T00:59:57.864+0000] {logging_mixin.py:190} INFO - Actualización realizada para cve_mun: 5, fecha_pronostico: 2024-09-04
[2024-09-05T00:59:57.988+0000] {logging_mixin.py:190} INFO - Actualización realizada para cve_mun: 6, fecha_pronostico: 2024-09-04
[2024-09-05T00:59:58.187+0000] {logging_mixin.py:190} INFO - Actualización realizada para cve_mun: 7, fecha_pronostico: 2024-09-04
[2024-09-05T00:59:58.407+0000] {logging_mixin.py:190} INFO - Actualización realizada para cve_mun: 8, fecha_pronostico: 2024-09-04
[2024-09-05T00:59:58.529+0000] {logging_mixin.py:190} INFO - Actualización realizada para cve_mun: 9, fecha_pronostico: 2024-09-04
[2024-09-05T00:59:58.752+0000] {logging_mixin.py:190} INFO - Actualización realizada para cve_mun: 10, fecha_pronostico: 2024-09-04
[2024-09-05T00:59:58.907+0000] {logging_mixin.py:190} INFO - Actualización realizada para cve_mun: 11, fecha_pronostico: 2024-09-04
[2024-09-05T00:59:59.036+0000] {logging_mixin.py:190} INFO - Actualización realizada para cve_mun: 12, fecha_pronostico: 2024-09-04
[2024-09-05T00:59:59.243+0000] {logging_mixin.py:190} INFO - Actualización realizada para cve_mun: 13, fecha_pronostico: 2024-09-04
[2024-09-05T00:59:59.477+0000] {logging_mixin.py:190} INFO - Actualización realizada para cve_mun: 14, fecha_pronostico: 2024-09-04
[2024-09-05T00:59:59.643+0000] {logging_mixin.py:190} INFO - Actualización realizada para cve_mun: 15, fecha_pronostico: 2024-09-04
[2024-09-05T00:59:59.808+0000] {logging_mixin.py:190} INFO - Actualización realizada para cve_mun: 16, fecha_pronostico: 2024-09-04
[2024-09-05T01:00:00.031+0000] {logging_mixin.py:190} INFO - Actualización realizada para cve_mun: 17, fecha_pronostico: 2024-09-04
[2024-09-05T01:00:00.189+0000] {logging_mixin.py:190} INFO - Actualización realizada para cve_mun: 18, fecha_pronostico: 2024-09-04
[2024-09-05T01:00:00.331+0000] {logging_mixin.py:190} INFO - Actualización realizada para cve_mun: 1, fecha_pronostico: 2024-09-04
[2024-09-05T01:00:00.537+0000] {logging_mixin.py:190} INFO - Actualización realizada para cve_mun: 2, fecha_pronostico: 2024-09-04
[2024-09-05T01:00:00.689+0000] {logging_mixin.py:190} INFO - Actualización realizada para cve_mun: 3, fecha_pronostico: 2024-09-04
[2024-09-05T01:00:00.893+0000] {logging_mixin.py:190} INFO - Actualización realizada para cve_mun: 4, fecha_pronostico: 2024-09-04
[2024-09-05T01:00:01.052+0000] {logging_mixin.py:190} INFO - Actualización realizada para cve_mun: 5, fecha_pronostico: 2024-09-04
[2024-09-05T01:00:01.173+0000] {logging_mixin.py:190} INFO - Actualización realizada para cve_mun: 6, fecha_pronostico: 2024-09-04
[2024-09-05T01:00:01.349+0000] {logging_mixin.py:190} INFO - Actualización realizada para cve_mun: 7, fecha_pronostico: 2024-09-04
[2024-09-05T01:00:01.466+0000] {logging_mixin.py:190} INFO - Actualización realizada para cve_mun: 8, fecha_pronostico: 2024-09-04
[2024-09-05T01:00:01.654+0000] {logging_mixin.py:190} INFO - Actualización realizada para cve_mun: 9, fecha_pronostico: 2024-09-04
[2024-09-05T01:00:01.823+0000] {logging_mixin.py:190} INFO - Actualización realizada para cve_mun: 10, fecha_pronostico: 2024-09-04
[2024-09-05T01:00:01.994+0000] {logging_mixin.py:190} INFO - Actualización realizada para cve_mun: 11, fecha_pronostico: 2024-09-04
[2024-09-05T01:00:02.158+0000] {logging_mixin.py:190} INFO - Actualización realizada para cve_mun: 12, fecha_pronostico: 2024-09-04
[2024-09-05T01:00:02.345+0000] {logging_mixin.py:190} INFO - Actualización realizada para cve_mun: 13, fecha_pronostico: 2024-09-04
[2024-09-05T01:00:02.545+0000] {logging_mixin.py:190} INFO - Actualización realizada para cve_mun: 14, fecha_pronostico: 2024-09-04
[2024-09-05T01:00:02.694+0000] {logging_mixin.py:190} INFO - Actualización realizada para cve_mun: 15, fecha_pronostico: 2024-09-04
[2024-09-05T01:00:02.814+0000] {logging_mixin.py:190} INFO - Actualización realizada para cve_mun: 16, fecha_pronostico: 2024-09-04
[2024-09-05T01:00:03.073+0000] {logging_mixin.py:190} INFO - Actualización realizada para cve_mun: 17, fecha_pronostico: 2024-09-04
[2024-09-05T01:00:03.228+0000] {logging_mixin.py:190} INFO - Actualización realizada para cve_mun: 18, fecha_pronostico: 2024-09-04
[2024-09-05T01:00:03.445+0000] {logging_mixin.py:190} INFO - Actualización realizada para cve_mun: 1, fecha_pronostico: 2024-09-04
[2024-09-05T01:00:03.709+0000] {logging_mixin.py:190} INFO - Actualización realizada para cve_mun: 2, fecha_pronostico: 2024-09-04
[2024-09-05T01:00:03.878+0000] {logging_mixin.py:190} INFO - Actualización realizada para cve_mun: 3, fecha_pronostico: 2024-09-04
[2024-09-05T01:00:03.996+0000] {logging_mixin.py:190} INFO - Actualización realizada para cve_mun: 4, fecha_pronostico: 2024-09-04
[2024-09-05T01:00:04.284+0000] {logging_mixin.py:190} INFO - Actualización realizada para cve_mun: 5, fecha_pronostico: 2024-09-04
[2024-09-05T01:00:04.438+0000] {logging_mixin.py:190} INFO - Actualización realizada para cve_mun: 6, fecha_pronostico: 2024-09-04
[2024-09-05T01:00:04.599+0000] {logging_mixin.py:190} INFO - Actualización realizada para cve_mun: 7, fecha_pronostico: 2024-09-04
[2024-09-05T01:00:04.816+0000] {logging_mixin.py:190} INFO - Actualización realizada para cve_mun: 8, fecha_pronostico: 2024-09-04
[2024-09-05T01:00:04.987+0000] {logging_mixin.py:190} INFO - Actualización realizada para cve_mun: 9, fecha_pronostico: 2024-09-04
[2024-09-05T01:00:05.140+0000] {logging_mixin.py:190} INFO - Actualización realizada para cve_mun: 10, fecha_pronostico: 2024-09-04
[2024-09-05T01:00:05.356+0000] {logging_mixin.py:190} INFO - Actualización realizada para cve_mun: 11, fecha_pronostico: 2024-09-04
[2024-09-05T01:00:05.514+0000] {logging_mixin.py:190} INFO - Actualización realizada para cve_mun: 12, fecha_pronostico: 2024-09-04
[2024-09-05T01:00:05.641+0000] {logging_mixin.py:190} INFO - Actualización realizada para cve_mun: 13, fecha_pronostico: 2024-09-04
[2024-09-05T01:00:05.873+0000] {logging_mixin.py:190} INFO - Actualización realizada para cve_mun: 14, fecha_pronostico: 2024-09-04
[2024-09-05T01:00:06.085+0000] {logging_mixin.py:190} INFO - Actualización realizada para cve_mun: 15, fecha_pronostico: 2024-09-04
[2024-09-05T01:00:06.463+0000] {logging_mixin.py:190} INFO - Actualización realizada para cve_mun: 16, fecha_pronostico: 2024-09-04
[2024-09-05T01:00:06.780+0000] {logging_mixin.py:190} INFO - Actualización realizada para cve_mun: 17, fecha_pronostico: 2024-09-04
[2024-09-05T01:00:06.945+0000] {logging_mixin.py:190} INFO - Actualización realizada para cve_mun: 18, fecha_pronostico: 2024-09-04
[2024-09-05T01:00:07.136+0000] {logging_mixin.py:190} INFO - Actualización realizada para cve_mun: 1, fecha_pronostico: 2024-09-04
[2024-09-05T01:00:07.433+0000] {logging_mixin.py:190} INFO - Actualización realizada para cve_mun: 2, fecha_pronostico: 2024-09-04
[2024-09-05T01:00:07.801+0000] {logging_mixin.py:190} INFO - Actualización realizada para cve_mun: 3, fecha_pronostico: 2024-09-04
[2024-09-05T01:00:08.099+0000] {logging_mixin.py:190} INFO - Actualización realizada para cve_mun: 4, fecha_pronostico: 2024-09-04
[2024-09-05T01:00:08.433+0000] {logging_mixin.py:190} INFO - Actualización realizada para cve_mun: 5, fecha_pronostico: 2024-09-04
[2024-09-05T01:00:08.603+0000] {logging_mixin.py:190} INFO - Actualización realizada para cve_mun: 6, fecha_pronostico: 2024-09-04
[2024-09-05T01:00:08.765+0000] {logging_mixin.py:190} INFO - Actualización realizada para cve_mun: 7, fecha_pronostico: 2024-09-04
[2024-09-05T01:00:09.096+0000] {logging_mixin.py:190} INFO - Actualización realizada para cve_mun: 8, fecha_pronostico: 2024-09-04
[2024-09-05T01:00:09.392+0000] {logging_mixin.py:190} INFO - Actualización realizada para cve_mun: 9, fecha_pronostico: 2024-09-04
[2024-09-05T01:00:09.608+0000] {logging_mixin.py:190} INFO - Actualización realizada para cve_mun: 10, fecha_pronostico: 2024-09-04
[2024-09-05T01:00:09.777+0000] {logging_mixin.py:190} INFO - Actualización realizada para cve_mun: 11, fecha_pronostico: 2024-09-04
[2024-09-05T01:00:10.044+0000] {logging_mixin.py:190} INFO - Actualización realizada para cve_mun: 12, fecha_pronostico: 2024-09-04
[2024-09-05T01:00:10.412+0000] {logging_mixin.py:190} INFO - Actualización realizada para cve_mun: 13, fecha_pronostico: 2024-09-04
[2024-09-05T01:00:10.732+0000] {logging_mixin.py:190} INFO - Actualización realizada para cve_mun: 14, fecha_pronostico: 2024-09-04
[2024-09-05T01:00:10.918+0000] {logging_mixin.py:190} INFO - Actualización realizada para cve_mun: 15, fecha_pronostico: 2024-09-04
[2024-09-05T01:00:11.065+0000] {logging_mixin.py:190} INFO - Actualización realizada para cve_mun: 16, fecha_pronostico: 2024-09-04
[2024-09-05T01:00:11.287+0000] {logging_mixin.py:190} INFO - Actualización realizada para cve_mun: 17, fecha_pronostico: 2024-09-04
[2024-09-05T01:00:11.423+0000] {logging_mixin.py:190} INFO - Actualización realizada para cve_mun: 18, fecha_pronostico: 2024-09-04
[2024-09-05T01:00:11.816+0000] {logging_mixin.py:190} INFO - Actualización realizada para cve_mun: 1, fecha_pronostico: 2024-09-04
[2024-09-05T01:00:11.992+0000] {logging_mixin.py:190} INFO - Actualización realizada para cve_mun: 2, fecha_pronostico: 2024-09-04
[2024-09-05T01:00:12.163+0000] {logging_mixin.py:190} INFO - Actualización realizada para cve_mun: 3, fecha_pronostico: 2024-09-04
[2024-09-05T01:00:12.335+0000] {logging_mixin.py:190} INFO - Actualización realizada para cve_mun: 4, fecha_pronostico: 2024-09-04
[2024-09-05T01:00:12.491+0000] {logging_mixin.py:190} INFO - Actualización realizada para cve_mun: 5, fecha_pronostico: 2024-09-04
[2024-09-05T01:00:12.687+0000] {logging_mixin.py:190} INFO - Actualización realizada para cve_mun: 6, fecha_pronostico: 2024-09-04
[2024-09-05T01:00:12.832+0000] {logging_mixin.py:190} INFO - Actualización realizada para cve_mun: 7, fecha_pronostico: 2024-09-04
[2024-09-05T01:00:13.175+0000] {logging_mixin.py:190} INFO - Actualización realizada para cve_mun: 8, fecha_pronostico: 2024-09-04
[2024-09-05T01:00:13.389+0000] {logging_mixin.py:190} INFO - Actualización realizada para cve_mun: 9, fecha_pronostico: 2024-09-04
[2024-09-05T01:00:13.549+0000] {logging_mixin.py:190} INFO - Actualización realizada para cve_mun: 10, fecha_pronostico: 2024-09-04
[2024-09-05T01:00:13.861+0000] {logging_mixin.py:190} INFO - Actualización realizada para cve_mun: 11, fecha_pronostico: 2024-09-04
[2024-09-05T01:00:14.056+0000] {logging_mixin.py:190} INFO - Actualización realizada para cve_mun: 12, fecha_pronostico: 2024-09-04
[2024-09-05T01:00:14.217+0000] {logging_mixin.py:190} INFO - Actualización realizada para cve_mun: 13, fecha_pronostico: 2024-09-04
[2024-09-05T01:00:14.549+0000] {logging_mixin.py:190} INFO - Actualización realizada para cve_mun: 14, fecha_pronostico: 2024-09-04
[2024-09-05T01:00:14.836+0000] {logging_mixin.py:190} INFO - Actualización realizada para cve_mun: 15, fecha_pronostico: 2024-09-04
[2024-09-05T01:00:15.050+0000] {logging_mixin.py:190} INFO - Actualización realizada para cve_mun: 16, fecha_pronostico: 2024-09-04
[2024-09-05T01:00:15.207+0000] {logging_mixin.py:190} INFO - Actualización realizada para cve_mun: 17, fecha_pronostico: 2024-09-04
[2024-09-05T01:00:15.464+0000] {logging_mixin.py:190} INFO - Actualización realizada para cve_mun: 18, fecha_pronostico: 2024-09-04
[2024-09-05T01:00:15.657+0000] {logging_mixin.py:190} INFO - Actualización realizada para cve_mun: 1, fecha_pronostico: 2024-09-04
[2024-09-05T01:00:15.857+0000] {logging_mixin.py:190} INFO - Actualización realizada para cve_mun: 2, fecha_pronostico: 2024-09-04
[2024-09-05T01:00:16.182+0000] {logging_mixin.py:190} INFO - Actualización realizada para cve_mun: 3, fecha_pronostico: 2024-09-04
[2024-09-05T01:00:16.383+0000] {logging_mixin.py:190} INFO - Actualización realizada para cve_mun: 4, fecha_pronostico: 2024-09-04
[2024-09-05T01:00:16.571+0000] {logging_mixin.py:190} INFO - Actualización realizada para cve_mun: 5, fecha_pronostico: 2024-09-04
[2024-09-05T01:00:16.804+0000] {logging_mixin.py:190} INFO - Actualización realizada para cve_mun: 6, fecha_pronostico: 2024-09-04
[2024-09-05T01:00:17.009+0000] {logging_mixin.py:190} INFO - Actualización realizada para cve_mun: 7, fecha_pronostico: 2024-09-04
[2024-09-05T01:00:17.396+0000] {logging_mixin.py:190} INFO - Actualización realizada para cve_mun: 8, fecha_pronostico: 2024-09-04
[2024-09-05T01:00:17.696+0000] {logging_mixin.py:190} INFO - Actualización realizada para cve_mun: 9, fecha_pronostico: 2024-09-04
[2024-09-05T01:00:17.976+0000] {logging_mixin.py:190} INFO - Actualización realizada para cve_mun: 10, fecha_pronostico: 2024-09-04
[2024-09-05T01:00:18.129+0000] {logging_mixin.py:190} INFO - Actualización realizada para cve_mun: 11, fecha_pronostico: 2024-09-04
[2024-09-05T01:00:18.355+0000] {logging_mixin.py:190} INFO - Actualización realizada para cve_mun: 12, fecha_pronostico: 2024-09-04
[2024-09-05T01:00:18.548+0000] {logging_mixin.py:190} INFO - Actualización realizada para cve_mun: 13, fecha_pronostico: 2024-09-04
[2024-09-05T01:00:18.788+0000] {logging_mixin.py:190} INFO - Actualización realizada para cve_mun: 14, fecha_pronostico: 2024-09-04
[2024-09-05T01:00:19.094+0000] {logging_mixin.py:190} INFO - Actualización realizada para cve_mun: 15, fecha_pronostico: 2024-09-04
[2024-09-05T01:00:19.652+0000] {logging_mixin.py:190} INFO - Actualización realizada para cve_mun: 16, fecha_pronostico: 2024-09-04
[2024-09-05T01:00:20.048+0000] {logging_mixin.py:190} INFO - Actualización realizada para cve_mun: 17, fecha_pronostico: 2024-09-04
[2024-09-05T01:00:20.192+0000] {logging_mixin.py:190} INFO - Actualización realizada para cve_mun: 18, fecha_pronostico: 2024-09-04
[2024-09-05T01:00:20.440+0000] {logging_mixin.py:190} INFO - Todas las actualizaciones se han realizado con éxito
[2024-09-05T01:00:20.442+0000] {python.py:240} INFO - Done. Returned value was: None
[2024-09-05T01:00:20.478+0000] {taskinstance.py:340} INFO - ::group::Post task execution logs
[2024-09-05T01:00:20.479+0000] {taskinstance.py:352} INFO - Marking task as SUCCESS. dag_id=weather_etl_dag, task_id=update_sequia_indicator, run_id=scheduled__2024-08-13T00:00:00+00:00, execution_date=20240813T000000, start_date=20240905T005824, end_date=20240905T010020
[2024-09-05T01:00:20.597+0000] {local_task_job_runner.py:261} INFO - Task exited with return code 0
[2024-09-05T01:00:20.646+0000] {taskinstance.py:3891} INFO - 0 downstream tasks scheduled from follow-on schedule check
[2024-09-05T01:00:20.717+0000] {local_task_job_runner.py:240} INFO - ::endgroup::
