[2024-08-29T23:52:03.131+0000] {local_task_job_runner.py:120} INFO - ::group::Pre task execution logs
[2024-08-29T23:52:03.199+0000] {taskinstance.py:2076} INFO - Dependencies all met for dep_context=non-requeueable deps ti=<TaskInstance: weather_etl_dag.insert_weather_data scheduled__2024-08-28T00:00:00+00:00 [queued]>
[2024-08-29T23:52:03.222+0000] {taskinstance.py:2076} INFO - Dependencies all met for dep_context=requeueable deps ti=<TaskInstance: weather_etl_dag.insert_weather_data scheduled__2024-08-28T00:00:00+00:00 [queued]>
[2024-08-29T23:52:03.223+0000] {taskinstance.py:2306} INFO - Starting attempt 1 of 2
[2024-08-29T23:52:03.544+0000] {taskinstance.py:2330} INFO - Executing <Task(PythonOperator): insert_weather_data> on 2024-08-28 00:00:00+00:00
[2024-08-29T23:52:03.550+0000] {warnings.py:112} WARNING - /home/***/.local/lib/python3.12/site-packages/***/task/task_runner/standard_task_runner.py:62: DeprecationWarning: This process (pid=296) is multi-threaded, use of fork() may lead to deadlocks in the child.
  pid = os.fork()

[2024-08-29T23:52:03.551+0000] {standard_task_runner.py:64} INFO - Started process 298 to run task
[2024-08-29T23:52:03.556+0000] {standard_task_runner.py:90} INFO - Running: ['***', 'tasks', 'run', 'weather_etl_dag', 'insert_weather_data', 'scheduled__2024-08-28T00:00:00+00:00', '--job-id', '408', '--raw', '--subdir', 'DAGS_FOLDER/weather_etl_dag.py', '--cfg-path', '/tmp/tmpfjxynnwl']
[2024-08-29T23:52:03.558+0000] {standard_task_runner.py:91} INFO - Job 408: Subtask insert_weather_data
[2024-08-29T23:52:03.648+0000] {task_command.py:426} INFO - Running <TaskInstance: weather_etl_dag.insert_weather_data scheduled__2024-08-28T00:00:00+00:00 [running]> on host b7290fbe53d7
[2024-08-29T23:52:03.946+0000] {taskinstance.py:2648} INFO - Exporting env vars: AIRFLOW_CTX_DAG_OWNER='***' AIRFLOW_CTX_DAG_ID='weather_etl_dag' AIRFLOW_CTX_TASK_ID='insert_weather_data' AIRFLOW_CTX_EXECUTION_DATE='2024-08-28T00:00:00+00:00' AIRFLOW_CTX_TRY_NUMBER='1' AIRFLOW_CTX_DAG_RUN_ID='scheduled__2024-08-28T00:00:00+00:00'
[2024-08-29T23:52:03.964+0000] {taskinstance.py:430} INFO - ::endgroup::
[2024-08-29T23:52:21.508+0000] {logging_mixin.py:188} INFO - Todos los pronósticos han sido insertados con éxito en Redshift.
[2024-08-29T23:52:21.509+0000] {python.py:237} INFO - Done. Returned value was: None
[2024-08-29T23:52:21.510+0000] {taskinstance.py:441} INFO - ::group::Post task execution logs
[2024-08-29T23:52:21.519+0000] {taskinstance.py:1206} INFO - Marking task as SUCCESS. dag_id=weather_etl_dag, task_id=insert_weather_data, run_id=scheduled__2024-08-28T00:00:00+00:00, execution_date=20240828T000000, start_date=20240829T235203, end_date=20240829T235221
[2024-08-29T23:52:23.174+0000] {local_task_job_runner.py:243} INFO - Task exited with return code 0
[2024-08-29T23:52:23.256+0000] {taskinstance.py:3503} INFO - 1 downstream tasks scheduled from follow-on schedule check
[2024-08-29T23:52:23.383+0000] {local_task_job_runner.py:222} INFO - ::endgroup::
[2024-09-06T00:02:45.010+0000] {local_task_job_runner.py:123} INFO - ::group::Pre task execution logs
[2024-09-06T00:02:45.862+0000] {taskinstance.py:2603} INFO - Dependencies all met for dep_context=non-requeueable deps ti=<TaskInstance: weather_etl_dag.insert_weather_data scheduled__2024-08-28T00:00:00+00:00 [queued]>
[2024-09-06T00:02:46.208+0000] {taskinstance.py:2603} INFO - Dependencies all met for dep_context=requeueable deps ti=<TaskInstance: weather_etl_dag.insert_weather_data scheduled__2024-08-28T00:00:00+00:00 [queued]>
[2024-09-06T00:02:46.208+0000] {taskinstance.py:2856} INFO - Starting attempt 1 of 2
[2024-09-06T00:02:46.371+0000] {taskinstance.py:2879} INFO - Executing <Task(PythonOperator): insert_weather_data> on 2024-08-28 00:00:00+00:00
[2024-09-06T00:02:46.400+0000] {warnings.py:112} WARNING - /usr/local/lib/python3.12/site-packages/***/task/task_runner/standard_task_runner.py:70: DeprecationWarning: This process (pid=662) is multi-threaded, use of fork() may lead to deadlocks in the child.
  pid = os.fork()

[2024-09-06T00:02:46.401+0000] {standard_task_runner.py:72} INFO - Started process 675 to run task
[2024-09-06T00:02:46.429+0000] {standard_task_runner.py:104} INFO - Running: ['***', 'tasks', 'run', 'weather_etl_dag', 'insert_weather_data', 'scheduled__2024-08-28T00:00:00+00:00', '--job-id', '182', '--raw', '--subdir', 'DAGS_FOLDER/weather_etl_dag.py', '--cfg-path', '/tmp/tmpaolrgqpm']
[2024-09-06T00:02:46.435+0000] {standard_task_runner.py:105} INFO - Job 182: Subtask insert_weather_data
[2024-09-06T00:02:46.735+0000] {task_command.py:467} INFO - Running <TaskInstance: weather_etl_dag.insert_weather_data scheduled__2024-08-28T00:00:00+00:00 [running]> on host da9f5d3bcb59
[2024-09-06T00:02:51.054+0000] {taskinstance.py:3122} INFO - Exporting env vars: AIRFLOW_CTX_DAG_OWNER='***' AIRFLOW_CTX_DAG_ID='weather_etl_dag' AIRFLOW_CTX_TASK_ID='insert_weather_data' AIRFLOW_CTX_EXECUTION_DATE='2024-08-28T00:00:00+00:00' AIRFLOW_CTX_TRY_NUMBER='1' AIRFLOW_CTX_DAG_RUN_ID='scheduled__2024-08-28T00:00:00+00:00'
[2024-09-06T00:02:51.081+0000] {taskinstance.py:731} INFO - ::endgroup::
[2024-09-06T00:02:56.842+0000] {python.py:240} INFO - Done. Returned value was: None
[2024-09-06T00:02:56.882+0000] {taskinstance.py:340} INFO - ::group::Post task execution logs
[2024-09-06T00:02:56.883+0000] {taskinstance.py:352} INFO - Marking task as SUCCESS. dag_id=weather_etl_dag, task_id=insert_weather_data, run_id=scheduled__2024-08-28T00:00:00+00:00, execution_date=20240828T000000, start_date=20240906T000245, end_date=20240906T000256
[2024-09-06T00:02:57.024+0000] {local_task_job_runner.py:261} INFO - Task exited with return code 0
[2024-09-06T00:02:57.055+0000] {taskinstance.py:3891} INFO - 1 downstream tasks scheduled from follow-on schedule check
[2024-09-06T00:02:57.120+0000] {local_task_job_runner.py:240} INFO - ::endgroup::
