[2024-08-17T14:44:01.772+0000] {local_task_job_runner.py:120} INFO - ::group::Pre task execution logs
[2024-08-17T14:44:01.939+0000] {taskinstance.py:2076} INFO - Dependencies all met for dep_context=non-requeueable deps ti=<TaskInstance: weather_etl_dag.update_sequia_indicator scheduled__2024-08-16T00:00:00+00:00 [queued]>
[2024-08-17T14:44:01.951+0000] {taskinstance.py:2076} INFO - Dependencies all met for dep_context=requeueable deps ti=<TaskInstance: weather_etl_dag.update_sequia_indicator scheduled__2024-08-16T00:00:00+00:00 [queued]>
[2024-08-17T14:44:01.997+0000] {taskinstance.py:2306} INFO - Starting attempt 1 of 2
[2024-08-17T14:44:02.130+0000] {taskinstance.py:2330} INFO - Executing <Task(PythonOperator): update_sequia_indicator> on 2024-08-16 00:00:00+00:00
[2024-08-17T14:44:02.138+0000] {standard_task_runner.py:90} INFO - Running: ['***', 'tasks', 'run', 'weather_etl_dag', 'update_sequia_indicator', 'scheduled__2024-08-16T00:00:00+00:00', '--job-id', '181', '--raw', '--subdir', 'DAGS_FOLDER/weather_etl_dag.py', '--cfg-path', '/tmp/tmpb5701uzf']
[2024-08-17T14:44:02.141+0000] {standard_task_runner.py:91} INFO - Job 181: Subtask update_sequia_indicator
[2024-08-17T14:44:02.136+0000] {warnings.py:112} WARNING - /home/***/.local/lib/python3.12/site-packages/***/task/task_runner/standard_task_runner.py:62: DeprecationWarning: This process (pid=566) is multi-threaded, use of fork() may lead to deadlocks in the child.
  pid = os.fork()

[2024-08-17T14:44:02.142+0000] {standard_task_runner.py:64} INFO - Started process 572 to run task
[2024-08-17T14:44:02.347+0000] {task_command.py:426} INFO - Running <TaskInstance: weather_etl_dag.update_sequia_indicator scheduled__2024-08-16T00:00:00+00:00 [running]> on host 40ce90ebbdd9
[2024-08-17T14:44:02.777+0000] {taskinstance.py:2648} INFO - Exporting env vars: AIRFLOW_CTX_DAG_OWNER='***' AIRFLOW_CTX_DAG_ID='weather_etl_dag' AIRFLOW_CTX_TASK_ID='update_sequia_indicator' AIRFLOW_CTX_EXECUTION_DATE='2024-08-16T00:00:00+00:00' AIRFLOW_CTX_TRY_NUMBER='1' AIRFLOW_CTX_DAG_RUN_ID='scheduled__2024-08-16T00:00:00+00:00'
[2024-08-17T14:44:02.780+0000] {taskinstance.py:430} INFO - ::endgroup::
[2024-08-17T14:44:02.817+0000] {logging_mixin.py:188} INFO - iniciando conexion a redshift para actualizar sequia
[2024-08-17T14:44:03.034+0000] {logging_mixin.py:188} INFO - Número de registros a actualizar en la tabla: 36
[2024-08-17T14:44:03.065+0000] {logging_mixin.py:188} INFO - Datos para actualizar en la tabla:    cve_mun            municipio fecha_pronostico indicador_sequia
0        1    Amealco De Bonfil       2024-08-17               D4
1        2      Pinal De Amoles       2024-08-17               D1
2        3          Arroyo Seco       2024-08-17               D0
3        4  Cadereyta De Montes       2024-08-17               D3
4        5                Colon       2024-08-17               D4
[2024-08-17T14:44:24.660+0000] {logging_mixin.py:188} INFO - actualizacion realizada para cve_mun: 1, fecha_pronostico:2024-08-17
[2024-08-17T14:44:24.778+0000] {logging_mixin.py:188} INFO - actualizacion realizada para cve_mun: 2, fecha_pronostico:2024-08-17
[2024-08-17T14:44:24.912+0000] {logging_mixin.py:188} INFO - actualizacion realizada para cve_mun: 3, fecha_pronostico:2024-08-17
[2024-08-17T14:44:25.035+0000] {logging_mixin.py:188} INFO - actualizacion realizada para cve_mun: 4, fecha_pronostico:2024-08-17
[2024-08-17T14:44:25.158+0000] {logging_mixin.py:188} INFO - actualizacion realizada para cve_mun: 5, fecha_pronostico:2024-08-17
[2024-08-17T14:44:25.282+0000] {logging_mixin.py:188} INFO - actualizacion realizada para cve_mun: 6, fecha_pronostico:2024-08-17
[2024-08-17T14:44:25.408+0000] {logging_mixin.py:188} INFO - actualizacion realizada para cve_mun: 7, fecha_pronostico:2024-08-17
[2024-08-17T14:44:25.583+0000] {logging_mixin.py:188} INFO - actualizacion realizada para cve_mun: 8, fecha_pronostico:2024-08-17
[2024-08-17T14:44:25.756+0000] {logging_mixin.py:188} INFO - actualizacion realizada para cve_mun: 9, fecha_pronostico:2024-08-17
[2024-08-17T14:44:25.921+0000] {logging_mixin.py:188} INFO - actualizacion realizada para cve_mun: 10, fecha_pronostico:2024-08-17
[2024-08-17T14:44:26.058+0000] {logging_mixin.py:188} INFO - actualizacion realizada para cve_mun: 11, fecha_pronostico:2024-08-17
[2024-08-17T14:44:26.553+0000] {logging_mixin.py:188} INFO - actualizacion realizada para cve_mun: 12, fecha_pronostico:2024-08-17
[2024-08-17T14:44:26.687+0000] {logging_mixin.py:188} INFO - actualizacion realizada para cve_mun: 13, fecha_pronostico:2024-08-17
[2024-08-17T14:44:26.823+0000] {logging_mixin.py:188} INFO - actualizacion realizada para cve_mun: 14, fecha_pronostico:2024-08-17
[2024-08-17T14:44:26.946+0000] {logging_mixin.py:188} INFO - actualizacion realizada para cve_mun: 15, fecha_pronostico:2024-08-17
[2024-08-17T14:44:27.065+0000] {logging_mixin.py:188} INFO - actualizacion realizada para cve_mun: 16, fecha_pronostico:2024-08-17
[2024-08-17T14:44:27.184+0000] {logging_mixin.py:188} INFO - actualizacion realizada para cve_mun: 17, fecha_pronostico:2024-08-17
[2024-08-17T14:44:27.305+0000] {logging_mixin.py:188} INFO - actualizacion realizada para cve_mun: 18, fecha_pronostico:2024-08-17
[2024-08-17T14:44:27.442+0000] {logging_mixin.py:188} INFO - actualizacion realizada para cve_mun: 1, fecha_pronostico:2024-08-17
[2024-08-17T14:44:27.561+0000] {logging_mixin.py:188} INFO - actualizacion realizada para cve_mun: 2, fecha_pronostico:2024-08-17
[2024-08-17T14:44:27.686+0000] {logging_mixin.py:188} INFO - actualizacion realizada para cve_mun: 3, fecha_pronostico:2024-08-17
[2024-08-17T14:44:27.819+0000] {logging_mixin.py:188} INFO - actualizacion realizada para cve_mun: 4, fecha_pronostico:2024-08-17
[2024-08-17T14:44:27.993+0000] {logging_mixin.py:188} INFO - actualizacion realizada para cve_mun: 5, fecha_pronostico:2024-08-17
[2024-08-17T14:44:28.509+0000] {logging_mixin.py:188} INFO - actualizacion realizada para cve_mun: 6, fecha_pronostico:2024-08-17
[2024-08-17T14:44:28.663+0000] {logging_mixin.py:188} INFO - actualizacion realizada para cve_mun: 7, fecha_pronostico:2024-08-17
[2024-08-17T14:44:29.139+0000] {logging_mixin.py:188} INFO - actualizacion realizada para cve_mun: 8, fecha_pronostico:2024-08-17
[2024-08-17T14:44:29.263+0000] {logging_mixin.py:188} INFO - actualizacion realizada para cve_mun: 9, fecha_pronostico:2024-08-17
[2024-08-17T14:44:29.400+0000] {logging_mixin.py:188} INFO - actualizacion realizada para cve_mun: 10, fecha_pronostico:2024-08-17
[2024-08-17T14:44:29.845+0000] {logging_mixin.py:188} INFO - actualizacion realizada para cve_mun: 11, fecha_pronostico:2024-08-17
[2024-08-17T14:44:30.103+0000] {logging_mixin.py:188} INFO - actualizacion realizada para cve_mun: 12, fecha_pronostico:2024-08-17
[2024-08-17T14:44:30.223+0000] {logging_mixin.py:188} INFO - actualizacion realizada para cve_mun: 13, fecha_pronostico:2024-08-17
[2024-08-17T14:44:30.368+0000] {logging_mixin.py:188} INFO - actualizacion realizada para cve_mun: 14, fecha_pronostico:2024-08-17
[2024-08-17T14:44:30.488+0000] {logging_mixin.py:188} INFO - actualizacion realizada para cve_mun: 15, fecha_pronostico:2024-08-17
[2024-08-17T14:44:30.608+0000] {logging_mixin.py:188} INFO - actualizacion realizada para cve_mun: 16, fecha_pronostico:2024-08-17
[2024-08-17T14:44:30.744+0000] {logging_mixin.py:188} INFO - actualizacion realizada para cve_mun: 17, fecha_pronostico:2024-08-17
[2024-08-17T14:44:30.864+0000] {logging_mixin.py:188} INFO - actualizacion realizada para cve_mun: 18, fecha_pronostico:2024-08-17
[2024-08-17T14:44:30.968+0000] {logging_mixin.py:188} INFO - tosdas las actualizaciones se han realizado con exito
[2024-08-17T14:44:30.970+0000] {python.py:237} INFO - Done. Returned value was: None
[2024-08-17T14:44:30.970+0000] {taskinstance.py:441} INFO - ::group::Post task execution logs
[2024-08-17T14:44:30.981+0000] {taskinstance.py:1206} INFO - Marking task as SUCCESS. dag_id=weather_etl_dag, task_id=update_sequia_indicator, run_id=scheduled__2024-08-16T00:00:00+00:00, execution_date=20240816T000000, start_date=20240817T144401, end_date=20240817T144430
[2024-08-17T14:44:31.388+0000] {local_task_job_runner.py:243} INFO - Task exited with return code 0
[2024-08-17T14:44:31.409+0000] {taskinstance.py:3503} INFO - 1 downstream tasks scheduled from follow-on schedule check
[2024-08-17T14:44:31.447+0000] {local_task_job_runner.py:222} INFO - ::endgroup::
[2024-09-05T23:42:08.401+0000] {local_task_job_runner.py:123} INFO - ::group::Pre task execution logs
[2024-09-05T23:42:10.646+0000] {taskinstance.py:2603} INFO - Dependencies all met for dep_context=non-requeueable deps ti=<TaskInstance: weather_etl_dag.update_sequia_indicator scheduled__2024-08-16T00:00:00+00:00 [queued]>
[2024-09-05T23:42:11.620+0000] {taskinstance.py:2603} INFO - Dependencies all met for dep_context=requeueable deps ti=<TaskInstance: weather_etl_dag.update_sequia_indicator scheduled__2024-08-16T00:00:00+00:00 [queued]>
[2024-09-05T23:42:11.623+0000] {taskinstance.py:2856} INFO - Starting attempt 1 of 2
[2024-09-05T23:42:13.723+0000] {taskinstance.py:2879} INFO - Executing <Task(PythonOperator): update_sequia_indicator> on 2024-08-16 00:00:00+00:00
[2024-09-05T23:42:13.926+0000] {warnings.py:112} WARNING - /usr/local/lib/python3.12/site-packages/***/task/task_runner/standard_task_runner.py:70: DeprecationWarning: This process (pid=157) is multi-threaded, use of fork() may lead to deadlocks in the child.
  pid = os.fork()

[2024-09-05T23:42:14.039+0000] {standard_task_runner.py:72} INFO - Started process 178 to run task
[2024-09-05T23:42:14.043+0000] {standard_task_runner.py:104} INFO - Running: ['***', 'tasks', 'run', 'weather_etl_dag', 'update_sequia_indicator', 'scheduled__2024-08-16T00:00:00+00:00', '--job-id', '140', '--raw', '--subdir', 'DAGS_FOLDER/weather_etl_dag.py', '--cfg-path', '/tmp/tmpcmtrgmvs']
[2024-09-05T23:42:14.072+0000] {standard_task_runner.py:105} INFO - Job 140: Subtask update_sequia_indicator
[2024-09-05T23:42:19.141+0000] {task_command.py:467} INFO - Running <TaskInstance: weather_etl_dag.update_sequia_indicator scheduled__2024-08-16T00:00:00+00:00 [running]> on host da9f5d3bcb59
[2024-09-05T23:42:19.576+0000] {taskinstance.py:3122} INFO - Exporting env vars: AIRFLOW_CTX_DAG_OWNER='***' AIRFLOW_CTX_DAG_ID='weather_etl_dag' AIRFLOW_CTX_TASK_ID='update_sequia_indicator' AIRFLOW_CTX_EXECUTION_DATE='2024-08-16T00:00:00+00:00' AIRFLOW_CTX_TRY_NUMBER='1' AIRFLOW_CTX_DAG_RUN_ID='scheduled__2024-08-16T00:00:00+00:00'
[2024-09-05T23:42:19.578+0000] {taskinstance.py:731} INFO - ::endgroup::
[2024-09-05T23:42:19.752+0000] {job.py:229} INFO - Heartbeat recovered after 17.24 seconds
[2024-09-05T23:42:25.845+0000] {python.py:240} INFO - Done. Returned value was: None
[2024-09-05T23:42:25.862+0000] {taskinstance.py:340} INFO - ::group::Post task execution logs
[2024-09-05T23:42:25.863+0000] {taskinstance.py:352} INFO - Marking task as SUCCESS. dag_id=weather_etl_dag, task_id=update_sequia_indicator, run_id=scheduled__2024-08-16T00:00:00+00:00, execution_date=20240816T000000, start_date=20240905T234210, end_date=20240905T234225
[2024-09-05T23:42:27.245+0000] {local_task_job_runner.py:261} INFO - Task exited with return code 0
[2024-09-05T23:42:27.429+0000] {taskinstance.py:3891} INFO - 0 downstream tasks scheduled from follow-on schedule check
[2024-09-05T23:42:27.510+0000] {local_task_job_runner.py:240} INFO - ::endgroup::
