[2024-09-06T03:50:28.392+0000] {local_task_job_runner.py:123} INFO - ::group::Pre task execution logs
[2024-09-06T03:50:28.630+0000] {taskinstance.py:2603} INFO - Dependencies all met for dep_context=non-requeueable deps ti=<TaskInstance: weather_etl_dag.fetch_weather_data scheduled__2024-09-05T00:00:00+00:00 [queued]>
[2024-09-06T03:50:28.662+0000] {taskinstance.py:2603} INFO - Dependencies all met for dep_context=requeueable deps ti=<TaskInstance: weather_etl_dag.fetch_weather_data scheduled__2024-09-05T00:00:00+00:00 [queued]>
[2024-09-06T03:50:28.687+0000] {taskinstance.py:2856} INFO - Starting attempt 1 of 2
[2024-09-06T03:50:29.061+0000] {taskinstance.py:2879} INFO - Executing <Task(PythonOperator): fetch_weather_data> on 2024-09-05 00:00:00+00:00
[2024-09-06T03:50:29.070+0000] {warnings.py:112} WARNING - /usr/local/lib/python3.12/site-packages/***/task/task_runner/standard_task_runner.py:70: DeprecationWarning: This process (pid=266) is multi-threaded, use of fork() may lead to deadlocks in the child.
  pid = os.fork()

[2024-09-06T03:50:29.073+0000] {standard_task_runner.py:104} INFO - Running: ['***', 'tasks', 'run', 'weather_etl_dag', 'fetch_weather_data', 'scheduled__2024-09-05T00:00:00+00:00', '--job-id', '264', '--raw', '--subdir', 'DAGS_FOLDER/weather_etl_dag.py', '--cfg-path', '/tmp/tmptbqa5ivx']
[2024-09-06T03:50:29.075+0000] {standard_task_runner.py:72} INFO - Started process 272 to run task
[2024-09-06T03:50:29.075+0000] {standard_task_runner.py:105} INFO - Job 264: Subtask fetch_weather_data
[2024-09-06T03:50:29.202+0000] {task_command.py:467} INFO - Running <TaskInstance: weather_etl_dag.fetch_weather_data scheduled__2024-09-05T00:00:00+00:00 [running]> on host 4b8f6e83ee7a
[2024-09-06T03:50:32.413+0000] {taskinstance.py:3122} INFO - Exporting env vars: AIRFLOW_CTX_DAG_OWNER='***' AIRFLOW_CTX_DAG_ID='weather_etl_dag' AIRFLOW_CTX_TASK_ID='fetch_weather_data' AIRFLOW_CTX_EXECUTION_DATE='2024-09-05T00:00:00+00:00' AIRFLOW_CTX_TRY_NUMBER='1' AIRFLOW_CTX_DAG_RUN_ID='scheduled__2024-09-05T00:00:00+00:00'
[2024-09-06T03:50:32.417+0000] {taskinstance.py:731} INFO - ::endgroup::
[2024-09-06T03:51:41.886+0000] {job.py:229} INFO - Heartbeat recovered after 74.26 seconds
[2024-09-06T03:52:01.409+0000] {job.py:229} INFO - Heartbeat recovered after 24.29 seconds
[2024-09-06T03:52:17.313+0000] {python.py:240} INFO - Done. Returned value was: None
[2024-09-06T03:52:35.228+0000] {taskinstance.py:340} INFO - ::group::Post task execution logs
[2024-09-06T03:52:36.225+0000] {taskinstance.py:352} INFO - Marking task as SUCCESS. dag_id=weather_etl_dag, task_id=fetch_weather_data, run_id=scheduled__2024-09-05T00:00:00+00:00, execution_date=20240905T000000, start_date=20240906T035028, end_date=20240906T035235
[2024-09-06T03:52:47.846+0000] {local_task_job_runner.py:261} INFO - Task exited with return code 0
[2024-09-06T03:52:51.020+0000] {standard_task_runner.py:217} INFO - Process not found (most likely exited), stop collecting metrics
[2024-09-06T03:53:57.430+0000] {taskinstance.py:3891} INFO - 0 downstream tasks scheduled from follow-on schedule check
[2024-09-06T03:53:57.799+0000] {local_task_job_runner.py:240} INFO - ::endgroup::
