[2024-08-26T00:00:45.648+0000] {local_task_job_runner.py:120} INFO - ::group::Pre task execution logs
[2024-08-26T00:00:45.672+0000] {taskinstance.py:2076} INFO - Dependencies all met for dep_context=non-requeueable deps ti=<TaskInstance: weather_etl_dag.fetch_weather_data scheduled__2024-08-25T00:00:00+00:00 [queued]>
[2024-08-26T00:00:45.680+0000] {taskinstance.py:2076} INFO - Dependencies all met for dep_context=requeueable deps ti=<TaskInstance: weather_etl_dag.fetch_weather_data scheduled__2024-08-25T00:00:00+00:00 [queued]>
[2024-08-26T00:00:45.686+0000] {taskinstance.py:2306} INFO - Starting attempt 1 of 2
[2024-08-26T00:00:45.865+0000] {taskinstance.py:2330} INFO - Executing <Task(PythonOperator): fetch_weather_data> on 2024-08-25 00:00:00+00:00
[2024-08-26T00:00:45.871+0000] {warnings.py:112} WARNING - /home/***/.local/lib/python3.12/site-packages/***/task/task_runner/standard_task_runner.py:62: DeprecationWarning: This process (pid=4604) is multi-threaded, use of fork() may lead to deadlocks in the child.
  pid = os.fork()

[2024-08-26T00:00:45.872+0000] {standard_task_runner.py:64} INFO - Started process 4606 to run task
[2024-08-26T00:00:45.873+0000] {standard_task_runner.py:90} INFO - Running: ['***', 'tasks', 'run', 'weather_etl_dag', 'fetch_weather_data', 'scheduled__2024-08-25T00:00:00+00:00', '--job-id', '364', '--raw', '--subdir', 'DAGS_FOLDER/weather_etl_dag.py', '--cfg-path', '/tmp/tmpyhoo3t1j']
[2024-08-26T00:00:45.875+0000] {standard_task_runner.py:91} INFO - Job 364: Subtask fetch_weather_data
[2024-08-26T00:00:45.948+0000] {task_command.py:426} INFO - Running <TaskInstance: weather_etl_dag.fetch_weather_data scheduled__2024-08-25T00:00:00+00:00 [running]> on host b7290fbe53d7
[2024-08-26T00:00:46.115+0000] {taskinstance.py:2648} INFO - Exporting env vars: AIRFLOW_CTX_DAG_OWNER='***' AIRFLOW_CTX_DAG_ID='weather_etl_dag' AIRFLOW_CTX_TASK_ID='fetch_weather_data' AIRFLOW_CTX_EXECUTION_DATE='2024-08-25T00:00:00+00:00' AIRFLOW_CTX_TRY_NUMBER='1' AIRFLOW_CTX_DAG_RUN_ID='scheduled__2024-08-25T00:00:00+00:00'
[2024-08-26T00:00:46.117+0000] {taskinstance.py:430} INFO - ::endgroup::
[2024-08-26T00:00:46.131+0000] {logging_mixin.py:188} INFO - recuperando municipios desde xcom
[2024-08-26T00:00:46.666+0000] {logging_mixin.py:188} INFO - numero de municipios recuperados:18
[2024-08-26T00:00:46.791+0000] {logging_mixin.py:188} INFO - Datos de municipios para obtener clima:    cve_mun              nom_mun  lat_decimal  lon_decimal
0        1    AMEALCO DE BONFIL    20.186444  -100.144195
1        2      PINAL DE AMOLES    21.135302   -99.627540
2        3          ARROYO SECO    21.548036   -99.689166
3        4  CADEREYTA DE MONTES    20.695023   -99.815633
4        5                COLON    20.788326  -100.045430
[2024-08-26T00:00:46.801+0000] {logging_mixin.py:188} INFO - Haciendo solicitud a la API para lat: 20.186444, lon: -100.144195
[2024-08-26T00:00:47.732+0000] {logging_mixin.py:188} INFO - respuesta recibida:200
[2024-08-26T00:00:47.733+0000] {logging_mixin.py:188} INFO - Haciendo solicitud a la API para lat: 21.135302, lon: -99.62754
[2024-08-26T00:00:48.560+0000] {logging_mixin.py:188} INFO - respuesta recibida:200
[2024-08-26T00:00:48.561+0000] {logging_mixin.py:188} INFO - Haciendo solicitud a la API para lat: 21.548036, lon: -99.689166
[2024-08-26T00:00:49.419+0000] {logging_mixin.py:188} INFO - respuesta recibida:200
[2024-08-26T00:00:49.422+0000] {logging_mixin.py:188} INFO - Haciendo solicitud a la API para lat: 20.695023, lon: -99.815633
[2024-08-26T00:00:50.147+0000] {logging_mixin.py:188} INFO - respuesta recibida:200
[2024-08-26T00:00:50.150+0000] {logging_mixin.py:188} INFO - Haciendo solicitud a la API para lat: 20.788326, lon: -100.04543
[2024-08-26T00:00:51.028+0000] {logging_mixin.py:188} INFO - respuesta recibida:200
[2024-08-26T00:00:51.030+0000] {logging_mixin.py:188} INFO - Haciendo solicitud a la API para lat: 20.552436, lon: -100.445883
[2024-08-26T00:00:51.903+0000] {logging_mixin.py:188} INFO - respuesta recibida:200
[2024-08-26T00:00:51.905+0000] {logging_mixin.py:188} INFO - Haciendo solicitud a la API para lat: 20.665295, lon: -99.898405
[2024-08-26T00:00:52.792+0000] {logging_mixin.py:188} INFO - respuesta recibida:200
[2024-08-26T00:00:52.793+0000] {logging_mixin.py:188} INFO - Haciendo solicitud a la API para lat: 20.375244, lon: -100.274333
[2024-08-26T00:00:53.739+0000] {logging_mixin.py:188} INFO - respuesta recibida:200
[2024-08-26T00:00:53.741+0000] {logging_mixin.py:188} INFO - Haciendo solicitud a la API para lat: 21.216802, lon: -99.47291
[2024-08-26T00:00:54.605+0000] {logging_mixin.py:188} INFO - respuesta recibida:200
[2024-08-26T00:00:54.896+0000] {logging_mixin.py:188} INFO - Haciendo solicitud a la API para lat: 21.183456, lon: -99.321914
[2024-08-26T00:00:55.674+0000] {logging_mixin.py:188} INFO - respuesta recibida:200
[2024-08-26T00:00:55.675+0000] {logging_mixin.py:188} INFO - Haciendo solicitud a la API para lat: 20.60657, lon: -100.331096
[2024-08-26T00:00:56.507+0000] {logging_mixin.py:188} INFO - respuesta recibida:200
[2024-08-26T00:00:56.508+0000] {logging_mixin.py:188} INFO - Haciendo solicitud a la API para lat: 20.502494, lon: -100.14473
[2024-08-26T00:00:57.413+0000] {logging_mixin.py:188} INFO - respuesta recibida:200
[2024-08-26T00:00:58.213+0000] {logging_mixin.py:188} INFO - Haciendo solicitud a la API para lat: 21.053631, lon: -99.814526
[2024-08-26T00:00:59.143+0000] {logging_mixin.py:188} INFO - respuesta recibida:200
[2024-08-26T00:00:59.145+0000] {logging_mixin.py:188} INFO - Haciendo solicitud a la API para lat: 20.593391, lon: -100.389957
[2024-08-26T00:00:59.861+0000] {logging_mixin.py:188} INFO - respuesta recibida:200
[2024-08-26T00:00:59.863+0000] {logging_mixin.py:188} INFO - Haciendo solicitud a la API para lat: 20.916061, lon: -99.566359
[2024-08-26T00:01:00.639+0000] {logging_mixin.py:188} INFO - respuesta recibida:200
[2024-08-26T00:01:00.654+0000] {logging_mixin.py:188} INFO - Haciendo solicitud a la API para lat: 20.386441, lon: -99.999631
[2024-08-26T00:01:01.609+0000] {logging_mixin.py:188} INFO - respuesta recibida:200
[2024-08-26T00:01:01.616+0000] {logging_mixin.py:188} INFO - Haciendo solicitud a la API para lat: 20.518817, lon: -99.88384
[2024-08-26T00:01:02.504+0000] {logging_mixin.py:188} INFO - respuesta recibida:200
[2024-08-26T00:01:02.507+0000] {logging_mixin.py:188} INFO - Haciendo solicitud a la API para lat: 20.908149, lon: -99.9308
[2024-08-26T00:01:03.333+0000] {logging_mixin.py:188} INFO - respuesta recibida:200
[2024-08-26T00:01:03.339+0000] {logging_mixin.py:188} INFO - Pronosticos obtenidos:18
[2024-08-26T00:01:03.784+0000] {python.py:237} INFO - Done. Returned value was: None
[2024-08-26T00:01:03.785+0000] {taskinstance.py:441} INFO - ::group::Post task execution logs
[2024-08-26T00:01:03.816+0000] {taskinstance.py:1206} INFO - Marking task as SUCCESS. dag_id=weather_etl_dag, task_id=fetch_weather_data, run_id=scheduled__2024-08-25T00:00:00+00:00, execution_date=20240825T000000, start_date=20240826T000045, end_date=20240826T000103
[2024-08-26T00:01:03.985+0000] {local_task_job_runner.py:243} INFO - Task exited with return code 0
[2024-08-26T00:01:04.023+0000] {taskinstance.py:3503} INFO - 1 downstream tasks scheduled from follow-on schedule check
[2024-08-26T00:01:04.084+0000] {local_task_job_runner.py:222} INFO - ::endgroup::
[2024-09-05T23:44:48.140+0000] {local_task_job_runner.py:123} INFO - ::group::Pre task execution logs
[2024-09-05T23:44:48.369+0000] {taskinstance.py:2603} INFO - Dependencies all met for dep_context=non-requeueable deps ti=<TaskInstance: weather_etl_dag.fetch_weather_data scheduled__2024-08-25T00:00:00+00:00 [queued]>
[2024-09-05T23:44:48.472+0000] {taskinstance.py:2603} INFO - Dependencies all met for dep_context=requeueable deps ti=<TaskInstance: weather_etl_dag.fetch_weather_data scheduled__2024-08-25T00:00:00+00:00 [queued]>
[2024-09-05T23:44:48.472+0000] {taskinstance.py:2856} INFO - Starting attempt 1 of 2
[2024-09-05T23:44:48.584+0000] {taskinstance.py:2879} INFO - Executing <Task(PythonOperator): fetch_weather_data> on 2024-08-25 00:00:00+00:00
[2024-09-05T23:44:48.591+0000] {standard_task_runner.py:104} INFO - Running: ['***', 'tasks', 'run', 'weather_etl_dag', 'fetch_weather_data', 'scheduled__2024-08-25T00:00:00+00:00', '--job-id', '148', '--raw', '--subdir', 'DAGS_FOLDER/weather_etl_dag.py', '--cfg-path', '/tmp/tmpywedi5me']
[2024-09-05T23:44:48.594+0000] {standard_task_runner.py:105} INFO - Job 148: Subtask fetch_weather_data
[2024-09-05T23:44:48.604+0000] {warnings.py:112} WARNING - /usr/local/lib/python3.12/site-packages/***/task/task_runner/standard_task_runner.py:70: DeprecationWarning: This process (pid=250) is multi-threaded, use of fork() may lead to deadlocks in the child.
  pid = os.fork()

[2024-09-05T23:44:48.605+0000] {standard_task_runner.py:72} INFO - Started process 260 to run task
[2024-09-05T23:44:48.707+0000] {task_command.py:467} INFO - Running <TaskInstance: weather_etl_dag.fetch_weather_data scheduled__2024-08-25T00:00:00+00:00 [running]> on host da9f5d3bcb59
[2024-09-05T23:44:49.107+0000] {taskinstance.py:3122} INFO - Exporting env vars: AIRFLOW_CTX_DAG_OWNER='***' AIRFLOW_CTX_DAG_ID='weather_etl_dag' AIRFLOW_CTX_TASK_ID='fetch_weather_data' AIRFLOW_CTX_EXECUTION_DATE='2024-08-25T00:00:00+00:00' AIRFLOW_CTX_TRY_NUMBER='1' AIRFLOW_CTX_DAG_RUN_ID='scheduled__2024-08-25T00:00:00+00:00'
[2024-09-05T23:44:49.108+0000] {taskinstance.py:731} INFO - ::endgroup::
[2024-09-05T23:45:00.456+0000] {python.py:240} INFO - Done. Returned value was: None
[2024-09-05T23:45:00.470+0000] {taskinstance.py:340} INFO - ::group::Post task execution logs
[2024-09-05T23:45:00.470+0000] {taskinstance.py:352} INFO - Marking task as SUCCESS. dag_id=weather_etl_dag, task_id=fetch_weather_data, run_id=scheduled__2024-08-25T00:00:00+00:00, execution_date=20240825T000000, start_date=20240905T234448, end_date=20240905T234500
[2024-09-05T23:45:00.562+0000] {local_task_job_runner.py:261} INFO - Task exited with return code 0
[2024-09-05T23:45:00.932+0000] {taskinstance.py:3891} INFO - 1 downstream tasks scheduled from follow-on schedule check
[2024-09-05T23:45:00.988+0000] {local_task_job_runner.py:240} INFO - ::endgroup::
