[2024-09-05T00:32:34.928+0000] {local_task_job_runner.py:123} INFO - ::group::Pre task execution logs
[2024-09-05T00:32:34.982+0000] {taskinstance.py:2603} INFO - Dependencies all met for dep_context=non-requeueable deps ti=<TaskInstance: weather_etl_dag.fetch_weather_data scheduled__2024-08-02T00:00:00+00:00 [queued]>
[2024-09-05T00:32:35.006+0000] {taskinstance.py:2603} INFO - Dependencies all met for dep_context=requeueable deps ti=<TaskInstance: weather_etl_dag.fetch_weather_data scheduled__2024-08-02T00:00:00+00:00 [queued]>
[2024-09-05T00:32:35.020+0000] {taskinstance.py:2856} INFO - Starting attempt 1 of 2
[2024-09-05T00:32:35.108+0000] {taskinstance.py:2879} INFO - Executing <Task(PythonOperator): fetch_weather_data> on 2024-08-02 00:00:00+00:00
[2024-09-05T00:32:35.114+0000] {warnings.py:112} WARNING - /usr/local/lib/python3.12/site-packages/***/task/task_runner/standard_task_runner.py:70: DeprecationWarning: This process (pid=196) is multi-threaded, use of fork() may lead to deadlocks in the child.
  pid = os.fork()

[2024-09-05T00:32:35.120+0000] {standard_task_runner.py:72} INFO - Started process 200 to run task
[2024-09-05T00:32:35.117+0000] {standard_task_runner.py:104} INFO - Running: ['***', 'tasks', 'run', 'weather_etl_dag', 'fetch_weather_data', 'scheduled__2024-08-02T00:00:00+00:00', '--job-id', '24', '--raw', '--subdir', 'DAGS_FOLDER/weather_etl_dag.py', '--cfg-path', '/tmp/tmpwyp934bl']
[2024-09-05T00:32:35.124+0000] {standard_task_runner.py:105} INFO - Job 24: Subtask fetch_weather_data
[2024-09-05T00:32:35.335+0000] {task_command.py:467} INFO - Running <TaskInstance: weather_etl_dag.fetch_weather_data scheduled__2024-08-02T00:00:00+00:00 [running]> on host b778581f4b0f
[2024-09-05T00:32:36.260+0000] {taskinstance.py:3122} INFO - Exporting env vars: AIRFLOW_CTX_DAG_OWNER='***' AIRFLOW_CTX_DAG_ID='weather_etl_dag' AIRFLOW_CTX_TASK_ID='fetch_weather_data' AIRFLOW_CTX_EXECUTION_DATE='2024-08-02T00:00:00+00:00' AIRFLOW_CTX_TRY_NUMBER='1' AIRFLOW_CTX_DAG_RUN_ID='scheduled__2024-08-02T00:00:00+00:00'
[2024-09-05T00:32:36.261+0000] {taskinstance.py:731} INFO - ::endgroup::
[2024-09-05T00:32:36.273+0000] {logging_mixin.py:190} INFO - Recuperando municipios desde XCom
[2024-09-05T00:32:36.307+0000] {logging_mixin.py:190} INFO - Número de municipios recuperados: 18
[2024-09-05T00:32:36.324+0000] {logging_mixin.py:190} INFO - Datos de municipios para obtener clima:    cve_mun              nom_mun  lat_decimal  lon_decimal
0        1    AMEALCO DE BONFIL    20.186444  -100.144195
1        2      PINAL DE AMOLES    21.135302   -99.627540
2        3          ARROYO SECO    21.548036   -99.689166
3        4  CADEREYTA DE MONTES    20.695023   -99.815633
4        5                COLON    20.788326  -100.045430
[2024-09-05T00:32:36.338+0000] {logging_mixin.py:190} INFO - Haciendo solicitud a la API para lat: 20.186444, lon: -100.144195
[2024-09-05T00:32:38.036+0000] {logging_mixin.py:190} INFO - Respuesta recibida: 200
[2024-09-05T00:32:38.039+0000] {logging_mixin.py:190} INFO - Haciendo solicitud a la API para lat: 21.135302, lon: -99.62754
[2024-09-05T00:32:40.724+0000] {logging_mixin.py:190} INFO - Respuesta recibida: 200
[2024-09-05T00:32:40.726+0000] {logging_mixin.py:190} INFO - Haciendo solicitud a la API para lat: 21.548036, lon: -99.689166
[2024-09-05T00:32:41.987+0000] {logging_mixin.py:190} INFO - Respuesta recibida: 200
[2024-09-05T00:32:41.988+0000] {logging_mixin.py:190} INFO - Haciendo solicitud a la API para lat: 20.695023, lon: -99.815633
[2024-09-05T00:32:50.455+0000] {logging_mixin.py:190} INFO - Respuesta recibida: 200
[2024-09-05T00:32:50.457+0000] {logging_mixin.py:190} INFO - Haciendo solicitud a la API para lat: 20.788326, lon: -100.04543
[2024-09-05T00:32:51.713+0000] {logging_mixin.py:190} INFO - Respuesta recibida: 200
[2024-09-05T00:32:51.714+0000] {logging_mixin.py:190} INFO - Haciendo solicitud a la API para lat: 20.552436, lon: -100.445883
[2024-09-05T00:32:54.548+0000] {logging_mixin.py:190} INFO - Respuesta recibida: 200
[2024-09-05T00:32:54.550+0000] {logging_mixin.py:190} INFO - Haciendo solicitud a la API para lat: 20.665295, lon: -99.898405
[2024-09-05T00:32:55.962+0000] {logging_mixin.py:190} INFO - Respuesta recibida: 200
[2024-09-05T00:32:55.974+0000] {logging_mixin.py:190} INFO - Haciendo solicitud a la API para lat: 20.375244, lon: -100.274333
[2024-09-05T00:32:56.882+0000] {logging_mixin.py:190} INFO - Respuesta recibida: 200
[2024-09-05T00:32:56.884+0000] {logging_mixin.py:190} INFO - Haciendo solicitud a la API para lat: 21.216802, lon: -99.47291
[2024-09-05T00:32:57.815+0000] {logging_mixin.py:190} INFO - Respuesta recibida: 200
[2024-09-05T00:32:57.818+0000] {logging_mixin.py:190} INFO - Haciendo solicitud a la API para lat: 21.183456, lon: -99.321914
[2024-09-05T00:32:58.749+0000] {logging_mixin.py:190} INFO - Respuesta recibida: 200
[2024-09-05T00:32:58.750+0000] {logging_mixin.py:190} INFO - Haciendo solicitud a la API para lat: 20.60657, lon: -100.331096
[2024-09-05T00:32:59.723+0000] {logging_mixin.py:190} INFO - Respuesta recibida: 200
[2024-09-05T00:32:59.724+0000] {logging_mixin.py:190} INFO - Haciendo solicitud a la API para lat: 20.502494, lon: -100.14473
[2024-09-05T00:33:01.168+0000] {logging_mixin.py:190} INFO - Respuesta recibida: 200
[2024-09-05T00:33:01.173+0000] {logging_mixin.py:190} INFO - Haciendo solicitud a la API para lat: 21.053631, lon: -99.814526
[2024-09-05T00:33:03.562+0000] {logging_mixin.py:190} INFO - Respuesta recibida: 200
[2024-09-05T00:33:03.564+0000] {logging_mixin.py:190} INFO - Haciendo solicitud a la API para lat: 20.593391, lon: -100.389957
[2024-09-05T00:33:04.868+0000] {logging_mixin.py:190} INFO - Respuesta recibida: 200
[2024-09-05T00:33:04.870+0000] {logging_mixin.py:190} INFO - Haciendo solicitud a la API para lat: 20.916061, lon: -99.566359
[2024-09-05T00:33:06.500+0000] {logging_mixin.py:190} INFO - Respuesta recibida: 200
[2024-09-05T00:33:06.509+0000] {logging_mixin.py:190} INFO - Haciendo solicitud a la API para lat: 20.386441, lon: -99.999631
[2024-09-05T00:33:08.291+0000] {logging_mixin.py:190} INFO - Respuesta recibida: 200
[2024-09-05T00:33:08.295+0000] {logging_mixin.py:190} INFO - Haciendo solicitud a la API para lat: 20.518817, lon: -99.88384
[2024-09-05T00:33:10.880+0000] {logging_mixin.py:190} INFO - Respuesta recibida: 200
[2024-09-05T00:33:10.881+0000] {logging_mixin.py:190} INFO - Haciendo solicitud a la API para lat: 20.908149, lon: -99.9308
[2024-09-05T00:33:12.323+0000] {logging_mixin.py:190} INFO - Respuesta recibida: 200
[2024-09-05T00:33:12.329+0000] {logging_mixin.py:190} INFO - Pronósticos obtenidos: 18
[2024-09-05T00:33:12.679+0000] {python.py:240} INFO - Done. Returned value was: None
[2024-09-05T00:33:12.750+0000] {taskinstance.py:340} INFO - ::group::Post task execution logs
[2024-09-05T00:33:12.772+0000] {taskinstance.py:352} INFO - Marking task as SUCCESS. dag_id=weather_etl_dag, task_id=fetch_weather_data, run_id=scheduled__2024-08-02T00:00:00+00:00, execution_date=20240802T000000, start_date=20240905T003234, end_date=20240905T003312
[2024-09-05T00:33:12.922+0000] {local_task_job_runner.py:261} INFO - Task exited with return code 0
[2024-09-05T00:33:12.975+0000] {taskinstance.py:3891} INFO - 1 downstream tasks scheduled from follow-on schedule check
[2024-09-05T00:33:13.011+0000] {local_task_job_runner.py:240} INFO - ::endgroup::
[2024-09-05T18:05:30.434+0000] {local_task_job_runner.py:123} INFO - ::group::Pre task execution logs
[2024-09-05T18:05:30.483+0000] {taskinstance.py:2603} INFO - Dependencies all met for dep_context=non-requeueable deps ti=<TaskInstance: weather_etl_dag.fetch_weather_data scheduled__2024-08-02T00:00:00+00:00 [queued]>
[2024-09-05T18:05:30.492+0000] {taskinstance.py:2603} INFO - Dependencies all met for dep_context=requeueable deps ti=<TaskInstance: weather_etl_dag.fetch_weather_data scheduled__2024-08-02T00:00:00+00:00 [queued]>
[2024-09-05T18:05:30.493+0000] {taskinstance.py:2856} INFO - Starting attempt 1 of 2
[2024-09-05T18:05:30.575+0000] {taskinstance.py:2879} INFO - Executing <Task(PythonOperator): fetch_weather_data> on 2024-08-02 00:00:00+00:00
[2024-09-05T18:05:30.579+0000] {warnings.py:112} WARNING - /usr/local/lib/python3.12/site-packages/***/task/task_runner/standard_task_runner.py:70: DeprecationWarning: This process (pid=331) is multi-threaded, use of fork() may lead to deadlocks in the child.
  pid = os.fork()

[2024-09-05T18:05:30.582+0000] {standard_task_runner.py:72} INFO - Started process 333 to run task
[2024-09-05T18:05:30.582+0000] {standard_task_runner.py:104} INFO - Running: ['***', 'tasks', 'run', 'weather_etl_dag', 'fetch_weather_data', 'scheduled__2024-08-02T00:00:00+00:00', '--job-id', '13', '--raw', '--subdir', 'DAGS_FOLDER/weather_etl_dag.py', '--cfg-path', '/tmp/tmpzhkyohiv']
[2024-09-05T18:05:30.585+0000] {standard_task_runner.py:105} INFO - Job 13: Subtask fetch_weather_data
[2024-09-05T18:05:30.786+0000] {task_command.py:467} INFO - Running <TaskInstance: weather_etl_dag.fetch_weather_data scheduled__2024-08-02T00:00:00+00:00 [running]> on host 0b8eaea5e88c
[2024-09-05T18:05:31.409+0000] {taskinstance.py:3122} INFO - Exporting env vars: AIRFLOW_CTX_DAG_OWNER='***' AIRFLOW_CTX_DAG_ID='weather_etl_dag' AIRFLOW_CTX_TASK_ID='fetch_weather_data' AIRFLOW_CTX_EXECUTION_DATE='2024-08-02T00:00:00+00:00' AIRFLOW_CTX_TRY_NUMBER='1' AIRFLOW_CTX_DAG_RUN_ID='scheduled__2024-08-02T00:00:00+00:00'
[2024-09-05T18:05:31.411+0000] {taskinstance.py:731} INFO - ::endgroup::
[2024-09-05T18:05:31.424+0000] {logging_mixin.py:190} INFO - Recuperando municipios desde XCom
[2024-09-05T18:05:31.474+0000] {logging_mixin.py:190} INFO - Número de municipios recuperados: 18
[2024-09-05T18:05:31.491+0000] {logging_mixin.py:190} INFO - Datos de municipios para obtener clima:    cve_mun              nom_mun  lat_decimal  lon_decimal
0        1    AMEALCO DE BONFIL    20.186444  -100.144195
1        2      PINAL DE AMOLES    21.135302   -99.627540
2        3          ARROYO SECO    21.548036   -99.689166
3        4  CADEREYTA DE MONTES    20.695023   -99.815633
4        5                COLON    20.788326  -100.045430
[2024-09-05T18:05:31.521+0000] {logging_mixin.py:190} INFO - Haciendo solicitud a la API para lat: 20.186444, lon: -100.144195
[2024-09-05T18:05:32.117+0000] {logging_mixin.py:190} INFO - Respuesta recibida: 200
[2024-09-05T18:05:32.119+0000] {logging_mixin.py:190} INFO - Haciendo solicitud a la API para lat: 21.135302, lon: -99.62754
[2024-09-05T18:05:32.714+0000] {logging_mixin.py:190} INFO - Respuesta recibida: 200
[2024-09-05T18:05:32.715+0000] {logging_mixin.py:190} INFO - Haciendo solicitud a la API para lat: 21.548036, lon: -99.689166
[2024-09-05T18:05:33.309+0000] {logging_mixin.py:190} INFO - Respuesta recibida: 200
[2024-09-05T18:05:33.310+0000] {logging_mixin.py:190} INFO - Haciendo solicitud a la API para lat: 20.695023, lon: -99.815633
[2024-09-05T18:05:33.927+0000] {logging_mixin.py:190} INFO - Respuesta recibida: 200
[2024-09-05T18:05:33.929+0000] {logging_mixin.py:190} INFO - Haciendo solicitud a la API para lat: 20.788326, lon: -100.04543
[2024-09-05T18:05:34.511+0000] {logging_mixin.py:190} INFO - Respuesta recibida: 200
[2024-09-05T18:05:34.512+0000] {logging_mixin.py:190} INFO - Haciendo solicitud a la API para lat: 20.552436, lon: -100.445883
[2024-09-05T18:05:35.108+0000] {logging_mixin.py:190} INFO - Respuesta recibida: 200
[2024-09-05T18:05:35.110+0000] {logging_mixin.py:190} INFO - Haciendo solicitud a la API para lat: 20.665295, lon: -99.898405
[2024-09-05T18:05:35.694+0000] {logging_mixin.py:190} INFO - Respuesta recibida: 200
[2024-09-05T18:05:35.696+0000] {logging_mixin.py:190} INFO - Haciendo solicitud a la API para lat: 20.375244, lon: -100.274333
[2024-09-05T18:05:36.286+0000] {logging_mixin.py:190} INFO - Respuesta recibida: 200
[2024-09-05T18:05:36.288+0000] {logging_mixin.py:190} INFO - Haciendo solicitud a la API para lat: 21.216802, lon: -99.47291
[2024-09-05T18:05:36.879+0000] {logging_mixin.py:190} INFO - Respuesta recibida: 200
[2024-09-05T18:05:36.881+0000] {logging_mixin.py:190} INFO - Haciendo solicitud a la API para lat: 21.183456, lon: -99.321914
[2024-09-05T18:05:37.468+0000] {logging_mixin.py:190} INFO - Respuesta recibida: 200
[2024-09-05T18:05:37.469+0000] {logging_mixin.py:190} INFO - Haciendo solicitud a la API para lat: 20.60657, lon: -100.331096
[2024-09-05T18:05:38.077+0000] {logging_mixin.py:190} INFO - Respuesta recibida: 200
[2024-09-05T18:05:38.079+0000] {logging_mixin.py:190} INFO - Haciendo solicitud a la API para lat: 20.502494, lon: -100.14473
[2024-09-05T18:05:38.729+0000] {logging_mixin.py:190} INFO - Respuesta recibida: 200
[2024-09-05T18:05:38.766+0000] {logging_mixin.py:190} INFO - Haciendo solicitud a la API para lat: 21.053631, lon: -99.814526
[2024-09-05T18:05:39.378+0000] {logging_mixin.py:190} INFO - Respuesta recibida: 200
[2024-09-05T18:05:39.380+0000] {logging_mixin.py:190} INFO - Haciendo solicitud a la API para lat: 20.593391, lon: -100.389957
[2024-09-05T18:05:40.190+0000] {logging_mixin.py:190} INFO - Respuesta recibida: 200
[2024-09-05T18:05:40.192+0000] {logging_mixin.py:190} INFO - Haciendo solicitud a la API para lat: 20.916061, lon: -99.566359
[2024-09-05T18:05:41.001+0000] {logging_mixin.py:190} INFO - Respuesta recibida: 200
[2024-09-05T18:05:41.004+0000] {logging_mixin.py:190} INFO - Haciendo solicitud a la API para lat: 20.386441, lon: -99.999631
[2024-09-05T18:05:41.840+0000] {logging_mixin.py:190} INFO - Respuesta recibida: 200
[2024-09-05T18:05:41.848+0000] {logging_mixin.py:190} INFO - Haciendo solicitud a la API para lat: 20.518817, lon: -99.88384
[2024-09-05T18:05:42.782+0000] {logging_mixin.py:190} INFO - Respuesta recibida: 200
[2024-09-05T18:05:42.784+0000] {logging_mixin.py:190} INFO - Haciendo solicitud a la API para lat: 20.908149, lon: -99.9308
[2024-09-05T18:05:43.575+0000] {logging_mixin.py:190} INFO - Respuesta recibida: 200
[2024-09-05T18:05:43.593+0000] {logging_mixin.py:190} INFO - Pronósticos obtenidos: 18
[2024-09-05T18:05:43.830+0000] {python.py:240} INFO - Done. Returned value was: None
[2024-09-05T18:05:43.886+0000] {taskinstance.py:340} INFO - ::group::Post task execution logs
[2024-09-05T18:05:43.889+0000] {taskinstance.py:352} INFO - Marking task as SUCCESS. dag_id=weather_etl_dag, task_id=fetch_weather_data, run_id=scheduled__2024-08-02T00:00:00+00:00, execution_date=20240802T000000, start_date=20240905T180530, end_date=20240905T180543
[2024-09-05T18:05:44.368+0000] {local_task_job_runner.py:261} INFO - Task exited with return code 0
[2024-09-05T18:05:44.573+0000] {taskinstance.py:3891} INFO - 1 downstream tasks scheduled from follow-on schedule check
[2024-09-05T18:05:44.633+0000] {local_task_job_runner.py:240} INFO - ::endgroup::
