[2024-08-20T00:13:08.326+0000] {processor.py:161} INFO - Started process (PID=72) to work on /opt/airflow/dags/weather_etl_dag.py
[2024-08-20T00:13:08.339+0000] {processor.py:830} INFO - Processing file /opt/airflow/dags/weather_etl_dag.py for tasks to queue
[2024-08-20T00:13:08.343+0000] {logging_mixin.py:188} INFO - [2024-08-20T00:13:08.342+0000] {dagbag.py:545} INFO - Filling up the DagBag from /opt/airflow/dags/weather_etl_dag.py
[2024-08-20T00:13:23.609+0000] {processor.py:840} INFO - DAG(s) 'weather_etl_dag' retrieved from /opt/airflow/dags/weather_etl_dag.py
[2024-08-20T00:13:24.229+0000] {logging_mixin.py:188} INFO - [2024-08-20T00:13:24.228+0000] {dag.py:3089} INFO - Sync 1 DAGs
[2024-08-20T00:13:24.458+0000] {logging_mixin.py:188} INFO - [2024-08-20T00:13:24.457+0000] {dag.py:3947} INFO - Setting next_dagrun for weather_etl_dag to 2024-08-20 00:00:00+00:00, run_after=2024-08-21 00:00:00+00:00
[2024-08-20T00:13:25.110+0000] {processor.py:183} INFO - Processing /opt/airflow/dags/weather_etl_dag.py took 16.790 seconds
[2024-08-20T00:23:25.860+0000] {processor.py:161} INFO - Started process (PID=196) to work on /opt/airflow/dags/weather_etl_dag.py
[2024-08-20T00:23:25.870+0000] {processor.py:830} INFO - Processing file /opt/airflow/dags/weather_etl_dag.py for tasks to queue
[2024-08-20T00:23:25.881+0000] {logging_mixin.py:188} INFO - [2024-08-20T00:23:25.880+0000] {dagbag.py:545} INFO - Filling up the DagBag from /opt/airflow/dags/weather_etl_dag.py
[2024-08-20T00:23:26.611+0000] {processor.py:840} INFO - DAG(s) 'weather_etl_dag' retrieved from /opt/airflow/dags/weather_etl_dag.py
[2024-08-20T00:23:26.638+0000] {logging_mixin.py:188} INFO - [2024-08-20T00:23:26.638+0000] {dag.py:3089} INFO - Sync 1 DAGs
[2024-08-20T00:23:26.659+0000] {logging_mixin.py:188} INFO - [2024-08-20T00:23:26.659+0000] {dag.py:3947} INFO - Setting next_dagrun for weather_etl_dag to 2024-08-20 00:00:00+00:00, run_after=2024-08-21 00:00:00+00:00
[2024-08-20T00:23:26.715+0000] {processor.py:183} INFO - Processing /opt/airflow/dags/weather_etl_dag.py took 0.944 seconds
[2024-08-20T00:33:27.286+0000] {processor.py:161} INFO - Started process (PID=319) to work on /opt/airflow/dags/weather_etl_dag.py
[2024-08-20T00:33:27.287+0000] {processor.py:830} INFO - Processing file /opt/airflow/dags/weather_etl_dag.py for tasks to queue
[2024-08-20T00:33:27.289+0000] {logging_mixin.py:188} INFO - [2024-08-20T00:33:27.289+0000] {dagbag.py:545} INFO - Filling up the DagBag from /opt/airflow/dags/weather_etl_dag.py
[2024-08-20T00:33:27.728+0000] {processor.py:840} INFO - DAG(s) 'weather_etl_dag' retrieved from /opt/airflow/dags/weather_etl_dag.py
[2024-08-20T00:33:27.755+0000] {logging_mixin.py:188} INFO - [2024-08-20T00:33:27.755+0000] {dag.py:3089} INFO - Sync 1 DAGs
[2024-08-20T00:33:27.774+0000] {logging_mixin.py:188} INFO - [2024-08-20T00:33:27.774+0000] {dag.py:3947} INFO - Setting next_dagrun for weather_etl_dag to 2024-08-20 00:00:00+00:00, run_after=2024-08-21 00:00:00+00:00
[2024-08-20T00:33:28.129+0000] {processor.py:183} INFO - Processing /opt/airflow/dags/weather_etl_dag.py took 0.850 seconds
[2024-08-20T14:53:39.892+0000] {processor.py:161} INFO - Started process (PID=65) to work on /opt/airflow/dags/weather_etl_dag.py
[2024-08-20T14:53:39.923+0000] {processor.py:830} INFO - Processing file /opt/airflow/dags/weather_etl_dag.py for tasks to queue
[2024-08-20T14:53:39.936+0000] {logging_mixin.py:188} INFO - [2024-08-20T14:53:39.936+0000] {dagbag.py:545} INFO - Filling up the DagBag from /opt/airflow/dags/weather_etl_dag.py
[2024-08-20T14:53:47.393+0000] {processor.py:840} INFO - DAG(s) 'weather_etl_dag' retrieved from /opt/airflow/dags/weather_etl_dag.py
[2024-08-20T14:53:48.073+0000] {logging_mixin.py:188} INFO - [2024-08-20T14:53:48.073+0000] {dag.py:3089} INFO - Sync 1 DAGs
[2024-08-20T14:53:48.305+0000] {logging_mixin.py:188} INFO - [2024-08-20T14:53:48.305+0000] {dag.py:3947} INFO - Setting next_dagrun for weather_etl_dag to 2024-08-20 00:00:00+00:00, run_after=2024-08-21 00:00:00+00:00
[2024-08-20T14:53:48.544+0000] {processor.py:183} INFO - Processing /opt/airflow/dags/weather_etl_dag.py took 8.703 seconds
[2024-08-20T15:03:48.895+0000] {processor.py:161} INFO - Started process (PID=192) to work on /opt/airflow/dags/weather_etl_dag.py
[2024-08-20T15:03:48.896+0000] {processor.py:830} INFO - Processing file /opt/airflow/dags/weather_etl_dag.py for tasks to queue
[2024-08-20T15:03:48.899+0000] {logging_mixin.py:188} INFO - [2024-08-20T15:03:48.898+0000] {dagbag.py:545} INFO - Filling up the DagBag from /opt/airflow/dags/weather_etl_dag.py
[2024-08-20T15:03:49.871+0000] {processor.py:840} INFO - DAG(s) 'weather_etl_dag' retrieved from /opt/airflow/dags/weather_etl_dag.py
[2024-08-20T15:03:49.924+0000] {logging_mixin.py:188} INFO - [2024-08-20T15:03:49.923+0000] {dag.py:3089} INFO - Sync 1 DAGs
[2024-08-20T15:03:49.967+0000] {logging_mixin.py:188} INFO - [2024-08-20T15:03:49.967+0000] {dag.py:3947} INFO - Setting next_dagrun for weather_etl_dag to 2024-08-20 00:00:00+00:00, run_after=2024-08-21 00:00:00+00:00
[2024-08-20T15:03:50.060+0000] {processor.py:183} INFO - Processing /opt/airflow/dags/weather_etl_dag.py took 1.173 seconds
[2024-08-20T22:46:35.583+0000] {processor.py:161} INFO - Started process (PID=56) to work on /opt/airflow/dags/weather_etl_dag.py
[2024-08-20T22:46:35.606+0000] {processor.py:830} INFO - Processing file /opt/airflow/dags/weather_etl_dag.py for tasks to queue
[2024-08-20T22:46:35.608+0000] {logging_mixin.py:188} INFO - [2024-08-20T22:46:35.608+0000] {dagbag.py:545} INFO - Filling up the DagBag from /opt/airflow/dags/weather_etl_dag.py
[2024-08-20T22:46:40.883+0000] {processor.py:840} INFO - DAG(s) 'weather_etl_dag' retrieved from /opt/airflow/dags/weather_etl_dag.py
[2024-08-20T22:46:41.125+0000] {logging_mixin.py:188} INFO - [2024-08-20T22:46:41.124+0000] {dag.py:3089} INFO - Sync 1 DAGs
[2024-08-20T22:46:41.243+0000] {logging_mixin.py:188} INFO - [2024-08-20T22:46:41.242+0000] {dag.py:3947} INFO - Setting next_dagrun for weather_etl_dag to 2024-08-20 00:00:00+00:00, run_after=2024-08-21 00:00:00+00:00
[2024-08-20T22:46:41.368+0000] {processor.py:183} INFO - Processing /opt/airflow/dags/weather_etl_dag.py took 5.796 seconds
[2024-08-20T22:56:42.046+0000] {processor.py:161} INFO - Started process (PID=188) to work on /opt/airflow/dags/weather_etl_dag.py
[2024-08-20T22:56:42.047+0000] {processor.py:830} INFO - Processing file /opt/airflow/dags/weather_etl_dag.py for tasks to queue
[2024-08-20T22:56:42.048+0000] {logging_mixin.py:188} INFO - [2024-08-20T22:56:42.048+0000] {dagbag.py:545} INFO - Filling up the DagBag from /opt/airflow/dags/weather_etl_dag.py
[2024-08-20T22:56:42.459+0000] {processor.py:840} INFO - DAG(s) 'weather_etl_dag' retrieved from /opt/airflow/dags/weather_etl_dag.py
[2024-08-20T22:56:42.483+0000] {logging_mixin.py:188} INFO - [2024-08-20T22:56:42.483+0000] {dag.py:3089} INFO - Sync 1 DAGs
[2024-08-20T22:56:42.502+0000] {logging_mixin.py:188} INFO - [2024-08-20T22:56:42.501+0000] {dag.py:3947} INFO - Setting next_dagrun for weather_etl_dag to 2024-08-20 00:00:00+00:00, run_after=2024-08-21 00:00:00+00:00
[2024-08-20T22:56:43.219+0000] {processor.py:183} INFO - Processing /opt/airflow/dags/weather_etl_dag.py took 1.178 seconds
[2024-08-20T23:06:43.833+0000] {processor.py:161} INFO - Started process (PID=312) to work on /opt/airflow/dags/weather_etl_dag.py
[2024-08-20T23:06:43.834+0000] {processor.py:830} INFO - Processing file /opt/airflow/dags/weather_etl_dag.py for tasks to queue
[2024-08-20T23:06:43.835+0000] {logging_mixin.py:188} INFO - [2024-08-20T23:06:43.835+0000] {dagbag.py:545} INFO - Filling up the DagBag from /opt/airflow/dags/weather_etl_dag.py
[2024-08-20T23:06:44.291+0000] {processor.py:840} INFO - DAG(s) 'weather_etl_dag' retrieved from /opt/airflow/dags/weather_etl_dag.py
[2024-08-20T23:06:44.315+0000] {logging_mixin.py:188} INFO - [2024-08-20T23:06:44.315+0000] {dag.py:3089} INFO - Sync 1 DAGs
[2024-08-20T23:06:44.334+0000] {logging_mixin.py:188} INFO - [2024-08-20T23:06:44.333+0000] {dag.py:3947} INFO - Setting next_dagrun for weather_etl_dag to 2024-08-20 00:00:00+00:00, run_after=2024-08-21 00:00:00+00:00
[2024-08-20T23:06:45.390+0000] {processor.py:183} INFO - Processing /opt/airflow/dags/weather_etl_dag.py took 1.563 seconds
[2024-08-20T23:16:45.579+0000] {processor.py:161} INFO - Started process (PID=435) to work on /opt/airflow/dags/weather_etl_dag.py
[2024-08-20T23:16:45.580+0000] {processor.py:830} INFO - Processing file /opt/airflow/dags/weather_etl_dag.py for tasks to queue
[2024-08-20T23:16:45.582+0000] {logging_mixin.py:188} INFO - [2024-08-20T23:16:45.581+0000] {dagbag.py:545} INFO - Filling up the DagBag from /opt/airflow/dags/weather_etl_dag.py
[2024-08-20T23:16:46.025+0000] {processor.py:840} INFO - DAG(s) 'weather_etl_dag' retrieved from /opt/airflow/dags/weather_etl_dag.py
[2024-08-20T23:16:46.048+0000] {logging_mixin.py:188} INFO - [2024-08-20T23:16:46.048+0000] {dag.py:3089} INFO - Sync 1 DAGs
[2024-08-20T23:16:46.066+0000] {logging_mixin.py:188} INFO - [2024-08-20T23:16:46.065+0000] {dag.py:3947} INFO - Setting next_dagrun for weather_etl_dag to 2024-08-20 00:00:00+00:00, run_after=2024-08-21 00:00:00+00:00
[2024-08-20T23:16:46.128+0000] {processor.py:183} INFO - Processing /opt/airflow/dags/weather_etl_dag.py took 0.555 seconds
[2024-08-20T23:26:46.246+0000] {processor.py:161} INFO - Started process (PID=558) to work on /opt/airflow/dags/weather_etl_dag.py
[2024-08-20T23:26:46.247+0000] {processor.py:830} INFO - Processing file /opt/airflow/dags/weather_etl_dag.py for tasks to queue
[2024-08-20T23:26:46.248+0000] {logging_mixin.py:188} INFO - [2024-08-20T23:26:46.248+0000] {dagbag.py:545} INFO - Filling up the DagBag from /opt/airflow/dags/weather_etl_dag.py
[2024-08-20T23:26:46.653+0000] {processor.py:840} INFO - DAG(s) 'weather_etl_dag' retrieved from /opt/airflow/dags/weather_etl_dag.py
[2024-08-20T23:26:46.686+0000] {logging_mixin.py:188} INFO - [2024-08-20T23:26:46.686+0000] {dag.py:3089} INFO - Sync 1 DAGs
[2024-08-20T23:26:46.707+0000] {logging_mixin.py:188} INFO - [2024-08-20T23:26:46.706+0000] {dag.py:3947} INFO - Setting next_dagrun for weather_etl_dag to 2024-08-20 00:00:00+00:00, run_after=2024-08-21 00:00:00+00:00
[2024-08-20T23:26:46.758+0000] {processor.py:183} INFO - Processing /opt/airflow/dags/weather_etl_dag.py took 0.517 seconds
[2024-08-20T23:36:47.168+0000] {processor.py:161} INFO - Started process (PID=681) to work on /opt/airflow/dags/weather_etl_dag.py
[2024-08-20T23:36:47.169+0000] {processor.py:830} INFO - Processing file /opt/airflow/dags/weather_etl_dag.py for tasks to queue
[2024-08-20T23:36:47.171+0000] {logging_mixin.py:188} INFO - [2024-08-20T23:36:47.171+0000] {dagbag.py:545} INFO - Filling up the DagBag from /opt/airflow/dags/weather_etl_dag.py
[2024-08-20T23:36:47.552+0000] {processor.py:840} INFO - DAG(s) 'weather_etl_dag' retrieved from /opt/airflow/dags/weather_etl_dag.py
[2024-08-20T23:36:47.575+0000] {logging_mixin.py:188} INFO - [2024-08-20T23:36:47.575+0000] {dag.py:3089} INFO - Sync 1 DAGs
[2024-08-20T23:36:47.591+0000] {logging_mixin.py:188} INFO - [2024-08-20T23:36:47.591+0000] {dag.py:3947} INFO - Setting next_dagrun for weather_etl_dag to 2024-08-20 00:00:00+00:00, run_after=2024-08-21 00:00:00+00:00
[2024-08-20T23:36:47.650+0000] {processor.py:183} INFO - Processing /opt/airflow/dags/weather_etl_dag.py took 0.486 seconds
[2024-08-20T23:46:48.551+0000] {processor.py:161} INFO - Started process (PID=805) to work on /opt/airflow/dags/weather_etl_dag.py
[2024-08-20T23:46:48.552+0000] {processor.py:830} INFO - Processing file /opt/airflow/dags/weather_etl_dag.py for tasks to queue
[2024-08-20T23:46:48.554+0000] {logging_mixin.py:188} INFO - [2024-08-20T23:46:48.554+0000] {dagbag.py:545} INFO - Filling up the DagBag from /opt/airflow/dags/weather_etl_dag.py
[2024-08-20T23:46:49.040+0000] {processor.py:840} INFO - DAG(s) 'weather_etl_dag' retrieved from /opt/airflow/dags/weather_etl_dag.py
[2024-08-20T23:46:49.067+0000] {logging_mixin.py:188} INFO - [2024-08-20T23:46:49.067+0000] {dag.py:3089} INFO - Sync 1 DAGs
[2024-08-20T23:46:49.084+0000] {logging_mixin.py:188} INFO - [2024-08-20T23:46:49.084+0000] {dag.py:3947} INFO - Setting next_dagrun for weather_etl_dag to 2024-08-20 00:00:00+00:00, run_after=2024-08-21 00:00:00+00:00
[2024-08-20T23:46:49.310+0000] {processor.py:183} INFO - Processing /opt/airflow/dags/weather_etl_dag.py took 0.765 seconds
[2024-08-20T23:56:49.841+0000] {processor.py:161} INFO - Started process (PID=928) to work on /opt/airflow/dags/weather_etl_dag.py
[2024-08-20T23:56:49.842+0000] {processor.py:830} INFO - Processing file /opt/airflow/dags/weather_etl_dag.py for tasks to queue
[2024-08-20T23:56:49.845+0000] {logging_mixin.py:188} INFO - [2024-08-20T23:56:49.844+0000] {dagbag.py:545} INFO - Filling up the DagBag from /opt/airflow/dags/weather_etl_dag.py
[2024-08-20T23:56:50.387+0000] {processor.py:840} INFO - DAG(s) 'weather_etl_dag' retrieved from /opt/airflow/dags/weather_etl_dag.py
[2024-08-20T23:56:50.412+0000] {logging_mixin.py:188} INFO - [2024-08-20T23:56:50.411+0000] {dag.py:3089} INFO - Sync 1 DAGs
[2024-08-20T23:56:50.429+0000] {logging_mixin.py:188} INFO - [2024-08-20T23:56:50.429+0000] {dag.py:3947} INFO - Setting next_dagrun for weather_etl_dag to 2024-08-20 00:00:00+00:00, run_after=2024-08-21 00:00:00+00:00
[2024-08-20T23:56:50.562+0000] {processor.py:183} INFO - Processing /opt/airflow/dags/weather_etl_dag.py took 0.729 seconds
