[2024-08-14T03:04:39.087+0000] {local_task_job_runner.py:120} INFO - ::group::Pre task execution logs
[2024-08-14T03:04:39.683+0000] {taskinstance.py:2076} INFO - Dependencies all met for dep_context=non-requeueable deps ti=<TaskInstance: weather_etl_dag.fetch_weather_data manual__2024-08-14T03:03:34.775340+00:00 [queued]>
[2024-08-14T03:04:39.720+0000] {taskinstance.py:2076} INFO - Dependencies all met for dep_context=requeueable deps ti=<TaskInstance: weather_etl_dag.fetch_weather_data manual__2024-08-14T03:03:34.775340+00:00 [queued]>
[2024-08-14T03:04:39.794+0000] {taskinstance.py:2306} INFO - Starting attempt 1 of 2
[2024-08-14T03:04:40.052+0000] {taskinstance.py:2330} INFO - Executing <Task(PythonOperator): fetch_weather_data> on 2024-08-14 03:03:34.775340+00:00
[2024-08-14T03:04:40.073+0000] {warnings.py:112} WARNING - /home/***/.local/lib/python3.12/site-packages/***/task/task_runner/standard_task_runner.py:62: DeprecationWarning: This process (pid=1309) is multi-threaded, use of fork() may lead to deadlocks in the child.
  pid = os.fork()

[2024-08-14T03:04:40.132+0000] {standard_task_runner.py:64} INFO - Started process 1311 to run task
[2024-08-14T03:04:40.089+0000] {standard_task_runner.py:90} INFO - Running: ['***', 'tasks', 'run', 'weather_etl_dag', 'fetch_weather_data', 'manual__2024-08-14T03:03:34.775340+00:00', '--job-id', '65', '--raw', '--subdir', 'DAGS_FOLDER/weather_etl_dag.py', '--cfg-path', '/tmp/tmpe0jbr5fn']
[2024-08-14T03:04:40.164+0000] {standard_task_runner.py:91} INFO - Job 65: Subtask fetch_weather_data
[2024-08-14T03:04:40.416+0000] {task_command.py:426} INFO - Running <TaskInstance: weather_etl_dag.fetch_weather_data manual__2024-08-14T03:03:34.775340+00:00 [running]> on host 712d18ef94ea
[2024-08-14T03:04:40.765+0000] {taskinstance.py:2648} INFO - Exporting env vars: AIRFLOW_CTX_DAG_OWNER='***' AIRFLOW_CTX_DAG_ID='weather_etl_dag' AIRFLOW_CTX_TASK_ID='fetch_weather_data' AIRFLOW_CTX_EXECUTION_DATE='2024-08-14T03:03:34.775340+00:00' AIRFLOW_CTX_TRY_NUMBER='1' AIRFLOW_CTX_DAG_RUN_ID='manual__2024-08-14T03:03:34.775340+00:00'
[2024-08-14T03:04:40.773+0000] {taskinstance.py:430} INFO - ::endgroup::
[2024-08-14T03:04:40.824+0000] {logging_mixin.py:188} INFO - recuperando municipios desde xcom
[2024-08-14T03:04:41.372+0000] {logging_mixin.py:188} INFO - numero de municipios recuperados:18
[2024-08-14T03:04:41.383+0000] {logging_mixin.py:188} INFO - Datos de municipios para obtener clima:    cve_mun              nom_mun  lat_decimal  lon_decimal
0        1    AMEALCO DE BONFIL    20.186444  -100.144195
1        2      PINAL DE AMOLES    21.135302   -99.627540
2        3          ARROYO SECO    21.548036   -99.689166
3        4  CADEREYTA DE MONTES    20.695023   -99.815633
4        5                COLON    20.788326  -100.045430
[2024-08-14T03:04:41.390+0000] {logging_mixin.py:188} INFO - Haciendo solicitud a la API para lat: 20.186444, lon: -100.144195
[2024-08-14T03:04:42.368+0000] {logging_mixin.py:188} INFO - respuesta recibida:200
[2024-08-14T03:04:42.371+0000] {logging_mixin.py:188} INFO - Haciendo solicitud a la API para lat: 21.135302, lon: -99.62754
[2024-08-14T03:04:43.236+0000] {logging_mixin.py:188} INFO - respuesta recibida:200
[2024-08-14T03:04:43.238+0000] {logging_mixin.py:188} INFO - Haciendo solicitud a la API para lat: 21.548036, lon: -99.689166
[2024-08-14T03:04:44.212+0000] {logging_mixin.py:188} INFO - respuesta recibida:200
[2024-08-14T03:04:45.130+0000] {logging_mixin.py:188} INFO - Haciendo solicitud a la API para lat: 20.695023, lon: -99.815633
[2024-08-14T03:04:46.283+0000] {logging_mixin.py:188} INFO - respuesta recibida:200
[2024-08-14T03:04:46.285+0000] {logging_mixin.py:188} INFO - Haciendo solicitud a la API para lat: 20.788326, lon: -100.04543
[2024-08-14T03:04:49.104+0000] {logging_mixin.py:188} INFO - respuesta recibida:200
[2024-08-14T03:04:49.105+0000] {logging_mixin.py:188} INFO - Haciendo solicitud a la API para lat: 20.552436, lon: -100.445883
[2024-08-14T03:04:50.334+0000] {logging_mixin.py:188} INFO - respuesta recibida:200
[2024-08-14T03:04:50.337+0000] {logging_mixin.py:188} INFO - Haciendo solicitud a la API para lat: 20.665295, lon: -99.898405
[2024-08-14T03:04:51.279+0000] {logging_mixin.py:188} INFO - respuesta recibida:200
[2024-08-14T03:04:51.282+0000] {logging_mixin.py:188} INFO - Haciendo solicitud a la API para lat: 20.375244, lon: -100.274333
[2024-08-14T03:04:52.501+0000] {logging_mixin.py:188} INFO - respuesta recibida:200
[2024-08-14T03:04:52.505+0000] {logging_mixin.py:188} INFO - Haciendo solicitud a la API para lat: 21.216802, lon: -99.47291
[2024-08-14T03:04:53.509+0000] {logging_mixin.py:188} INFO - respuesta recibida:200
[2024-08-14T03:04:53.511+0000] {logging_mixin.py:188} INFO - Haciendo solicitud a la API para lat: 21.183456, lon: -99.321914
[2024-08-14T03:04:54.518+0000] {logging_mixin.py:188} INFO - respuesta recibida:200
[2024-08-14T03:04:54.520+0000] {logging_mixin.py:188} INFO - Haciendo solicitud a la API para lat: 20.60657, lon: -100.331096
[2024-08-14T03:04:55.491+0000] {logging_mixin.py:188} INFO - respuesta recibida:200
[2024-08-14T03:04:55.496+0000] {logging_mixin.py:188} INFO - Haciendo solicitud a la API para lat: 20.502494, lon: -100.14473
[2024-08-14T03:04:56.792+0000] {logging_mixin.py:188} INFO - respuesta recibida:200
[2024-08-14T03:04:56.794+0000] {logging_mixin.py:188} INFO - Haciendo solicitud a la API para lat: 21.053631, lon: -99.814526
[2024-08-14T03:04:57.824+0000] {logging_mixin.py:188} INFO - respuesta recibida:200
[2024-08-14T03:04:57.825+0000] {logging_mixin.py:188} INFO - Haciendo solicitud a la API para lat: 20.593391, lon: -100.389957
[2024-08-14T03:04:58.789+0000] {logging_mixin.py:188} INFO - respuesta recibida:200
[2024-08-14T03:04:58.791+0000] {logging_mixin.py:188} INFO - Haciendo solicitud a la API para lat: 20.916061, lon: -99.566359
[2024-08-14T03:04:59.647+0000] {logging_mixin.py:188} INFO - respuesta recibida:200
[2024-08-14T03:04:59.650+0000] {logging_mixin.py:188} INFO - Haciendo solicitud a la API para lat: 20.386441, lon: -99.999631
[2024-08-14T03:05:00.598+0000] {logging_mixin.py:188} INFO - respuesta recibida:200
[2024-08-14T03:05:01.753+0000] {logging_mixin.py:188} INFO - Haciendo solicitud a la API para lat: 20.518817, lon: -99.88384
[2024-08-14T03:05:02.943+0000] {logging_mixin.py:188} INFO - respuesta recibida:200
[2024-08-14T03:05:02.955+0000] {logging_mixin.py:188} INFO - Haciendo solicitud a la API para lat: 20.908149, lon: -99.9308
[2024-08-14T03:05:03.928+0000] {logging_mixin.py:188} INFO - respuesta recibida:200
[2024-08-14T03:05:03.933+0000] {logging_mixin.py:188} INFO - Pronosticos obtenidos:18
[2024-08-14T03:05:05.071+0000] {python.py:237} INFO - Done. Returned value was: None
[2024-08-14T03:05:05.101+0000] {taskinstance.py:441} INFO - ::group::Post task execution logs
[2024-08-14T03:05:05.141+0000] {taskinstance.py:1206} INFO - Marking task as SUCCESS. dag_id=weather_etl_dag, task_id=fetch_weather_data, run_id=manual__2024-08-14T03:03:34.775340+00:00, execution_date=20240814T030334, start_date=20240814T030439, end_date=20240814T030505
[2024-08-14T03:05:05.334+0000] {local_task_job_runner.py:243} INFO - Task exited with return code 0
[2024-08-14T03:05:05.369+0000] {taskinstance.py:3503} INFO - 1 downstream tasks scheduled from follow-on schedule check
[2024-08-14T03:05:05.407+0000] {local_task_job_runner.py:222} INFO - ::endgroup::
