[2024-08-27T18:40:12.506+0000] {local_task_job_runner.py:120} INFO - ::group::Pre task execution logs
[2024-08-27T18:40:12.533+0000] {taskinstance.py:2076} INFO - Dependencies all met for dep_context=non-requeueable deps ti=<TaskInstance: weather_etl_dag.translate_and_clean_data scheduled__2024-08-26T00:00:00+00:00 [queued]>
[2024-08-27T18:40:12.541+0000] {taskinstance.py:2076} INFO - Dependencies all met for dep_context=requeueable deps ti=<TaskInstance: weather_etl_dag.translate_and_clean_data scheduled__2024-08-26T00:00:00+00:00 [queued]>
[2024-08-27T18:40:12.570+0000] {taskinstance.py:2306} INFO - Starting attempt 1 of 2
[2024-08-27T18:40:12.771+0000] {taskinstance.py:2330} INFO - Executing <Task(PythonOperator): translate_and_clean_data> on 2024-08-26 00:00:00+00:00
[2024-08-27T18:40:12.777+0000] {warnings.py:112} WARNING - /home/***/.local/lib/python3.12/site-packages/***/task/task_runner/standard_task_runner.py:62: DeprecationWarning: This process (pid=64) is multi-threaded, use of fork() may lead to deadlocks in the child.
  pid = os.fork()

[2024-08-27T18:40:12.782+0000] {standard_task_runner.py:64} INFO - Started process 66 to run task
[2024-08-27T18:40:12.779+0000] {standard_task_runner.py:90} INFO - Running: ['***', 'tasks', 'run', 'weather_etl_dag', 'translate_and_clean_data', 'scheduled__2024-08-26T00:00:00+00:00', '--job-id', '382', '--raw', '--subdir', 'DAGS_FOLDER/weather_etl_dag.py', '--cfg-path', '/tmp/tmp_i1adbvw']
[2024-08-27T18:40:12.785+0000] {standard_task_runner.py:91} INFO - Job 382: Subtask translate_and_clean_data
[2024-08-27T18:40:12.918+0000] {task_command.py:426} INFO - Running <TaskInstance: weather_etl_dag.translate_and_clean_data scheduled__2024-08-26T00:00:00+00:00 [running]> on host b7290fbe53d7
[2024-08-27T18:40:13.174+0000] {taskinstance.py:2648} INFO - Exporting env vars: AIRFLOW_CTX_DAG_OWNER='***' AIRFLOW_CTX_DAG_ID='weather_etl_dag' AIRFLOW_CTX_TASK_ID='translate_and_clean_data' AIRFLOW_CTX_EXECUTION_DATE='2024-08-26T00:00:00+00:00' AIRFLOW_CTX_TRY_NUMBER='1' AIRFLOW_CTX_DAG_RUN_ID='scheduled__2024-08-26T00:00:00+00:00'
[2024-08-27T18:40:13.177+0000] {taskinstance.py:430} INFO - ::endgroup::
[2024-08-27T18:40:13.435+0000] {logging_mixin.py:188} INFO - recuperando dataframe de pronosticos desde xcom
[2024-08-27T18:40:13.488+0000] {logging_mixin.py:188} INFO - numero de registros en pronosticos:18
[2024-08-27T18:40:13.556+0000] {logging_mixin.py:188} INFO - Pronósticos antes de limpiar y traducir:    cve_mun            municipio  ... wind_kph  humidity
0        1    AMEALCO DE BONFIL  ...     18.0        72
1        2      PINAL DE AMOLES  ...     24.1        71
2        3          ARROYO SECO  ...     19.1        81
3        4  CADEREYTA DE MONTES  ...     17.6        74
4        5                COLON  ...     24.1        71

[5 rows x 10 columns]
[2024-08-27T18:41:16.935+0000] {logging_mixin.py:188} INFO - Pronósticos después de limpiar y traducir:    cve_mun            municipio  ... viento_kph  humedad
0        1    Amealco De Bonfil  ...       18.0       72
1        2      Pinal De Amoles  ...       24.1       71
2        3          Arroyo Seco  ...       19.1       81
3        4  Cadereyta De Montes  ...       17.6       74
4        5                Colon  ...       24.1       71

[5 rows x 10 columns]
[2024-08-27T18:41:17.040+0000] {python.py:237} INFO - Done. Returned value was: None
[2024-08-27T18:41:17.040+0000] {taskinstance.py:441} INFO - ::group::Post task execution logs
[2024-08-27T18:41:17.047+0000] {taskinstance.py:1206} INFO - Marking task as SUCCESS. dag_id=weather_etl_dag, task_id=translate_and_clean_data, run_id=scheduled__2024-08-26T00:00:00+00:00, execution_date=20240826T000000, start_date=20240827T184012, end_date=20240827T184117
[2024-08-27T18:41:17.120+0000] {local_task_job_runner.py:243} INFO - Task exited with return code 0
[2024-08-27T18:41:17.180+0000] {taskinstance.py:3503} INFO - 1 downstream tasks scheduled from follow-on schedule check
[2024-08-27T18:41:17.224+0000] {local_task_job_runner.py:222} INFO - ::endgroup::
[2024-09-05T23:58:17.414+0000] {local_task_job_runner.py:123} INFO - ::group::Pre task execution logs
[2024-09-05T23:58:17.859+0000] {taskinstance.py:2603} INFO - Dependencies all met for dep_context=non-requeueable deps ti=<TaskInstance: weather_etl_dag.translate_and_clean_data scheduled__2024-08-26T00:00:00+00:00 [queued]>
[2024-09-05T23:58:17.903+0000] {taskinstance.py:2603} INFO - Dependencies all met for dep_context=requeueable deps ti=<TaskInstance: weather_etl_dag.translate_and_clean_data scheduled__2024-08-26T00:00:00+00:00 [queued]>
[2024-09-05T23:58:17.904+0000] {taskinstance.py:2856} INFO - Starting attempt 1 of 2
[2024-09-05T23:58:17.991+0000] {taskinstance.py:2879} INFO - Executing <Task(PythonOperator): translate_and_clean_data> on 2024-08-26 00:00:00+00:00
[2024-09-05T23:58:17.998+0000] {warnings.py:112} WARNING - /usr/local/lib/python3.12/site-packages/***/task/task_runner/standard_task_runner.py:70: DeprecationWarning: This process (pid=521) is multi-threaded, use of fork() may lead to deadlocks in the child.
  pid = os.fork()

[2024-09-05T23:58:18.000+0000] {standard_task_runner.py:72} INFO - Started process 544 to run task
[2024-09-05T23:58:18.001+0000] {standard_task_runner.py:104} INFO - Running: ['***', 'tasks', 'run', 'weather_etl_dag', 'translate_and_clean_data', 'scheduled__2024-08-26T00:00:00+00:00', '--job-id', '168', '--raw', '--subdir', 'DAGS_FOLDER/weather_etl_dag.py', '--cfg-path', '/tmp/tmpe8dn6ckg']
[2024-09-05T23:58:18.003+0000] {standard_task_runner.py:105} INFO - Job 168: Subtask translate_and_clean_data
[2024-09-05T23:58:18.129+0000] {task_command.py:467} INFO - Running <TaskInstance: weather_etl_dag.translate_and_clean_data scheduled__2024-08-26T00:00:00+00:00 [running]> on host da9f5d3bcb59
[2024-09-05T23:58:24.337+0000] {taskinstance.py:3122} INFO - Exporting env vars: AIRFLOW_CTX_DAG_OWNER='***' AIRFLOW_CTX_DAG_ID='weather_etl_dag' AIRFLOW_CTX_TASK_ID='translate_and_clean_data' AIRFLOW_CTX_EXECUTION_DATE='2024-08-26T00:00:00+00:00' AIRFLOW_CTX_TRY_NUMBER='1' AIRFLOW_CTX_DAG_RUN_ID='scheduled__2024-08-26T00:00:00+00:00'
[2024-09-05T23:58:24.338+0000] {taskinstance.py:731} INFO - ::endgroup::
[2024-09-05T23:59:25.831+0000] {python.py:240} INFO - Done. Returned value was: None
[2024-09-05T23:59:25.851+0000] {taskinstance.py:340} INFO - ::group::Post task execution logs
[2024-09-05T23:59:25.851+0000] {taskinstance.py:352} INFO - Marking task as SUCCESS. dag_id=weather_etl_dag, task_id=translate_and_clean_data, run_id=scheduled__2024-08-26T00:00:00+00:00, execution_date=20240826T000000, start_date=20240905T235817, end_date=20240905T235925
[2024-09-05T23:59:25.996+0000] {local_task_job_runner.py:261} INFO - Task exited with return code 0
[2024-09-05T23:59:49.250+0000] {standard_task_runner.py:217} INFO - Process not found (most likely exited), stop collecting metrics
[2024-09-05T23:59:49.253+0000] {taskinstance.py:3891} INFO - 1 downstream tasks scheduled from follow-on schedule check
[2024-09-05T23:59:49.294+0000] {local_task_job_runner.py:240} INFO - ::endgroup::
