[2024-08-14T04:19:31.855+0000] {local_task_job_runner.py:120} INFO - ::group::Pre task execution logs
[2024-08-14T04:19:32.100+0000] {taskinstance.py:2076} INFO - Dependencies all met for dep_context=non-requeueable deps ti=<TaskInstance: weather_etl_dag.fetch_weather_data manual__2024-08-14T04:18:29.011010+00:00 [queued]>
[2024-08-14T04:19:32.151+0000] {taskinstance.py:2076} INFO - Dependencies all met for dep_context=requeueable deps ti=<TaskInstance: weather_etl_dag.fetch_weather_data manual__2024-08-14T04:18:29.011010+00:00 [queued]>
[2024-08-14T04:19:32.153+0000] {taskinstance.py:2306} INFO - Starting attempt 1 of 2
[2024-08-14T04:19:32.276+0000] {taskinstance.py:2330} INFO - Executing <Task(PythonOperator): fetch_weather_data> on 2024-08-14 04:18:29.011010+00:00
[2024-08-14T04:19:32.290+0000] {warnings.py:112} WARNING - /home/***/.local/lib/python3.12/site-packages/***/task/task_runner/standard_task_runner.py:62: DeprecationWarning: This process (pid=2450) is multi-threaded, use of fork() may lead to deadlocks in the child.
  pid = os.fork()

[2024-08-14T04:19:32.293+0000] {standard_task_runner.py:64} INFO - Started process 2452 to run task
[2024-08-14T04:19:32.295+0000] {standard_task_runner.py:90} INFO - Running: ['***', 'tasks', 'run', 'weather_etl_dag', 'fetch_weather_data', 'manual__2024-08-14T04:18:29.011010+00:00', '--job-id', '73', '--raw', '--subdir', 'DAGS_FOLDER/weather_etl_dag.py', '--cfg-path', '/tmp/tmpoh14s6xp']
[2024-08-14T04:19:32.298+0000] {standard_task_runner.py:91} INFO - Job 73: Subtask fetch_weather_data
[2024-08-14T04:19:32.465+0000] {task_command.py:426} INFO - Running <TaskInstance: weather_etl_dag.fetch_weather_data manual__2024-08-14T04:18:29.011010+00:00 [running]> on host 712d18ef94ea
[2024-08-14T04:19:32.812+0000] {taskinstance.py:2648} INFO - Exporting env vars: AIRFLOW_CTX_DAG_OWNER='***' AIRFLOW_CTX_DAG_ID='weather_etl_dag' AIRFLOW_CTX_TASK_ID='fetch_weather_data' AIRFLOW_CTX_EXECUTION_DATE='2024-08-14T04:18:29.011010+00:00' AIRFLOW_CTX_TRY_NUMBER='1' AIRFLOW_CTX_DAG_RUN_ID='manual__2024-08-14T04:18:29.011010+00:00'
[2024-08-14T04:19:32.816+0000] {taskinstance.py:430} INFO - ::endgroup::
[2024-08-14T04:19:32.833+0000] {logging_mixin.py:188} INFO - recuperando municipios desde xcom
[2024-08-14T04:19:32.911+0000] {logging_mixin.py:188} INFO - numero de municipios recuperados:18
[2024-08-14T04:19:32.930+0000] {logging_mixin.py:188} INFO - Datos de municipios para obtener clima:    cve_mun              nom_mun  lat_decimal  lon_decimal
0        1    AMEALCO DE BONFIL    20.186444  -100.144195
1        2      PINAL DE AMOLES    21.135302   -99.627540
2        3          ARROYO SECO    21.548036   -99.689166
3        4  CADEREYTA DE MONTES    20.695023   -99.815633
4        5                COLON    20.788326  -100.045430
[2024-08-14T04:19:32.938+0000] {logging_mixin.py:188} INFO - Haciendo solicitud a la API para lat: 20.186444, lon: -100.144195
[2024-08-14T04:19:33.962+0000] {logging_mixin.py:188} INFO - respuesta recibida:200
[2024-08-14T04:19:33.964+0000] {logging_mixin.py:188} INFO - Haciendo solicitud a la API para lat: 21.135302, lon: -99.62754
[2024-08-14T04:19:34.909+0000] {logging_mixin.py:188} INFO - respuesta recibida:200
[2024-08-14T04:19:34.913+0000] {logging_mixin.py:188} INFO - Haciendo solicitud a la API para lat: 21.548036, lon: -99.689166
[2024-08-14T04:19:35.877+0000] {logging_mixin.py:188} INFO - respuesta recibida:200
[2024-08-14T04:19:35.879+0000] {logging_mixin.py:188} INFO - Haciendo solicitud a la API para lat: 20.695023, lon: -99.815633
[2024-08-14T04:19:36.867+0000] {logging_mixin.py:188} INFO - respuesta recibida:200
[2024-08-14T04:19:36.869+0000] {logging_mixin.py:188} INFO - Haciendo solicitud a la API para lat: 20.788326, lon: -100.04543
[2024-08-14T04:19:37.753+0000] {logging_mixin.py:188} INFO - respuesta recibida:200
[2024-08-14T04:19:37.755+0000] {logging_mixin.py:188} INFO - Haciendo solicitud a la API para lat: 20.552436, lon: -100.445883
[2024-08-14T04:19:38.883+0000] {logging_mixin.py:188} INFO - respuesta recibida:200
[2024-08-14T04:19:38.886+0000] {logging_mixin.py:188} INFO - Haciendo solicitud a la API para lat: 20.665295, lon: -99.898405
[2024-08-14T04:19:39.901+0000] {logging_mixin.py:188} INFO - respuesta recibida:200
[2024-08-14T04:19:39.907+0000] {logging_mixin.py:188} INFO - Haciendo solicitud a la API para lat: 20.375244, lon: -100.274333
[2024-08-14T04:19:40.920+0000] {logging_mixin.py:188} INFO - respuesta recibida:200
[2024-08-14T04:19:40.926+0000] {logging_mixin.py:188} INFO - Haciendo solicitud a la API para lat: 21.216802, lon: -99.47291
[2024-08-14T04:19:43.015+0000] {logging_mixin.py:188} INFO - respuesta recibida:200
[2024-08-14T04:19:43.017+0000] {logging_mixin.py:188} INFO - Haciendo solicitud a la API para lat: 21.183456, lon: -99.321914
[2024-08-14T04:19:44.040+0000] {logging_mixin.py:188} INFO - respuesta recibida:200
[2024-08-14T04:19:44.043+0000] {logging_mixin.py:188} INFO - Haciendo solicitud a la API para lat: 20.60657, lon: -100.331096
[2024-08-14T04:19:45.123+0000] {logging_mixin.py:188} INFO - respuesta recibida:200
[2024-08-14T04:19:45.139+0000] {logging_mixin.py:188} INFO - Haciendo solicitud a la API para lat: 20.502494, lon: -100.14473
[2024-08-14T04:19:46.403+0000] {logging_mixin.py:188} INFO - respuesta recibida:200
[2024-08-14T04:19:46.415+0000] {logging_mixin.py:188} INFO - Haciendo solicitud a la API para lat: 21.053631, lon: -99.814526
[2024-08-14T04:19:47.806+0000] {logging_mixin.py:188} INFO - respuesta recibida:200
[2024-08-14T04:19:47.837+0000] {logging_mixin.py:188} INFO - Haciendo solicitud a la API para lat: 20.593391, lon: -100.389957
[2024-08-14T04:19:50.367+0000] {logging_mixin.py:188} INFO - respuesta recibida:200
[2024-08-14T04:19:50.384+0000] {logging_mixin.py:188} INFO - Haciendo solicitud a la API para lat: 20.916061, lon: -99.566359
[2024-08-14T04:19:53.666+0000] {logging_mixin.py:188} INFO - respuesta recibida:200
[2024-08-14T04:19:53.686+0000] {logging_mixin.py:188} INFO - Haciendo solicitud a la API para lat: 20.386441, lon: -99.999631
[2024-08-14T04:19:56.088+0000] {logging_mixin.py:188} INFO - respuesta recibida:200
[2024-08-14T04:19:56.096+0000] {logging_mixin.py:188} INFO - Haciendo solicitud a la API para lat: 20.518817, lon: -99.88384
[2024-08-14T04:19:58.724+0000] {logging_mixin.py:188} INFO - respuesta recibida:200
[2024-08-14T04:19:58.726+0000] {logging_mixin.py:188} INFO - Haciendo solicitud a la API para lat: 20.908149, lon: -99.9308
[2024-08-14T04:20:00.631+0000] {logging_mixin.py:188} INFO - respuesta recibida:200
[2024-08-14T04:20:00.663+0000] {logging_mixin.py:188} INFO - Pronosticos obtenidos:18
[2024-08-14T04:20:01.892+0000] {python.py:237} INFO - Done. Returned value was: None
[2024-08-14T04:20:01.903+0000] {taskinstance.py:441} INFO - ::group::Post task execution logs
[2024-08-14T04:20:01.987+0000] {taskinstance.py:1206} INFO - Marking task as SUCCESS. dag_id=weather_etl_dag, task_id=fetch_weather_data, run_id=manual__2024-08-14T04:18:29.011010+00:00, execution_date=20240814T041829, start_date=20240814T041932, end_date=20240814T042001
[2024-08-14T04:20:02.403+0000] {local_task_job_runner.py:243} INFO - Task exited with return code 0
[2024-08-14T04:20:02.733+0000] {taskinstance.py:3503} INFO - 1 downstream tasks scheduled from follow-on schedule check
[2024-08-14T04:20:02.797+0000] {local_task_job_runner.py:222} INFO - ::endgroup::
