[2024-08-13T04:42:20.410+0000] {processor.py:161} INFO - Started process (PID=108) to work on /home/airflow/.local/lib/python3.12/site-packages/airflow/example_dags/example_python_operator.py
[2024-08-13T04:42:20.426+0000] {processor.py:830} INFO - Processing file /home/airflow/.local/lib/python3.12/site-packages/airflow/example_dags/example_python_operator.py for tasks to queue
[2024-08-13T04:42:20.442+0000] {logging_mixin.py:188} INFO - [2024-08-13T04:42:20.442+0000] {dagbag.py:545} INFO - Filling up the DagBag from /home/airflow/.local/lib/python3.12/site-packages/airflow/example_dags/example_python_operator.py
[2024-08-13T04:42:20.496+0000] {processor.py:840} INFO - DAG(s) 'example_python_operator' retrieved from /home/airflow/.local/lib/python3.12/site-packages/airflow/example_dags/example_python_operator.py
[2024-08-13T04:42:21.256+0000] {logging_mixin.py:188} INFO - [2024-08-13T04:42:21.255+0000] {dag.py:3089} INFO - Sync 1 DAGs
[2024-08-13T04:42:21.327+0000] {logging_mixin.py:188} INFO - [2024-08-13T04:42:21.327+0000] {dag.py:3947} INFO - Setting next_dagrun for example_python_operator to None, run_after=None
[2024-08-13T04:42:21.765+0000] {processor.py:183} INFO - Processing /home/airflow/.local/lib/python3.12/site-packages/airflow/example_dags/example_python_operator.py took 1.387 seconds
[2024-08-13T04:42:55.111+0000] {processor.py:161} INFO - Started process (PID=171) to work on /home/airflow/.local/lib/python3.12/site-packages/airflow/example_dags/example_python_operator.py
[2024-08-13T04:42:55.178+0000] {processor.py:830} INFO - Processing file /home/airflow/.local/lib/python3.12/site-packages/airflow/example_dags/example_python_operator.py for tasks to queue
[2024-08-13T04:42:55.256+0000] {logging_mixin.py:188} INFO - [2024-08-13T04:42:55.209+0000] {dagbag.py:545} INFO - Filling up the DagBag from /home/airflow/.local/lib/python3.12/site-packages/airflow/example_dags/example_python_operator.py
[2024-08-13T04:42:55.380+0000] {processor.py:840} INFO - DAG(s) 'example_python_operator' retrieved from /home/airflow/.local/lib/python3.12/site-packages/airflow/example_dags/example_python_operator.py
[2024-08-13T04:42:55.646+0000] {logging_mixin.py:188} INFO - [2024-08-13T04:42:55.646+0000] {dag.py:3089} INFO - Sync 1 DAGs
[2024-08-13T04:42:55.832+0000] {logging_mixin.py:188} INFO - [2024-08-13T04:42:55.832+0000] {dag.py:3947} INFO - Setting next_dagrun for example_python_operator to None, run_after=None
[2024-08-13T04:42:56.191+0000] {processor.py:183} INFO - Processing /home/airflow/.local/lib/python3.12/site-packages/airflow/example_dags/example_python_operator.py took 1.095 seconds
[2024-08-13T04:43:30.500+0000] {processor.py:161} INFO - Started process (PID=229) to work on /home/airflow/.local/lib/python3.12/site-packages/airflow/example_dags/example_python_operator.py
[2024-08-13T04:43:30.501+0000] {processor.py:830} INFO - Processing file /home/airflow/.local/lib/python3.12/site-packages/airflow/example_dags/example_python_operator.py for tasks to queue
[2024-08-13T04:43:30.504+0000] {logging_mixin.py:188} INFO - [2024-08-13T04:43:30.503+0000] {dagbag.py:545} INFO - Filling up the DagBag from /home/airflow/.local/lib/python3.12/site-packages/airflow/example_dags/example_python_operator.py
[2024-08-13T04:43:30.588+0000] {processor.py:840} INFO - DAG(s) 'example_python_operator' retrieved from /home/airflow/.local/lib/python3.12/site-packages/airflow/example_dags/example_python_operator.py
[2024-08-13T04:43:30.851+0000] {logging_mixin.py:188} INFO - [2024-08-13T04:43:30.850+0000] {dag.py:3089} INFO - Sync 1 DAGs
[2024-08-13T04:43:31.027+0000] {logging_mixin.py:188} INFO - [2024-08-13T04:43:31.026+0000] {dag.py:3947} INFO - Setting next_dagrun for example_python_operator to None, run_after=None
[2024-08-13T04:43:31.184+0000] {processor.py:183} INFO - Processing /home/airflow/.local/lib/python3.12/site-packages/airflow/example_dags/example_python_operator.py took 0.721 seconds
[2024-08-13T04:44:01.502+0000] {processor.py:161} INFO - Started process (PID=287) to work on /home/airflow/.local/lib/python3.12/site-packages/airflow/example_dags/example_python_operator.py
[2024-08-13T04:44:01.504+0000] {processor.py:830} INFO - Processing file /home/airflow/.local/lib/python3.12/site-packages/airflow/example_dags/example_python_operator.py for tasks to queue
[2024-08-13T04:44:01.506+0000] {logging_mixin.py:188} INFO - [2024-08-13T04:44:01.505+0000] {dagbag.py:545} INFO - Filling up the DagBag from /home/airflow/.local/lib/python3.12/site-packages/airflow/example_dags/example_python_operator.py
[2024-08-13T04:44:01.519+0000] {processor.py:840} INFO - DAG(s) 'example_python_operator' retrieved from /home/airflow/.local/lib/python3.12/site-packages/airflow/example_dags/example_python_operator.py
[2024-08-13T04:44:01.549+0000] {logging_mixin.py:188} INFO - [2024-08-13T04:44:01.548+0000] {dag.py:3089} INFO - Sync 1 DAGs
[2024-08-13T04:44:01.568+0000] {logging_mixin.py:188} INFO - [2024-08-13T04:44:01.568+0000] {dag.py:3947} INFO - Setting next_dagrun for example_python_operator to None, run_after=None
[2024-08-13T04:44:01.661+0000] {processor.py:183} INFO - Processing /home/airflow/.local/lib/python3.12/site-packages/airflow/example_dags/example_python_operator.py took 0.176 seconds
[2024-08-13T04:44:32.136+0000] {processor.py:161} INFO - Started process (PID=345) to work on /home/airflow/.local/lib/python3.12/site-packages/airflow/example_dags/example_python_operator.py
[2024-08-13T04:44:32.142+0000] {processor.py:830} INFO - Processing file /home/airflow/.local/lib/python3.12/site-packages/airflow/example_dags/example_python_operator.py for tasks to queue
[2024-08-13T04:44:32.146+0000] {logging_mixin.py:188} INFO - [2024-08-13T04:44:32.144+0000] {dagbag.py:545} INFO - Filling up the DagBag from /home/airflow/.local/lib/python3.12/site-packages/airflow/example_dags/example_python_operator.py
[2024-08-13T04:44:32.192+0000] {processor.py:840} INFO - DAG(s) 'example_python_operator' retrieved from /home/airflow/.local/lib/python3.12/site-packages/airflow/example_dags/example_python_operator.py
[2024-08-13T04:44:32.228+0000] {logging_mixin.py:188} INFO - [2024-08-13T04:44:32.228+0000] {dag.py:3089} INFO - Sync 1 DAGs
[2024-08-13T04:44:32.245+0000] {logging_mixin.py:188} INFO - [2024-08-13T04:44:32.245+0000] {dag.py:3947} INFO - Setting next_dagrun for example_python_operator to None, run_after=None
[2024-08-13T04:44:32.308+0000] {processor.py:183} INFO - Processing /home/airflow/.local/lib/python3.12/site-packages/airflow/example_dags/example_python_operator.py took 0.187 seconds
[2024-08-13T04:45:02.599+0000] {processor.py:161} INFO - Started process (PID=403) to work on /home/airflow/.local/lib/python3.12/site-packages/airflow/example_dags/example_python_operator.py
[2024-08-13T04:45:02.600+0000] {processor.py:830} INFO - Processing file /home/airflow/.local/lib/python3.12/site-packages/airflow/example_dags/example_python_operator.py for tasks to queue
[2024-08-13T04:45:02.602+0000] {logging_mixin.py:188} INFO - [2024-08-13T04:45:02.602+0000] {dagbag.py:545} INFO - Filling up the DagBag from /home/airflow/.local/lib/python3.12/site-packages/airflow/example_dags/example_python_operator.py
[2024-08-13T04:45:02.617+0000] {processor.py:840} INFO - DAG(s) 'example_python_operator' retrieved from /home/airflow/.local/lib/python3.12/site-packages/airflow/example_dags/example_python_operator.py
[2024-08-13T04:45:02.717+0000] {logging_mixin.py:188} INFO - [2024-08-13T04:45:02.716+0000] {dag.py:3089} INFO - Sync 1 DAGs
[2024-08-13T04:45:02.739+0000] {logging_mixin.py:188} INFO - [2024-08-13T04:45:02.739+0000] {dag.py:3947} INFO - Setting next_dagrun for example_python_operator to None, run_after=None
[2024-08-13T04:45:02.804+0000] {processor.py:183} INFO - Processing /home/airflow/.local/lib/python3.12/site-packages/airflow/example_dags/example_python_operator.py took 0.214 seconds
[2024-08-13T04:45:33.558+0000] {processor.py:161} INFO - Started process (PID=460) to work on /home/airflow/.local/lib/python3.12/site-packages/airflow/example_dags/example_python_operator.py
[2024-08-13T04:45:33.559+0000] {processor.py:830} INFO - Processing file /home/airflow/.local/lib/python3.12/site-packages/airflow/example_dags/example_python_operator.py for tasks to queue
[2024-08-13T04:45:33.562+0000] {logging_mixin.py:188} INFO - [2024-08-13T04:45:33.562+0000] {dagbag.py:545} INFO - Filling up the DagBag from /home/airflow/.local/lib/python3.12/site-packages/airflow/example_dags/example_python_operator.py
[2024-08-13T04:45:33.577+0000] {processor.py:840} INFO - DAG(s) 'example_python_operator' retrieved from /home/airflow/.local/lib/python3.12/site-packages/airflow/example_dags/example_python_operator.py
[2024-08-13T04:45:33.598+0000] {logging_mixin.py:188} INFO - [2024-08-13T04:45:33.598+0000] {dag.py:3089} INFO - Sync 1 DAGs
[2024-08-13T04:45:33.611+0000] {logging_mixin.py:188} INFO - [2024-08-13T04:45:33.611+0000] {dag.py:3947} INFO - Setting next_dagrun for example_python_operator to None, run_after=None
[2024-08-13T04:45:33.670+0000] {processor.py:183} INFO - Processing /home/airflow/.local/lib/python3.12/site-packages/airflow/example_dags/example_python_operator.py took 0.120 seconds
[2024-08-13T04:46:04.271+0000] {processor.py:161} INFO - Started process (PID=518) to work on /home/airflow/.local/lib/python3.12/site-packages/airflow/example_dags/example_python_operator.py
[2024-08-13T04:46:04.272+0000] {processor.py:830} INFO - Processing file /home/airflow/.local/lib/python3.12/site-packages/airflow/example_dags/example_python_operator.py for tasks to queue
[2024-08-13T04:46:04.275+0000] {logging_mixin.py:188} INFO - [2024-08-13T04:46:04.275+0000] {dagbag.py:545} INFO - Filling up the DagBag from /home/airflow/.local/lib/python3.12/site-packages/airflow/example_dags/example_python_operator.py
[2024-08-13T04:46:04.297+0000] {processor.py:840} INFO - DAG(s) 'example_python_operator' retrieved from /home/airflow/.local/lib/python3.12/site-packages/airflow/example_dags/example_python_operator.py
[2024-08-13T04:46:04.367+0000] {logging_mixin.py:188} INFO - [2024-08-13T04:46:04.366+0000] {dag.py:3089} INFO - Sync 1 DAGs
[2024-08-13T04:46:04.406+0000] {logging_mixin.py:188} INFO - [2024-08-13T04:46:04.405+0000] {dag.py:3947} INFO - Setting next_dagrun for example_python_operator to None, run_after=None
[2024-08-13T04:46:04.490+0000] {processor.py:183} INFO - Processing /home/airflow/.local/lib/python3.12/site-packages/airflow/example_dags/example_python_operator.py took 0.239 seconds
[2024-08-13T04:46:36.659+0000] {processor.py:161} INFO - Started process (PID=576) to work on /home/airflow/.local/lib/python3.12/site-packages/airflow/example_dags/example_python_operator.py
[2024-08-13T04:46:36.666+0000] {processor.py:830} INFO - Processing file /home/airflow/.local/lib/python3.12/site-packages/airflow/example_dags/example_python_operator.py for tasks to queue
[2024-08-13T04:46:36.670+0000] {logging_mixin.py:188} INFO - [2024-08-13T04:46:36.669+0000] {dagbag.py:545} INFO - Filling up the DagBag from /home/airflow/.local/lib/python3.12/site-packages/airflow/example_dags/example_python_operator.py
[2024-08-13T04:46:36.710+0000] {processor.py:840} INFO - DAG(s) 'example_python_operator' retrieved from /home/airflow/.local/lib/python3.12/site-packages/airflow/example_dags/example_python_operator.py
[2024-08-13T04:46:36.776+0000] {logging_mixin.py:188} INFO - [2024-08-13T04:46:36.776+0000] {dag.py:3089} INFO - Sync 1 DAGs
[2024-08-13T04:46:36.829+0000] {logging_mixin.py:188} INFO - [2024-08-13T04:46:36.828+0000] {dag.py:3947} INFO - Setting next_dagrun for example_python_operator to None, run_after=None
[2024-08-13T04:46:36.965+0000] {processor.py:183} INFO - Processing /home/airflow/.local/lib/python3.12/site-packages/airflow/example_dags/example_python_operator.py took 0.345 seconds
[2024-08-13T04:47:07.613+0000] {processor.py:161} INFO - Started process (PID=634) to work on /home/airflow/.local/lib/python3.12/site-packages/airflow/example_dags/example_python_operator.py
[2024-08-13T04:47:07.615+0000] {processor.py:830} INFO - Processing file /home/airflow/.local/lib/python3.12/site-packages/airflow/example_dags/example_python_operator.py for tasks to queue
[2024-08-13T04:47:07.617+0000] {logging_mixin.py:188} INFO - [2024-08-13T04:47:07.617+0000] {dagbag.py:545} INFO - Filling up the DagBag from /home/airflow/.local/lib/python3.12/site-packages/airflow/example_dags/example_python_operator.py
[2024-08-13T04:47:07.636+0000] {processor.py:840} INFO - DAG(s) 'example_python_operator' retrieved from /home/airflow/.local/lib/python3.12/site-packages/airflow/example_dags/example_python_operator.py
[2024-08-13T04:47:07.737+0000] {logging_mixin.py:188} INFO - [2024-08-13T04:47:07.737+0000] {dag.py:3089} INFO - Sync 1 DAGs
[2024-08-13T04:47:07.790+0000] {logging_mixin.py:188} INFO - [2024-08-13T04:47:07.789+0000] {dag.py:3947} INFO - Setting next_dagrun for example_python_operator to None, run_after=None
[2024-08-13T04:47:07.901+0000] {processor.py:183} INFO - Processing /home/airflow/.local/lib/python3.12/site-packages/airflow/example_dags/example_python_operator.py took 0.295 seconds
[2024-08-13T04:47:38.380+0000] {processor.py:161} INFO - Started process (PID=692) to work on /home/airflow/.local/lib/python3.12/site-packages/airflow/example_dags/example_python_operator.py
[2024-08-13T04:47:38.381+0000] {processor.py:830} INFO - Processing file /home/airflow/.local/lib/python3.12/site-packages/airflow/example_dags/example_python_operator.py for tasks to queue
[2024-08-13T04:47:38.383+0000] {logging_mixin.py:188} INFO - [2024-08-13T04:47:38.383+0000] {dagbag.py:545} INFO - Filling up the DagBag from /home/airflow/.local/lib/python3.12/site-packages/airflow/example_dags/example_python_operator.py
[2024-08-13T04:47:38.397+0000] {processor.py:840} INFO - DAG(s) 'example_python_operator' retrieved from /home/airflow/.local/lib/python3.12/site-packages/airflow/example_dags/example_python_operator.py
[2024-08-13T04:47:38.425+0000] {logging_mixin.py:188} INFO - [2024-08-13T04:47:38.425+0000] {dag.py:3089} INFO - Sync 1 DAGs
[2024-08-13T04:47:38.444+0000] {logging_mixin.py:188} INFO - [2024-08-13T04:47:38.444+0000] {dag.py:3947} INFO - Setting next_dagrun for example_python_operator to None, run_after=None
[2024-08-13T04:47:40.171+0000] {processor.py:183} INFO - Processing /home/airflow/.local/lib/python3.12/site-packages/airflow/example_dags/example_python_operator.py took 1.801 seconds
[2024-08-13T04:48:11.264+0000] {processor.py:161} INFO - Started process (PID=752) to work on /home/airflow/.local/lib/python3.12/site-packages/airflow/example_dags/example_python_operator.py
[2024-08-13T04:48:11.266+0000] {processor.py:830} INFO - Processing file /home/airflow/.local/lib/python3.12/site-packages/airflow/example_dags/example_python_operator.py for tasks to queue
[2024-08-13T04:48:11.269+0000] {logging_mixin.py:188} INFO - [2024-08-13T04:48:11.268+0000] {dagbag.py:545} INFO - Filling up the DagBag from /home/airflow/.local/lib/python3.12/site-packages/airflow/example_dags/example_python_operator.py
[2024-08-13T04:48:11.302+0000] {processor.py:840} INFO - DAG(s) 'example_python_operator' retrieved from /home/airflow/.local/lib/python3.12/site-packages/airflow/example_dags/example_python_operator.py
[2024-08-13T04:48:11.340+0000] {logging_mixin.py:188} INFO - [2024-08-13T04:48:11.339+0000] {dag.py:3089} INFO - Sync 1 DAGs
[2024-08-13T04:48:11.379+0000] {logging_mixin.py:188} INFO - [2024-08-13T04:48:11.379+0000] {dag.py:3947} INFO - Setting next_dagrun for example_python_operator to None, run_after=None
[2024-08-13T04:48:11.542+0000] {processor.py:183} INFO - Processing /home/airflow/.local/lib/python3.12/site-packages/airflow/example_dags/example_python_operator.py took 0.285 seconds
[2024-08-13T04:48:42.668+0000] {processor.py:161} INFO - Started process (PID=811) to work on /home/airflow/.local/lib/python3.12/site-packages/airflow/example_dags/example_python_operator.py
[2024-08-13T04:48:42.669+0000] {processor.py:830} INFO - Processing file /home/airflow/.local/lib/python3.12/site-packages/airflow/example_dags/example_python_operator.py for tasks to queue
[2024-08-13T04:48:42.671+0000] {logging_mixin.py:188} INFO - [2024-08-13T04:48:42.670+0000] {dagbag.py:545} INFO - Filling up the DagBag from /home/airflow/.local/lib/python3.12/site-packages/airflow/example_dags/example_python_operator.py
[2024-08-13T04:48:42.683+0000] {processor.py:840} INFO - DAG(s) 'example_python_operator' retrieved from /home/airflow/.local/lib/python3.12/site-packages/airflow/example_dags/example_python_operator.py
[2024-08-13T04:48:42.718+0000] {logging_mixin.py:188} INFO - [2024-08-13T04:48:42.718+0000] {dag.py:3089} INFO - Sync 1 DAGs
[2024-08-13T04:48:42.736+0000] {logging_mixin.py:188} INFO - [2024-08-13T04:48:42.736+0000] {dag.py:3947} INFO - Setting next_dagrun for example_python_operator to None, run_after=None
[2024-08-13T04:48:42.845+0000] {processor.py:183} INFO - Processing /home/airflow/.local/lib/python3.12/site-packages/airflow/example_dags/example_python_operator.py took 0.183 seconds
[2024-08-13T04:49:13.956+0000] {processor.py:161} INFO - Started process (PID=869) to work on /home/airflow/.local/lib/python3.12/site-packages/airflow/example_dags/example_python_operator.py
[2024-08-13T04:49:13.982+0000] {processor.py:830} INFO - Processing file /home/airflow/.local/lib/python3.12/site-packages/airflow/example_dags/example_python_operator.py for tasks to queue
[2024-08-13T04:49:13.985+0000] {logging_mixin.py:188} INFO - [2024-08-13T04:49:13.985+0000] {dagbag.py:545} INFO - Filling up the DagBag from /home/airflow/.local/lib/python3.12/site-packages/airflow/example_dags/example_python_operator.py
[2024-08-13T04:49:14.030+0000] {processor.py:840} INFO - DAG(s) 'example_python_operator' retrieved from /home/airflow/.local/lib/python3.12/site-packages/airflow/example_dags/example_python_operator.py
[2024-08-13T04:49:14.104+0000] {logging_mixin.py:188} INFO - [2024-08-13T04:49:14.103+0000] {dag.py:3089} INFO - Sync 1 DAGs
[2024-08-13T04:49:14.166+0000] {logging_mixin.py:188} INFO - [2024-08-13T04:49:14.166+0000] {dag.py:3947} INFO - Setting next_dagrun for example_python_operator to None, run_after=None
[2024-08-13T04:49:14.435+0000] {processor.py:183} INFO - Processing /home/airflow/.local/lib/python3.12/site-packages/airflow/example_dags/example_python_operator.py took 0.486 seconds
[2024-08-13T04:49:45.357+0000] {processor.py:161} INFO - Started process (PID=927) to work on /home/airflow/.local/lib/python3.12/site-packages/airflow/example_dags/example_python_operator.py
[2024-08-13T04:49:45.358+0000] {processor.py:830} INFO - Processing file /home/airflow/.local/lib/python3.12/site-packages/airflow/example_dags/example_python_operator.py for tasks to queue
[2024-08-13T04:49:45.360+0000] {logging_mixin.py:188} INFO - [2024-08-13T04:49:45.360+0000] {dagbag.py:545} INFO - Filling up the DagBag from /home/airflow/.local/lib/python3.12/site-packages/airflow/example_dags/example_python_operator.py
[2024-08-13T04:49:45.378+0000] {processor.py:840} INFO - DAG(s) 'example_python_operator' retrieved from /home/airflow/.local/lib/python3.12/site-packages/airflow/example_dags/example_python_operator.py
[2024-08-13T04:49:45.405+0000] {logging_mixin.py:188} INFO - [2024-08-13T04:49:45.404+0000] {dag.py:3089} INFO - Sync 1 DAGs
[2024-08-13T04:49:45.422+0000] {logging_mixin.py:188} INFO - [2024-08-13T04:49:45.421+0000] {dag.py:3947} INFO - Setting next_dagrun for example_python_operator to None, run_after=None
[2024-08-13T04:49:45.556+0000] {processor.py:183} INFO - Processing /home/airflow/.local/lib/python3.12/site-packages/airflow/example_dags/example_python_operator.py took 0.208 seconds
[2024-08-13T04:50:15.968+0000] {processor.py:161} INFO - Started process (PID=985) to work on /home/airflow/.local/lib/python3.12/site-packages/airflow/example_dags/example_python_operator.py
[2024-08-13T04:50:15.970+0000] {processor.py:830} INFO - Processing file /home/airflow/.local/lib/python3.12/site-packages/airflow/example_dags/example_python_operator.py for tasks to queue
[2024-08-13T04:50:15.976+0000] {logging_mixin.py:188} INFO - [2024-08-13T04:50:15.975+0000] {dagbag.py:545} INFO - Filling up the DagBag from /home/airflow/.local/lib/python3.12/site-packages/airflow/example_dags/example_python_operator.py
[2024-08-13T04:50:15.991+0000] {processor.py:840} INFO - DAG(s) 'example_python_operator' retrieved from /home/airflow/.local/lib/python3.12/site-packages/airflow/example_dags/example_python_operator.py
[2024-08-13T04:50:16.023+0000] {logging_mixin.py:188} INFO - [2024-08-13T04:50:16.022+0000] {dag.py:3089} INFO - Sync 1 DAGs
[2024-08-13T04:50:16.042+0000] {logging_mixin.py:188} INFO - [2024-08-13T04:50:16.042+0000] {dag.py:3947} INFO - Setting next_dagrun for example_python_operator to None, run_after=None
[2024-08-13T04:50:16.106+0000] {processor.py:183} INFO - Processing /home/airflow/.local/lib/python3.12/site-packages/airflow/example_dags/example_python_operator.py took 0.146 seconds
[2024-08-13T04:50:47.001+0000] {processor.py:161} INFO - Started process (PID=1043) to work on /home/airflow/.local/lib/python3.12/site-packages/airflow/example_dags/example_python_operator.py
[2024-08-13T04:50:47.015+0000] {processor.py:830} INFO - Processing file /home/airflow/.local/lib/python3.12/site-packages/airflow/example_dags/example_python_operator.py for tasks to queue
[2024-08-13T04:50:47.048+0000] {logging_mixin.py:188} INFO - [2024-08-13T04:50:47.047+0000] {dagbag.py:545} INFO - Filling up the DagBag from /home/airflow/.local/lib/python3.12/site-packages/airflow/example_dags/example_python_operator.py
[2024-08-13T04:50:47.099+0000] {processor.py:840} INFO - DAG(s) 'example_python_operator' retrieved from /home/airflow/.local/lib/python3.12/site-packages/airflow/example_dags/example_python_operator.py
[2024-08-13T04:50:47.312+0000] {logging_mixin.py:188} INFO - [2024-08-13T04:50:47.312+0000] {dag.py:3089} INFO - Sync 1 DAGs
[2024-08-13T04:50:47.356+0000] {logging_mixin.py:188} INFO - [2024-08-13T04:50:47.354+0000] {dag.py:3947} INFO - Setting next_dagrun for example_python_operator to None, run_after=None
[2024-08-13T04:50:47.486+0000] {processor.py:183} INFO - Processing /home/airflow/.local/lib/python3.12/site-packages/airflow/example_dags/example_python_operator.py took 0.504 seconds
[2024-08-13T04:51:17.697+0000] {processor.py:161} INFO - Started process (PID=1102) to work on /home/airflow/.local/lib/python3.12/site-packages/airflow/example_dags/example_python_operator.py
[2024-08-13T04:51:17.701+0000] {processor.py:830} INFO - Processing file /home/airflow/.local/lib/python3.12/site-packages/airflow/example_dags/example_python_operator.py for tasks to queue
[2024-08-13T04:51:17.711+0000] {logging_mixin.py:188} INFO - [2024-08-13T04:51:17.703+0000] {dagbag.py:545} INFO - Filling up the DagBag from /home/airflow/.local/lib/python3.12/site-packages/airflow/example_dags/example_python_operator.py
[2024-08-13T04:51:17.732+0000] {processor.py:840} INFO - DAG(s) 'example_python_operator' retrieved from /home/airflow/.local/lib/python3.12/site-packages/airflow/example_dags/example_python_operator.py
[2024-08-13T04:51:17.827+0000] {logging_mixin.py:188} INFO - [2024-08-13T04:51:17.826+0000] {dag.py:3089} INFO - Sync 1 DAGs
[2024-08-13T04:51:18.022+0000] {logging_mixin.py:188} INFO - [2024-08-13T04:51:18.022+0000] {dag.py:3947} INFO - Setting next_dagrun for example_python_operator to None, run_after=None
[2024-08-13T04:51:18.551+0000] {processor.py:183} INFO - Processing /home/airflow/.local/lib/python3.12/site-packages/airflow/example_dags/example_python_operator.py took 0.873 seconds
[2024-08-13T04:51:49.352+0000] {processor.py:161} INFO - Started process (PID=1160) to work on /home/airflow/.local/lib/python3.12/site-packages/airflow/example_dags/example_python_operator.py
[2024-08-13T04:51:49.356+0000] {processor.py:830} INFO - Processing file /home/airflow/.local/lib/python3.12/site-packages/airflow/example_dags/example_python_operator.py for tasks to queue
[2024-08-13T04:51:49.363+0000] {logging_mixin.py:188} INFO - [2024-08-13T04:51:49.363+0000] {dagbag.py:545} INFO - Filling up the DagBag from /home/airflow/.local/lib/python3.12/site-packages/airflow/example_dags/example_python_operator.py
[2024-08-13T04:51:49.397+0000] {processor.py:840} INFO - DAG(s) 'example_python_operator' retrieved from /home/airflow/.local/lib/python3.12/site-packages/airflow/example_dags/example_python_operator.py
[2024-08-13T04:51:49.449+0000] {logging_mixin.py:188} INFO - [2024-08-13T04:51:49.449+0000] {dag.py:3089} INFO - Sync 1 DAGs
[2024-08-13T04:51:49.479+0000] {logging_mixin.py:188} INFO - [2024-08-13T04:51:49.478+0000] {dag.py:3947} INFO - Setting next_dagrun for example_python_operator to None, run_after=None
[2024-08-13T04:51:49.738+0000] {processor.py:183} INFO - Processing /home/airflow/.local/lib/python3.12/site-packages/airflow/example_dags/example_python_operator.py took 0.407 seconds
[2024-08-13T04:52:20.888+0000] {processor.py:161} INFO - Started process (PID=1219) to work on /home/airflow/.local/lib/python3.12/site-packages/airflow/example_dags/example_python_operator.py
[2024-08-13T04:52:20.889+0000] {processor.py:830} INFO - Processing file /home/airflow/.local/lib/python3.12/site-packages/airflow/example_dags/example_python_operator.py for tasks to queue
[2024-08-13T04:52:20.903+0000] {logging_mixin.py:188} INFO - [2024-08-13T04:52:20.891+0000] {dagbag.py:545} INFO - Filling up the DagBag from /home/airflow/.local/lib/python3.12/site-packages/airflow/example_dags/example_python_operator.py
[2024-08-13T04:52:20.954+0000] {processor.py:840} INFO - DAG(s) 'example_python_operator' retrieved from /home/airflow/.local/lib/python3.12/site-packages/airflow/example_dags/example_python_operator.py
[2024-08-13T04:52:21.012+0000] {logging_mixin.py:188} INFO - [2024-08-13T04:52:21.012+0000] {dag.py:3089} INFO - Sync 1 DAGs
[2024-08-13T04:52:21.082+0000] {logging_mixin.py:188} INFO - [2024-08-13T04:52:21.081+0000] {dag.py:3947} INFO - Setting next_dagrun for example_python_operator to None, run_after=None
[2024-08-13T04:52:21.238+0000] {processor.py:183} INFO - Processing /home/airflow/.local/lib/python3.12/site-packages/airflow/example_dags/example_python_operator.py took 0.364 seconds
[2024-08-13T04:52:51.542+0000] {processor.py:161} INFO - Started process (PID=1276) to work on /home/airflow/.local/lib/python3.12/site-packages/airflow/example_dags/example_python_operator.py
[2024-08-13T04:52:51.558+0000] {processor.py:830} INFO - Processing file /home/airflow/.local/lib/python3.12/site-packages/airflow/example_dags/example_python_operator.py for tasks to queue
[2024-08-13T04:52:51.574+0000] {logging_mixin.py:188} INFO - [2024-08-13T04:52:51.573+0000] {dagbag.py:545} INFO - Filling up the DagBag from /home/airflow/.local/lib/python3.12/site-packages/airflow/example_dags/example_python_operator.py
[2024-08-13T04:52:51.663+0000] {processor.py:840} INFO - DAG(s) 'example_python_operator' retrieved from /home/airflow/.local/lib/python3.12/site-packages/airflow/example_dags/example_python_operator.py
[2024-08-13T04:52:51.790+0000] {logging_mixin.py:188} INFO - [2024-08-13T04:52:51.789+0000] {dag.py:3089} INFO - Sync 1 DAGs
[2024-08-13T04:52:51.844+0000] {logging_mixin.py:188} INFO - [2024-08-13T04:52:51.844+0000] {dag.py:3947} INFO - Setting next_dagrun for example_python_operator to None, run_after=None
[2024-08-13T04:52:51.978+0000] {processor.py:183} INFO - Processing /home/airflow/.local/lib/python3.12/site-packages/airflow/example_dags/example_python_operator.py took 0.457 seconds
[2024-08-13T04:53:22.052+0000] {processor.py:161} INFO - Started process (PID=1333) to work on /home/airflow/.local/lib/python3.12/site-packages/airflow/example_dags/example_python_operator.py
[2024-08-13T04:53:22.053+0000] {processor.py:830} INFO - Processing file /home/airflow/.local/lib/python3.12/site-packages/airflow/example_dags/example_python_operator.py for tasks to queue
[2024-08-13T04:53:22.058+0000] {logging_mixin.py:188} INFO - [2024-08-13T04:53:22.057+0000] {dagbag.py:545} INFO - Filling up the DagBag from /home/airflow/.local/lib/python3.12/site-packages/airflow/example_dags/example_python_operator.py
[2024-08-13T04:53:22.083+0000] {processor.py:840} INFO - DAG(s) 'example_python_operator' retrieved from /home/airflow/.local/lib/python3.12/site-packages/airflow/example_dags/example_python_operator.py
[2024-08-13T04:53:22.132+0000] {logging_mixin.py:188} INFO - [2024-08-13T04:53:22.132+0000] {dag.py:3089} INFO - Sync 1 DAGs
[2024-08-13T04:53:22.161+0000] {logging_mixin.py:188} INFO - [2024-08-13T04:53:22.160+0000] {dag.py:3947} INFO - Setting next_dagrun for example_python_operator to None, run_after=None
[2024-08-13T04:53:22.315+0000] {processor.py:183} INFO - Processing /home/airflow/.local/lib/python3.12/site-packages/airflow/example_dags/example_python_operator.py took 0.274 seconds
[2024-08-13T04:53:52.468+0000] {processor.py:161} INFO - Started process (PID=1392) to work on /home/airflow/.local/lib/python3.12/site-packages/airflow/example_dags/example_python_operator.py
[2024-08-13T04:53:52.469+0000] {processor.py:830} INFO - Processing file /home/airflow/.local/lib/python3.12/site-packages/airflow/example_dags/example_python_operator.py for tasks to queue
[2024-08-13T04:53:52.471+0000] {logging_mixin.py:188} INFO - [2024-08-13T04:53:52.470+0000] {dagbag.py:545} INFO - Filling up the DagBag from /home/airflow/.local/lib/python3.12/site-packages/airflow/example_dags/example_python_operator.py
[2024-08-13T04:53:52.484+0000] {processor.py:840} INFO - DAG(s) 'example_python_operator' retrieved from /home/airflow/.local/lib/python3.12/site-packages/airflow/example_dags/example_python_operator.py
[2024-08-13T04:53:52.508+0000] {logging_mixin.py:188} INFO - [2024-08-13T04:53:52.508+0000] {dag.py:3089} INFO - Sync 1 DAGs
[2024-08-13T04:53:52.522+0000] {logging_mixin.py:188} INFO - [2024-08-13T04:53:52.522+0000] {dag.py:3947} INFO - Setting next_dagrun for example_python_operator to None, run_after=None
[2024-08-13T04:53:52.603+0000] {processor.py:183} INFO - Processing /home/airflow/.local/lib/python3.12/site-packages/airflow/example_dags/example_python_operator.py took 0.140 seconds
[2024-08-13T04:54:22.717+0000] {processor.py:161} INFO - Started process (PID=1450) to work on /home/airflow/.local/lib/python3.12/site-packages/airflow/example_dags/example_python_operator.py
[2024-08-13T04:54:22.735+0000] {processor.py:830} INFO - Processing file /home/airflow/.local/lib/python3.12/site-packages/airflow/example_dags/example_python_operator.py for tasks to queue
[2024-08-13T04:54:22.743+0000] {logging_mixin.py:188} INFO - [2024-08-13T04:54:22.742+0000] {dagbag.py:545} INFO - Filling up the DagBag from /home/airflow/.local/lib/python3.12/site-packages/airflow/example_dags/example_python_operator.py
[2024-08-13T04:54:22.768+0000] {processor.py:840} INFO - DAG(s) 'example_python_operator' retrieved from /home/airflow/.local/lib/python3.12/site-packages/airflow/example_dags/example_python_operator.py
[2024-08-13T04:54:22.817+0000] {logging_mixin.py:188} INFO - [2024-08-13T04:54:22.816+0000] {dag.py:3089} INFO - Sync 1 DAGs
[2024-08-13T04:54:22.830+0000] {logging_mixin.py:188} INFO - [2024-08-13T04:54:22.830+0000] {dag.py:3947} INFO - Setting next_dagrun for example_python_operator to None, run_after=None
[2024-08-13T04:54:22.884+0000] {processor.py:183} INFO - Processing /home/airflow/.local/lib/python3.12/site-packages/airflow/example_dags/example_python_operator.py took 0.187 seconds
[2024-08-13T04:54:53.618+0000] {processor.py:161} INFO - Started process (PID=1508) to work on /home/airflow/.local/lib/python3.12/site-packages/airflow/example_dags/example_python_operator.py
[2024-08-13T04:54:53.619+0000] {processor.py:830} INFO - Processing file /home/airflow/.local/lib/python3.12/site-packages/airflow/example_dags/example_python_operator.py for tasks to queue
[2024-08-13T04:54:53.621+0000] {logging_mixin.py:188} INFO - [2024-08-13T04:54:53.621+0000] {dagbag.py:545} INFO - Filling up the DagBag from /home/airflow/.local/lib/python3.12/site-packages/airflow/example_dags/example_python_operator.py
[2024-08-13T04:54:53.639+0000] {processor.py:840} INFO - DAG(s) 'example_python_operator' retrieved from /home/airflow/.local/lib/python3.12/site-packages/airflow/example_dags/example_python_operator.py
[2024-08-13T04:54:53.695+0000] {logging_mixin.py:188} INFO - [2024-08-13T04:54:53.695+0000] {dag.py:3089} INFO - Sync 1 DAGs
[2024-08-13T04:54:53.715+0000] {logging_mixin.py:188} INFO - [2024-08-13T04:54:53.713+0000] {dag.py:3947} INFO - Setting next_dagrun for example_python_operator to None, run_after=None
[2024-08-13T04:54:53.780+0000] {processor.py:183} INFO - Processing /home/airflow/.local/lib/python3.12/site-packages/airflow/example_dags/example_python_operator.py took 0.170 seconds
[2024-08-13T04:55:24.470+0000] {processor.py:161} INFO - Started process (PID=1566) to work on /home/airflow/.local/lib/python3.12/site-packages/airflow/example_dags/example_python_operator.py
[2024-08-13T04:55:24.471+0000] {processor.py:830} INFO - Processing file /home/airflow/.local/lib/python3.12/site-packages/airflow/example_dags/example_python_operator.py for tasks to queue
[2024-08-13T04:55:24.473+0000] {logging_mixin.py:188} INFO - [2024-08-13T04:55:24.472+0000] {dagbag.py:545} INFO - Filling up the DagBag from /home/airflow/.local/lib/python3.12/site-packages/airflow/example_dags/example_python_operator.py
[2024-08-13T04:55:24.482+0000] {processor.py:840} INFO - DAG(s) 'example_python_operator' retrieved from /home/airflow/.local/lib/python3.12/site-packages/airflow/example_dags/example_python_operator.py
[2024-08-13T04:55:24.503+0000] {logging_mixin.py:188} INFO - [2024-08-13T04:55:24.502+0000] {dag.py:3089} INFO - Sync 1 DAGs
[2024-08-13T04:55:24.518+0000] {logging_mixin.py:188} INFO - [2024-08-13T04:55:24.517+0000] {dag.py:3947} INFO - Setting next_dagrun for example_python_operator to None, run_after=None
[2024-08-13T04:55:24.609+0000] {processor.py:183} INFO - Processing /home/airflow/.local/lib/python3.12/site-packages/airflow/example_dags/example_python_operator.py took 0.145 seconds
[2024-08-13T04:55:55.617+0000] {processor.py:161} INFO - Started process (PID=1624) to work on /home/airflow/.local/lib/python3.12/site-packages/airflow/example_dags/example_python_operator.py
[2024-08-13T04:55:55.618+0000] {processor.py:830} INFO - Processing file /home/airflow/.local/lib/python3.12/site-packages/airflow/example_dags/example_python_operator.py for tasks to queue
[2024-08-13T04:55:55.624+0000] {logging_mixin.py:188} INFO - [2024-08-13T04:55:55.620+0000] {dagbag.py:545} INFO - Filling up the DagBag from /home/airflow/.local/lib/python3.12/site-packages/airflow/example_dags/example_python_operator.py
[2024-08-13T04:55:55.667+0000] {processor.py:840} INFO - DAG(s) 'example_python_operator' retrieved from /home/airflow/.local/lib/python3.12/site-packages/airflow/example_dags/example_python_operator.py
[2024-08-13T04:55:55.710+0000] {logging_mixin.py:188} INFO - [2024-08-13T04:55:55.709+0000] {dag.py:3089} INFO - Sync 1 DAGs
[2024-08-13T04:55:55.728+0000] {logging_mixin.py:188} INFO - [2024-08-13T04:55:55.728+0000] {dag.py:3947} INFO - Setting next_dagrun for example_python_operator to None, run_after=None
[2024-08-13T04:55:55.792+0000] {processor.py:183} INFO - Processing /home/airflow/.local/lib/python3.12/site-packages/airflow/example_dags/example_python_operator.py took 0.183 seconds
[2024-08-13T04:56:26.109+0000] {processor.py:161} INFO - Started process (PID=1682) to work on /home/airflow/.local/lib/python3.12/site-packages/airflow/example_dags/example_python_operator.py
[2024-08-13T04:56:26.110+0000] {processor.py:830} INFO - Processing file /home/airflow/.local/lib/python3.12/site-packages/airflow/example_dags/example_python_operator.py for tasks to queue
[2024-08-13T04:56:26.112+0000] {logging_mixin.py:188} INFO - [2024-08-13T04:56:26.112+0000] {dagbag.py:545} INFO - Filling up the DagBag from /home/airflow/.local/lib/python3.12/site-packages/airflow/example_dags/example_python_operator.py
[2024-08-13T04:56:26.122+0000] {processor.py:840} INFO - DAG(s) 'example_python_operator' retrieved from /home/airflow/.local/lib/python3.12/site-packages/airflow/example_dags/example_python_operator.py
[2024-08-13T04:56:26.144+0000] {logging_mixin.py:188} INFO - [2024-08-13T04:56:26.143+0000] {dag.py:3089} INFO - Sync 1 DAGs
[2024-08-13T04:56:26.156+0000] {logging_mixin.py:188} INFO - [2024-08-13T04:56:26.156+0000] {dag.py:3947} INFO - Setting next_dagrun for example_python_operator to None, run_after=None
[2024-08-13T04:56:26.348+0000] {processor.py:183} INFO - Processing /home/airflow/.local/lib/python3.12/site-packages/airflow/example_dags/example_python_operator.py took 0.247 seconds
[2024-08-13T04:56:56.881+0000] {processor.py:161} INFO - Started process (PID=1740) to work on /home/airflow/.local/lib/python3.12/site-packages/airflow/example_dags/example_python_operator.py
[2024-08-13T04:56:56.882+0000] {processor.py:830} INFO - Processing file /home/airflow/.local/lib/python3.12/site-packages/airflow/example_dags/example_python_operator.py for tasks to queue
[2024-08-13T04:56:56.883+0000] {logging_mixin.py:188} INFO - [2024-08-13T04:56:56.883+0000] {dagbag.py:545} INFO - Filling up the DagBag from /home/airflow/.local/lib/python3.12/site-packages/airflow/example_dags/example_python_operator.py
[2024-08-13T04:56:56.894+0000] {processor.py:840} INFO - DAG(s) 'example_python_operator' retrieved from /home/airflow/.local/lib/python3.12/site-packages/airflow/example_dags/example_python_operator.py
[2024-08-13T04:56:56.915+0000] {logging_mixin.py:188} INFO - [2024-08-13T04:56:56.914+0000] {dag.py:3089} INFO - Sync 1 DAGs
[2024-08-13T04:56:56.931+0000] {logging_mixin.py:188} INFO - [2024-08-13T04:56:56.931+0000] {dag.py:3947} INFO - Setting next_dagrun for example_python_operator to None, run_after=None
[2024-08-13T04:56:56.995+0000] {processor.py:183} INFO - Processing /home/airflow/.local/lib/python3.12/site-packages/airflow/example_dags/example_python_operator.py took 0.121 seconds
[2024-08-13T04:57:27.727+0000] {processor.py:161} INFO - Started process (PID=1804) to work on /home/airflow/.local/lib/python3.12/site-packages/airflow/example_dags/example_python_operator.py
[2024-08-13T04:57:27.728+0000] {processor.py:830} INFO - Processing file /home/airflow/.local/lib/python3.12/site-packages/airflow/example_dags/example_python_operator.py for tasks to queue
[2024-08-13T04:57:27.730+0000] {logging_mixin.py:188} INFO - [2024-08-13T04:57:27.730+0000] {dagbag.py:545} INFO - Filling up the DagBag from /home/airflow/.local/lib/python3.12/site-packages/airflow/example_dags/example_python_operator.py
[2024-08-13T04:57:27.759+0000] {processor.py:840} INFO - DAG(s) 'example_python_operator' retrieved from /home/airflow/.local/lib/python3.12/site-packages/airflow/example_dags/example_python_operator.py
[2024-08-13T04:57:27.806+0000] {logging_mixin.py:188} INFO - [2024-08-13T04:57:27.806+0000] {dag.py:3089} INFO - Sync 1 DAGs
[2024-08-13T04:57:27.821+0000] {logging_mixin.py:188} INFO - [2024-08-13T04:57:27.820+0000] {dag.py:3947} INFO - Setting next_dagrun for example_python_operator to None, run_after=None
[2024-08-13T04:57:27.916+0000] {processor.py:183} INFO - Processing /home/airflow/.local/lib/python3.12/site-packages/airflow/example_dags/example_python_operator.py took 0.197 seconds
[2024-08-13T04:57:58.593+0000] {processor.py:161} INFO - Started process (PID=1862) to work on /home/airflow/.local/lib/python3.12/site-packages/airflow/example_dags/example_python_operator.py
[2024-08-13T04:57:58.594+0000] {processor.py:830} INFO - Processing file /home/airflow/.local/lib/python3.12/site-packages/airflow/example_dags/example_python_operator.py for tasks to queue
[2024-08-13T04:57:58.595+0000] {logging_mixin.py:188} INFO - [2024-08-13T04:57:58.595+0000] {dagbag.py:545} INFO - Filling up the DagBag from /home/airflow/.local/lib/python3.12/site-packages/airflow/example_dags/example_python_operator.py
[2024-08-13T04:57:58.606+0000] {processor.py:840} INFO - DAG(s) 'example_python_operator' retrieved from /home/airflow/.local/lib/python3.12/site-packages/airflow/example_dags/example_python_operator.py
[2024-08-13T04:57:58.629+0000] {logging_mixin.py:188} INFO - [2024-08-13T04:57:58.629+0000] {dag.py:3089} INFO - Sync 1 DAGs
[2024-08-13T04:57:58.662+0000] {logging_mixin.py:188} INFO - [2024-08-13T04:57:58.652+0000] {dag.py:3947} INFO - Setting next_dagrun for example_python_operator to None, run_after=None
[2024-08-13T04:57:58.769+0000] {processor.py:183} INFO - Processing /home/airflow/.local/lib/python3.12/site-packages/airflow/example_dags/example_python_operator.py took 0.183 seconds
[2024-08-13T04:58:28.979+0000] {processor.py:161} INFO - Started process (PID=1920) to work on /home/airflow/.local/lib/python3.12/site-packages/airflow/example_dags/example_python_operator.py
[2024-08-13T04:58:28.980+0000] {processor.py:830} INFO - Processing file /home/airflow/.local/lib/python3.12/site-packages/airflow/example_dags/example_python_operator.py for tasks to queue
[2024-08-13T04:58:28.982+0000] {logging_mixin.py:188} INFO - [2024-08-13T04:58:28.982+0000] {dagbag.py:545} INFO - Filling up the DagBag from /home/airflow/.local/lib/python3.12/site-packages/airflow/example_dags/example_python_operator.py
[2024-08-13T04:58:28.997+0000] {processor.py:840} INFO - DAG(s) 'example_python_operator' retrieved from /home/airflow/.local/lib/python3.12/site-packages/airflow/example_dags/example_python_operator.py
[2024-08-13T04:58:29.025+0000] {logging_mixin.py:188} INFO - [2024-08-13T04:58:29.024+0000] {dag.py:3089} INFO - Sync 1 DAGs
[2024-08-13T04:58:29.037+0000] {logging_mixin.py:188} INFO - [2024-08-13T04:58:29.037+0000] {dag.py:3947} INFO - Setting next_dagrun for example_python_operator to None, run_after=None
[2024-08-13T04:58:29.202+0000] {processor.py:183} INFO - Processing /home/airflow/.local/lib/python3.12/site-packages/airflow/example_dags/example_python_operator.py took 0.231 seconds
[2024-08-13T04:58:59.259+0000] {processor.py:161} INFO - Started process (PID=1977) to work on /home/airflow/.local/lib/python3.12/site-packages/airflow/example_dags/example_python_operator.py
[2024-08-13T04:58:59.260+0000] {processor.py:830} INFO - Processing file /home/airflow/.local/lib/python3.12/site-packages/airflow/example_dags/example_python_operator.py for tasks to queue
[2024-08-13T04:58:59.262+0000] {logging_mixin.py:188} INFO - [2024-08-13T04:58:59.262+0000] {dagbag.py:545} INFO - Filling up the DagBag from /home/airflow/.local/lib/python3.12/site-packages/airflow/example_dags/example_python_operator.py
[2024-08-13T04:58:59.276+0000] {processor.py:840} INFO - DAG(s) 'example_python_operator' retrieved from /home/airflow/.local/lib/python3.12/site-packages/airflow/example_dags/example_python_operator.py
[2024-08-13T04:58:59.312+0000] {logging_mixin.py:188} INFO - [2024-08-13T04:58:59.312+0000] {dag.py:3089} INFO - Sync 1 DAGs
[2024-08-13T04:58:59.326+0000] {logging_mixin.py:188} INFO - [2024-08-13T04:58:59.325+0000] {dag.py:3947} INFO - Setting next_dagrun for example_python_operator to None, run_after=None
[2024-08-13T04:58:59.415+0000] {processor.py:183} INFO - Processing /home/airflow/.local/lib/python3.12/site-packages/airflow/example_dags/example_python_operator.py took 0.163 seconds
[2024-08-13T04:59:30.162+0000] {processor.py:161} INFO - Started process (PID=2036) to work on /home/airflow/.local/lib/python3.12/site-packages/airflow/example_dags/example_python_operator.py
[2024-08-13T04:59:30.163+0000] {processor.py:830} INFO - Processing file /home/airflow/.local/lib/python3.12/site-packages/airflow/example_dags/example_python_operator.py for tasks to queue
[2024-08-13T04:59:30.165+0000] {logging_mixin.py:188} INFO - [2024-08-13T04:59:30.165+0000] {dagbag.py:545} INFO - Filling up the DagBag from /home/airflow/.local/lib/python3.12/site-packages/airflow/example_dags/example_python_operator.py
[2024-08-13T04:59:30.176+0000] {processor.py:840} INFO - DAG(s) 'example_python_operator' retrieved from /home/airflow/.local/lib/python3.12/site-packages/airflow/example_dags/example_python_operator.py
[2024-08-13T04:59:30.212+0000] {logging_mixin.py:188} INFO - [2024-08-13T04:59:30.211+0000] {dag.py:3089} INFO - Sync 1 DAGs
[2024-08-13T04:59:30.223+0000] {logging_mixin.py:188} INFO - [2024-08-13T04:59:30.223+0000] {dag.py:3947} INFO - Setting next_dagrun for example_python_operator to None, run_after=None
[2024-08-13T04:59:30.277+0000] {processor.py:183} INFO - Processing /home/airflow/.local/lib/python3.12/site-packages/airflow/example_dags/example_python_operator.py took 0.121 seconds
[2024-08-13T05:00:00.791+0000] {processor.py:161} INFO - Started process (PID=2093) to work on /home/airflow/.local/lib/python3.12/site-packages/airflow/example_dags/example_python_operator.py
[2024-08-13T05:00:00.792+0000] {processor.py:830} INFO - Processing file /home/airflow/.local/lib/python3.12/site-packages/airflow/example_dags/example_python_operator.py for tasks to queue
[2024-08-13T05:00:00.795+0000] {logging_mixin.py:188} INFO - [2024-08-13T05:00:00.794+0000] {dagbag.py:545} INFO - Filling up the DagBag from /home/airflow/.local/lib/python3.12/site-packages/airflow/example_dags/example_python_operator.py
[2024-08-13T05:00:00.810+0000] {processor.py:840} INFO - DAG(s) 'example_python_operator' retrieved from /home/airflow/.local/lib/python3.12/site-packages/airflow/example_dags/example_python_operator.py
[2024-08-13T05:00:00.844+0000] {logging_mixin.py:188} INFO - [2024-08-13T05:00:00.844+0000] {dag.py:3089} INFO - Sync 1 DAGs
[2024-08-13T05:00:00.861+0000] {logging_mixin.py:188} INFO - [2024-08-13T05:00:00.860+0000] {dag.py:3947} INFO - Setting next_dagrun for example_python_operator to None, run_after=None
[2024-08-13T05:00:00.923+0000] {processor.py:183} INFO - Processing /home/airflow/.local/lib/python3.12/site-packages/airflow/example_dags/example_python_operator.py took 0.139 seconds
[2024-08-13T05:00:31.688+0000] {processor.py:161} INFO - Started process (PID=2151) to work on /home/airflow/.local/lib/python3.12/site-packages/airflow/example_dags/example_python_operator.py
[2024-08-13T05:00:31.701+0000] {processor.py:830} INFO - Processing file /home/airflow/.local/lib/python3.12/site-packages/airflow/example_dags/example_python_operator.py for tasks to queue
[2024-08-13T05:00:31.706+0000] {logging_mixin.py:188} INFO - [2024-08-13T05:00:31.703+0000] {dagbag.py:545} INFO - Filling up the DagBag from /home/airflow/.local/lib/python3.12/site-packages/airflow/example_dags/example_python_operator.py
[2024-08-13T05:00:31.720+0000] {processor.py:840} INFO - DAG(s) 'example_python_operator' retrieved from /home/airflow/.local/lib/python3.12/site-packages/airflow/example_dags/example_python_operator.py
[2024-08-13T05:00:31.789+0000] {logging_mixin.py:188} INFO - [2024-08-13T05:00:31.788+0000] {dag.py:3089} INFO - Sync 1 DAGs
[2024-08-13T05:00:31.825+0000] {logging_mixin.py:188} INFO - [2024-08-13T05:00:31.825+0000] {dag.py:3947} INFO - Setting next_dagrun for example_python_operator to None, run_after=None
[2024-08-13T05:00:31.927+0000] {processor.py:183} INFO - Processing /home/airflow/.local/lib/python3.12/site-packages/airflow/example_dags/example_python_operator.py took 0.252 seconds
[2024-08-13T05:01:03.032+0000] {processor.py:161} INFO - Started process (PID=2209) to work on /home/airflow/.local/lib/python3.12/site-packages/airflow/example_dags/example_python_operator.py
[2024-08-13T05:01:03.033+0000] {processor.py:830} INFO - Processing file /home/airflow/.local/lib/python3.12/site-packages/airflow/example_dags/example_python_operator.py for tasks to queue
[2024-08-13T05:01:03.035+0000] {logging_mixin.py:188} INFO - [2024-08-13T05:01:03.034+0000] {dagbag.py:545} INFO - Filling up the DagBag from /home/airflow/.local/lib/python3.12/site-packages/airflow/example_dags/example_python_operator.py
[2024-08-13T05:01:03.058+0000] {processor.py:840} INFO - DAG(s) 'example_python_operator' retrieved from /home/airflow/.local/lib/python3.12/site-packages/airflow/example_dags/example_python_operator.py
[2024-08-13T05:01:03.144+0000] {logging_mixin.py:188} INFO - [2024-08-13T05:01:03.144+0000] {dag.py:3089} INFO - Sync 1 DAGs
[2024-08-13T05:01:03.183+0000] {logging_mixin.py:188} INFO - [2024-08-13T05:01:03.182+0000] {dag.py:3947} INFO - Setting next_dagrun for example_python_operator to None, run_after=None
[2024-08-13T05:01:03.312+0000] {processor.py:183} INFO - Processing /home/airflow/.local/lib/python3.12/site-packages/airflow/example_dags/example_python_operator.py took 0.289 seconds
[2024-08-13T05:01:33.655+0000] {processor.py:161} INFO - Started process (PID=2269) to work on /home/airflow/.local/lib/python3.12/site-packages/airflow/example_dags/example_python_operator.py
[2024-08-13T05:01:33.656+0000] {processor.py:830} INFO - Processing file /home/airflow/.local/lib/python3.12/site-packages/airflow/example_dags/example_python_operator.py for tasks to queue
[2024-08-13T05:01:33.662+0000] {logging_mixin.py:188} INFO - [2024-08-13T05:01:33.661+0000] {dagbag.py:545} INFO - Filling up the DagBag from /home/airflow/.local/lib/python3.12/site-packages/airflow/example_dags/example_python_operator.py
[2024-08-13T05:01:33.689+0000] {processor.py:840} INFO - DAG(s) 'example_python_operator' retrieved from /home/airflow/.local/lib/python3.12/site-packages/airflow/example_dags/example_python_operator.py
[2024-08-13T05:01:33.720+0000] {logging_mixin.py:188} INFO - [2024-08-13T05:01:33.720+0000] {dag.py:3089} INFO - Sync 1 DAGs
[2024-08-13T05:01:33.738+0000] {logging_mixin.py:188} INFO - [2024-08-13T05:01:33.738+0000] {dag.py:3947} INFO - Setting next_dagrun for example_python_operator to None, run_after=None
[2024-08-13T05:01:33.808+0000] {processor.py:183} INFO - Processing /home/airflow/.local/lib/python3.12/site-packages/airflow/example_dags/example_python_operator.py took 0.161 seconds
[2024-08-13T05:02:04.025+0000] {processor.py:161} INFO - Started process (PID=2328) to work on /home/airflow/.local/lib/python3.12/site-packages/airflow/example_dags/example_python_operator.py
[2024-08-13T05:02:04.026+0000] {processor.py:830} INFO - Processing file /home/airflow/.local/lib/python3.12/site-packages/airflow/example_dags/example_python_operator.py for tasks to queue
[2024-08-13T05:02:04.029+0000] {logging_mixin.py:188} INFO - [2024-08-13T05:02:04.028+0000] {dagbag.py:545} INFO - Filling up the DagBag from /home/airflow/.local/lib/python3.12/site-packages/airflow/example_dags/example_python_operator.py
[2024-08-13T05:02:04.045+0000] {processor.py:840} INFO - DAG(s) 'example_python_operator' retrieved from /home/airflow/.local/lib/python3.12/site-packages/airflow/example_dags/example_python_operator.py
[2024-08-13T05:02:04.073+0000] {logging_mixin.py:188} INFO - [2024-08-13T05:02:04.073+0000] {dag.py:3089} INFO - Sync 1 DAGs
[2024-08-13T05:02:04.090+0000] {logging_mixin.py:188} INFO - [2024-08-13T05:02:04.090+0000] {dag.py:3947} INFO - Setting next_dagrun for example_python_operator to None, run_after=None
[2024-08-13T05:02:04.161+0000] {processor.py:183} INFO - Processing /home/airflow/.local/lib/python3.12/site-packages/airflow/example_dags/example_python_operator.py took 0.144 seconds
[2024-08-13T05:02:34.363+0000] {processor.py:161} INFO - Started process (PID=2387) to work on /home/airflow/.local/lib/python3.12/site-packages/airflow/example_dags/example_python_operator.py
[2024-08-13T05:02:34.363+0000] {processor.py:830} INFO - Processing file /home/airflow/.local/lib/python3.12/site-packages/airflow/example_dags/example_python_operator.py for tasks to queue
[2024-08-13T05:02:34.365+0000] {logging_mixin.py:188} INFO - [2024-08-13T05:02:34.365+0000] {dagbag.py:545} INFO - Filling up the DagBag from /home/airflow/.local/lib/python3.12/site-packages/airflow/example_dags/example_python_operator.py
[2024-08-13T05:02:34.375+0000] {processor.py:840} INFO - DAG(s) 'example_python_operator' retrieved from /home/airflow/.local/lib/python3.12/site-packages/airflow/example_dags/example_python_operator.py
[2024-08-13T05:02:34.403+0000] {logging_mixin.py:188} INFO - [2024-08-13T05:02:34.402+0000] {dag.py:3089} INFO - Sync 1 DAGs
[2024-08-13T05:02:34.423+0000] {logging_mixin.py:188} INFO - [2024-08-13T05:02:34.423+0000] {dag.py:3947} INFO - Setting next_dagrun for example_python_operator to None, run_after=None
[2024-08-13T05:02:34.573+0000] {processor.py:183} INFO - Processing /home/airflow/.local/lib/python3.12/site-packages/airflow/example_dags/example_python_operator.py took 0.216 seconds
[2024-08-13T05:03:05.008+0000] {processor.py:161} INFO - Started process (PID=2445) to work on /home/airflow/.local/lib/python3.12/site-packages/airflow/example_dags/example_python_operator.py
[2024-08-13T05:03:05.009+0000] {processor.py:830} INFO - Processing file /home/airflow/.local/lib/python3.12/site-packages/airflow/example_dags/example_python_operator.py for tasks to queue
[2024-08-13T05:03:05.011+0000] {logging_mixin.py:188} INFO - [2024-08-13T05:03:05.010+0000] {dagbag.py:545} INFO - Filling up the DagBag from /home/airflow/.local/lib/python3.12/site-packages/airflow/example_dags/example_python_operator.py
[2024-08-13T05:03:05.022+0000] {processor.py:840} INFO - DAG(s) 'example_python_operator' retrieved from /home/airflow/.local/lib/python3.12/site-packages/airflow/example_dags/example_python_operator.py
[2024-08-13T05:03:05.044+0000] {logging_mixin.py:188} INFO - [2024-08-13T05:03:05.043+0000] {dag.py:3089} INFO - Sync 1 DAGs
[2024-08-13T05:03:05.064+0000] {logging_mixin.py:188} INFO - [2024-08-13T05:03:05.064+0000] {dag.py:3947} INFO - Setting next_dagrun for example_python_operator to None, run_after=None
[2024-08-13T05:03:05.149+0000] {processor.py:183} INFO - Processing /home/airflow/.local/lib/python3.12/site-packages/airflow/example_dags/example_python_operator.py took 0.148 seconds
