[2024-08-13T04:42:02.770+0000] {processor.py:161} INFO - Started process (PID=87) to work on /home/airflow/.local/lib/python3.12/site-packages/airflow/example_dags/example_latest_only_with_trigger.py
[2024-08-13T04:42:02.785+0000] {processor.py:830} INFO - Processing file /home/airflow/.local/lib/python3.12/site-packages/airflow/example_dags/example_latest_only_with_trigger.py for tasks to queue
[2024-08-13T04:42:02.792+0000] {logging_mixin.py:188} INFO - [2024-08-13T04:42:02.790+0000] {dagbag.py:545} INFO - Filling up the DagBag from /home/airflow/.local/lib/python3.12/site-packages/airflow/example_dags/example_latest_only_with_trigger.py
[2024-08-13T04:42:02.871+0000] {processor.py:840} INFO - DAG(s) 'latest_only_with_trigger' retrieved from /home/airflow/.local/lib/python3.12/site-packages/airflow/example_dags/example_latest_only_with_trigger.py
[2024-08-13T04:42:03.782+0000] {logging_mixin.py:188} INFO - [2024-08-13T04:42:03.782+0000] {dag.py:3089} INFO - Sync 1 DAGs
[2024-08-13T04:42:03.924+0000] {logging_mixin.py:188} INFO - [2024-08-13T04:42:03.920+0000] {dag.py:3947} INFO - Setting next_dagrun for latest_only_with_trigger to 2024-08-13 00:00:00+00:00, run_after=2024-08-13 04:00:00+00:00
[2024-08-13T04:42:04.200+0000] {processor.py:183} INFO - Processing /home/airflow/.local/lib/python3.12/site-packages/airflow/example_dags/example_latest_only_with_trigger.py took 1.448 seconds
[2024-08-13T04:42:36.678+0000] {processor.py:161} INFO - Started process (PID=144) to work on /home/airflow/.local/lib/python3.12/site-packages/airflow/example_dags/example_latest_only_with_trigger.py
[2024-08-13T04:42:36.689+0000] {processor.py:830} INFO - Processing file /home/airflow/.local/lib/python3.12/site-packages/airflow/example_dags/example_latest_only_with_trigger.py for tasks to queue
[2024-08-13T04:42:36.692+0000] {logging_mixin.py:188} INFO - [2024-08-13T04:42:36.692+0000] {dagbag.py:545} INFO - Filling up the DagBag from /home/airflow/.local/lib/python3.12/site-packages/airflow/example_dags/example_latest_only_with_trigger.py
[2024-08-13T04:42:36.712+0000] {processor.py:840} INFO - DAG(s) 'latest_only_with_trigger' retrieved from /home/airflow/.local/lib/python3.12/site-packages/airflow/example_dags/example_latest_only_with_trigger.py
[2024-08-13T04:42:36.879+0000] {logging_mixin.py:188} INFO - [2024-08-13T04:42:36.879+0000] {dag.py:3089} INFO - Sync 1 DAGs
[2024-08-13T04:42:37.061+0000] {logging_mixin.py:188} INFO - [2024-08-13T04:42:37.060+0000] {dag.py:3947} INFO - Setting next_dagrun for latest_only_with_trigger to 2024-08-13 00:00:00+00:00, run_after=2024-08-13 04:00:00+00:00
[2024-08-13T04:42:38.529+0000] {processor.py:183} INFO - Processing /home/airflow/.local/lib/python3.12/site-packages/airflow/example_dags/example_latest_only_with_trigger.py took 1.861 seconds
[2024-08-13T04:43:14.461+0000] {processor.py:161} INFO - Started process (PID=202) to work on /home/airflow/.local/lib/python3.12/site-packages/airflow/example_dags/example_latest_only_with_trigger.py
[2024-08-13T04:43:14.476+0000] {processor.py:830} INFO - Processing file /home/airflow/.local/lib/python3.12/site-packages/airflow/example_dags/example_latest_only_with_trigger.py for tasks to queue
[2024-08-13T04:43:14.479+0000] {logging_mixin.py:188} INFO - [2024-08-13T04:43:14.479+0000] {dagbag.py:545} INFO - Filling up the DagBag from /home/airflow/.local/lib/python3.12/site-packages/airflow/example_dags/example_latest_only_with_trigger.py
[2024-08-13T04:43:14.486+0000] {processor.py:840} INFO - DAG(s) 'latest_only_with_trigger' retrieved from /home/airflow/.local/lib/python3.12/site-packages/airflow/example_dags/example_latest_only_with_trigger.py
[2024-08-13T04:43:14.562+0000] {logging_mixin.py:188} INFO - [2024-08-13T04:43:14.562+0000] {dag.py:3089} INFO - Sync 1 DAGs
[2024-08-13T04:43:14.638+0000] {logging_mixin.py:188} INFO - [2024-08-13T04:43:14.638+0000] {dag.py:3947} INFO - Setting next_dagrun for latest_only_with_trigger to 2024-08-13 00:00:00+00:00, run_after=2024-08-13 04:00:00+00:00
[2024-08-13T04:43:14.739+0000] {processor.py:183} INFO - Processing /home/airflow/.local/lib/python3.12/site-packages/airflow/example_dags/example_latest_only_with_trigger.py took 0.287 seconds
[2024-08-13T04:43:46.831+0000] {processor.py:161} INFO - Started process (PID=260) to work on /home/airflow/.local/lib/python3.12/site-packages/airflow/example_dags/example_latest_only_with_trigger.py
[2024-08-13T04:43:46.838+0000] {processor.py:830} INFO - Processing file /home/airflow/.local/lib/python3.12/site-packages/airflow/example_dags/example_latest_only_with_trigger.py for tasks to queue
[2024-08-13T04:43:46.840+0000] {logging_mixin.py:188} INFO - [2024-08-13T04:43:46.840+0000] {dagbag.py:545} INFO - Filling up the DagBag from /home/airflow/.local/lib/python3.12/site-packages/airflow/example_dags/example_latest_only_with_trigger.py
[2024-08-13T04:43:46.849+0000] {processor.py:840} INFO - DAG(s) 'latest_only_with_trigger' retrieved from /home/airflow/.local/lib/python3.12/site-packages/airflow/example_dags/example_latest_only_with_trigger.py
[2024-08-13T04:43:46.910+0000] {logging_mixin.py:188} INFO - [2024-08-13T04:43:46.910+0000] {dag.py:3089} INFO - Sync 1 DAGs
[2024-08-13T04:43:46.944+0000] {logging_mixin.py:188} INFO - [2024-08-13T04:43:46.944+0000] {dag.py:3947} INFO - Setting next_dagrun for latest_only_with_trigger to 2024-08-13 00:00:00+00:00, run_after=2024-08-13 04:00:00+00:00
[2024-08-13T04:43:47.052+0000] {processor.py:183} INFO - Processing /home/airflow/.local/lib/python3.12/site-packages/airflow/example_dags/example_latest_only_with_trigger.py took 0.238 seconds
[2024-08-13T04:44:17.929+0000] {processor.py:161} INFO - Started process (PID=318) to work on /home/airflow/.local/lib/python3.12/site-packages/airflow/example_dags/example_latest_only_with_trigger.py
[2024-08-13T04:44:17.930+0000] {processor.py:830} INFO - Processing file /home/airflow/.local/lib/python3.12/site-packages/airflow/example_dags/example_latest_only_with_trigger.py for tasks to queue
[2024-08-13T04:44:17.933+0000] {logging_mixin.py:188} INFO - [2024-08-13T04:44:17.932+0000] {dagbag.py:545} INFO - Filling up the DagBag from /home/airflow/.local/lib/python3.12/site-packages/airflow/example_dags/example_latest_only_with_trigger.py
[2024-08-13T04:44:17.939+0000] {processor.py:840} INFO - DAG(s) 'latest_only_with_trigger' retrieved from /home/airflow/.local/lib/python3.12/site-packages/airflow/example_dags/example_latest_only_with_trigger.py
[2024-08-13T04:44:17.966+0000] {logging_mixin.py:188} INFO - [2024-08-13T04:44:17.966+0000] {dag.py:3089} INFO - Sync 1 DAGs
[2024-08-13T04:44:17.998+0000] {logging_mixin.py:188} INFO - [2024-08-13T04:44:17.997+0000] {dag.py:3947} INFO - Setting next_dagrun for latest_only_with_trigger to 2024-08-13 00:00:00+00:00, run_after=2024-08-13 04:00:00+00:00
[2024-08-13T04:44:18.072+0000] {processor.py:183} INFO - Processing /home/airflow/.local/lib/python3.12/site-packages/airflow/example_dags/example_latest_only_with_trigger.py took 0.150 seconds
[2024-08-13T04:44:48.969+0000] {processor.py:161} INFO - Started process (PID=374) to work on /home/airflow/.local/lib/python3.12/site-packages/airflow/example_dags/example_latest_only_with_trigger.py
[2024-08-13T04:44:48.970+0000] {processor.py:830} INFO - Processing file /home/airflow/.local/lib/python3.12/site-packages/airflow/example_dags/example_latest_only_with_trigger.py for tasks to queue
[2024-08-13T04:44:48.973+0000] {logging_mixin.py:188} INFO - [2024-08-13T04:44:48.972+0000] {dagbag.py:545} INFO - Filling up the DagBag from /home/airflow/.local/lib/python3.12/site-packages/airflow/example_dags/example_latest_only_with_trigger.py
[2024-08-13T04:44:48.982+0000] {processor.py:840} INFO - DAG(s) 'latest_only_with_trigger' retrieved from /home/airflow/.local/lib/python3.12/site-packages/airflow/example_dags/example_latest_only_with_trigger.py
[2024-08-13T04:44:49.039+0000] {logging_mixin.py:188} INFO - [2024-08-13T04:44:49.038+0000] {dag.py:3089} INFO - Sync 1 DAGs
[2024-08-13T04:44:49.126+0000] {logging_mixin.py:188} INFO - [2024-08-13T04:44:49.126+0000] {dag.py:3947} INFO - Setting next_dagrun for latest_only_with_trigger to 2024-08-13 00:00:00+00:00, run_after=2024-08-13 04:00:00+00:00
[2024-08-13T04:44:49.206+0000] {processor.py:183} INFO - Processing /home/airflow/.local/lib/python3.12/site-packages/airflow/example_dags/example_latest_only_with_trigger.py took 0.246 seconds
[2024-08-13T04:45:21.243+0000] {processor.py:161} INFO - Started process (PID=432) to work on /home/airflow/.local/lib/python3.12/site-packages/airflow/example_dags/example_latest_only_with_trigger.py
[2024-08-13T04:45:21.257+0000] {processor.py:830} INFO - Processing file /home/airflow/.local/lib/python3.12/site-packages/airflow/example_dags/example_latest_only_with_trigger.py for tasks to queue
[2024-08-13T04:45:21.263+0000] {logging_mixin.py:188} INFO - [2024-08-13T04:45:21.262+0000] {dagbag.py:545} INFO - Filling up the DagBag from /home/airflow/.local/lib/python3.12/site-packages/airflow/example_dags/example_latest_only_with_trigger.py
[2024-08-13T04:45:21.283+0000] {processor.py:840} INFO - DAG(s) 'latest_only_with_trigger' retrieved from /home/airflow/.local/lib/python3.12/site-packages/airflow/example_dags/example_latest_only_with_trigger.py
[2024-08-13T04:45:21.388+0000] {logging_mixin.py:188} INFO - [2024-08-13T04:45:21.387+0000] {dag.py:3089} INFO - Sync 1 DAGs
[2024-08-13T04:45:21.459+0000] {logging_mixin.py:188} INFO - [2024-08-13T04:45:21.459+0000] {dag.py:3947} INFO - Setting next_dagrun for latest_only_with_trigger to 2024-08-13 00:00:00+00:00, run_after=2024-08-13 04:00:00+00:00
[2024-08-13T04:45:21.640+0000] {processor.py:183} INFO - Processing /home/airflow/.local/lib/python3.12/site-packages/airflow/example_dags/example_latest_only_with_trigger.py took 0.404 seconds
[2024-08-13T04:45:52.183+0000] {processor.py:161} INFO - Started process (PID=489) to work on /home/airflow/.local/lib/python3.12/site-packages/airflow/example_dags/example_latest_only_with_trigger.py
[2024-08-13T04:45:52.184+0000] {processor.py:830} INFO - Processing file /home/airflow/.local/lib/python3.12/site-packages/airflow/example_dags/example_latest_only_with_trigger.py for tasks to queue
[2024-08-13T04:45:52.186+0000] {logging_mixin.py:188} INFO - [2024-08-13T04:45:52.185+0000] {dagbag.py:545} INFO - Filling up the DagBag from /home/airflow/.local/lib/python3.12/site-packages/airflow/example_dags/example_latest_only_with_trigger.py
[2024-08-13T04:45:52.191+0000] {processor.py:840} INFO - DAG(s) 'latest_only_with_trigger' retrieved from /home/airflow/.local/lib/python3.12/site-packages/airflow/example_dags/example_latest_only_with_trigger.py
[2024-08-13T04:45:52.213+0000] {logging_mixin.py:188} INFO - [2024-08-13T04:45:52.212+0000] {dag.py:3089} INFO - Sync 1 DAGs
[2024-08-13T04:45:52.235+0000] {logging_mixin.py:188} INFO - [2024-08-13T04:45:52.235+0000] {dag.py:3947} INFO - Setting next_dagrun for latest_only_with_trigger to 2024-08-13 00:00:00+00:00, run_after=2024-08-13 04:00:00+00:00
[2024-08-13T04:45:52.355+0000] {processor.py:183} INFO - Processing /home/airflow/.local/lib/python3.12/site-packages/airflow/example_dags/example_latest_only_with_trigger.py took 0.177 seconds
[2024-08-13T04:46:22.523+0000] {processor.py:161} INFO - Started process (PID=547) to work on /home/airflow/.local/lib/python3.12/site-packages/airflow/example_dags/example_latest_only_with_trigger.py
[2024-08-13T04:46:22.524+0000] {processor.py:830} INFO - Processing file /home/airflow/.local/lib/python3.12/site-packages/airflow/example_dags/example_latest_only_with_trigger.py for tasks to queue
[2024-08-13T04:46:22.526+0000] {logging_mixin.py:188} INFO - [2024-08-13T04:46:22.525+0000] {dagbag.py:545} INFO - Filling up the DagBag from /home/airflow/.local/lib/python3.12/site-packages/airflow/example_dags/example_latest_only_with_trigger.py
[2024-08-13T04:46:22.531+0000] {processor.py:840} INFO - DAG(s) 'latest_only_with_trigger' retrieved from /home/airflow/.local/lib/python3.12/site-packages/airflow/example_dags/example_latest_only_with_trigger.py
[2024-08-13T04:46:22.555+0000] {logging_mixin.py:188} INFO - [2024-08-13T04:46:22.555+0000] {dag.py:3089} INFO - Sync 1 DAGs
[2024-08-13T04:46:22.626+0000] {logging_mixin.py:188} INFO - [2024-08-13T04:46:22.626+0000] {dag.py:3947} INFO - Setting next_dagrun for latest_only_with_trigger to 2024-08-13 00:00:00+00:00, run_after=2024-08-13 04:00:00+00:00
[2024-08-13T04:46:22.735+0000] {processor.py:183} INFO - Processing /home/airflow/.local/lib/python3.12/site-packages/airflow/example_dags/example_latest_only_with_trigger.py took 0.219 seconds
[2024-08-13T04:46:53.081+0000] {processor.py:161} INFO - Started process (PID=605) to work on /home/airflow/.local/lib/python3.12/site-packages/airflow/example_dags/example_latest_only_with_trigger.py
[2024-08-13T04:46:53.082+0000] {processor.py:830} INFO - Processing file /home/airflow/.local/lib/python3.12/site-packages/airflow/example_dags/example_latest_only_with_trigger.py for tasks to queue
[2024-08-13T04:46:53.083+0000] {logging_mixin.py:188} INFO - [2024-08-13T04:46:53.083+0000] {dagbag.py:545} INFO - Filling up the DagBag from /home/airflow/.local/lib/python3.12/site-packages/airflow/example_dags/example_latest_only_with_trigger.py
[2024-08-13T04:46:53.088+0000] {processor.py:840} INFO - DAG(s) 'latest_only_with_trigger' retrieved from /home/airflow/.local/lib/python3.12/site-packages/airflow/example_dags/example_latest_only_with_trigger.py
[2024-08-13T04:46:53.107+0000] {logging_mixin.py:188} INFO - [2024-08-13T04:46:53.107+0000] {dag.py:3089} INFO - Sync 1 DAGs
[2024-08-13T04:46:53.128+0000] {logging_mixin.py:188} INFO - [2024-08-13T04:46:53.128+0000] {dag.py:3947} INFO - Setting next_dagrun for latest_only_with_trigger to 2024-08-13 00:00:00+00:00, run_after=2024-08-13 04:00:00+00:00
[2024-08-13T04:46:53.199+0000] {processor.py:183} INFO - Processing /home/airflow/.local/lib/python3.12/site-packages/airflow/example_dags/example_latest_only_with_trigger.py took 0.124 seconds
[2024-08-13T04:47:25.409+0000] {processor.py:161} INFO - Started process (PID=669) to work on /home/airflow/.local/lib/python3.12/site-packages/airflow/example_dags/example_latest_only_with_trigger.py
[2024-08-13T04:47:25.410+0000] {processor.py:830} INFO - Processing file /home/airflow/.local/lib/python3.12/site-packages/airflow/example_dags/example_latest_only_with_trigger.py for tasks to queue
[2024-08-13T04:47:25.411+0000] {logging_mixin.py:188} INFO - [2024-08-13T04:47:25.411+0000] {dagbag.py:545} INFO - Filling up the DagBag from /home/airflow/.local/lib/python3.12/site-packages/airflow/example_dags/example_latest_only_with_trigger.py
[2024-08-13T04:47:25.416+0000] {processor.py:840} INFO - DAG(s) 'latest_only_with_trigger' retrieved from /home/airflow/.local/lib/python3.12/site-packages/airflow/example_dags/example_latest_only_with_trigger.py
[2024-08-13T04:47:25.435+0000] {logging_mixin.py:188} INFO - [2024-08-13T04:47:25.435+0000] {dag.py:3089} INFO - Sync 1 DAGs
[2024-08-13T04:47:25.461+0000] {logging_mixin.py:188} INFO - [2024-08-13T04:47:25.461+0000] {dag.py:3947} INFO - Setting next_dagrun for latest_only_with_trigger to 2024-08-13 00:00:00+00:00, run_after=2024-08-13 04:00:00+00:00
[2024-08-13T04:47:25.603+0000] {processor.py:183} INFO - Processing /home/airflow/.local/lib/python3.12/site-packages/airflow/example_dags/example_latest_only_with_trigger.py took 0.200 seconds
[2024-08-13T04:47:56.218+0000] {processor.py:161} INFO - Started process (PID=728) to work on /home/airflow/.local/lib/python3.12/site-packages/airflow/example_dags/example_latest_only_with_trigger.py
[2024-08-13T04:47:56.219+0000] {processor.py:830} INFO - Processing file /home/airflow/.local/lib/python3.12/site-packages/airflow/example_dags/example_latest_only_with_trigger.py for tasks to queue
[2024-08-13T04:47:56.224+0000] {logging_mixin.py:188} INFO - [2024-08-13T04:47:56.221+0000] {dagbag.py:545} INFO - Filling up the DagBag from /home/airflow/.local/lib/python3.12/site-packages/airflow/example_dags/example_latest_only_with_trigger.py
[2024-08-13T04:47:56.231+0000] {processor.py:840} INFO - DAG(s) 'latest_only_with_trigger' retrieved from /home/airflow/.local/lib/python3.12/site-packages/airflow/example_dags/example_latest_only_with_trigger.py
[2024-08-13T04:47:56.262+0000] {logging_mixin.py:188} INFO - [2024-08-13T04:47:56.261+0000] {dag.py:3089} INFO - Sync 1 DAGs
[2024-08-13T04:47:56.294+0000] {logging_mixin.py:188} INFO - [2024-08-13T04:47:56.293+0000] {dag.py:3947} INFO - Setting next_dagrun for latest_only_with_trigger to 2024-08-13 00:00:00+00:00, run_after=2024-08-13 04:00:00+00:00
[2024-08-13T04:47:56.360+0000] {processor.py:183} INFO - Processing /home/airflow/.local/lib/python3.12/site-packages/airflow/example_dags/example_latest_only_with_trigger.py took 0.149 seconds
[2024-08-13T04:48:26.530+0000] {processor.py:161} INFO - Started process (PID=784) to work on /home/airflow/.local/lib/python3.12/site-packages/airflow/example_dags/example_latest_only_with_trigger.py
[2024-08-13T04:48:26.535+0000] {processor.py:830} INFO - Processing file /home/airflow/.local/lib/python3.12/site-packages/airflow/example_dags/example_latest_only_with_trigger.py for tasks to queue
[2024-08-13T04:48:26.538+0000] {logging_mixin.py:188} INFO - [2024-08-13T04:48:26.538+0000] {dagbag.py:545} INFO - Filling up the DagBag from /home/airflow/.local/lib/python3.12/site-packages/airflow/example_dags/example_latest_only_with_trigger.py
[2024-08-13T04:48:26.551+0000] {processor.py:840} INFO - DAG(s) 'latest_only_with_trigger' retrieved from /home/airflow/.local/lib/python3.12/site-packages/airflow/example_dags/example_latest_only_with_trigger.py
[2024-08-13T04:48:26.592+0000] {logging_mixin.py:188} INFO - [2024-08-13T04:48:26.591+0000] {dag.py:3089} INFO - Sync 1 DAGs
[2024-08-13T04:48:26.624+0000] {logging_mixin.py:188} INFO - [2024-08-13T04:48:26.624+0000] {dag.py:3947} INFO - Setting next_dagrun for latest_only_with_trigger to 2024-08-13 00:00:00+00:00, run_after=2024-08-13 04:00:00+00:00
[2024-08-13T04:48:26.679+0000] {processor.py:183} INFO - Processing /home/airflow/.local/lib/python3.12/site-packages/airflow/example_dags/example_latest_only_with_trigger.py took 0.158 seconds
[2024-08-13T04:48:56.932+0000] {processor.py:161} INFO - Started process (PID=842) to work on /home/airflow/.local/lib/python3.12/site-packages/airflow/example_dags/example_latest_only_with_trigger.py
[2024-08-13T04:48:56.935+0000] {processor.py:830} INFO - Processing file /home/airflow/.local/lib/python3.12/site-packages/airflow/example_dags/example_latest_only_with_trigger.py for tasks to queue
[2024-08-13T04:48:56.948+0000] {logging_mixin.py:188} INFO - [2024-08-13T04:48:56.947+0000] {dagbag.py:545} INFO - Filling up the DagBag from /home/airflow/.local/lib/python3.12/site-packages/airflow/example_dags/example_latest_only_with_trigger.py
[2024-08-13T04:48:56.955+0000] {processor.py:840} INFO - DAG(s) 'latest_only_with_trigger' retrieved from /home/airflow/.local/lib/python3.12/site-packages/airflow/example_dags/example_latest_only_with_trigger.py
[2024-08-13T04:48:56.994+0000] {logging_mixin.py:188} INFO - [2024-08-13T04:48:56.994+0000] {dag.py:3089} INFO - Sync 1 DAGs
[2024-08-13T04:48:57.082+0000] {logging_mixin.py:188} INFO - [2024-08-13T04:48:57.082+0000] {dag.py:3947} INFO - Setting next_dagrun for latest_only_with_trigger to 2024-08-13 00:00:00+00:00, run_after=2024-08-13 04:00:00+00:00
[2024-08-13T04:48:57.218+0000] {processor.py:183} INFO - Processing /home/airflow/.local/lib/python3.12/site-packages/airflow/example_dags/example_latest_only_with_trigger.py took 0.293 seconds
[2024-08-13T04:49:27.669+0000] {processor.py:161} INFO - Started process (PID=900) to work on /home/airflow/.local/lib/python3.12/site-packages/airflow/example_dags/example_latest_only_with_trigger.py
[2024-08-13T04:49:27.670+0000] {processor.py:830} INFO - Processing file /home/airflow/.local/lib/python3.12/site-packages/airflow/example_dags/example_latest_only_with_trigger.py for tasks to queue
[2024-08-13T04:49:27.673+0000] {logging_mixin.py:188} INFO - [2024-08-13T04:49:27.672+0000] {dagbag.py:545} INFO - Filling up the DagBag from /home/airflow/.local/lib/python3.12/site-packages/airflow/example_dags/example_latest_only_with_trigger.py
[2024-08-13T04:49:27.679+0000] {processor.py:840} INFO - DAG(s) 'latest_only_with_trigger' retrieved from /home/airflow/.local/lib/python3.12/site-packages/airflow/example_dags/example_latest_only_with_trigger.py
[2024-08-13T04:49:27.707+0000] {logging_mixin.py:188} INFO - [2024-08-13T04:49:27.707+0000] {dag.py:3089} INFO - Sync 1 DAGs
[2024-08-13T04:49:27.737+0000] {logging_mixin.py:188} INFO - [2024-08-13T04:49:27.736+0000] {dag.py:3947} INFO - Setting next_dagrun for latest_only_with_trigger to 2024-08-13 00:00:00+00:00, run_after=2024-08-13 04:00:00+00:00
[2024-08-13T04:49:27.829+0000] {processor.py:183} INFO - Processing /home/airflow/.local/lib/python3.12/site-packages/airflow/example_dags/example_latest_only_with_trigger.py took 0.168 seconds
[2024-08-13T04:49:58.048+0000] {processor.py:161} INFO - Started process (PID=958) to work on /home/airflow/.local/lib/python3.12/site-packages/airflow/example_dags/example_latest_only_with_trigger.py
[2024-08-13T04:49:58.049+0000] {processor.py:830} INFO - Processing file /home/airflow/.local/lib/python3.12/site-packages/airflow/example_dags/example_latest_only_with_trigger.py for tasks to queue
[2024-08-13T04:49:58.053+0000] {logging_mixin.py:188} INFO - [2024-08-13T04:49:58.052+0000] {dagbag.py:545} INFO - Filling up the DagBag from /home/airflow/.local/lib/python3.12/site-packages/airflow/example_dags/example_latest_only_with_trigger.py
[2024-08-13T04:49:58.064+0000] {processor.py:840} INFO - DAG(s) 'latest_only_with_trigger' retrieved from /home/airflow/.local/lib/python3.12/site-packages/airflow/example_dags/example_latest_only_with_trigger.py
[2024-08-13T04:49:58.091+0000] {logging_mixin.py:188} INFO - [2024-08-13T04:49:58.091+0000] {dag.py:3089} INFO - Sync 1 DAGs
[2024-08-13T04:49:58.124+0000] {logging_mixin.py:188} INFO - [2024-08-13T04:49:58.124+0000] {dag.py:3947} INFO - Setting next_dagrun for latest_only_with_trigger to 2024-08-13 00:00:00+00:00, run_after=2024-08-13 04:00:00+00:00
[2024-08-13T04:49:58.229+0000] {processor.py:183} INFO - Processing /home/airflow/.local/lib/python3.12/site-packages/airflow/example_dags/example_latest_only_with_trigger.py took 0.193 seconds
[2024-08-13T04:50:28.454+0000] {processor.py:161} INFO - Started process (PID=1016) to work on /home/airflow/.local/lib/python3.12/site-packages/airflow/example_dags/example_latest_only_with_trigger.py
[2024-08-13T04:50:28.462+0000] {processor.py:830} INFO - Processing file /home/airflow/.local/lib/python3.12/site-packages/airflow/example_dags/example_latest_only_with_trigger.py for tasks to queue
[2024-08-13T04:50:28.466+0000] {logging_mixin.py:188} INFO - [2024-08-13T04:50:28.465+0000] {dagbag.py:545} INFO - Filling up the DagBag from /home/airflow/.local/lib/python3.12/site-packages/airflow/example_dags/example_latest_only_with_trigger.py
[2024-08-13T04:50:28.479+0000] {processor.py:840} INFO - DAG(s) 'latest_only_with_trigger' retrieved from /home/airflow/.local/lib/python3.12/site-packages/airflow/example_dags/example_latest_only_with_trigger.py
[2024-08-13T04:50:28.587+0000] {logging_mixin.py:188} INFO - [2024-08-13T04:50:28.587+0000] {dag.py:3089} INFO - Sync 1 DAGs
[2024-08-13T04:50:28.634+0000] {logging_mixin.py:188} INFO - [2024-08-13T04:50:28.634+0000] {dag.py:3947} INFO - Setting next_dagrun for latest_only_with_trigger to 2024-08-13 00:00:00+00:00, run_after=2024-08-13 04:00:00+00:00
[2024-08-13T04:50:28.728+0000] {processor.py:183} INFO - Processing /home/airflow/.local/lib/python3.12/site-packages/airflow/example_dags/example_latest_only_with_trigger.py took 0.282 seconds
[2024-08-13T04:50:59.581+0000] {processor.py:161} INFO - Started process (PID=1075) to work on /home/airflow/.local/lib/python3.12/site-packages/airflow/example_dags/example_latest_only_with_trigger.py
[2024-08-13T04:50:59.583+0000] {processor.py:830} INFO - Processing file /home/airflow/.local/lib/python3.12/site-packages/airflow/example_dags/example_latest_only_with_trigger.py for tasks to queue
[2024-08-13T04:50:59.586+0000] {logging_mixin.py:188} INFO - [2024-08-13T04:50:59.586+0000] {dagbag.py:545} INFO - Filling up the DagBag from /home/airflow/.local/lib/python3.12/site-packages/airflow/example_dags/example_latest_only_with_trigger.py
[2024-08-13T04:50:59.596+0000] {processor.py:840} INFO - DAG(s) 'latest_only_with_trigger' retrieved from /home/airflow/.local/lib/python3.12/site-packages/airflow/example_dags/example_latest_only_with_trigger.py
[2024-08-13T04:50:59.620+0000] {logging_mixin.py:188} INFO - [2024-08-13T04:50:59.620+0000] {dag.py:3089} INFO - Sync 1 DAGs
[2024-08-13T04:50:59.665+0000] {logging_mixin.py:188} INFO - [2024-08-13T04:50:59.665+0000] {dag.py:3947} INFO - Setting next_dagrun for latest_only_with_trigger to 2024-08-13 00:00:00+00:00, run_after=2024-08-13 04:00:00+00:00
[2024-08-13T04:50:59.786+0000] {processor.py:183} INFO - Processing /home/airflow/.local/lib/python3.12/site-packages/airflow/example_dags/example_latest_only_with_trigger.py took 0.216 seconds
[2024-08-13T04:51:30.589+0000] {processor.py:161} INFO - Started process (PID=1133) to work on /home/airflow/.local/lib/python3.12/site-packages/airflow/example_dags/example_latest_only_with_trigger.py
[2024-08-13T04:51:30.590+0000] {processor.py:830} INFO - Processing file /home/airflow/.local/lib/python3.12/site-packages/airflow/example_dags/example_latest_only_with_trigger.py for tasks to queue
[2024-08-13T04:51:30.592+0000] {logging_mixin.py:188} INFO - [2024-08-13T04:51:30.592+0000] {dagbag.py:545} INFO - Filling up the DagBag from /home/airflow/.local/lib/python3.12/site-packages/airflow/example_dags/example_latest_only_with_trigger.py
[2024-08-13T04:51:30.598+0000] {processor.py:840} INFO - DAG(s) 'latest_only_with_trigger' retrieved from /home/airflow/.local/lib/python3.12/site-packages/airflow/example_dags/example_latest_only_with_trigger.py
[2024-08-13T04:51:30.637+0000] {logging_mixin.py:188} INFO - [2024-08-13T04:51:30.636+0000] {dag.py:3089} INFO - Sync 1 DAGs
[2024-08-13T04:51:30.671+0000] {logging_mixin.py:188} INFO - [2024-08-13T04:51:30.670+0000] {dag.py:3947} INFO - Setting next_dagrun for latest_only_with_trigger to 2024-08-13 00:00:00+00:00, run_after=2024-08-13 04:00:00+00:00
[2024-08-13T04:51:30.748+0000] {processor.py:183} INFO - Processing /home/airflow/.local/lib/python3.12/site-packages/airflow/example_dags/example_latest_only_with_trigger.py took 0.165 seconds
[2024-08-13T04:52:04.043+0000] {processor.py:161} INFO - Started process (PID=1192) to work on /home/airflow/.local/lib/python3.12/site-packages/airflow/example_dags/example_latest_only_with_trigger.py
[2024-08-13T04:52:04.044+0000] {processor.py:830} INFO - Processing file /home/airflow/.local/lib/python3.12/site-packages/airflow/example_dags/example_latest_only_with_trigger.py for tasks to queue
[2024-08-13T04:52:04.047+0000] {logging_mixin.py:188} INFO - [2024-08-13T04:52:04.047+0000] {dagbag.py:545} INFO - Filling up the DagBag from /home/airflow/.local/lib/python3.12/site-packages/airflow/example_dags/example_latest_only_with_trigger.py
[2024-08-13T04:52:04.071+0000] {processor.py:840} INFO - DAG(s) 'latest_only_with_trigger' retrieved from /home/airflow/.local/lib/python3.12/site-packages/airflow/example_dags/example_latest_only_with_trigger.py
[2024-08-13T04:52:04.158+0000] {logging_mixin.py:188} INFO - [2024-08-13T04:52:04.157+0000] {dag.py:3089} INFO - Sync 1 DAGs
[2024-08-13T04:52:04.335+0000] {logging_mixin.py:188} INFO - [2024-08-13T04:52:04.335+0000] {dag.py:3947} INFO - Setting next_dagrun for latest_only_with_trigger to 2024-08-13 00:00:00+00:00, run_after=2024-08-13 04:00:00+00:00
[2024-08-13T04:52:04.692+0000] {processor.py:183} INFO - Processing /home/airflow/.local/lib/python3.12/site-packages/airflow/example_dags/example_latest_only_with_trigger.py took 0.660 seconds
[2024-08-13T04:52:34.857+0000] {processor.py:161} INFO - Started process (PID=1250) to work on /home/airflow/.local/lib/python3.12/site-packages/airflow/example_dags/example_latest_only_with_trigger.py
[2024-08-13T04:52:34.875+0000] {processor.py:830} INFO - Processing file /home/airflow/.local/lib/python3.12/site-packages/airflow/example_dags/example_latest_only_with_trigger.py for tasks to queue
[2024-08-13T04:52:34.890+0000] {logging_mixin.py:188} INFO - [2024-08-13T04:52:34.889+0000] {dagbag.py:545} INFO - Filling up the DagBag from /home/airflow/.local/lib/python3.12/site-packages/airflow/example_dags/example_latest_only_with_trigger.py
[2024-08-13T04:52:34.898+0000] {processor.py:840} INFO - DAG(s) 'latest_only_with_trigger' retrieved from /home/airflow/.local/lib/python3.12/site-packages/airflow/example_dags/example_latest_only_with_trigger.py
[2024-08-13T04:52:34.930+0000] {logging_mixin.py:188} INFO - [2024-08-13T04:52:34.929+0000] {dag.py:3089} INFO - Sync 1 DAGs
[2024-08-13T04:52:34.950+0000] {logging_mixin.py:188} INFO - [2024-08-13T04:52:34.950+0000] {dag.py:3947} INFO - Setting next_dagrun for latest_only_with_trigger to 2024-08-13 00:00:00+00:00, run_after=2024-08-13 04:00:00+00:00
[2024-08-13T04:52:35.057+0000] {processor.py:183} INFO - Processing /home/airflow/.local/lib/python3.12/site-packages/airflow/example_dags/example_latest_only_with_trigger.py took 0.210 seconds
[2024-08-13T04:53:05.785+0000] {processor.py:161} INFO - Started process (PID=1308) to work on /home/airflow/.local/lib/python3.12/site-packages/airflow/example_dags/example_latest_only_with_trigger.py
[2024-08-13T04:53:05.786+0000] {processor.py:830} INFO - Processing file /home/airflow/.local/lib/python3.12/site-packages/airflow/example_dags/example_latest_only_with_trigger.py for tasks to queue
[2024-08-13T04:53:05.789+0000] {logging_mixin.py:188} INFO - [2024-08-13T04:53:05.789+0000] {dagbag.py:545} INFO - Filling up the DagBag from /home/airflow/.local/lib/python3.12/site-packages/airflow/example_dags/example_latest_only_with_trigger.py
[2024-08-13T04:53:05.798+0000] {processor.py:840} INFO - DAG(s) 'latest_only_with_trigger' retrieved from /home/airflow/.local/lib/python3.12/site-packages/airflow/example_dags/example_latest_only_with_trigger.py
[2024-08-13T04:53:05.832+0000] {logging_mixin.py:188} INFO - [2024-08-13T04:53:05.831+0000] {dag.py:3089} INFO - Sync 1 DAGs
[2024-08-13T04:53:05.869+0000] {logging_mixin.py:188} INFO - [2024-08-13T04:53:05.869+0000] {dag.py:3947} INFO - Setting next_dagrun for latest_only_with_trigger to 2024-08-13 00:00:00+00:00, run_after=2024-08-13 04:00:00+00:00
[2024-08-13T04:53:06.039+0000] {processor.py:183} INFO - Processing /home/airflow/.local/lib/python3.12/site-packages/airflow/example_dags/example_latest_only_with_trigger.py took 0.263 seconds
[2024-08-13T04:53:37.593+0000] {processor.py:161} INFO - Started process (PID=1367) to work on /home/airflow/.local/lib/python3.12/site-packages/airflow/example_dags/example_latest_only_with_trigger.py
[2024-08-13T04:53:37.615+0000] {processor.py:830} INFO - Processing file /home/airflow/.local/lib/python3.12/site-packages/airflow/example_dags/example_latest_only_with_trigger.py for tasks to queue
[2024-08-13T04:53:37.621+0000] {logging_mixin.py:188} INFO - [2024-08-13T04:53:37.620+0000] {dagbag.py:545} INFO - Filling up the DagBag from /home/airflow/.local/lib/python3.12/site-packages/airflow/example_dags/example_latest_only_with_trigger.py
[2024-08-13T04:53:37.651+0000] {processor.py:840} INFO - DAG(s) 'latest_only_with_trigger' retrieved from /home/airflow/.local/lib/python3.12/site-packages/airflow/example_dags/example_latest_only_with_trigger.py
[2024-08-13T04:53:37.716+0000] {logging_mixin.py:188} INFO - [2024-08-13T04:53:37.715+0000] {dag.py:3089} INFO - Sync 1 DAGs
[2024-08-13T04:53:37.805+0000] {logging_mixin.py:188} INFO - [2024-08-13T04:53:37.804+0000] {dag.py:3947} INFO - Setting next_dagrun for latest_only_with_trigger to 2024-08-13 00:00:00+00:00, run_after=2024-08-13 04:00:00+00:00
[2024-08-13T04:53:38.247+0000] {processor.py:183} INFO - Processing /home/airflow/.local/lib/python3.12/site-packages/airflow/example_dags/example_latest_only_with_trigger.py took 0.662 seconds
[2024-08-13T04:54:08.565+0000] {processor.py:161} INFO - Started process (PID=1425) to work on /home/airflow/.local/lib/python3.12/site-packages/airflow/example_dags/example_latest_only_with_trigger.py
[2024-08-13T04:54:08.566+0000] {processor.py:830} INFO - Processing file /home/airflow/.local/lib/python3.12/site-packages/airflow/example_dags/example_latest_only_with_trigger.py for tasks to queue
[2024-08-13T04:54:08.568+0000] {logging_mixin.py:188} INFO - [2024-08-13T04:54:08.568+0000] {dagbag.py:545} INFO - Filling up the DagBag from /home/airflow/.local/lib/python3.12/site-packages/airflow/example_dags/example_latest_only_with_trigger.py
[2024-08-13T04:54:08.575+0000] {processor.py:840} INFO - DAG(s) 'latest_only_with_trigger' retrieved from /home/airflow/.local/lib/python3.12/site-packages/airflow/example_dags/example_latest_only_with_trigger.py
[2024-08-13T04:54:08.607+0000] {logging_mixin.py:188} INFO - [2024-08-13T04:54:08.606+0000] {dag.py:3089} INFO - Sync 1 DAGs
[2024-08-13T04:54:08.648+0000] {logging_mixin.py:188} INFO - [2024-08-13T04:54:08.647+0000] {dag.py:3947} INFO - Setting next_dagrun for latest_only_with_trigger to 2024-08-13 00:00:00+00:00, run_after=2024-08-13 04:00:00+00:00
[2024-08-13T04:54:08.707+0000] {processor.py:183} INFO - Processing /home/airflow/.local/lib/python3.12/site-packages/airflow/example_dags/example_latest_only_with_trigger.py took 0.149 seconds
[2024-08-13T04:54:38.965+0000] {processor.py:161} INFO - Started process (PID=1483) to work on /home/airflow/.local/lib/python3.12/site-packages/airflow/example_dags/example_latest_only_with_trigger.py
[2024-08-13T04:54:38.967+0000] {processor.py:830} INFO - Processing file /home/airflow/.local/lib/python3.12/site-packages/airflow/example_dags/example_latest_only_with_trigger.py for tasks to queue
[2024-08-13T04:54:38.969+0000] {logging_mixin.py:188} INFO - [2024-08-13T04:54:38.969+0000] {dagbag.py:545} INFO - Filling up the DagBag from /home/airflow/.local/lib/python3.12/site-packages/airflow/example_dags/example_latest_only_with_trigger.py
[2024-08-13T04:54:38.976+0000] {processor.py:840} INFO - DAG(s) 'latest_only_with_trigger' retrieved from /home/airflow/.local/lib/python3.12/site-packages/airflow/example_dags/example_latest_only_with_trigger.py
[2024-08-13T04:54:39.006+0000] {logging_mixin.py:188} INFO - [2024-08-13T04:54:39.005+0000] {dag.py:3089} INFO - Sync 1 DAGs
[2024-08-13T04:54:39.039+0000] {logging_mixin.py:188} INFO - [2024-08-13T04:54:39.039+0000] {dag.py:3947} INFO - Setting next_dagrun for latest_only_with_trigger to 2024-08-13 00:00:00+00:00, run_after=2024-08-13 04:00:00+00:00
[2024-08-13T04:54:39.118+0000] {processor.py:183} INFO - Processing /home/airflow/.local/lib/python3.12/site-packages/airflow/example_dags/example_latest_only_with_trigger.py took 0.159 seconds
[2024-08-13T04:55:09.775+0000] {processor.py:161} INFO - Started process (PID=1541) to work on /home/airflow/.local/lib/python3.12/site-packages/airflow/example_dags/example_latest_only_with_trigger.py
[2024-08-13T04:55:09.776+0000] {processor.py:830} INFO - Processing file /home/airflow/.local/lib/python3.12/site-packages/airflow/example_dags/example_latest_only_with_trigger.py for tasks to queue
[2024-08-13T04:55:09.778+0000] {logging_mixin.py:188} INFO - [2024-08-13T04:55:09.777+0000] {dagbag.py:545} INFO - Filling up the DagBag from /home/airflow/.local/lib/python3.12/site-packages/airflow/example_dags/example_latest_only_with_trigger.py
[2024-08-13T04:55:09.784+0000] {processor.py:840} INFO - DAG(s) 'latest_only_with_trigger' retrieved from /home/airflow/.local/lib/python3.12/site-packages/airflow/example_dags/example_latest_only_with_trigger.py
[2024-08-13T04:55:09.810+0000] {logging_mixin.py:188} INFO - [2024-08-13T04:55:09.810+0000] {dag.py:3089} INFO - Sync 1 DAGs
[2024-08-13T04:55:09.840+0000] {logging_mixin.py:188} INFO - [2024-08-13T04:55:09.840+0000] {dag.py:3947} INFO - Setting next_dagrun for latest_only_with_trigger to 2024-08-13 00:00:00+00:00, run_after=2024-08-13 04:00:00+00:00
[2024-08-13T04:55:09.929+0000] {processor.py:183} INFO - Processing /home/airflow/.local/lib/python3.12/site-packages/airflow/example_dags/example_latest_only_with_trigger.py took 0.164 seconds
[2024-08-13T04:55:40.986+0000] {processor.py:161} INFO - Started process (PID=1599) to work on /home/airflow/.local/lib/python3.12/site-packages/airflow/example_dags/example_latest_only_with_trigger.py
[2024-08-13T04:55:40.987+0000] {processor.py:830} INFO - Processing file /home/airflow/.local/lib/python3.12/site-packages/airflow/example_dags/example_latest_only_with_trigger.py for tasks to queue
[2024-08-13T04:55:40.989+0000] {logging_mixin.py:188} INFO - [2024-08-13T04:55:40.989+0000] {dagbag.py:545} INFO - Filling up the DagBag from /home/airflow/.local/lib/python3.12/site-packages/airflow/example_dags/example_latest_only_with_trigger.py
[2024-08-13T04:55:40.994+0000] {processor.py:840} INFO - DAG(s) 'latest_only_with_trigger' retrieved from /home/airflow/.local/lib/python3.12/site-packages/airflow/example_dags/example_latest_only_with_trigger.py
[2024-08-13T04:55:41.019+0000] {logging_mixin.py:188} INFO - [2024-08-13T04:55:41.019+0000] {dag.py:3089} INFO - Sync 1 DAGs
[2024-08-13T04:55:41.047+0000] {logging_mixin.py:188} INFO - [2024-08-13T04:55:41.046+0000] {dag.py:3947} INFO - Setting next_dagrun for latest_only_with_trigger to 2024-08-13 00:00:00+00:00, run_after=2024-08-13 04:00:00+00:00
[2024-08-13T04:55:41.657+0000] {processor.py:183} INFO - Processing /home/airflow/.local/lib/python3.12/site-packages/airflow/example_dags/example_latest_only_with_trigger.py took 0.679 seconds
[2024-08-13T04:56:12.071+0000] {processor.py:161} INFO - Started process (PID=1657) to work on /home/airflow/.local/lib/python3.12/site-packages/airflow/example_dags/example_latest_only_with_trigger.py
[2024-08-13T04:56:12.078+0000] {processor.py:830} INFO - Processing file /home/airflow/.local/lib/python3.12/site-packages/airflow/example_dags/example_latest_only_with_trigger.py for tasks to queue
[2024-08-13T04:56:12.081+0000] {logging_mixin.py:188} INFO - [2024-08-13T04:56:12.080+0000] {dagbag.py:545} INFO - Filling up the DagBag from /home/airflow/.local/lib/python3.12/site-packages/airflow/example_dags/example_latest_only_with_trigger.py
[2024-08-13T04:56:12.087+0000] {processor.py:840} INFO - DAG(s) 'latest_only_with_trigger' retrieved from /home/airflow/.local/lib/python3.12/site-packages/airflow/example_dags/example_latest_only_with_trigger.py
[2024-08-13T04:56:12.143+0000] {logging_mixin.py:188} INFO - [2024-08-13T04:56:12.142+0000] {dag.py:3089} INFO - Sync 1 DAGs
[2024-08-13T04:56:12.233+0000] {logging_mixin.py:188} INFO - [2024-08-13T04:56:12.230+0000] {dag.py:3947} INFO - Setting next_dagrun for latest_only_with_trigger to 2024-08-13 00:00:00+00:00, run_after=2024-08-13 04:00:00+00:00
[2024-08-13T04:56:12.322+0000] {processor.py:183} INFO - Processing /home/airflow/.local/lib/python3.12/site-packages/airflow/example_dags/example_latest_only_with_trigger.py took 0.258 seconds
[2024-08-13T04:56:42.464+0000] {processor.py:161} INFO - Started process (PID=1714) to work on /home/airflow/.local/lib/python3.12/site-packages/airflow/example_dags/example_latest_only_with_trigger.py
[2024-08-13T04:56:42.465+0000] {processor.py:830} INFO - Processing file /home/airflow/.local/lib/python3.12/site-packages/airflow/example_dags/example_latest_only_with_trigger.py for tasks to queue
[2024-08-13T04:56:42.467+0000] {logging_mixin.py:188} INFO - [2024-08-13T04:56:42.466+0000] {dagbag.py:545} INFO - Filling up the DagBag from /home/airflow/.local/lib/python3.12/site-packages/airflow/example_dags/example_latest_only_with_trigger.py
[2024-08-13T04:56:42.473+0000] {processor.py:840} INFO - DAG(s) 'latest_only_with_trigger' retrieved from /home/airflow/.local/lib/python3.12/site-packages/airflow/example_dags/example_latest_only_with_trigger.py
[2024-08-13T04:56:42.506+0000] {logging_mixin.py:188} INFO - [2024-08-13T04:56:42.505+0000] {dag.py:3089} INFO - Sync 1 DAGs
[2024-08-13T04:56:42.528+0000] {logging_mixin.py:188} INFO - [2024-08-13T04:56:42.528+0000] {dag.py:3947} INFO - Setting next_dagrun for latest_only_with_trigger to 2024-08-13 00:00:00+00:00, run_after=2024-08-13 04:00:00+00:00
[2024-08-13T04:56:43.236+0000] {processor.py:183} INFO - Processing /home/airflow/.local/lib/python3.12/site-packages/airflow/example_dags/example_latest_only_with_trigger.py took 0.782 seconds
[2024-08-13T04:57:13.331+0000] {processor.py:161} INFO - Started process (PID=1772) to work on /home/airflow/.local/lib/python3.12/site-packages/airflow/example_dags/example_latest_only_with_trigger.py
[2024-08-13T04:57:13.332+0000] {processor.py:830} INFO - Processing file /home/airflow/.local/lib/python3.12/site-packages/airflow/example_dags/example_latest_only_with_trigger.py for tasks to queue
[2024-08-13T04:57:13.335+0000] {logging_mixin.py:188} INFO - [2024-08-13T04:57:13.334+0000] {dagbag.py:545} INFO - Filling up the DagBag from /home/airflow/.local/lib/python3.12/site-packages/airflow/example_dags/example_latest_only_with_trigger.py
[2024-08-13T04:57:13.342+0000] {processor.py:840} INFO - DAG(s) 'latest_only_with_trigger' retrieved from /home/airflow/.local/lib/python3.12/site-packages/airflow/example_dags/example_latest_only_with_trigger.py
[2024-08-13T04:57:13.370+0000] {logging_mixin.py:188} INFO - [2024-08-13T04:57:13.370+0000] {dag.py:3089} INFO - Sync 1 DAGs
[2024-08-13T04:57:13.403+0000] {logging_mixin.py:188} INFO - [2024-08-13T04:57:13.403+0000] {dag.py:3947} INFO - Setting next_dagrun for latest_only_with_trigger to 2024-08-13 00:00:00+00:00, run_after=2024-08-13 04:00:00+00:00
[2024-08-13T04:57:13.479+0000] {processor.py:183} INFO - Processing /home/airflow/.local/lib/python3.12/site-packages/airflow/example_dags/example_latest_only_with_trigger.py took 0.155 seconds
[2024-08-13T04:57:43.996+0000] {processor.py:161} INFO - Started process (PID=1830) to work on /home/airflow/.local/lib/python3.12/site-packages/airflow/example_dags/example_latest_only_with_trigger.py
[2024-08-13T04:57:44.003+0000] {processor.py:830} INFO - Processing file /home/airflow/.local/lib/python3.12/site-packages/airflow/example_dags/example_latest_only_with_trigger.py for tasks to queue
[2024-08-13T04:57:44.016+0000] {logging_mixin.py:188} INFO - [2024-08-13T04:57:44.009+0000] {dagbag.py:545} INFO - Filling up the DagBag from /home/airflow/.local/lib/python3.12/site-packages/airflow/example_dags/example_latest_only_with_trigger.py
[2024-08-13T04:57:44.254+0000] {processor.py:840} INFO - DAG(s) 'latest_only_with_trigger' retrieved from /home/airflow/.local/lib/python3.12/site-packages/airflow/example_dags/example_latest_only_with_trigger.py
[2024-08-13T04:57:44.284+0000] {logging_mixin.py:188} INFO - [2024-08-13T04:57:44.283+0000] {dag.py:3089} INFO - Sync 1 DAGs
[2024-08-13T04:57:44.313+0000] {logging_mixin.py:188} INFO - [2024-08-13T04:57:44.313+0000] {dag.py:3947} INFO - Setting next_dagrun for latest_only_with_trigger to 2024-08-13 00:00:00+00:00, run_after=2024-08-13 04:00:00+00:00
[2024-08-13T04:57:44.402+0000] {processor.py:183} INFO - Processing /home/airflow/.local/lib/python3.12/site-packages/airflow/example_dags/example_latest_only_with_trigger.py took 0.423 seconds
[2024-08-13T04:58:14.530+0000] {processor.py:161} INFO - Started process (PID=1888) to work on /home/airflow/.local/lib/python3.12/site-packages/airflow/example_dags/example_latest_only_with_trigger.py
[2024-08-13T04:58:14.531+0000] {processor.py:830} INFO - Processing file /home/airflow/.local/lib/python3.12/site-packages/airflow/example_dags/example_latest_only_with_trigger.py for tasks to queue
[2024-08-13T04:58:14.533+0000] {logging_mixin.py:188} INFO - [2024-08-13T04:58:14.533+0000] {dagbag.py:545} INFO - Filling up the DagBag from /home/airflow/.local/lib/python3.12/site-packages/airflow/example_dags/example_latest_only_with_trigger.py
[2024-08-13T04:58:14.539+0000] {processor.py:840} INFO - DAG(s) 'latest_only_with_trigger' retrieved from /home/airflow/.local/lib/python3.12/site-packages/airflow/example_dags/example_latest_only_with_trigger.py
[2024-08-13T04:58:14.558+0000] {logging_mixin.py:188} INFO - [2024-08-13T04:58:14.558+0000] {dag.py:3089} INFO - Sync 1 DAGs
[2024-08-13T04:58:14.585+0000] {logging_mixin.py:188} INFO - [2024-08-13T04:58:14.585+0000] {dag.py:3947} INFO - Setting next_dagrun for latest_only_with_trigger to 2024-08-13 00:00:00+00:00, run_after=2024-08-13 04:00:00+00:00
[2024-08-13T04:58:14.641+0000] {processor.py:183} INFO - Processing /home/airflow/.local/lib/python3.12/site-packages/airflow/example_dags/example_latest_only_with_trigger.py took 0.117 seconds
[2024-08-13T04:58:45.341+0000] {processor.py:161} INFO - Started process (PID=1946) to work on /home/airflow/.local/lib/python3.12/site-packages/airflow/example_dags/example_latest_only_with_trigger.py
[2024-08-13T04:58:45.343+0000] {processor.py:830} INFO - Processing file /home/airflow/.local/lib/python3.12/site-packages/airflow/example_dags/example_latest_only_with_trigger.py for tasks to queue
[2024-08-13T04:58:45.345+0000] {logging_mixin.py:188} INFO - [2024-08-13T04:58:45.345+0000] {dagbag.py:545} INFO - Filling up the DagBag from /home/airflow/.local/lib/python3.12/site-packages/airflow/example_dags/example_latest_only_with_trigger.py
[2024-08-13T04:58:45.359+0000] {processor.py:840} INFO - DAG(s) 'latest_only_with_trigger' retrieved from /home/airflow/.local/lib/python3.12/site-packages/airflow/example_dags/example_latest_only_with_trigger.py
[2024-08-13T04:58:45.387+0000] {logging_mixin.py:188} INFO - [2024-08-13T04:58:45.386+0000] {dag.py:3089} INFO - Sync 1 DAGs
[2024-08-13T04:58:45.418+0000] {logging_mixin.py:188} INFO - [2024-08-13T04:58:45.417+0000] {dag.py:3947} INFO - Setting next_dagrun for latest_only_with_trigger to 2024-08-13 00:00:00+00:00, run_after=2024-08-13 04:00:00+00:00
[2024-08-13T04:58:45.807+0000] {processor.py:183} INFO - Processing /home/airflow/.local/lib/python3.12/site-packages/airflow/example_dags/example_latest_only_with_trigger.py took 0.473 seconds
[2024-08-13T04:59:16.248+0000] {processor.py:161} INFO - Started process (PID=2003) to work on /home/airflow/.local/lib/python3.12/site-packages/airflow/example_dags/example_latest_only_with_trigger.py
[2024-08-13T04:59:16.248+0000] {processor.py:830} INFO - Processing file /home/airflow/.local/lib/python3.12/site-packages/airflow/example_dags/example_latest_only_with_trigger.py for tasks to queue
[2024-08-13T04:59:16.250+0000] {logging_mixin.py:188} INFO - [2024-08-13T04:59:16.250+0000] {dagbag.py:545} INFO - Filling up the DagBag from /home/airflow/.local/lib/python3.12/site-packages/airflow/example_dags/example_latest_only_with_trigger.py
[2024-08-13T04:59:16.255+0000] {processor.py:840} INFO - DAG(s) 'latest_only_with_trigger' retrieved from /home/airflow/.local/lib/python3.12/site-packages/airflow/example_dags/example_latest_only_with_trigger.py
[2024-08-13T04:59:16.287+0000] {logging_mixin.py:188} INFO - [2024-08-13T04:59:16.287+0000] {dag.py:3089} INFO - Sync 1 DAGs
[2024-08-13T04:59:16.314+0000] {logging_mixin.py:188} INFO - [2024-08-13T04:59:16.314+0000] {dag.py:3947} INFO - Setting next_dagrun for latest_only_with_trigger to 2024-08-13 00:00:00+00:00, run_after=2024-08-13 04:00:00+00:00
[2024-08-13T04:59:16.373+0000] {processor.py:183} INFO - Processing /home/airflow/.local/lib/python3.12/site-packages/airflow/example_dags/example_latest_only_with_trigger.py took 0.132 seconds
[2024-08-13T04:59:47.114+0000] {processor.py:161} INFO - Started process (PID=2062) to work on /home/airflow/.local/lib/python3.12/site-packages/airflow/example_dags/example_latest_only_with_trigger.py
[2024-08-13T04:59:47.114+0000] {processor.py:830} INFO - Processing file /home/airflow/.local/lib/python3.12/site-packages/airflow/example_dags/example_latest_only_with_trigger.py for tasks to queue
[2024-08-13T04:59:47.116+0000] {logging_mixin.py:188} INFO - [2024-08-13T04:59:47.116+0000] {dagbag.py:545} INFO - Filling up the DagBag from /home/airflow/.local/lib/python3.12/site-packages/airflow/example_dags/example_latest_only_with_trigger.py
[2024-08-13T04:59:47.121+0000] {processor.py:840} INFO - DAG(s) 'latest_only_with_trigger' retrieved from /home/airflow/.local/lib/python3.12/site-packages/airflow/example_dags/example_latest_only_with_trigger.py
[2024-08-13T04:59:47.140+0000] {logging_mixin.py:188} INFO - [2024-08-13T04:59:47.140+0000] {dag.py:3089} INFO - Sync 1 DAGs
[2024-08-13T04:59:47.161+0000] {logging_mixin.py:188} INFO - [2024-08-13T04:59:47.161+0000] {dag.py:3947} INFO - Setting next_dagrun for latest_only_with_trigger to 2024-08-13 00:00:00+00:00, run_after=2024-08-13 04:00:00+00:00
[2024-08-13T04:59:47.259+0000] {processor.py:183} INFO - Processing /home/airflow/.local/lib/python3.12/site-packages/airflow/example_dags/example_latest_only_with_trigger.py took 0.151 seconds
[2024-08-13T05:00:17.394+0000] {processor.py:161} INFO - Started process (PID=2119) to work on /home/airflow/.local/lib/python3.12/site-packages/airflow/example_dags/example_latest_only_with_trigger.py
[2024-08-13T05:00:17.396+0000] {processor.py:830} INFO - Processing file /home/airflow/.local/lib/python3.12/site-packages/airflow/example_dags/example_latest_only_with_trigger.py for tasks to queue
[2024-08-13T05:00:17.400+0000] {logging_mixin.py:188} INFO - [2024-08-13T05:00:17.400+0000] {dagbag.py:545} INFO - Filling up the DagBag from /home/airflow/.local/lib/python3.12/site-packages/airflow/example_dags/example_latest_only_with_trigger.py
[2024-08-13T05:00:17.415+0000] {processor.py:840} INFO - DAG(s) 'latest_only_with_trigger' retrieved from /home/airflow/.local/lib/python3.12/site-packages/airflow/example_dags/example_latest_only_with_trigger.py
[2024-08-13T05:00:17.466+0000] {logging_mixin.py:188} INFO - [2024-08-13T05:00:17.466+0000] {dag.py:3089} INFO - Sync 1 DAGs
[2024-08-13T05:00:17.527+0000] {logging_mixin.py:188} INFO - [2024-08-13T05:00:17.527+0000] {dag.py:3947} INFO - Setting next_dagrun for latest_only_with_trigger to 2024-08-13 00:00:00+00:00, run_after=2024-08-13 04:00:00+00:00
[2024-08-13T05:00:17.582+0000] {processor.py:183} INFO - Processing /home/airflow/.local/lib/python3.12/site-packages/airflow/example_dags/example_latest_only_with_trigger.py took 0.198 seconds
[2024-08-13T05:00:47.928+0000] {processor.py:161} INFO - Started process (PID=2177) to work on /home/airflow/.local/lib/python3.12/site-packages/airflow/example_dags/example_latest_only_with_trigger.py
[2024-08-13T05:00:47.933+0000] {processor.py:830} INFO - Processing file /home/airflow/.local/lib/python3.12/site-packages/airflow/example_dags/example_latest_only_with_trigger.py for tasks to queue
[2024-08-13T05:00:47.937+0000] {logging_mixin.py:188} INFO - [2024-08-13T05:00:47.936+0000] {dagbag.py:545} INFO - Filling up the DagBag from /home/airflow/.local/lib/python3.12/site-packages/airflow/example_dags/example_latest_only_with_trigger.py
[2024-08-13T05:00:47.943+0000] {processor.py:840} INFO - DAG(s) 'latest_only_with_trigger' retrieved from /home/airflow/.local/lib/python3.12/site-packages/airflow/example_dags/example_latest_only_with_trigger.py
[2024-08-13T05:00:47.974+0000] {logging_mixin.py:188} INFO - [2024-08-13T05:00:47.973+0000] {dag.py:3089} INFO - Sync 1 DAGs
[2024-08-13T05:00:48.004+0000] {logging_mixin.py:188} INFO - [2024-08-13T05:00:48.004+0000] {dag.py:3947} INFO - Setting next_dagrun for latest_only_with_trigger to 2024-08-13 00:00:00+00:00, run_after=2024-08-13 04:00:00+00:00
[2024-08-13T05:00:48.070+0000] {processor.py:183} INFO - Processing /home/airflow/.local/lib/python3.12/site-packages/airflow/example_dags/example_latest_only_with_trigger.py took 0.149 seconds
[2024-08-13T05:01:18.333+0000] {processor.py:161} INFO - Started process (PID=2235) to work on /home/airflow/.local/lib/python3.12/site-packages/airflow/example_dags/example_latest_only_with_trigger.py
[2024-08-13T05:01:18.334+0000] {processor.py:830} INFO - Processing file /home/airflow/.local/lib/python3.12/site-packages/airflow/example_dags/example_latest_only_with_trigger.py for tasks to queue
[2024-08-13T05:01:18.337+0000] {logging_mixin.py:188} INFO - [2024-08-13T05:01:18.336+0000] {dagbag.py:545} INFO - Filling up the DagBag from /home/airflow/.local/lib/python3.12/site-packages/airflow/example_dags/example_latest_only_with_trigger.py
[2024-08-13T05:01:18.343+0000] {processor.py:840} INFO - DAG(s) 'latest_only_with_trigger' retrieved from /home/airflow/.local/lib/python3.12/site-packages/airflow/example_dags/example_latest_only_with_trigger.py
[2024-08-13T05:01:18.369+0000] {logging_mixin.py:188} INFO - [2024-08-13T05:01:18.368+0000] {dag.py:3089} INFO - Sync 1 DAGs
[2024-08-13T05:01:18.399+0000] {logging_mixin.py:188} INFO - [2024-08-13T05:01:18.399+0000] {dag.py:3947} INFO - Setting next_dagrun for latest_only_with_trigger to 2024-08-13 00:00:00+00:00, run_after=2024-08-13 04:00:00+00:00
[2024-08-13T05:01:18.462+0000] {processor.py:183} INFO - Processing /home/airflow/.local/lib/python3.12/site-packages/airflow/example_dags/example_latest_only_with_trigger.py took 0.136 seconds
[2024-08-13T05:01:49.047+0000] {processor.py:161} INFO - Started process (PID=2294) to work on /home/airflow/.local/lib/python3.12/site-packages/airflow/example_dags/example_latest_only_with_trigger.py
[2024-08-13T05:01:49.047+0000] {processor.py:830} INFO - Processing file /home/airflow/.local/lib/python3.12/site-packages/airflow/example_dags/example_latest_only_with_trigger.py for tasks to queue
[2024-08-13T05:01:49.050+0000] {logging_mixin.py:188} INFO - [2024-08-13T05:01:49.049+0000] {dagbag.py:545} INFO - Filling up the DagBag from /home/airflow/.local/lib/python3.12/site-packages/airflow/example_dags/example_latest_only_with_trigger.py
[2024-08-13T05:01:49.057+0000] {processor.py:840} INFO - DAG(s) 'latest_only_with_trigger' retrieved from /home/airflow/.local/lib/python3.12/site-packages/airflow/example_dags/example_latest_only_with_trigger.py
[2024-08-13T05:01:49.083+0000] {logging_mixin.py:188} INFO - [2024-08-13T05:01:49.082+0000] {dag.py:3089} INFO - Sync 1 DAGs
[2024-08-13T05:01:49.113+0000] {logging_mixin.py:188} INFO - [2024-08-13T05:01:49.112+0000] {dag.py:3947} INFO - Setting next_dagrun for latest_only_with_trigger to 2024-08-13 00:00:00+00:00, run_after=2024-08-13 04:00:00+00:00
[2024-08-13T05:01:49.176+0000] {processor.py:183} INFO - Processing /home/airflow/.local/lib/python3.12/site-packages/airflow/example_dags/example_latest_only_with_trigger.py took 0.138 seconds
[2024-08-13T05:02:20.019+0000] {processor.py:161} INFO - Started process (PID=2353) to work on /home/airflow/.local/lib/python3.12/site-packages/airflow/example_dags/example_latest_only_with_trigger.py
[2024-08-13T05:02:20.020+0000] {processor.py:830} INFO - Processing file /home/airflow/.local/lib/python3.12/site-packages/airflow/example_dags/example_latest_only_with_trigger.py for tasks to queue
[2024-08-13T05:02:20.023+0000] {logging_mixin.py:188} INFO - [2024-08-13T05:02:20.022+0000] {dagbag.py:545} INFO - Filling up the DagBag from /home/airflow/.local/lib/python3.12/site-packages/airflow/example_dags/example_latest_only_with_trigger.py
[2024-08-13T05:02:20.029+0000] {processor.py:840} INFO - DAG(s) 'latest_only_with_trigger' retrieved from /home/airflow/.local/lib/python3.12/site-packages/airflow/example_dags/example_latest_only_with_trigger.py
[2024-08-13T05:02:20.057+0000] {logging_mixin.py:188} INFO - [2024-08-13T05:02:20.057+0000] {dag.py:3089} INFO - Sync 1 DAGs
[2024-08-13T05:02:20.088+0000] {logging_mixin.py:188} INFO - [2024-08-13T05:02:20.087+0000] {dag.py:3947} INFO - Setting next_dagrun for latest_only_with_trigger to 2024-08-13 00:00:00+00:00, run_after=2024-08-13 04:00:00+00:00
[2024-08-13T05:02:20.155+0000] {processor.py:183} INFO - Processing /home/airflow/.local/lib/python3.12/site-packages/airflow/example_dags/example_latest_only_with_trigger.py took 0.143 seconds
[2024-08-13T05:02:50.791+0000] {processor.py:161} INFO - Started process (PID=2412) to work on /home/airflow/.local/lib/python3.12/site-packages/airflow/example_dags/example_latest_only_with_trigger.py
[2024-08-13T05:02:50.792+0000] {processor.py:830} INFO - Processing file /home/airflow/.local/lib/python3.12/site-packages/airflow/example_dags/example_latest_only_with_trigger.py for tasks to queue
[2024-08-13T05:02:50.794+0000] {logging_mixin.py:188} INFO - [2024-08-13T05:02:50.794+0000] {dagbag.py:545} INFO - Filling up the DagBag from /home/airflow/.local/lib/python3.12/site-packages/airflow/example_dags/example_latest_only_with_trigger.py
[2024-08-13T05:02:50.801+0000] {processor.py:840} INFO - DAG(s) 'latest_only_with_trigger' retrieved from /home/airflow/.local/lib/python3.12/site-packages/airflow/example_dags/example_latest_only_with_trigger.py
[2024-08-13T05:02:50.839+0000] {logging_mixin.py:188} INFO - [2024-08-13T05:02:50.839+0000] {dag.py:3089} INFO - Sync 1 DAGs
[2024-08-13T05:02:50.870+0000] {logging_mixin.py:188} INFO - [2024-08-13T05:02:50.869+0000] {dag.py:3947} INFO - Setting next_dagrun for latest_only_with_trigger to 2024-08-13 00:00:00+00:00, run_after=2024-08-13 04:00:00+00:00
[2024-08-13T05:02:50.979+0000] {processor.py:183} INFO - Processing /home/airflow/.local/lib/python3.12/site-packages/airflow/example_dags/example_latest_only_with_trigger.py took 0.195 seconds
[2024-08-13T05:03:21.638+0000] {processor.py:161} INFO - Started process (PID=2470) to work on /home/airflow/.local/lib/python3.12/site-packages/airflow/example_dags/example_latest_only_with_trigger.py
[2024-08-13T05:03:21.639+0000] {processor.py:830} INFO - Processing file /home/airflow/.local/lib/python3.12/site-packages/airflow/example_dags/example_latest_only_with_trigger.py for tasks to queue
[2024-08-13T05:03:21.641+0000] {logging_mixin.py:188} INFO - [2024-08-13T05:03:21.641+0000] {dagbag.py:545} INFO - Filling up the DagBag from /home/airflow/.local/lib/python3.12/site-packages/airflow/example_dags/example_latest_only_with_trigger.py
[2024-08-13T05:03:21.651+0000] {processor.py:840} INFO - DAG(s) 'latest_only_with_trigger' retrieved from /home/airflow/.local/lib/python3.12/site-packages/airflow/example_dags/example_latest_only_with_trigger.py
[2024-08-13T05:03:21.679+0000] {logging_mixin.py:188} INFO - [2024-08-13T05:03:21.678+0000] {dag.py:3089} INFO - Sync 1 DAGs
[2024-08-13T05:03:21.719+0000] {logging_mixin.py:188} INFO - [2024-08-13T05:03:21.719+0000] {dag.py:3947} INFO - Setting next_dagrun for latest_only_with_trigger to 2024-08-13 00:00:00+00:00, run_after=2024-08-13 04:00:00+00:00
[2024-08-13T05:03:22.300+0000] {processor.py:183} INFO - Processing /home/airflow/.local/lib/python3.12/site-packages/airflow/example_dags/example_latest_only_with_trigger.py took 0.676 seconds
