[2024-08-13T04:41:46.945+0000] {processor.py:161} INFO - Started process (PID=73) to work on /home/airflow/.local/lib/python3.12/site-packages/airflow/example_dags/example_branch_datetime_operator.py
[2024-08-13T04:41:46.947+0000] {processor.py:830} INFO - Processing file /home/airflow/.local/lib/python3.12/site-packages/airflow/example_dags/example_branch_datetime_operator.py for tasks to queue
[2024-08-13T04:41:46.977+0000] {logging_mixin.py:188} INFO - [2024-08-13T04:41:46.949+0000] {dagbag.py:545} INFO - Filling up the DagBag from /home/airflow/.local/lib/python3.12/site-packages/airflow/example_dags/example_branch_datetime_operator.py
[2024-08-13T04:41:47.072+0000] {processor.py:840} INFO - DAG(s) 'example_branch_datetime_operator_2', 'example_branch_datetime_operator', 'example_branch_datetime_operator_3' retrieved from /home/airflow/.local/lib/python3.12/site-packages/airflow/example_dags/example_branch_datetime_operator.py
[2024-08-13T04:41:51.584+0000] {logging_mixin.py:188} INFO - [2024-08-13T04:41:51.584+0000] {dag.py:3089} INFO - Sync 3 DAGs
[2024-08-13T04:41:52.001+0000] {logging_mixin.py:188} INFO - [2024-08-13T04:41:52.001+0000] {dag.py:3947} INFO - Setting next_dagrun for example_branch_datetime_operator to 2024-08-12 00:00:00+00:00, run_after=2024-08-13 00:00:00+00:00
[2024-08-13T04:41:52.052+0000] {logging_mixin.py:188} INFO - [2024-08-13T04:41:52.051+0000] {dag.py:3947} INFO - Setting next_dagrun for example_branch_datetime_operator_2 to 2024-08-12 00:00:00+00:00, run_after=2024-08-13 00:00:00+00:00
[2024-08-13T04:41:52.084+0000] {logging_mixin.py:188} INFO - [2024-08-13T04:41:52.084+0000] {dag.py:3947} INFO - Setting next_dagrun for example_branch_datetime_operator_3 to 2024-08-12 00:00:00+00:00, run_after=2024-08-13 00:00:00+00:00
[2024-08-13T04:41:52.972+0000] {processor.py:183} INFO - Processing /home/airflow/.local/lib/python3.12/site-packages/airflow/example_dags/example_branch_datetime_operator.py took 6.105 seconds
[2024-08-13T04:42:32.345+0000] {processor.py:161} INFO - Started process (PID=135) to work on /home/airflow/.local/lib/python3.12/site-packages/airflow/example_dags/example_branch_datetime_operator.py
[2024-08-13T04:42:32.362+0000] {processor.py:830} INFO - Processing file /home/airflow/.local/lib/python3.12/site-packages/airflow/example_dags/example_branch_datetime_operator.py for tasks to queue
[2024-08-13T04:42:32.367+0000] {logging_mixin.py:188} INFO - [2024-08-13T04:42:32.367+0000] {dagbag.py:545} INFO - Filling up the DagBag from /home/airflow/.local/lib/python3.12/site-packages/airflow/example_dags/example_branch_datetime_operator.py
[2024-08-13T04:42:32.439+0000] {processor.py:840} INFO - DAG(s) 'example_branch_datetime_operator_2', 'example_branch_datetime_operator_3', 'example_branch_datetime_operator' retrieved from /home/airflow/.local/lib/python3.12/site-packages/airflow/example_dags/example_branch_datetime_operator.py
[2024-08-13T04:42:32.563+0000] {logging_mixin.py:188} INFO - [2024-08-13T04:42:32.562+0000] {dag.py:3089} INFO - Sync 3 DAGs
[2024-08-13T04:42:32.656+0000] {logging_mixin.py:188} INFO - [2024-08-13T04:42:32.655+0000] {dag.py:3947} INFO - Setting next_dagrun for example_branch_datetime_operator to 2024-08-12 00:00:00+00:00, run_after=2024-08-13 00:00:00+00:00
[2024-08-13T04:42:32.680+0000] {logging_mixin.py:188} INFO - [2024-08-13T04:42:32.679+0000] {dag.py:3947} INFO - Setting next_dagrun for example_branch_datetime_operator_2 to 2024-08-12 00:00:00+00:00, run_after=2024-08-13 00:00:00+00:00
[2024-08-13T04:42:32.696+0000] {logging_mixin.py:188} INFO - [2024-08-13T04:42:32.696+0000] {dag.py:3947} INFO - Setting next_dagrun for example_branch_datetime_operator_3 to 2024-08-12 00:00:00+00:00, run_after=2024-08-13 00:00:00+00:00
[2024-08-13T04:42:32.824+0000] {processor.py:183} INFO - Processing /home/airflow/.local/lib/python3.12/site-packages/airflow/example_dags/example_branch_datetime_operator.py took 0.510 seconds
[2024-08-13T04:43:03.876+0000] {processor.py:161} INFO - Started process (PID=191) to work on /home/airflow/.local/lib/python3.12/site-packages/airflow/example_dags/example_branch_datetime_operator.py
[2024-08-13T04:43:03.943+0000] {processor.py:830} INFO - Processing file /home/airflow/.local/lib/python3.12/site-packages/airflow/example_dags/example_branch_datetime_operator.py for tasks to queue
[2024-08-13T04:43:03.961+0000] {logging_mixin.py:188} INFO - [2024-08-13T04:43:03.955+0000] {dagbag.py:545} INFO - Filling up the DagBag from /home/airflow/.local/lib/python3.12/site-packages/airflow/example_dags/example_branch_datetime_operator.py
[2024-08-13T04:43:04.252+0000] {processor.py:840} INFO - DAG(s) 'example_branch_datetime_operator_2', 'example_branch_datetime_operator_3', 'example_branch_datetime_operator' retrieved from /home/airflow/.local/lib/python3.12/site-packages/airflow/example_dags/example_branch_datetime_operator.py
[2024-08-13T04:43:04.736+0000] {logging_mixin.py:188} INFO - [2024-08-13T04:43:04.736+0000] {dag.py:3089} INFO - Sync 3 DAGs
[2024-08-13T04:43:04.880+0000] {logging_mixin.py:188} INFO - [2024-08-13T04:43:04.879+0000] {dag.py:3947} INFO - Setting next_dagrun for example_branch_datetime_operator to 2024-08-12 00:00:00+00:00, run_after=2024-08-13 00:00:00+00:00
[2024-08-13T04:43:04.967+0000] {logging_mixin.py:188} INFO - [2024-08-13T04:43:04.919+0000] {dag.py:3947} INFO - Setting next_dagrun for example_branch_datetime_operator_2 to 2024-08-12 00:00:00+00:00, run_after=2024-08-13 00:00:00+00:00
[2024-08-13T04:43:05.011+0000] {logging_mixin.py:188} INFO - [2024-08-13T04:43:05.011+0000] {dag.py:3947} INFO - Setting next_dagrun for example_branch_datetime_operator_3 to 2024-08-12 00:00:00+00:00, run_after=2024-08-13 00:00:00+00:00
[2024-08-13T04:43:06.539+0000] {processor.py:183} INFO - Processing /home/airflow/.local/lib/python3.12/site-packages/airflow/example_dags/example_branch_datetime_operator.py took 2.671 seconds
[2024-08-13T04:43:37.845+0000] {processor.py:161} INFO - Started process (PID=249) to work on /home/airflow/.local/lib/python3.12/site-packages/airflow/example_dags/example_branch_datetime_operator.py
[2024-08-13T04:43:37.861+0000] {processor.py:830} INFO - Processing file /home/airflow/.local/lib/python3.12/site-packages/airflow/example_dags/example_branch_datetime_operator.py for tasks to queue
[2024-08-13T04:43:37.877+0000] {logging_mixin.py:188} INFO - [2024-08-13T04:43:37.876+0000] {dagbag.py:545} INFO - Filling up the DagBag from /home/airflow/.local/lib/python3.12/site-packages/airflow/example_dags/example_branch_datetime_operator.py
[2024-08-13T04:43:37.919+0000] {processor.py:840} INFO - DAG(s) 'example_branch_datetime_operator_3', 'example_branch_datetime_operator_2', 'example_branch_datetime_operator' retrieved from /home/airflow/.local/lib/python3.12/site-packages/airflow/example_dags/example_branch_datetime_operator.py
[2024-08-13T04:43:37.988+0000] {logging_mixin.py:188} INFO - [2024-08-13T04:43:37.988+0000] {dag.py:3089} INFO - Sync 3 DAGs
[2024-08-13T04:43:38.031+0000] {logging_mixin.py:188} INFO - [2024-08-13T04:43:38.031+0000] {dag.py:3947} INFO - Setting next_dagrun for example_branch_datetime_operator to 2024-08-12 00:00:00+00:00, run_after=2024-08-13 00:00:00+00:00
[2024-08-13T04:43:38.043+0000] {logging_mixin.py:188} INFO - [2024-08-13T04:43:38.043+0000] {dag.py:3947} INFO - Setting next_dagrun for example_branch_datetime_operator_2 to 2024-08-12 00:00:00+00:00, run_after=2024-08-13 00:00:00+00:00
[2024-08-13T04:43:38.048+0000] {logging_mixin.py:188} INFO - [2024-08-13T04:43:38.047+0000] {dag.py:3947} INFO - Setting next_dagrun for example_branch_datetime_operator_3 to 2024-08-12 00:00:00+00:00, run_after=2024-08-13 00:00:00+00:00
[2024-08-13T04:43:38.110+0000] {processor.py:183} INFO - Processing /home/airflow/.local/lib/python3.12/site-packages/airflow/example_dags/example_branch_datetime_operator.py took 0.277 seconds
[2024-08-13T04:44:10.539+0000] {processor.py:161} INFO - Started process (PID=307) to work on /home/airflow/.local/lib/python3.12/site-packages/airflow/example_dags/example_branch_datetime_operator.py
[2024-08-13T04:44:10.540+0000] {processor.py:830} INFO - Processing file /home/airflow/.local/lib/python3.12/site-packages/airflow/example_dags/example_branch_datetime_operator.py for tasks to queue
[2024-08-13T04:44:10.543+0000] {logging_mixin.py:188} INFO - [2024-08-13T04:44:10.542+0000] {dagbag.py:545} INFO - Filling up the DagBag from /home/airflow/.local/lib/python3.12/site-packages/airflow/example_dags/example_branch_datetime_operator.py
[2024-08-13T04:44:10.558+0000] {processor.py:840} INFO - DAG(s) 'example_branch_datetime_operator_3', 'example_branch_datetime_operator', 'example_branch_datetime_operator_2' retrieved from /home/airflow/.local/lib/python3.12/site-packages/airflow/example_dags/example_branch_datetime_operator.py
[2024-08-13T04:44:10.689+0000] {logging_mixin.py:188} INFO - [2024-08-13T04:44:10.689+0000] {dag.py:3089} INFO - Sync 3 DAGs
[2024-08-13T04:44:10.791+0000] {logging_mixin.py:188} INFO - [2024-08-13T04:44:10.791+0000] {dag.py:3947} INFO - Setting next_dagrun for example_branch_datetime_operator to 2024-08-12 00:00:00+00:00, run_after=2024-08-13 00:00:00+00:00
[2024-08-13T04:44:10.812+0000] {logging_mixin.py:188} INFO - [2024-08-13T04:44:10.811+0000] {dag.py:3947} INFO - Setting next_dagrun for example_branch_datetime_operator_2 to 2024-08-12 00:00:00+00:00, run_after=2024-08-13 00:00:00+00:00
[2024-08-13T04:44:10.831+0000] {logging_mixin.py:188} INFO - [2024-08-13T04:44:10.831+0000] {dag.py:3947} INFO - Setting next_dagrun for example_branch_datetime_operator_3 to 2024-08-12 00:00:00+00:00, run_after=2024-08-13 00:00:00+00:00
[2024-08-13T04:44:11.070+0000] {processor.py:183} INFO - Processing /home/airflow/.local/lib/python3.12/site-packages/airflow/example_dags/example_branch_datetime_operator.py took 0.539 seconds
[2024-08-13T04:44:41.526+0000] {processor.py:161} INFO - Started process (PID=365) to work on /home/airflow/.local/lib/python3.12/site-packages/airflow/example_dags/example_branch_datetime_operator.py
[2024-08-13T04:44:41.527+0000] {processor.py:830} INFO - Processing file /home/airflow/.local/lib/python3.12/site-packages/airflow/example_dags/example_branch_datetime_operator.py for tasks to queue
[2024-08-13T04:44:41.529+0000] {logging_mixin.py:188} INFO - [2024-08-13T04:44:41.529+0000] {dagbag.py:545} INFO - Filling up the DagBag from /home/airflow/.local/lib/python3.12/site-packages/airflow/example_dags/example_branch_datetime_operator.py
[2024-08-13T04:44:41.542+0000] {processor.py:840} INFO - DAG(s) 'example_branch_datetime_operator', 'example_branch_datetime_operator_3', 'example_branch_datetime_operator_2' retrieved from /home/airflow/.local/lib/python3.12/site-packages/airflow/example_dags/example_branch_datetime_operator.py
[2024-08-13T04:44:41.572+0000] {logging_mixin.py:188} INFO - [2024-08-13T04:44:41.572+0000] {dag.py:3089} INFO - Sync 3 DAGs
[2024-08-13T04:44:41.595+0000] {logging_mixin.py:188} INFO - [2024-08-13T04:44:41.595+0000] {dag.py:3947} INFO - Setting next_dagrun for example_branch_datetime_operator to 2024-08-12 00:00:00+00:00, run_after=2024-08-13 00:00:00+00:00
[2024-08-13T04:44:41.601+0000] {logging_mixin.py:188} INFO - [2024-08-13T04:44:41.600+0000] {dag.py:3947} INFO - Setting next_dagrun for example_branch_datetime_operator_2 to 2024-08-12 00:00:00+00:00, run_after=2024-08-13 00:00:00+00:00
[2024-08-13T04:44:41.603+0000] {logging_mixin.py:188} INFO - [2024-08-13T04:44:41.603+0000] {dag.py:3947} INFO - Setting next_dagrun for example_branch_datetime_operator_3 to 2024-08-12 00:00:00+00:00, run_after=2024-08-13 00:00:00+00:00
[2024-08-13T04:44:41.661+0000] {processor.py:183} INFO - Processing /home/airflow/.local/lib/python3.12/site-packages/airflow/example_dags/example_branch_datetime_operator.py took 0.141 seconds
[2024-08-13T04:45:12.509+0000] {processor.py:161} INFO - Started process (PID=423) to work on /home/airflow/.local/lib/python3.12/site-packages/airflow/example_dags/example_branch_datetime_operator.py
[2024-08-13T04:45:12.511+0000] {processor.py:830} INFO - Processing file /home/airflow/.local/lib/python3.12/site-packages/airflow/example_dags/example_branch_datetime_operator.py for tasks to queue
[2024-08-13T04:45:12.513+0000] {logging_mixin.py:188} INFO - [2024-08-13T04:45:12.513+0000] {dagbag.py:545} INFO - Filling up the DagBag from /home/airflow/.local/lib/python3.12/site-packages/airflow/example_dags/example_branch_datetime_operator.py
[2024-08-13T04:45:12.536+0000] {processor.py:840} INFO - DAG(s) 'example_branch_datetime_operator_2', 'example_branch_datetime_operator_3', 'example_branch_datetime_operator' retrieved from /home/airflow/.local/lib/python3.12/site-packages/airflow/example_dags/example_branch_datetime_operator.py
[2024-08-13T04:45:12.585+0000] {logging_mixin.py:188} INFO - [2024-08-13T04:45:12.585+0000] {dag.py:3089} INFO - Sync 3 DAGs
[2024-08-13T04:45:12.639+0000] {logging_mixin.py:188} INFO - [2024-08-13T04:45:12.639+0000] {dag.py:3947} INFO - Setting next_dagrun for example_branch_datetime_operator to 2024-08-12 00:00:00+00:00, run_after=2024-08-13 00:00:00+00:00
[2024-08-13T04:45:12.658+0000] {logging_mixin.py:188} INFO - [2024-08-13T04:45:12.658+0000] {dag.py:3947} INFO - Setting next_dagrun for example_branch_datetime_operator_2 to 2024-08-12 00:00:00+00:00, run_after=2024-08-13 00:00:00+00:00
[2024-08-13T04:45:12.666+0000] {logging_mixin.py:188} INFO - [2024-08-13T04:45:12.666+0000] {dag.py:3947} INFO - Setting next_dagrun for example_branch_datetime_operator_3 to 2024-08-12 00:00:00+00:00, run_after=2024-08-13 00:00:00+00:00
[2024-08-13T04:45:12.814+0000] {processor.py:183} INFO - Processing /home/airflow/.local/lib/python3.12/site-packages/airflow/example_dags/example_branch_datetime_operator.py took 0.313 seconds
[2024-08-13T04:45:44.590+0000] {processor.py:161} INFO - Started process (PID=480) to work on /home/airflow/.local/lib/python3.12/site-packages/airflow/example_dags/example_branch_datetime_operator.py
[2024-08-13T04:45:44.592+0000] {processor.py:830} INFO - Processing file /home/airflow/.local/lib/python3.12/site-packages/airflow/example_dags/example_branch_datetime_operator.py for tasks to queue
[2024-08-13T04:45:44.594+0000] {logging_mixin.py:188} INFO - [2024-08-13T04:45:44.594+0000] {dagbag.py:545} INFO - Filling up the DagBag from /home/airflow/.local/lib/python3.12/site-packages/airflow/example_dags/example_branch_datetime_operator.py
[2024-08-13T04:45:44.614+0000] {processor.py:840} INFO - DAG(s) 'example_branch_datetime_operator_2', 'example_branch_datetime_operator', 'example_branch_datetime_operator_3' retrieved from /home/airflow/.local/lib/python3.12/site-packages/airflow/example_dags/example_branch_datetime_operator.py
[2024-08-13T04:45:44.652+0000] {logging_mixin.py:188} INFO - [2024-08-13T04:45:44.652+0000] {dag.py:3089} INFO - Sync 3 DAGs
[2024-08-13T04:45:44.674+0000] {logging_mixin.py:188} INFO - [2024-08-13T04:45:44.674+0000] {dag.py:3947} INFO - Setting next_dagrun for example_branch_datetime_operator to 2024-08-12 00:00:00+00:00, run_after=2024-08-13 00:00:00+00:00
[2024-08-13T04:45:44.680+0000] {logging_mixin.py:188} INFO - [2024-08-13T04:45:44.680+0000] {dag.py:3947} INFO - Setting next_dagrun for example_branch_datetime_operator_2 to 2024-08-12 00:00:00+00:00, run_after=2024-08-13 00:00:00+00:00
[2024-08-13T04:45:44.682+0000] {logging_mixin.py:188} INFO - [2024-08-13T04:45:44.682+0000] {dag.py:3947} INFO - Setting next_dagrun for example_branch_datetime_operator_3 to 2024-08-12 00:00:00+00:00, run_after=2024-08-13 00:00:00+00:00
[2024-08-13T04:45:44.737+0000] {processor.py:183} INFO - Processing /home/airflow/.local/lib/python3.12/site-packages/airflow/example_dags/example_branch_datetime_operator.py took 0.163 seconds
[2024-08-13T04:46:15.278+0000] {processor.py:161} INFO - Started process (PID=538) to work on /home/airflow/.local/lib/python3.12/site-packages/airflow/example_dags/example_branch_datetime_operator.py
[2024-08-13T04:46:15.279+0000] {processor.py:830} INFO - Processing file /home/airflow/.local/lib/python3.12/site-packages/airflow/example_dags/example_branch_datetime_operator.py for tasks to queue
[2024-08-13T04:46:15.280+0000] {logging_mixin.py:188} INFO - [2024-08-13T04:46:15.280+0000] {dagbag.py:545} INFO - Filling up the DagBag from /home/airflow/.local/lib/python3.12/site-packages/airflow/example_dags/example_branch_datetime_operator.py
[2024-08-13T04:46:15.289+0000] {processor.py:840} INFO - DAG(s) 'example_branch_datetime_operator_2', 'example_branch_datetime_operator_3', 'example_branch_datetime_operator' retrieved from /home/airflow/.local/lib/python3.12/site-packages/airflow/example_dags/example_branch_datetime_operator.py
[2024-08-13T04:46:15.316+0000] {logging_mixin.py:188} INFO - [2024-08-13T04:46:15.315+0000] {dag.py:3089} INFO - Sync 3 DAGs
[2024-08-13T04:46:15.360+0000] {logging_mixin.py:188} INFO - [2024-08-13T04:46:15.359+0000] {dag.py:3947} INFO - Setting next_dagrun for example_branch_datetime_operator to 2024-08-12 00:00:00+00:00, run_after=2024-08-13 00:00:00+00:00
[2024-08-13T04:46:15.371+0000] {logging_mixin.py:188} INFO - [2024-08-13T04:46:15.371+0000] {dag.py:3947} INFO - Setting next_dagrun for example_branch_datetime_operator_2 to 2024-08-12 00:00:00+00:00, run_after=2024-08-13 00:00:00+00:00
[2024-08-13T04:46:15.377+0000] {logging_mixin.py:188} INFO - [2024-08-13T04:46:15.377+0000] {dag.py:3947} INFO - Setting next_dagrun for example_branch_datetime_operator_3 to 2024-08-12 00:00:00+00:00, run_after=2024-08-13 00:00:00+00:00
[2024-08-13T04:46:15.440+0000] {processor.py:183} INFO - Processing /home/airflow/.local/lib/python3.12/site-packages/airflow/example_dags/example_branch_datetime_operator.py took 0.167 seconds
[2024-08-13T04:46:46.022+0000] {processor.py:161} INFO - Started process (PID=596) to work on /home/airflow/.local/lib/python3.12/site-packages/airflow/example_dags/example_branch_datetime_operator.py
[2024-08-13T04:46:46.023+0000] {processor.py:830} INFO - Processing file /home/airflow/.local/lib/python3.12/site-packages/airflow/example_dags/example_branch_datetime_operator.py for tasks to queue
[2024-08-13T04:46:46.026+0000] {logging_mixin.py:188} INFO - [2024-08-13T04:46:46.025+0000] {dagbag.py:545} INFO - Filling up the DagBag from /home/airflow/.local/lib/python3.12/site-packages/airflow/example_dags/example_branch_datetime_operator.py
[2024-08-13T04:46:46.048+0000] {processor.py:840} INFO - DAG(s) 'example_branch_datetime_operator_2', 'example_branch_datetime_operator_3', 'example_branch_datetime_operator' retrieved from /home/airflow/.local/lib/python3.12/site-packages/airflow/example_dags/example_branch_datetime_operator.py
[2024-08-13T04:46:46.114+0000] {logging_mixin.py:188} INFO - [2024-08-13T04:46:46.114+0000] {dag.py:3089} INFO - Sync 3 DAGs
[2024-08-13T04:46:46.151+0000] {logging_mixin.py:188} INFO - [2024-08-13T04:46:46.151+0000] {dag.py:3947} INFO - Setting next_dagrun for example_branch_datetime_operator to 2024-08-12 00:00:00+00:00, run_after=2024-08-13 00:00:00+00:00
[2024-08-13T04:46:46.158+0000] {logging_mixin.py:188} INFO - [2024-08-13T04:46:46.158+0000] {dag.py:3947} INFO - Setting next_dagrun for example_branch_datetime_operator_2 to 2024-08-12 00:00:00+00:00, run_after=2024-08-13 00:00:00+00:00
[2024-08-13T04:46:46.162+0000] {logging_mixin.py:188} INFO - [2024-08-13T04:46:46.162+0000] {dag.py:3947} INFO - Setting next_dagrun for example_branch_datetime_operator_3 to 2024-08-12 00:00:00+00:00, run_after=2024-08-13 00:00:00+00:00
[2024-08-13T04:46:46.218+0000] {processor.py:183} INFO - Processing /home/airflow/.local/lib/python3.12/site-packages/airflow/example_dags/example_branch_datetime_operator.py took 0.204 seconds
[2024-08-13T04:47:19.754+0000] {processor.py:161} INFO - Started process (PID=654) to work on /home/airflow/.local/lib/python3.12/site-packages/airflow/example_dags/example_branch_datetime_operator.py
[2024-08-13T04:47:19.755+0000] {processor.py:830} INFO - Processing file /home/airflow/.local/lib/python3.12/site-packages/airflow/example_dags/example_branch_datetime_operator.py for tasks to queue
[2024-08-13T04:47:19.756+0000] {logging_mixin.py:188} INFO - [2024-08-13T04:47:19.756+0000] {dagbag.py:545} INFO - Filling up the DagBag from /home/airflow/.local/lib/python3.12/site-packages/airflow/example_dags/example_branch_datetime_operator.py
[2024-08-13T04:47:19.766+0000] {processor.py:840} INFO - DAG(s) 'example_branch_datetime_operator_2', 'example_branch_datetime_operator', 'example_branch_datetime_operator_3' retrieved from /home/airflow/.local/lib/python3.12/site-packages/airflow/example_dags/example_branch_datetime_operator.py
[2024-08-13T04:47:19.792+0000] {logging_mixin.py:188} INFO - [2024-08-13T04:47:19.792+0000] {dag.py:3089} INFO - Sync 3 DAGs
[2024-08-13T04:47:19.840+0000] {logging_mixin.py:188} INFO - [2024-08-13T04:47:19.840+0000] {dag.py:3947} INFO - Setting next_dagrun for example_branch_datetime_operator to 2024-08-12 00:00:00+00:00, run_after=2024-08-13 00:00:00+00:00
[2024-08-13T04:47:19.850+0000] {logging_mixin.py:188} INFO - [2024-08-13T04:47:19.850+0000] {dag.py:3947} INFO - Setting next_dagrun for example_branch_datetime_operator_2 to 2024-08-12 00:00:00+00:00, run_after=2024-08-13 00:00:00+00:00
[2024-08-13T04:47:19.855+0000] {logging_mixin.py:188} INFO - [2024-08-13T04:47:19.854+0000] {dag.py:3947} INFO - Setting next_dagrun for example_branch_datetime_operator_3 to 2024-08-12 00:00:00+00:00, run_after=2024-08-13 00:00:00+00:00
[2024-08-13T04:47:20.069+0000] {processor.py:183} INFO - Processing /home/airflow/.local/lib/python3.12/site-packages/airflow/example_dags/example_branch_datetime_operator.py took 0.321 seconds
[2024-08-13T04:47:51.027+0000] {processor.py:161} INFO - Started process (PID=712) to work on /home/airflow/.local/lib/python3.12/site-packages/airflow/example_dags/example_branch_datetime_operator.py
[2024-08-13T04:47:51.029+0000] {processor.py:830} INFO - Processing file /home/airflow/.local/lib/python3.12/site-packages/airflow/example_dags/example_branch_datetime_operator.py for tasks to queue
[2024-08-13T04:47:51.039+0000] {logging_mixin.py:188} INFO - [2024-08-13T04:47:51.039+0000] {dagbag.py:545} INFO - Filling up the DagBag from /home/airflow/.local/lib/python3.12/site-packages/airflow/example_dags/example_branch_datetime_operator.py
[2024-08-13T04:47:51.094+0000] {processor.py:840} INFO - DAG(s) 'example_branch_datetime_operator_3', 'example_branch_datetime_operator_2', 'example_branch_datetime_operator' retrieved from /home/airflow/.local/lib/python3.12/site-packages/airflow/example_dags/example_branch_datetime_operator.py
[2024-08-13T04:47:51.167+0000] {logging_mixin.py:188} INFO - [2024-08-13T04:47:51.167+0000] {dag.py:3089} INFO - Sync 3 DAGs
[2024-08-13T04:47:51.245+0000] {logging_mixin.py:188} INFO - [2024-08-13T04:47:51.245+0000] {dag.py:3947} INFO - Setting next_dagrun for example_branch_datetime_operator to 2024-08-12 00:00:00+00:00, run_after=2024-08-13 00:00:00+00:00
[2024-08-13T04:47:51.262+0000] {logging_mixin.py:188} INFO - [2024-08-13T04:47:51.261+0000] {dag.py:3947} INFO - Setting next_dagrun for example_branch_datetime_operator_2 to 2024-08-12 00:00:00+00:00, run_after=2024-08-13 00:00:00+00:00
[2024-08-13T04:47:51.269+0000] {logging_mixin.py:188} INFO - [2024-08-13T04:47:51.269+0000] {dag.py:3947} INFO - Setting next_dagrun for example_branch_datetime_operator_3 to 2024-08-12 00:00:00+00:00, run_after=2024-08-13 00:00:00+00:00
[2024-08-13T04:47:51.334+0000] {processor.py:183} INFO - Processing /home/airflow/.local/lib/python3.12/site-packages/airflow/example_dags/example_branch_datetime_operator.py took 0.315 seconds
[2024-08-13T04:48:21.377+0000] {processor.py:161} INFO - Started process (PID=771) to work on /home/airflow/.local/lib/python3.12/site-packages/airflow/example_dags/example_branch_datetime_operator.py
[2024-08-13T04:48:21.378+0000] {processor.py:830} INFO - Processing file /home/airflow/.local/lib/python3.12/site-packages/airflow/example_dags/example_branch_datetime_operator.py for tasks to queue
[2024-08-13T04:48:21.379+0000] {logging_mixin.py:188} INFO - [2024-08-13T04:48:21.379+0000] {dagbag.py:545} INFO - Filling up the DagBag from /home/airflow/.local/lib/python3.12/site-packages/airflow/example_dags/example_branch_datetime_operator.py
[2024-08-13T04:48:21.395+0000] {processor.py:840} INFO - DAG(s) 'example_branch_datetime_operator_3', 'example_branch_datetime_operator', 'example_branch_datetime_operator_2' retrieved from /home/airflow/.local/lib/python3.12/site-packages/airflow/example_dags/example_branch_datetime_operator.py
[2024-08-13T04:48:21.434+0000] {logging_mixin.py:188} INFO - [2024-08-13T04:48:21.433+0000] {dag.py:3089} INFO - Sync 3 DAGs
[2024-08-13T04:48:21.472+0000] {logging_mixin.py:188} INFO - [2024-08-13T04:48:21.471+0000] {dag.py:3947} INFO - Setting next_dagrun for example_branch_datetime_operator to 2024-08-12 00:00:00+00:00, run_after=2024-08-13 00:00:00+00:00
[2024-08-13T04:48:21.480+0000] {logging_mixin.py:188} INFO - [2024-08-13T04:48:21.480+0000] {dag.py:3947} INFO - Setting next_dagrun for example_branch_datetime_operator_2 to 2024-08-12 00:00:00+00:00, run_after=2024-08-13 00:00:00+00:00
[2024-08-13T04:48:21.486+0000] {logging_mixin.py:188} INFO - [2024-08-13T04:48:21.486+0000] {dag.py:3947} INFO - Setting next_dagrun for example_branch_datetime_operator_3 to 2024-08-12 00:00:00+00:00, run_after=2024-08-13 00:00:00+00:00
[2024-08-13T04:48:21.540+0000] {processor.py:183} INFO - Processing /home/airflow/.local/lib/python3.12/site-packages/airflow/example_dags/example_branch_datetime_operator.py took 0.169 seconds
[2024-08-13T04:48:52.262+0000] {processor.py:161} INFO - Started process (PID=828) to work on /home/airflow/.local/lib/python3.12/site-packages/airflow/example_dags/example_branch_datetime_operator.py
[2024-08-13T04:48:52.262+0000] {processor.py:830} INFO - Processing file /home/airflow/.local/lib/python3.12/site-packages/airflow/example_dags/example_branch_datetime_operator.py for tasks to queue
[2024-08-13T04:48:52.265+0000] {logging_mixin.py:188} INFO - [2024-08-13T04:48:52.264+0000] {dagbag.py:545} INFO - Filling up the DagBag from /home/airflow/.local/lib/python3.12/site-packages/airflow/example_dags/example_branch_datetime_operator.py
[2024-08-13T04:48:52.278+0000] {processor.py:840} INFO - DAG(s) 'example_branch_datetime_operator_3', 'example_branch_datetime_operator', 'example_branch_datetime_operator_2' retrieved from /home/airflow/.local/lib/python3.12/site-packages/airflow/example_dags/example_branch_datetime_operator.py
[2024-08-13T04:48:52.304+0000] {logging_mixin.py:188} INFO - [2024-08-13T04:48:52.304+0000] {dag.py:3089} INFO - Sync 3 DAGs
[2024-08-13T04:48:52.331+0000] {logging_mixin.py:188} INFO - [2024-08-13T04:48:52.331+0000] {dag.py:3947} INFO - Setting next_dagrun for example_branch_datetime_operator to 2024-08-12 00:00:00+00:00, run_after=2024-08-13 00:00:00+00:00
[2024-08-13T04:48:52.336+0000] {logging_mixin.py:188} INFO - [2024-08-13T04:48:52.336+0000] {dag.py:3947} INFO - Setting next_dagrun for example_branch_datetime_operator_2 to 2024-08-12 00:00:00+00:00, run_after=2024-08-13 00:00:00+00:00
[2024-08-13T04:48:52.339+0000] {logging_mixin.py:188} INFO - [2024-08-13T04:48:52.339+0000] {dag.py:3947} INFO - Setting next_dagrun for example_branch_datetime_operator_3 to 2024-08-12 00:00:00+00:00, run_after=2024-08-13 00:00:00+00:00
[2024-08-13T04:48:52.414+0000] {processor.py:183} INFO - Processing /home/airflow/.local/lib/python3.12/site-packages/airflow/example_dags/example_branch_datetime_operator.py took 0.158 seconds
[2024-08-13T04:49:22.805+0000] {processor.py:161} INFO - Started process (PID=886) to work on /home/airflow/.local/lib/python3.12/site-packages/airflow/example_dags/example_branch_datetime_operator.py
[2024-08-13T04:49:22.808+0000] {processor.py:830} INFO - Processing file /home/airflow/.local/lib/python3.12/site-packages/airflow/example_dags/example_branch_datetime_operator.py for tasks to queue
[2024-08-13T04:49:22.812+0000] {logging_mixin.py:188} INFO - [2024-08-13T04:49:22.811+0000] {dagbag.py:545} INFO - Filling up the DagBag from /home/airflow/.local/lib/python3.12/site-packages/airflow/example_dags/example_branch_datetime_operator.py
[2024-08-13T04:49:22.849+0000] {processor.py:840} INFO - DAG(s) 'example_branch_datetime_operator_2', 'example_branch_datetime_operator_3', 'example_branch_datetime_operator' retrieved from /home/airflow/.local/lib/python3.12/site-packages/airflow/example_dags/example_branch_datetime_operator.py
[2024-08-13T04:49:22.989+0000] {logging_mixin.py:188} INFO - [2024-08-13T04:49:22.988+0000] {dag.py:3089} INFO - Sync 3 DAGs
[2024-08-13T04:49:23.088+0000] {logging_mixin.py:188} INFO - [2024-08-13T04:49:23.087+0000] {dag.py:3947} INFO - Setting next_dagrun for example_branch_datetime_operator to 2024-08-12 00:00:00+00:00, run_after=2024-08-13 00:00:00+00:00
[2024-08-13T04:49:23.096+0000] {logging_mixin.py:188} INFO - [2024-08-13T04:49:23.096+0000] {dag.py:3947} INFO - Setting next_dagrun for example_branch_datetime_operator_2 to 2024-08-12 00:00:00+00:00, run_after=2024-08-13 00:00:00+00:00
[2024-08-13T04:49:23.114+0000] {logging_mixin.py:188} INFO - [2024-08-13T04:49:23.114+0000] {dag.py:3947} INFO - Setting next_dagrun for example_branch_datetime_operator_3 to 2024-08-12 00:00:00+00:00, run_after=2024-08-13 00:00:00+00:00
[2024-08-13T04:49:23.208+0000] {processor.py:183} INFO - Processing /home/airflow/.local/lib/python3.12/site-packages/airflow/example_dags/example_branch_datetime_operator.py took 0.418 seconds
[2024-08-13T04:49:53.818+0000] {processor.py:161} INFO - Started process (PID=944) to work on /home/airflow/.local/lib/python3.12/site-packages/airflow/example_dags/example_branch_datetime_operator.py
[2024-08-13T04:49:53.819+0000] {processor.py:830} INFO - Processing file /home/airflow/.local/lib/python3.12/site-packages/airflow/example_dags/example_branch_datetime_operator.py for tasks to queue
[2024-08-13T04:49:53.821+0000] {logging_mixin.py:188} INFO - [2024-08-13T04:49:53.821+0000] {dagbag.py:545} INFO - Filling up the DagBag from /home/airflow/.local/lib/python3.12/site-packages/airflow/example_dags/example_branch_datetime_operator.py
[2024-08-13T04:49:53.835+0000] {processor.py:840} INFO - DAG(s) 'example_branch_datetime_operator', 'example_branch_datetime_operator_3', 'example_branch_datetime_operator_2' retrieved from /home/airflow/.local/lib/python3.12/site-packages/airflow/example_dags/example_branch_datetime_operator.py
[2024-08-13T04:49:53.871+0000] {logging_mixin.py:188} INFO - [2024-08-13T04:49:53.870+0000] {dag.py:3089} INFO - Sync 3 DAGs
[2024-08-13T04:49:53.907+0000] {logging_mixin.py:188} INFO - [2024-08-13T04:49:53.907+0000] {dag.py:3947} INFO - Setting next_dagrun for example_branch_datetime_operator to 2024-08-12 00:00:00+00:00, run_after=2024-08-13 00:00:00+00:00
[2024-08-13T04:49:53.914+0000] {logging_mixin.py:188} INFO - [2024-08-13T04:49:53.914+0000] {dag.py:3947} INFO - Setting next_dagrun for example_branch_datetime_operator_2 to 2024-08-12 00:00:00+00:00, run_after=2024-08-13 00:00:00+00:00
[2024-08-13T04:49:53.918+0000] {logging_mixin.py:188} INFO - [2024-08-13T04:49:53.917+0000] {dag.py:3947} INFO - Setting next_dagrun for example_branch_datetime_operator_3 to 2024-08-12 00:00:00+00:00, run_after=2024-08-13 00:00:00+00:00
[2024-08-13T04:49:53.984+0000] {processor.py:183} INFO - Processing /home/airflow/.local/lib/python3.12/site-packages/airflow/example_dags/example_branch_datetime_operator.py took 0.175 seconds
[2024-08-13T04:50:24.660+0000] {processor.py:161} INFO - Started process (PID=1002) to work on /home/airflow/.local/lib/python3.12/site-packages/airflow/example_dags/example_branch_datetime_operator.py
[2024-08-13T04:50:24.661+0000] {processor.py:830} INFO - Processing file /home/airflow/.local/lib/python3.12/site-packages/airflow/example_dags/example_branch_datetime_operator.py for tasks to queue
[2024-08-13T04:50:24.663+0000] {logging_mixin.py:188} INFO - [2024-08-13T04:50:24.663+0000] {dagbag.py:545} INFO - Filling up the DagBag from /home/airflow/.local/lib/python3.12/site-packages/airflow/example_dags/example_branch_datetime_operator.py
[2024-08-13T04:50:24.678+0000] {processor.py:840} INFO - DAG(s) 'example_branch_datetime_operator', 'example_branch_datetime_operator_2', 'example_branch_datetime_operator_3' retrieved from /home/airflow/.local/lib/python3.12/site-packages/airflow/example_dags/example_branch_datetime_operator.py
[2024-08-13T04:50:24.720+0000] {logging_mixin.py:188} INFO - [2024-08-13T04:50:24.719+0000] {dag.py:3089} INFO - Sync 3 DAGs
[2024-08-13T04:50:24.786+0000] {logging_mixin.py:188} INFO - [2024-08-13T04:50:24.785+0000] {dag.py:3947} INFO - Setting next_dagrun for example_branch_datetime_operator to 2024-08-12 00:00:00+00:00, run_after=2024-08-13 00:00:00+00:00
[2024-08-13T04:50:24.796+0000] {logging_mixin.py:188} INFO - [2024-08-13T04:50:24.796+0000] {dag.py:3947} INFO - Setting next_dagrun for example_branch_datetime_operator_2 to 2024-08-12 00:00:00+00:00, run_after=2024-08-13 00:00:00+00:00
[2024-08-13T04:50:24.800+0000] {logging_mixin.py:188} INFO - [2024-08-13T04:50:24.800+0000] {dag.py:3947} INFO - Setting next_dagrun for example_branch_datetime_operator_3 to 2024-08-12 00:00:00+00:00, run_after=2024-08-13 00:00:00+00:00
[2024-08-13T04:50:24.888+0000] {processor.py:183} INFO - Processing /home/airflow/.local/lib/python3.12/site-packages/airflow/example_dags/example_branch_datetime_operator.py took 0.233 seconds
[2024-08-13T04:50:55.225+0000] {processor.py:161} INFO - Started process (PID=1060) to work on /home/airflow/.local/lib/python3.12/site-packages/airflow/example_dags/example_branch_datetime_operator.py
[2024-08-13T04:50:55.225+0000] {processor.py:830} INFO - Processing file /home/airflow/.local/lib/python3.12/site-packages/airflow/example_dags/example_branch_datetime_operator.py for tasks to queue
[2024-08-13T04:50:55.227+0000] {logging_mixin.py:188} INFO - [2024-08-13T04:50:55.227+0000] {dagbag.py:545} INFO - Filling up the DagBag from /home/airflow/.local/lib/python3.12/site-packages/airflow/example_dags/example_branch_datetime_operator.py
[2024-08-13T04:50:55.239+0000] {processor.py:840} INFO - DAG(s) 'example_branch_datetime_operator_3', 'example_branch_datetime_operator', 'example_branch_datetime_operator_2' retrieved from /home/airflow/.local/lib/python3.12/site-packages/airflow/example_dags/example_branch_datetime_operator.py
[2024-08-13T04:50:55.282+0000] {logging_mixin.py:188} INFO - [2024-08-13T04:50:55.282+0000] {dag.py:3089} INFO - Sync 3 DAGs
[2024-08-13T04:50:55.310+0000] {logging_mixin.py:188} INFO - [2024-08-13T04:50:55.309+0000] {dag.py:3947} INFO - Setting next_dagrun for example_branch_datetime_operator to 2024-08-12 00:00:00+00:00, run_after=2024-08-13 00:00:00+00:00
[2024-08-13T04:50:55.319+0000] {logging_mixin.py:188} INFO - [2024-08-13T04:50:55.319+0000] {dag.py:3947} INFO - Setting next_dagrun for example_branch_datetime_operator_2 to 2024-08-12 00:00:00+00:00, run_after=2024-08-13 00:00:00+00:00
[2024-08-13T04:50:55.326+0000] {logging_mixin.py:188} INFO - [2024-08-13T04:50:55.326+0000] {dag.py:3947} INFO - Setting next_dagrun for example_branch_datetime_operator_3 to 2024-08-12 00:00:00+00:00, run_after=2024-08-13 00:00:00+00:00
[2024-08-13T04:50:55.411+0000] {processor.py:183} INFO - Processing /home/airflow/.local/lib/python3.12/site-packages/airflow/example_dags/example_branch_datetime_operator.py took 0.192 seconds
[2024-08-13T04:51:26.130+0000] {processor.py:161} INFO - Started process (PID=1125) to work on /home/airflow/.local/lib/python3.12/site-packages/airflow/example_dags/example_branch_datetime_operator.py
[2024-08-13T04:51:26.130+0000] {processor.py:830} INFO - Processing file /home/airflow/.local/lib/python3.12/site-packages/airflow/example_dags/example_branch_datetime_operator.py for tasks to queue
[2024-08-13T04:51:26.132+0000] {logging_mixin.py:188} INFO - [2024-08-13T04:51:26.132+0000] {dagbag.py:545} INFO - Filling up the DagBag from /home/airflow/.local/lib/python3.12/site-packages/airflow/example_dags/example_branch_datetime_operator.py
[2024-08-13T04:51:26.143+0000] {processor.py:840} INFO - DAG(s) 'example_branch_datetime_operator_2', 'example_branch_datetime_operator_3', 'example_branch_datetime_operator' retrieved from /home/airflow/.local/lib/python3.12/site-packages/airflow/example_dags/example_branch_datetime_operator.py
[2024-08-13T04:51:26.197+0000] {logging_mixin.py:188} INFO - [2024-08-13T04:51:26.197+0000] {dag.py:3089} INFO - Sync 3 DAGs
[2024-08-13T04:51:26.250+0000] {logging_mixin.py:188} INFO - [2024-08-13T04:51:26.249+0000] {dag.py:3947} INFO - Setting next_dagrun for example_branch_datetime_operator to 2024-08-12 00:00:00+00:00, run_after=2024-08-13 00:00:00+00:00
[2024-08-13T04:51:26.269+0000] {logging_mixin.py:188} INFO - [2024-08-13T04:51:26.269+0000] {dag.py:3947} INFO - Setting next_dagrun for example_branch_datetime_operator_2 to 2024-08-12 00:00:00+00:00, run_after=2024-08-13 00:00:00+00:00
[2024-08-13T04:51:26.290+0000] {logging_mixin.py:188} INFO - [2024-08-13T04:51:26.290+0000] {dag.py:3947} INFO - Setting next_dagrun for example_branch_datetime_operator_3 to 2024-08-12 00:00:00+00:00, run_after=2024-08-13 00:00:00+00:00
[2024-08-13T04:51:26.446+0000] {processor.py:183} INFO - Processing /home/airflow/.local/lib/python3.12/site-packages/airflow/example_dags/example_branch_datetime_operator.py took 0.323 seconds
[2024-08-13T04:51:59.053+0000] {processor.py:161} INFO - Started process (PID=1184) to work on /home/airflow/.local/lib/python3.12/site-packages/airflow/example_dags/example_branch_datetime_operator.py
[2024-08-13T04:51:59.055+0000] {processor.py:830} INFO - Processing file /home/airflow/.local/lib/python3.12/site-packages/airflow/example_dags/example_branch_datetime_operator.py for tasks to queue
[2024-08-13T04:51:59.059+0000] {logging_mixin.py:188} INFO - [2024-08-13T04:51:59.059+0000] {dagbag.py:545} INFO - Filling up the DagBag from /home/airflow/.local/lib/python3.12/site-packages/airflow/example_dags/example_branch_datetime_operator.py
[2024-08-13T04:51:59.133+0000] {processor.py:840} INFO - DAG(s) 'example_branch_datetime_operator', 'example_branch_datetime_operator_3', 'example_branch_datetime_operator_2' retrieved from /home/airflow/.local/lib/python3.12/site-packages/airflow/example_dags/example_branch_datetime_operator.py
[2024-08-13T04:51:59.297+0000] {logging_mixin.py:188} INFO - [2024-08-13T04:51:59.296+0000] {dag.py:3089} INFO - Sync 3 DAGs
[2024-08-13T04:51:59.585+0000] {logging_mixin.py:188} INFO - [2024-08-13T04:51:59.585+0000] {dag.py:3947} INFO - Setting next_dagrun for example_branch_datetime_operator to 2024-08-12 00:00:00+00:00, run_after=2024-08-13 00:00:00+00:00
[2024-08-13T04:51:59.635+0000] {logging_mixin.py:188} INFO - [2024-08-13T04:51:59.634+0000] {dag.py:3947} INFO - Setting next_dagrun for example_branch_datetime_operator_2 to 2024-08-12 00:00:00+00:00, run_after=2024-08-13 00:00:00+00:00
[2024-08-13T04:51:59.680+0000] {logging_mixin.py:188} INFO - [2024-08-13T04:51:59.680+0000] {dag.py:3947} INFO - Setting next_dagrun for example_branch_datetime_operator_3 to 2024-08-12 00:00:00+00:00, run_after=2024-08-13 00:00:00+00:00
[2024-08-13T04:52:01.471+0000] {processor.py:183} INFO - Processing /home/airflow/.local/lib/python3.12/site-packages/airflow/example_dags/example_branch_datetime_operator.py took 2.448 seconds
[2024-08-13T04:52:31.757+0000] {processor.py:161} INFO - Started process (PID=1242) to work on /home/airflow/.local/lib/python3.12/site-packages/airflow/example_dags/example_branch_datetime_operator.py
[2024-08-13T04:52:31.757+0000] {processor.py:830} INFO - Processing file /home/airflow/.local/lib/python3.12/site-packages/airflow/example_dags/example_branch_datetime_operator.py for tasks to queue
[2024-08-13T04:52:31.759+0000] {logging_mixin.py:188} INFO - [2024-08-13T04:52:31.759+0000] {dagbag.py:545} INFO - Filling up the DagBag from /home/airflow/.local/lib/python3.12/site-packages/airflow/example_dags/example_branch_datetime_operator.py
[2024-08-13T04:52:31.768+0000] {processor.py:840} INFO - DAG(s) 'example_branch_datetime_operator_3', 'example_branch_datetime_operator', 'example_branch_datetime_operator_2' retrieved from /home/airflow/.local/lib/python3.12/site-packages/airflow/example_dags/example_branch_datetime_operator.py
[2024-08-13T04:52:31.846+0000] {logging_mixin.py:188} INFO - [2024-08-13T04:52:31.845+0000] {dag.py:3089} INFO - Sync 3 DAGs
[2024-08-13T04:52:31.892+0000] {logging_mixin.py:188} INFO - [2024-08-13T04:52:31.892+0000] {dag.py:3947} INFO - Setting next_dagrun for example_branch_datetime_operator to 2024-08-12 00:00:00+00:00, run_after=2024-08-13 00:00:00+00:00
[2024-08-13T04:52:31.913+0000] {logging_mixin.py:188} INFO - [2024-08-13T04:52:31.912+0000] {dag.py:3947} INFO - Setting next_dagrun for example_branch_datetime_operator_2 to 2024-08-12 00:00:00+00:00, run_after=2024-08-13 00:00:00+00:00
[2024-08-13T04:52:31.923+0000] {logging_mixin.py:188} INFO - [2024-08-13T04:52:31.923+0000] {dag.py:3947} INFO - Setting next_dagrun for example_branch_datetime_operator_3 to 2024-08-12 00:00:00+00:00, run_after=2024-08-13 00:00:00+00:00
[2024-08-13T04:52:32.015+0000] {processor.py:183} INFO - Processing /home/airflow/.local/lib/python3.12/site-packages/airflow/example_dags/example_branch_datetime_operator.py took 0.264 seconds
[2024-08-13T04:53:02.589+0000] {processor.py:161} INFO - Started process (PID=1300) to work on /home/airflow/.local/lib/python3.12/site-packages/airflow/example_dags/example_branch_datetime_operator.py
[2024-08-13T04:53:02.603+0000] {processor.py:830} INFO - Processing file /home/airflow/.local/lib/python3.12/site-packages/airflow/example_dags/example_branch_datetime_operator.py for tasks to queue
[2024-08-13T04:53:02.619+0000] {logging_mixin.py:188} INFO - [2024-08-13T04:53:02.619+0000] {dagbag.py:545} INFO - Filling up the DagBag from /home/airflow/.local/lib/python3.12/site-packages/airflow/example_dags/example_branch_datetime_operator.py
[2024-08-13T04:53:02.740+0000] {processor.py:840} INFO - DAG(s) 'example_branch_datetime_operator_2', 'example_branch_datetime_operator_3', 'example_branch_datetime_operator' retrieved from /home/airflow/.local/lib/python3.12/site-packages/airflow/example_dags/example_branch_datetime_operator.py
[2024-08-13T04:53:03.156+0000] {logging_mixin.py:188} INFO - [2024-08-13T04:53:03.156+0000] {dag.py:3089} INFO - Sync 3 DAGs
[2024-08-13T04:53:03.360+0000] {logging_mixin.py:188} INFO - [2024-08-13T04:53:03.360+0000] {dag.py:3947} INFO - Setting next_dagrun for example_branch_datetime_operator to 2024-08-12 00:00:00+00:00, run_after=2024-08-13 00:00:00+00:00
[2024-08-13T04:53:03.476+0000] {logging_mixin.py:188} INFO - [2024-08-13T04:53:03.476+0000] {dag.py:3947} INFO - Setting next_dagrun for example_branch_datetime_operator_2 to 2024-08-12 00:00:00+00:00, run_after=2024-08-13 00:00:00+00:00
[2024-08-13T04:53:03.538+0000] {logging_mixin.py:188} INFO - [2024-08-13T04:53:03.538+0000] {dag.py:3947} INFO - Setting next_dagrun for example_branch_datetime_operator_3 to 2024-08-12 00:00:00+00:00, run_after=2024-08-13 00:00:00+00:00
[2024-08-13T04:53:03.653+0000] {processor.py:183} INFO - Processing /home/airflow/.local/lib/python3.12/site-packages/airflow/example_dags/example_branch_datetime_operator.py took 1.137 seconds
[2024-08-13T04:53:33.967+0000] {processor.py:161} INFO - Started process (PID=1359) to work on /home/airflow/.local/lib/python3.12/site-packages/airflow/example_dags/example_branch_datetime_operator.py
[2024-08-13T04:53:33.968+0000] {processor.py:830} INFO - Processing file /home/airflow/.local/lib/python3.12/site-packages/airflow/example_dags/example_branch_datetime_operator.py for tasks to queue
[2024-08-13T04:53:33.971+0000] {logging_mixin.py:188} INFO - [2024-08-13T04:53:33.970+0000] {dagbag.py:545} INFO - Filling up the DagBag from /home/airflow/.local/lib/python3.12/site-packages/airflow/example_dags/example_branch_datetime_operator.py
[2024-08-13T04:53:33.985+0000] {processor.py:840} INFO - DAG(s) 'example_branch_datetime_operator_3', 'example_branch_datetime_operator', 'example_branch_datetime_operator_2' retrieved from /home/airflow/.local/lib/python3.12/site-packages/airflow/example_dags/example_branch_datetime_operator.py
[2024-08-13T04:53:34.022+0000] {logging_mixin.py:188} INFO - [2024-08-13T04:53:34.022+0000] {dag.py:3089} INFO - Sync 3 DAGs
[2024-08-13T04:53:34.058+0000] {logging_mixin.py:188} INFO - [2024-08-13T04:53:34.057+0000] {dag.py:3947} INFO - Setting next_dagrun for example_branch_datetime_operator to 2024-08-12 00:00:00+00:00, run_after=2024-08-13 00:00:00+00:00
[2024-08-13T04:53:34.064+0000] {logging_mixin.py:188} INFO - [2024-08-13T04:53:34.064+0000] {dag.py:3947} INFO - Setting next_dagrun for example_branch_datetime_operator_2 to 2024-08-12 00:00:00+00:00, run_after=2024-08-13 00:00:00+00:00
[2024-08-13T04:53:34.067+0000] {logging_mixin.py:188} INFO - [2024-08-13T04:53:34.066+0000] {dag.py:3947} INFO - Setting next_dagrun for example_branch_datetime_operator_3 to 2024-08-12 00:00:00+00:00, run_after=2024-08-13 00:00:00+00:00
[2024-08-13T04:53:34.179+0000] {processor.py:183} INFO - Processing /home/airflow/.local/lib/python3.12/site-packages/airflow/example_dags/example_branch_datetime_operator.py took 0.219 seconds
[2024-08-13T04:54:04.348+0000] {processor.py:161} INFO - Started process (PID=1417) to work on /home/airflow/.local/lib/python3.12/site-packages/airflow/example_dags/example_branch_datetime_operator.py
[2024-08-13T04:54:04.349+0000] {processor.py:830} INFO - Processing file /home/airflow/.local/lib/python3.12/site-packages/airflow/example_dags/example_branch_datetime_operator.py for tasks to queue
[2024-08-13T04:54:04.360+0000] {logging_mixin.py:188} INFO - [2024-08-13T04:54:04.359+0000] {dagbag.py:545} INFO - Filling up the DagBag from /home/airflow/.local/lib/python3.12/site-packages/airflow/example_dags/example_branch_datetime_operator.py
[2024-08-13T04:54:04.383+0000] {processor.py:840} INFO - DAG(s) 'example_branch_datetime_operator_2', 'example_branch_datetime_operator', 'example_branch_datetime_operator_3' retrieved from /home/airflow/.local/lib/python3.12/site-packages/airflow/example_dags/example_branch_datetime_operator.py
[2024-08-13T04:54:04.436+0000] {logging_mixin.py:188} INFO - [2024-08-13T04:54:04.435+0000] {dag.py:3089} INFO - Sync 3 DAGs
[2024-08-13T04:54:04.466+0000] {logging_mixin.py:188} INFO - [2024-08-13T04:54:04.465+0000] {dag.py:3947} INFO - Setting next_dagrun for example_branch_datetime_operator to 2024-08-12 00:00:00+00:00, run_after=2024-08-13 00:00:00+00:00
[2024-08-13T04:54:04.471+0000] {logging_mixin.py:188} INFO - [2024-08-13T04:54:04.471+0000] {dag.py:3947} INFO - Setting next_dagrun for example_branch_datetime_operator_2 to 2024-08-12 00:00:00+00:00, run_after=2024-08-13 00:00:00+00:00
[2024-08-13T04:54:04.474+0000] {logging_mixin.py:188} INFO - [2024-08-13T04:54:04.474+0000] {dag.py:3947} INFO - Setting next_dagrun for example_branch_datetime_operator_3 to 2024-08-12 00:00:00+00:00, run_after=2024-08-13 00:00:00+00:00
[2024-08-13T04:54:04.539+0000] {processor.py:183} INFO - Processing /home/airflow/.local/lib/python3.12/site-packages/airflow/example_dags/example_branch_datetime_operator.py took 0.205 seconds
[2024-08-13T04:54:34.747+0000] {processor.py:161} INFO - Started process (PID=1475) to work on /home/airflow/.local/lib/python3.12/site-packages/airflow/example_dags/example_branch_datetime_operator.py
[2024-08-13T04:54:34.748+0000] {processor.py:830} INFO - Processing file /home/airflow/.local/lib/python3.12/site-packages/airflow/example_dags/example_branch_datetime_operator.py for tasks to queue
[2024-08-13T04:54:34.750+0000] {logging_mixin.py:188} INFO - [2024-08-13T04:54:34.750+0000] {dagbag.py:545} INFO - Filling up the DagBag from /home/airflow/.local/lib/python3.12/site-packages/airflow/example_dags/example_branch_datetime_operator.py
[2024-08-13T04:54:34.764+0000] {processor.py:840} INFO - DAG(s) 'example_branch_datetime_operator', 'example_branch_datetime_operator_3', 'example_branch_datetime_operator_2' retrieved from /home/airflow/.local/lib/python3.12/site-packages/airflow/example_dags/example_branch_datetime_operator.py
[2024-08-13T04:54:34.797+0000] {logging_mixin.py:188} INFO - [2024-08-13T04:54:34.797+0000] {dag.py:3089} INFO - Sync 3 DAGs
[2024-08-13T04:54:34.829+0000] {logging_mixin.py:188} INFO - [2024-08-13T04:54:34.829+0000] {dag.py:3947} INFO - Setting next_dagrun for example_branch_datetime_operator to 2024-08-12 00:00:00+00:00, run_after=2024-08-13 00:00:00+00:00
[2024-08-13T04:54:34.836+0000] {logging_mixin.py:188} INFO - [2024-08-13T04:54:34.835+0000] {dag.py:3947} INFO - Setting next_dagrun for example_branch_datetime_operator_2 to 2024-08-12 00:00:00+00:00, run_after=2024-08-13 00:00:00+00:00
[2024-08-13T04:54:34.838+0000] {logging_mixin.py:188} INFO - [2024-08-13T04:54:34.838+0000] {dag.py:3947} INFO - Setting next_dagrun for example_branch_datetime_operator_3 to 2024-08-12 00:00:00+00:00, run_after=2024-08-13 00:00:00+00:00
[2024-08-13T04:54:34.913+0000] {processor.py:183} INFO - Processing /home/airflow/.local/lib/python3.12/site-packages/airflow/example_dags/example_branch_datetime_operator.py took 0.175 seconds
[2024-08-13T04:55:05.219+0000] {processor.py:161} INFO - Started process (PID=1533) to work on /home/airflow/.local/lib/python3.12/site-packages/airflow/example_dags/example_branch_datetime_operator.py
[2024-08-13T04:55:05.220+0000] {processor.py:830} INFO - Processing file /home/airflow/.local/lib/python3.12/site-packages/airflow/example_dags/example_branch_datetime_operator.py for tasks to queue
[2024-08-13T04:55:05.225+0000] {logging_mixin.py:188} INFO - [2024-08-13T04:55:05.224+0000] {dagbag.py:545} INFO - Filling up the DagBag from /home/airflow/.local/lib/python3.12/site-packages/airflow/example_dags/example_branch_datetime_operator.py
[2024-08-13T04:55:05.246+0000] {processor.py:840} INFO - DAG(s) 'example_branch_datetime_operator_2', 'example_branch_datetime_operator_3', 'example_branch_datetime_operator' retrieved from /home/airflow/.local/lib/python3.12/site-packages/airflow/example_dags/example_branch_datetime_operator.py
[2024-08-13T04:55:05.293+0000] {logging_mixin.py:188} INFO - [2024-08-13T04:55:05.293+0000] {dag.py:3089} INFO - Sync 3 DAGs
[2024-08-13T04:55:05.326+0000] {logging_mixin.py:188} INFO - [2024-08-13T04:55:05.326+0000] {dag.py:3947} INFO - Setting next_dagrun for example_branch_datetime_operator to 2024-08-12 00:00:00+00:00, run_after=2024-08-13 00:00:00+00:00
[2024-08-13T04:55:05.337+0000] {logging_mixin.py:188} INFO - [2024-08-13T04:55:05.336+0000] {dag.py:3947} INFO - Setting next_dagrun for example_branch_datetime_operator_2 to 2024-08-12 00:00:00+00:00, run_after=2024-08-13 00:00:00+00:00
[2024-08-13T04:55:05.343+0000] {logging_mixin.py:188} INFO - [2024-08-13T04:55:05.343+0000] {dag.py:3947} INFO - Setting next_dagrun for example_branch_datetime_operator_3 to 2024-08-12 00:00:00+00:00, run_after=2024-08-13 00:00:00+00:00
[2024-08-13T04:55:05.422+0000] {processor.py:183} INFO - Processing /home/airflow/.local/lib/python3.12/site-packages/airflow/example_dags/example_branch_datetime_operator.py took 0.208 seconds
[2024-08-13T04:55:35.757+0000] {processor.py:161} INFO - Started process (PID=1591) to work on /home/airflow/.local/lib/python3.12/site-packages/airflow/example_dags/example_branch_datetime_operator.py
[2024-08-13T04:55:35.758+0000] {processor.py:830} INFO - Processing file /home/airflow/.local/lib/python3.12/site-packages/airflow/example_dags/example_branch_datetime_operator.py for tasks to queue
[2024-08-13T04:55:35.761+0000] {logging_mixin.py:188} INFO - [2024-08-13T04:55:35.761+0000] {dagbag.py:545} INFO - Filling up the DagBag from /home/airflow/.local/lib/python3.12/site-packages/airflow/example_dags/example_branch_datetime_operator.py
[2024-08-13T04:55:35.777+0000] {processor.py:840} INFO - DAG(s) 'example_branch_datetime_operator_2', 'example_branch_datetime_operator', 'example_branch_datetime_operator_3' retrieved from /home/airflow/.local/lib/python3.12/site-packages/airflow/example_dags/example_branch_datetime_operator.py
[2024-08-13T04:55:35.829+0000] {logging_mixin.py:188} INFO - [2024-08-13T04:55:35.829+0000] {dag.py:3089} INFO - Sync 3 DAGs
[2024-08-13T04:55:35.888+0000] {logging_mixin.py:188} INFO - [2024-08-13T04:55:35.886+0000] {dag.py:3947} INFO - Setting next_dagrun for example_branch_datetime_operator to 2024-08-12 00:00:00+00:00, run_after=2024-08-13 00:00:00+00:00
[2024-08-13T04:55:35.901+0000] {logging_mixin.py:188} INFO - [2024-08-13T04:55:35.901+0000] {dag.py:3947} INFO - Setting next_dagrun for example_branch_datetime_operator_2 to 2024-08-12 00:00:00+00:00, run_after=2024-08-13 00:00:00+00:00
[2024-08-13T04:55:35.904+0000] {logging_mixin.py:188} INFO - [2024-08-13T04:55:35.904+0000] {dag.py:3947} INFO - Setting next_dagrun for example_branch_datetime_operator_3 to 2024-08-12 00:00:00+00:00, run_after=2024-08-13 00:00:00+00:00
[2024-08-13T04:55:36.006+0000] {processor.py:183} INFO - Processing /home/airflow/.local/lib/python3.12/site-packages/airflow/example_dags/example_branch_datetime_operator.py took 0.255 seconds
[2024-08-13T04:56:06.153+0000] {processor.py:161} INFO - Started process (PID=1649) to work on /home/airflow/.local/lib/python3.12/site-packages/airflow/example_dags/example_branch_datetime_operator.py
[2024-08-13T04:56:06.154+0000] {processor.py:830} INFO - Processing file /home/airflow/.local/lib/python3.12/site-packages/airflow/example_dags/example_branch_datetime_operator.py for tasks to queue
[2024-08-13T04:56:06.158+0000] {logging_mixin.py:188} INFO - [2024-08-13T04:56:06.157+0000] {dagbag.py:545} INFO - Filling up the DagBag from /home/airflow/.local/lib/python3.12/site-packages/airflow/example_dags/example_branch_datetime_operator.py
[2024-08-13T04:56:06.171+0000] {processor.py:840} INFO - DAG(s) 'example_branch_datetime_operator_2', 'example_branch_datetime_operator_3', 'example_branch_datetime_operator' retrieved from /home/airflow/.local/lib/python3.12/site-packages/airflow/example_dags/example_branch_datetime_operator.py
[2024-08-13T04:56:06.205+0000] {logging_mixin.py:188} INFO - [2024-08-13T04:56:06.205+0000] {dag.py:3089} INFO - Sync 3 DAGs
[2024-08-13T04:56:06.237+0000] {logging_mixin.py:188} INFO - [2024-08-13T04:56:06.236+0000] {dag.py:3947} INFO - Setting next_dagrun for example_branch_datetime_operator to 2024-08-12 00:00:00+00:00, run_after=2024-08-13 00:00:00+00:00
[2024-08-13T04:56:06.244+0000] {logging_mixin.py:188} INFO - [2024-08-13T04:56:06.244+0000] {dag.py:3947} INFO - Setting next_dagrun for example_branch_datetime_operator_2 to 2024-08-12 00:00:00+00:00, run_after=2024-08-13 00:00:00+00:00
[2024-08-13T04:56:06.247+0000] {logging_mixin.py:188} INFO - [2024-08-13T04:56:06.247+0000] {dag.py:3947} INFO - Setting next_dagrun for example_branch_datetime_operator_3 to 2024-08-12 00:00:00+00:00, run_after=2024-08-13 00:00:00+00:00
[2024-08-13T04:56:06.334+0000] {processor.py:183} INFO - Processing /home/airflow/.local/lib/python3.12/site-packages/airflow/example_dags/example_branch_datetime_operator.py took 0.187 seconds
[2024-08-13T04:56:36.797+0000] {processor.py:161} INFO - Started process (PID=1707) to work on /home/airflow/.local/lib/python3.12/site-packages/airflow/example_dags/example_branch_datetime_operator.py
[2024-08-13T04:56:36.800+0000] {processor.py:830} INFO - Processing file /home/airflow/.local/lib/python3.12/site-packages/airflow/example_dags/example_branch_datetime_operator.py for tasks to queue
[2024-08-13T04:56:36.812+0000] {logging_mixin.py:188} INFO - [2024-08-13T04:56:36.812+0000] {dagbag.py:545} INFO - Filling up the DagBag from /home/airflow/.local/lib/python3.12/site-packages/airflow/example_dags/example_branch_datetime_operator.py
[2024-08-13T04:56:36.841+0000] {processor.py:840} INFO - DAG(s) 'example_branch_datetime_operator_2', 'example_branch_datetime_operator', 'example_branch_datetime_operator_3' retrieved from /home/airflow/.local/lib/python3.12/site-packages/airflow/example_dags/example_branch_datetime_operator.py
[2024-08-13T04:56:36.922+0000] {logging_mixin.py:188} INFO - [2024-08-13T04:56:36.922+0000] {dag.py:3089} INFO - Sync 3 DAGs
[2024-08-13T04:56:36.981+0000] {logging_mixin.py:188} INFO - [2024-08-13T04:56:36.981+0000] {dag.py:3947} INFO - Setting next_dagrun for example_branch_datetime_operator to 2024-08-12 00:00:00+00:00, run_after=2024-08-13 00:00:00+00:00
[2024-08-13T04:56:36.995+0000] {logging_mixin.py:188} INFO - [2024-08-13T04:56:36.994+0000] {dag.py:3947} INFO - Setting next_dagrun for example_branch_datetime_operator_2 to 2024-08-12 00:00:00+00:00, run_after=2024-08-13 00:00:00+00:00
[2024-08-13T04:56:36.999+0000] {logging_mixin.py:188} INFO - [2024-08-13T04:56:36.998+0000] {dag.py:3947} INFO - Setting next_dagrun for example_branch_datetime_operator_3 to 2024-08-12 00:00:00+00:00, run_after=2024-08-13 00:00:00+00:00
[2024-08-13T04:56:37.087+0000] {processor.py:183} INFO - Processing /home/airflow/.local/lib/python3.12/site-packages/airflow/example_dags/example_branch_datetime_operator.py took 0.298 seconds
[2024-08-13T04:57:07.639+0000] {processor.py:161} INFO - Started process (PID=1765) to work on /home/airflow/.local/lib/python3.12/site-packages/airflow/example_dags/example_branch_datetime_operator.py
[2024-08-13T04:57:07.640+0000] {processor.py:830} INFO - Processing file /home/airflow/.local/lib/python3.12/site-packages/airflow/example_dags/example_branch_datetime_operator.py for tasks to queue
[2024-08-13T04:57:07.643+0000] {logging_mixin.py:188} INFO - [2024-08-13T04:57:07.642+0000] {dagbag.py:545} INFO - Filling up the DagBag from /home/airflow/.local/lib/python3.12/site-packages/airflow/example_dags/example_branch_datetime_operator.py
[2024-08-13T04:57:07.656+0000] {processor.py:840} INFO - DAG(s) 'example_branch_datetime_operator', 'example_branch_datetime_operator_2', 'example_branch_datetime_operator_3' retrieved from /home/airflow/.local/lib/python3.12/site-packages/airflow/example_dags/example_branch_datetime_operator.py
[2024-08-13T04:57:07.689+0000] {logging_mixin.py:188} INFO - [2024-08-13T04:57:07.688+0000] {dag.py:3089} INFO - Sync 3 DAGs
[2024-08-13T04:57:07.720+0000] {logging_mixin.py:188} INFO - [2024-08-13T04:57:07.720+0000] {dag.py:3947} INFO - Setting next_dagrun for example_branch_datetime_operator to 2024-08-12 00:00:00+00:00, run_after=2024-08-13 00:00:00+00:00
[2024-08-13T04:57:07.725+0000] {logging_mixin.py:188} INFO - [2024-08-13T04:57:07.725+0000] {dag.py:3947} INFO - Setting next_dagrun for example_branch_datetime_operator_2 to 2024-08-12 00:00:00+00:00, run_after=2024-08-13 00:00:00+00:00
[2024-08-13T04:57:07.728+0000] {logging_mixin.py:188} INFO - [2024-08-13T04:57:07.727+0000] {dag.py:3947} INFO - Setting next_dagrun for example_branch_datetime_operator_3 to 2024-08-12 00:00:00+00:00, run_after=2024-08-13 00:00:00+00:00
[2024-08-13T04:57:07.861+0000] {processor.py:183} INFO - Processing /home/airflow/.local/lib/python3.12/site-packages/airflow/example_dags/example_branch_datetime_operator.py took 0.229 seconds
[2024-08-13T04:57:38.148+0000] {processor.py:161} INFO - Started process (PID=1823) to work on /home/airflow/.local/lib/python3.12/site-packages/airflow/example_dags/example_branch_datetime_operator.py
[2024-08-13T04:57:38.170+0000] {processor.py:830} INFO - Processing file /home/airflow/.local/lib/python3.12/site-packages/airflow/example_dags/example_branch_datetime_operator.py for tasks to queue
[2024-08-13T04:57:38.186+0000] {logging_mixin.py:188} INFO - [2024-08-13T04:57:38.186+0000] {dagbag.py:545} INFO - Filling up the DagBag from /home/airflow/.local/lib/python3.12/site-packages/airflow/example_dags/example_branch_datetime_operator.py
[2024-08-13T04:57:38.245+0000] {processor.py:840} INFO - DAG(s) 'example_branch_datetime_operator_3', 'example_branch_datetime_operator_2', 'example_branch_datetime_operator' retrieved from /home/airflow/.local/lib/python3.12/site-packages/airflow/example_dags/example_branch_datetime_operator.py
[2024-08-13T04:57:38.998+0000] {logging_mixin.py:188} INFO - [2024-08-13T04:57:38.998+0000] {dag.py:3089} INFO - Sync 3 DAGs
[2024-08-13T04:57:39.178+0000] {logging_mixin.py:188} INFO - [2024-08-13T04:57:39.177+0000] {dag.py:3947} INFO - Setting next_dagrun for example_branch_datetime_operator to 2024-08-12 00:00:00+00:00, run_after=2024-08-13 00:00:00+00:00
[2024-08-13T04:57:39.193+0000] {logging_mixin.py:188} INFO - [2024-08-13T04:57:39.193+0000] {dag.py:3947} INFO - Setting next_dagrun for example_branch_datetime_operator_2 to 2024-08-12 00:00:00+00:00, run_after=2024-08-13 00:00:00+00:00
[2024-08-13T04:57:39.200+0000] {logging_mixin.py:188} INFO - [2024-08-13T04:57:39.199+0000] {dag.py:3947} INFO - Setting next_dagrun for example_branch_datetime_operator_3 to 2024-08-12 00:00:00+00:00, run_after=2024-08-13 00:00:00+00:00
[2024-08-13T04:57:39.324+0000] {processor.py:183} INFO - Processing /home/airflow/.local/lib/python3.12/site-packages/airflow/example_dags/example_branch_datetime_operator.py took 1.222 seconds
[2024-08-13T04:58:09.496+0000] {processor.py:161} INFO - Started process (PID=1881) to work on /home/airflow/.local/lib/python3.12/site-packages/airflow/example_dags/example_branch_datetime_operator.py
[2024-08-13T04:58:09.497+0000] {processor.py:830} INFO - Processing file /home/airflow/.local/lib/python3.12/site-packages/airflow/example_dags/example_branch_datetime_operator.py for tasks to queue
[2024-08-13T04:58:09.505+0000] {logging_mixin.py:188} INFO - [2024-08-13T04:58:09.501+0000] {dagbag.py:545} INFO - Filling up the DagBag from /home/airflow/.local/lib/python3.12/site-packages/airflow/example_dags/example_branch_datetime_operator.py
[2024-08-13T04:58:09.532+0000] {processor.py:840} INFO - DAG(s) 'example_branch_datetime_operator_2', 'example_branch_datetime_operator', 'example_branch_datetime_operator_3' retrieved from /home/airflow/.local/lib/python3.12/site-packages/airflow/example_dags/example_branch_datetime_operator.py
[2024-08-13T04:58:09.683+0000] {logging_mixin.py:188} INFO - [2024-08-13T04:58:09.682+0000] {dag.py:3089} INFO - Sync 3 DAGs
[2024-08-13T04:58:10.319+0000] {logging_mixin.py:188} INFO - [2024-08-13T04:58:10.318+0000] {dag.py:3947} INFO - Setting next_dagrun for example_branch_datetime_operator to 2024-08-12 00:00:00+00:00, run_after=2024-08-13 00:00:00+00:00
[2024-08-13T04:58:10.344+0000] {logging_mixin.py:188} INFO - [2024-08-13T04:58:10.343+0000] {dag.py:3947} INFO - Setting next_dagrun for example_branch_datetime_operator_2 to 2024-08-12 00:00:00+00:00, run_after=2024-08-13 00:00:00+00:00
[2024-08-13T04:58:10.361+0000] {logging_mixin.py:188} INFO - [2024-08-13T04:58:10.361+0000] {dag.py:3947} INFO - Setting next_dagrun for example_branch_datetime_operator_3 to 2024-08-12 00:00:00+00:00, run_after=2024-08-13 00:00:00+00:00
[2024-08-13T04:58:10.566+0000] {processor.py:183} INFO - Processing /home/airflow/.local/lib/python3.12/site-packages/airflow/example_dags/example_branch_datetime_operator.py took 1.080 seconds
[2024-08-13T04:58:40.646+0000] {processor.py:161} INFO - Started process (PID=1939) to work on /home/airflow/.local/lib/python3.12/site-packages/airflow/example_dags/example_branch_datetime_operator.py
[2024-08-13T04:58:40.648+0000] {processor.py:830} INFO - Processing file /home/airflow/.local/lib/python3.12/site-packages/airflow/example_dags/example_branch_datetime_operator.py for tasks to queue
[2024-08-13T04:58:40.650+0000] {logging_mixin.py:188} INFO - [2024-08-13T04:58:40.650+0000] {dagbag.py:545} INFO - Filling up the DagBag from /home/airflow/.local/lib/python3.12/site-packages/airflow/example_dags/example_branch_datetime_operator.py
[2024-08-13T04:58:40.664+0000] {processor.py:840} INFO - DAG(s) 'example_branch_datetime_operator_3', 'example_branch_datetime_operator', 'example_branch_datetime_operator_2' retrieved from /home/airflow/.local/lib/python3.12/site-packages/airflow/example_dags/example_branch_datetime_operator.py
[2024-08-13T04:58:40.698+0000] {logging_mixin.py:188} INFO - [2024-08-13T04:58:40.698+0000] {dag.py:3089} INFO - Sync 3 DAGs
[2024-08-13T04:58:40.737+0000] {logging_mixin.py:188} INFO - [2024-08-13T04:58:40.736+0000] {dag.py:3947} INFO - Setting next_dagrun for example_branch_datetime_operator to 2024-08-12 00:00:00+00:00, run_after=2024-08-13 00:00:00+00:00
[2024-08-13T04:58:40.752+0000] {logging_mixin.py:188} INFO - [2024-08-13T04:58:40.752+0000] {dag.py:3947} INFO - Setting next_dagrun for example_branch_datetime_operator_2 to 2024-08-12 00:00:00+00:00, run_after=2024-08-13 00:00:00+00:00
[2024-08-13T04:58:40.763+0000] {logging_mixin.py:188} INFO - [2024-08-13T04:58:40.762+0000] {dag.py:3947} INFO - Setting next_dagrun for example_branch_datetime_operator_3 to 2024-08-12 00:00:00+00:00, run_after=2024-08-13 00:00:00+00:00
[2024-08-13T04:58:40.904+0000] {processor.py:183} INFO - Processing /home/airflow/.local/lib/python3.12/site-packages/airflow/example_dags/example_branch_datetime_operator.py took 0.266 seconds
[2024-08-13T04:59:11.422+0000] {processor.py:161} INFO - Started process (PID=1996) to work on /home/airflow/.local/lib/python3.12/site-packages/airflow/example_dags/example_branch_datetime_operator.py
[2024-08-13T04:59:11.424+0000] {processor.py:830} INFO - Processing file /home/airflow/.local/lib/python3.12/site-packages/airflow/example_dags/example_branch_datetime_operator.py for tasks to queue
[2024-08-13T04:59:11.426+0000] {logging_mixin.py:188} INFO - [2024-08-13T04:59:11.426+0000] {dagbag.py:545} INFO - Filling up the DagBag from /home/airflow/.local/lib/python3.12/site-packages/airflow/example_dags/example_branch_datetime_operator.py
[2024-08-13T04:59:11.440+0000] {processor.py:840} INFO - DAG(s) 'example_branch_datetime_operator_3', 'example_branch_datetime_operator', 'example_branch_datetime_operator_2' retrieved from /home/airflow/.local/lib/python3.12/site-packages/airflow/example_dags/example_branch_datetime_operator.py
[2024-08-13T04:59:11.473+0000] {logging_mixin.py:188} INFO - [2024-08-13T04:59:11.473+0000] {dag.py:3089} INFO - Sync 3 DAGs
[2024-08-13T04:59:11.505+0000] {logging_mixin.py:188} INFO - [2024-08-13T04:59:11.505+0000] {dag.py:3947} INFO - Setting next_dagrun for example_branch_datetime_operator to 2024-08-12 00:00:00+00:00, run_after=2024-08-13 00:00:00+00:00
[2024-08-13T04:59:11.511+0000] {logging_mixin.py:188} INFO - [2024-08-13T04:59:11.510+0000] {dag.py:3947} INFO - Setting next_dagrun for example_branch_datetime_operator_2 to 2024-08-12 00:00:00+00:00, run_after=2024-08-13 00:00:00+00:00
[2024-08-13T04:59:11.514+0000] {logging_mixin.py:188} INFO - [2024-08-13T04:59:11.514+0000] {dag.py:3947} INFO - Setting next_dagrun for example_branch_datetime_operator_3 to 2024-08-12 00:00:00+00:00, run_after=2024-08-13 00:00:00+00:00
[2024-08-13T04:59:11.601+0000] {processor.py:183} INFO - Processing /home/airflow/.local/lib/python3.12/site-packages/airflow/example_dags/example_branch_datetime_operator.py took 0.186 seconds
[2024-08-13T04:59:41.731+0000] {processor.py:161} INFO - Started process (PID=2055) to work on /home/airflow/.local/lib/python3.12/site-packages/airflow/example_dags/example_branch_datetime_operator.py
[2024-08-13T04:59:41.732+0000] {processor.py:830} INFO - Processing file /home/airflow/.local/lib/python3.12/site-packages/airflow/example_dags/example_branch_datetime_operator.py for tasks to queue
[2024-08-13T04:59:41.735+0000] {logging_mixin.py:188} INFO - [2024-08-13T04:59:41.734+0000] {dagbag.py:545} INFO - Filling up the DagBag from /home/airflow/.local/lib/python3.12/site-packages/airflow/example_dags/example_branch_datetime_operator.py
[2024-08-13T04:59:41.748+0000] {processor.py:840} INFO - DAG(s) 'example_branch_datetime_operator_3', 'example_branch_datetime_operator_2', 'example_branch_datetime_operator' retrieved from /home/airflow/.local/lib/python3.12/site-packages/airflow/example_dags/example_branch_datetime_operator.py
[2024-08-13T04:59:41.784+0000] {logging_mixin.py:188} INFO - [2024-08-13T04:59:41.783+0000] {dag.py:3089} INFO - Sync 3 DAGs
[2024-08-13T04:59:41.830+0000] {logging_mixin.py:188} INFO - [2024-08-13T04:59:41.830+0000] {dag.py:3947} INFO - Setting next_dagrun for example_branch_datetime_operator to 2024-08-12 00:00:00+00:00, run_after=2024-08-13 00:00:00+00:00
[2024-08-13T04:59:41.837+0000] {logging_mixin.py:188} INFO - [2024-08-13T04:59:41.836+0000] {dag.py:3947} INFO - Setting next_dagrun for example_branch_datetime_operator_2 to 2024-08-12 00:00:00+00:00, run_after=2024-08-13 00:00:00+00:00
[2024-08-13T04:59:41.839+0000] {logging_mixin.py:188} INFO - [2024-08-13T04:59:41.839+0000] {dag.py:3947} INFO - Setting next_dagrun for example_branch_datetime_operator_3 to 2024-08-12 00:00:00+00:00, run_after=2024-08-13 00:00:00+00:00
[2024-08-13T04:59:41.929+0000] {processor.py:183} INFO - Processing /home/airflow/.local/lib/python3.12/site-packages/airflow/example_dags/example_branch_datetime_operator.py took 0.206 seconds
[2024-08-13T05:00:12.228+0000] {processor.py:161} INFO - Started process (PID=2112) to work on /home/airflow/.local/lib/python3.12/site-packages/airflow/example_dags/example_branch_datetime_operator.py
[2024-08-13T05:00:12.249+0000] {processor.py:830} INFO - Processing file /home/airflow/.local/lib/python3.12/site-packages/airflow/example_dags/example_branch_datetime_operator.py for tasks to queue
[2024-08-13T05:00:12.253+0000] {logging_mixin.py:188} INFO - [2024-08-13T05:00:12.253+0000] {dagbag.py:545} INFO - Filling up the DagBag from /home/airflow/.local/lib/python3.12/site-packages/airflow/example_dags/example_branch_datetime_operator.py
[2024-08-13T05:00:12.290+0000] {processor.py:840} INFO - DAG(s) 'example_branch_datetime_operator_3', 'example_branch_datetime_operator_2', 'example_branch_datetime_operator' retrieved from /home/airflow/.local/lib/python3.12/site-packages/airflow/example_dags/example_branch_datetime_operator.py
[2024-08-13T05:00:12.339+0000] {logging_mixin.py:188} INFO - [2024-08-13T05:00:12.338+0000] {dag.py:3089} INFO - Sync 3 DAGs
[2024-08-13T05:00:12.380+0000] {logging_mixin.py:188} INFO - [2024-08-13T05:00:12.379+0000] {dag.py:3947} INFO - Setting next_dagrun for example_branch_datetime_operator to 2024-08-12 00:00:00+00:00, run_after=2024-08-13 00:00:00+00:00
[2024-08-13T05:00:12.387+0000] {logging_mixin.py:188} INFO - [2024-08-13T05:00:12.386+0000] {dag.py:3947} INFO - Setting next_dagrun for example_branch_datetime_operator_2 to 2024-08-12 00:00:00+00:00, run_after=2024-08-13 00:00:00+00:00
[2024-08-13T05:00:12.402+0000] {logging_mixin.py:188} INFO - [2024-08-13T05:00:12.401+0000] {dag.py:3947} INFO - Setting next_dagrun for example_branch_datetime_operator_3 to 2024-08-12 00:00:00+00:00, run_after=2024-08-13 00:00:00+00:00
[2024-08-13T05:00:12.558+0000] {processor.py:183} INFO - Processing /home/airflow/.local/lib/python3.12/site-packages/airflow/example_dags/example_branch_datetime_operator.py took 0.346 seconds
[2024-08-13T05:00:43.227+0000] {processor.py:161} INFO - Started process (PID=2170) to work on /home/airflow/.local/lib/python3.12/site-packages/airflow/example_dags/example_branch_datetime_operator.py
[2024-08-13T05:00:43.228+0000] {processor.py:830} INFO - Processing file /home/airflow/.local/lib/python3.12/site-packages/airflow/example_dags/example_branch_datetime_operator.py for tasks to queue
[2024-08-13T05:00:43.230+0000] {logging_mixin.py:188} INFO - [2024-08-13T05:00:43.230+0000] {dagbag.py:545} INFO - Filling up the DagBag from /home/airflow/.local/lib/python3.12/site-packages/airflow/example_dags/example_branch_datetime_operator.py
[2024-08-13T05:00:43.254+0000] {processor.py:840} INFO - DAG(s) 'example_branch_datetime_operator_2', 'example_branch_datetime_operator', 'example_branch_datetime_operator_3' retrieved from /home/airflow/.local/lib/python3.12/site-packages/airflow/example_dags/example_branch_datetime_operator.py
[2024-08-13T05:00:43.340+0000] {logging_mixin.py:188} INFO - [2024-08-13T05:00:43.340+0000] {dag.py:3089} INFO - Sync 3 DAGs
[2024-08-13T05:00:43.437+0000] {logging_mixin.py:188} INFO - [2024-08-13T05:00:43.437+0000] {dag.py:3947} INFO - Setting next_dagrun for example_branch_datetime_operator to 2024-08-12 00:00:00+00:00, run_after=2024-08-13 00:00:00+00:00
[2024-08-13T05:00:43.451+0000] {logging_mixin.py:188} INFO - [2024-08-13T05:00:43.450+0000] {dag.py:3947} INFO - Setting next_dagrun for example_branch_datetime_operator_2 to 2024-08-12 00:00:00+00:00, run_after=2024-08-13 00:00:00+00:00
[2024-08-13T05:00:43.462+0000] {logging_mixin.py:188} INFO - [2024-08-13T05:00:43.461+0000] {dag.py:3947} INFO - Setting next_dagrun for example_branch_datetime_operator_3 to 2024-08-12 00:00:00+00:00, run_after=2024-08-13 00:00:00+00:00
[2024-08-13T05:00:43.565+0000] {processor.py:183} INFO - Processing /home/airflow/.local/lib/python3.12/site-packages/airflow/example_dags/example_branch_datetime_operator.py took 0.348 seconds
[2024-08-13T05:01:13.813+0000] {processor.py:161} INFO - Started process (PID=2228) to work on /home/airflow/.local/lib/python3.12/site-packages/airflow/example_dags/example_branch_datetime_operator.py
[2024-08-13T05:01:13.814+0000] {processor.py:830} INFO - Processing file /home/airflow/.local/lib/python3.12/site-packages/airflow/example_dags/example_branch_datetime_operator.py for tasks to queue
[2024-08-13T05:01:13.818+0000] {logging_mixin.py:188} INFO - [2024-08-13T05:01:13.817+0000] {dagbag.py:545} INFO - Filling up the DagBag from /home/airflow/.local/lib/python3.12/site-packages/airflow/example_dags/example_branch_datetime_operator.py
[2024-08-13T05:01:13.832+0000] {processor.py:840} INFO - DAG(s) 'example_branch_datetime_operator_3', 'example_branch_datetime_operator_2', 'example_branch_datetime_operator' retrieved from /home/airflow/.local/lib/python3.12/site-packages/airflow/example_dags/example_branch_datetime_operator.py
[2024-08-13T05:01:13.865+0000] {logging_mixin.py:188} INFO - [2024-08-13T05:01:13.865+0000] {dag.py:3089} INFO - Sync 3 DAGs
[2024-08-13T05:01:13.899+0000] {logging_mixin.py:188} INFO - [2024-08-13T05:01:13.899+0000] {dag.py:3947} INFO - Setting next_dagrun for example_branch_datetime_operator to 2024-08-12 00:00:00+00:00, run_after=2024-08-13 00:00:00+00:00
[2024-08-13T05:01:13.906+0000] {logging_mixin.py:188} INFO - [2024-08-13T05:01:13.906+0000] {dag.py:3947} INFO - Setting next_dagrun for example_branch_datetime_operator_2 to 2024-08-12 00:00:00+00:00, run_after=2024-08-13 00:00:00+00:00
[2024-08-13T05:01:13.909+0000] {logging_mixin.py:188} INFO - [2024-08-13T05:01:13.909+0000] {dag.py:3947} INFO - Setting next_dagrun for example_branch_datetime_operator_3 to 2024-08-12 00:00:00+00:00, run_after=2024-08-13 00:00:00+00:00
[2024-08-13T05:01:14.047+0000] {processor.py:183} INFO - Processing /home/airflow/.local/lib/python3.12/site-packages/airflow/example_dags/example_branch_datetime_operator.py took 0.239 seconds
[2024-08-13T05:01:44.508+0000] {processor.py:161} INFO - Started process (PID=2287) to work on /home/airflow/.local/lib/python3.12/site-packages/airflow/example_dags/example_branch_datetime_operator.py
[2024-08-13T05:01:44.509+0000] {processor.py:830} INFO - Processing file /home/airflow/.local/lib/python3.12/site-packages/airflow/example_dags/example_branch_datetime_operator.py for tasks to queue
[2024-08-13T05:01:44.511+0000] {logging_mixin.py:188} INFO - [2024-08-13T05:01:44.511+0000] {dagbag.py:545} INFO - Filling up the DagBag from /home/airflow/.local/lib/python3.12/site-packages/airflow/example_dags/example_branch_datetime_operator.py
[2024-08-13T05:01:44.525+0000] {processor.py:840} INFO - DAG(s) 'example_branch_datetime_operator', 'example_branch_datetime_operator_3', 'example_branch_datetime_operator_2' retrieved from /home/airflow/.local/lib/python3.12/site-packages/airflow/example_dags/example_branch_datetime_operator.py
[2024-08-13T05:01:44.557+0000] {logging_mixin.py:188} INFO - [2024-08-13T05:01:44.556+0000] {dag.py:3089} INFO - Sync 3 DAGs
[2024-08-13T05:01:44.589+0000] {logging_mixin.py:188} INFO - [2024-08-13T05:01:44.589+0000] {dag.py:3947} INFO - Setting next_dagrun for example_branch_datetime_operator to 2024-08-12 00:00:00+00:00, run_after=2024-08-13 00:00:00+00:00
[2024-08-13T05:01:44.595+0000] {logging_mixin.py:188} INFO - [2024-08-13T05:01:44.594+0000] {dag.py:3947} INFO - Setting next_dagrun for example_branch_datetime_operator_2 to 2024-08-12 00:00:00+00:00, run_after=2024-08-13 00:00:00+00:00
[2024-08-13T05:01:44.597+0000] {logging_mixin.py:188} INFO - [2024-08-13T05:01:44.597+0000] {dag.py:3947} INFO - Setting next_dagrun for example_branch_datetime_operator_3 to 2024-08-12 00:00:00+00:00, run_after=2024-08-13 00:00:00+00:00
[2024-08-13T05:01:44.692+0000] {processor.py:183} INFO - Processing /home/airflow/.local/lib/python3.12/site-packages/airflow/example_dags/example_branch_datetime_operator.py took 0.194 seconds
[2024-08-13T05:02:15.310+0000] {processor.py:161} INFO - Started process (PID=2346) to work on /home/airflow/.local/lib/python3.12/site-packages/airflow/example_dags/example_branch_datetime_operator.py
[2024-08-13T05:02:15.311+0000] {processor.py:830} INFO - Processing file /home/airflow/.local/lib/python3.12/site-packages/airflow/example_dags/example_branch_datetime_operator.py for tasks to queue
[2024-08-13T05:02:15.314+0000] {logging_mixin.py:188} INFO - [2024-08-13T05:02:15.313+0000] {dagbag.py:545} INFO - Filling up the DagBag from /home/airflow/.local/lib/python3.12/site-packages/airflow/example_dags/example_branch_datetime_operator.py
[2024-08-13T05:02:15.327+0000] {processor.py:840} INFO - DAG(s) 'example_branch_datetime_operator_2', 'example_branch_datetime_operator_3', 'example_branch_datetime_operator' retrieved from /home/airflow/.local/lib/python3.12/site-packages/airflow/example_dags/example_branch_datetime_operator.py
[2024-08-13T05:02:15.360+0000] {logging_mixin.py:188} INFO - [2024-08-13T05:02:15.360+0000] {dag.py:3089} INFO - Sync 3 DAGs
[2024-08-13T05:02:15.397+0000] {logging_mixin.py:188} INFO - [2024-08-13T05:02:15.396+0000] {dag.py:3947} INFO - Setting next_dagrun for example_branch_datetime_operator to 2024-08-12 00:00:00+00:00, run_after=2024-08-13 00:00:00+00:00
[2024-08-13T05:02:15.404+0000] {logging_mixin.py:188} INFO - [2024-08-13T05:02:15.403+0000] {dag.py:3947} INFO - Setting next_dagrun for example_branch_datetime_operator_2 to 2024-08-12 00:00:00+00:00, run_after=2024-08-13 00:00:00+00:00
[2024-08-13T05:02:15.407+0000] {logging_mixin.py:188} INFO - [2024-08-13T05:02:15.407+0000] {dag.py:3947} INFO - Setting next_dagrun for example_branch_datetime_operator_3 to 2024-08-12 00:00:00+00:00, run_after=2024-08-13 00:00:00+00:00
[2024-08-13T05:02:15.501+0000] {processor.py:183} INFO - Processing /home/airflow/.local/lib/python3.12/site-packages/airflow/example_dags/example_branch_datetime_operator.py took 0.199 seconds
[2024-08-13T05:02:45.932+0000] {processor.py:161} INFO - Started process (PID=2405) to work on /home/airflow/.local/lib/python3.12/site-packages/airflow/example_dags/example_branch_datetime_operator.py
[2024-08-13T05:02:45.935+0000] {processor.py:830} INFO - Processing file /home/airflow/.local/lib/python3.12/site-packages/airflow/example_dags/example_branch_datetime_operator.py for tasks to queue
[2024-08-13T05:02:45.944+0000] {logging_mixin.py:188} INFO - [2024-08-13T05:02:45.939+0000] {dagbag.py:545} INFO - Filling up the DagBag from /home/airflow/.local/lib/python3.12/site-packages/airflow/example_dags/example_branch_datetime_operator.py
[2024-08-13T05:02:45.965+0000] {processor.py:840} INFO - DAG(s) 'example_branch_datetime_operator_2', 'example_branch_datetime_operator_3', 'example_branch_datetime_operator' retrieved from /home/airflow/.local/lib/python3.12/site-packages/airflow/example_dags/example_branch_datetime_operator.py
[2024-08-13T05:02:46.052+0000] {logging_mixin.py:188} INFO - [2024-08-13T05:02:46.052+0000] {dag.py:3089} INFO - Sync 3 DAGs
[2024-08-13T05:02:46.125+0000] {logging_mixin.py:188} INFO - [2024-08-13T05:02:46.124+0000] {dag.py:3947} INFO - Setting next_dagrun for example_branch_datetime_operator to 2024-08-12 00:00:00+00:00, run_after=2024-08-13 00:00:00+00:00
[2024-08-13T05:02:46.132+0000] {logging_mixin.py:188} INFO - [2024-08-13T05:02:46.131+0000] {dag.py:3947} INFO - Setting next_dagrun for example_branch_datetime_operator_2 to 2024-08-12 00:00:00+00:00, run_after=2024-08-13 00:00:00+00:00
[2024-08-13T05:02:46.135+0000] {logging_mixin.py:188} INFO - [2024-08-13T05:02:46.135+0000] {dag.py:3947} INFO - Setting next_dagrun for example_branch_datetime_operator_3 to 2024-08-12 00:00:00+00:00, run_after=2024-08-13 00:00:00+00:00
[2024-08-13T05:02:46.242+0000] {processor.py:183} INFO - Processing /home/airflow/.local/lib/python3.12/site-packages/airflow/example_dags/example_branch_datetime_operator.py took 0.319 seconds
[2024-08-13T05:03:16.703+0000] {processor.py:161} INFO - Started process (PID=2463) to work on /home/airflow/.local/lib/python3.12/site-packages/airflow/example_dags/example_branch_datetime_operator.py
[2024-08-13T05:03:16.705+0000] {processor.py:830} INFO - Processing file /home/airflow/.local/lib/python3.12/site-packages/airflow/example_dags/example_branch_datetime_operator.py for tasks to queue
[2024-08-13T05:03:16.717+0000] {logging_mixin.py:188} INFO - [2024-08-13T05:03:16.717+0000] {dagbag.py:545} INFO - Filling up the DagBag from /home/airflow/.local/lib/python3.12/site-packages/airflow/example_dags/example_branch_datetime_operator.py
[2024-08-13T05:03:16.744+0000] {processor.py:840} INFO - DAG(s) 'example_branch_datetime_operator_3', 'example_branch_datetime_operator_2', 'example_branch_datetime_operator' retrieved from /home/airflow/.local/lib/python3.12/site-packages/airflow/example_dags/example_branch_datetime_operator.py
[2024-08-13T05:03:16.794+0000] {logging_mixin.py:188} INFO - [2024-08-13T05:03:16.793+0000] {dag.py:3089} INFO - Sync 3 DAGs
[2024-08-13T05:03:16.837+0000] {logging_mixin.py:188} INFO - [2024-08-13T05:03:16.837+0000] {dag.py:3947} INFO - Setting next_dagrun for example_branch_datetime_operator to 2024-08-12 00:00:00+00:00, run_after=2024-08-13 00:00:00+00:00
[2024-08-13T05:03:16.846+0000] {logging_mixin.py:188} INFO - [2024-08-13T05:03:16.845+0000] {dag.py:3947} INFO - Setting next_dagrun for example_branch_datetime_operator_2 to 2024-08-12 00:00:00+00:00, run_after=2024-08-13 00:00:00+00:00
[2024-08-13T05:03:16.850+0000] {logging_mixin.py:188} INFO - [2024-08-13T05:03:16.850+0000] {dag.py:3947} INFO - Setting next_dagrun for example_branch_datetime_operator_3 to 2024-08-12 00:00:00+00:00, run_after=2024-08-13 00:00:00+00:00
[2024-08-13T05:03:16.956+0000] {processor.py:183} INFO - Processing /home/airflow/.local/lib/python3.12/site-packages/airflow/example_dags/example_branch_datetime_operator.py took 0.262 seconds
