[2024-08-13T04:41:53.208+0000] {processor.py:161} INFO - Started process (PID=80) to work on /home/airflow/.local/lib/python3.12/site-packages/airflow/example_dags/example_xcomargs.py
[2024-08-13T04:41:53.210+0000] {processor.py:830} INFO - Processing file /home/airflow/.local/lib/python3.12/site-packages/airflow/example_dags/example_xcomargs.py for tasks to queue
[2024-08-13T04:41:53.221+0000] {logging_mixin.py:188} INFO - [2024-08-13T04:41:53.220+0000] {dagbag.py:545} INFO - Filling up the DagBag from /home/airflow/.local/lib/python3.12/site-packages/airflow/example_dags/example_xcomargs.py
[2024-08-13T04:41:53.246+0000] {processor.py:840} INFO - DAG(s) 'example_xcom_args', 'example_xcom_args_with_operators' retrieved from /home/airflow/.local/lib/python3.12/site-packages/airflow/example_dags/example_xcomargs.py
[2024-08-13T04:41:54.835+0000] {logging_mixin.py:188} INFO - [2024-08-13T04:41:54.835+0000] {dag.py:3089} INFO - Sync 2 DAGs
[2024-08-13T04:41:55.110+0000] {logging_mixin.py:188} INFO - [2024-08-13T04:41:55.092+0000] {dag.py:3947} INFO - Setting next_dagrun for example_xcom_args to None, run_after=None
[2024-08-13T04:41:55.169+0000] {logging_mixin.py:188} INFO - [2024-08-13T04:41:55.126+0000] {dag.py:3947} INFO - Setting next_dagrun for example_xcom_args_with_operators to None, run_after=None
[2024-08-13T04:41:55.760+0000] {processor.py:183} INFO - Processing /home/airflow/.local/lib/python3.12/site-packages/airflow/example_dags/example_xcomargs.py took 2.608 seconds
[2024-08-13T04:42:33.361+0000] {processor.py:161} INFO - Started process (PID=137) to work on /home/airflow/.local/lib/python3.12/site-packages/airflow/example_dags/example_xcomargs.py
[2024-08-13T04:42:33.372+0000] {processor.py:830} INFO - Processing file /home/airflow/.local/lib/python3.12/site-packages/airflow/example_dags/example_xcomargs.py for tasks to queue
[2024-08-13T04:42:33.384+0000] {logging_mixin.py:188} INFO - [2024-08-13T04:42:33.384+0000] {dagbag.py:545} INFO - Filling up the DagBag from /home/airflow/.local/lib/python3.12/site-packages/airflow/example_dags/example_xcomargs.py
[2024-08-13T04:42:33.407+0000] {processor.py:840} INFO - DAG(s) 'example_xcom_args_with_operators', 'example_xcom_args' retrieved from /home/airflow/.local/lib/python3.12/site-packages/airflow/example_dags/example_xcomargs.py
[2024-08-13T04:42:33.557+0000] {logging_mixin.py:188} INFO - [2024-08-13T04:42:33.555+0000] {dag.py:3089} INFO - Sync 2 DAGs
[2024-08-13T04:42:33.644+0000] {logging_mixin.py:188} INFO - [2024-08-13T04:42:33.643+0000] {dag.py:3947} INFO - Setting next_dagrun for example_xcom_args to None, run_after=None
[2024-08-13T04:42:33.661+0000] {logging_mixin.py:188} INFO - [2024-08-13T04:42:33.661+0000] {dag.py:3947} INFO - Setting next_dagrun for example_xcom_args_with_operators to None, run_after=None
[2024-08-13T04:42:33.765+0000] {processor.py:183} INFO - Processing /home/airflow/.local/lib/python3.12/site-packages/airflow/example_dags/example_xcomargs.py took 0.423 seconds
[2024-08-13T04:43:07.840+0000] {processor.py:161} INFO - Started process (PID=194) to work on /home/airflow/.local/lib/python3.12/site-packages/airflow/example_dags/example_xcomargs.py
[2024-08-13T04:43:07.871+0000] {processor.py:830} INFO - Processing file /home/airflow/.local/lib/python3.12/site-packages/airflow/example_dags/example_xcomargs.py for tasks to queue
[2024-08-13T04:43:07.949+0000] {logging_mixin.py:188} INFO - [2024-08-13T04:43:07.949+0000] {dagbag.py:545} INFO - Filling up the DagBag from /home/airflow/.local/lib/python3.12/site-packages/airflow/example_dags/example_xcomargs.py
[2024-08-13T04:43:08.075+0000] {processor.py:840} INFO - DAG(s) 'example_xcom_args_with_operators', 'example_xcom_args' retrieved from /home/airflow/.local/lib/python3.12/site-packages/airflow/example_dags/example_xcomargs.py
[2024-08-13T04:43:08.588+0000] {logging_mixin.py:188} INFO - [2024-08-13T04:43:08.586+0000] {dag.py:3089} INFO - Sync 2 DAGs
[2024-08-13T04:43:09.040+0000] {logging_mixin.py:188} INFO - [2024-08-13T04:43:09.039+0000] {dag.py:3947} INFO - Setting next_dagrun for example_xcom_args to None, run_after=None
[2024-08-13T04:43:09.072+0000] {logging_mixin.py:188} INFO - [2024-08-13T04:43:09.071+0000] {dag.py:3947} INFO - Setting next_dagrun for example_xcom_args_with_operators to None, run_after=None
[2024-08-13T04:43:09.342+0000] {processor.py:183} INFO - Processing /home/airflow/.local/lib/python3.12/site-packages/airflow/example_dags/example_xcomargs.py took 1.644 seconds
[2024-08-13T04:43:40.214+0000] {processor.py:161} INFO - Started process (PID=251) to work on /home/airflow/.local/lib/python3.12/site-packages/airflow/example_dags/example_xcomargs.py
[2024-08-13T04:43:40.232+0000] {processor.py:830} INFO - Processing file /home/airflow/.local/lib/python3.12/site-packages/airflow/example_dags/example_xcomargs.py for tasks to queue
[2024-08-13T04:43:40.242+0000] {logging_mixin.py:188} INFO - [2024-08-13T04:43:40.242+0000] {dagbag.py:545} INFO - Filling up the DagBag from /home/airflow/.local/lib/python3.12/site-packages/airflow/example_dags/example_xcomargs.py
[2024-08-13T04:43:40.265+0000] {processor.py:840} INFO - DAG(s) 'example_xcom_args_with_operators', 'example_xcom_args' retrieved from /home/airflow/.local/lib/python3.12/site-packages/airflow/example_dags/example_xcomargs.py
[2024-08-13T04:43:40.367+0000] {logging_mixin.py:188} INFO - [2024-08-13T04:43:40.367+0000] {dag.py:3089} INFO - Sync 2 DAGs
[2024-08-13T04:43:40.396+0000] {logging_mixin.py:188} INFO - [2024-08-13T04:43:40.396+0000] {dag.py:3947} INFO - Setting next_dagrun for example_xcom_args to None, run_after=None
[2024-08-13T04:43:40.402+0000] {logging_mixin.py:188} INFO - [2024-08-13T04:43:40.402+0000] {dag.py:3947} INFO - Setting next_dagrun for example_xcom_args_with_operators to None, run_after=None
[2024-08-13T04:43:40.508+0000] {processor.py:183} INFO - Processing /home/airflow/.local/lib/python3.12/site-packages/airflow/example_dags/example_xcomargs.py took 0.303 seconds
[2024-08-13T04:44:11.165+0000] {processor.py:161} INFO - Started process (PID=309) to work on /home/airflow/.local/lib/python3.12/site-packages/airflow/example_dags/example_xcomargs.py
[2024-08-13T04:44:11.167+0000] {processor.py:830} INFO - Processing file /home/airflow/.local/lib/python3.12/site-packages/airflow/example_dags/example_xcomargs.py for tasks to queue
[2024-08-13T04:44:11.171+0000] {logging_mixin.py:188} INFO - [2024-08-13T04:44:11.170+0000] {dagbag.py:545} INFO - Filling up the DagBag from /home/airflow/.local/lib/python3.12/site-packages/airflow/example_dags/example_xcomargs.py
[2024-08-13T04:44:11.193+0000] {processor.py:840} INFO - DAG(s) 'example_xcom_args', 'example_xcom_args_with_operators' retrieved from /home/airflow/.local/lib/python3.12/site-packages/airflow/example_dags/example_xcomargs.py
[2024-08-13T04:44:11.242+0000] {logging_mixin.py:188} INFO - [2024-08-13T04:44:11.242+0000] {dag.py:3089} INFO - Sync 2 DAGs
[2024-08-13T04:44:11.282+0000] {logging_mixin.py:188} INFO - [2024-08-13T04:44:11.278+0000] {dag.py:3947} INFO - Setting next_dagrun for example_xcom_args to None, run_after=None
[2024-08-13T04:44:11.295+0000] {logging_mixin.py:188} INFO - [2024-08-13T04:44:11.295+0000] {dag.py:3947} INFO - Setting next_dagrun for example_xcom_args_with_operators to None, run_after=None
[2024-08-13T04:44:11.436+0000] {processor.py:183} INFO - Processing /home/airflow/.local/lib/python3.12/site-packages/airflow/example_dags/example_xcomargs.py took 0.300 seconds
[2024-08-13T04:44:41.699+0000] {processor.py:161} INFO - Started process (PID=367) to work on /home/airflow/.local/lib/python3.12/site-packages/airflow/example_dags/example_xcomargs.py
[2024-08-13T04:44:41.700+0000] {processor.py:830} INFO - Processing file /home/airflow/.local/lib/python3.12/site-packages/airflow/example_dags/example_xcomargs.py for tasks to queue
[2024-08-13T04:44:41.702+0000] {logging_mixin.py:188} INFO - [2024-08-13T04:44:41.702+0000] {dagbag.py:545} INFO - Filling up the DagBag from /home/airflow/.local/lib/python3.12/site-packages/airflow/example_dags/example_xcomargs.py
[2024-08-13T04:44:41.716+0000] {processor.py:840} INFO - DAG(s) 'example_xcom_args', 'example_xcom_args_with_operators' retrieved from /home/airflow/.local/lib/python3.12/site-packages/airflow/example_dags/example_xcomargs.py
[2024-08-13T04:44:41.745+0000] {logging_mixin.py:188} INFO - [2024-08-13T04:44:41.745+0000] {dag.py:3089} INFO - Sync 2 DAGs
[2024-08-13T04:44:41.765+0000] {logging_mixin.py:188} INFO - [2024-08-13T04:44:41.765+0000] {dag.py:3947} INFO - Setting next_dagrun for example_xcom_args to None, run_after=None
[2024-08-13T04:44:41.770+0000] {logging_mixin.py:188} INFO - [2024-08-13T04:44:41.770+0000] {dag.py:3947} INFO - Setting next_dagrun for example_xcom_args_with_operators to None, run_after=None
[2024-08-13T04:44:41.902+0000] {processor.py:183} INFO - Processing /home/airflow/.local/lib/python3.12/site-packages/airflow/example_dags/example_xcomargs.py took 0.211 seconds
[2024-08-13T04:45:12.870+0000] {processor.py:161} INFO - Started process (PID=425) to work on /home/airflow/.local/lib/python3.12/site-packages/airflow/example_dags/example_xcomargs.py
[2024-08-13T04:45:12.872+0000] {processor.py:830} INFO - Processing file /home/airflow/.local/lib/python3.12/site-packages/airflow/example_dags/example_xcomargs.py for tasks to queue
[2024-08-13T04:45:12.875+0000] {logging_mixin.py:188} INFO - [2024-08-13T04:45:12.874+0000] {dagbag.py:545} INFO - Filling up the DagBag from /home/airflow/.local/lib/python3.12/site-packages/airflow/example_dags/example_xcomargs.py
[2024-08-13T04:45:12.889+0000] {processor.py:840} INFO - DAG(s) 'example_xcom_args_with_operators', 'example_xcom_args' retrieved from /home/airflow/.local/lib/python3.12/site-packages/airflow/example_dags/example_xcomargs.py
[2024-08-13T04:45:12.912+0000] {logging_mixin.py:188} INFO - [2024-08-13T04:45:12.912+0000] {dag.py:3089} INFO - Sync 2 DAGs
[2024-08-13T04:45:12.925+0000] {logging_mixin.py:188} INFO - [2024-08-13T04:45:12.925+0000] {dag.py:3947} INFO - Setting next_dagrun for example_xcom_args to None, run_after=None
[2024-08-13T04:45:12.929+0000] {logging_mixin.py:188} INFO - [2024-08-13T04:45:12.929+0000] {dag.py:3947} INFO - Setting next_dagrun for example_xcom_args_with_operators to None, run_after=None
[2024-08-13T04:45:12.986+0000] {processor.py:183} INFO - Processing /home/airflow/.local/lib/python3.12/site-packages/airflow/example_dags/example_xcomargs.py took 0.125 seconds
[2024-08-13T04:45:44.782+0000] {processor.py:161} INFO - Started process (PID=482) to work on /home/airflow/.local/lib/python3.12/site-packages/airflow/example_dags/example_xcomargs.py
[2024-08-13T04:45:44.783+0000] {processor.py:830} INFO - Processing file /home/airflow/.local/lib/python3.12/site-packages/airflow/example_dags/example_xcomargs.py for tasks to queue
[2024-08-13T04:45:44.788+0000] {logging_mixin.py:188} INFO - [2024-08-13T04:45:44.787+0000] {dagbag.py:545} INFO - Filling up the DagBag from /home/airflow/.local/lib/python3.12/site-packages/airflow/example_dags/example_xcomargs.py
[2024-08-13T04:45:44.804+0000] {processor.py:840} INFO - DAG(s) 'example_xcom_args', 'example_xcom_args_with_operators' retrieved from /home/airflow/.local/lib/python3.12/site-packages/airflow/example_dags/example_xcomargs.py
[2024-08-13T04:45:44.853+0000] {logging_mixin.py:188} INFO - [2024-08-13T04:45:44.853+0000] {dag.py:3089} INFO - Sync 2 DAGs
[2024-08-13T04:45:44.872+0000] {logging_mixin.py:188} INFO - [2024-08-13T04:45:44.871+0000] {dag.py:3947} INFO - Setting next_dagrun for example_xcom_args to None, run_after=None
[2024-08-13T04:45:44.875+0000] {logging_mixin.py:188} INFO - [2024-08-13T04:45:44.875+0000] {dag.py:3947} INFO - Setting next_dagrun for example_xcom_args_with_operators to None, run_after=None
[2024-08-13T04:45:45.027+0000] {processor.py:183} INFO - Processing /home/airflow/.local/lib/python3.12/site-packages/airflow/example_dags/example_xcomargs.py took 0.252 seconds
[2024-08-13T04:46:15.466+0000] {processor.py:161} INFO - Started process (PID=540) to work on /home/airflow/.local/lib/python3.12/site-packages/airflow/example_dags/example_xcomargs.py
[2024-08-13T04:46:15.467+0000] {processor.py:830} INFO - Processing file /home/airflow/.local/lib/python3.12/site-packages/airflow/example_dags/example_xcomargs.py for tasks to queue
[2024-08-13T04:46:15.468+0000] {logging_mixin.py:188} INFO - [2024-08-13T04:46:15.468+0000] {dagbag.py:545} INFO - Filling up the DagBag from /home/airflow/.local/lib/python3.12/site-packages/airflow/example_dags/example_xcomargs.py
[2024-08-13T04:46:15.482+0000] {processor.py:840} INFO - DAG(s) 'example_xcom_args_with_operators', 'example_xcom_args' retrieved from /home/airflow/.local/lib/python3.12/site-packages/airflow/example_dags/example_xcomargs.py
[2024-08-13T04:46:15.510+0000] {logging_mixin.py:188} INFO - [2024-08-13T04:46:15.509+0000] {dag.py:3089} INFO - Sync 2 DAGs
[2024-08-13T04:46:15.525+0000] {logging_mixin.py:188} INFO - [2024-08-13T04:46:15.524+0000] {dag.py:3947} INFO - Setting next_dagrun for example_xcom_args to None, run_after=None
[2024-08-13T04:46:15.528+0000] {logging_mixin.py:188} INFO - [2024-08-13T04:46:15.528+0000] {dag.py:3947} INFO - Setting next_dagrun for example_xcom_args_with_operators to None, run_after=None
[2024-08-13T04:46:15.581+0000] {processor.py:183} INFO - Processing /home/airflow/.local/lib/python3.12/site-packages/airflow/example_dags/example_xcomargs.py took 0.122 seconds
[2024-08-13T04:46:46.243+0000] {processor.py:161} INFO - Started process (PID=598) to work on /home/airflow/.local/lib/python3.12/site-packages/airflow/example_dags/example_xcomargs.py
[2024-08-13T04:46:46.244+0000] {processor.py:830} INFO - Processing file /home/airflow/.local/lib/python3.12/site-packages/airflow/example_dags/example_xcomargs.py for tasks to queue
[2024-08-13T04:46:46.246+0000] {logging_mixin.py:188} INFO - [2024-08-13T04:46:46.245+0000] {dagbag.py:545} INFO - Filling up the DagBag from /home/airflow/.local/lib/python3.12/site-packages/airflow/example_dags/example_xcomargs.py
[2024-08-13T04:46:46.254+0000] {processor.py:840} INFO - DAG(s) 'example_xcom_args_with_operators', 'example_xcom_args' retrieved from /home/airflow/.local/lib/python3.12/site-packages/airflow/example_dags/example_xcomargs.py
[2024-08-13T04:46:46.275+0000] {logging_mixin.py:188} INFO - [2024-08-13T04:46:46.275+0000] {dag.py:3089} INFO - Sync 2 DAGs
[2024-08-13T04:46:46.290+0000] {logging_mixin.py:188} INFO - [2024-08-13T04:46:46.290+0000] {dag.py:3947} INFO - Setting next_dagrun for example_xcom_args to None, run_after=None
[2024-08-13T04:46:46.294+0000] {logging_mixin.py:188} INFO - [2024-08-13T04:46:46.294+0000] {dag.py:3947} INFO - Setting next_dagrun for example_xcom_args_with_operators to None, run_after=None
[2024-08-13T04:46:46.347+0000] {processor.py:183} INFO - Processing /home/airflow/.local/lib/python3.12/site-packages/airflow/example_dags/example_xcomargs.py took 0.109 seconds
[2024-08-13T04:47:20.168+0000] {processor.py:161} INFO - Started process (PID=656) to work on /home/airflow/.local/lib/python3.12/site-packages/airflow/example_dags/example_xcomargs.py
[2024-08-13T04:47:20.175+0000] {processor.py:830} INFO - Processing file /home/airflow/.local/lib/python3.12/site-packages/airflow/example_dags/example_xcomargs.py for tasks to queue
[2024-08-13T04:47:20.191+0000] {logging_mixin.py:188} INFO - [2024-08-13T04:47:20.190+0000] {dagbag.py:545} INFO - Filling up the DagBag from /home/airflow/.local/lib/python3.12/site-packages/airflow/example_dags/example_xcomargs.py
[2024-08-13T04:47:20.208+0000] {processor.py:840} INFO - DAG(s) 'example_xcom_args_with_operators', 'example_xcom_args' retrieved from /home/airflow/.local/lib/python3.12/site-packages/airflow/example_dags/example_xcomargs.py
[2024-08-13T04:47:20.281+0000] {logging_mixin.py:188} INFO - [2024-08-13T04:47:20.281+0000] {dag.py:3089} INFO - Sync 2 DAGs
[2024-08-13T04:47:20.316+0000] {logging_mixin.py:188} INFO - [2024-08-13T04:47:20.315+0000] {dag.py:3947} INFO - Setting next_dagrun for example_xcom_args to None, run_after=None
[2024-08-13T04:47:20.324+0000] {logging_mixin.py:188} INFO - [2024-08-13T04:47:20.323+0000] {dag.py:3947} INFO - Setting next_dagrun for example_xcom_args_with_operators to None, run_after=None
[2024-08-13T04:47:21.159+0000] {processor.py:183} INFO - Processing /home/airflow/.local/lib/python3.12/site-packages/airflow/example_dags/example_xcomargs.py took 1.017 seconds
[2024-08-13T04:47:51.400+0000] {processor.py:161} INFO - Started process (PID=714) to work on /home/airflow/.local/lib/python3.12/site-packages/airflow/example_dags/example_xcomargs.py
[2024-08-13T04:47:51.404+0000] {processor.py:830} INFO - Processing file /home/airflow/.local/lib/python3.12/site-packages/airflow/example_dags/example_xcomargs.py for tasks to queue
[2024-08-13T04:47:51.406+0000] {logging_mixin.py:188} INFO - [2024-08-13T04:47:51.406+0000] {dagbag.py:545} INFO - Filling up the DagBag from /home/airflow/.local/lib/python3.12/site-packages/airflow/example_dags/example_xcomargs.py
[2024-08-13T04:47:51.419+0000] {processor.py:840} INFO - DAG(s) 'example_xcom_args', 'example_xcom_args_with_operators' retrieved from /home/airflow/.local/lib/python3.12/site-packages/airflow/example_dags/example_xcomargs.py
[2024-08-13T04:47:51.486+0000] {logging_mixin.py:188} INFO - [2024-08-13T04:47:51.486+0000] {dag.py:3089} INFO - Sync 2 DAGs
[2024-08-13T04:47:51.506+0000] {logging_mixin.py:188} INFO - [2024-08-13T04:47:51.506+0000] {dag.py:3947} INFO - Setting next_dagrun for example_xcom_args to None, run_after=None
[2024-08-13T04:47:51.515+0000] {logging_mixin.py:188} INFO - [2024-08-13T04:47:51.515+0000] {dag.py:3947} INFO - Setting next_dagrun for example_xcom_args_with_operators to None, run_after=None
[2024-08-13T04:47:51.596+0000] {processor.py:183} INFO - Processing /home/airflow/.local/lib/python3.12/site-packages/airflow/example_dags/example_xcomargs.py took 0.203 seconds
[2024-08-13T04:48:22.585+0000] {processor.py:161} INFO - Started process (PID=773) to work on /home/airflow/.local/lib/python3.12/site-packages/airflow/example_dags/example_xcomargs.py
[2024-08-13T04:48:22.600+0000] {processor.py:830} INFO - Processing file /home/airflow/.local/lib/python3.12/site-packages/airflow/example_dags/example_xcomargs.py for tasks to queue
[2024-08-13T04:48:22.604+0000] {logging_mixin.py:188} INFO - [2024-08-13T04:48:22.604+0000] {dagbag.py:545} INFO - Filling up the DagBag from /home/airflow/.local/lib/python3.12/site-packages/airflow/example_dags/example_xcomargs.py
[2024-08-13T04:48:22.624+0000] {processor.py:840} INFO - DAG(s) 'example_xcom_args', 'example_xcom_args_with_operators' retrieved from /home/airflow/.local/lib/python3.12/site-packages/airflow/example_dags/example_xcomargs.py
[2024-08-13T04:48:22.692+0000] {logging_mixin.py:188} INFO - [2024-08-13T04:48:22.691+0000] {dag.py:3089} INFO - Sync 2 DAGs
[2024-08-13T04:48:22.724+0000] {logging_mixin.py:188} INFO - [2024-08-13T04:48:22.723+0000] {dag.py:3947} INFO - Setting next_dagrun for example_xcom_args to None, run_after=None
[2024-08-13T04:48:22.733+0000] {logging_mixin.py:188} INFO - [2024-08-13T04:48:22.732+0000] {dag.py:3947} INFO - Setting next_dagrun for example_xcom_args_with_operators to None, run_after=None
[2024-08-13T04:48:22.843+0000] {processor.py:183} INFO - Processing /home/airflow/.local/lib/python3.12/site-packages/airflow/example_dags/example_xcomargs.py took 0.265 seconds
[2024-08-13T04:48:53.458+0000] {processor.py:161} INFO - Started process (PID=830) to work on /home/airflow/.local/lib/python3.12/site-packages/airflow/example_dags/example_xcomargs.py
[2024-08-13T04:48:53.459+0000] {processor.py:830} INFO - Processing file /home/airflow/.local/lib/python3.12/site-packages/airflow/example_dags/example_xcomargs.py for tasks to queue
[2024-08-13T04:48:53.461+0000] {logging_mixin.py:188} INFO - [2024-08-13T04:48:53.461+0000] {dagbag.py:545} INFO - Filling up the DagBag from /home/airflow/.local/lib/python3.12/site-packages/airflow/example_dags/example_xcomargs.py
[2024-08-13T04:48:53.472+0000] {processor.py:840} INFO - DAG(s) 'example_xcom_args', 'example_xcom_args_with_operators' retrieved from /home/airflow/.local/lib/python3.12/site-packages/airflow/example_dags/example_xcomargs.py
[2024-08-13T04:48:53.506+0000] {logging_mixin.py:188} INFO - [2024-08-13T04:48:53.505+0000] {dag.py:3089} INFO - Sync 2 DAGs
[2024-08-13T04:48:53.536+0000] {logging_mixin.py:188} INFO - [2024-08-13T04:48:53.536+0000] {dag.py:3947} INFO - Setting next_dagrun for example_xcom_args to None, run_after=None
[2024-08-13T04:48:53.541+0000] {logging_mixin.py:188} INFO - [2024-08-13T04:48:53.541+0000] {dag.py:3947} INFO - Setting next_dagrun for example_xcom_args_with_operators to None, run_after=None
[2024-08-13T04:48:53.702+0000] {processor.py:183} INFO - Processing /home/airflow/.local/lib/python3.12/site-packages/airflow/example_dags/example_xcomargs.py took 0.251 seconds
[2024-08-13T04:49:24.270+0000] {processor.py:161} INFO - Started process (PID=888) to work on /home/airflow/.local/lib/python3.12/site-packages/airflow/example_dags/example_xcomargs.py
[2024-08-13T04:49:24.278+0000] {processor.py:830} INFO - Processing file /home/airflow/.local/lib/python3.12/site-packages/airflow/example_dags/example_xcomargs.py for tasks to queue
[2024-08-13T04:49:24.286+0000] {logging_mixin.py:188} INFO - [2024-08-13T04:49:24.286+0000] {dagbag.py:545} INFO - Filling up the DagBag from /home/airflow/.local/lib/python3.12/site-packages/airflow/example_dags/example_xcomargs.py
[2024-08-13T04:49:24.298+0000] {processor.py:840} INFO - DAG(s) 'example_xcom_args_with_operators', 'example_xcom_args' retrieved from /home/airflow/.local/lib/python3.12/site-packages/airflow/example_dags/example_xcomargs.py
[2024-08-13T04:49:24.335+0000] {logging_mixin.py:188} INFO - [2024-08-13T04:49:24.334+0000] {dag.py:3089} INFO - Sync 2 DAGs
[2024-08-13T04:49:24.354+0000] {logging_mixin.py:188} INFO - [2024-08-13T04:49:24.353+0000] {dag.py:3947} INFO - Setting next_dagrun for example_xcom_args to None, run_after=None
[2024-08-13T04:49:24.359+0000] {logging_mixin.py:188} INFO - [2024-08-13T04:49:24.359+0000] {dag.py:3947} INFO - Setting next_dagrun for example_xcom_args_with_operators to None, run_after=None
[2024-08-13T04:49:24.409+0000] {processor.py:183} INFO - Processing /home/airflow/.local/lib/python3.12/site-packages/airflow/example_dags/example_xcomargs.py took 0.153 seconds
[2024-08-13T04:49:55.030+0000] {processor.py:161} INFO - Started process (PID=946) to work on /home/airflow/.local/lib/python3.12/site-packages/airflow/example_dags/example_xcomargs.py
[2024-08-13T04:49:55.036+0000] {processor.py:830} INFO - Processing file /home/airflow/.local/lib/python3.12/site-packages/airflow/example_dags/example_xcomargs.py for tasks to queue
[2024-08-13T04:49:55.041+0000] {logging_mixin.py:188} INFO - [2024-08-13T04:49:55.041+0000] {dagbag.py:545} INFO - Filling up the DagBag from /home/airflow/.local/lib/python3.12/site-packages/airflow/example_dags/example_xcomargs.py
[2024-08-13T04:49:55.100+0000] {processor.py:840} INFO - DAG(s) 'example_xcom_args', 'example_xcom_args_with_operators' retrieved from /home/airflow/.local/lib/python3.12/site-packages/airflow/example_dags/example_xcomargs.py
[2024-08-13T04:49:55.209+0000] {logging_mixin.py:188} INFO - [2024-08-13T04:49:55.209+0000] {dag.py:3089} INFO - Sync 2 DAGs
[2024-08-13T04:49:55.301+0000] {logging_mixin.py:188} INFO - [2024-08-13T04:49:55.300+0000] {dag.py:3947} INFO - Setting next_dagrun for example_xcom_args to None, run_after=None
[2024-08-13T04:49:55.324+0000] {logging_mixin.py:188} INFO - [2024-08-13T04:49:55.323+0000] {dag.py:3947} INFO - Setting next_dagrun for example_xcom_args_with_operators to None, run_after=None
[2024-08-13T04:49:56.379+0000] {processor.py:183} INFO - Processing /home/airflow/.local/lib/python3.12/site-packages/airflow/example_dags/example_xcomargs.py took 1.359 seconds
[2024-08-13T04:50:26.929+0000] {processor.py:161} INFO - Started process (PID=1010) to work on /home/airflow/.local/lib/python3.12/site-packages/airflow/example_dags/example_xcomargs.py
[2024-08-13T04:50:26.933+0000] {processor.py:830} INFO - Processing file /home/airflow/.local/lib/python3.12/site-packages/airflow/example_dags/example_xcomargs.py for tasks to queue
[2024-08-13T04:50:26.935+0000] {logging_mixin.py:188} INFO - [2024-08-13T04:50:26.934+0000] {dagbag.py:545} INFO - Filling up the DagBag from /home/airflow/.local/lib/python3.12/site-packages/airflow/example_dags/example_xcomargs.py
[2024-08-13T04:50:26.947+0000] {processor.py:840} INFO - DAG(s) 'example_xcom_args_with_operators', 'example_xcom_args' retrieved from /home/airflow/.local/lib/python3.12/site-packages/airflow/example_dags/example_xcomargs.py
[2024-08-13T04:50:26.977+0000] {logging_mixin.py:188} INFO - [2024-08-13T04:50:26.977+0000] {dag.py:3089} INFO - Sync 2 DAGs
[2024-08-13T04:50:26.996+0000] {logging_mixin.py:188} INFO - [2024-08-13T04:50:26.996+0000] {dag.py:3947} INFO - Setting next_dagrun for example_xcom_args to None, run_after=None
[2024-08-13T04:50:27.003+0000] {logging_mixin.py:188} INFO - [2024-08-13T04:50:27.003+0000] {dag.py:3947} INFO - Setting next_dagrun for example_xcom_args_with_operators to None, run_after=None
[2024-08-13T04:50:27.138+0000] {processor.py:183} INFO - Processing /home/airflow/.local/lib/python3.12/site-packages/airflow/example_dags/example_xcomargs.py took 0.217 seconds
[2024-08-13T04:50:57.460+0000] {processor.py:161} INFO - Started process (PID=1069) to work on /home/airflow/.local/lib/python3.12/site-packages/airflow/example_dags/example_xcomargs.py
[2024-08-13T04:50:57.486+0000] {processor.py:830} INFO - Processing file /home/airflow/.local/lib/python3.12/site-packages/airflow/example_dags/example_xcomargs.py for tasks to queue
[2024-08-13T04:50:57.491+0000] {logging_mixin.py:188} INFO - [2024-08-13T04:50:57.490+0000] {dagbag.py:545} INFO - Filling up the DagBag from /home/airflow/.local/lib/python3.12/site-packages/airflow/example_dags/example_xcomargs.py
[2024-08-13T04:50:57.522+0000] {processor.py:840} INFO - DAG(s) 'example_xcom_args', 'example_xcom_args_with_operators' retrieved from /home/airflow/.local/lib/python3.12/site-packages/airflow/example_dags/example_xcomargs.py
[2024-08-13T04:50:57.634+0000] {logging_mixin.py:188} INFO - [2024-08-13T04:50:57.627+0000] {dag.py:3089} INFO - Sync 2 DAGs
[2024-08-13T04:50:57.667+0000] {logging_mixin.py:188} INFO - [2024-08-13T04:50:57.667+0000] {dag.py:3947} INFO - Setting next_dagrun for example_xcom_args to None, run_after=None
[2024-08-13T04:50:57.674+0000] {logging_mixin.py:188} INFO - [2024-08-13T04:50:57.674+0000] {dag.py:3947} INFO - Setting next_dagrun for example_xcom_args_with_operators to None, run_after=None
[2024-08-13T04:50:58.161+0000] {processor.py:183} INFO - Processing /home/airflow/.local/lib/python3.12/site-packages/airflow/example_dags/example_xcomargs.py took 0.709 seconds
[2024-08-13T04:51:28.548+0000] {processor.py:161} INFO - Started process (PID=1127) to work on /home/airflow/.local/lib/python3.12/site-packages/airflow/example_dags/example_xcomargs.py
[2024-08-13T04:51:28.549+0000] {processor.py:830} INFO - Processing file /home/airflow/.local/lib/python3.12/site-packages/airflow/example_dags/example_xcomargs.py for tasks to queue
[2024-08-13T04:51:28.551+0000] {logging_mixin.py:188} INFO - [2024-08-13T04:51:28.551+0000] {dagbag.py:545} INFO - Filling up the DagBag from /home/airflow/.local/lib/python3.12/site-packages/airflow/example_dags/example_xcomargs.py
[2024-08-13T04:51:28.563+0000] {processor.py:840} INFO - DAG(s) 'example_xcom_args_with_operators', 'example_xcom_args' retrieved from /home/airflow/.local/lib/python3.12/site-packages/airflow/example_dags/example_xcomargs.py
[2024-08-13T04:51:28.594+0000] {logging_mixin.py:188} INFO - [2024-08-13T04:51:28.594+0000] {dag.py:3089} INFO - Sync 2 DAGs
[2024-08-13T04:51:28.616+0000] {logging_mixin.py:188} INFO - [2024-08-13T04:51:28.616+0000] {dag.py:3947} INFO - Setting next_dagrun for example_xcom_args to None, run_after=None
[2024-08-13T04:51:28.622+0000] {logging_mixin.py:188} INFO - [2024-08-13T04:51:28.621+0000] {dag.py:3947} INFO - Setting next_dagrun for example_xcom_args_with_operators to None, run_after=None
[2024-08-13T04:51:28.714+0000] {processor.py:183} INFO - Processing /home/airflow/.local/lib/python3.12/site-packages/airflow/example_dags/example_xcomargs.py took 0.184 seconds
[2024-08-13T04:52:01.525+0000] {processor.py:161} INFO - Started process (PID=1186) to work on /home/airflow/.local/lib/python3.12/site-packages/airflow/example_dags/example_xcomargs.py
[2024-08-13T04:52:01.526+0000] {processor.py:830} INFO - Processing file /home/airflow/.local/lib/python3.12/site-packages/airflow/example_dags/example_xcomargs.py for tasks to queue
[2024-08-13T04:52:01.534+0000] {logging_mixin.py:188} INFO - [2024-08-13T04:52:01.529+0000] {dagbag.py:545} INFO - Filling up the DagBag from /home/airflow/.local/lib/python3.12/site-packages/airflow/example_dags/example_xcomargs.py
[2024-08-13T04:52:01.574+0000] {processor.py:840} INFO - DAG(s) 'example_xcom_args', 'example_xcom_args_with_operators' retrieved from /home/airflow/.local/lib/python3.12/site-packages/airflow/example_dags/example_xcomargs.py
[2024-08-13T04:52:01.673+0000] {logging_mixin.py:188} INFO - [2024-08-13T04:52:01.661+0000] {dag.py:3089} INFO - Sync 2 DAGs
[2024-08-13T04:52:01.792+0000] {logging_mixin.py:188} INFO - [2024-08-13T04:52:01.792+0000] {dag.py:3947} INFO - Setting next_dagrun for example_xcom_args to None, run_after=None
[2024-08-13T04:52:01.842+0000] {logging_mixin.py:188} INFO - [2024-08-13T04:52:01.842+0000] {dag.py:3947} INFO - Setting next_dagrun for example_xcom_args_with_operators to None, run_after=None
[2024-08-13T04:52:02.046+0000] {processor.py:183} INFO - Processing /home/airflow/.local/lib/python3.12/site-packages/airflow/example_dags/example_xcomargs.py took 0.533 seconds
[2024-08-13T04:52:32.230+0000] {processor.py:161} INFO - Started process (PID=1244) to work on /home/airflow/.local/lib/python3.12/site-packages/airflow/example_dags/example_xcomargs.py
[2024-08-13T04:52:32.231+0000] {processor.py:830} INFO - Processing file /home/airflow/.local/lib/python3.12/site-packages/airflow/example_dags/example_xcomargs.py for tasks to queue
[2024-08-13T04:52:32.233+0000] {logging_mixin.py:188} INFO - [2024-08-13T04:52:32.233+0000] {dagbag.py:545} INFO - Filling up the DagBag from /home/airflow/.local/lib/python3.12/site-packages/airflow/example_dags/example_xcomargs.py
[2024-08-13T04:52:32.241+0000] {processor.py:840} INFO - DAG(s) 'example_xcom_args', 'example_xcom_args_with_operators' retrieved from /home/airflow/.local/lib/python3.12/site-packages/airflow/example_dags/example_xcomargs.py
[2024-08-13T04:52:32.266+0000] {logging_mixin.py:188} INFO - [2024-08-13T04:52:32.266+0000] {dag.py:3089} INFO - Sync 2 DAGs
[2024-08-13T04:52:32.279+0000] {logging_mixin.py:188} INFO - [2024-08-13T04:52:32.278+0000] {dag.py:3947} INFO - Setting next_dagrun for example_xcom_args to None, run_after=None
[2024-08-13T04:52:32.283+0000] {logging_mixin.py:188} INFO - [2024-08-13T04:52:32.282+0000] {dag.py:3947} INFO - Setting next_dagrun for example_xcom_args_with_operators to None, run_after=None
[2024-08-13T04:52:32.346+0000] {processor.py:183} INFO - Processing /home/airflow/.local/lib/python3.12/site-packages/airflow/example_dags/example_xcomargs.py took 0.121 seconds
[2024-08-13T04:53:03.861+0000] {processor.py:161} INFO - Started process (PID=1302) to work on /home/airflow/.local/lib/python3.12/site-packages/airflow/example_dags/example_xcomargs.py
[2024-08-13T04:53:03.874+0000] {processor.py:830} INFO - Processing file /home/airflow/.local/lib/python3.12/site-packages/airflow/example_dags/example_xcomargs.py for tasks to queue
[2024-08-13T04:53:03.891+0000] {logging_mixin.py:188} INFO - [2024-08-13T04:53:03.890+0000] {dagbag.py:545} INFO - Filling up the DagBag from /home/airflow/.local/lib/python3.12/site-packages/airflow/example_dags/example_xcomargs.py
[2024-08-13T04:53:04.022+0000] {processor.py:840} INFO - DAG(s) 'example_xcom_args_with_operators', 'example_xcom_args' retrieved from /home/airflow/.local/lib/python3.12/site-packages/airflow/example_dags/example_xcomargs.py
[2024-08-13T04:53:04.441+0000] {logging_mixin.py:188} INFO - [2024-08-13T04:53:04.440+0000] {dag.py:3089} INFO - Sync 2 DAGs
[2024-08-13T04:53:04.518+0000] {logging_mixin.py:188} INFO - [2024-08-13T04:53:04.518+0000] {dag.py:3947} INFO - Setting next_dagrun for example_xcom_args to None, run_after=None
[2024-08-13T04:53:04.552+0000] {logging_mixin.py:188} INFO - [2024-08-13T04:53:04.552+0000] {dag.py:3947} INFO - Setting next_dagrun for example_xcom_args_with_operators to None, run_after=None
[2024-08-13T04:53:04.743+0000] {processor.py:183} INFO - Processing /home/airflow/.local/lib/python3.12/site-packages/airflow/example_dags/example_xcomargs.py took 0.916 seconds
[2024-08-13T04:53:35.140+0000] {processor.py:161} INFO - Started process (PID=1361) to work on /home/airflow/.local/lib/python3.12/site-packages/airflow/example_dags/example_xcomargs.py
[2024-08-13T04:53:35.142+0000] {processor.py:830} INFO - Processing file /home/airflow/.local/lib/python3.12/site-packages/airflow/example_dags/example_xcomargs.py for tasks to queue
[2024-08-13T04:53:35.144+0000] {logging_mixin.py:188} INFO - [2024-08-13T04:53:35.144+0000] {dagbag.py:545} INFO - Filling up the DagBag from /home/airflow/.local/lib/python3.12/site-packages/airflow/example_dags/example_xcomargs.py
[2024-08-13T04:53:35.154+0000] {processor.py:840} INFO - DAG(s) 'example_xcom_args', 'example_xcom_args_with_operators' retrieved from /home/airflow/.local/lib/python3.12/site-packages/airflow/example_dags/example_xcomargs.py
[2024-08-13T04:53:35.182+0000] {logging_mixin.py:188} INFO - [2024-08-13T04:53:35.182+0000] {dag.py:3089} INFO - Sync 2 DAGs
[2024-08-13T04:53:35.204+0000] {logging_mixin.py:188} INFO - [2024-08-13T04:53:35.204+0000] {dag.py:3947} INFO - Setting next_dagrun for example_xcom_args to None, run_after=None
[2024-08-13T04:53:35.209+0000] {logging_mixin.py:188} INFO - [2024-08-13T04:53:35.209+0000] {dag.py:3947} INFO - Setting next_dagrun for example_xcom_args_with_operators to None, run_after=None
[2024-08-13T04:53:35.310+0000] {processor.py:183} INFO - Processing /home/airflow/.local/lib/python3.12/site-packages/airflow/example_dags/example_xcomargs.py took 0.177 seconds
[2024-08-13T04:54:05.552+0000] {processor.py:161} INFO - Started process (PID=1419) to work on /home/airflow/.local/lib/python3.12/site-packages/airflow/example_dags/example_xcomargs.py
[2024-08-13T04:54:05.556+0000] {processor.py:830} INFO - Processing file /home/airflow/.local/lib/python3.12/site-packages/airflow/example_dags/example_xcomargs.py for tasks to queue
[2024-08-13T04:54:05.559+0000] {logging_mixin.py:188} INFO - [2024-08-13T04:54:05.559+0000] {dagbag.py:545} INFO - Filling up the DagBag from /home/airflow/.local/lib/python3.12/site-packages/airflow/example_dags/example_xcomargs.py
[2024-08-13T04:54:05.573+0000] {processor.py:840} INFO - DAG(s) 'example_xcom_args', 'example_xcom_args_with_operators' retrieved from /home/airflow/.local/lib/python3.12/site-packages/airflow/example_dags/example_xcomargs.py
[2024-08-13T04:54:05.610+0000] {logging_mixin.py:188} INFO - [2024-08-13T04:54:05.610+0000] {dag.py:3089} INFO - Sync 2 DAGs
[2024-08-13T04:54:05.630+0000] {logging_mixin.py:188} INFO - [2024-08-13T04:54:05.629+0000] {dag.py:3947} INFO - Setting next_dagrun for example_xcom_args to None, run_after=None
[2024-08-13T04:54:05.648+0000] {logging_mixin.py:188} INFO - [2024-08-13T04:54:05.648+0000] {dag.py:3947} INFO - Setting next_dagrun for example_xcom_args_with_operators to None, run_after=None
[2024-08-13T04:54:05.897+0000] {processor.py:183} INFO - Processing /home/airflow/.local/lib/python3.12/site-packages/airflow/example_dags/example_xcomargs.py took 0.356 seconds
[2024-08-13T04:54:35.952+0000] {processor.py:161} INFO - Started process (PID=1477) to work on /home/airflow/.local/lib/python3.12/site-packages/airflow/example_dags/example_xcomargs.py
[2024-08-13T04:54:35.953+0000] {processor.py:830} INFO - Processing file /home/airflow/.local/lib/python3.12/site-packages/airflow/example_dags/example_xcomargs.py for tasks to queue
[2024-08-13T04:54:35.955+0000] {logging_mixin.py:188} INFO - [2024-08-13T04:54:35.954+0000] {dagbag.py:545} INFO - Filling up the DagBag from /home/airflow/.local/lib/python3.12/site-packages/airflow/example_dags/example_xcomargs.py
[2024-08-13T04:54:35.962+0000] {processor.py:840} INFO - DAG(s) 'example_xcom_args_with_operators', 'example_xcom_args' retrieved from /home/airflow/.local/lib/python3.12/site-packages/airflow/example_dags/example_xcomargs.py
[2024-08-13T04:54:35.983+0000] {logging_mixin.py:188} INFO - [2024-08-13T04:54:35.983+0000] {dag.py:3089} INFO - Sync 2 DAGs
[2024-08-13T04:54:36.004+0000] {logging_mixin.py:188} INFO - [2024-08-13T04:54:36.004+0000] {dag.py:3947} INFO - Setting next_dagrun for example_xcom_args to None, run_after=None
[2024-08-13T04:54:36.008+0000] {logging_mixin.py:188} INFO - [2024-08-13T04:54:36.008+0000] {dag.py:3947} INFO - Setting next_dagrun for example_xcom_args_with_operators to None, run_after=None
[2024-08-13T04:54:36.089+0000] {processor.py:183} INFO - Processing /home/airflow/.local/lib/python3.12/site-packages/airflow/example_dags/example_xcomargs.py took 0.142 seconds
[2024-08-13T04:55:06.345+0000] {processor.py:161} INFO - Started process (PID=1535) to work on /home/airflow/.local/lib/python3.12/site-packages/airflow/example_dags/example_xcomargs.py
[2024-08-13T04:55:06.346+0000] {processor.py:830} INFO - Processing file /home/airflow/.local/lib/python3.12/site-packages/airflow/example_dags/example_xcomargs.py for tasks to queue
[2024-08-13T04:55:06.348+0000] {logging_mixin.py:188} INFO - [2024-08-13T04:55:06.348+0000] {dagbag.py:545} INFO - Filling up the DagBag from /home/airflow/.local/lib/python3.12/site-packages/airflow/example_dags/example_xcomargs.py
[2024-08-13T04:55:06.359+0000] {processor.py:840} INFO - DAG(s) 'example_xcom_args', 'example_xcom_args_with_operators' retrieved from /home/airflow/.local/lib/python3.12/site-packages/airflow/example_dags/example_xcomargs.py
[2024-08-13T04:55:06.381+0000] {logging_mixin.py:188} INFO - [2024-08-13T04:55:06.380+0000] {dag.py:3089} INFO - Sync 2 DAGs
[2024-08-13T04:55:06.395+0000] {logging_mixin.py:188} INFO - [2024-08-13T04:55:06.393+0000] {dag.py:3947} INFO - Setting next_dagrun for example_xcom_args to None, run_after=None
[2024-08-13T04:55:06.399+0000] {logging_mixin.py:188} INFO - [2024-08-13T04:55:06.399+0000] {dag.py:3947} INFO - Setting next_dagrun for example_xcom_args_with_operators to None, run_after=None
[2024-08-13T04:55:06.488+0000] {processor.py:183} INFO - Processing /home/airflow/.local/lib/python3.12/site-packages/airflow/example_dags/example_xcomargs.py took 0.152 seconds
[2024-08-13T04:55:36.984+0000] {processor.py:161} INFO - Started process (PID=1593) to work on /home/airflow/.local/lib/python3.12/site-packages/airflow/example_dags/example_xcomargs.py
[2024-08-13T04:55:36.985+0000] {processor.py:830} INFO - Processing file /home/airflow/.local/lib/python3.12/site-packages/airflow/example_dags/example_xcomargs.py for tasks to queue
[2024-08-13T04:55:36.987+0000] {logging_mixin.py:188} INFO - [2024-08-13T04:55:36.986+0000] {dagbag.py:545} INFO - Filling up the DagBag from /home/airflow/.local/lib/python3.12/site-packages/airflow/example_dags/example_xcomargs.py
[2024-08-13T04:55:36.996+0000] {processor.py:840} INFO - DAG(s) 'example_xcom_args', 'example_xcom_args_with_operators' retrieved from /home/airflow/.local/lib/python3.12/site-packages/airflow/example_dags/example_xcomargs.py
[2024-08-13T04:55:37.024+0000] {logging_mixin.py:188} INFO - [2024-08-13T04:55:37.023+0000] {dag.py:3089} INFO - Sync 2 DAGs
[2024-08-13T04:55:37.037+0000] {logging_mixin.py:188} INFO - [2024-08-13T04:55:37.037+0000] {dag.py:3947} INFO - Setting next_dagrun for example_xcom_args to None, run_after=None
[2024-08-13T04:55:37.051+0000] {logging_mixin.py:188} INFO - [2024-08-13T04:55:37.051+0000] {dag.py:3947} INFO - Setting next_dagrun for example_xcom_args_with_operators to None, run_after=None
[2024-08-13T04:55:37.245+0000] {processor.py:183} INFO - Processing /home/airflow/.local/lib/python3.12/site-packages/airflow/example_dags/example_xcomargs.py took 0.267 seconds
[2024-08-13T04:56:07.325+0000] {processor.py:161} INFO - Started process (PID=1651) to work on /home/airflow/.local/lib/python3.12/site-packages/airflow/example_dags/example_xcomargs.py
[2024-08-13T04:56:07.326+0000] {processor.py:830} INFO - Processing file /home/airflow/.local/lib/python3.12/site-packages/airflow/example_dags/example_xcomargs.py for tasks to queue
[2024-08-13T04:56:07.328+0000] {logging_mixin.py:188} INFO - [2024-08-13T04:56:07.328+0000] {dagbag.py:545} INFO - Filling up the DagBag from /home/airflow/.local/lib/python3.12/site-packages/airflow/example_dags/example_xcomargs.py
[2024-08-13T04:56:07.336+0000] {processor.py:840} INFO - DAG(s) 'example_xcom_args', 'example_xcom_args_with_operators' retrieved from /home/airflow/.local/lib/python3.12/site-packages/airflow/example_dags/example_xcomargs.py
[2024-08-13T04:56:07.357+0000] {logging_mixin.py:188} INFO - [2024-08-13T04:56:07.357+0000] {dag.py:3089} INFO - Sync 2 DAGs
[2024-08-13T04:56:07.370+0000] {logging_mixin.py:188} INFO - [2024-08-13T04:56:07.369+0000] {dag.py:3947} INFO - Setting next_dagrun for example_xcom_args to None, run_after=None
[2024-08-13T04:56:07.373+0000] {logging_mixin.py:188} INFO - [2024-08-13T04:56:07.373+0000] {dag.py:3947} INFO - Setting next_dagrun for example_xcom_args_with_operators to None, run_after=None
[2024-08-13T04:56:07.429+0000] {processor.py:183} INFO - Processing /home/airflow/.local/lib/python3.12/site-packages/airflow/example_dags/example_xcomargs.py took 0.110 seconds
[2024-08-13T04:56:38.086+0000] {processor.py:161} INFO - Started process (PID=1709) to work on /home/airflow/.local/lib/python3.12/site-packages/airflow/example_dags/example_xcomargs.py
[2024-08-13T04:56:38.087+0000] {processor.py:830} INFO - Processing file /home/airflow/.local/lib/python3.12/site-packages/airflow/example_dags/example_xcomargs.py for tasks to queue
[2024-08-13T04:56:38.090+0000] {logging_mixin.py:188} INFO - [2024-08-13T04:56:38.090+0000] {dagbag.py:545} INFO - Filling up the DagBag from /home/airflow/.local/lib/python3.12/site-packages/airflow/example_dags/example_xcomargs.py
[2024-08-13T04:56:38.121+0000] {processor.py:840} INFO - DAG(s) 'example_xcom_args_with_operators', 'example_xcom_args' retrieved from /home/airflow/.local/lib/python3.12/site-packages/airflow/example_dags/example_xcomargs.py
[2024-08-13T04:56:38.161+0000] {logging_mixin.py:188} INFO - [2024-08-13T04:56:38.161+0000] {dag.py:3089} INFO - Sync 2 DAGs
[2024-08-13T04:56:38.184+0000] {logging_mixin.py:188} INFO - [2024-08-13T04:56:38.183+0000] {dag.py:3947} INFO - Setting next_dagrun for example_xcom_args to None, run_after=None
[2024-08-13T04:56:38.189+0000] {logging_mixin.py:188} INFO - [2024-08-13T04:56:38.189+0000] {dag.py:3947} INFO - Setting next_dagrun for example_xcom_args_with_operators to None, run_after=None
[2024-08-13T04:56:38.275+0000] {processor.py:183} INFO - Processing /home/airflow/.local/lib/python3.12/site-packages/airflow/example_dags/example_xcomargs.py took 0.199 seconds
[2024-08-13T04:57:08.816+0000] {processor.py:161} INFO - Started process (PID=1767) to work on /home/airflow/.local/lib/python3.12/site-packages/airflow/example_dags/example_xcomargs.py
[2024-08-13T04:57:08.817+0000] {processor.py:830} INFO - Processing file /home/airflow/.local/lib/python3.12/site-packages/airflow/example_dags/example_xcomargs.py for tasks to queue
[2024-08-13T04:57:08.819+0000] {logging_mixin.py:188} INFO - [2024-08-13T04:57:08.819+0000] {dagbag.py:545} INFO - Filling up the DagBag from /home/airflow/.local/lib/python3.12/site-packages/airflow/example_dags/example_xcomargs.py
[2024-08-13T04:57:08.830+0000] {processor.py:840} INFO - DAG(s) 'example_xcom_args_with_operators', 'example_xcom_args' retrieved from /home/airflow/.local/lib/python3.12/site-packages/airflow/example_dags/example_xcomargs.py
[2024-08-13T04:57:08.859+0000] {logging_mixin.py:188} INFO - [2024-08-13T04:57:08.859+0000] {dag.py:3089} INFO - Sync 2 DAGs
[2024-08-13T04:57:08.877+0000] {logging_mixin.py:188} INFO - [2024-08-13T04:57:08.877+0000] {dag.py:3947} INFO - Setting next_dagrun for example_xcom_args to None, run_after=None
[2024-08-13T04:57:08.883+0000] {logging_mixin.py:188} INFO - [2024-08-13T04:57:08.882+0000] {dag.py:3947} INFO - Setting next_dagrun for example_xcom_args_with_operators to None, run_after=None
[2024-08-13T04:57:08.955+0000] {processor.py:183} INFO - Processing /home/airflow/.local/lib/python3.12/site-packages/airflow/example_dags/example_xcomargs.py took 0.147 seconds
[2024-08-13T04:57:39.323+0000] {processor.py:161} INFO - Started process (PID=1825) to work on /home/airflow/.local/lib/python3.12/site-packages/airflow/example_dags/example_xcomargs.py
[2024-08-13T04:57:39.324+0000] {processor.py:830} INFO - Processing file /home/airflow/.local/lib/python3.12/site-packages/airflow/example_dags/example_xcomargs.py for tasks to queue
[2024-08-13T04:57:39.330+0000] {logging_mixin.py:188} INFO - [2024-08-13T04:57:39.330+0000] {dagbag.py:545} INFO - Filling up the DagBag from /home/airflow/.local/lib/python3.12/site-packages/airflow/example_dags/example_xcomargs.py
[2024-08-13T04:57:39.348+0000] {processor.py:840} INFO - DAG(s) 'example_xcom_args', 'example_xcom_args_with_operators' retrieved from /home/airflow/.local/lib/python3.12/site-packages/airflow/example_dags/example_xcomargs.py
[2024-08-13T04:57:39.535+0000] {logging_mixin.py:188} INFO - [2024-08-13T04:57:39.535+0000] {dag.py:3089} INFO - Sync 2 DAGs
[2024-08-13T04:57:39.547+0000] {logging_mixin.py:188} INFO - [2024-08-13T04:57:39.546+0000] {dag.py:3947} INFO - Setting next_dagrun for example_xcom_args to None, run_after=None
[2024-08-13T04:57:39.550+0000] {logging_mixin.py:188} INFO - [2024-08-13T04:57:39.550+0000] {dag.py:3947} INFO - Setting next_dagrun for example_xcom_args_with_operators to None, run_after=None
[2024-08-13T04:57:39.606+0000] {processor.py:183} INFO - Processing /home/airflow/.local/lib/python3.12/site-packages/airflow/example_dags/example_xcomargs.py took 0.291 seconds
[2024-08-13T04:58:10.539+0000] {processor.py:161} INFO - Started process (PID=1883) to work on /home/airflow/.local/lib/python3.12/site-packages/airflow/example_dags/example_xcomargs.py
[2024-08-13T04:58:10.540+0000] {processor.py:830} INFO - Processing file /home/airflow/.local/lib/python3.12/site-packages/airflow/example_dags/example_xcomargs.py for tasks to queue
[2024-08-13T04:58:10.543+0000] {logging_mixin.py:188} INFO - [2024-08-13T04:58:10.543+0000] {dagbag.py:545} INFO - Filling up the DagBag from /home/airflow/.local/lib/python3.12/site-packages/airflow/example_dags/example_xcomargs.py
[2024-08-13T04:58:10.555+0000] {processor.py:840} INFO - DAG(s) 'example_xcom_args_with_operators', 'example_xcom_args' retrieved from /home/airflow/.local/lib/python3.12/site-packages/airflow/example_dags/example_xcomargs.py
[2024-08-13T04:58:10.597+0000] {logging_mixin.py:188} INFO - [2024-08-13T04:58:10.597+0000] {dag.py:3089} INFO - Sync 2 DAGs
[2024-08-13T04:58:10.617+0000] {logging_mixin.py:188} INFO - [2024-08-13T04:58:10.617+0000] {dag.py:3947} INFO - Setting next_dagrun for example_xcom_args to None, run_after=None
[2024-08-13T04:58:10.625+0000] {logging_mixin.py:188} INFO - [2024-08-13T04:58:10.624+0000] {dag.py:3947} INFO - Setting next_dagrun for example_xcom_args_with_operators to None, run_after=None
[2024-08-13T04:58:10.687+0000] {processor.py:183} INFO - Processing /home/airflow/.local/lib/python3.12/site-packages/airflow/example_dags/example_xcomargs.py took 0.156 seconds
[2024-08-13T04:58:40.863+0000] {processor.py:161} INFO - Started process (PID=1941) to work on /home/airflow/.local/lib/python3.12/site-packages/airflow/example_dags/example_xcomargs.py
[2024-08-13T04:58:40.864+0000] {processor.py:830} INFO - Processing file /home/airflow/.local/lib/python3.12/site-packages/airflow/example_dags/example_xcomargs.py for tasks to queue
[2024-08-13T04:58:40.865+0000] {logging_mixin.py:188} INFO - [2024-08-13T04:58:40.865+0000] {dagbag.py:545} INFO - Filling up the DagBag from /home/airflow/.local/lib/python3.12/site-packages/airflow/example_dags/example_xcomargs.py
[2024-08-13T04:58:40.873+0000] {processor.py:840} INFO - DAG(s) 'example_xcom_args', 'example_xcom_args_with_operators' retrieved from /home/airflow/.local/lib/python3.12/site-packages/airflow/example_dags/example_xcomargs.py
[2024-08-13T04:58:40.896+0000] {logging_mixin.py:188} INFO - [2024-08-13T04:58:40.896+0000] {dag.py:3089} INFO - Sync 2 DAGs
[2024-08-13T04:58:40.917+0000] {logging_mixin.py:188} INFO - [2024-08-13T04:58:40.917+0000] {dag.py:3947} INFO - Setting next_dagrun for example_xcom_args to None, run_after=None
[2024-08-13T04:58:40.923+0000] {logging_mixin.py:188} INFO - [2024-08-13T04:58:40.923+0000] {dag.py:3947} INFO - Setting next_dagrun for example_xcom_args_with_operators to None, run_after=None
[2024-08-13T04:58:41.013+0000] {processor.py:183} INFO - Processing /home/airflow/.local/lib/python3.12/site-packages/airflow/example_dags/example_xcomargs.py took 0.155 seconds
[2024-08-13T04:59:11.584+0000] {processor.py:161} INFO - Started process (PID=1998) to work on /home/airflow/.local/lib/python3.12/site-packages/airflow/example_dags/example_xcomargs.py
[2024-08-13T04:59:11.585+0000] {processor.py:830} INFO - Processing file /home/airflow/.local/lib/python3.12/site-packages/airflow/example_dags/example_xcomargs.py for tasks to queue
[2024-08-13T04:59:11.587+0000] {logging_mixin.py:188} INFO - [2024-08-13T04:59:11.587+0000] {dagbag.py:545} INFO - Filling up the DagBag from /home/airflow/.local/lib/python3.12/site-packages/airflow/example_dags/example_xcomargs.py
[2024-08-13T04:59:11.597+0000] {processor.py:840} INFO - DAG(s) 'example_xcom_args', 'example_xcom_args_with_operators' retrieved from /home/airflow/.local/lib/python3.12/site-packages/airflow/example_dags/example_xcomargs.py
[2024-08-13T04:59:11.639+0000] {logging_mixin.py:188} INFO - [2024-08-13T04:59:11.639+0000] {dag.py:3089} INFO - Sync 2 DAGs
[2024-08-13T04:59:11.659+0000] {logging_mixin.py:188} INFO - [2024-08-13T04:59:11.658+0000] {dag.py:3947} INFO - Setting next_dagrun for example_xcom_args to None, run_after=None
[2024-08-13T04:59:11.675+0000] {logging_mixin.py:188} INFO - [2024-08-13T04:59:11.675+0000] {dag.py:3947} INFO - Setting next_dagrun for example_xcom_args_with_operators to None, run_after=None
[2024-08-13T04:59:11.789+0000] {processor.py:183} INFO - Processing /home/airflow/.local/lib/python3.12/site-packages/airflow/example_dags/example_xcomargs.py took 0.209 seconds
[2024-08-13T04:59:41.908+0000] {processor.py:161} INFO - Started process (PID=2057) to work on /home/airflow/.local/lib/python3.12/site-packages/airflow/example_dags/example_xcomargs.py
[2024-08-13T04:59:41.909+0000] {processor.py:830} INFO - Processing file /home/airflow/.local/lib/python3.12/site-packages/airflow/example_dags/example_xcomargs.py for tasks to queue
[2024-08-13T04:59:41.911+0000] {logging_mixin.py:188} INFO - [2024-08-13T04:59:41.911+0000] {dagbag.py:545} INFO - Filling up the DagBag from /home/airflow/.local/lib/python3.12/site-packages/airflow/example_dags/example_xcomargs.py
[2024-08-13T04:59:41.922+0000] {processor.py:840} INFO - DAG(s) 'example_xcom_args_with_operators', 'example_xcom_args' retrieved from /home/airflow/.local/lib/python3.12/site-packages/airflow/example_dags/example_xcomargs.py
[2024-08-13T04:59:41.950+0000] {logging_mixin.py:188} INFO - [2024-08-13T04:59:41.950+0000] {dag.py:3089} INFO - Sync 2 DAGs
[2024-08-13T04:59:41.970+0000] {logging_mixin.py:188} INFO - [2024-08-13T04:59:41.970+0000] {dag.py:3947} INFO - Setting next_dagrun for example_xcom_args to None, run_after=None
[2024-08-13T04:59:41.977+0000] {logging_mixin.py:188} INFO - [2024-08-13T04:59:41.976+0000] {dag.py:3947} INFO - Setting next_dagrun for example_xcom_args_with_operators to None, run_after=None
[2024-08-13T04:59:42.030+0000] {processor.py:183} INFO - Processing /home/airflow/.local/lib/python3.12/site-packages/airflow/example_dags/example_xcomargs.py took 0.127 seconds
[2024-08-13T05:00:12.555+0000] {processor.py:161} INFO - Started process (PID=2114) to work on /home/airflow/.local/lib/python3.12/site-packages/airflow/example_dags/example_xcomargs.py
[2024-08-13T05:00:12.557+0000] {processor.py:830} INFO - Processing file /home/airflow/.local/lib/python3.12/site-packages/airflow/example_dags/example_xcomargs.py for tasks to queue
[2024-08-13T05:00:12.569+0000] {logging_mixin.py:188} INFO - [2024-08-13T05:00:12.569+0000] {dagbag.py:545} INFO - Filling up the DagBag from /home/airflow/.local/lib/python3.12/site-packages/airflow/example_dags/example_xcomargs.py
[2024-08-13T05:00:12.591+0000] {processor.py:840} INFO - DAG(s) 'example_xcom_args', 'example_xcom_args_with_operators' retrieved from /home/airflow/.local/lib/python3.12/site-packages/airflow/example_dags/example_xcomargs.py
[2024-08-13T05:00:12.694+0000] {logging_mixin.py:188} INFO - [2024-08-13T05:00:12.693+0000] {dag.py:3089} INFO - Sync 2 DAGs
[2024-08-13T05:00:12.770+0000] {logging_mixin.py:188} INFO - [2024-08-13T05:00:12.770+0000] {dag.py:3947} INFO - Setting next_dagrun for example_xcom_args to None, run_after=None
[2024-08-13T05:00:12.787+0000] {logging_mixin.py:188} INFO - [2024-08-13T05:00:12.787+0000] {dag.py:3947} INFO - Setting next_dagrun for example_xcom_args_with_operators to None, run_after=None
[2024-08-13T05:00:12.865+0000] {processor.py:183} INFO - Processing /home/airflow/.local/lib/python3.12/site-packages/airflow/example_dags/example_xcomargs.py took 0.327 seconds
[2024-08-13T05:00:43.556+0000] {processor.py:161} INFO - Started process (PID=2172) to work on /home/airflow/.local/lib/python3.12/site-packages/airflow/example_dags/example_xcomargs.py
[2024-08-13T05:00:43.557+0000] {processor.py:830} INFO - Processing file /home/airflow/.local/lib/python3.12/site-packages/airflow/example_dags/example_xcomargs.py for tasks to queue
[2024-08-13T05:00:43.560+0000] {logging_mixin.py:188} INFO - [2024-08-13T05:00:43.559+0000] {dagbag.py:545} INFO - Filling up the DagBag from /home/airflow/.local/lib/python3.12/site-packages/airflow/example_dags/example_xcomargs.py
[2024-08-13T05:00:43.576+0000] {processor.py:840} INFO - DAG(s) 'example_xcom_args', 'example_xcom_args_with_operators' retrieved from /home/airflow/.local/lib/python3.12/site-packages/airflow/example_dags/example_xcomargs.py
[2024-08-13T05:00:43.622+0000] {logging_mixin.py:188} INFO - [2024-08-13T05:00:43.621+0000] {dag.py:3089} INFO - Sync 2 DAGs
[2024-08-13T05:00:43.641+0000] {logging_mixin.py:188} INFO - [2024-08-13T05:00:43.641+0000] {dag.py:3947} INFO - Setting next_dagrun for example_xcom_args to None, run_after=None
[2024-08-13T05:00:43.647+0000] {logging_mixin.py:188} INFO - [2024-08-13T05:00:43.647+0000] {dag.py:3947} INFO - Setting next_dagrun for example_xcom_args_with_operators to None, run_after=None
[2024-08-13T05:00:43.700+0000] {processor.py:183} INFO - Processing /home/airflow/.local/lib/python3.12/site-packages/airflow/example_dags/example_xcomargs.py took 0.152 seconds
[2024-08-13T05:01:13.992+0000] {processor.py:161} INFO - Started process (PID=2230) to work on /home/airflow/.local/lib/python3.12/site-packages/airflow/example_dags/example_xcomargs.py
[2024-08-13T05:01:13.993+0000] {processor.py:830} INFO - Processing file /home/airflow/.local/lib/python3.12/site-packages/airflow/example_dags/example_xcomargs.py for tasks to queue
[2024-08-13T05:01:13.994+0000] {logging_mixin.py:188} INFO - [2024-08-13T05:01:13.994+0000] {dagbag.py:545} INFO - Filling up the DagBag from /home/airflow/.local/lib/python3.12/site-packages/airflow/example_dags/example_xcomargs.py
[2024-08-13T05:01:14.002+0000] {processor.py:840} INFO - DAG(s) 'example_xcom_args_with_operators', 'example_xcom_args' retrieved from /home/airflow/.local/lib/python3.12/site-packages/airflow/example_dags/example_xcomargs.py
[2024-08-13T05:01:14.023+0000] {logging_mixin.py:188} INFO - [2024-08-13T05:01:14.023+0000] {dag.py:3089} INFO - Sync 2 DAGs
[2024-08-13T05:01:14.036+0000] {logging_mixin.py:188} INFO - [2024-08-13T05:01:14.035+0000] {dag.py:3947} INFO - Setting next_dagrun for example_xcom_args to None, run_after=None
[2024-08-13T05:01:14.043+0000] {logging_mixin.py:188} INFO - [2024-08-13T05:01:14.042+0000] {dag.py:3947} INFO - Setting next_dagrun for example_xcom_args_with_operators to None, run_after=None
[2024-08-13T05:01:14.103+0000] {processor.py:183} INFO - Processing /home/airflow/.local/lib/python3.12/site-packages/airflow/example_dags/example_xcomargs.py took 0.116 seconds
[2024-08-13T05:01:44.670+0000] {processor.py:161} INFO - Started process (PID=2289) to work on /home/airflow/.local/lib/python3.12/site-packages/airflow/example_dags/example_xcomargs.py
[2024-08-13T05:01:44.671+0000] {processor.py:830} INFO - Processing file /home/airflow/.local/lib/python3.12/site-packages/airflow/example_dags/example_xcomargs.py for tasks to queue
[2024-08-13T05:01:44.673+0000] {logging_mixin.py:188} INFO - [2024-08-13T05:01:44.672+0000] {dagbag.py:545} INFO - Filling up the DagBag from /home/airflow/.local/lib/python3.12/site-packages/airflow/example_dags/example_xcomargs.py
[2024-08-13T05:01:44.680+0000] {processor.py:840} INFO - DAG(s) 'example_xcom_args_with_operators', 'example_xcom_args' retrieved from /home/airflow/.local/lib/python3.12/site-packages/airflow/example_dags/example_xcomargs.py
[2024-08-13T05:01:44.708+0000] {logging_mixin.py:188} INFO - [2024-08-13T05:01:44.708+0000] {dag.py:3089} INFO - Sync 2 DAGs
[2024-08-13T05:01:44.725+0000] {logging_mixin.py:188} INFO - [2024-08-13T05:01:44.724+0000] {dag.py:3947} INFO - Setting next_dagrun for example_xcom_args to None, run_after=None
[2024-08-13T05:01:44.730+0000] {logging_mixin.py:188} INFO - [2024-08-13T05:01:44.730+0000] {dag.py:3947} INFO - Setting next_dagrun for example_xcom_args_with_operators to None, run_after=None
[2024-08-13T05:01:44.794+0000] {processor.py:183} INFO - Processing /home/airflow/.local/lib/python3.12/site-packages/airflow/example_dags/example_xcomargs.py took 0.130 seconds
[2024-08-13T05:02:15.476+0000] {processor.py:161} INFO - Started process (PID=2348) to work on /home/airflow/.local/lib/python3.12/site-packages/airflow/example_dags/example_xcomargs.py
[2024-08-13T05:02:15.477+0000] {processor.py:830} INFO - Processing file /home/airflow/.local/lib/python3.12/site-packages/airflow/example_dags/example_xcomargs.py for tasks to queue
[2024-08-13T05:02:15.478+0000] {logging_mixin.py:188} INFO - [2024-08-13T05:02:15.478+0000] {dagbag.py:545} INFO - Filling up the DagBag from /home/airflow/.local/lib/python3.12/site-packages/airflow/example_dags/example_xcomargs.py
[2024-08-13T05:02:15.486+0000] {processor.py:840} INFO - DAG(s) 'example_xcom_args', 'example_xcom_args_with_operators' retrieved from /home/airflow/.local/lib/python3.12/site-packages/airflow/example_dags/example_xcomargs.py
[2024-08-13T05:02:15.515+0000] {logging_mixin.py:188} INFO - [2024-08-13T05:02:15.515+0000] {dag.py:3089} INFO - Sync 2 DAGs
[2024-08-13T05:02:15.535+0000] {logging_mixin.py:188} INFO - [2024-08-13T05:02:15.535+0000] {dag.py:3947} INFO - Setting next_dagrun for example_xcom_args to None, run_after=None
[2024-08-13T05:02:15.540+0000] {logging_mixin.py:188} INFO - [2024-08-13T05:02:15.540+0000] {dag.py:3947} INFO - Setting next_dagrun for example_xcom_args_with_operators to None, run_after=None
[2024-08-13T05:02:15.609+0000] {processor.py:183} INFO - Processing /home/airflow/.local/lib/python3.12/site-packages/airflow/example_dags/example_xcomargs.py took 0.138 seconds
[2024-08-13T05:02:46.276+0000] {processor.py:161} INFO - Started process (PID=2407) to work on /home/airflow/.local/lib/python3.12/site-packages/airflow/example_dags/example_xcomargs.py
[2024-08-13T05:02:46.285+0000] {processor.py:830} INFO - Processing file /home/airflow/.local/lib/python3.12/site-packages/airflow/example_dags/example_xcomargs.py for tasks to queue
[2024-08-13T05:02:46.294+0000] {logging_mixin.py:188} INFO - [2024-08-13T05:02:46.293+0000] {dagbag.py:545} INFO - Filling up the DagBag from /home/airflow/.local/lib/python3.12/site-packages/airflow/example_dags/example_xcomargs.py
[2024-08-13T05:02:46.314+0000] {processor.py:840} INFO - DAG(s) 'example_xcom_args_with_operators', 'example_xcom_args' retrieved from /home/airflow/.local/lib/python3.12/site-packages/airflow/example_dags/example_xcomargs.py
[2024-08-13T05:02:46.386+0000] {logging_mixin.py:188} INFO - [2024-08-13T05:02:46.386+0000] {dag.py:3089} INFO - Sync 2 DAGs
[2024-08-13T05:02:46.409+0000] {logging_mixin.py:188} INFO - [2024-08-13T05:02:46.409+0000] {dag.py:3947} INFO - Setting next_dagrun for example_xcom_args to None, run_after=None
[2024-08-13T05:02:46.420+0000] {logging_mixin.py:188} INFO - [2024-08-13T05:02:46.415+0000] {dag.py:3947} INFO - Setting next_dagrun for example_xcom_args_with_operators to None, run_after=None
[2024-08-13T05:02:46.484+0000] {processor.py:183} INFO - Processing /home/airflow/.local/lib/python3.12/site-packages/airflow/example_dags/example_xcomargs.py took 0.231 seconds
[2024-08-13T05:03:17.002+0000] {processor.py:161} INFO - Started process (PID=2465) to work on /home/airflow/.local/lib/python3.12/site-packages/airflow/example_dags/example_xcomargs.py
[2024-08-13T05:03:17.003+0000] {processor.py:830} INFO - Processing file /home/airflow/.local/lib/python3.12/site-packages/airflow/example_dags/example_xcomargs.py for tasks to queue
[2024-08-13T05:03:17.005+0000] {logging_mixin.py:188} INFO - [2024-08-13T05:03:17.005+0000] {dagbag.py:545} INFO - Filling up the DagBag from /home/airflow/.local/lib/python3.12/site-packages/airflow/example_dags/example_xcomargs.py
[2024-08-13T05:03:17.017+0000] {processor.py:840} INFO - DAG(s) 'example_xcom_args', 'example_xcom_args_with_operators' retrieved from /home/airflow/.local/lib/python3.12/site-packages/airflow/example_dags/example_xcomargs.py
[2024-08-13T05:03:17.046+0000] {logging_mixin.py:188} INFO - [2024-08-13T05:03:17.046+0000] {dag.py:3089} INFO - Sync 2 DAGs
[2024-08-13T05:03:17.070+0000] {logging_mixin.py:188} INFO - [2024-08-13T05:03:17.069+0000] {dag.py:3947} INFO - Setting next_dagrun for example_xcom_args to None, run_after=None
[2024-08-13T05:03:17.075+0000] {logging_mixin.py:188} INFO - [2024-08-13T05:03:17.075+0000] {dag.py:3947} INFO - Setting next_dagrun for example_xcom_args_with_operators to None, run_after=None
[2024-08-13T05:03:17.163+0000] {processor.py:183} INFO - Processing /home/airflow/.local/lib/python3.12/site-packages/airflow/example_dags/example_xcomargs.py took 0.169 seconds
