[2024-08-13T04:42:13.539+0000] {processor.py:161} INFO - Started process (PID=98) to work on /home/airflow/.local/lib/python3.12/site-packages/airflow/example_dags/example_branch_operator.py
[2024-08-13T04:42:13.614+0000] {processor.py:830} INFO - Processing file /home/airflow/.local/lib/python3.12/site-packages/airflow/example_dags/example_branch_operator.py for tasks to queue
[2024-08-13T04:42:13.625+0000] {logging_mixin.py:188} INFO - [2024-08-13T04:42:13.623+0000] {dagbag.py:545} INFO - Filling up the DagBag from /home/airflow/.local/lib/python3.12/site-packages/airflow/example_dags/example_branch_operator.py
[2024-08-13T04:42:13.843+0000] {processor.py:840} INFO - DAG(s) 'example_branch_operator' retrieved from /home/airflow/.local/lib/python3.12/site-packages/airflow/example_dags/example_branch_operator.py
[2024-08-13T04:42:14.680+0000] {logging_mixin.py:188} INFO - [2024-08-13T04:42:14.680+0000] {dag.py:3089} INFO - Sync 1 DAGs
[2024-08-13T04:42:14.814+0000] {logging_mixin.py:188} INFO - [2024-08-13T04:42:14.804+0000] {dag.py:3947} INFO - Setting next_dagrun for example_branch_operator to 2024-08-12 00:00:00+00:00, run_after=2024-08-13 00:00:00+00:00
[2024-08-13T04:42:15.019+0000] {processor.py:183} INFO - Processing /home/airflow/.local/lib/python3.12/site-packages/airflow/example_dags/example_branch_operator.py took 1.502 seconds
[2024-08-13T04:42:45.493+0000] {processor.py:161} INFO - Started process (PID=155) to work on /home/airflow/.local/lib/python3.12/site-packages/airflow/example_dags/example_branch_operator.py
[2024-08-13T04:42:45.502+0000] {processor.py:830} INFO - Processing file /home/airflow/.local/lib/python3.12/site-packages/airflow/example_dags/example_branch_operator.py for tasks to queue
[2024-08-13T04:42:45.513+0000] {logging_mixin.py:188} INFO - [2024-08-13T04:42:45.512+0000] {dagbag.py:545} INFO - Filling up the DagBag from /home/airflow/.local/lib/python3.12/site-packages/airflow/example_dags/example_branch_operator.py
[2024-08-13T04:42:45.711+0000] {processor.py:840} INFO - DAG(s) 'example_branch_operator' retrieved from /home/airflow/.local/lib/python3.12/site-packages/airflow/example_dags/example_branch_operator.py
[2024-08-13T04:42:45.886+0000] {logging_mixin.py:188} INFO - [2024-08-13T04:42:45.886+0000] {dag.py:3089} INFO - Sync 1 DAGs
[2024-08-13T04:42:46.104+0000] {logging_mixin.py:188} INFO - [2024-08-13T04:42:46.103+0000] {dag.py:3947} INFO - Setting next_dagrun for example_branch_operator to 2024-08-12 00:00:00+00:00, run_after=2024-08-13 00:00:00+00:00
[2024-08-13T04:42:46.884+0000] {processor.py:183} INFO - Processing /home/airflow/.local/lib/python3.12/site-packages/airflow/example_dags/example_branch_operator.py took 1.442 seconds
[2024-08-13T04:43:17.837+0000] {processor.py:161} INFO - Started process (PID=213) to work on /home/airflow/.local/lib/python3.12/site-packages/airflow/example_dags/example_branch_operator.py
[2024-08-13T04:43:18.019+0000] {processor.py:830} INFO - Processing file /home/airflow/.local/lib/python3.12/site-packages/airflow/example_dags/example_branch_operator.py for tasks to queue
[2024-08-13T04:43:18.021+0000] {logging_mixin.py:188} INFO - [2024-08-13T04:43:18.020+0000] {dagbag.py:545} INFO - Filling up the DagBag from /home/airflow/.local/lib/python3.12/site-packages/airflow/example_dags/example_branch_operator.py
[2024-08-13T04:43:18.036+0000] {processor.py:840} INFO - DAG(s) 'example_branch_operator' retrieved from /home/airflow/.local/lib/python3.12/site-packages/airflow/example_dags/example_branch_operator.py
[2024-08-13T04:43:18.070+0000] {logging_mixin.py:188} INFO - [2024-08-13T04:43:18.069+0000] {dag.py:3089} INFO - Sync 1 DAGs
[2024-08-13T04:43:18.101+0000] {logging_mixin.py:188} INFO - [2024-08-13T04:43:18.101+0000] {dag.py:3947} INFO - Setting next_dagrun for example_branch_operator to 2024-08-12 00:00:00+00:00, run_after=2024-08-13 00:00:00+00:00
[2024-08-13T04:43:18.804+0000] {processor.py:183} INFO - Processing /home/airflow/.local/lib/python3.12/site-packages/airflow/example_dags/example_branch_operator.py took 0.975 seconds
[2024-08-13T04:43:48.951+0000] {processor.py:161} INFO - Started process (PID=271) to work on /home/airflow/.local/lib/python3.12/site-packages/airflow/example_dags/example_branch_operator.py
[2024-08-13T04:43:48.952+0000] {processor.py:830} INFO - Processing file /home/airflow/.local/lib/python3.12/site-packages/airflow/example_dags/example_branch_operator.py for tasks to queue
[2024-08-13T04:43:48.955+0000] {logging_mixin.py:188} INFO - [2024-08-13T04:43:48.955+0000] {dagbag.py:545} INFO - Filling up the DagBag from /home/airflow/.local/lib/python3.12/site-packages/airflow/example_dags/example_branch_operator.py
[2024-08-13T04:43:48.983+0000] {processor.py:840} INFO - DAG(s) 'example_branch_operator' retrieved from /home/airflow/.local/lib/python3.12/site-packages/airflow/example_dags/example_branch_operator.py
[2024-08-13T04:43:49.053+0000] {logging_mixin.py:188} INFO - [2024-08-13T04:43:49.052+0000] {dag.py:3089} INFO - Sync 1 DAGs
[2024-08-13T04:43:49.228+0000] {logging_mixin.py:188} INFO - [2024-08-13T04:43:49.228+0000] {dag.py:3947} INFO - Setting next_dagrun for example_branch_operator to 2024-08-12 00:00:00+00:00, run_after=2024-08-13 00:00:00+00:00
[2024-08-13T04:43:49.334+0000] {processor.py:183} INFO - Processing /home/airflow/.local/lib/python3.12/site-packages/airflow/example_dags/example_branch_operator.py took 0.391 seconds
[2024-08-13T04:44:19.777+0000] {processor.py:161} INFO - Started process (PID=329) to work on /home/airflow/.local/lib/python3.12/site-packages/airflow/example_dags/example_branch_operator.py
[2024-08-13T04:44:19.778+0000] {processor.py:830} INFO - Processing file /home/airflow/.local/lib/python3.12/site-packages/airflow/example_dags/example_branch_operator.py for tasks to queue
[2024-08-13T04:44:19.780+0000] {logging_mixin.py:188} INFO - [2024-08-13T04:44:19.780+0000] {dagbag.py:545} INFO - Filling up the DagBag from /home/airflow/.local/lib/python3.12/site-packages/airflow/example_dags/example_branch_operator.py
[2024-08-13T04:44:19.795+0000] {processor.py:840} INFO - DAG(s) 'example_branch_operator' retrieved from /home/airflow/.local/lib/python3.12/site-packages/airflow/example_dags/example_branch_operator.py
[2024-08-13T04:44:19.823+0000] {logging_mixin.py:188} INFO - [2024-08-13T04:44:19.823+0000] {dag.py:3089} INFO - Sync 1 DAGs
[2024-08-13T04:44:19.846+0000] {logging_mixin.py:188} INFO - [2024-08-13T04:44:19.845+0000] {dag.py:3947} INFO - Setting next_dagrun for example_branch_operator to 2024-08-12 00:00:00+00:00, run_after=2024-08-13 00:00:00+00:00
[2024-08-13T04:44:19.894+0000] {processor.py:183} INFO - Processing /home/airflow/.local/lib/python3.12/site-packages/airflow/example_dags/example_branch_operator.py took 0.124 seconds
[2024-08-13T04:44:51.007+0000] {processor.py:161} INFO - Started process (PID=387) to work on /home/airflow/.local/lib/python3.12/site-packages/airflow/example_dags/example_branch_operator.py
[2024-08-13T04:44:51.008+0000] {processor.py:830} INFO - Processing file /home/airflow/.local/lib/python3.12/site-packages/airflow/example_dags/example_branch_operator.py for tasks to queue
[2024-08-13T04:44:51.010+0000] {logging_mixin.py:188} INFO - [2024-08-13T04:44:51.009+0000] {dagbag.py:545} INFO - Filling up the DagBag from /home/airflow/.local/lib/python3.12/site-packages/airflow/example_dags/example_branch_operator.py
[2024-08-13T04:44:51.029+0000] {processor.py:840} INFO - DAG(s) 'example_branch_operator' retrieved from /home/airflow/.local/lib/python3.12/site-packages/airflow/example_dags/example_branch_operator.py
[2024-08-13T04:44:51.070+0000] {logging_mixin.py:188} INFO - [2024-08-13T04:44:51.070+0000] {dag.py:3089} INFO - Sync 1 DAGs
[2024-08-13T04:44:51.131+0000] {logging_mixin.py:188} INFO - [2024-08-13T04:44:51.131+0000] {dag.py:3947} INFO - Setting next_dagrun for example_branch_operator to 2024-08-12 00:00:00+00:00, run_after=2024-08-13 00:00:00+00:00
[2024-08-13T04:44:51.245+0000] {processor.py:183} INFO - Processing /home/airflow/.local/lib/python3.12/site-packages/airflow/example_dags/example_branch_operator.py took 0.244 seconds
[2024-08-13T04:45:23.583+0000] {processor.py:161} INFO - Started process (PID=443) to work on /home/airflow/.local/lib/python3.12/site-packages/airflow/example_dags/example_branch_operator.py
[2024-08-13T04:45:23.588+0000] {processor.py:830} INFO - Processing file /home/airflow/.local/lib/python3.12/site-packages/airflow/example_dags/example_branch_operator.py for tasks to queue
[2024-08-13T04:45:23.591+0000] {logging_mixin.py:188} INFO - [2024-08-13T04:45:23.591+0000] {dagbag.py:545} INFO - Filling up the DagBag from /home/airflow/.local/lib/python3.12/site-packages/airflow/example_dags/example_branch_operator.py
[2024-08-13T04:45:23.618+0000] {processor.py:840} INFO - DAG(s) 'example_branch_operator' retrieved from /home/airflow/.local/lib/python3.12/site-packages/airflow/example_dags/example_branch_operator.py
[2024-08-13T04:45:23.659+0000] {logging_mixin.py:188} INFO - [2024-08-13T04:45:23.659+0000] {dag.py:3089} INFO - Sync 1 DAGs
[2024-08-13T04:45:23.737+0000] {logging_mixin.py:188} INFO - [2024-08-13T04:45:23.737+0000] {dag.py:3947} INFO - Setting next_dagrun for example_branch_operator to 2024-08-12 00:00:00+00:00, run_after=2024-08-13 00:00:00+00:00
[2024-08-13T04:45:23.853+0000] {processor.py:183} INFO - Processing /home/airflow/.local/lib/python3.12/site-packages/airflow/example_dags/example_branch_operator.py took 0.277 seconds
[2024-08-13T04:45:54.275+0000] {processor.py:161} INFO - Started process (PID=500) to work on /home/airflow/.local/lib/python3.12/site-packages/airflow/example_dags/example_branch_operator.py
[2024-08-13T04:45:54.278+0000] {processor.py:830} INFO - Processing file /home/airflow/.local/lib/python3.12/site-packages/airflow/example_dags/example_branch_operator.py for tasks to queue
[2024-08-13T04:45:54.280+0000] {logging_mixin.py:188} INFO - [2024-08-13T04:45:54.280+0000] {dagbag.py:545} INFO - Filling up the DagBag from /home/airflow/.local/lib/python3.12/site-packages/airflow/example_dags/example_branch_operator.py
[2024-08-13T04:45:54.326+0000] {processor.py:840} INFO - DAG(s) 'example_branch_operator' retrieved from /home/airflow/.local/lib/python3.12/site-packages/airflow/example_dags/example_branch_operator.py
[2024-08-13T04:45:54.398+0000] {logging_mixin.py:188} INFO - [2024-08-13T04:45:54.397+0000] {dag.py:3089} INFO - Sync 1 DAGs
[2024-08-13T04:45:54.469+0000] {logging_mixin.py:188} INFO - [2024-08-13T04:45:54.469+0000] {dag.py:3947} INFO - Setting next_dagrun for example_branch_operator to 2024-08-12 00:00:00+00:00, run_after=2024-08-13 00:00:00+00:00
[2024-08-13T04:45:55.035+0000] {processor.py:183} INFO - Processing /home/airflow/.local/lib/python3.12/site-packages/airflow/example_dags/example_branch_operator.py took 0.772 seconds
[2024-08-13T04:46:25.420+0000] {processor.py:161} INFO - Started process (PID=564) to work on /home/airflow/.local/lib/python3.12/site-packages/airflow/example_dags/example_branch_operator.py
[2024-08-13T04:46:25.422+0000] {processor.py:830} INFO - Processing file /home/airflow/.local/lib/python3.12/site-packages/airflow/example_dags/example_branch_operator.py for tasks to queue
[2024-08-13T04:46:25.425+0000] {logging_mixin.py:188} INFO - [2024-08-13T04:46:25.425+0000] {dagbag.py:545} INFO - Filling up the DagBag from /home/airflow/.local/lib/python3.12/site-packages/airflow/example_dags/example_branch_operator.py
[2024-08-13T04:46:25.457+0000] {processor.py:840} INFO - DAG(s) 'example_branch_operator' retrieved from /home/airflow/.local/lib/python3.12/site-packages/airflow/example_dags/example_branch_operator.py
[2024-08-13T04:46:25.511+0000] {logging_mixin.py:188} INFO - [2024-08-13T04:46:25.510+0000] {dag.py:3089} INFO - Sync 1 DAGs
[2024-08-13T04:46:25.532+0000] {logging_mixin.py:188} INFO - [2024-08-13T04:46:25.532+0000] {dag.py:3947} INFO - Setting next_dagrun for example_branch_operator to 2024-08-12 00:00:00+00:00, run_after=2024-08-13 00:00:00+00:00
[2024-08-13T04:46:25.603+0000] {processor.py:183} INFO - Processing /home/airflow/.local/lib/python3.12/site-packages/airflow/example_dags/example_branch_operator.py took 0.189 seconds
[2024-08-13T04:46:55.804+0000] {processor.py:161} INFO - Started process (PID=622) to work on /home/airflow/.local/lib/python3.12/site-packages/airflow/example_dags/example_branch_operator.py
[2024-08-13T04:46:55.808+0000] {processor.py:830} INFO - Processing file /home/airflow/.local/lib/python3.12/site-packages/airflow/example_dags/example_branch_operator.py for tasks to queue
[2024-08-13T04:46:55.811+0000] {logging_mixin.py:188} INFO - [2024-08-13T04:46:55.810+0000] {dagbag.py:545} INFO - Filling up the DagBag from /home/airflow/.local/lib/python3.12/site-packages/airflow/example_dags/example_branch_operator.py
[2024-08-13T04:46:55.829+0000] {processor.py:840} INFO - DAG(s) 'example_branch_operator' retrieved from /home/airflow/.local/lib/python3.12/site-packages/airflow/example_dags/example_branch_operator.py
[2024-08-13T04:46:55.857+0000] {logging_mixin.py:188} INFO - [2024-08-13T04:46:55.857+0000] {dag.py:3089} INFO - Sync 1 DAGs
[2024-08-13T04:46:55.880+0000] {logging_mixin.py:188} INFO - [2024-08-13T04:46:55.880+0000] {dag.py:3947} INFO - Setting next_dagrun for example_branch_operator to 2024-08-12 00:00:00+00:00, run_after=2024-08-13 00:00:00+00:00
[2024-08-13T04:46:55.955+0000] {processor.py:183} INFO - Processing /home/airflow/.local/lib/python3.12/site-packages/airflow/example_dags/example_branch_operator.py took 0.157 seconds
[2024-08-13T04:47:28.063+0000] {processor.py:161} INFO - Started process (PID=680) to work on /home/airflow/.local/lib/python3.12/site-packages/airflow/example_dags/example_branch_operator.py
[2024-08-13T04:47:28.064+0000] {processor.py:830} INFO - Processing file /home/airflow/.local/lib/python3.12/site-packages/airflow/example_dags/example_branch_operator.py for tasks to queue
[2024-08-13T04:47:28.065+0000] {logging_mixin.py:188} INFO - [2024-08-13T04:47:28.065+0000] {dagbag.py:545} INFO - Filling up the DagBag from /home/airflow/.local/lib/python3.12/site-packages/airflow/example_dags/example_branch_operator.py
[2024-08-13T04:47:28.082+0000] {processor.py:840} INFO - DAG(s) 'example_branch_operator' retrieved from /home/airflow/.local/lib/python3.12/site-packages/airflow/example_dags/example_branch_operator.py
[2024-08-13T04:47:28.119+0000] {logging_mixin.py:188} INFO - [2024-08-13T04:47:28.119+0000] {dag.py:3089} INFO - Sync 1 DAGs
[2024-08-13T04:47:28.173+0000] {logging_mixin.py:188} INFO - [2024-08-13T04:47:28.172+0000] {dag.py:3947} INFO - Setting next_dagrun for example_branch_operator to 2024-08-12 00:00:00+00:00, run_after=2024-08-13 00:00:00+00:00
[2024-08-13T04:47:28.372+0000] {processor.py:183} INFO - Processing /home/airflow/.local/lib/python3.12/site-packages/airflow/example_dags/example_branch_operator.py took 0.315 seconds
[2024-08-13T04:47:58.622+0000] {processor.py:161} INFO - Started process (PID=739) to work on /home/airflow/.local/lib/python3.12/site-packages/airflow/example_dags/example_branch_operator.py
[2024-08-13T04:47:58.624+0000] {processor.py:830} INFO - Processing file /home/airflow/.local/lib/python3.12/site-packages/airflow/example_dags/example_branch_operator.py for tasks to queue
[2024-08-13T04:47:58.632+0000] {logging_mixin.py:188} INFO - [2024-08-13T04:47:58.631+0000] {dagbag.py:545} INFO - Filling up the DagBag from /home/airflow/.local/lib/python3.12/site-packages/airflow/example_dags/example_branch_operator.py
[2024-08-13T04:47:58.664+0000] {processor.py:840} INFO - DAG(s) 'example_branch_operator' retrieved from /home/airflow/.local/lib/python3.12/site-packages/airflow/example_dags/example_branch_operator.py
[2024-08-13T04:47:58.704+0000] {logging_mixin.py:188} INFO - [2024-08-13T04:47:58.704+0000] {dag.py:3089} INFO - Sync 1 DAGs
[2024-08-13T04:47:58.754+0000] {logging_mixin.py:188} INFO - [2024-08-13T04:47:58.753+0000] {dag.py:3947} INFO - Setting next_dagrun for example_branch_operator to 2024-08-12 00:00:00+00:00, run_after=2024-08-13 00:00:00+00:00
[2024-08-13T04:47:58.914+0000] {processor.py:183} INFO - Processing /home/airflow/.local/lib/python3.12/site-packages/airflow/example_dags/example_branch_operator.py took 0.308 seconds
[2024-08-13T04:48:28.999+0000] {processor.py:161} INFO - Started process (PID=796) to work on /home/airflow/.local/lib/python3.12/site-packages/airflow/example_dags/example_branch_operator.py
[2024-08-13T04:48:29.000+0000] {processor.py:830} INFO - Processing file /home/airflow/.local/lib/python3.12/site-packages/airflow/example_dags/example_branch_operator.py for tasks to queue
[2024-08-13T04:48:29.003+0000] {logging_mixin.py:188} INFO - [2024-08-13T04:48:29.002+0000] {dagbag.py:545} INFO - Filling up the DagBag from /home/airflow/.local/lib/python3.12/site-packages/airflow/example_dags/example_branch_operator.py
[2024-08-13T04:48:29.031+0000] {processor.py:840} INFO - DAG(s) 'example_branch_operator' retrieved from /home/airflow/.local/lib/python3.12/site-packages/airflow/example_dags/example_branch_operator.py
[2024-08-13T04:48:29.077+0000] {logging_mixin.py:188} INFO - [2024-08-13T04:48:29.076+0000] {dag.py:3089} INFO - Sync 1 DAGs
[2024-08-13T04:48:29.106+0000] {logging_mixin.py:188} INFO - [2024-08-13T04:48:29.106+0000] {dag.py:3947} INFO - Setting next_dagrun for example_branch_operator to 2024-08-12 00:00:00+00:00, run_after=2024-08-13 00:00:00+00:00
[2024-08-13T04:48:29.333+0000] {processor.py:183} INFO - Processing /home/airflow/.local/lib/python3.12/site-packages/airflow/example_dags/example_branch_operator.py took 0.339 seconds
[2024-08-13T04:48:59.947+0000] {processor.py:161} INFO - Started process (PID=854) to work on /home/airflow/.local/lib/python3.12/site-packages/airflow/example_dags/example_branch_operator.py
[2024-08-13T04:48:59.948+0000] {processor.py:830} INFO - Processing file /home/airflow/.local/lib/python3.12/site-packages/airflow/example_dags/example_branch_operator.py for tasks to queue
[2024-08-13T04:48:59.950+0000] {logging_mixin.py:188} INFO - [2024-08-13T04:48:59.949+0000] {dagbag.py:545} INFO - Filling up the DagBag from /home/airflow/.local/lib/python3.12/site-packages/airflow/example_dags/example_branch_operator.py
[2024-08-13T04:48:59.988+0000] {processor.py:840} INFO - DAG(s) 'example_branch_operator' retrieved from /home/airflow/.local/lib/python3.12/site-packages/airflow/example_dags/example_branch_operator.py
[2024-08-13T04:49:00.074+0000] {logging_mixin.py:188} INFO - [2024-08-13T04:49:00.074+0000] {dag.py:3089} INFO - Sync 1 DAGs
[2024-08-13T04:49:00.139+0000] {logging_mixin.py:188} INFO - [2024-08-13T04:49:00.138+0000] {dag.py:3947} INFO - Setting next_dagrun for example_branch_operator to 2024-08-12 00:00:00+00:00, run_after=2024-08-13 00:00:00+00:00
[2024-08-13T04:49:00.217+0000] {processor.py:183} INFO - Processing /home/airflow/.local/lib/python3.12/site-packages/airflow/example_dags/example_branch_operator.py took 0.275 seconds
[2024-08-13T04:49:32.029+0000] {processor.py:161} INFO - Started process (PID=912) to work on /home/airflow/.local/lib/python3.12/site-packages/airflow/example_dags/example_branch_operator.py
[2024-08-13T04:49:32.031+0000] {processor.py:830} INFO - Processing file /home/airflow/.local/lib/python3.12/site-packages/airflow/example_dags/example_branch_operator.py for tasks to queue
[2024-08-13T04:49:32.048+0000] {logging_mixin.py:188} INFO - [2024-08-13T04:49:32.047+0000] {dagbag.py:545} INFO - Filling up the DagBag from /home/airflow/.local/lib/python3.12/site-packages/airflow/example_dags/example_branch_operator.py
[2024-08-13T04:49:32.107+0000] {processor.py:840} INFO - DAG(s) 'example_branch_operator' retrieved from /home/airflow/.local/lib/python3.12/site-packages/airflow/example_dags/example_branch_operator.py
[2024-08-13T04:49:32.174+0000] {logging_mixin.py:188} INFO - [2024-08-13T04:49:32.174+0000] {dag.py:3089} INFO - Sync 1 DAGs
[2024-08-13T04:49:32.221+0000] {logging_mixin.py:188} INFO - [2024-08-13T04:49:32.221+0000] {dag.py:3947} INFO - Setting next_dagrun for example_branch_operator to 2024-08-12 00:00:00+00:00, run_after=2024-08-13 00:00:00+00:00
[2024-08-13T04:49:32.289+0000] {processor.py:183} INFO - Processing /home/airflow/.local/lib/python3.12/site-packages/airflow/example_dags/example_branch_operator.py took 0.279 seconds
[2024-08-13T04:50:02.459+0000] {processor.py:161} INFO - Started process (PID=970) to work on /home/airflow/.local/lib/python3.12/site-packages/airflow/example_dags/example_branch_operator.py
[2024-08-13T04:50:02.460+0000] {processor.py:830} INFO - Processing file /home/airflow/.local/lib/python3.12/site-packages/airflow/example_dags/example_branch_operator.py for tasks to queue
[2024-08-13T04:50:02.461+0000] {logging_mixin.py:188} INFO - [2024-08-13T04:50:02.461+0000] {dagbag.py:545} INFO - Filling up the DagBag from /home/airflow/.local/lib/python3.12/site-packages/airflow/example_dags/example_branch_operator.py
[2024-08-13T04:50:02.477+0000] {processor.py:840} INFO - DAG(s) 'example_branch_operator' retrieved from /home/airflow/.local/lib/python3.12/site-packages/airflow/example_dags/example_branch_operator.py
[2024-08-13T04:50:02.521+0000] {logging_mixin.py:188} INFO - [2024-08-13T04:50:02.521+0000] {dag.py:3089} INFO - Sync 1 DAGs
[2024-08-13T04:50:02.554+0000] {logging_mixin.py:188} INFO - [2024-08-13T04:50:02.554+0000] {dag.py:3947} INFO - Setting next_dagrun for example_branch_operator to 2024-08-12 00:00:00+00:00, run_after=2024-08-13 00:00:00+00:00
[2024-08-13T04:50:02.612+0000] {processor.py:183} INFO - Processing /home/airflow/.local/lib/python3.12/site-packages/airflow/example_dags/example_branch_operator.py took 0.159 seconds
[2024-08-13T04:50:32.862+0000] {processor.py:161} INFO - Started process (PID=1028) to work on /home/airflow/.local/lib/python3.12/site-packages/airflow/example_dags/example_branch_operator.py
[2024-08-13T04:50:32.863+0000] {processor.py:830} INFO - Processing file /home/airflow/.local/lib/python3.12/site-packages/airflow/example_dags/example_branch_operator.py for tasks to queue
[2024-08-13T04:50:32.865+0000] {logging_mixin.py:188} INFO - [2024-08-13T04:50:32.864+0000] {dagbag.py:545} INFO - Filling up the DagBag from /home/airflow/.local/lib/python3.12/site-packages/airflow/example_dags/example_branch_operator.py
[2024-08-13T04:50:32.880+0000] {processor.py:840} INFO - DAG(s) 'example_branch_operator' retrieved from /home/airflow/.local/lib/python3.12/site-packages/airflow/example_dags/example_branch_operator.py
[2024-08-13T04:50:32.916+0000] {logging_mixin.py:188} INFO - [2024-08-13T04:50:32.916+0000] {dag.py:3089} INFO - Sync 1 DAGs
[2024-08-13T04:50:32.949+0000] {logging_mixin.py:188} INFO - [2024-08-13T04:50:32.949+0000] {dag.py:3947} INFO - Setting next_dagrun for example_branch_operator to 2024-08-12 00:00:00+00:00, run_after=2024-08-13 00:00:00+00:00
[2024-08-13T04:50:33.004+0000] {processor.py:183} INFO - Processing /home/airflow/.local/lib/python3.12/site-packages/airflow/example_dags/example_branch_operator.py took 0.148 seconds
[2024-08-13T04:51:05.093+0000] {processor.py:161} INFO - Started process (PID=1087) to work on /home/airflow/.local/lib/python3.12/site-packages/airflow/example_dags/example_branch_operator.py
[2024-08-13T04:51:05.103+0000] {processor.py:830} INFO - Processing file /home/airflow/.local/lib/python3.12/site-packages/airflow/example_dags/example_branch_operator.py for tasks to queue
[2024-08-13T04:51:05.109+0000] {logging_mixin.py:188} INFO - [2024-08-13T04:51:05.109+0000] {dagbag.py:545} INFO - Filling up the DagBag from /home/airflow/.local/lib/python3.12/site-packages/airflow/example_dags/example_branch_operator.py
[2024-08-13T04:51:05.240+0000] {processor.py:840} INFO - DAG(s) 'example_branch_operator' retrieved from /home/airflow/.local/lib/python3.12/site-packages/airflow/example_dags/example_branch_operator.py
[2024-08-13T04:51:05.472+0000] {logging_mixin.py:188} INFO - [2024-08-13T04:51:05.471+0000] {dag.py:3089} INFO - Sync 1 DAGs
[2024-08-13T04:51:05.547+0000] {logging_mixin.py:188} INFO - [2024-08-13T04:51:05.546+0000] {dag.py:3947} INFO - Setting next_dagrun for example_branch_operator to 2024-08-12 00:00:00+00:00, run_after=2024-08-13 00:00:00+00:00
[2024-08-13T04:51:05.776+0000] {processor.py:183} INFO - Processing /home/airflow/.local/lib/python3.12/site-packages/airflow/example_dags/example_branch_operator.py took 0.695 seconds
[2024-08-13T04:51:37.585+0000] {processor.py:161} INFO - Started process (PID=1145) to work on /home/airflow/.local/lib/python3.12/site-packages/airflow/example_dags/example_branch_operator.py
[2024-08-13T04:51:37.597+0000] {processor.py:830} INFO - Processing file /home/airflow/.local/lib/python3.12/site-packages/airflow/example_dags/example_branch_operator.py for tasks to queue
[2024-08-13T04:51:37.600+0000] {logging_mixin.py:188} INFO - [2024-08-13T04:51:37.600+0000] {dagbag.py:545} INFO - Filling up the DagBag from /home/airflow/.local/lib/python3.12/site-packages/airflow/example_dags/example_branch_operator.py
[2024-08-13T04:51:37.681+0000] {processor.py:840} INFO - DAG(s) 'example_branch_operator' retrieved from /home/airflow/.local/lib/python3.12/site-packages/airflow/example_dags/example_branch_operator.py
[2024-08-13T04:51:37.825+0000] {logging_mixin.py:188} INFO - [2024-08-13T04:51:37.824+0000] {dag.py:3089} INFO - Sync 1 DAGs
[2024-08-13T04:51:37.952+0000] {logging_mixin.py:188} INFO - [2024-08-13T04:51:37.951+0000] {dag.py:3947} INFO - Setting next_dagrun for example_branch_operator to 2024-08-12 00:00:00+00:00, run_after=2024-08-13 00:00:00+00:00
[2024-08-13T04:51:38.095+0000] {processor.py:183} INFO - Processing /home/airflow/.local/lib/python3.12/site-packages/airflow/example_dags/example_branch_operator.py took 0.538 seconds
[2024-08-13T04:52:08.499+0000] {processor.py:161} INFO - Started process (PID=1204) to work on /home/airflow/.local/lib/python3.12/site-packages/airflow/example_dags/example_branch_operator.py
[2024-08-13T04:52:08.500+0000] {processor.py:830} INFO - Processing file /home/airflow/.local/lib/python3.12/site-packages/airflow/example_dags/example_branch_operator.py for tasks to queue
[2024-08-13T04:52:08.524+0000] {logging_mixin.py:188} INFO - [2024-08-13T04:52:08.524+0000] {dagbag.py:545} INFO - Filling up the DagBag from /home/airflow/.local/lib/python3.12/site-packages/airflow/example_dags/example_branch_operator.py
[2024-08-13T04:52:08.605+0000] {processor.py:840} INFO - DAG(s) 'example_branch_operator' retrieved from /home/airflow/.local/lib/python3.12/site-packages/airflow/example_dags/example_branch_operator.py
[2024-08-13T04:52:08.756+0000] {logging_mixin.py:188} INFO - [2024-08-13T04:52:08.756+0000] {dag.py:3089} INFO - Sync 1 DAGs
[2024-08-13T04:52:08.823+0000] {logging_mixin.py:188} INFO - [2024-08-13T04:52:08.823+0000] {dag.py:3947} INFO - Setting next_dagrun for example_branch_operator to 2024-08-12 00:00:00+00:00, run_after=2024-08-13 00:00:00+00:00
[2024-08-13T04:52:09.007+0000] {processor.py:183} INFO - Processing /home/airflow/.local/lib/python3.12/site-packages/airflow/example_dags/example_branch_operator.py took 0.513 seconds
[2024-08-13T04:52:40.608+0000] {processor.py:161} INFO - Started process (PID=1262) to work on /home/airflow/.local/lib/python3.12/site-packages/airflow/example_dags/example_branch_operator.py
[2024-08-13T04:52:40.611+0000] {processor.py:830} INFO - Processing file /home/airflow/.local/lib/python3.12/site-packages/airflow/example_dags/example_branch_operator.py for tasks to queue
[2024-08-13T04:52:40.613+0000] {logging_mixin.py:188} INFO - [2024-08-13T04:52:40.613+0000] {dagbag.py:545} INFO - Filling up the DagBag from /home/airflow/.local/lib/python3.12/site-packages/airflow/example_dags/example_branch_operator.py
[2024-08-13T04:52:40.687+0000] {processor.py:840} INFO - DAG(s) 'example_branch_operator' retrieved from /home/airflow/.local/lib/python3.12/site-packages/airflow/example_dags/example_branch_operator.py
[2024-08-13T04:52:40.751+0000] {logging_mixin.py:188} INFO - [2024-08-13T04:52:40.750+0000] {dag.py:3089} INFO - Sync 1 DAGs
[2024-08-13T04:52:40.778+0000] {logging_mixin.py:188} INFO - [2024-08-13T04:52:40.778+0000] {dag.py:3947} INFO - Setting next_dagrun for example_branch_operator to 2024-08-12 00:00:00+00:00, run_after=2024-08-13 00:00:00+00:00
[2024-08-13T04:52:40.937+0000] {processor.py:183} INFO - Processing /home/airflow/.local/lib/python3.12/site-packages/airflow/example_dags/example_branch_operator.py took 0.349 seconds
[2024-08-13T04:53:11.993+0000] {processor.py:161} INFO - Started process (PID=1320) to work on /home/airflow/.local/lib/python3.12/site-packages/airflow/example_dags/example_branch_operator.py
[2024-08-13T04:53:12.001+0000] {processor.py:830} INFO - Processing file /home/airflow/.local/lib/python3.12/site-packages/airflow/example_dags/example_branch_operator.py for tasks to queue
[2024-08-13T04:53:12.021+0000] {logging_mixin.py:188} INFO - [2024-08-13T04:53:12.021+0000] {dagbag.py:545} INFO - Filling up the DagBag from /home/airflow/.local/lib/python3.12/site-packages/airflow/example_dags/example_branch_operator.py
[2024-08-13T04:53:12.139+0000] {processor.py:840} INFO - DAG(s) 'example_branch_operator' retrieved from /home/airflow/.local/lib/python3.12/site-packages/airflow/example_dags/example_branch_operator.py
[2024-08-13T04:53:12.307+0000] {logging_mixin.py:188} INFO - [2024-08-13T04:53:12.306+0000] {dag.py:3089} INFO - Sync 1 DAGs
[2024-08-13T04:53:12.388+0000] {logging_mixin.py:188} INFO - [2024-08-13T04:53:12.387+0000] {dag.py:3947} INFO - Setting next_dagrun for example_branch_operator to 2024-08-12 00:00:00+00:00, run_after=2024-08-13 00:00:00+00:00
[2024-08-13T04:53:12.972+0000] {processor.py:183} INFO - Processing /home/airflow/.local/lib/python3.12/site-packages/airflow/example_dags/example_branch_operator.py took 1.040 seconds
[2024-08-13T04:53:43.609+0000] {processor.py:161} INFO - Started process (PID=1379) to work on /home/airflow/.local/lib/python3.12/site-packages/airflow/example_dags/example_branch_operator.py
[2024-08-13T04:53:43.611+0000] {processor.py:830} INFO - Processing file /home/airflow/.local/lib/python3.12/site-packages/airflow/example_dags/example_branch_operator.py for tasks to queue
[2024-08-13T04:53:43.614+0000] {logging_mixin.py:188} INFO - [2024-08-13T04:53:43.613+0000] {dagbag.py:545} INFO - Filling up the DagBag from /home/airflow/.local/lib/python3.12/site-packages/airflow/example_dags/example_branch_operator.py
[2024-08-13T04:53:43.672+0000] {processor.py:840} INFO - DAG(s) 'example_branch_operator' retrieved from /home/airflow/.local/lib/python3.12/site-packages/airflow/example_dags/example_branch_operator.py
[2024-08-13T04:53:43.784+0000] {logging_mixin.py:188} INFO - [2024-08-13T04:53:43.783+0000] {dag.py:3089} INFO - Sync 1 DAGs
[2024-08-13T04:53:43.830+0000] {logging_mixin.py:188} INFO - [2024-08-13T04:53:43.824+0000] {dag.py:3947} INFO - Setting next_dagrun for example_branch_operator to 2024-08-12 00:00:00+00:00, run_after=2024-08-13 00:00:00+00:00
[2024-08-13T04:53:43.900+0000] {processor.py:183} INFO - Processing /home/airflow/.local/lib/python3.12/site-packages/airflow/example_dags/example_branch_operator.py took 0.298 seconds
[2024-08-13T04:54:14.766+0000] {processor.py:161} INFO - Started process (PID=1437) to work on /home/airflow/.local/lib/python3.12/site-packages/airflow/example_dags/example_branch_operator.py
[2024-08-13T04:54:14.777+0000] {processor.py:830} INFO - Processing file /home/airflow/.local/lib/python3.12/site-packages/airflow/example_dags/example_branch_operator.py for tasks to queue
[2024-08-13T04:54:14.782+0000] {logging_mixin.py:188} INFO - [2024-08-13T04:54:14.781+0000] {dagbag.py:545} INFO - Filling up the DagBag from /home/airflow/.local/lib/python3.12/site-packages/airflow/example_dags/example_branch_operator.py
[2024-08-13T04:54:14.854+0000] {processor.py:840} INFO - DAG(s) 'example_branch_operator' retrieved from /home/airflow/.local/lib/python3.12/site-packages/airflow/example_dags/example_branch_operator.py
[2024-08-13T04:54:15.018+0000] {logging_mixin.py:188} INFO - [2024-08-13T04:54:15.018+0000] {dag.py:3089} INFO - Sync 1 DAGs
[2024-08-13T04:54:15.069+0000] {logging_mixin.py:188} INFO - [2024-08-13T04:54:15.069+0000] {dag.py:3947} INFO - Setting next_dagrun for example_branch_operator to 2024-08-12 00:00:00+00:00, run_after=2024-08-13 00:00:00+00:00
[2024-08-13T04:54:15.166+0000] {processor.py:183} INFO - Processing /home/airflow/.local/lib/python3.12/site-packages/airflow/example_dags/example_branch_operator.py took 0.420 seconds
[2024-08-13T04:54:46.404+0000] {processor.py:161} INFO - Started process (PID=1495) to work on /home/airflow/.local/lib/python3.12/site-packages/airflow/example_dags/example_branch_operator.py
[2024-08-13T04:54:46.406+0000] {processor.py:830} INFO - Processing file /home/airflow/.local/lib/python3.12/site-packages/airflow/example_dags/example_branch_operator.py for tasks to queue
[2024-08-13T04:54:46.408+0000] {logging_mixin.py:188} INFO - [2024-08-13T04:54:46.407+0000] {dagbag.py:545} INFO - Filling up the DagBag from /home/airflow/.local/lib/python3.12/site-packages/airflow/example_dags/example_branch_operator.py
[2024-08-13T04:54:46.425+0000] {processor.py:840} INFO - DAG(s) 'example_branch_operator' retrieved from /home/airflow/.local/lib/python3.12/site-packages/airflow/example_dags/example_branch_operator.py
[2024-08-13T04:54:46.455+0000] {logging_mixin.py:188} INFO - [2024-08-13T04:54:46.454+0000] {dag.py:3089} INFO - Sync 1 DAGs
[2024-08-13T04:54:46.478+0000] {logging_mixin.py:188} INFO - [2024-08-13T04:54:46.478+0000] {dag.py:3947} INFO - Setting next_dagrun for example_branch_operator to 2024-08-12 00:00:00+00:00, run_after=2024-08-13 00:00:00+00:00
[2024-08-13T04:54:47.067+0000] {processor.py:183} INFO - Processing /home/airflow/.local/lib/python3.12/site-packages/airflow/example_dags/example_branch_operator.py took 0.668 seconds
[2024-08-13T04:55:17.271+0000] {processor.py:161} INFO - Started process (PID=1553) to work on /home/airflow/.local/lib/python3.12/site-packages/airflow/example_dags/example_branch_operator.py
[2024-08-13T04:55:17.272+0000] {processor.py:830} INFO - Processing file /home/airflow/.local/lib/python3.12/site-packages/airflow/example_dags/example_branch_operator.py for tasks to queue
[2024-08-13T04:55:17.273+0000] {logging_mixin.py:188} INFO - [2024-08-13T04:55:17.273+0000] {dagbag.py:545} INFO - Filling up the DagBag from /home/airflow/.local/lib/python3.12/site-packages/airflow/example_dags/example_branch_operator.py
[2024-08-13T04:55:17.301+0000] {processor.py:840} INFO - DAG(s) 'example_branch_operator' retrieved from /home/airflow/.local/lib/python3.12/site-packages/airflow/example_dags/example_branch_operator.py
[2024-08-13T04:55:17.342+0000] {logging_mixin.py:188} INFO - [2024-08-13T04:55:17.342+0000] {dag.py:3089} INFO - Sync 1 DAGs
[2024-08-13T04:55:17.377+0000] {logging_mixin.py:188} INFO - [2024-08-13T04:55:17.376+0000] {dag.py:3947} INFO - Setting next_dagrun for example_branch_operator to 2024-08-12 00:00:00+00:00, run_after=2024-08-13 00:00:00+00:00
[2024-08-13T04:55:17.431+0000] {processor.py:183} INFO - Processing /home/airflow/.local/lib/python3.12/site-packages/airflow/example_dags/example_branch_operator.py took 0.166 seconds
[2024-08-13T04:55:47.946+0000] {processor.py:161} INFO - Started process (PID=1611) to work on /home/airflow/.local/lib/python3.12/site-packages/airflow/example_dags/example_branch_operator.py
[2024-08-13T04:55:47.947+0000] {processor.py:830} INFO - Processing file /home/airflow/.local/lib/python3.12/site-packages/airflow/example_dags/example_branch_operator.py for tasks to queue
[2024-08-13T04:55:47.965+0000] {logging_mixin.py:188} INFO - [2024-08-13T04:55:47.965+0000] {dagbag.py:545} INFO - Filling up the DagBag from /home/airflow/.local/lib/python3.12/site-packages/airflow/example_dags/example_branch_operator.py
[2024-08-13T04:55:48.034+0000] {processor.py:840} INFO - DAG(s) 'example_branch_operator' retrieved from /home/airflow/.local/lib/python3.12/site-packages/airflow/example_dags/example_branch_operator.py
[2024-08-13T04:55:48.127+0000] {logging_mixin.py:188} INFO - [2024-08-13T04:55:48.126+0000] {dag.py:3089} INFO - Sync 1 DAGs
[2024-08-13T04:55:48.404+0000] {logging_mixin.py:188} INFO - [2024-08-13T04:55:48.403+0000] {dag.py:3947} INFO - Setting next_dagrun for example_branch_operator to 2024-08-12 00:00:00+00:00, run_after=2024-08-13 00:00:00+00:00
[2024-08-13T04:55:48.487+0000] {processor.py:183} INFO - Processing /home/airflow/.local/lib/python3.12/site-packages/airflow/example_dags/example_branch_operator.py took 0.548 seconds
[2024-08-13T04:56:19.240+0000] {processor.py:161} INFO - Started process (PID=1669) to work on /home/airflow/.local/lib/python3.12/site-packages/airflow/example_dags/example_branch_operator.py
[2024-08-13T04:56:19.244+0000] {processor.py:830} INFO - Processing file /home/airflow/.local/lib/python3.12/site-packages/airflow/example_dags/example_branch_operator.py for tasks to queue
[2024-08-13T04:56:19.246+0000] {logging_mixin.py:188} INFO - [2024-08-13T04:56:19.246+0000] {dagbag.py:545} INFO - Filling up the DagBag from /home/airflow/.local/lib/python3.12/site-packages/airflow/example_dags/example_branch_operator.py
[2024-08-13T04:56:19.274+0000] {processor.py:840} INFO - DAG(s) 'example_branch_operator' retrieved from /home/airflow/.local/lib/python3.12/site-packages/airflow/example_dags/example_branch_operator.py
[2024-08-13T04:56:19.315+0000] {logging_mixin.py:188} INFO - [2024-08-13T04:56:19.314+0000] {dag.py:3089} INFO - Sync 1 DAGs
[2024-08-13T04:56:19.340+0000] {logging_mixin.py:188} INFO - [2024-08-13T04:56:19.340+0000] {dag.py:3947} INFO - Setting next_dagrun for example_branch_operator to 2024-08-12 00:00:00+00:00, run_after=2024-08-13 00:00:00+00:00
[2024-08-13T04:56:19.547+0000] {processor.py:183} INFO - Processing /home/airflow/.local/lib/python3.12/site-packages/airflow/example_dags/example_branch_operator.py took 0.315 seconds
[2024-08-13T04:56:49.799+0000] {processor.py:161} INFO - Started process (PID=1728) to work on /home/airflow/.local/lib/python3.12/site-packages/airflow/example_dags/example_branch_operator.py
[2024-08-13T04:56:49.800+0000] {processor.py:830} INFO - Processing file /home/airflow/.local/lib/python3.12/site-packages/airflow/example_dags/example_branch_operator.py for tasks to queue
[2024-08-13T04:56:49.803+0000] {logging_mixin.py:188} INFO - [2024-08-13T04:56:49.802+0000] {dagbag.py:545} INFO - Filling up the DagBag from /home/airflow/.local/lib/python3.12/site-packages/airflow/example_dags/example_branch_operator.py
[2024-08-13T04:56:49.827+0000] {processor.py:840} INFO - DAG(s) 'example_branch_operator' retrieved from /home/airflow/.local/lib/python3.12/site-packages/airflow/example_dags/example_branch_operator.py
[2024-08-13T04:56:49.856+0000] {logging_mixin.py:188} INFO - [2024-08-13T04:56:49.856+0000] {dag.py:3089} INFO - Sync 1 DAGs
[2024-08-13T04:56:49.888+0000] {logging_mixin.py:188} INFO - [2024-08-13T04:56:49.888+0000] {dag.py:3947} INFO - Setting next_dagrun for example_branch_operator to 2024-08-12 00:00:00+00:00, run_after=2024-08-13 00:00:00+00:00
[2024-08-13T04:56:49.945+0000] {processor.py:183} INFO - Processing /home/airflow/.local/lib/python3.12/site-packages/airflow/example_dags/example_branch_operator.py took 0.155 seconds
[2024-08-13T04:57:20.382+0000] {processor.py:161} INFO - Started process (PID=1785) to work on /home/airflow/.local/lib/python3.12/site-packages/airflow/example_dags/example_branch_operator.py
[2024-08-13T04:57:20.402+0000] {processor.py:830} INFO - Processing file /home/airflow/.local/lib/python3.12/site-packages/airflow/example_dags/example_branch_operator.py for tasks to queue
[2024-08-13T04:57:20.404+0000] {logging_mixin.py:188} INFO - [2024-08-13T04:57:20.404+0000] {dagbag.py:545} INFO - Filling up the DagBag from /home/airflow/.local/lib/python3.12/site-packages/airflow/example_dags/example_branch_operator.py
[2024-08-13T04:57:20.462+0000] {processor.py:840} INFO - DAG(s) 'example_branch_operator' retrieved from /home/airflow/.local/lib/python3.12/site-packages/airflow/example_dags/example_branch_operator.py
[2024-08-13T04:57:20.603+0000] {logging_mixin.py:188} INFO - [2024-08-13T04:57:20.597+0000] {dag.py:3089} INFO - Sync 1 DAGs
[2024-08-13T04:57:20.687+0000] {logging_mixin.py:188} INFO - [2024-08-13T04:57:20.676+0000] {dag.py:3947} INFO - Setting next_dagrun for example_branch_operator to 2024-08-12 00:00:00+00:00, run_after=2024-08-13 00:00:00+00:00
[2024-08-13T04:57:20.801+0000] {processor.py:183} INFO - Processing /home/airflow/.local/lib/python3.12/site-packages/airflow/example_dags/example_branch_operator.py took 0.460 seconds
[2024-08-13T04:57:51.167+0000] {processor.py:161} INFO - Started process (PID=1843) to work on /home/airflow/.local/lib/python3.12/site-packages/airflow/example_dags/example_branch_operator.py
[2024-08-13T04:57:51.169+0000] {processor.py:830} INFO - Processing file /home/airflow/.local/lib/python3.12/site-packages/airflow/example_dags/example_branch_operator.py for tasks to queue
[2024-08-13T04:57:51.170+0000] {logging_mixin.py:188} INFO - [2024-08-13T04:57:51.170+0000] {dagbag.py:545} INFO - Filling up the DagBag from /home/airflow/.local/lib/python3.12/site-packages/airflow/example_dags/example_branch_operator.py
[2024-08-13T04:57:51.199+0000] {processor.py:840} INFO - DAG(s) 'example_branch_operator' retrieved from /home/airflow/.local/lib/python3.12/site-packages/airflow/example_dags/example_branch_operator.py
[2024-08-13T04:57:51.243+0000] {logging_mixin.py:188} INFO - [2024-08-13T04:57:51.243+0000] {dag.py:3089} INFO - Sync 1 DAGs
[2024-08-13T04:57:51.284+0000] {logging_mixin.py:188} INFO - [2024-08-13T04:57:51.283+0000] {dag.py:3947} INFO - Setting next_dagrun for example_branch_operator to 2024-08-12 00:00:00+00:00, run_after=2024-08-13 00:00:00+00:00
[2024-08-13T04:57:51.341+0000] {processor.py:183} INFO - Processing /home/airflow/.local/lib/python3.12/site-packages/airflow/example_dags/example_branch_operator.py took 0.178 seconds
[2024-08-13T04:58:22.405+0000] {processor.py:161} INFO - Started process (PID=1901) to work on /home/airflow/.local/lib/python3.12/site-packages/airflow/example_dags/example_branch_operator.py
[2024-08-13T04:58:22.406+0000] {processor.py:830} INFO - Processing file /home/airflow/.local/lib/python3.12/site-packages/airflow/example_dags/example_branch_operator.py for tasks to queue
[2024-08-13T04:58:22.409+0000] {logging_mixin.py:188} INFO - [2024-08-13T04:58:22.409+0000] {dagbag.py:545} INFO - Filling up the DagBag from /home/airflow/.local/lib/python3.12/site-packages/airflow/example_dags/example_branch_operator.py
[2024-08-13T04:58:22.435+0000] {processor.py:840} INFO - DAG(s) 'example_branch_operator' retrieved from /home/airflow/.local/lib/python3.12/site-packages/airflow/example_dags/example_branch_operator.py
[2024-08-13T04:58:22.572+0000] {logging_mixin.py:188} INFO - [2024-08-13T04:58:22.572+0000] {dag.py:3089} INFO - Sync 1 DAGs
[2024-08-13T04:58:22.639+0000] {logging_mixin.py:188} INFO - [2024-08-13T04:58:22.639+0000] {dag.py:3947} INFO - Setting next_dagrun for example_branch_operator to 2024-08-12 00:00:00+00:00, run_after=2024-08-13 00:00:00+00:00
[2024-08-13T04:58:22.716+0000] {processor.py:183} INFO - Processing /home/airflow/.local/lib/python3.12/site-packages/airflow/example_dags/example_branch_operator.py took 0.320 seconds
[2024-08-13T04:58:52.832+0000] {processor.py:161} INFO - Started process (PID=1959) to work on /home/airflow/.local/lib/python3.12/site-packages/airflow/example_dags/example_branch_operator.py
[2024-08-13T04:58:52.833+0000] {processor.py:830} INFO - Processing file /home/airflow/.local/lib/python3.12/site-packages/airflow/example_dags/example_branch_operator.py for tasks to queue
[2024-08-13T04:58:52.836+0000] {logging_mixin.py:188} INFO - [2024-08-13T04:58:52.835+0000] {dagbag.py:545} INFO - Filling up the DagBag from /home/airflow/.local/lib/python3.12/site-packages/airflow/example_dags/example_branch_operator.py
[2024-08-13T04:58:52.879+0000] {processor.py:840} INFO - DAG(s) 'example_branch_operator' retrieved from /home/airflow/.local/lib/python3.12/site-packages/airflow/example_dags/example_branch_operator.py
[2024-08-13T04:58:52.980+0000] {logging_mixin.py:188} INFO - [2024-08-13T04:58:52.979+0000] {dag.py:3089} INFO - Sync 1 DAGs
[2024-08-13T04:58:53.016+0000] {logging_mixin.py:188} INFO - [2024-08-13T04:58:53.016+0000] {dag.py:3947} INFO - Setting next_dagrun for example_branch_operator to 2024-08-12 00:00:00+00:00, run_after=2024-08-13 00:00:00+00:00
[2024-08-13T04:58:53.071+0000] {processor.py:183} INFO - Processing /home/airflow/.local/lib/python3.12/site-packages/airflow/example_dags/example_branch_operator.py took 0.245 seconds
[2024-08-13T04:59:23.445+0000] {processor.py:161} INFO - Started process (PID=2016) to work on /home/airflow/.local/lib/python3.12/site-packages/airflow/example_dags/example_branch_operator.py
[2024-08-13T04:59:23.446+0000] {processor.py:830} INFO - Processing file /home/airflow/.local/lib/python3.12/site-packages/airflow/example_dags/example_branch_operator.py for tasks to queue
[2024-08-13T04:59:23.448+0000] {logging_mixin.py:188} INFO - [2024-08-13T04:59:23.448+0000] {dagbag.py:545} INFO - Filling up the DagBag from /home/airflow/.local/lib/python3.12/site-packages/airflow/example_dags/example_branch_operator.py
[2024-08-13T04:59:23.478+0000] {processor.py:840} INFO - DAG(s) 'example_branch_operator' retrieved from /home/airflow/.local/lib/python3.12/site-packages/airflow/example_dags/example_branch_operator.py
[2024-08-13T04:59:23.590+0000] {logging_mixin.py:188} INFO - [2024-08-13T04:59:23.590+0000] {dag.py:3089} INFO - Sync 1 DAGs
[2024-08-13T04:59:23.662+0000] {logging_mixin.py:188} INFO - [2024-08-13T04:59:23.661+0000] {dag.py:3947} INFO - Setting next_dagrun for example_branch_operator to 2024-08-12 00:00:00+00:00, run_after=2024-08-13 00:00:00+00:00
[2024-08-13T04:59:23.756+0000] {processor.py:183} INFO - Processing /home/airflow/.local/lib/python3.12/site-packages/airflow/example_dags/example_branch_operator.py took 0.329 seconds
[2024-08-13T04:59:54.676+0000] {processor.py:161} INFO - Started process (PID=2075) to work on /home/airflow/.local/lib/python3.12/site-packages/airflow/example_dags/example_branch_operator.py
[2024-08-13T04:59:54.677+0000] {processor.py:830} INFO - Processing file /home/airflow/.local/lib/python3.12/site-packages/airflow/example_dags/example_branch_operator.py for tasks to queue
[2024-08-13T04:59:54.678+0000] {logging_mixin.py:188} INFO - [2024-08-13T04:59:54.678+0000] {dagbag.py:545} INFO - Filling up the DagBag from /home/airflow/.local/lib/python3.12/site-packages/airflow/example_dags/example_branch_operator.py
[2024-08-13T04:59:54.697+0000] {processor.py:840} INFO - DAG(s) 'example_branch_operator' retrieved from /home/airflow/.local/lib/python3.12/site-packages/airflow/example_dags/example_branch_operator.py
[2024-08-13T04:59:54.753+0000] {logging_mixin.py:188} INFO - [2024-08-13T04:59:54.753+0000] {dag.py:3089} INFO - Sync 1 DAGs
[2024-08-13T04:59:54.796+0000] {logging_mixin.py:188} INFO - [2024-08-13T04:59:54.795+0000] {dag.py:3947} INFO - Setting next_dagrun for example_branch_operator to 2024-08-12 00:00:00+00:00, run_after=2024-08-13 00:00:00+00:00
[2024-08-13T04:59:54.875+0000] {processor.py:183} INFO - Processing /home/airflow/.local/lib/python3.12/site-packages/airflow/example_dags/example_branch_operator.py took 0.205 seconds
[2024-08-13T05:00:25.338+0000] {processor.py:161} INFO - Started process (PID=2132) to work on /home/airflow/.local/lib/python3.12/site-packages/airflow/example_dags/example_branch_operator.py
[2024-08-13T05:00:25.339+0000] {processor.py:830} INFO - Processing file /home/airflow/.local/lib/python3.12/site-packages/airflow/example_dags/example_branch_operator.py for tasks to queue
[2024-08-13T05:00:25.342+0000] {logging_mixin.py:188} INFO - [2024-08-13T05:00:25.341+0000] {dagbag.py:545} INFO - Filling up the DagBag from /home/airflow/.local/lib/python3.12/site-packages/airflow/example_dags/example_branch_operator.py
[2024-08-13T05:00:25.366+0000] {processor.py:840} INFO - DAG(s) 'example_branch_operator' retrieved from /home/airflow/.local/lib/python3.12/site-packages/airflow/example_dags/example_branch_operator.py
[2024-08-13T05:00:25.407+0000] {logging_mixin.py:188} INFO - [2024-08-13T05:00:25.406+0000] {dag.py:3089} INFO - Sync 1 DAGs
[2024-08-13T05:00:25.459+0000] {logging_mixin.py:188} INFO - [2024-08-13T05:00:25.459+0000] {dag.py:3947} INFO - Setting next_dagrun for example_branch_operator to 2024-08-12 00:00:00+00:00, run_after=2024-08-13 00:00:00+00:00
[2024-08-13T05:00:25.814+0000] {processor.py:183} INFO - Processing /home/airflow/.local/lib/python3.12/site-packages/airflow/example_dags/example_branch_operator.py took 0.484 seconds
[2024-08-13T05:00:56.364+0000] {processor.py:161} INFO - Started process (PID=2190) to work on /home/airflow/.local/lib/python3.12/site-packages/airflow/example_dags/example_branch_operator.py
[2024-08-13T05:00:56.365+0000] {processor.py:830} INFO - Processing file /home/airflow/.local/lib/python3.12/site-packages/airflow/example_dags/example_branch_operator.py for tasks to queue
[2024-08-13T05:00:56.366+0000] {logging_mixin.py:188} INFO - [2024-08-13T05:00:56.366+0000] {dagbag.py:545} INFO - Filling up the DagBag from /home/airflow/.local/lib/python3.12/site-packages/airflow/example_dags/example_branch_operator.py
[2024-08-13T05:00:56.393+0000] {processor.py:840} INFO - DAG(s) 'example_branch_operator' retrieved from /home/airflow/.local/lib/python3.12/site-packages/airflow/example_dags/example_branch_operator.py
[2024-08-13T05:00:56.421+0000] {logging_mixin.py:188} INFO - [2024-08-13T05:00:56.420+0000] {dag.py:3089} INFO - Sync 1 DAGs
[2024-08-13T05:00:56.443+0000] {logging_mixin.py:188} INFO - [2024-08-13T05:00:56.443+0000] {dag.py:3947} INFO - Setting next_dagrun for example_branch_operator to 2024-08-12 00:00:00+00:00, run_after=2024-08-13 00:00:00+00:00
[2024-08-13T05:00:56.503+0000] {processor.py:183} INFO - Processing /home/airflow/.local/lib/python3.12/site-packages/airflow/example_dags/example_branch_operator.py took 0.145 seconds
[2024-08-13T05:01:27.092+0000] {processor.py:161} INFO - Started process (PID=2248) to work on /home/airflow/.local/lib/python3.12/site-packages/airflow/example_dags/example_branch_operator.py
[2024-08-13T05:01:27.093+0000] {processor.py:830} INFO - Processing file /home/airflow/.local/lib/python3.12/site-packages/airflow/example_dags/example_branch_operator.py for tasks to queue
[2024-08-13T05:01:27.095+0000] {logging_mixin.py:188} INFO - [2024-08-13T05:01:27.095+0000] {dagbag.py:545} INFO - Filling up the DagBag from /home/airflow/.local/lib/python3.12/site-packages/airflow/example_dags/example_branch_operator.py
[2024-08-13T05:01:27.116+0000] {processor.py:840} INFO - DAG(s) 'example_branch_operator' retrieved from /home/airflow/.local/lib/python3.12/site-packages/airflow/example_dags/example_branch_operator.py
[2024-08-13T05:01:27.155+0000] {logging_mixin.py:188} INFO - [2024-08-13T05:01:27.155+0000] {dag.py:3089} INFO - Sync 1 DAGs
[2024-08-13T05:01:27.182+0000] {logging_mixin.py:188} INFO - [2024-08-13T05:01:27.182+0000] {dag.py:3947} INFO - Setting next_dagrun for example_branch_operator to 2024-08-12 00:00:00+00:00, run_after=2024-08-13 00:00:00+00:00
[2024-08-13T05:01:27.283+0000] {processor.py:183} INFO - Processing /home/airflow/.local/lib/python3.12/site-packages/airflow/example_dags/example_branch_operator.py took 0.207 seconds
[2024-08-13T05:01:57.468+0000] {processor.py:161} INFO - Started process (PID=2307) to work on /home/airflow/.local/lib/python3.12/site-packages/airflow/example_dags/example_branch_operator.py
[2024-08-13T05:01:57.469+0000] {processor.py:830} INFO - Processing file /home/airflow/.local/lib/python3.12/site-packages/airflow/example_dags/example_branch_operator.py for tasks to queue
[2024-08-13T05:01:57.471+0000] {logging_mixin.py:188} INFO - [2024-08-13T05:01:57.471+0000] {dagbag.py:545} INFO - Filling up the DagBag from /home/airflow/.local/lib/python3.12/site-packages/airflow/example_dags/example_branch_operator.py
[2024-08-13T05:01:57.497+0000] {processor.py:840} INFO - DAG(s) 'example_branch_operator' retrieved from /home/airflow/.local/lib/python3.12/site-packages/airflow/example_dags/example_branch_operator.py
[2024-08-13T05:01:57.544+0000] {logging_mixin.py:188} INFO - [2024-08-13T05:01:57.544+0000] {dag.py:3089} INFO - Sync 1 DAGs
[2024-08-13T05:01:57.577+0000] {logging_mixin.py:188} INFO - [2024-08-13T05:01:57.577+0000] {dag.py:3947} INFO - Setting next_dagrun for example_branch_operator to 2024-08-12 00:00:00+00:00, run_after=2024-08-13 00:00:00+00:00
[2024-08-13T05:01:57.710+0000] {processor.py:183} INFO - Processing /home/airflow/.local/lib/python3.12/site-packages/airflow/example_dags/example_branch_operator.py took 0.249 seconds
[2024-08-13T05:02:28.509+0000] {processor.py:161} INFO - Started process (PID=2373) to work on /home/airflow/.local/lib/python3.12/site-packages/airflow/example_dags/example_branch_operator.py
[2024-08-13T05:02:28.510+0000] {processor.py:830} INFO - Processing file /home/airflow/.local/lib/python3.12/site-packages/airflow/example_dags/example_branch_operator.py for tasks to queue
[2024-08-13T05:02:28.512+0000] {logging_mixin.py:188} INFO - [2024-08-13T05:02:28.512+0000] {dagbag.py:545} INFO - Filling up the DagBag from /home/airflow/.local/lib/python3.12/site-packages/airflow/example_dags/example_branch_operator.py
[2024-08-13T05:02:28.529+0000] {processor.py:840} INFO - DAG(s) 'example_branch_operator' retrieved from /home/airflow/.local/lib/python3.12/site-packages/airflow/example_dags/example_branch_operator.py
[2024-08-13T05:02:28.576+0000] {logging_mixin.py:188} INFO - [2024-08-13T05:02:28.575+0000] {dag.py:3089} INFO - Sync 1 DAGs
[2024-08-13T05:02:28.608+0000] {logging_mixin.py:188} INFO - [2024-08-13T05:02:28.607+0000] {dag.py:3947} INFO - Setting next_dagrun for example_branch_operator to 2024-08-12 00:00:00+00:00, run_after=2024-08-13 00:00:00+00:00
[2024-08-13T05:02:28.667+0000] {processor.py:183} INFO - Processing /home/airflow/.local/lib/python3.12/site-packages/airflow/example_dags/example_branch_operator.py took 0.162 seconds
[2024-08-13T05:03:00.627+0000] {processor.py:161} INFO - Started process (PID=2431) to work on /home/airflow/.local/lib/python3.12/site-packages/airflow/example_dags/example_branch_operator.py
[2024-08-13T05:03:00.628+0000] {processor.py:830} INFO - Processing file /home/airflow/.local/lib/python3.12/site-packages/airflow/example_dags/example_branch_operator.py for tasks to queue
[2024-08-13T05:03:00.643+0000] {logging_mixin.py:188} INFO - [2024-08-13T05:03:00.642+0000] {dagbag.py:545} INFO - Filling up the DagBag from /home/airflow/.local/lib/python3.12/site-packages/airflow/example_dags/example_branch_operator.py
[2024-08-13T05:03:00.727+0000] {processor.py:840} INFO - DAG(s) 'example_branch_operator' retrieved from /home/airflow/.local/lib/python3.12/site-packages/airflow/example_dags/example_branch_operator.py
[2024-08-13T05:03:00.783+0000] {logging_mixin.py:188} INFO - [2024-08-13T05:03:00.782+0000] {dag.py:3089} INFO - Sync 1 DAGs
[2024-08-13T05:03:00.811+0000] {logging_mixin.py:188} INFO - [2024-08-13T05:03:00.811+0000] {dag.py:3947} INFO - Setting next_dagrun for example_branch_operator to 2024-08-12 00:00:00+00:00, run_after=2024-08-13 00:00:00+00:00
[2024-08-13T05:03:01.216+0000] {processor.py:183} INFO - Processing /home/airflow/.local/lib/python3.12/site-packages/airflow/example_dags/example_branch_operator.py took 0.601 seconds
