[2024-08-13T04:41:56.969+0000] {processor.py:161} INFO - Started process (PID=83) to work on /home/airflow/.local/lib/python3.12/site-packages/airflow/example_dags/example_task_group.py
[2024-08-13T04:41:57.004+0000] {processor.py:830} INFO - Processing file /home/airflow/.local/lib/python3.12/site-packages/airflow/example_dags/example_task_group.py for tasks to queue
[2024-08-13T04:41:57.007+0000] {logging_mixin.py:188} INFO - [2024-08-13T04:41:57.007+0000] {dagbag.py:545} INFO - Filling up the DagBag from /home/airflow/.local/lib/python3.12/site-packages/airflow/example_dags/example_task_group.py
[2024-08-13T04:41:57.032+0000] {processor.py:840} INFO - DAG(s) 'example_task_group' retrieved from /home/airflow/.local/lib/python3.12/site-packages/airflow/example_dags/example_task_group.py
[2024-08-13T04:41:58.260+0000] {logging_mixin.py:188} INFO - [2024-08-13T04:41:58.260+0000] {dag.py:3089} INFO - Sync 1 DAGs
[2024-08-13T04:41:58.473+0000] {logging_mixin.py:188} INFO - [2024-08-13T04:41:58.473+0000] {dag.py:3947} INFO - Setting next_dagrun for example_task_group to 2024-08-12 00:00:00+00:00, run_after=2024-08-13 00:00:00+00:00
[2024-08-13T04:41:58.869+0000] {processor.py:183} INFO - Processing /home/airflow/.local/lib/python3.12/site-packages/airflow/example_dags/example_task_group.py took 1.909 seconds
[2024-08-13T04:42:33.961+0000] {processor.py:161} INFO - Started process (PID=140) to work on /home/airflow/.local/lib/python3.12/site-packages/airflow/example_dags/example_task_group.py
[2024-08-13T04:42:33.962+0000] {processor.py:830} INFO - Processing file /home/airflow/.local/lib/python3.12/site-packages/airflow/example_dags/example_task_group.py for tasks to queue
[2024-08-13T04:42:33.970+0000] {logging_mixin.py:188} INFO - [2024-08-13T04:42:33.970+0000] {dagbag.py:545} INFO - Filling up the DagBag from /home/airflow/.local/lib/python3.12/site-packages/airflow/example_dags/example_task_group.py
[2024-08-13T04:42:34.005+0000] {processor.py:840} INFO - DAG(s) 'example_task_group' retrieved from /home/airflow/.local/lib/python3.12/site-packages/airflow/example_dags/example_task_group.py
[2024-08-13T04:42:34.105+0000] {logging_mixin.py:188} INFO - [2024-08-13T04:42:34.105+0000] {dag.py:3089} INFO - Sync 1 DAGs
[2024-08-13T04:42:34.236+0000] {logging_mixin.py:188} INFO - [2024-08-13T04:42:34.236+0000] {dag.py:3947} INFO - Setting next_dagrun for example_task_group to 2024-08-12 00:00:00+00:00, run_after=2024-08-13 00:00:00+00:00
[2024-08-13T04:42:34.523+0000] {processor.py:183} INFO - Processing /home/airflow/.local/lib/python3.12/site-packages/airflow/example_dags/example_task_group.py took 0.589 seconds
[2024-08-13T04:43:12.626+0000] {processor.py:161} INFO - Started process (PID=198) to work on /home/airflow/.local/lib/python3.12/site-packages/airflow/example_dags/example_task_group.py
[2024-08-13T04:43:12.644+0000] {processor.py:830} INFO - Processing file /home/airflow/.local/lib/python3.12/site-packages/airflow/example_dags/example_task_group.py for tasks to queue
[2024-08-13T04:43:12.649+0000] {logging_mixin.py:188} INFO - [2024-08-13T04:43:12.648+0000] {dagbag.py:545} INFO - Filling up the DagBag from /home/airflow/.local/lib/python3.12/site-packages/airflow/example_dags/example_task_group.py
[2024-08-13T04:43:12.671+0000] {processor.py:840} INFO - DAG(s) 'example_task_group' retrieved from /home/airflow/.local/lib/python3.12/site-packages/airflow/example_dags/example_task_group.py
[2024-08-13T04:43:12.702+0000] {logging_mixin.py:188} INFO - [2024-08-13T04:43:12.702+0000] {dag.py:3089} INFO - Sync 1 DAGs
[2024-08-13T04:43:12.758+0000] {logging_mixin.py:188} INFO - [2024-08-13T04:43:12.757+0000] {dag.py:3947} INFO - Setting next_dagrun for example_task_group to 2024-08-12 00:00:00+00:00, run_after=2024-08-13 00:00:00+00:00
[2024-08-13T04:43:12.905+0000] {processor.py:183} INFO - Processing /home/airflow/.local/lib/python3.12/site-packages/airflow/example_dags/example_task_group.py took 0.298 seconds
[2024-08-13T04:43:43.452+0000] {processor.py:161} INFO - Started process (PID=254) to work on /home/airflow/.local/lib/python3.12/site-packages/airflow/example_dags/example_task_group.py
[2024-08-13T04:43:43.454+0000] {processor.py:830} INFO - Processing file /home/airflow/.local/lib/python3.12/site-packages/airflow/example_dags/example_task_group.py for tasks to queue
[2024-08-13T04:43:43.456+0000] {logging_mixin.py:188} INFO - [2024-08-13T04:43:43.456+0000] {dagbag.py:545} INFO - Filling up the DagBag from /home/airflow/.local/lib/python3.12/site-packages/airflow/example_dags/example_task_group.py
[2024-08-13T04:43:43.467+0000] {processor.py:840} INFO - DAG(s) 'example_task_group' retrieved from /home/airflow/.local/lib/python3.12/site-packages/airflow/example_dags/example_task_group.py
[2024-08-13T04:43:43.500+0000] {logging_mixin.py:188} INFO - [2024-08-13T04:43:43.499+0000] {dag.py:3089} INFO - Sync 1 DAGs
[2024-08-13T04:43:43.596+0000] {logging_mixin.py:188} INFO - [2024-08-13T04:43:43.595+0000] {dag.py:3947} INFO - Setting next_dagrun for example_task_group to 2024-08-12 00:00:00+00:00, run_after=2024-08-13 00:00:00+00:00
[2024-08-13T04:43:45.346+0000] {processor.py:183} INFO - Processing /home/airflow/.local/lib/python3.12/site-packages/airflow/example_dags/example_task_group.py took 1.903 seconds
[2024-08-13T04:44:15.478+0000] {processor.py:161} INFO - Started process (PID=312) to work on /home/airflow/.local/lib/python3.12/site-packages/airflow/example_dags/example_task_group.py
[2024-08-13T04:44:15.479+0000] {processor.py:830} INFO - Processing file /home/airflow/.local/lib/python3.12/site-packages/airflow/example_dags/example_task_group.py for tasks to queue
[2024-08-13T04:44:15.482+0000] {logging_mixin.py:188} INFO - [2024-08-13T04:44:15.481+0000] {dagbag.py:545} INFO - Filling up the DagBag from /home/airflow/.local/lib/python3.12/site-packages/airflow/example_dags/example_task_group.py
[2024-08-13T04:44:15.491+0000] {processor.py:840} INFO - DAG(s) 'example_task_group' retrieved from /home/airflow/.local/lib/python3.12/site-packages/airflow/example_dags/example_task_group.py
[2024-08-13T04:44:15.521+0000] {logging_mixin.py:188} INFO - [2024-08-13T04:44:15.521+0000] {dag.py:3089} INFO - Sync 1 DAGs
[2024-08-13T04:44:15.581+0000] {logging_mixin.py:188} INFO - [2024-08-13T04:44:15.580+0000] {dag.py:3947} INFO - Setting next_dagrun for example_task_group to 2024-08-12 00:00:00+00:00, run_after=2024-08-13 00:00:00+00:00
[2024-08-13T04:44:16.018+0000] {processor.py:183} INFO - Processing /home/airflow/.local/lib/python3.12/site-packages/airflow/example_dags/example_task_group.py took 0.547 seconds
[2024-08-13T04:44:46.425+0000] {processor.py:161} INFO - Started process (PID=370) to work on /home/airflow/.local/lib/python3.12/site-packages/airflow/example_dags/example_task_group.py
[2024-08-13T04:44:46.427+0000] {processor.py:830} INFO - Processing file /home/airflow/.local/lib/python3.12/site-packages/airflow/example_dags/example_task_group.py for tasks to queue
[2024-08-13T04:44:46.437+0000] {logging_mixin.py:188} INFO - [2024-08-13T04:44:46.436+0000] {dagbag.py:545} INFO - Filling up the DagBag from /home/airflow/.local/lib/python3.12/site-packages/airflow/example_dags/example_task_group.py
[2024-08-13T04:44:46.447+0000] {processor.py:840} INFO - DAG(s) 'example_task_group' retrieved from /home/airflow/.local/lib/python3.12/site-packages/airflow/example_dags/example_task_group.py
[2024-08-13T04:44:46.474+0000] {logging_mixin.py:188} INFO - [2024-08-13T04:44:46.474+0000] {dag.py:3089} INFO - Sync 1 DAGs
[2024-08-13T04:44:46.506+0000] {logging_mixin.py:188} INFO - [2024-08-13T04:44:46.506+0000] {dag.py:3947} INFO - Setting next_dagrun for example_task_group to 2024-08-12 00:00:00+00:00, run_after=2024-08-13 00:00:00+00:00
[2024-08-13T04:44:47.853+0000] {processor.py:183} INFO - Processing /home/airflow/.local/lib/python3.12/site-packages/airflow/example_dags/example_task_group.py took 1.446 seconds
[2024-08-13T04:45:18.225+0000] {processor.py:161} INFO - Started process (PID=428) to work on /home/airflow/.local/lib/python3.12/site-packages/airflow/example_dags/example_task_group.py
[2024-08-13T04:45:18.227+0000] {processor.py:830} INFO - Processing file /home/airflow/.local/lib/python3.12/site-packages/airflow/example_dags/example_task_group.py for tasks to queue
[2024-08-13T04:45:18.229+0000] {logging_mixin.py:188} INFO - [2024-08-13T04:45:18.229+0000] {dagbag.py:545} INFO - Filling up the DagBag from /home/airflow/.local/lib/python3.12/site-packages/airflow/example_dags/example_task_group.py
[2024-08-13T04:45:18.253+0000] {processor.py:840} INFO - DAG(s) 'example_task_group' retrieved from /home/airflow/.local/lib/python3.12/site-packages/airflow/example_dags/example_task_group.py
[2024-08-13T04:45:18.313+0000] {logging_mixin.py:188} INFO - [2024-08-13T04:45:18.312+0000] {dag.py:3089} INFO - Sync 1 DAGs
[2024-08-13T04:45:18.360+0000] {logging_mixin.py:188} INFO - [2024-08-13T04:45:18.360+0000] {dag.py:3947} INFO - Setting next_dagrun for example_task_group to 2024-08-12 00:00:00+00:00, run_after=2024-08-13 00:00:00+00:00
[2024-08-13T04:45:18.453+0000] {processor.py:183} INFO - Processing /home/airflow/.local/lib/python3.12/site-packages/airflow/example_dags/example_task_group.py took 0.248 seconds
[2024-08-13T04:45:49.078+0000] {processor.py:161} INFO - Started process (PID=485) to work on /home/airflow/.local/lib/python3.12/site-packages/airflow/example_dags/example_task_group.py
[2024-08-13T04:45:49.080+0000] {processor.py:830} INFO - Processing file /home/airflow/.local/lib/python3.12/site-packages/airflow/example_dags/example_task_group.py for tasks to queue
[2024-08-13T04:45:49.082+0000] {logging_mixin.py:188} INFO - [2024-08-13T04:45:49.082+0000] {dagbag.py:545} INFO - Filling up the DagBag from /home/airflow/.local/lib/python3.12/site-packages/airflow/example_dags/example_task_group.py
[2024-08-13T04:45:49.091+0000] {processor.py:840} INFO - DAG(s) 'example_task_group' retrieved from /home/airflow/.local/lib/python3.12/site-packages/airflow/example_dags/example_task_group.py
[2024-08-13T04:45:49.123+0000] {logging_mixin.py:188} INFO - [2024-08-13T04:45:49.123+0000] {dag.py:3089} INFO - Sync 1 DAGs
[2024-08-13T04:45:49.154+0000] {logging_mixin.py:188} INFO - [2024-08-13T04:45:49.154+0000] {dag.py:3947} INFO - Setting next_dagrun for example_task_group to 2024-08-12 00:00:00+00:00, run_after=2024-08-13 00:00:00+00:00
[2024-08-13T04:45:49.242+0000] {processor.py:183} INFO - Processing /home/airflow/.local/lib/python3.12/site-packages/airflow/example_dags/example_task_group.py took 0.171 seconds
[2024-08-13T04:46:19.686+0000] {processor.py:161} INFO - Started process (PID=543) to work on /home/airflow/.local/lib/python3.12/site-packages/airflow/example_dags/example_task_group.py
[2024-08-13T04:46:19.690+0000] {processor.py:830} INFO - Processing file /home/airflow/.local/lib/python3.12/site-packages/airflow/example_dags/example_task_group.py for tasks to queue
[2024-08-13T04:46:19.692+0000] {logging_mixin.py:188} INFO - [2024-08-13T04:46:19.691+0000] {dagbag.py:545} INFO - Filling up the DagBag from /home/airflow/.local/lib/python3.12/site-packages/airflow/example_dags/example_task_group.py
[2024-08-13T04:46:19.705+0000] {processor.py:840} INFO - DAG(s) 'example_task_group' retrieved from /home/airflow/.local/lib/python3.12/site-packages/airflow/example_dags/example_task_group.py
[2024-08-13T04:46:19.736+0000] {logging_mixin.py:188} INFO - [2024-08-13T04:46:19.735+0000] {dag.py:3089} INFO - Sync 1 DAGs
[2024-08-13T04:46:19.776+0000] {logging_mixin.py:188} INFO - [2024-08-13T04:46:19.776+0000] {dag.py:3947} INFO - Setting next_dagrun for example_task_group to 2024-08-12 00:00:00+00:00, run_after=2024-08-13 00:00:00+00:00
[2024-08-13T04:46:20.634+0000] {processor.py:183} INFO - Processing /home/airflow/.local/lib/python3.12/site-packages/airflow/example_dags/example_task_group.py took 0.955 seconds
[2024-08-13T04:46:51.491+0000] {processor.py:161} INFO - Started process (PID=601) to work on /home/airflow/.local/lib/python3.12/site-packages/airflow/example_dags/example_task_group.py
[2024-08-13T04:46:51.492+0000] {processor.py:830} INFO - Processing file /home/airflow/.local/lib/python3.12/site-packages/airflow/example_dags/example_task_group.py for tasks to queue
[2024-08-13T04:46:51.494+0000] {logging_mixin.py:188} INFO - [2024-08-13T04:46:51.494+0000] {dagbag.py:545} INFO - Filling up the DagBag from /home/airflow/.local/lib/python3.12/site-packages/airflow/example_dags/example_task_group.py
[2024-08-13T04:46:51.500+0000] {processor.py:840} INFO - DAG(s) 'example_task_group' retrieved from /home/airflow/.local/lib/python3.12/site-packages/airflow/example_dags/example_task_group.py
[2024-08-13T04:46:51.519+0000] {logging_mixin.py:188} INFO - [2024-08-13T04:46:51.519+0000] {dag.py:3089} INFO - Sync 1 DAGs
[2024-08-13T04:46:51.540+0000] {logging_mixin.py:188} INFO - [2024-08-13T04:46:51.539+0000] {dag.py:3947} INFO - Setting next_dagrun for example_task_group to 2024-08-12 00:00:00+00:00, run_after=2024-08-13 00:00:00+00:00
[2024-08-13T04:46:51.591+0000] {processor.py:183} INFO - Processing /home/airflow/.local/lib/python3.12/site-packages/airflow/example_dags/example_task_group.py took 0.105 seconds
[2024-08-13T04:47:22.201+0000] {processor.py:161} INFO - Started process (PID=659) to work on /home/airflow/.local/lib/python3.12/site-packages/airflow/example_dags/example_task_group.py
[2024-08-13T04:47:22.202+0000] {processor.py:830} INFO - Processing file /home/airflow/.local/lib/python3.12/site-packages/airflow/example_dags/example_task_group.py for tasks to queue
[2024-08-13T04:47:22.204+0000] {logging_mixin.py:188} INFO - [2024-08-13T04:47:22.204+0000] {dagbag.py:545} INFO - Filling up the DagBag from /home/airflow/.local/lib/python3.12/site-packages/airflow/example_dags/example_task_group.py
[2024-08-13T04:47:22.210+0000] {processor.py:840} INFO - DAG(s) 'example_task_group' retrieved from /home/airflow/.local/lib/python3.12/site-packages/airflow/example_dags/example_task_group.py
[2024-08-13T04:47:22.230+0000] {logging_mixin.py:188} INFO - [2024-08-13T04:47:22.230+0000] {dag.py:3089} INFO - Sync 1 DAGs
[2024-08-13T04:47:22.269+0000] {logging_mixin.py:188} INFO - [2024-08-13T04:47:22.269+0000] {dag.py:3947} INFO - Setting next_dagrun for example_task_group to 2024-08-12 00:00:00+00:00, run_after=2024-08-13 00:00:00+00:00
[2024-08-13T04:47:22.677+0000] {processor.py:183} INFO - Processing /home/airflow/.local/lib/python3.12/site-packages/airflow/example_dags/example_task_group.py took 0.483 seconds
[2024-08-13T04:47:52.759+0000] {processor.py:161} INFO - Started process (PID=717) to work on /home/airflow/.local/lib/python3.12/site-packages/airflow/example_dags/example_task_group.py
[2024-08-13T04:47:52.760+0000] {processor.py:830} INFO - Processing file /home/airflow/.local/lib/python3.12/site-packages/airflow/example_dags/example_task_group.py for tasks to queue
[2024-08-13T04:47:52.761+0000] {logging_mixin.py:188} INFO - [2024-08-13T04:47:52.761+0000] {dagbag.py:545} INFO - Filling up the DagBag from /home/airflow/.local/lib/python3.12/site-packages/airflow/example_dags/example_task_group.py
[2024-08-13T04:47:52.768+0000] {processor.py:840} INFO - DAG(s) 'example_task_group' retrieved from /home/airflow/.local/lib/python3.12/site-packages/airflow/example_dags/example_task_group.py
[2024-08-13T04:47:52.815+0000] {logging_mixin.py:188} INFO - [2024-08-13T04:47:52.814+0000] {dag.py:3089} INFO - Sync 1 DAGs
[2024-08-13T04:47:52.870+0000] {logging_mixin.py:188} INFO - [2024-08-13T04:47:52.870+0000] {dag.py:3947} INFO - Setting next_dagrun for example_task_group to 2024-08-12 00:00:00+00:00, run_after=2024-08-13 00:00:00+00:00
[2024-08-13T04:47:52.932+0000] {processor.py:183} INFO - Processing /home/airflow/.local/lib/python3.12/site-packages/airflow/example_dags/example_task_group.py took 0.180 seconds
[2024-08-13T04:48:23.041+0000] {processor.py:161} INFO - Started process (PID=776) to work on /home/airflow/.local/lib/python3.12/site-packages/airflow/example_dags/example_task_group.py
[2024-08-13T04:48:23.042+0000] {processor.py:830} INFO - Processing file /home/airflow/.local/lib/python3.12/site-packages/airflow/example_dags/example_task_group.py for tasks to queue
[2024-08-13T04:48:23.044+0000] {logging_mixin.py:188} INFO - [2024-08-13T04:48:23.044+0000] {dagbag.py:545} INFO - Filling up the DagBag from /home/airflow/.local/lib/python3.12/site-packages/airflow/example_dags/example_task_group.py
[2024-08-13T04:48:23.054+0000] {processor.py:840} INFO - DAG(s) 'example_task_group' retrieved from /home/airflow/.local/lib/python3.12/site-packages/airflow/example_dags/example_task_group.py
[2024-08-13T04:48:23.083+0000] {logging_mixin.py:188} INFO - [2024-08-13T04:48:23.083+0000] {dag.py:3089} INFO - Sync 1 DAGs
[2024-08-13T04:48:23.115+0000] {logging_mixin.py:188} INFO - [2024-08-13T04:48:23.114+0000] {dag.py:3947} INFO - Setting next_dagrun for example_task_group to 2024-08-12 00:00:00+00:00, run_after=2024-08-13 00:00:00+00:00
[2024-08-13T04:48:23.174+0000] {processor.py:183} INFO - Processing /home/airflow/.local/lib/python3.12/site-packages/airflow/example_dags/example_task_group.py took 0.141 seconds
[2024-08-13T04:48:53.735+0000] {processor.py:161} INFO - Started process (PID=833) to work on /home/airflow/.local/lib/python3.12/site-packages/airflow/example_dags/example_task_group.py
[2024-08-13T04:48:53.736+0000] {processor.py:830} INFO - Processing file /home/airflow/.local/lib/python3.12/site-packages/airflow/example_dags/example_task_group.py for tasks to queue
[2024-08-13T04:48:53.739+0000] {logging_mixin.py:188} INFO - [2024-08-13T04:48:53.738+0000] {dagbag.py:545} INFO - Filling up the DagBag from /home/airflow/.local/lib/python3.12/site-packages/airflow/example_dags/example_task_group.py
[2024-08-13T04:48:53.749+0000] {processor.py:840} INFO - DAG(s) 'example_task_group' retrieved from /home/airflow/.local/lib/python3.12/site-packages/airflow/example_dags/example_task_group.py
[2024-08-13T04:48:53.773+0000] {logging_mixin.py:188} INFO - [2024-08-13T04:48:53.772+0000] {dag.py:3089} INFO - Sync 1 DAGs
[2024-08-13T04:48:53.794+0000] {logging_mixin.py:188} INFO - [2024-08-13T04:48:53.793+0000] {dag.py:3947} INFO - Setting next_dagrun for example_task_group to 2024-08-12 00:00:00+00:00, run_after=2024-08-13 00:00:00+00:00
[2024-08-13T04:48:53.868+0000] {processor.py:183} INFO - Processing /home/airflow/.local/lib/python3.12/site-packages/airflow/example_dags/example_task_group.py took 0.141 seconds
[2024-08-13T04:49:24.491+0000] {processor.py:161} INFO - Started process (PID=891) to work on /home/airflow/.local/lib/python3.12/site-packages/airflow/example_dags/example_task_group.py
[2024-08-13T04:49:24.493+0000] {processor.py:830} INFO - Processing file /home/airflow/.local/lib/python3.12/site-packages/airflow/example_dags/example_task_group.py for tasks to queue
[2024-08-13T04:49:24.495+0000] {logging_mixin.py:188} INFO - [2024-08-13T04:49:24.495+0000] {dagbag.py:545} INFO - Filling up the DagBag from /home/airflow/.local/lib/python3.12/site-packages/airflow/example_dags/example_task_group.py
[2024-08-13T04:49:24.504+0000] {processor.py:840} INFO - DAG(s) 'example_task_group' retrieved from /home/airflow/.local/lib/python3.12/site-packages/airflow/example_dags/example_task_group.py
[2024-08-13T04:49:24.530+0000] {logging_mixin.py:188} INFO - [2024-08-13T04:49:24.529+0000] {dag.py:3089} INFO - Sync 1 DAGs
[2024-08-13T04:49:24.552+0000] {logging_mixin.py:188} INFO - [2024-08-13T04:49:24.552+0000] {dag.py:3947} INFO - Setting next_dagrun for example_task_group to 2024-08-12 00:00:00+00:00, run_after=2024-08-13 00:00:00+00:00
[2024-08-13T04:49:24.615+0000] {processor.py:183} INFO - Processing /home/airflow/.local/lib/python3.12/site-packages/airflow/example_dags/example_task_group.py took 0.131 seconds
[2024-08-13T04:49:56.770+0000] {processor.py:161} INFO - Started process (PID=955) to work on /home/airflow/.local/lib/python3.12/site-packages/airflow/example_dags/example_task_group.py
[2024-08-13T04:49:56.773+0000] {processor.py:830} INFO - Processing file /home/airflow/.local/lib/python3.12/site-packages/airflow/example_dags/example_task_group.py for tasks to queue
[2024-08-13T04:49:56.787+0000] {logging_mixin.py:188} INFO - [2024-08-13T04:49:56.786+0000] {dagbag.py:545} INFO - Filling up the DagBag from /home/airflow/.local/lib/python3.12/site-packages/airflow/example_dags/example_task_group.py
[2024-08-13T04:49:56.805+0000] {processor.py:840} INFO - DAG(s) 'example_task_group' retrieved from /home/airflow/.local/lib/python3.12/site-packages/airflow/example_dags/example_task_group.py
[2024-08-13T04:49:56.836+0000] {logging_mixin.py:188} INFO - [2024-08-13T04:49:56.836+0000] {dag.py:3089} INFO - Sync 1 DAGs
[2024-08-13T04:49:56.885+0000] {logging_mixin.py:188} INFO - [2024-08-13T04:49:56.885+0000] {dag.py:3947} INFO - Setting next_dagrun for example_task_group to 2024-08-12 00:00:00+00:00, run_after=2024-08-13 00:00:00+00:00
[2024-08-13T04:49:56.953+0000] {processor.py:183} INFO - Processing /home/airflow/.local/lib/python3.12/site-packages/airflow/example_dags/example_task_group.py took 0.203 seconds
[2024-08-13T04:50:27.196+0000] {processor.py:161} INFO - Started process (PID=1013) to work on /home/airflow/.local/lib/python3.12/site-packages/airflow/example_dags/example_task_group.py
[2024-08-13T04:50:27.198+0000] {processor.py:830} INFO - Processing file /home/airflow/.local/lib/python3.12/site-packages/airflow/example_dags/example_task_group.py for tasks to queue
[2024-08-13T04:50:27.206+0000] {logging_mixin.py:188} INFO - [2024-08-13T04:50:27.205+0000] {dagbag.py:545} INFO - Filling up the DagBag from /home/airflow/.local/lib/python3.12/site-packages/airflow/example_dags/example_task_group.py
[2024-08-13T04:50:27.222+0000] {processor.py:840} INFO - DAG(s) 'example_task_group' retrieved from /home/airflow/.local/lib/python3.12/site-packages/airflow/example_dags/example_task_group.py
[2024-08-13T04:50:27.266+0000] {logging_mixin.py:188} INFO - [2024-08-13T04:50:27.266+0000] {dag.py:3089} INFO - Sync 1 DAGs
[2024-08-13T04:50:27.303+0000] {logging_mixin.py:188} INFO - [2024-08-13T04:50:27.303+0000] {dag.py:3947} INFO - Setting next_dagrun for example_task_group to 2024-08-12 00:00:00+00:00, run_after=2024-08-13 00:00:00+00:00
[2024-08-13T04:50:27.390+0000] {processor.py:183} INFO - Processing /home/airflow/.local/lib/python3.12/site-packages/airflow/example_dags/example_task_group.py took 0.201 seconds
[2024-08-13T04:50:58.542+0000] {processor.py:161} INFO - Started process (PID=1072) to work on /home/airflow/.local/lib/python3.12/site-packages/airflow/example_dags/example_task_group.py
[2024-08-13T04:50:58.544+0000] {processor.py:830} INFO - Processing file /home/airflow/.local/lib/python3.12/site-packages/airflow/example_dags/example_task_group.py for tasks to queue
[2024-08-13T04:50:58.549+0000] {logging_mixin.py:188} INFO - [2024-08-13T04:50:58.549+0000] {dagbag.py:545} INFO - Filling up the DagBag from /home/airflow/.local/lib/python3.12/site-packages/airflow/example_dags/example_task_group.py
[2024-08-13T04:50:58.559+0000] {processor.py:840} INFO - DAG(s) 'example_task_group' retrieved from /home/airflow/.local/lib/python3.12/site-packages/airflow/example_dags/example_task_group.py
[2024-08-13T04:50:58.622+0000] {logging_mixin.py:188} INFO - [2024-08-13T04:50:58.621+0000] {dag.py:3089} INFO - Sync 1 DAGs
[2024-08-13T04:50:58.710+0000] {logging_mixin.py:188} INFO - [2024-08-13T04:50:58.709+0000] {dag.py:3947} INFO - Setting next_dagrun for example_task_group to 2024-08-12 00:00:00+00:00, run_after=2024-08-13 00:00:00+00:00
[2024-08-13T04:50:58.852+0000] {processor.py:183} INFO - Processing /home/airflow/.local/lib/python3.12/site-packages/airflow/example_dags/example_task_group.py took 0.317 seconds
[2024-08-13T04:51:29.107+0000] {processor.py:161} INFO - Started process (PID=1130) to work on /home/airflow/.local/lib/python3.12/site-packages/airflow/example_dags/example_task_group.py
[2024-08-13T04:51:29.108+0000] {processor.py:830} INFO - Processing file /home/airflow/.local/lib/python3.12/site-packages/airflow/example_dags/example_task_group.py for tasks to queue
[2024-08-13T04:51:29.111+0000] {logging_mixin.py:188} INFO - [2024-08-13T04:51:29.110+0000] {dagbag.py:545} INFO - Filling up the DagBag from /home/airflow/.local/lib/python3.12/site-packages/airflow/example_dags/example_task_group.py
[2024-08-13T04:51:29.126+0000] {processor.py:840} INFO - DAG(s) 'example_task_group' retrieved from /home/airflow/.local/lib/python3.12/site-packages/airflow/example_dags/example_task_group.py
[2024-08-13T04:51:29.176+0000] {logging_mixin.py:188} INFO - [2024-08-13T04:51:29.176+0000] {dag.py:3089} INFO - Sync 1 DAGs
[2024-08-13T04:51:29.207+0000] {logging_mixin.py:188} INFO - [2024-08-13T04:51:29.207+0000] {dag.py:3947} INFO - Setting next_dagrun for example_task_group to 2024-08-12 00:00:00+00:00, run_after=2024-08-13 00:00:00+00:00
[2024-08-13T04:51:29.313+0000] {processor.py:183} INFO - Processing /home/airflow/.local/lib/python3.12/site-packages/airflow/example_dags/example_task_group.py took 0.220 seconds
[2024-08-13T04:52:02.694+0000] {processor.py:161} INFO - Started process (PID=1189) to work on /home/airflow/.local/lib/python3.12/site-packages/airflow/example_dags/example_task_group.py
[2024-08-13T04:52:02.695+0000] {processor.py:830} INFO - Processing file /home/airflow/.local/lib/python3.12/site-packages/airflow/example_dags/example_task_group.py for tasks to queue
[2024-08-13T04:52:02.698+0000] {logging_mixin.py:188} INFO - [2024-08-13T04:52:02.698+0000] {dagbag.py:545} INFO - Filling up the DagBag from /home/airflow/.local/lib/python3.12/site-packages/airflow/example_dags/example_task_group.py
[2024-08-13T04:52:02.712+0000] {processor.py:840} INFO - DAG(s) 'example_task_group' retrieved from /home/airflow/.local/lib/python3.12/site-packages/airflow/example_dags/example_task_group.py
[2024-08-13T04:52:02.766+0000] {logging_mixin.py:188} INFO - [2024-08-13T04:52:02.766+0000] {dag.py:3089} INFO - Sync 1 DAGs
[2024-08-13T04:52:02.872+0000] {logging_mixin.py:188} INFO - [2024-08-13T04:52:02.872+0000] {dag.py:3947} INFO - Setting next_dagrun for example_task_group to 2024-08-12 00:00:00+00:00, run_after=2024-08-13 00:00:00+00:00
[2024-08-13T04:52:03.072+0000] {processor.py:183} INFO - Processing /home/airflow/.local/lib/python3.12/site-packages/airflow/example_dags/example_task_group.py took 0.387 seconds
[2024-08-13T04:52:33.419+0000] {processor.py:161} INFO - Started process (PID=1247) to work on /home/airflow/.local/lib/python3.12/site-packages/airflow/example_dags/example_task_group.py
[2024-08-13T04:52:33.420+0000] {processor.py:830} INFO - Processing file /home/airflow/.local/lib/python3.12/site-packages/airflow/example_dags/example_task_group.py for tasks to queue
[2024-08-13T04:52:33.422+0000] {logging_mixin.py:188} INFO - [2024-08-13T04:52:33.421+0000] {dagbag.py:545} INFO - Filling up the DagBag from /home/airflow/.local/lib/python3.12/site-packages/airflow/example_dags/example_task_group.py
[2024-08-13T04:52:33.428+0000] {processor.py:840} INFO - DAG(s) 'example_task_group' retrieved from /home/airflow/.local/lib/python3.12/site-packages/airflow/example_dags/example_task_group.py
[2024-08-13T04:52:33.457+0000] {logging_mixin.py:188} INFO - [2024-08-13T04:52:33.457+0000] {dag.py:3089} INFO - Sync 1 DAGs
[2024-08-13T04:52:33.477+0000] {logging_mixin.py:188} INFO - [2024-08-13T04:52:33.477+0000] {dag.py:3947} INFO - Setting next_dagrun for example_task_group to 2024-08-12 00:00:00+00:00, run_after=2024-08-13 00:00:00+00:00
[2024-08-13T04:52:33.555+0000] {processor.py:183} INFO - Processing /home/airflow/.local/lib/python3.12/site-packages/airflow/example_dags/example_task_group.py took 0.141 seconds
[2024-08-13T04:53:05.001+0000] {processor.py:161} INFO - Started process (PID=1305) to work on /home/airflow/.local/lib/python3.12/site-packages/airflow/example_dags/example_task_group.py
[2024-08-13T04:53:05.002+0000] {processor.py:830} INFO - Processing file /home/airflow/.local/lib/python3.12/site-packages/airflow/example_dags/example_task_group.py for tasks to queue
[2024-08-13T04:53:05.022+0000] {logging_mixin.py:188} INFO - [2024-08-13T04:53:05.021+0000] {dagbag.py:545} INFO - Filling up the DagBag from /home/airflow/.local/lib/python3.12/site-packages/airflow/example_dags/example_task_group.py
[2024-08-13T04:53:05.033+0000] {processor.py:840} INFO - DAG(s) 'example_task_group' retrieved from /home/airflow/.local/lib/python3.12/site-packages/airflow/example_dags/example_task_group.py
[2024-08-13T04:53:05.064+0000] {logging_mixin.py:188} INFO - [2024-08-13T04:53:05.064+0000] {dag.py:3089} INFO - Sync 1 DAGs
[2024-08-13T04:53:05.144+0000] {logging_mixin.py:188} INFO - [2024-08-13T04:53:05.144+0000] {dag.py:3947} INFO - Setting next_dagrun for example_task_group to 2024-08-12 00:00:00+00:00, run_after=2024-08-13 00:00:00+00:00
[2024-08-13T04:53:05.232+0000] {processor.py:183} INFO - Processing /home/airflow/.local/lib/python3.12/site-packages/airflow/example_dags/example_task_group.py took 0.260 seconds
[2024-08-13T04:53:35.342+0000] {processor.py:161} INFO - Started process (PID=1364) to work on /home/airflow/.local/lib/python3.12/site-packages/airflow/example_dags/example_task_group.py
[2024-08-13T04:53:35.347+0000] {processor.py:830} INFO - Processing file /home/airflow/.local/lib/python3.12/site-packages/airflow/example_dags/example_task_group.py for tasks to queue
[2024-08-13T04:53:35.356+0000] {logging_mixin.py:188} INFO - [2024-08-13T04:53:35.353+0000] {dagbag.py:545} INFO - Filling up the DagBag from /home/airflow/.local/lib/python3.12/site-packages/airflow/example_dags/example_task_group.py
[2024-08-13T04:53:35.391+0000] {processor.py:840} INFO - DAG(s) 'example_task_group' retrieved from /home/airflow/.local/lib/python3.12/site-packages/airflow/example_dags/example_task_group.py
[2024-08-13T04:53:35.466+0000] {logging_mixin.py:188} INFO - [2024-08-13T04:53:35.466+0000] {dag.py:3089} INFO - Sync 1 DAGs
[2024-08-13T04:53:35.515+0000] {logging_mixin.py:188} INFO - [2024-08-13T04:53:35.514+0000] {dag.py:3947} INFO - Setting next_dagrun for example_task_group to 2024-08-12 00:00:00+00:00, run_after=2024-08-13 00:00:00+00:00
[2024-08-13T04:53:35.572+0000] {processor.py:183} INFO - Processing /home/airflow/.local/lib/python3.12/site-packages/airflow/example_dags/example_task_group.py took 0.237 seconds
[2024-08-13T04:54:06.380+0000] {processor.py:161} INFO - Started process (PID=1422) to work on /home/airflow/.local/lib/python3.12/site-packages/airflow/example_dags/example_task_group.py
[2024-08-13T04:54:06.382+0000] {processor.py:830} INFO - Processing file /home/airflow/.local/lib/python3.12/site-packages/airflow/example_dags/example_task_group.py for tasks to queue
[2024-08-13T04:54:06.385+0000] {logging_mixin.py:188} INFO - [2024-08-13T04:54:06.384+0000] {dagbag.py:545} INFO - Filling up the DagBag from /home/airflow/.local/lib/python3.12/site-packages/airflow/example_dags/example_task_group.py
[2024-08-13T04:54:06.399+0000] {processor.py:840} INFO - DAG(s) 'example_task_group' retrieved from /home/airflow/.local/lib/python3.12/site-packages/airflow/example_dags/example_task_group.py
[2024-08-13T04:54:06.421+0000] {logging_mixin.py:188} INFO - [2024-08-13T04:54:06.420+0000] {dag.py:3089} INFO - Sync 1 DAGs
[2024-08-13T04:54:06.443+0000] {logging_mixin.py:188} INFO - [2024-08-13T04:54:06.442+0000] {dag.py:3947} INFO - Setting next_dagrun for example_task_group to 2024-08-12 00:00:00+00:00, run_after=2024-08-13 00:00:00+00:00
[2024-08-13T04:54:06.510+0000] {processor.py:183} INFO - Processing /home/airflow/.local/lib/python3.12/site-packages/airflow/example_dags/example_task_group.py took 0.137 seconds
[2024-08-13T04:54:37.358+0000] {processor.py:161} INFO - Started process (PID=1480) to work on /home/airflow/.local/lib/python3.12/site-packages/airflow/example_dags/example_task_group.py
[2024-08-13T04:54:37.360+0000] {processor.py:830} INFO - Processing file /home/airflow/.local/lib/python3.12/site-packages/airflow/example_dags/example_task_group.py for tasks to queue
[2024-08-13T04:54:37.364+0000] {logging_mixin.py:188} INFO - [2024-08-13T04:54:37.363+0000] {dagbag.py:545} INFO - Filling up the DagBag from /home/airflow/.local/lib/python3.12/site-packages/airflow/example_dags/example_task_group.py
[2024-08-13T04:54:37.374+0000] {processor.py:840} INFO - DAG(s) 'example_task_group' retrieved from /home/airflow/.local/lib/python3.12/site-packages/airflow/example_dags/example_task_group.py
[2024-08-13T04:54:37.419+0000] {logging_mixin.py:188} INFO - [2024-08-13T04:54:37.419+0000] {dag.py:3089} INFO - Sync 1 DAGs
[2024-08-13T04:54:37.484+0000] {logging_mixin.py:188} INFO - [2024-08-13T04:54:37.484+0000] {dag.py:3947} INFO - Setting next_dagrun for example_task_group to 2024-08-12 00:00:00+00:00, run_after=2024-08-13 00:00:00+00:00
[2024-08-13T04:54:37.581+0000] {processor.py:183} INFO - Processing /home/airflow/.local/lib/python3.12/site-packages/airflow/example_dags/example_task_group.py took 0.230 seconds
[2024-08-13T04:55:07.608+0000] {processor.py:161} INFO - Started process (PID=1538) to work on /home/airflow/.local/lib/python3.12/site-packages/airflow/example_dags/example_task_group.py
[2024-08-13T04:55:07.609+0000] {processor.py:830} INFO - Processing file /home/airflow/.local/lib/python3.12/site-packages/airflow/example_dags/example_task_group.py for tasks to queue
[2024-08-13T04:55:07.611+0000] {logging_mixin.py:188} INFO - [2024-08-13T04:55:07.610+0000] {dagbag.py:545} INFO - Filling up the DagBag from /home/airflow/.local/lib/python3.12/site-packages/airflow/example_dags/example_task_group.py
[2024-08-13T04:55:07.617+0000] {processor.py:840} INFO - DAG(s) 'example_task_group' retrieved from /home/airflow/.local/lib/python3.12/site-packages/airflow/example_dags/example_task_group.py
[2024-08-13T04:55:07.645+0000] {logging_mixin.py:188} INFO - [2024-08-13T04:55:07.645+0000] {dag.py:3089} INFO - Sync 1 DAGs
[2024-08-13T04:55:07.665+0000] {logging_mixin.py:188} INFO - [2024-08-13T04:55:07.665+0000] {dag.py:3947} INFO - Setting next_dagrun for example_task_group to 2024-08-12 00:00:00+00:00, run_after=2024-08-13 00:00:00+00:00
[2024-08-13T04:55:07.722+0000] {processor.py:183} INFO - Processing /home/airflow/.local/lib/python3.12/site-packages/airflow/example_dags/example_task_group.py took 0.119 seconds
[2024-08-13T04:55:38.488+0000] {processor.py:161} INFO - Started process (PID=1596) to work on /home/airflow/.local/lib/python3.12/site-packages/airflow/example_dags/example_task_group.py
[2024-08-13T04:55:38.507+0000] {processor.py:830} INFO - Processing file /home/airflow/.local/lib/python3.12/site-packages/airflow/example_dags/example_task_group.py for tasks to queue
[2024-08-13T04:55:38.510+0000] {logging_mixin.py:188} INFO - [2024-08-13T04:55:38.510+0000] {dagbag.py:545} INFO - Filling up the DagBag from /home/airflow/.local/lib/python3.12/site-packages/airflow/example_dags/example_task_group.py
[2024-08-13T04:55:38.521+0000] {processor.py:840} INFO - DAG(s) 'example_task_group' retrieved from /home/airflow/.local/lib/python3.12/site-packages/airflow/example_dags/example_task_group.py
[2024-08-13T04:55:38.564+0000] {logging_mixin.py:188} INFO - [2024-08-13T04:55:38.564+0000] {dag.py:3089} INFO - Sync 1 DAGs
[2024-08-13T04:55:38.590+0000] {logging_mixin.py:188} INFO - [2024-08-13T04:55:38.590+0000] {dag.py:3947} INFO - Setting next_dagrun for example_task_group to 2024-08-12 00:00:00+00:00, run_after=2024-08-13 00:00:00+00:00
[2024-08-13T04:55:38.653+0000] {processor.py:183} INFO - Processing /home/airflow/.local/lib/python3.12/site-packages/airflow/example_dags/example_task_group.py took 0.173 seconds
[2024-08-13T04:56:08.868+0000] {processor.py:161} INFO - Started process (PID=1654) to work on /home/airflow/.local/lib/python3.12/site-packages/airflow/example_dags/example_task_group.py
[2024-08-13T04:56:08.869+0000] {processor.py:830} INFO - Processing file /home/airflow/.local/lib/python3.12/site-packages/airflow/example_dags/example_task_group.py for tasks to queue
[2024-08-13T04:56:08.871+0000] {logging_mixin.py:188} INFO - [2024-08-13T04:56:08.871+0000] {dagbag.py:545} INFO - Filling up the DagBag from /home/airflow/.local/lib/python3.12/site-packages/airflow/example_dags/example_task_group.py
[2024-08-13T04:56:08.878+0000] {processor.py:840} INFO - DAG(s) 'example_task_group' retrieved from /home/airflow/.local/lib/python3.12/site-packages/airflow/example_dags/example_task_group.py
[2024-08-13T04:56:08.897+0000] {logging_mixin.py:188} INFO - [2024-08-13T04:56:08.897+0000] {dag.py:3089} INFO - Sync 1 DAGs
[2024-08-13T04:56:08.923+0000] {logging_mixin.py:188} INFO - [2024-08-13T04:56:08.923+0000] {dag.py:3947} INFO - Setting next_dagrun for example_task_group to 2024-08-12 00:00:00+00:00, run_after=2024-08-13 00:00:00+00:00
[2024-08-13T04:56:08.979+0000] {processor.py:183} INFO - Processing /home/airflow/.local/lib/python3.12/site-packages/airflow/example_dags/example_task_group.py took 0.115 seconds
[2024-08-13T04:56:39.291+0000] {processor.py:161} INFO - Started process (PID=1712) to work on /home/airflow/.local/lib/python3.12/site-packages/airflow/example_dags/example_task_group.py
[2024-08-13T04:56:39.292+0000] {processor.py:830} INFO - Processing file /home/airflow/.local/lib/python3.12/site-packages/airflow/example_dags/example_task_group.py for tasks to queue
[2024-08-13T04:56:39.293+0000] {logging_mixin.py:188} INFO - [2024-08-13T04:56:39.293+0000] {dagbag.py:545} INFO - Filling up the DagBag from /home/airflow/.local/lib/python3.12/site-packages/airflow/example_dags/example_task_group.py
[2024-08-13T04:56:39.303+0000] {processor.py:840} INFO - DAG(s) 'example_task_group' retrieved from /home/airflow/.local/lib/python3.12/site-packages/airflow/example_dags/example_task_group.py
[2024-08-13T04:56:39.335+0000] {logging_mixin.py:188} INFO - [2024-08-13T04:56:39.334+0000] {dag.py:3089} INFO - Sync 1 DAGs
[2024-08-13T04:56:39.356+0000] {logging_mixin.py:188} INFO - [2024-08-13T04:56:39.356+0000] {dag.py:3947} INFO - Setting next_dagrun for example_task_group to 2024-08-12 00:00:00+00:00, run_after=2024-08-13 00:00:00+00:00
[2024-08-13T04:56:39.416+0000] {processor.py:183} INFO - Processing /home/airflow/.local/lib/python3.12/site-packages/airflow/example_dags/example_task_group.py took 0.131 seconds
[2024-08-13T04:57:10.100+0000] {processor.py:161} INFO - Started process (PID=1770) to work on /home/airflow/.local/lib/python3.12/site-packages/airflow/example_dags/example_task_group.py
[2024-08-13T04:57:10.102+0000] {processor.py:830} INFO - Processing file /home/airflow/.local/lib/python3.12/site-packages/airflow/example_dags/example_task_group.py for tasks to queue
[2024-08-13T04:57:10.105+0000] {logging_mixin.py:188} INFO - [2024-08-13T04:57:10.104+0000] {dagbag.py:545} INFO - Filling up the DagBag from /home/airflow/.local/lib/python3.12/site-packages/airflow/example_dags/example_task_group.py
[2024-08-13T04:57:10.115+0000] {processor.py:840} INFO - DAG(s) 'example_task_group' retrieved from /home/airflow/.local/lib/python3.12/site-packages/airflow/example_dags/example_task_group.py
[2024-08-13T04:57:10.141+0000] {logging_mixin.py:188} INFO - [2024-08-13T04:57:10.141+0000] {dag.py:3089} INFO - Sync 1 DAGs
[2024-08-13T04:57:10.174+0000] {logging_mixin.py:188} INFO - [2024-08-13T04:57:10.174+0000] {dag.py:3947} INFO - Setting next_dagrun for example_task_group to 2024-08-12 00:00:00+00:00, run_after=2024-08-13 00:00:00+00:00
[2024-08-13T04:57:10.283+0000] {processor.py:183} INFO - Processing /home/airflow/.local/lib/python3.12/site-packages/airflow/example_dags/example_task_group.py took 0.192 seconds
[2024-08-13T04:57:40.690+0000] {processor.py:161} INFO - Started process (PID=1828) to work on /home/airflow/.local/lib/python3.12/site-packages/airflow/example_dags/example_task_group.py
[2024-08-13T04:57:40.691+0000] {processor.py:830} INFO - Processing file /home/airflow/.local/lib/python3.12/site-packages/airflow/example_dags/example_task_group.py for tasks to queue
[2024-08-13T04:57:40.692+0000] {logging_mixin.py:188} INFO - [2024-08-13T04:57:40.692+0000] {dagbag.py:545} INFO - Filling up the DagBag from /home/airflow/.local/lib/python3.12/site-packages/airflow/example_dags/example_task_group.py
[2024-08-13T04:57:40.700+0000] {processor.py:840} INFO - DAG(s) 'example_task_group' retrieved from /home/airflow/.local/lib/python3.12/site-packages/airflow/example_dags/example_task_group.py
[2024-08-13T04:57:40.854+0000] {logging_mixin.py:188} INFO - [2024-08-13T04:57:40.853+0000] {dag.py:3089} INFO - Sync 1 DAGs
[2024-08-13T04:57:40.874+0000] {logging_mixin.py:188} INFO - [2024-08-13T04:57:40.874+0000] {dag.py:3947} INFO - Setting next_dagrun for example_task_group to 2024-08-12 00:00:00+00:00, run_after=2024-08-13 00:00:00+00:00
[2024-08-13T04:57:40.934+0000] {processor.py:183} INFO - Processing /home/airflow/.local/lib/python3.12/site-packages/airflow/example_dags/example_task_group.py took 0.249 seconds
[2024-08-13T04:58:11.129+0000] {processor.py:161} INFO - Started process (PID=1886) to work on /home/airflow/.local/lib/python3.12/site-packages/airflow/example_dags/example_task_group.py
[2024-08-13T04:58:11.130+0000] {processor.py:830} INFO - Processing file /home/airflow/.local/lib/python3.12/site-packages/airflow/example_dags/example_task_group.py for tasks to queue
[2024-08-13T04:58:11.132+0000] {logging_mixin.py:188} INFO - [2024-08-13T04:58:11.131+0000] {dagbag.py:545} INFO - Filling up the DagBag from /home/airflow/.local/lib/python3.12/site-packages/airflow/example_dags/example_task_group.py
[2024-08-13T04:58:11.142+0000] {processor.py:840} INFO - DAG(s) 'example_task_group' retrieved from /home/airflow/.local/lib/python3.12/site-packages/airflow/example_dags/example_task_group.py
[2024-08-13T04:58:11.179+0000] {logging_mixin.py:188} INFO - [2024-08-13T04:58:11.177+0000] {dag.py:3089} INFO - Sync 1 DAGs
[2024-08-13T04:58:11.230+0000] {logging_mixin.py:188} INFO - [2024-08-13T04:58:11.230+0000] {dag.py:3947} INFO - Setting next_dagrun for example_task_group to 2024-08-12 00:00:00+00:00, run_after=2024-08-13 00:00:00+00:00
[2024-08-13T04:58:11.457+0000] {processor.py:183} INFO - Processing /home/airflow/.local/lib/python3.12/site-packages/airflow/example_dags/example_task_group.py took 0.338 seconds
[2024-08-13T04:58:42.063+0000] {processor.py:161} INFO - Started process (PID=1944) to work on /home/airflow/.local/lib/python3.12/site-packages/airflow/example_dags/example_task_group.py
[2024-08-13T04:58:42.064+0000] {processor.py:830} INFO - Processing file /home/airflow/.local/lib/python3.12/site-packages/airflow/example_dags/example_task_group.py for tasks to queue
[2024-08-13T04:58:42.069+0000] {logging_mixin.py:188} INFO - [2024-08-13T04:58:42.069+0000] {dagbag.py:545} INFO - Filling up the DagBag from /home/airflow/.local/lib/python3.12/site-packages/airflow/example_dags/example_task_group.py
[2024-08-13T04:58:42.079+0000] {processor.py:840} INFO - DAG(s) 'example_task_group' retrieved from /home/airflow/.local/lib/python3.12/site-packages/airflow/example_dags/example_task_group.py
[2024-08-13T04:58:42.108+0000] {logging_mixin.py:188} INFO - [2024-08-13T04:58:42.107+0000] {dag.py:3089} INFO - Sync 1 DAGs
[2024-08-13T04:58:42.158+0000] {logging_mixin.py:188} INFO - [2024-08-13T04:58:42.158+0000] {dag.py:3947} INFO - Setting next_dagrun for example_task_group to 2024-08-12 00:00:00+00:00, run_after=2024-08-13 00:00:00+00:00
[2024-08-13T04:58:42.294+0000] {processor.py:183} INFO - Processing /home/airflow/.local/lib/python3.12/site-packages/airflow/example_dags/example_task_group.py took 0.239 seconds
[2024-08-13T04:59:12.658+0000] {processor.py:161} INFO - Started process (PID=2001) to work on /home/airflow/.local/lib/python3.12/site-packages/airflow/example_dags/example_task_group.py
[2024-08-13T04:59:12.659+0000] {processor.py:830} INFO - Processing file /home/airflow/.local/lib/python3.12/site-packages/airflow/example_dags/example_task_group.py for tasks to queue
[2024-08-13T04:59:12.661+0000] {logging_mixin.py:188} INFO - [2024-08-13T04:59:12.660+0000] {dagbag.py:545} INFO - Filling up the DagBag from /home/airflow/.local/lib/python3.12/site-packages/airflow/example_dags/example_task_group.py
[2024-08-13T04:59:12.671+0000] {processor.py:840} INFO - DAG(s) 'example_task_group' retrieved from /home/airflow/.local/lib/python3.12/site-packages/airflow/example_dags/example_task_group.py
[2024-08-13T04:59:12.698+0000] {logging_mixin.py:188} INFO - [2024-08-13T04:59:12.698+0000] {dag.py:3089} INFO - Sync 1 DAGs
[2024-08-13T04:59:12.728+0000] {logging_mixin.py:188} INFO - [2024-08-13T04:59:12.728+0000] {dag.py:3947} INFO - Setting next_dagrun for example_task_group to 2024-08-12 00:00:00+00:00, run_after=2024-08-13 00:00:00+00:00
[2024-08-13T04:59:13.203+0000] {processor.py:183} INFO - Processing /home/airflow/.local/lib/python3.12/site-packages/airflow/example_dags/example_task_group.py took 0.553 seconds
[2024-08-13T04:59:44.088+0000] {processor.py:161} INFO - Started process (PID=2060) to work on /home/airflow/.local/lib/python3.12/site-packages/airflow/example_dags/example_task_group.py
[2024-08-13T04:59:44.090+0000] {processor.py:830} INFO - Processing file /home/airflow/.local/lib/python3.12/site-packages/airflow/example_dags/example_task_group.py for tasks to queue
[2024-08-13T04:59:44.095+0000] {logging_mixin.py:188} INFO - [2024-08-13T04:59:44.095+0000] {dagbag.py:545} INFO - Filling up the DagBag from /home/airflow/.local/lib/python3.12/site-packages/airflow/example_dags/example_task_group.py
[2024-08-13T04:59:44.105+0000] {processor.py:840} INFO - DAG(s) 'example_task_group' retrieved from /home/airflow/.local/lib/python3.12/site-packages/airflow/example_dags/example_task_group.py
[2024-08-13T04:59:44.130+0000] {logging_mixin.py:188} INFO - [2024-08-13T04:59:44.130+0000] {dag.py:3089} INFO - Sync 1 DAGs
[2024-08-13T04:59:44.161+0000] {logging_mixin.py:188} INFO - [2024-08-13T04:59:44.161+0000] {dag.py:3947} INFO - Setting next_dagrun for example_task_group to 2024-08-12 00:00:00+00:00, run_after=2024-08-13 00:00:00+00:00
[2024-08-13T04:59:44.241+0000] {processor.py:183} INFO - Processing /home/airflow/.local/lib/python3.12/site-packages/airflow/example_dags/example_task_group.py took 0.163 seconds
[2024-08-13T05:00:14.939+0000] {processor.py:161} INFO - Started process (PID=2117) to work on /home/airflow/.local/lib/python3.12/site-packages/airflow/example_dags/example_task_group.py
[2024-08-13T05:00:14.940+0000] {processor.py:830} INFO - Processing file /home/airflow/.local/lib/python3.12/site-packages/airflow/example_dags/example_task_group.py for tasks to queue
[2024-08-13T05:00:14.945+0000] {logging_mixin.py:188} INFO - [2024-08-13T05:00:14.944+0000] {dagbag.py:545} INFO - Filling up the DagBag from /home/airflow/.local/lib/python3.12/site-packages/airflow/example_dags/example_task_group.py
[2024-08-13T05:00:14.966+0000] {processor.py:840} INFO - DAG(s) 'example_task_group' retrieved from /home/airflow/.local/lib/python3.12/site-packages/airflow/example_dags/example_task_group.py
[2024-08-13T05:00:15.048+0000] {logging_mixin.py:188} INFO - [2024-08-13T05:00:15.048+0000] {dag.py:3089} INFO - Sync 1 DAGs
[2024-08-13T05:00:15.117+0000] {logging_mixin.py:188} INFO - [2024-08-13T05:00:15.117+0000] {dag.py:3947} INFO - Setting next_dagrun for example_task_group to 2024-08-12 00:00:00+00:00, run_after=2024-08-13 00:00:00+00:00
[2024-08-13T05:00:15.180+0000] {processor.py:183} INFO - Processing /home/airflow/.local/lib/python3.12/site-packages/airflow/example_dags/example_task_group.py took 0.248 seconds
[2024-08-13T05:00:45.752+0000] {processor.py:161} INFO - Started process (PID=2175) to work on /home/airflow/.local/lib/python3.12/site-packages/airflow/example_dags/example_task_group.py
[2024-08-13T05:00:45.755+0000] {processor.py:830} INFO - Processing file /home/airflow/.local/lib/python3.12/site-packages/airflow/example_dags/example_task_group.py for tasks to queue
[2024-08-13T05:00:45.757+0000] {logging_mixin.py:188} INFO - [2024-08-13T05:00:45.757+0000] {dagbag.py:545} INFO - Filling up the DagBag from /home/airflow/.local/lib/python3.12/site-packages/airflow/example_dags/example_task_group.py
[2024-08-13T05:00:45.775+0000] {processor.py:840} INFO - DAG(s) 'example_task_group' retrieved from /home/airflow/.local/lib/python3.12/site-packages/airflow/example_dags/example_task_group.py
[2024-08-13T05:00:45.801+0000] {logging_mixin.py:188} INFO - [2024-08-13T05:00:45.800+0000] {dag.py:3089} INFO - Sync 1 DAGs
[2024-08-13T05:00:45.829+0000] {logging_mixin.py:188} INFO - [2024-08-13T05:00:45.829+0000] {dag.py:3947} INFO - Setting next_dagrun for example_task_group to 2024-08-12 00:00:00+00:00, run_after=2024-08-13 00:00:00+00:00
[2024-08-13T05:00:45.911+0000] {processor.py:183} INFO - Processing /home/airflow/.local/lib/python3.12/site-packages/airflow/example_dags/example_task_group.py took 0.166 seconds
[2024-08-13T05:01:16.156+0000] {processor.py:161} INFO - Started process (PID=2233) to work on /home/airflow/.local/lib/python3.12/site-packages/airflow/example_dags/example_task_group.py
[2024-08-13T05:01:16.157+0000] {processor.py:830} INFO - Processing file /home/airflow/.local/lib/python3.12/site-packages/airflow/example_dags/example_task_group.py for tasks to queue
[2024-08-13T05:01:16.159+0000] {logging_mixin.py:188} INFO - [2024-08-13T05:01:16.159+0000] {dagbag.py:545} INFO - Filling up the DagBag from /home/airflow/.local/lib/python3.12/site-packages/airflow/example_dags/example_task_group.py
[2024-08-13T05:01:16.170+0000] {processor.py:840} INFO - DAG(s) 'example_task_group' retrieved from /home/airflow/.local/lib/python3.12/site-packages/airflow/example_dags/example_task_group.py
[2024-08-13T05:01:16.196+0000] {logging_mixin.py:188} INFO - [2024-08-13T05:01:16.196+0000] {dag.py:3089} INFO - Sync 1 DAGs
[2024-08-13T05:01:16.229+0000] {logging_mixin.py:188} INFO - [2024-08-13T05:01:16.229+0000] {dag.py:3947} INFO - Setting next_dagrun for example_task_group to 2024-08-12 00:00:00+00:00, run_after=2024-08-13 00:00:00+00:00
[2024-08-13T05:01:16.324+0000] {processor.py:183} INFO - Processing /home/airflow/.local/lib/python3.12/site-packages/airflow/example_dags/example_task_group.py took 0.176 seconds
[2024-08-13T05:01:46.846+0000] {processor.py:161} INFO - Started process (PID=2292) to work on /home/airflow/.local/lib/python3.12/site-packages/airflow/example_dags/example_task_group.py
[2024-08-13T05:01:46.848+0000] {processor.py:830} INFO - Processing file /home/airflow/.local/lib/python3.12/site-packages/airflow/example_dags/example_task_group.py for tasks to queue
[2024-08-13T05:01:46.850+0000] {logging_mixin.py:188} INFO - [2024-08-13T05:01:46.849+0000] {dagbag.py:545} INFO - Filling up the DagBag from /home/airflow/.local/lib/python3.12/site-packages/airflow/example_dags/example_task_group.py
[2024-08-13T05:01:46.859+0000] {processor.py:840} INFO - DAG(s) 'example_task_group' retrieved from /home/airflow/.local/lib/python3.12/site-packages/airflow/example_dags/example_task_group.py
[2024-08-13T05:01:46.898+0000] {logging_mixin.py:188} INFO - [2024-08-13T05:01:46.897+0000] {dag.py:3089} INFO - Sync 1 DAGs
[2024-08-13T05:01:46.929+0000] {logging_mixin.py:188} INFO - [2024-08-13T05:01:46.928+0000] {dag.py:3947} INFO - Setting next_dagrun for example_task_group to 2024-08-12 00:00:00+00:00, run_after=2024-08-13 00:00:00+00:00
[2024-08-13T05:01:47.038+0000] {processor.py:183} INFO - Processing /home/airflow/.local/lib/python3.12/site-packages/airflow/example_dags/example_task_group.py took 0.200 seconds
[2024-08-13T05:02:17.688+0000] {processor.py:161} INFO - Started process (PID=2351) to work on /home/airflow/.local/lib/python3.12/site-packages/airflow/example_dags/example_task_group.py
[2024-08-13T05:02:17.702+0000] {processor.py:830} INFO - Processing file /home/airflow/.local/lib/python3.12/site-packages/airflow/example_dags/example_task_group.py for tasks to queue
[2024-08-13T05:02:17.706+0000] {logging_mixin.py:188} INFO - [2024-08-13T05:02:17.705+0000] {dagbag.py:545} INFO - Filling up the DagBag from /home/airflow/.local/lib/python3.12/site-packages/airflow/example_dags/example_task_group.py
[2024-08-13T05:02:17.736+0000] {processor.py:840} INFO - DAG(s) 'example_task_group' retrieved from /home/airflow/.local/lib/python3.12/site-packages/airflow/example_dags/example_task_group.py
[2024-08-13T05:02:17.795+0000] {logging_mixin.py:188} INFO - [2024-08-13T05:02:17.795+0000] {dag.py:3089} INFO - Sync 1 DAGs
[2024-08-13T05:02:17.880+0000] {logging_mixin.py:188} INFO - [2024-08-13T05:02:17.880+0000] {dag.py:3947} INFO - Setting next_dagrun for example_task_group to 2024-08-12 00:00:00+00:00, run_after=2024-08-13 00:00:00+00:00
[2024-08-13T05:02:18.026+0000] {processor.py:183} INFO - Processing /home/airflow/.local/lib/python3.12/site-packages/airflow/example_dags/example_task_group.py took 0.358 seconds
[2024-08-13T05:02:48.553+0000] {processor.py:161} INFO - Started process (PID=2410) to work on /home/airflow/.local/lib/python3.12/site-packages/airflow/example_dags/example_task_group.py
[2024-08-13T05:02:48.562+0000] {processor.py:830} INFO - Processing file /home/airflow/.local/lib/python3.12/site-packages/airflow/example_dags/example_task_group.py for tasks to queue
[2024-08-13T05:02:48.565+0000] {logging_mixin.py:188} INFO - [2024-08-13T05:02:48.564+0000] {dagbag.py:545} INFO - Filling up the DagBag from /home/airflow/.local/lib/python3.12/site-packages/airflow/example_dags/example_task_group.py
[2024-08-13T05:02:48.587+0000] {processor.py:840} INFO - DAG(s) 'example_task_group' retrieved from /home/airflow/.local/lib/python3.12/site-packages/airflow/example_dags/example_task_group.py
[2024-08-13T05:02:48.617+0000] {logging_mixin.py:188} INFO - [2024-08-13T05:02:48.617+0000] {dag.py:3089} INFO - Sync 1 DAGs
[2024-08-13T05:02:48.648+0000] {logging_mixin.py:188} INFO - [2024-08-13T05:02:48.648+0000] {dag.py:3947} INFO - Setting next_dagrun for example_task_group to 2024-08-12 00:00:00+00:00, run_after=2024-08-13 00:00:00+00:00
[2024-08-13T05:02:48.716+0000] {processor.py:183} INFO - Processing /home/airflow/.local/lib/python3.12/site-packages/airflow/example_dags/example_task_group.py took 0.179 seconds
[2024-08-13T05:03:19.293+0000] {processor.py:161} INFO - Started process (PID=2468) to work on /home/airflow/.local/lib/python3.12/site-packages/airflow/example_dags/example_task_group.py
[2024-08-13T05:03:19.314+0000] {processor.py:830} INFO - Processing file /home/airflow/.local/lib/python3.12/site-packages/airflow/example_dags/example_task_group.py for tasks to queue
[2024-08-13T05:03:19.320+0000] {logging_mixin.py:188} INFO - [2024-08-13T05:03:19.319+0000] {dagbag.py:545} INFO - Filling up the DagBag from /home/airflow/.local/lib/python3.12/site-packages/airflow/example_dags/example_task_group.py
[2024-08-13T05:03:19.336+0000] {processor.py:840} INFO - DAG(s) 'example_task_group' retrieved from /home/airflow/.local/lib/python3.12/site-packages/airflow/example_dags/example_task_group.py
[2024-08-13T05:03:19.443+0000] {logging_mixin.py:188} INFO - [2024-08-13T05:03:19.443+0000] {dag.py:3089} INFO - Sync 1 DAGs
[2024-08-13T05:03:19.490+0000] {logging_mixin.py:188} INFO - [2024-08-13T05:03:19.490+0000] {dag.py:3947} INFO - Setting next_dagrun for example_task_group to 2024-08-12 00:00:00+00:00, run_after=2024-08-13 00:00:00+00:00
[2024-08-13T05:03:19.607+0000] {processor.py:183} INFO - Processing /home/airflow/.local/lib/python3.12/site-packages/airflow/example_dags/example_task_group.py took 0.327 seconds
