[2024-08-13T04:42:19.083+0000] {processor.py:161} INFO - Started process (PID=106) to work on /home/airflow/.local/lib/python3.12/site-packages/airflow/example_dags/example_short_circuit_operator.py
[2024-08-13T04:42:19.091+0000] {processor.py:830} INFO - Processing file /home/airflow/.local/lib/python3.12/site-packages/airflow/example_dags/example_short_circuit_operator.py for tasks to queue
[2024-08-13T04:42:19.105+0000] {logging_mixin.py:188} INFO - [2024-08-13T04:42:19.104+0000] {dagbag.py:545} INFO - Filling up the DagBag from /home/airflow/.local/lib/python3.12/site-packages/airflow/example_dags/example_short_circuit_operator.py
[2024-08-13T04:42:19.188+0000] {processor.py:840} INFO - DAG(s) 'example_short_circuit_operator' retrieved from /home/airflow/.local/lib/python3.12/site-packages/airflow/example_dags/example_short_circuit_operator.py
[2024-08-13T04:42:19.798+0000] {logging_mixin.py:188} INFO - [2024-08-13T04:42:19.798+0000] {dag.py:3089} INFO - Sync 1 DAGs
[2024-08-13T04:42:19.898+0000] {logging_mixin.py:188} INFO - [2024-08-13T04:42:19.898+0000] {dag.py:3947} INFO - Setting next_dagrun for example_short_circuit_operator to 2024-08-12 00:00:00+00:00, run_after=2024-08-13 00:00:00+00:00
[2024-08-13T04:42:20.038+0000] {processor.py:183} INFO - Processing /home/airflow/.local/lib/python3.12/site-packages/airflow/example_dags/example_short_circuit_operator.py took 0.962 seconds
[2024-08-13T04:42:53.771+0000] {processor.py:161} INFO - Started process (PID=168) to work on /home/airflow/.local/lib/python3.12/site-packages/airflow/example_dags/example_short_circuit_operator.py
[2024-08-13T04:42:53.784+0000] {processor.py:830} INFO - Processing file /home/airflow/.local/lib/python3.12/site-packages/airflow/example_dags/example_short_circuit_operator.py for tasks to queue
[2024-08-13T04:42:53.801+0000] {logging_mixin.py:188} INFO - [2024-08-13T04:42:53.800+0000] {dagbag.py:545} INFO - Filling up the DagBag from /home/airflow/.local/lib/python3.12/site-packages/airflow/example_dags/example_short_circuit_operator.py
[2024-08-13T04:42:53.906+0000] {processor.py:840} INFO - DAG(s) 'example_short_circuit_operator' retrieved from /home/airflow/.local/lib/python3.12/site-packages/airflow/example_dags/example_short_circuit_operator.py
[2024-08-13T04:42:54.166+0000] {logging_mixin.py:188} INFO - [2024-08-13T04:42:54.152+0000] {dag.py:3089} INFO - Sync 1 DAGs
[2024-08-13T04:42:54.397+0000] {logging_mixin.py:188} INFO - [2024-08-13T04:42:54.397+0000] {dag.py:3947} INFO - Setting next_dagrun for example_short_circuit_operator to 2024-08-12 00:00:00+00:00, run_after=2024-08-13 00:00:00+00:00
[2024-08-13T04:42:54.668+0000] {processor.py:183} INFO - Processing /home/airflow/.local/lib/python3.12/site-packages/airflow/example_dags/example_short_circuit_operator.py took 0.923 seconds
[2024-08-13T04:43:28.368+0000] {processor.py:161} INFO - Started process (PID=227) to work on /home/airflow/.local/lib/python3.12/site-packages/airflow/example_dags/example_short_circuit_operator.py
[2024-08-13T04:43:28.369+0000] {processor.py:830} INFO - Processing file /home/airflow/.local/lib/python3.12/site-packages/airflow/example_dags/example_short_circuit_operator.py for tasks to queue
[2024-08-13T04:43:28.372+0000] {logging_mixin.py:188} INFO - [2024-08-13T04:43:28.371+0000] {dagbag.py:545} INFO - Filling up the DagBag from /home/airflow/.local/lib/python3.12/site-packages/airflow/example_dags/example_short_circuit_operator.py
[2024-08-13T04:43:28.394+0000] {processor.py:840} INFO - DAG(s) 'example_short_circuit_operator' retrieved from /home/airflow/.local/lib/python3.12/site-packages/airflow/example_dags/example_short_circuit_operator.py
[2024-08-13T04:43:28.483+0000] {logging_mixin.py:188} INFO - [2024-08-13T04:43:28.483+0000] {dag.py:3089} INFO - Sync 1 DAGs
[2024-08-13T04:43:28.603+0000] {logging_mixin.py:188} INFO - [2024-08-13T04:43:28.603+0000] {dag.py:3947} INFO - Setting next_dagrun for example_short_circuit_operator to 2024-08-12 00:00:00+00:00, run_after=2024-08-13 00:00:00+00:00
[2024-08-13T04:43:30.038+0000] {processor.py:183} INFO - Processing /home/airflow/.local/lib/python3.12/site-packages/airflow/example_dags/example_short_circuit_operator.py took 1.689 seconds
[2024-08-13T04:44:00.210+0000] {processor.py:161} INFO - Started process (PID=285) to work on /home/airflow/.local/lib/python3.12/site-packages/airflow/example_dags/example_short_circuit_operator.py
[2024-08-13T04:44:00.212+0000] {processor.py:830} INFO - Processing file /home/airflow/.local/lib/python3.12/site-packages/airflow/example_dags/example_short_circuit_operator.py for tasks to queue
[2024-08-13T04:44:00.214+0000] {logging_mixin.py:188} INFO - [2024-08-13T04:44:00.214+0000] {dagbag.py:545} INFO - Filling up the DagBag from /home/airflow/.local/lib/python3.12/site-packages/airflow/example_dags/example_short_circuit_operator.py
[2024-08-13T04:44:00.226+0000] {processor.py:840} INFO - DAG(s) 'example_short_circuit_operator' retrieved from /home/airflow/.local/lib/python3.12/site-packages/airflow/example_dags/example_short_circuit_operator.py
[2024-08-13T04:44:00.305+0000] {logging_mixin.py:188} INFO - [2024-08-13T04:44:00.305+0000] {dag.py:3089} INFO - Sync 1 DAGs
[2024-08-13T04:44:00.380+0000] {logging_mixin.py:188} INFO - [2024-08-13T04:44:00.380+0000] {dag.py:3947} INFO - Setting next_dagrun for example_short_circuit_operator to 2024-08-12 00:00:00+00:00, run_after=2024-08-13 00:00:00+00:00
[2024-08-13T04:44:00.443+0000] {processor.py:183} INFO - Processing /home/airflow/.local/lib/python3.12/site-packages/airflow/example_dags/example_short_circuit_operator.py took 0.244 seconds
[2024-08-13T04:44:30.947+0000] {processor.py:161} INFO - Started process (PID=343) to work on /home/airflow/.local/lib/python3.12/site-packages/airflow/example_dags/example_short_circuit_operator.py
[2024-08-13T04:44:30.948+0000] {processor.py:830} INFO - Processing file /home/airflow/.local/lib/python3.12/site-packages/airflow/example_dags/example_short_circuit_operator.py for tasks to queue
[2024-08-13T04:44:30.950+0000] {logging_mixin.py:188} INFO - [2024-08-13T04:44:30.950+0000] {dagbag.py:545} INFO - Filling up the DagBag from /home/airflow/.local/lib/python3.12/site-packages/airflow/example_dags/example_short_circuit_operator.py
[2024-08-13T04:44:30.961+0000] {processor.py:840} INFO - DAG(s) 'example_short_circuit_operator' retrieved from /home/airflow/.local/lib/python3.12/site-packages/airflow/example_dags/example_short_circuit_operator.py
[2024-08-13T04:44:30.991+0000] {logging_mixin.py:188} INFO - [2024-08-13T04:44:30.991+0000] {dag.py:3089} INFO - Sync 1 DAGs
[2024-08-13T04:44:31.021+0000] {logging_mixin.py:188} INFO - [2024-08-13T04:44:31.021+0000] {dag.py:3947} INFO - Setting next_dagrun for example_short_circuit_operator to 2024-08-12 00:00:00+00:00, run_after=2024-08-13 00:00:00+00:00
[2024-08-13T04:44:31.113+0000] {processor.py:183} INFO - Processing /home/airflow/.local/lib/python3.12/site-packages/airflow/example_dags/example_short_circuit_operator.py took 0.174 seconds
[2024-08-13T04:45:01.429+0000] {processor.py:161} INFO - Started process (PID=401) to work on /home/airflow/.local/lib/python3.12/site-packages/airflow/example_dags/example_short_circuit_operator.py
[2024-08-13T04:45:01.430+0000] {processor.py:830} INFO - Processing file /home/airflow/.local/lib/python3.12/site-packages/airflow/example_dags/example_short_circuit_operator.py for tasks to queue
[2024-08-13T04:45:01.432+0000] {logging_mixin.py:188} INFO - [2024-08-13T04:45:01.432+0000] {dagbag.py:545} INFO - Filling up the DagBag from /home/airflow/.local/lib/python3.12/site-packages/airflow/example_dags/example_short_circuit_operator.py
[2024-08-13T04:45:01.443+0000] {processor.py:840} INFO - DAG(s) 'example_short_circuit_operator' retrieved from /home/airflow/.local/lib/python3.12/site-packages/airflow/example_dags/example_short_circuit_operator.py
[2024-08-13T04:45:01.473+0000] {logging_mixin.py:188} INFO - [2024-08-13T04:45:01.473+0000] {dag.py:3089} INFO - Sync 1 DAGs
[2024-08-13T04:45:01.503+0000] {logging_mixin.py:188} INFO - [2024-08-13T04:45:01.503+0000] {dag.py:3947} INFO - Setting next_dagrun for example_short_circuit_operator to 2024-08-12 00:00:00+00:00, run_after=2024-08-13 00:00:00+00:00
[2024-08-13T04:45:01.562+0000] {processor.py:183} INFO - Processing /home/airflow/.local/lib/python3.12/site-packages/airflow/example_dags/example_short_circuit_operator.py took 0.139 seconds
[2024-08-13T04:45:31.877+0000] {processor.py:161} INFO - Started process (PID=458) to work on /home/airflow/.local/lib/python3.12/site-packages/airflow/example_dags/example_short_circuit_operator.py
[2024-08-13T04:45:31.878+0000] {processor.py:830} INFO - Processing file /home/airflow/.local/lib/python3.12/site-packages/airflow/example_dags/example_short_circuit_operator.py for tasks to queue
[2024-08-13T04:45:31.881+0000] {logging_mixin.py:188} INFO - [2024-08-13T04:45:31.880+0000] {dagbag.py:545} INFO - Filling up the DagBag from /home/airflow/.local/lib/python3.12/site-packages/airflow/example_dags/example_short_circuit_operator.py
[2024-08-13T04:45:31.890+0000] {processor.py:840} INFO - DAG(s) 'example_short_circuit_operator' retrieved from /home/airflow/.local/lib/python3.12/site-packages/airflow/example_dags/example_short_circuit_operator.py
[2024-08-13T04:45:31.939+0000] {logging_mixin.py:188} INFO - [2024-08-13T04:45:31.938+0000] {dag.py:3089} INFO - Sync 1 DAGs
[2024-08-13T04:45:31.968+0000] {logging_mixin.py:188} INFO - [2024-08-13T04:45:31.968+0000] {dag.py:3947} INFO - Setting next_dagrun for example_short_circuit_operator to 2024-08-12 00:00:00+00:00, run_after=2024-08-13 00:00:00+00:00
[2024-08-13T04:45:33.447+0000] {processor.py:183} INFO - Processing /home/airflow/.local/lib/python3.12/site-packages/airflow/example_dags/example_short_circuit_operator.py took 1.576 seconds
[2024-08-13T04:46:04.083+0000] {processor.py:161} INFO - Started process (PID=516) to work on /home/airflow/.local/lib/python3.12/site-packages/airflow/example_dags/example_short_circuit_operator.py
[2024-08-13T04:46:04.084+0000] {processor.py:830} INFO - Processing file /home/airflow/.local/lib/python3.12/site-packages/airflow/example_dags/example_short_circuit_operator.py for tasks to queue
[2024-08-13T04:46:04.086+0000] {logging_mixin.py:188} INFO - [2024-08-13T04:46:04.086+0000] {dagbag.py:545} INFO - Filling up the DagBag from /home/airflow/.local/lib/python3.12/site-packages/airflow/example_dags/example_short_circuit_operator.py
[2024-08-13T04:46:04.096+0000] {processor.py:840} INFO - DAG(s) 'example_short_circuit_operator' retrieved from /home/airflow/.local/lib/python3.12/site-packages/airflow/example_dags/example_short_circuit_operator.py
[2024-08-13T04:46:04.130+0000] {logging_mixin.py:188} INFO - [2024-08-13T04:46:04.129+0000] {dag.py:3089} INFO - Sync 1 DAGs
[2024-08-13T04:46:04.159+0000] {logging_mixin.py:188} INFO - [2024-08-13T04:46:04.159+0000] {dag.py:3947} INFO - Setting next_dagrun for example_short_circuit_operator to 2024-08-12 00:00:00+00:00, run_after=2024-08-13 00:00:00+00:00
[2024-08-13T04:46:04.223+0000] {processor.py:183} INFO - Processing /home/airflow/.local/lib/python3.12/site-packages/airflow/example_dags/example_short_circuit_operator.py took 0.149 seconds
[2024-08-13T04:46:34.470+0000] {processor.py:161} INFO - Started process (PID=574) to work on /home/airflow/.local/lib/python3.12/site-packages/airflow/example_dags/example_short_circuit_operator.py
[2024-08-13T04:46:34.473+0000] {processor.py:830} INFO - Processing file /home/airflow/.local/lib/python3.12/site-packages/airflow/example_dags/example_short_circuit_operator.py for tasks to queue
[2024-08-13T04:46:34.485+0000] {logging_mixin.py:188} INFO - [2024-08-13T04:46:34.485+0000] {dagbag.py:545} INFO - Filling up the DagBag from /home/airflow/.local/lib/python3.12/site-packages/airflow/example_dags/example_short_circuit_operator.py
[2024-08-13T04:46:34.500+0000] {processor.py:840} INFO - DAG(s) 'example_short_circuit_operator' retrieved from /home/airflow/.local/lib/python3.12/site-packages/airflow/example_dags/example_short_circuit_operator.py
[2024-08-13T04:46:34.585+0000] {logging_mixin.py:188} INFO - [2024-08-13T04:46:34.585+0000] {dag.py:3089} INFO - Sync 1 DAGs
[2024-08-13T04:46:34.791+0000] {logging_mixin.py:188} INFO - [2024-08-13T04:46:34.777+0000] {dag.py:3947} INFO - Setting next_dagrun for example_short_circuit_operator to 2024-08-12 00:00:00+00:00, run_after=2024-08-13 00:00:00+00:00
[2024-08-13T04:46:36.400+0000] {processor.py:183} INFO - Processing /home/airflow/.local/lib/python3.12/site-packages/airflow/example_dags/example_short_circuit_operator.py took 1.938 seconds
[2024-08-13T04:47:07.177+0000] {processor.py:161} INFO - Started process (PID=632) to work on /home/airflow/.local/lib/python3.12/site-packages/airflow/example_dags/example_short_circuit_operator.py
[2024-08-13T04:47:07.189+0000] {processor.py:830} INFO - Processing file /home/airflow/.local/lib/python3.12/site-packages/airflow/example_dags/example_short_circuit_operator.py for tasks to queue
[2024-08-13T04:47:07.205+0000] {logging_mixin.py:188} INFO - [2024-08-13T04:47:07.205+0000] {dagbag.py:545} INFO - Filling up the DagBag from /home/airflow/.local/lib/python3.12/site-packages/airflow/example_dags/example_short_circuit_operator.py
[2024-08-13T04:47:07.231+0000] {processor.py:840} INFO - DAG(s) 'example_short_circuit_operator' retrieved from /home/airflow/.local/lib/python3.12/site-packages/airflow/example_dags/example_short_circuit_operator.py
[2024-08-13T04:47:07.328+0000] {logging_mixin.py:188} INFO - [2024-08-13T04:47:07.328+0000] {dag.py:3089} INFO - Sync 1 DAGs
[2024-08-13T04:47:07.405+0000] {logging_mixin.py:188} INFO - [2024-08-13T04:47:07.393+0000] {dag.py:3947} INFO - Setting next_dagrun for example_short_circuit_operator to 2024-08-12 00:00:00+00:00, run_after=2024-08-13 00:00:00+00:00
[2024-08-13T04:47:07.532+0000] {processor.py:183} INFO - Processing /home/airflow/.local/lib/python3.12/site-packages/airflow/example_dags/example_short_circuit_operator.py took 0.367 seconds
[2024-08-13T04:47:38.099+0000] {processor.py:161} INFO - Started process (PID=690) to work on /home/airflow/.local/lib/python3.12/site-packages/airflow/example_dags/example_short_circuit_operator.py
[2024-08-13T04:47:38.101+0000] {processor.py:830} INFO - Processing file /home/airflow/.local/lib/python3.12/site-packages/airflow/example_dags/example_short_circuit_operator.py for tasks to queue
[2024-08-13T04:47:38.117+0000] {logging_mixin.py:188} INFO - [2024-08-13T04:47:38.116+0000] {dagbag.py:545} INFO - Filling up the DagBag from /home/airflow/.local/lib/python3.12/site-packages/airflow/example_dags/example_short_circuit_operator.py
[2024-08-13T04:47:38.134+0000] {processor.py:840} INFO - DAG(s) 'example_short_circuit_operator' retrieved from /home/airflow/.local/lib/python3.12/site-packages/airflow/example_dags/example_short_circuit_operator.py
[2024-08-13T04:47:38.184+0000] {logging_mixin.py:188} INFO - [2024-08-13T04:47:38.184+0000] {dag.py:3089} INFO - Sync 1 DAGs
[2024-08-13T04:47:38.245+0000] {logging_mixin.py:188} INFO - [2024-08-13T04:47:38.245+0000] {dag.py:3947} INFO - Setting next_dagrun for example_short_circuit_operator to 2024-08-12 00:00:00+00:00, run_after=2024-08-13 00:00:00+00:00
[2024-08-13T04:47:38.340+0000] {processor.py:183} INFO - Processing /home/airflow/.local/lib/python3.12/site-packages/airflow/example_dags/example_short_circuit_operator.py took 0.248 seconds
[2024-08-13T04:48:08.749+0000] {processor.py:161} INFO - Started process (PID=749) to work on /home/airflow/.local/lib/python3.12/site-packages/airflow/example_dags/example_short_circuit_operator.py
[2024-08-13T04:48:08.751+0000] {processor.py:830} INFO - Processing file /home/airflow/.local/lib/python3.12/site-packages/airflow/example_dags/example_short_circuit_operator.py for tasks to queue
[2024-08-13T04:48:08.758+0000] {logging_mixin.py:188} INFO - [2024-08-13T04:48:08.757+0000] {dagbag.py:545} INFO - Filling up the DagBag from /home/airflow/.local/lib/python3.12/site-packages/airflow/example_dags/example_short_circuit_operator.py
[2024-08-13T04:48:08.766+0000] {processor.py:840} INFO - DAG(s) 'example_short_circuit_operator' retrieved from /home/airflow/.local/lib/python3.12/site-packages/airflow/example_dags/example_short_circuit_operator.py
[2024-08-13T04:48:08.787+0000] {logging_mixin.py:188} INFO - [2024-08-13T04:48:08.786+0000] {dag.py:3089} INFO - Sync 1 DAGs
[2024-08-13T04:48:08.809+0000] {logging_mixin.py:188} INFO - [2024-08-13T04:48:08.809+0000] {dag.py:3947} INFO - Setting next_dagrun for example_short_circuit_operator to 2024-08-12 00:00:00+00:00, run_after=2024-08-13 00:00:00+00:00
[2024-08-13T04:48:08.855+0000] {processor.py:183} INFO - Processing /home/airflow/.local/lib/python3.12/site-packages/airflow/example_dags/example_short_circuit_operator.py took 0.116 seconds
[2024-08-13T04:48:39.047+0000] {processor.py:161} INFO - Started process (PID=806) to work on /home/airflow/.local/lib/python3.12/site-packages/airflow/example_dags/example_short_circuit_operator.py
[2024-08-13T04:48:39.048+0000] {processor.py:830} INFO - Processing file /home/airflow/.local/lib/python3.12/site-packages/airflow/example_dags/example_short_circuit_operator.py for tasks to queue
[2024-08-13T04:48:39.050+0000] {logging_mixin.py:188} INFO - [2024-08-13T04:48:39.050+0000] {dagbag.py:545} INFO - Filling up the DagBag from /home/airflow/.local/lib/python3.12/site-packages/airflow/example_dags/example_short_circuit_operator.py
[2024-08-13T04:48:39.057+0000] {processor.py:840} INFO - DAG(s) 'example_short_circuit_operator' retrieved from /home/airflow/.local/lib/python3.12/site-packages/airflow/example_dags/example_short_circuit_operator.py
[2024-08-13T04:48:39.078+0000] {logging_mixin.py:188} INFO - [2024-08-13T04:48:39.078+0000] {dag.py:3089} INFO - Sync 1 DAGs
[2024-08-13T04:48:39.108+0000] {logging_mixin.py:188} INFO - [2024-08-13T04:48:39.108+0000] {dag.py:3947} INFO - Setting next_dagrun for example_short_circuit_operator to 2024-08-12 00:00:00+00:00, run_after=2024-08-13 00:00:00+00:00
[2024-08-13T04:48:39.221+0000] {processor.py:183} INFO - Processing /home/airflow/.local/lib/python3.12/site-packages/airflow/example_dags/example_short_circuit_operator.py took 0.181 seconds
[2024-08-13T04:49:09.469+0000] {processor.py:161} INFO - Started process (PID=864) to work on /home/airflow/.local/lib/python3.12/site-packages/airflow/example_dags/example_short_circuit_operator.py
[2024-08-13T04:49:09.470+0000] {processor.py:830} INFO - Processing file /home/airflow/.local/lib/python3.12/site-packages/airflow/example_dags/example_short_circuit_operator.py for tasks to queue
[2024-08-13T04:49:09.472+0000] {logging_mixin.py:188} INFO - [2024-08-13T04:49:09.471+0000] {dagbag.py:545} INFO - Filling up the DagBag from /home/airflow/.local/lib/python3.12/site-packages/airflow/example_dags/example_short_circuit_operator.py
[2024-08-13T04:49:09.478+0000] {processor.py:840} INFO - DAG(s) 'example_short_circuit_operator' retrieved from /home/airflow/.local/lib/python3.12/site-packages/airflow/example_dags/example_short_circuit_operator.py
[2024-08-13T04:49:09.501+0000] {logging_mixin.py:188} INFO - [2024-08-13T04:49:09.501+0000] {dag.py:3089} INFO - Sync 1 DAGs
[2024-08-13T04:49:09.522+0000] {logging_mixin.py:188} INFO - [2024-08-13T04:49:09.521+0000] {dag.py:3947} INFO - Setting next_dagrun for example_short_circuit_operator to 2024-08-12 00:00:00+00:00, run_after=2024-08-13 00:00:00+00:00
[2024-08-13T04:49:09.582+0000] {processor.py:183} INFO - Processing /home/airflow/.local/lib/python3.12/site-packages/airflow/example_dags/example_short_circuit_operator.py took 0.121 seconds
[2024-08-13T04:49:39.710+0000] {processor.py:161} INFO - Started process (PID=922) to work on /home/airflow/.local/lib/python3.12/site-packages/airflow/example_dags/example_short_circuit_operator.py
[2024-08-13T04:49:39.711+0000] {processor.py:830} INFO - Processing file /home/airflow/.local/lib/python3.12/site-packages/airflow/example_dags/example_short_circuit_operator.py for tasks to queue
[2024-08-13T04:49:39.712+0000] {logging_mixin.py:188} INFO - [2024-08-13T04:49:39.712+0000] {dagbag.py:545} INFO - Filling up the DagBag from /home/airflow/.local/lib/python3.12/site-packages/airflow/example_dags/example_short_circuit_operator.py
[2024-08-13T04:49:39.719+0000] {processor.py:840} INFO - DAG(s) 'example_short_circuit_operator' retrieved from /home/airflow/.local/lib/python3.12/site-packages/airflow/example_dags/example_short_circuit_operator.py
[2024-08-13T04:49:39.743+0000] {logging_mixin.py:188} INFO - [2024-08-13T04:49:39.743+0000] {dag.py:3089} INFO - Sync 1 DAGs
[2024-08-13T04:49:39.767+0000] {logging_mixin.py:188} INFO - [2024-08-13T04:49:39.766+0000] {dag.py:3947} INFO - Setting next_dagrun for example_short_circuit_operator to 2024-08-12 00:00:00+00:00, run_after=2024-08-13 00:00:00+00:00
[2024-08-13T04:49:39.875+0000] {processor.py:183} INFO - Processing /home/airflow/.local/lib/python3.12/site-packages/airflow/example_dags/example_short_circuit_operator.py took 0.170 seconds
[2024-08-13T04:50:10.737+0000] {processor.py:161} INFO - Started process (PID=980) to work on /home/airflow/.local/lib/python3.12/site-packages/airflow/example_dags/example_short_circuit_operator.py
[2024-08-13T04:50:10.739+0000] {processor.py:830} INFO - Processing file /home/airflow/.local/lib/python3.12/site-packages/airflow/example_dags/example_short_circuit_operator.py for tasks to queue
[2024-08-13T04:50:10.752+0000] {logging_mixin.py:188} INFO - [2024-08-13T04:50:10.742+0000] {dagbag.py:545} INFO - Filling up the DagBag from /home/airflow/.local/lib/python3.12/site-packages/airflow/example_dags/example_short_circuit_operator.py
[2024-08-13T04:50:10.775+0000] {processor.py:840} INFO - DAG(s) 'example_short_circuit_operator' retrieved from /home/airflow/.local/lib/python3.12/site-packages/airflow/example_dags/example_short_circuit_operator.py
[2024-08-13T04:50:10.825+0000] {logging_mixin.py:188} INFO - [2024-08-13T04:50:10.825+0000] {dag.py:3089} INFO - Sync 1 DAGs
[2024-08-13T04:50:10.853+0000] {logging_mixin.py:188} INFO - [2024-08-13T04:50:10.853+0000] {dag.py:3947} INFO - Setting next_dagrun for example_short_circuit_operator to 2024-08-12 00:00:00+00:00, run_after=2024-08-13 00:00:00+00:00
[2024-08-13T04:50:10.918+0000] {processor.py:183} INFO - Processing /home/airflow/.local/lib/python3.12/site-packages/airflow/example_dags/example_short_circuit_operator.py took 0.213 seconds
[2024-08-13T04:50:42.585+0000] {processor.py:161} INFO - Started process (PID=1038) to work on /home/airflow/.local/lib/python3.12/site-packages/airflow/example_dags/example_short_circuit_operator.py
[2024-08-13T04:50:42.596+0000] {processor.py:830} INFO - Processing file /home/airflow/.local/lib/python3.12/site-packages/airflow/example_dags/example_short_circuit_operator.py for tasks to queue
[2024-08-13T04:50:42.609+0000] {logging_mixin.py:188} INFO - [2024-08-13T04:50:42.608+0000] {dagbag.py:545} INFO - Filling up the DagBag from /home/airflow/.local/lib/python3.12/site-packages/airflow/example_dags/example_short_circuit_operator.py
[2024-08-13T04:50:42.649+0000] {processor.py:840} INFO - DAG(s) 'example_short_circuit_operator' retrieved from /home/airflow/.local/lib/python3.12/site-packages/airflow/example_dags/example_short_circuit_operator.py
[2024-08-13T04:50:42.847+0000] {logging_mixin.py:188} INFO - [2024-08-13T04:50:42.847+0000] {dag.py:3089} INFO - Sync 1 DAGs
[2024-08-13T04:50:42.958+0000] {logging_mixin.py:188} INFO - [2024-08-13T04:50:42.958+0000] {dag.py:3947} INFO - Setting next_dagrun for example_short_circuit_operator to 2024-08-12 00:00:00+00:00, run_after=2024-08-13 00:00:00+00:00
[2024-08-13T04:50:44.532+0000] {processor.py:183} INFO - Processing /home/airflow/.local/lib/python3.12/site-packages/airflow/example_dags/example_short_circuit_operator.py took 1.971 seconds
[2024-08-13T04:51:14.670+0000] {processor.py:161} INFO - Started process (PID=1097) to work on /home/airflow/.local/lib/python3.12/site-packages/airflow/example_dags/example_short_circuit_operator.py
[2024-08-13T04:51:14.671+0000] {processor.py:830} INFO - Processing file /home/airflow/.local/lib/python3.12/site-packages/airflow/example_dags/example_short_circuit_operator.py for tasks to queue
[2024-08-13T04:51:14.674+0000] {logging_mixin.py:188} INFO - [2024-08-13T04:51:14.674+0000] {dagbag.py:545} INFO - Filling up the DagBag from /home/airflow/.local/lib/python3.12/site-packages/airflow/example_dags/example_short_circuit_operator.py
[2024-08-13T04:51:14.688+0000] {processor.py:840} INFO - DAG(s) 'example_short_circuit_operator' retrieved from /home/airflow/.local/lib/python3.12/site-packages/airflow/example_dags/example_short_circuit_operator.py
[2024-08-13T04:51:14.738+0000] {logging_mixin.py:188} INFO - [2024-08-13T04:51:14.737+0000] {dag.py:3089} INFO - Sync 1 DAGs
[2024-08-13T04:51:14.771+0000] {logging_mixin.py:188} INFO - [2024-08-13T04:51:14.771+0000] {dag.py:3947} INFO - Setting next_dagrun for example_short_circuit_operator to 2024-08-12 00:00:00+00:00, run_after=2024-08-13 00:00:00+00:00
[2024-08-13T04:51:14.893+0000] {processor.py:183} INFO - Processing /home/airflow/.local/lib/python3.12/site-packages/airflow/example_dags/example_short_circuit_operator.py took 0.231 seconds
[2024-08-13T04:51:46.997+0000] {processor.py:161} INFO - Started process (PID=1155) to work on /home/airflow/.local/lib/python3.12/site-packages/airflow/example_dags/example_short_circuit_operator.py
[2024-08-13T04:51:47.006+0000] {processor.py:830} INFO - Processing file /home/airflow/.local/lib/python3.12/site-packages/airflow/example_dags/example_short_circuit_operator.py for tasks to queue
[2024-08-13T04:51:47.045+0000] {logging_mixin.py:188} INFO - [2024-08-13T04:51:47.033+0000] {dagbag.py:545} INFO - Filling up the DagBag from /home/airflow/.local/lib/python3.12/site-packages/airflow/example_dags/example_short_circuit_operator.py
[2024-08-13T04:51:47.136+0000] {processor.py:840} INFO - DAG(s) 'example_short_circuit_operator' retrieved from /home/airflow/.local/lib/python3.12/site-packages/airflow/example_dags/example_short_circuit_operator.py
[2024-08-13T04:51:47.385+0000] {logging_mixin.py:188} INFO - [2024-08-13T04:51:47.384+0000] {dag.py:3089} INFO - Sync 1 DAGs
[2024-08-13T04:51:47.532+0000] {logging_mixin.py:188} INFO - [2024-08-13T04:51:47.507+0000] {dag.py:3947} INFO - Setting next_dagrun for example_short_circuit_operator to 2024-08-12 00:00:00+00:00, run_after=2024-08-13 00:00:00+00:00
[2024-08-13T04:51:47.866+0000] {processor.py:183} INFO - Processing /home/airflow/.local/lib/python3.12/site-packages/airflow/example_dags/example_short_circuit_operator.py took 0.910 seconds
[2024-08-13T04:52:18.918+0000] {processor.py:161} INFO - Started process (PID=1213) to work on /home/airflow/.local/lib/python3.12/site-packages/airflow/example_dags/example_short_circuit_operator.py
[2024-08-13T04:52:18.925+0000] {processor.py:830} INFO - Processing file /home/airflow/.local/lib/python3.12/site-packages/airflow/example_dags/example_short_circuit_operator.py for tasks to queue
[2024-08-13T04:52:18.928+0000] {logging_mixin.py:188} INFO - [2024-08-13T04:52:18.928+0000] {dagbag.py:545} INFO - Filling up the DagBag from /home/airflow/.local/lib/python3.12/site-packages/airflow/example_dags/example_short_circuit_operator.py
[2024-08-13T04:52:18.973+0000] {processor.py:840} INFO - DAG(s) 'example_short_circuit_operator' retrieved from /home/airflow/.local/lib/python3.12/site-packages/airflow/example_dags/example_short_circuit_operator.py
[2024-08-13T04:52:19.075+0000] {logging_mixin.py:188} INFO - [2024-08-13T04:52:19.074+0000] {dag.py:3089} INFO - Sync 1 DAGs
[2024-08-13T04:52:19.163+0000] {logging_mixin.py:188} INFO - [2024-08-13T04:52:19.163+0000] {dag.py:3947} INFO - Setting next_dagrun for example_short_circuit_operator to 2024-08-12 00:00:00+00:00, run_after=2024-08-13 00:00:00+00:00
[2024-08-13T04:52:19.272+0000] {processor.py:183} INFO - Processing /home/airflow/.local/lib/python3.12/site-packages/airflow/example_dags/example_short_circuit_operator.py took 0.372 seconds
[2024-08-13T04:52:49.673+0000] {processor.py:161} INFO - Started process (PID=1271) to work on /home/airflow/.local/lib/python3.12/site-packages/airflow/example_dags/example_short_circuit_operator.py
[2024-08-13T04:52:49.674+0000] {processor.py:830} INFO - Processing file /home/airflow/.local/lib/python3.12/site-packages/airflow/example_dags/example_short_circuit_operator.py for tasks to queue
[2024-08-13T04:52:49.679+0000] {logging_mixin.py:188} INFO - [2024-08-13T04:52:49.678+0000] {dagbag.py:545} INFO - Filling up the DagBag from /home/airflow/.local/lib/python3.12/site-packages/airflow/example_dags/example_short_circuit_operator.py
[2024-08-13T04:52:49.687+0000] {processor.py:840} INFO - DAG(s) 'example_short_circuit_operator' retrieved from /home/airflow/.local/lib/python3.12/site-packages/airflow/example_dags/example_short_circuit_operator.py
[2024-08-13T04:52:49.714+0000] {logging_mixin.py:188} INFO - [2024-08-13T04:52:49.714+0000] {dag.py:3089} INFO - Sync 1 DAGs
[2024-08-13T04:52:49.754+0000] {logging_mixin.py:188} INFO - [2024-08-13T04:52:49.754+0000] {dag.py:3947} INFO - Setting next_dagrun for example_short_circuit_operator to 2024-08-12 00:00:00+00:00, run_after=2024-08-13 00:00:00+00:00
[2024-08-13T04:52:49.830+0000] {processor.py:183} INFO - Processing /home/airflow/.local/lib/python3.12/site-packages/airflow/example_dags/example_short_circuit_operator.py took 0.164 seconds
[2024-08-13T04:53:20.585+0000] {processor.py:161} INFO - Started process (PID=1330) to work on /home/airflow/.local/lib/python3.12/site-packages/airflow/example_dags/example_short_circuit_operator.py
[2024-08-13T04:53:20.585+0000] {processor.py:830} INFO - Processing file /home/airflow/.local/lib/python3.12/site-packages/airflow/example_dags/example_short_circuit_operator.py for tasks to queue
[2024-08-13T04:53:20.587+0000] {logging_mixin.py:188} INFO - [2024-08-13T04:53:20.587+0000] {dagbag.py:545} INFO - Filling up the DagBag from /home/airflow/.local/lib/python3.12/site-packages/airflow/example_dags/example_short_circuit_operator.py
[2024-08-13T04:53:20.594+0000] {processor.py:840} INFO - DAG(s) 'example_short_circuit_operator' retrieved from /home/airflow/.local/lib/python3.12/site-packages/airflow/example_dags/example_short_circuit_operator.py
[2024-08-13T04:53:20.666+0000] {logging_mixin.py:188} INFO - [2024-08-13T04:53:20.666+0000] {dag.py:3089} INFO - Sync 1 DAGs
[2024-08-13T04:53:20.706+0000] {logging_mixin.py:188} INFO - [2024-08-13T04:53:20.706+0000] {dag.py:3947} INFO - Setting next_dagrun for example_short_circuit_operator to 2024-08-12 00:00:00+00:00, run_after=2024-08-13 00:00:00+00:00
[2024-08-13T04:53:20.762+0000] {processor.py:183} INFO - Processing /home/airflow/.local/lib/python3.12/site-packages/airflow/example_dags/example_short_circuit_operator.py took 0.183 seconds
[2024-08-13T04:53:51.011+0000] {processor.py:161} INFO - Started process (PID=1389) to work on /home/airflow/.local/lib/python3.12/site-packages/airflow/example_dags/example_short_circuit_operator.py
[2024-08-13T04:53:51.012+0000] {processor.py:830} INFO - Processing file /home/airflow/.local/lib/python3.12/site-packages/airflow/example_dags/example_short_circuit_operator.py for tasks to queue
[2024-08-13T04:53:51.017+0000] {logging_mixin.py:188} INFO - [2024-08-13T04:53:51.016+0000] {dagbag.py:545} INFO - Filling up the DagBag from /home/airflow/.local/lib/python3.12/site-packages/airflow/example_dags/example_short_circuit_operator.py
[2024-08-13T04:53:51.025+0000] {processor.py:840} INFO - DAG(s) 'example_short_circuit_operator' retrieved from /home/airflow/.local/lib/python3.12/site-packages/airflow/example_dags/example_short_circuit_operator.py
[2024-08-13T04:53:51.045+0000] {logging_mixin.py:188} INFO - [2024-08-13T04:53:51.045+0000] {dag.py:3089} INFO - Sync 1 DAGs
[2024-08-13T04:53:51.068+0000] {logging_mixin.py:188} INFO - [2024-08-13T04:53:51.068+0000] {dag.py:3947} INFO - Setting next_dagrun for example_short_circuit_operator to 2024-08-12 00:00:00+00:00, run_after=2024-08-13 00:00:00+00:00
[2024-08-13T04:53:51.126+0000] {processor.py:183} INFO - Processing /home/airflow/.local/lib/python3.12/site-packages/airflow/example_dags/example_short_circuit_operator.py took 0.126 seconds
[2024-08-13T04:54:22.145+0000] {processor.py:161} INFO - Started process (PID=1447) to work on /home/airflow/.local/lib/python3.12/site-packages/airflow/example_dags/example_short_circuit_operator.py
[2024-08-13T04:54:22.146+0000] {processor.py:830} INFO - Processing file /home/airflow/.local/lib/python3.12/site-packages/airflow/example_dags/example_short_circuit_operator.py for tasks to queue
[2024-08-13T04:54:22.150+0000] {logging_mixin.py:188} INFO - [2024-08-13T04:54:22.149+0000] {dagbag.py:545} INFO - Filling up the DagBag from /home/airflow/.local/lib/python3.12/site-packages/airflow/example_dags/example_short_circuit_operator.py
[2024-08-13T04:54:22.160+0000] {processor.py:840} INFO - DAG(s) 'example_short_circuit_operator' retrieved from /home/airflow/.local/lib/python3.12/site-packages/airflow/example_dags/example_short_circuit_operator.py
[2024-08-13T04:54:22.247+0000] {logging_mixin.py:188} INFO - [2024-08-13T04:54:22.247+0000] {dag.py:3089} INFO - Sync 1 DAGs
[2024-08-13T04:54:22.344+0000] {logging_mixin.py:188} INFO - [2024-08-13T04:54:22.344+0000] {dag.py:3947} INFO - Setting next_dagrun for example_short_circuit_operator to 2024-08-12 00:00:00+00:00, run_after=2024-08-13 00:00:00+00:00
[2024-08-13T04:54:22.489+0000] {processor.py:183} INFO - Processing /home/airflow/.local/lib/python3.12/site-packages/airflow/example_dags/example_short_circuit_operator.py took 0.350 seconds
[2024-08-13T04:54:53.263+0000] {processor.py:161} INFO - Started process (PID=1506) to work on /home/airflow/.local/lib/python3.12/site-packages/airflow/example_dags/example_short_circuit_operator.py
[2024-08-13T04:54:53.268+0000] {processor.py:830} INFO - Processing file /home/airflow/.local/lib/python3.12/site-packages/airflow/example_dags/example_short_circuit_operator.py for tasks to queue
[2024-08-13T04:54:53.271+0000] {logging_mixin.py:188} INFO - [2024-08-13T04:54:53.270+0000] {dagbag.py:545} INFO - Filling up the DagBag from /home/airflow/.local/lib/python3.12/site-packages/airflow/example_dags/example_short_circuit_operator.py
[2024-08-13T04:54:53.294+0000] {processor.py:840} INFO - DAG(s) 'example_short_circuit_operator' retrieved from /home/airflow/.local/lib/python3.12/site-packages/airflow/example_dags/example_short_circuit_operator.py
[2024-08-13T04:54:53.348+0000] {logging_mixin.py:188} INFO - [2024-08-13T04:54:53.347+0000] {dag.py:3089} INFO - Sync 1 DAGs
[2024-08-13T04:54:53.406+0000] {logging_mixin.py:188} INFO - [2024-08-13T04:54:53.406+0000] {dag.py:3947} INFO - Setting next_dagrun for example_short_circuit_operator to 2024-08-12 00:00:00+00:00, run_after=2024-08-13 00:00:00+00:00
[2024-08-13T04:54:53.485+0000] {processor.py:183} INFO - Processing /home/airflow/.local/lib/python3.12/site-packages/airflow/example_dags/example_short_circuit_operator.py took 0.232 seconds
[2024-08-13T04:55:24.003+0000] {processor.py:161} INFO - Started process (PID=1563) to work on /home/airflow/.local/lib/python3.12/site-packages/airflow/example_dags/example_short_circuit_operator.py
[2024-08-13T04:55:24.004+0000] {processor.py:830} INFO - Processing file /home/airflow/.local/lib/python3.12/site-packages/airflow/example_dags/example_short_circuit_operator.py for tasks to queue
[2024-08-13T04:55:24.006+0000] {logging_mixin.py:188} INFO - [2024-08-13T04:55:24.006+0000] {dagbag.py:545} INFO - Filling up the DagBag from /home/airflow/.local/lib/python3.12/site-packages/airflow/example_dags/example_short_circuit_operator.py
[2024-08-13T04:55:24.013+0000] {processor.py:840} INFO - DAG(s) 'example_short_circuit_operator' retrieved from /home/airflow/.local/lib/python3.12/site-packages/airflow/example_dags/example_short_circuit_operator.py
[2024-08-13T04:55:24.045+0000] {logging_mixin.py:188} INFO - [2024-08-13T04:55:24.045+0000] {dag.py:3089} INFO - Sync 1 DAGs
[2024-08-13T04:55:24.067+0000] {logging_mixin.py:188} INFO - [2024-08-13T04:55:24.067+0000] {dag.py:3947} INFO - Setting next_dagrun for example_short_circuit_operator to 2024-08-12 00:00:00+00:00, run_after=2024-08-13 00:00:00+00:00
[2024-08-13T04:55:24.233+0000] {processor.py:183} INFO - Processing /home/airflow/.local/lib/python3.12/site-packages/airflow/example_dags/example_short_circuit_operator.py took 0.235 seconds
[2024-08-13T04:55:55.295+0000] {processor.py:161} INFO - Started process (PID=1622) to work on /home/airflow/.local/lib/python3.12/site-packages/airflow/example_dags/example_short_circuit_operator.py
[2024-08-13T04:55:55.297+0000] {processor.py:830} INFO - Processing file /home/airflow/.local/lib/python3.12/site-packages/airflow/example_dags/example_short_circuit_operator.py for tasks to queue
[2024-08-13T04:55:55.309+0000] {logging_mixin.py:188} INFO - [2024-08-13T04:55:55.309+0000] {dagbag.py:545} INFO - Filling up the DagBag from /home/airflow/.local/lib/python3.12/site-packages/airflow/example_dags/example_short_circuit_operator.py
[2024-08-13T04:55:55.325+0000] {processor.py:840} INFO - DAG(s) 'example_short_circuit_operator' retrieved from /home/airflow/.local/lib/python3.12/site-packages/airflow/example_dags/example_short_circuit_operator.py
[2024-08-13T04:55:55.390+0000] {logging_mixin.py:188} INFO - [2024-08-13T04:55:55.390+0000] {dag.py:3089} INFO - Sync 1 DAGs
[2024-08-13T04:55:55.488+0000] {logging_mixin.py:188} INFO - [2024-08-13T04:55:55.488+0000] {dag.py:3947} INFO - Setting next_dagrun for example_short_circuit_operator to 2024-08-12 00:00:00+00:00, run_after=2024-08-13 00:00:00+00:00
[2024-08-13T04:55:55.583+0000] {processor.py:183} INFO - Processing /home/airflow/.local/lib/python3.12/site-packages/airflow/example_dags/example_short_circuit_operator.py took 0.295 seconds
[2024-08-13T04:56:25.698+0000] {processor.py:161} INFO - Started process (PID=1680) to work on /home/airflow/.local/lib/python3.12/site-packages/airflow/example_dags/example_short_circuit_operator.py
[2024-08-13T04:56:25.699+0000] {processor.py:830} INFO - Processing file /home/airflow/.local/lib/python3.12/site-packages/airflow/example_dags/example_short_circuit_operator.py for tasks to queue
[2024-08-13T04:56:25.701+0000] {logging_mixin.py:188} INFO - [2024-08-13T04:56:25.701+0000] {dagbag.py:545} INFO - Filling up the DagBag from /home/airflow/.local/lib/python3.12/site-packages/airflow/example_dags/example_short_circuit_operator.py
[2024-08-13T04:56:25.712+0000] {processor.py:840} INFO - DAG(s) 'example_short_circuit_operator' retrieved from /home/airflow/.local/lib/python3.12/site-packages/airflow/example_dags/example_short_circuit_operator.py
[2024-08-13T04:56:25.758+0000] {logging_mixin.py:188} INFO - [2024-08-13T04:56:25.757+0000] {dag.py:3089} INFO - Sync 1 DAGs
[2024-08-13T04:56:25.792+0000] {logging_mixin.py:188} INFO - [2024-08-13T04:56:25.791+0000] {dag.py:3947} INFO - Setting next_dagrun for example_short_circuit_operator to 2024-08-12 00:00:00+00:00, run_after=2024-08-13 00:00:00+00:00
[2024-08-13T04:56:26.041+0000] {processor.py:183} INFO - Processing /home/airflow/.local/lib/python3.12/site-packages/airflow/example_dags/example_short_circuit_operator.py took 0.352 seconds
[2024-08-13T04:56:56.565+0000] {processor.py:161} INFO - Started process (PID=1738) to work on /home/airflow/.local/lib/python3.12/site-packages/airflow/example_dags/example_short_circuit_operator.py
[2024-08-13T04:56:56.566+0000] {processor.py:830} INFO - Processing file /home/airflow/.local/lib/python3.12/site-packages/airflow/example_dags/example_short_circuit_operator.py for tasks to queue
[2024-08-13T04:56:56.569+0000] {logging_mixin.py:188} INFO - [2024-08-13T04:56:56.568+0000] {dagbag.py:545} INFO - Filling up the DagBag from /home/airflow/.local/lib/python3.12/site-packages/airflow/example_dags/example_short_circuit_operator.py
[2024-08-13T04:56:56.579+0000] {processor.py:840} INFO - DAG(s) 'example_short_circuit_operator' retrieved from /home/airflow/.local/lib/python3.12/site-packages/airflow/example_dags/example_short_circuit_operator.py
[2024-08-13T04:56:56.612+0000] {logging_mixin.py:188} INFO - [2024-08-13T04:56:56.611+0000] {dag.py:3089} INFO - Sync 1 DAGs
[2024-08-13T04:56:56.633+0000] {logging_mixin.py:188} INFO - [2024-08-13T04:56:56.633+0000] {dag.py:3947} INFO - Setting next_dagrun for example_short_circuit_operator to 2024-08-12 00:00:00+00:00, run_after=2024-08-13 00:00:00+00:00
[2024-08-13T04:56:56.727+0000] {processor.py:183} INFO - Processing /home/airflow/.local/lib/python3.12/site-packages/airflow/example_dags/example_short_circuit_operator.py took 0.169 seconds
[2024-08-13T04:57:27.512+0000] {processor.py:161} INFO - Started process (PID=1802) to work on /home/airflow/.local/lib/python3.12/site-packages/airflow/example_dags/example_short_circuit_operator.py
[2024-08-13T04:57:27.514+0000] {processor.py:830} INFO - Processing file /home/airflow/.local/lib/python3.12/site-packages/airflow/example_dags/example_short_circuit_operator.py for tasks to queue
[2024-08-13T04:57:27.516+0000] {logging_mixin.py:188} INFO - [2024-08-13T04:57:27.516+0000] {dagbag.py:545} INFO - Filling up the DagBag from /home/airflow/.local/lib/python3.12/site-packages/airflow/example_dags/example_short_circuit_operator.py
[2024-08-13T04:57:27.530+0000] {processor.py:840} INFO - DAG(s) 'example_short_circuit_operator' retrieved from /home/airflow/.local/lib/python3.12/site-packages/airflow/example_dags/example_short_circuit_operator.py
[2024-08-13T04:57:27.569+0000] {logging_mixin.py:188} INFO - [2024-08-13T04:57:27.569+0000] {dag.py:3089} INFO - Sync 1 DAGs
[2024-08-13T04:57:27.601+0000] {logging_mixin.py:188} INFO - [2024-08-13T04:57:27.601+0000] {dag.py:3947} INFO - Setting next_dagrun for example_short_circuit_operator to 2024-08-12 00:00:00+00:00, run_after=2024-08-13 00:00:00+00:00
[2024-08-13T04:57:27.687+0000] {processor.py:183} INFO - Processing /home/airflow/.local/lib/python3.12/site-packages/airflow/example_dags/example_short_circuit_operator.py took 0.184 seconds
[2024-08-13T04:57:58.266+0000] {processor.py:161} INFO - Started process (PID=1860) to work on /home/airflow/.local/lib/python3.12/site-packages/airflow/example_dags/example_short_circuit_operator.py
[2024-08-13T04:57:58.272+0000] {processor.py:830} INFO - Processing file /home/airflow/.local/lib/python3.12/site-packages/airflow/example_dags/example_short_circuit_operator.py for tasks to queue
[2024-08-13T04:57:58.275+0000] {logging_mixin.py:188} INFO - [2024-08-13T04:57:58.274+0000] {dagbag.py:545} INFO - Filling up the DagBag from /home/airflow/.local/lib/python3.12/site-packages/airflow/example_dags/example_short_circuit_operator.py
[2024-08-13T04:57:58.284+0000] {processor.py:840} INFO - DAG(s) 'example_short_circuit_operator' retrieved from /home/airflow/.local/lib/python3.12/site-packages/airflow/example_dags/example_short_circuit_operator.py
[2024-08-13T04:57:58.318+0000] {logging_mixin.py:188} INFO - [2024-08-13T04:57:58.318+0000] {dag.py:3089} INFO - Sync 1 DAGs
[2024-08-13T04:57:58.354+0000] {logging_mixin.py:188} INFO - [2024-08-13T04:57:58.353+0000] {dag.py:3947} INFO - Setting next_dagrun for example_short_circuit_operator to 2024-08-12 00:00:00+00:00, run_after=2024-08-13 00:00:00+00:00
[2024-08-13T04:57:58.536+0000] {processor.py:183} INFO - Processing /home/airflow/.local/lib/python3.12/site-packages/airflow/example_dags/example_short_circuit_operator.py took 0.278 seconds
[2024-08-13T04:58:28.762+0000] {processor.py:161} INFO - Started process (PID=1918) to work on /home/airflow/.local/lib/python3.12/site-packages/airflow/example_dags/example_short_circuit_operator.py
[2024-08-13T04:58:28.763+0000] {processor.py:830} INFO - Processing file /home/airflow/.local/lib/python3.12/site-packages/airflow/example_dags/example_short_circuit_operator.py for tasks to queue
[2024-08-13T04:58:28.766+0000] {logging_mixin.py:188} INFO - [2024-08-13T04:58:28.766+0000] {dagbag.py:545} INFO - Filling up the DagBag from /home/airflow/.local/lib/python3.12/site-packages/airflow/example_dags/example_short_circuit_operator.py
[2024-08-13T04:58:28.776+0000] {processor.py:840} INFO - DAG(s) 'example_short_circuit_operator' retrieved from /home/airflow/.local/lib/python3.12/site-packages/airflow/example_dags/example_short_circuit_operator.py
[2024-08-13T04:58:28.809+0000] {logging_mixin.py:188} INFO - [2024-08-13T04:58:28.809+0000] {dag.py:3089} INFO - Sync 1 DAGs
[2024-08-13T04:58:28.842+0000] {logging_mixin.py:188} INFO - [2024-08-13T04:58:28.841+0000] {dag.py:3947} INFO - Setting next_dagrun for example_short_circuit_operator to 2024-08-12 00:00:00+00:00, run_after=2024-08-13 00:00:00+00:00
[2024-08-13T04:58:28.900+0000] {processor.py:183} INFO - Processing /home/airflow/.local/lib/python3.12/site-packages/airflow/example_dags/example_short_circuit_operator.py took 0.145 seconds
[2024-08-13T04:58:59.023+0000] {processor.py:161} INFO - Started process (PID=1975) to work on /home/airflow/.local/lib/python3.12/site-packages/airflow/example_dags/example_short_circuit_operator.py
[2024-08-13T04:58:59.025+0000] {processor.py:830} INFO - Processing file /home/airflow/.local/lib/python3.12/site-packages/airflow/example_dags/example_short_circuit_operator.py for tasks to queue
[2024-08-13T04:58:59.027+0000] {logging_mixin.py:188} INFO - [2024-08-13T04:58:59.027+0000] {dagbag.py:545} INFO - Filling up the DagBag from /home/airflow/.local/lib/python3.12/site-packages/airflow/example_dags/example_short_circuit_operator.py
[2024-08-13T04:58:59.037+0000] {processor.py:840} INFO - DAG(s) 'example_short_circuit_operator' retrieved from /home/airflow/.local/lib/python3.12/site-packages/airflow/example_dags/example_short_circuit_operator.py
[2024-08-13T04:58:59.073+0000] {logging_mixin.py:188} INFO - [2024-08-13T04:58:59.073+0000] {dag.py:3089} INFO - Sync 1 DAGs
[2024-08-13T04:58:59.098+0000] {logging_mixin.py:188} INFO - [2024-08-13T04:58:59.098+0000] {dag.py:3947} INFO - Setting next_dagrun for example_short_circuit_operator to 2024-08-12 00:00:00+00:00, run_after=2024-08-13 00:00:00+00:00
[2024-08-13T04:58:59.222+0000] {processor.py:183} INFO - Processing /home/airflow/.local/lib/python3.12/site-packages/airflow/example_dags/example_short_circuit_operator.py took 0.206 seconds
[2024-08-13T04:59:29.934+0000] {processor.py:161} INFO - Started process (PID=2034) to work on /home/airflow/.local/lib/python3.12/site-packages/airflow/example_dags/example_short_circuit_operator.py
[2024-08-13T04:59:29.935+0000] {processor.py:830} INFO - Processing file /home/airflow/.local/lib/python3.12/site-packages/airflow/example_dags/example_short_circuit_operator.py for tasks to queue
[2024-08-13T04:59:29.939+0000] {logging_mixin.py:188} INFO - [2024-08-13T04:59:29.938+0000] {dagbag.py:545} INFO - Filling up the DagBag from /home/airflow/.local/lib/python3.12/site-packages/airflow/example_dags/example_short_circuit_operator.py
[2024-08-13T04:59:29.948+0000] {processor.py:840} INFO - DAG(s) 'example_short_circuit_operator' retrieved from /home/airflow/.local/lib/python3.12/site-packages/airflow/example_dags/example_short_circuit_operator.py
[2024-08-13T04:59:29.992+0000] {logging_mixin.py:188} INFO - [2024-08-13T04:59:29.991+0000] {dag.py:3089} INFO - Sync 1 DAGs
[2024-08-13T04:59:30.015+0000] {logging_mixin.py:188} INFO - [2024-08-13T04:59:30.015+0000] {dag.py:3947} INFO - Setting next_dagrun for example_short_circuit_operator to 2024-08-12 00:00:00+00:00, run_after=2024-08-13 00:00:00+00:00
[2024-08-13T04:59:30.123+0000] {processor.py:183} INFO - Processing /home/airflow/.local/lib/python3.12/site-packages/airflow/example_dags/example_short_circuit_operator.py took 0.197 seconds
[2024-08-13T05:00:00.530+0000] {processor.py:161} INFO - Started process (PID=2091) to work on /home/airflow/.local/lib/python3.12/site-packages/airflow/example_dags/example_short_circuit_operator.py
[2024-08-13T05:00:00.531+0000] {processor.py:830} INFO - Processing file /home/airflow/.local/lib/python3.12/site-packages/airflow/example_dags/example_short_circuit_operator.py for tasks to queue
[2024-08-13T05:00:00.534+0000] {logging_mixin.py:188} INFO - [2024-08-13T05:00:00.534+0000] {dagbag.py:545} INFO - Filling up the DagBag from /home/airflow/.local/lib/python3.12/site-packages/airflow/example_dags/example_short_circuit_operator.py
[2024-08-13T05:00:00.543+0000] {processor.py:840} INFO - DAG(s) 'example_short_circuit_operator' retrieved from /home/airflow/.local/lib/python3.12/site-packages/airflow/example_dags/example_short_circuit_operator.py
[2024-08-13T05:00:00.610+0000] {logging_mixin.py:188} INFO - [2024-08-13T05:00:00.610+0000] {dag.py:3089} INFO - Sync 1 DAGs
[2024-08-13T05:00:00.648+0000] {logging_mixin.py:188} INFO - [2024-08-13T05:00:00.647+0000] {dag.py:3947} INFO - Setting next_dagrun for example_short_circuit_operator to 2024-08-12 00:00:00+00:00, run_after=2024-08-13 00:00:00+00:00
[2024-08-13T05:00:00.750+0000] {processor.py:183} INFO - Processing /home/airflow/.local/lib/python3.12/site-packages/airflow/example_dags/example_short_circuit_operator.py took 0.227 seconds
[2024-08-13T05:00:31.367+0000] {processor.py:161} INFO - Started process (PID=2149) to work on /home/airflow/.local/lib/python3.12/site-packages/airflow/example_dags/example_short_circuit_operator.py
[2024-08-13T05:00:31.372+0000] {processor.py:830} INFO - Processing file /home/airflow/.local/lib/python3.12/site-packages/airflow/example_dags/example_short_circuit_operator.py for tasks to queue
[2024-08-13T05:00:31.378+0000] {logging_mixin.py:188} INFO - [2024-08-13T05:00:31.378+0000] {dagbag.py:545} INFO - Filling up the DagBag from /home/airflow/.local/lib/python3.12/site-packages/airflow/example_dags/example_short_circuit_operator.py
[2024-08-13T05:00:31.400+0000] {processor.py:840} INFO - DAG(s) 'example_short_circuit_operator' retrieved from /home/airflow/.local/lib/python3.12/site-packages/airflow/example_dags/example_short_circuit_operator.py
[2024-08-13T05:00:31.469+0000] {logging_mixin.py:188} INFO - [2024-08-13T05:00:31.468+0000] {dag.py:3089} INFO - Sync 1 DAGs
[2024-08-13T05:00:31.527+0000] {logging_mixin.py:188} INFO - [2024-08-13T05:00:31.527+0000] {dag.py:3947} INFO - Setting next_dagrun for example_short_circuit_operator to 2024-08-12 00:00:00+00:00, run_after=2024-08-13 00:00:00+00:00
[2024-08-13T05:00:31.633+0000] {processor.py:183} INFO - Processing /home/airflow/.local/lib/python3.12/site-packages/airflow/example_dags/example_short_circuit_operator.py took 0.274 seconds
[2024-08-13T05:01:02.490+0000] {processor.py:161} INFO - Started process (PID=2207) to work on /home/airflow/.local/lib/python3.12/site-packages/airflow/example_dags/example_short_circuit_operator.py
[2024-08-13T05:01:02.501+0000] {processor.py:830} INFO - Processing file /home/airflow/.local/lib/python3.12/site-packages/airflow/example_dags/example_short_circuit_operator.py for tasks to queue
[2024-08-13T05:01:02.504+0000] {logging_mixin.py:188} INFO - [2024-08-13T05:01:02.504+0000] {dagbag.py:545} INFO - Filling up the DagBag from /home/airflow/.local/lib/python3.12/site-packages/airflow/example_dags/example_short_circuit_operator.py
[2024-08-13T05:01:02.526+0000] {processor.py:840} INFO - DAG(s) 'example_short_circuit_operator' retrieved from /home/airflow/.local/lib/python3.12/site-packages/airflow/example_dags/example_short_circuit_operator.py
[2024-08-13T05:01:02.566+0000] {logging_mixin.py:188} INFO - [2024-08-13T05:01:02.565+0000] {dag.py:3089} INFO - Sync 1 DAGs
[2024-08-13T05:01:02.609+0000] {logging_mixin.py:188} INFO - [2024-08-13T05:01:02.609+0000] {dag.py:3947} INFO - Setting next_dagrun for example_short_circuit_operator to 2024-08-12 00:00:00+00:00, run_after=2024-08-13 00:00:00+00:00
[2024-08-13T05:01:02.743+0000] {processor.py:183} INFO - Processing /home/airflow/.local/lib/python3.12/site-packages/airflow/example_dags/example_short_circuit_operator.py took 0.261 seconds
[2024-08-13T05:01:33.197+0000] {processor.py:161} INFO - Started process (PID=2266) to work on /home/airflow/.local/lib/python3.12/site-packages/airflow/example_dags/example_short_circuit_operator.py
[2024-08-13T05:01:33.199+0000] {processor.py:830} INFO - Processing file /home/airflow/.local/lib/python3.12/site-packages/airflow/example_dags/example_short_circuit_operator.py for tasks to queue
[2024-08-13T05:01:33.201+0000] {logging_mixin.py:188} INFO - [2024-08-13T05:01:33.200+0000] {dagbag.py:545} INFO - Filling up the DagBag from /home/airflow/.local/lib/python3.12/site-packages/airflow/example_dags/example_short_circuit_operator.py
[2024-08-13T05:01:33.211+0000] {processor.py:840} INFO - DAG(s) 'example_short_circuit_operator' retrieved from /home/airflow/.local/lib/python3.12/site-packages/airflow/example_dags/example_short_circuit_operator.py
[2024-08-13T05:01:33.242+0000] {logging_mixin.py:188} INFO - [2024-08-13T05:01:33.242+0000] {dag.py:3089} INFO - Sync 1 DAGs
[2024-08-13T05:01:33.343+0000] {logging_mixin.py:188} INFO - [2024-08-13T05:01:33.343+0000] {dag.py:3947} INFO - Setting next_dagrun for example_short_circuit_operator to 2024-08-12 00:00:00+00:00, run_after=2024-08-13 00:00:00+00:00
[2024-08-13T05:01:33.454+0000] {processor.py:183} INFO - Processing /home/airflow/.local/lib/python3.12/site-packages/airflow/example_dags/example_short_circuit_operator.py took 0.265 seconds
[2024-08-13T05:02:03.590+0000] {processor.py:161} INFO - Started process (PID=2325) to work on /home/airflow/.local/lib/python3.12/site-packages/airflow/example_dags/example_short_circuit_operator.py
[2024-08-13T05:02:03.591+0000] {processor.py:830} INFO - Processing file /home/airflow/.local/lib/python3.12/site-packages/airflow/example_dags/example_short_circuit_operator.py for tasks to queue
[2024-08-13T05:02:03.593+0000] {logging_mixin.py:188} INFO - [2024-08-13T05:02:03.593+0000] {dagbag.py:545} INFO - Filling up the DagBag from /home/airflow/.local/lib/python3.12/site-packages/airflow/example_dags/example_short_circuit_operator.py
[2024-08-13T05:02:03.599+0000] {processor.py:840} INFO - DAG(s) 'example_short_circuit_operator' retrieved from /home/airflow/.local/lib/python3.12/site-packages/airflow/example_dags/example_short_circuit_operator.py
[2024-08-13T05:02:03.626+0000] {logging_mixin.py:188} INFO - [2024-08-13T05:02:03.625+0000] {dag.py:3089} INFO - Sync 1 DAGs
[2024-08-13T05:02:03.662+0000] {logging_mixin.py:188} INFO - [2024-08-13T05:02:03.662+0000] {dag.py:3947} INFO - Setting next_dagrun for example_short_circuit_operator to 2024-08-12 00:00:00+00:00, run_after=2024-08-13 00:00:00+00:00
[2024-08-13T05:02:03.733+0000] {processor.py:183} INFO - Processing /home/airflow/.local/lib/python3.12/site-packages/airflow/example_dags/example_short_circuit_operator.py took 0.148 seconds
[2024-08-13T05:02:33.947+0000] {processor.py:161} INFO - Started process (PID=2384) to work on /home/airflow/.local/lib/python3.12/site-packages/airflow/example_dags/example_short_circuit_operator.py
[2024-08-13T05:02:33.948+0000] {processor.py:830} INFO - Processing file /home/airflow/.local/lib/python3.12/site-packages/airflow/example_dags/example_short_circuit_operator.py for tasks to queue
[2024-08-13T05:02:33.951+0000] {logging_mixin.py:188} INFO - [2024-08-13T05:02:33.950+0000] {dagbag.py:545} INFO - Filling up the DagBag from /home/airflow/.local/lib/python3.12/site-packages/airflow/example_dags/example_short_circuit_operator.py
[2024-08-13T05:02:33.962+0000] {processor.py:840} INFO - DAG(s) 'example_short_circuit_operator' retrieved from /home/airflow/.local/lib/python3.12/site-packages/airflow/example_dags/example_short_circuit_operator.py
[2024-08-13T05:02:34.012+0000] {logging_mixin.py:188} INFO - [2024-08-13T05:02:34.012+0000] {dag.py:3089} INFO - Sync 1 DAGs
[2024-08-13T05:02:34.041+0000] {logging_mixin.py:188} INFO - [2024-08-13T05:02:34.041+0000] {dag.py:3947} INFO - Setting next_dagrun for example_short_circuit_operator to 2024-08-12 00:00:00+00:00, run_after=2024-08-13 00:00:00+00:00
[2024-08-13T05:02:34.100+0000] {processor.py:183} INFO - Processing /home/airflow/.local/lib/python3.12/site-packages/airflow/example_dags/example_short_circuit_operator.py took 0.160 seconds
[2024-08-13T05:03:04.600+0000] {processor.py:161} INFO - Started process (PID=2442) to work on /home/airflow/.local/lib/python3.12/site-packages/airflow/example_dags/example_short_circuit_operator.py
[2024-08-13T05:03:04.601+0000] {processor.py:830} INFO - Processing file /home/airflow/.local/lib/python3.12/site-packages/airflow/example_dags/example_short_circuit_operator.py for tasks to queue
[2024-08-13T05:03:04.603+0000] {logging_mixin.py:188} INFO - [2024-08-13T05:03:04.603+0000] {dagbag.py:545} INFO - Filling up the DagBag from /home/airflow/.local/lib/python3.12/site-packages/airflow/example_dags/example_short_circuit_operator.py
[2024-08-13T05:03:04.612+0000] {processor.py:840} INFO - DAG(s) 'example_short_circuit_operator' retrieved from /home/airflow/.local/lib/python3.12/site-packages/airflow/example_dags/example_short_circuit_operator.py
[2024-08-13T05:03:04.642+0000] {logging_mixin.py:188} INFO - [2024-08-13T05:03:04.641+0000] {dag.py:3089} INFO - Sync 1 DAGs
[2024-08-13T05:03:04.668+0000] {logging_mixin.py:188} INFO - [2024-08-13T05:03:04.668+0000] {dag.py:3947} INFO - Setting next_dagrun for example_short_circuit_operator to 2024-08-12 00:00:00+00:00, run_after=2024-08-13 00:00:00+00:00
[2024-08-13T05:03:04.859+0000] {processor.py:183} INFO - Processing /home/airflow/.local/lib/python3.12/site-packages/airflow/example_dags/example_short_circuit_operator.py took 0.267 seconds
