[2024-08-13T04:41:36.020+0000] {processor.py:161} INFO - Started process (PID=69) to work on /home/airflow/.local/lib/python3.12/site-packages/airflow/example_dags/example_subdag_operator.py
[2024-08-13T04:41:36.050+0000] {processor.py:830} INFO - Processing file /home/airflow/.local/lib/python3.12/site-packages/airflow/example_dags/example_subdag_operator.py for tasks to queue
[2024-08-13T04:41:36.068+0000] {logging_mixin.py:188} INFO - [2024-08-13T04:41:36.068+0000] {dagbag.py:545} INFO - Filling up the DagBag from /home/airflow/.local/lib/python3.12/site-packages/airflow/example_dags/example_subdag_operator.py
[2024-08-13T04:41:36.751+0000] {processor.py:840} INFO - DAG(s) 'example_subdag_operator.section-1', 'example_subdag_operator.section-2', 'example_subdag_operator' retrieved from /home/airflow/.local/lib/python3.12/site-packages/airflow/example_dags/example_subdag_operator.py
[2024-08-13T04:41:38.713+0000] {logging_mixin.py:188} INFO - [2024-08-13T04:41:38.685+0000] {dag.py:3089} INFO - Sync 3 DAGs
[2024-08-13T04:41:39.087+0000] {logging_mixin.py:188} INFO - [2024-08-13T04:41:39.087+0000] {dag.py:3947} INFO - Setting next_dagrun for example_subdag_operator to 2022-01-01 00:00:00+00:00, run_after=2022-01-01 00:00:00+00:00
[2024-08-13T04:41:39.134+0000] {logging_mixin.py:188} INFO - [2024-08-13T04:41:39.133+0000] {dag.py:3947} INFO - Setting next_dagrun for example_subdag_operator.section-1 to None, run_after=None
[2024-08-13T04:41:39.215+0000] {logging_mixin.py:188} INFO - [2024-08-13T04:41:39.214+0000] {dag.py:3947} INFO - Setting next_dagrun for example_subdag_operator.section-2 to None, run_after=None
[2024-08-13T04:41:39.371+0000] {logging_mixin.py:188} INFO - [2024-08-13T04:41:39.371+0000] {dag.py:3089} INFO - Sync 2 DAGs
[2024-08-13T04:41:39.815+0000] {logging_mixin.py:188} INFO - [2024-08-13T04:41:39.815+0000] {dag.py:3947} INFO - Setting next_dagrun for example_subdag_operator.section-1 to None, run_after=None
[2024-08-13T04:41:39.867+0000] {logging_mixin.py:188} INFO - [2024-08-13T04:41:39.866+0000] {dag.py:3947} INFO - Setting next_dagrun for example_subdag_operator.section-2 to None, run_after=None
[2024-08-13T04:41:40.295+0000] {processor.py:183} INFO - Processing /home/airflow/.local/lib/python3.12/site-packages/airflow/example_dags/example_subdag_operator.py took 4.309 seconds
[2024-08-13T04:42:29.940+0000] {processor.py:161} INFO - Started process (PID=131) to work on /home/airflow/.local/lib/python3.12/site-packages/airflow/example_dags/example_subdag_operator.py
[2024-08-13T04:42:29.962+0000] {processor.py:830} INFO - Processing file /home/airflow/.local/lib/python3.12/site-packages/airflow/example_dags/example_subdag_operator.py for tasks to queue
[2024-08-13T04:42:29.974+0000] {logging_mixin.py:188} INFO - [2024-08-13T04:42:29.973+0000] {dagbag.py:545} INFO - Filling up the DagBag from /home/airflow/.local/lib/python3.12/site-packages/airflow/example_dags/example_subdag_operator.py
[2024-08-13T04:42:30.065+0000] {processor.py:840} INFO - DAG(s) 'example_subdag_operator.section-1', 'example_subdag_operator.section-2', 'example_subdag_operator' retrieved from /home/airflow/.local/lib/python3.12/site-packages/airflow/example_dags/example_subdag_operator.py
[2024-08-13T04:42:30.163+0000] {logging_mixin.py:188} INFO - [2024-08-13T04:42:30.162+0000] {dag.py:3089} INFO - Sync 3 DAGs
[2024-08-13T04:42:30.316+0000] {logging_mixin.py:188} INFO - [2024-08-13T04:42:30.316+0000] {dag.py:3947} INFO - Setting next_dagrun for example_subdag_operator to 2022-01-01 00:00:00+00:00, run_after=2022-01-01 00:00:00+00:00
[2024-08-13T04:42:30.400+0000] {logging_mixin.py:188} INFO - [2024-08-13T04:42:30.400+0000] {dag.py:3947} INFO - Setting next_dagrun for example_subdag_operator.section-1 to None, run_after=None
[2024-08-13T04:42:30.441+0000] {logging_mixin.py:188} INFO - [2024-08-13T04:42:30.440+0000] {dag.py:3947} INFO - Setting next_dagrun for example_subdag_operator.section-2 to None, run_after=None
[2024-08-13T04:42:30.463+0000] {logging_mixin.py:188} INFO - [2024-08-13T04:42:30.462+0000] {dag.py:3089} INFO - Sync 2 DAGs
[2024-08-13T04:42:30.478+0000] {logging_mixin.py:188} INFO - [2024-08-13T04:42:30.478+0000] {dag.py:3947} INFO - Setting next_dagrun for example_subdag_operator.section-1 to None, run_after=None
[2024-08-13T04:42:30.480+0000] {logging_mixin.py:188} INFO - [2024-08-13T04:42:30.479+0000] {dag.py:3947} INFO - Setting next_dagrun for example_subdag_operator.section-2 to None, run_after=None
[2024-08-13T04:42:30.555+0000] {processor.py:183} INFO - Processing /home/airflow/.local/lib/python3.12/site-packages/airflow/example_dags/example_subdag_operator.py took 0.623 seconds
[2024-08-13T04:43:01.824+0000] {processor.py:161} INFO - Started process (PID=187) to work on /home/airflow/.local/lib/python3.12/site-packages/airflow/example_dags/example_subdag_operator.py
[2024-08-13T04:43:01.903+0000] {processor.py:830} INFO - Processing file /home/airflow/.local/lib/python3.12/site-packages/airflow/example_dags/example_subdag_operator.py for tasks to queue
[2024-08-13T04:43:01.913+0000] {logging_mixin.py:188} INFO - [2024-08-13T04:43:01.912+0000] {dagbag.py:545} INFO - Filling up the DagBag from /home/airflow/.local/lib/python3.12/site-packages/airflow/example_dags/example_subdag_operator.py
[2024-08-13T04:43:02.138+0000] {processor.py:840} INFO - DAG(s) 'example_subdag_operator.section-1', 'example_subdag_operator.section-2', 'example_subdag_operator' retrieved from /home/airflow/.local/lib/python3.12/site-packages/airflow/example_dags/example_subdag_operator.py
[2024-08-13T04:43:02.347+0000] {logging_mixin.py:188} INFO - [2024-08-13T04:43:02.347+0000] {dag.py:3089} INFO - Sync 3 DAGs
[2024-08-13T04:43:02.451+0000] {logging_mixin.py:188} INFO - [2024-08-13T04:43:02.448+0000] {dag.py:3947} INFO - Setting next_dagrun for example_subdag_operator to 2022-01-01 00:00:00+00:00, run_after=2022-01-01 00:00:00+00:00
[2024-08-13T04:43:02.467+0000] {logging_mixin.py:188} INFO - [2024-08-13T04:43:02.466+0000] {dag.py:3947} INFO - Setting next_dagrun for example_subdag_operator.section-1 to None, run_after=None
[2024-08-13T04:43:02.469+0000] {logging_mixin.py:188} INFO - [2024-08-13T04:43:02.469+0000] {dag.py:3947} INFO - Setting next_dagrun for example_subdag_operator.section-2 to None, run_after=None
[2024-08-13T04:43:02.503+0000] {logging_mixin.py:188} INFO - [2024-08-13T04:43:02.502+0000] {dag.py:3089} INFO - Sync 2 DAGs
[2024-08-13T04:43:02.671+0000] {logging_mixin.py:188} INFO - [2024-08-13T04:43:02.671+0000] {dag.py:3947} INFO - Setting next_dagrun for example_subdag_operator.section-1 to None, run_after=None
[2024-08-13T04:43:02.711+0000] {logging_mixin.py:188} INFO - [2024-08-13T04:43:02.710+0000] {dag.py:3947} INFO - Setting next_dagrun for example_subdag_operator.section-2 to None, run_after=None
[2024-08-13T04:43:02.892+0000] {processor.py:183} INFO - Processing /home/airflow/.local/lib/python3.12/site-packages/airflow/example_dags/example_subdag_operator.py took 1.092 seconds
[2024-08-13T04:43:37.181+0000] {processor.py:161} INFO - Started process (PID=245) to work on /home/airflow/.local/lib/python3.12/site-packages/airflow/example_dags/example_subdag_operator.py
[2024-08-13T04:43:37.183+0000] {processor.py:830} INFO - Processing file /home/airflow/.local/lib/python3.12/site-packages/airflow/example_dags/example_subdag_operator.py for tasks to queue
[2024-08-13T04:43:37.186+0000] {logging_mixin.py:188} INFO - [2024-08-13T04:43:37.186+0000] {dagbag.py:545} INFO - Filling up the DagBag from /home/airflow/.local/lib/python3.12/site-packages/airflow/example_dags/example_subdag_operator.py
[2024-08-13T04:43:37.241+0000] {processor.py:840} INFO - DAG(s) 'example_subdag_operator.section-1', 'example_subdag_operator.section-2', 'example_subdag_operator' retrieved from /home/airflow/.local/lib/python3.12/site-packages/airflow/example_dags/example_subdag_operator.py
[2024-08-13T04:43:37.285+0000] {logging_mixin.py:188} INFO - [2024-08-13T04:43:37.284+0000] {dag.py:3089} INFO - Sync 3 DAGs
[2024-08-13T04:43:37.319+0000] {logging_mixin.py:188} INFO - [2024-08-13T04:43:37.318+0000] {dag.py:3947} INFO - Setting next_dagrun for example_subdag_operator to 2022-01-01 00:00:00+00:00, run_after=2022-01-01 00:00:00+00:00
[2024-08-13T04:43:37.325+0000] {logging_mixin.py:188} INFO - [2024-08-13T04:43:37.324+0000] {dag.py:3947} INFO - Setting next_dagrun for example_subdag_operator.section-1 to None, run_after=None
[2024-08-13T04:43:37.329+0000] {logging_mixin.py:188} INFO - [2024-08-13T04:43:37.329+0000] {dag.py:3947} INFO - Setting next_dagrun for example_subdag_operator.section-2 to None, run_after=None
[2024-08-13T04:43:37.365+0000] {logging_mixin.py:188} INFO - [2024-08-13T04:43:37.365+0000] {dag.py:3089} INFO - Sync 2 DAGs
[2024-08-13T04:43:37.396+0000] {logging_mixin.py:188} INFO - [2024-08-13T04:43:37.395+0000] {dag.py:3947} INFO - Setting next_dagrun for example_subdag_operator.section-1 to None, run_after=None
[2024-08-13T04:43:37.398+0000] {logging_mixin.py:188} INFO - [2024-08-13T04:43:37.398+0000] {dag.py:3947} INFO - Setting next_dagrun for example_subdag_operator.section-2 to None, run_after=None
[2024-08-13T04:43:37.592+0000] {processor.py:183} INFO - Processing /home/airflow/.local/lib/python3.12/site-packages/airflow/example_dags/example_subdag_operator.py took 0.419 seconds
[2024-08-13T04:44:08.720+0000] {processor.py:161} INFO - Started process (PID=303) to work on /home/airflow/.local/lib/python3.12/site-packages/airflow/example_dags/example_subdag_operator.py
[2024-08-13T04:44:08.724+0000] {processor.py:830} INFO - Processing file /home/airflow/.local/lib/python3.12/site-packages/airflow/example_dags/example_subdag_operator.py for tasks to queue
[2024-08-13T04:44:08.729+0000] {logging_mixin.py:188} INFO - [2024-08-13T04:44:08.729+0000] {dagbag.py:545} INFO - Filling up the DagBag from /home/airflow/.local/lib/python3.12/site-packages/airflow/example_dags/example_subdag_operator.py
[2024-08-13T04:44:09.034+0000] {processor.py:840} INFO - DAG(s) 'example_subdag_operator.section-1', 'example_subdag_operator.section-2', 'example_subdag_operator' retrieved from /home/airflow/.local/lib/python3.12/site-packages/airflow/example_dags/example_subdag_operator.py
[2024-08-13T04:44:09.105+0000] {logging_mixin.py:188} INFO - [2024-08-13T04:44:09.105+0000] {dag.py:3089} INFO - Sync 3 DAGs
[2024-08-13T04:44:09.213+0000] {logging_mixin.py:188} INFO - [2024-08-13T04:44:09.212+0000] {dag.py:3947} INFO - Setting next_dagrun for example_subdag_operator to 2022-01-01 00:00:00+00:00, run_after=2022-01-01 00:00:00+00:00
[2024-08-13T04:44:09.234+0000] {logging_mixin.py:188} INFO - [2024-08-13T04:44:09.234+0000] {dag.py:3947} INFO - Setting next_dagrun for example_subdag_operator.section-1 to None, run_after=None
[2024-08-13T04:44:09.239+0000] {logging_mixin.py:188} INFO - [2024-08-13T04:44:09.239+0000] {dag.py:3947} INFO - Setting next_dagrun for example_subdag_operator.section-2 to None, run_after=None
[2024-08-13T04:44:09.260+0000] {logging_mixin.py:188} INFO - [2024-08-13T04:44:09.260+0000] {dag.py:3089} INFO - Sync 2 DAGs
[2024-08-13T04:44:09.279+0000] {logging_mixin.py:188} INFO - [2024-08-13T04:44:09.279+0000] {dag.py:3947} INFO - Setting next_dagrun for example_subdag_operator.section-1 to None, run_after=None
[2024-08-13T04:44:09.280+0000] {logging_mixin.py:188} INFO - [2024-08-13T04:44:09.280+0000] {dag.py:3947} INFO - Setting next_dagrun for example_subdag_operator.section-2 to None, run_after=None
[2024-08-13T04:44:09.379+0000] {processor.py:183} INFO - Processing /home/airflow/.local/lib/python3.12/site-packages/airflow/example_dags/example_subdag_operator.py took 0.677 seconds
[2024-08-13T04:44:39.851+0000] {processor.py:161} INFO - Started process (PID=361) to work on /home/airflow/.local/lib/python3.12/site-packages/airflow/example_dags/example_subdag_operator.py
[2024-08-13T04:44:39.852+0000] {processor.py:830} INFO - Processing file /home/airflow/.local/lib/python3.12/site-packages/airflow/example_dags/example_subdag_operator.py for tasks to queue
[2024-08-13T04:44:39.854+0000] {logging_mixin.py:188} INFO - [2024-08-13T04:44:39.854+0000] {dagbag.py:545} INFO - Filling up the DagBag from /home/airflow/.local/lib/python3.12/site-packages/airflow/example_dags/example_subdag_operator.py
[2024-08-13T04:44:39.875+0000] {processor.py:840} INFO - DAG(s) 'example_subdag_operator.section-1', 'example_subdag_operator.section-2', 'example_subdag_operator' retrieved from /home/airflow/.local/lib/python3.12/site-packages/airflow/example_dags/example_subdag_operator.py
[2024-08-13T04:44:39.891+0000] {logging_mixin.py:188} INFO - [2024-08-13T04:44:39.890+0000] {dag.py:3089} INFO - Sync 3 DAGs
[2024-08-13T04:44:39.913+0000] {logging_mixin.py:188} INFO - [2024-08-13T04:44:39.913+0000] {dag.py:3947} INFO - Setting next_dagrun for example_subdag_operator to 2022-01-01 00:00:00+00:00, run_after=2022-01-01 00:00:00+00:00
[2024-08-13T04:44:39.918+0000] {logging_mixin.py:188} INFO - [2024-08-13T04:44:39.918+0000] {dag.py:3947} INFO - Setting next_dagrun for example_subdag_operator.section-1 to None, run_after=None
[2024-08-13T04:44:39.920+0000] {logging_mixin.py:188} INFO - [2024-08-13T04:44:39.920+0000] {dag.py:3947} INFO - Setting next_dagrun for example_subdag_operator.section-2 to None, run_after=None
[2024-08-13T04:44:39.928+0000] {logging_mixin.py:188} INFO - [2024-08-13T04:44:39.928+0000] {dag.py:3089} INFO - Sync 2 DAGs
[2024-08-13T04:44:39.933+0000] {logging_mixin.py:188} INFO - [2024-08-13T04:44:39.933+0000] {dag.py:3947} INFO - Setting next_dagrun for example_subdag_operator.section-1 to None, run_after=None
[2024-08-13T04:44:39.934+0000] {logging_mixin.py:188} INFO - [2024-08-13T04:44:39.934+0000] {dag.py:3947} INFO - Setting next_dagrun for example_subdag_operator.section-2 to None, run_after=None
[2024-08-13T04:44:40.067+0000] {processor.py:183} INFO - Processing /home/airflow/.local/lib/python3.12/site-packages/airflow/example_dags/example_subdag_operator.py took 0.221 seconds
[2024-08-13T04:45:11.093+0000] {processor.py:161} INFO - Started process (PID=419) to work on /home/airflow/.local/lib/python3.12/site-packages/airflow/example_dags/example_subdag_operator.py
[2024-08-13T04:45:11.094+0000] {processor.py:830} INFO - Processing file /home/airflow/.local/lib/python3.12/site-packages/airflow/example_dags/example_subdag_operator.py for tasks to queue
[2024-08-13T04:45:11.096+0000] {logging_mixin.py:188} INFO - [2024-08-13T04:45:11.096+0000] {dagbag.py:545} INFO - Filling up the DagBag from /home/airflow/.local/lib/python3.12/site-packages/airflow/example_dags/example_subdag_operator.py
[2024-08-13T04:45:11.126+0000] {processor.py:840} INFO - DAG(s) 'example_subdag_operator.section-1', 'example_subdag_operator.section-2', 'example_subdag_operator' retrieved from /home/airflow/.local/lib/python3.12/site-packages/airflow/example_dags/example_subdag_operator.py
[2024-08-13T04:45:11.151+0000] {logging_mixin.py:188} INFO - [2024-08-13T04:45:11.150+0000] {dag.py:3089} INFO - Sync 3 DAGs
[2024-08-13T04:45:11.181+0000] {logging_mixin.py:188} INFO - [2024-08-13T04:45:11.181+0000] {dag.py:3947} INFO - Setting next_dagrun for example_subdag_operator to 2022-01-01 00:00:00+00:00, run_after=2022-01-01 00:00:00+00:00
[2024-08-13T04:45:11.185+0000] {logging_mixin.py:188} INFO - [2024-08-13T04:45:11.185+0000] {dag.py:3947} INFO - Setting next_dagrun for example_subdag_operator.section-1 to None, run_after=None
[2024-08-13T04:45:11.186+0000] {logging_mixin.py:188} INFO - [2024-08-13T04:45:11.186+0000] {dag.py:3947} INFO - Setting next_dagrun for example_subdag_operator.section-2 to None, run_after=None
[2024-08-13T04:45:11.193+0000] {logging_mixin.py:188} INFO - [2024-08-13T04:45:11.192+0000] {dag.py:3089} INFO - Sync 2 DAGs
[2024-08-13T04:45:11.197+0000] {logging_mixin.py:188} INFO - [2024-08-13T04:45:11.197+0000] {dag.py:3947} INFO - Setting next_dagrun for example_subdag_operator.section-1 to None, run_after=None
[2024-08-13T04:45:11.198+0000] {logging_mixin.py:188} INFO - [2024-08-13T04:45:11.197+0000] {dag.py:3947} INFO - Setting next_dagrun for example_subdag_operator.section-2 to None, run_after=None
[2024-08-13T04:45:11.239+0000] {processor.py:183} INFO - Processing /home/airflow/.local/lib/python3.12/site-packages/airflow/example_dags/example_subdag_operator.py took 0.162 seconds
[2024-08-13T04:45:42.065+0000] {processor.py:161} INFO - Started process (PID=476) to work on /home/airflow/.local/lib/python3.12/site-packages/airflow/example_dags/example_subdag_operator.py
[2024-08-13T04:45:42.069+0000] {processor.py:830} INFO - Processing file /home/airflow/.local/lib/python3.12/site-packages/airflow/example_dags/example_subdag_operator.py for tasks to queue
[2024-08-13T04:45:42.072+0000] {logging_mixin.py:188} INFO - [2024-08-13T04:45:42.071+0000] {dagbag.py:545} INFO - Filling up the DagBag from /home/airflow/.local/lib/python3.12/site-packages/airflow/example_dags/example_subdag_operator.py
[2024-08-13T04:45:42.108+0000] {processor.py:840} INFO - DAG(s) 'example_subdag_operator.section-1', 'example_subdag_operator.section-2', 'example_subdag_operator' retrieved from /home/airflow/.local/lib/python3.12/site-packages/airflow/example_dags/example_subdag_operator.py
[2024-08-13T04:45:42.147+0000] {logging_mixin.py:188} INFO - [2024-08-13T04:45:42.139+0000] {dag.py:3089} INFO - Sync 3 DAGs
[2024-08-13T04:45:42.174+0000] {logging_mixin.py:188} INFO - [2024-08-13T04:45:42.173+0000] {dag.py:3947} INFO - Setting next_dagrun for example_subdag_operator to 2022-01-01 00:00:00+00:00, run_after=2022-01-01 00:00:00+00:00
[2024-08-13T04:45:42.177+0000] {logging_mixin.py:188} INFO - [2024-08-13T04:45:42.177+0000] {dag.py:3947} INFO - Setting next_dagrun for example_subdag_operator.section-1 to None, run_after=None
[2024-08-13T04:45:42.178+0000] {logging_mixin.py:188} INFO - [2024-08-13T04:45:42.178+0000] {dag.py:3947} INFO - Setting next_dagrun for example_subdag_operator.section-2 to None, run_after=None
[2024-08-13T04:45:42.188+0000] {logging_mixin.py:188} INFO - [2024-08-13T04:45:42.187+0000] {dag.py:3089} INFO - Sync 2 DAGs
[2024-08-13T04:45:42.194+0000] {logging_mixin.py:188} INFO - [2024-08-13T04:45:42.193+0000] {dag.py:3947} INFO - Setting next_dagrun for example_subdag_operator.section-1 to None, run_after=None
[2024-08-13T04:45:42.194+0000] {logging_mixin.py:188} INFO - [2024-08-13T04:45:42.194+0000] {dag.py:3947} INFO - Setting next_dagrun for example_subdag_operator.section-2 to None, run_after=None
[2024-08-13T04:45:44.158+0000] {processor.py:183} INFO - Processing /home/airflow/.local/lib/python3.12/site-packages/airflow/example_dags/example_subdag_operator.py took 2.097 seconds
[2024-08-13T04:46:14.696+0000] {processor.py:161} INFO - Started process (PID=534) to work on /home/airflow/.local/lib/python3.12/site-packages/airflow/example_dags/example_subdag_operator.py
[2024-08-13T04:46:14.698+0000] {processor.py:830} INFO - Processing file /home/airflow/.local/lib/python3.12/site-packages/airflow/example_dags/example_subdag_operator.py for tasks to queue
[2024-08-13T04:46:14.701+0000] {logging_mixin.py:188} INFO - [2024-08-13T04:46:14.700+0000] {dagbag.py:545} INFO - Filling up the DagBag from /home/airflow/.local/lib/python3.12/site-packages/airflow/example_dags/example_subdag_operator.py
[2024-08-13T04:46:14.752+0000] {processor.py:840} INFO - DAG(s) 'example_subdag_operator.section-1', 'example_subdag_operator.section-2', 'example_subdag_operator' retrieved from /home/airflow/.local/lib/python3.12/site-packages/airflow/example_dags/example_subdag_operator.py
[2024-08-13T04:46:14.788+0000] {logging_mixin.py:188} INFO - [2024-08-13T04:46:14.788+0000] {dag.py:3089} INFO - Sync 3 DAGs
[2024-08-13T04:46:14.869+0000] {logging_mixin.py:188} INFO - [2024-08-13T04:46:14.869+0000] {dag.py:3947} INFO - Setting next_dagrun for example_subdag_operator to 2022-01-01 00:00:00+00:00, run_after=2022-01-01 00:00:00+00:00
[2024-08-13T04:46:14.875+0000] {logging_mixin.py:188} INFO - [2024-08-13T04:46:14.874+0000] {dag.py:3947} INFO - Setting next_dagrun for example_subdag_operator.section-1 to None, run_after=None
[2024-08-13T04:46:14.876+0000] {logging_mixin.py:188} INFO - [2024-08-13T04:46:14.876+0000] {dag.py:3947} INFO - Setting next_dagrun for example_subdag_operator.section-2 to None, run_after=None
[2024-08-13T04:46:14.887+0000] {logging_mixin.py:188} INFO - [2024-08-13T04:46:14.886+0000] {dag.py:3089} INFO - Sync 2 DAGs
[2024-08-13T04:46:14.893+0000] {logging_mixin.py:188} INFO - [2024-08-13T04:46:14.893+0000] {dag.py:3947} INFO - Setting next_dagrun for example_subdag_operator.section-1 to None, run_after=None
[2024-08-13T04:46:14.894+0000] {logging_mixin.py:188} INFO - [2024-08-13T04:46:14.893+0000] {dag.py:3947} INFO - Setting next_dagrun for example_subdag_operator.section-2 to None, run_after=None
[2024-08-13T04:46:15.001+0000] {processor.py:183} INFO - Processing /home/airflow/.local/lib/python3.12/site-packages/airflow/example_dags/example_subdag_operator.py took 0.315 seconds
[2024-08-13T04:46:45.354+0000] {processor.py:161} INFO - Started process (PID=592) to work on /home/airflow/.local/lib/python3.12/site-packages/airflow/example_dags/example_subdag_operator.py
[2024-08-13T04:46:45.355+0000] {processor.py:830} INFO - Processing file /home/airflow/.local/lib/python3.12/site-packages/airflow/example_dags/example_subdag_operator.py for tasks to queue
[2024-08-13T04:46:45.358+0000] {logging_mixin.py:188} INFO - [2024-08-13T04:46:45.357+0000] {dagbag.py:545} INFO - Filling up the DagBag from /home/airflow/.local/lib/python3.12/site-packages/airflow/example_dags/example_subdag_operator.py
[2024-08-13T04:46:45.387+0000] {processor.py:840} INFO - DAG(s) 'example_subdag_operator.section-1', 'example_subdag_operator.section-2', 'example_subdag_operator' retrieved from /home/airflow/.local/lib/python3.12/site-packages/airflow/example_dags/example_subdag_operator.py
[2024-08-13T04:46:45.409+0000] {logging_mixin.py:188} INFO - [2024-08-13T04:46:45.408+0000] {dag.py:3089} INFO - Sync 3 DAGs
[2024-08-13T04:46:45.438+0000] {logging_mixin.py:188} INFO - [2024-08-13T04:46:45.438+0000] {dag.py:3947} INFO - Setting next_dagrun for example_subdag_operator to 2022-01-01 00:00:00+00:00, run_after=2022-01-01 00:00:00+00:00
[2024-08-13T04:46:45.448+0000] {logging_mixin.py:188} INFO - [2024-08-13T04:46:45.448+0000] {dag.py:3947} INFO - Setting next_dagrun for example_subdag_operator.section-1 to None, run_after=None
[2024-08-13T04:46:45.452+0000] {logging_mixin.py:188} INFO - [2024-08-13T04:46:45.451+0000] {dag.py:3947} INFO - Setting next_dagrun for example_subdag_operator.section-2 to None, run_after=None
[2024-08-13T04:46:45.460+0000] {logging_mixin.py:188} INFO - [2024-08-13T04:46:45.459+0000] {dag.py:3089} INFO - Sync 2 DAGs
[2024-08-13T04:46:45.464+0000] {logging_mixin.py:188} INFO - [2024-08-13T04:46:45.464+0000] {dag.py:3947} INFO - Setting next_dagrun for example_subdag_operator.section-1 to None, run_after=None
[2024-08-13T04:46:45.465+0000] {logging_mixin.py:188} INFO - [2024-08-13T04:46:45.465+0000] {dag.py:3947} INFO - Setting next_dagrun for example_subdag_operator.section-2 to None, run_after=None
[2024-08-13T04:46:45.534+0000] {processor.py:183} INFO - Processing /home/airflow/.local/lib/python3.12/site-packages/airflow/example_dags/example_subdag_operator.py took 0.188 seconds
[2024-08-13T04:47:15.950+0000] {processor.py:161} INFO - Started process (PID=650) to work on /home/airflow/.local/lib/python3.12/site-packages/airflow/example_dags/example_subdag_operator.py
[2024-08-13T04:47:15.963+0000] {processor.py:830} INFO - Processing file /home/airflow/.local/lib/python3.12/site-packages/airflow/example_dags/example_subdag_operator.py for tasks to queue
[2024-08-13T04:47:15.971+0000] {logging_mixin.py:188} INFO - [2024-08-13T04:47:15.971+0000] {dagbag.py:545} INFO - Filling up the DagBag from /home/airflow/.local/lib/python3.12/site-packages/airflow/example_dags/example_subdag_operator.py
[2024-08-13T04:47:16.111+0000] {processor.py:840} INFO - DAG(s) 'example_subdag_operator.section-1', 'example_subdag_operator.section-2', 'example_subdag_operator' retrieved from /home/airflow/.local/lib/python3.12/site-packages/airflow/example_dags/example_subdag_operator.py
[2024-08-13T04:47:16.239+0000] {logging_mixin.py:188} INFO - [2024-08-13T04:47:16.239+0000] {dag.py:3089} INFO - Sync 3 DAGs
[2024-08-13T04:47:16.364+0000] {logging_mixin.py:188} INFO - [2024-08-13T04:47:16.364+0000] {dag.py:3947} INFO - Setting next_dagrun for example_subdag_operator to 2022-01-01 00:00:00+00:00, run_after=2022-01-01 00:00:00+00:00
[2024-08-13T04:47:16.626+0000] {logging_mixin.py:188} INFO - [2024-08-13T04:47:16.626+0000] {dag.py:3947} INFO - Setting next_dagrun for example_subdag_operator.section-1 to None, run_after=None
[2024-08-13T04:47:16.628+0000] {logging_mixin.py:188} INFO - [2024-08-13T04:47:16.627+0000] {dag.py:3947} INFO - Setting next_dagrun for example_subdag_operator.section-2 to None, run_after=None
[2024-08-13T04:47:16.651+0000] {logging_mixin.py:188} INFO - [2024-08-13T04:47:16.651+0000] {dag.py:3089} INFO - Sync 2 DAGs
[2024-08-13T04:47:16.682+0000] {logging_mixin.py:188} INFO - [2024-08-13T04:47:16.682+0000] {dag.py:3947} INFO - Setting next_dagrun for example_subdag_operator.section-1 to None, run_after=None
[2024-08-13T04:47:16.683+0000] {logging_mixin.py:188} INFO - [2024-08-13T04:47:16.683+0000] {dag.py:3947} INFO - Setting next_dagrun for example_subdag_operator.section-2 to None, run_after=None
[2024-08-13T04:47:16.844+0000] {processor.py:183} INFO - Processing /home/airflow/.local/lib/python3.12/site-packages/airflow/example_dags/example_subdag_operator.py took 0.937 seconds
[2024-08-13T04:47:46.941+0000] {processor.py:161} INFO - Started process (PID=708) to work on /home/airflow/.local/lib/python3.12/site-packages/airflow/example_dags/example_subdag_operator.py
[2024-08-13T04:47:46.944+0000] {processor.py:830} INFO - Processing file /home/airflow/.local/lib/python3.12/site-packages/airflow/example_dags/example_subdag_operator.py for tasks to queue
[2024-08-13T04:47:46.947+0000] {logging_mixin.py:188} INFO - [2024-08-13T04:47:46.946+0000] {dagbag.py:545} INFO - Filling up the DagBag from /home/airflow/.local/lib/python3.12/site-packages/airflow/example_dags/example_subdag_operator.py
[2024-08-13T04:47:46.975+0000] {processor.py:840} INFO - DAG(s) 'example_subdag_operator.section-1', 'example_subdag_operator.section-2', 'example_subdag_operator' retrieved from /home/airflow/.local/lib/python3.12/site-packages/airflow/example_dags/example_subdag_operator.py
[2024-08-13T04:47:46.997+0000] {logging_mixin.py:188} INFO - [2024-08-13T04:47:46.997+0000] {dag.py:3089} INFO - Sync 3 DAGs
[2024-08-13T04:47:47.027+0000] {logging_mixin.py:188} INFO - [2024-08-13T04:47:47.026+0000] {dag.py:3947} INFO - Setting next_dagrun for example_subdag_operator to 2022-01-01 00:00:00+00:00, run_after=2022-01-01 00:00:00+00:00
[2024-08-13T04:47:47.031+0000] {logging_mixin.py:188} INFO - [2024-08-13T04:47:47.031+0000] {dag.py:3947} INFO - Setting next_dagrun for example_subdag_operator.section-1 to None, run_after=None
[2024-08-13T04:47:47.033+0000] {logging_mixin.py:188} INFO - [2024-08-13T04:47:47.032+0000] {dag.py:3947} INFO - Setting next_dagrun for example_subdag_operator.section-2 to None, run_after=None
[2024-08-13T04:47:47.039+0000] {logging_mixin.py:188} INFO - [2024-08-13T04:47:47.039+0000] {dag.py:3089} INFO - Sync 2 DAGs
[2024-08-13T04:47:47.043+0000] {logging_mixin.py:188} INFO - [2024-08-13T04:47:47.043+0000] {dag.py:3947} INFO - Setting next_dagrun for example_subdag_operator.section-1 to None, run_after=None
[2024-08-13T04:47:47.044+0000] {logging_mixin.py:188} INFO - [2024-08-13T04:47:47.044+0000] {dag.py:3947} INFO - Setting next_dagrun for example_subdag_operator.section-2 to None, run_after=None
[2024-08-13T04:47:47.661+0000] {processor.py:183} INFO - Processing /home/airflow/.local/lib/python3.12/site-packages/airflow/example_dags/example_subdag_operator.py took 0.731 seconds
[2024-08-13T04:48:17.929+0000] {processor.py:161} INFO - Started process (PID=767) to work on /home/airflow/.local/lib/python3.12/site-packages/airflow/example_dags/example_subdag_operator.py
[2024-08-13T04:48:17.930+0000] {processor.py:830} INFO - Processing file /home/airflow/.local/lib/python3.12/site-packages/airflow/example_dags/example_subdag_operator.py for tasks to queue
[2024-08-13T04:48:17.933+0000] {logging_mixin.py:188} INFO - [2024-08-13T04:48:17.932+0000] {dagbag.py:545} INFO - Filling up the DagBag from /home/airflow/.local/lib/python3.12/site-packages/airflow/example_dags/example_subdag_operator.py
[2024-08-13T04:48:17.970+0000] {processor.py:840} INFO - DAG(s) 'example_subdag_operator.section-1', 'example_subdag_operator.section-2', 'example_subdag_operator' retrieved from /home/airflow/.local/lib/python3.12/site-packages/airflow/example_dags/example_subdag_operator.py
[2024-08-13T04:48:17.992+0000] {logging_mixin.py:188} INFO - [2024-08-13T04:48:17.992+0000] {dag.py:3089} INFO - Sync 3 DAGs
[2024-08-13T04:48:18.061+0000] {logging_mixin.py:188} INFO - [2024-08-13T04:48:18.061+0000] {dag.py:3947} INFO - Setting next_dagrun for example_subdag_operator to 2022-01-01 00:00:00+00:00, run_after=2022-01-01 00:00:00+00:00
[2024-08-13T04:48:18.076+0000] {logging_mixin.py:188} INFO - [2024-08-13T04:48:18.076+0000] {dag.py:3947} INFO - Setting next_dagrun for example_subdag_operator.section-1 to None, run_after=None
[2024-08-13T04:48:18.079+0000] {logging_mixin.py:188} INFO - [2024-08-13T04:48:18.079+0000] {dag.py:3947} INFO - Setting next_dagrun for example_subdag_operator.section-2 to None, run_after=None
[2024-08-13T04:48:18.101+0000] {logging_mixin.py:188} INFO - [2024-08-13T04:48:18.101+0000] {dag.py:3089} INFO - Sync 2 DAGs
[2024-08-13T04:48:18.107+0000] {logging_mixin.py:188} INFO - [2024-08-13T04:48:18.107+0000] {dag.py:3947} INFO - Setting next_dagrun for example_subdag_operator.section-1 to None, run_after=None
[2024-08-13T04:48:18.108+0000] {logging_mixin.py:188} INFO - [2024-08-13T04:48:18.108+0000] {dag.py:3947} INFO - Setting next_dagrun for example_subdag_operator.section-2 to None, run_after=None
[2024-08-13T04:48:18.267+0000] {processor.py:183} INFO - Processing /home/airflow/.local/lib/python3.12/site-packages/airflow/example_dags/example_subdag_operator.py took 0.347 seconds
[2024-08-13T04:48:48.900+0000] {processor.py:161} INFO - Started process (PID=824) to work on /home/airflow/.local/lib/python3.12/site-packages/airflow/example_dags/example_subdag_operator.py
[2024-08-13T04:48:48.903+0000] {processor.py:830} INFO - Processing file /home/airflow/.local/lib/python3.12/site-packages/airflow/example_dags/example_subdag_operator.py for tasks to queue
[2024-08-13T04:48:48.906+0000] {logging_mixin.py:188} INFO - [2024-08-13T04:48:48.905+0000] {dagbag.py:545} INFO - Filling up the DagBag from /home/airflow/.local/lib/python3.12/site-packages/airflow/example_dags/example_subdag_operator.py
[2024-08-13T04:48:48.933+0000] {processor.py:840} INFO - DAG(s) 'example_subdag_operator.section-1', 'example_subdag_operator.section-2', 'example_subdag_operator' retrieved from /home/airflow/.local/lib/python3.12/site-packages/airflow/example_dags/example_subdag_operator.py
[2024-08-13T04:48:48.954+0000] {logging_mixin.py:188} INFO - [2024-08-13T04:48:48.953+0000] {dag.py:3089} INFO - Sync 3 DAGs
[2024-08-13T04:48:48.985+0000] {logging_mixin.py:188} INFO - [2024-08-13T04:48:48.985+0000] {dag.py:3947} INFO - Setting next_dagrun for example_subdag_operator to 2022-01-01 00:00:00+00:00, run_after=2022-01-01 00:00:00+00:00
[2024-08-13T04:48:48.988+0000] {logging_mixin.py:188} INFO - [2024-08-13T04:48:48.988+0000] {dag.py:3947} INFO - Setting next_dagrun for example_subdag_operator.section-1 to None, run_after=None
[2024-08-13T04:48:48.990+0000] {logging_mixin.py:188} INFO - [2024-08-13T04:48:48.989+0000] {dag.py:3947} INFO - Setting next_dagrun for example_subdag_operator.section-2 to None, run_after=None
[2024-08-13T04:48:48.996+0000] {logging_mixin.py:188} INFO - [2024-08-13T04:48:48.996+0000] {dag.py:3089} INFO - Sync 2 DAGs
[2024-08-13T04:48:49.000+0000] {logging_mixin.py:188} INFO - [2024-08-13T04:48:49.000+0000] {dag.py:3947} INFO - Setting next_dagrun for example_subdag_operator.section-1 to None, run_after=None
[2024-08-13T04:48:49.001+0000] {logging_mixin.py:188} INFO - [2024-08-13T04:48:49.001+0000] {dag.py:3947} INFO - Setting next_dagrun for example_subdag_operator.section-2 to None, run_after=None
[2024-08-13T04:48:49.061+0000] {processor.py:183} INFO - Processing /home/airflow/.local/lib/python3.12/site-packages/airflow/example_dags/example_subdag_operator.py took 0.170 seconds
[2024-08-13T04:49:19.645+0000] {processor.py:161} INFO - Started process (PID=882) to work on /home/airflow/.local/lib/python3.12/site-packages/airflow/example_dags/example_subdag_operator.py
[2024-08-13T04:49:19.658+0000] {processor.py:830} INFO - Processing file /home/airflow/.local/lib/python3.12/site-packages/airflow/example_dags/example_subdag_operator.py for tasks to queue
[2024-08-13T04:49:19.677+0000] {logging_mixin.py:188} INFO - [2024-08-13T04:49:19.676+0000] {dagbag.py:545} INFO - Filling up the DagBag from /home/airflow/.local/lib/python3.12/site-packages/airflow/example_dags/example_subdag_operator.py
[2024-08-13T04:49:19.843+0000] {processor.py:840} INFO - DAG(s) 'example_subdag_operator.section-1', 'example_subdag_operator.section-2', 'example_subdag_operator' retrieved from /home/airflow/.local/lib/python3.12/site-packages/airflow/example_dags/example_subdag_operator.py
[2024-08-13T04:49:19.953+0000] {logging_mixin.py:188} INFO - [2024-08-13T04:49:19.953+0000] {dag.py:3089} INFO - Sync 3 DAGs
[2024-08-13T04:49:20.053+0000] {logging_mixin.py:188} INFO - [2024-08-13T04:49:20.041+0000] {dag.py:3947} INFO - Setting next_dagrun for example_subdag_operator to 2022-01-01 00:00:00+00:00, run_after=2022-01-01 00:00:00+00:00
[2024-08-13T04:49:20.059+0000] {logging_mixin.py:188} INFO - [2024-08-13T04:49:20.059+0000] {dag.py:3947} INFO - Setting next_dagrun for example_subdag_operator.section-1 to None, run_after=None
[2024-08-13T04:49:20.064+0000] {logging_mixin.py:188} INFO - [2024-08-13T04:49:20.064+0000] {dag.py:3947} INFO - Setting next_dagrun for example_subdag_operator.section-2 to None, run_after=None
[2024-08-13T04:49:20.093+0000] {logging_mixin.py:188} INFO - [2024-08-13T04:49:20.092+0000] {dag.py:3089} INFO - Sync 2 DAGs
[2024-08-13T04:49:20.108+0000] {logging_mixin.py:188} INFO - [2024-08-13T04:49:20.108+0000] {dag.py:3947} INFO - Setting next_dagrun for example_subdag_operator.section-1 to None, run_after=None
[2024-08-13T04:49:20.109+0000] {logging_mixin.py:188} INFO - [2024-08-13T04:49:20.109+0000] {dag.py:3947} INFO - Setting next_dagrun for example_subdag_operator.section-2 to None, run_after=None
[2024-08-13T04:49:20.239+0000] {processor.py:183} INFO - Processing /home/airflow/.local/lib/python3.12/site-packages/airflow/example_dags/example_subdag_operator.py took 0.607 seconds
[2024-08-13T04:49:50.419+0000] {processor.py:161} INFO - Started process (PID=940) to work on /home/airflow/.local/lib/python3.12/site-packages/airflow/example_dags/example_subdag_operator.py
[2024-08-13T04:49:50.423+0000] {processor.py:830} INFO - Processing file /home/airflow/.local/lib/python3.12/site-packages/airflow/example_dags/example_subdag_operator.py for tasks to queue
[2024-08-13T04:49:50.425+0000] {logging_mixin.py:188} INFO - [2024-08-13T04:49:50.425+0000] {dagbag.py:545} INFO - Filling up the DagBag from /home/airflow/.local/lib/python3.12/site-packages/airflow/example_dags/example_subdag_operator.py
[2024-08-13T04:49:50.485+0000] {processor.py:840} INFO - DAG(s) 'example_subdag_operator.section-1', 'example_subdag_operator.section-2', 'example_subdag_operator' retrieved from /home/airflow/.local/lib/python3.12/site-packages/airflow/example_dags/example_subdag_operator.py
[2024-08-13T04:49:50.508+0000] {logging_mixin.py:188} INFO - [2024-08-13T04:49:50.508+0000] {dag.py:3089} INFO - Sync 3 DAGs
[2024-08-13T04:49:50.536+0000] {logging_mixin.py:188} INFO - [2024-08-13T04:49:50.536+0000] {dag.py:3947} INFO - Setting next_dagrun for example_subdag_operator to 2022-01-01 00:00:00+00:00, run_after=2022-01-01 00:00:00+00:00
[2024-08-13T04:49:50.540+0000] {logging_mixin.py:188} INFO - [2024-08-13T04:49:50.540+0000] {dag.py:3947} INFO - Setting next_dagrun for example_subdag_operator.section-1 to None, run_after=None
[2024-08-13T04:49:50.542+0000] {logging_mixin.py:188} INFO - [2024-08-13T04:49:50.542+0000] {dag.py:3947} INFO - Setting next_dagrun for example_subdag_operator.section-2 to None, run_after=None
[2024-08-13T04:49:50.548+0000] {logging_mixin.py:188} INFO - [2024-08-13T04:49:50.548+0000] {dag.py:3089} INFO - Sync 2 DAGs
[2024-08-13T04:49:50.553+0000] {logging_mixin.py:188} INFO - [2024-08-13T04:49:50.553+0000] {dag.py:3947} INFO - Setting next_dagrun for example_subdag_operator.section-1 to None, run_after=None
[2024-08-13T04:49:50.554+0000] {logging_mixin.py:188} INFO - [2024-08-13T04:49:50.553+0000] {dag.py:3947} INFO - Setting next_dagrun for example_subdag_operator.section-2 to None, run_after=None
[2024-08-13T04:49:50.624+0000] {processor.py:183} INFO - Processing /home/airflow/.local/lib/python3.12/site-packages/airflow/example_dags/example_subdag_operator.py took 0.220 seconds
[2024-08-13T04:50:21.085+0000] {processor.py:161} INFO - Started process (PID=998) to work on /home/airflow/.local/lib/python3.12/site-packages/airflow/example_dags/example_subdag_operator.py
[2024-08-13T04:50:21.086+0000] {processor.py:830} INFO - Processing file /home/airflow/.local/lib/python3.12/site-packages/airflow/example_dags/example_subdag_operator.py for tasks to queue
[2024-08-13T04:50:21.088+0000] {logging_mixin.py:188} INFO - [2024-08-13T04:50:21.088+0000] {dagbag.py:545} INFO - Filling up the DagBag from /home/airflow/.local/lib/python3.12/site-packages/airflow/example_dags/example_subdag_operator.py
[2024-08-13T04:50:21.121+0000] {processor.py:840} INFO - DAG(s) 'example_subdag_operator.section-1', 'example_subdag_operator.section-2', 'example_subdag_operator' retrieved from /home/airflow/.local/lib/python3.12/site-packages/airflow/example_dags/example_subdag_operator.py
[2024-08-13T04:50:21.143+0000] {logging_mixin.py:188} INFO - [2024-08-13T04:50:21.143+0000] {dag.py:3089} INFO - Sync 3 DAGs
[2024-08-13T04:50:21.181+0000] {logging_mixin.py:188} INFO - [2024-08-13T04:50:21.180+0000] {dag.py:3947} INFO - Setting next_dagrun for example_subdag_operator to 2022-01-01 00:00:00+00:00, run_after=2022-01-01 00:00:00+00:00
[2024-08-13T04:50:21.191+0000] {logging_mixin.py:188} INFO - [2024-08-13T04:50:21.191+0000] {dag.py:3947} INFO - Setting next_dagrun for example_subdag_operator.section-1 to None, run_after=None
[2024-08-13T04:50:21.194+0000] {logging_mixin.py:188} INFO - [2024-08-13T04:50:21.193+0000] {dag.py:3947} INFO - Setting next_dagrun for example_subdag_operator.section-2 to None, run_after=None
[2024-08-13T04:50:21.211+0000] {logging_mixin.py:188} INFO - [2024-08-13T04:50:21.210+0000] {dag.py:3089} INFO - Sync 2 DAGs
[2024-08-13T04:50:21.224+0000] {logging_mixin.py:188} INFO - [2024-08-13T04:50:21.224+0000] {dag.py:3947} INFO - Setting next_dagrun for example_subdag_operator.section-1 to None, run_after=None
[2024-08-13T04:50:21.227+0000] {logging_mixin.py:188} INFO - [2024-08-13T04:50:21.226+0000] {dag.py:3947} INFO - Setting next_dagrun for example_subdag_operator.section-2 to None, run_after=None
[2024-08-13T04:50:21.472+0000] {processor.py:183} INFO - Processing /home/airflow/.local/lib/python3.12/site-packages/airflow/example_dags/example_subdag_operator.py took 0.395 seconds
[2024-08-13T04:50:51.777+0000] {processor.py:161} INFO - Started process (PID=1056) to work on /home/airflow/.local/lib/python3.12/site-packages/airflow/example_dags/example_subdag_operator.py
[2024-08-13T04:50:51.779+0000] {processor.py:830} INFO - Processing file /home/airflow/.local/lib/python3.12/site-packages/airflow/example_dags/example_subdag_operator.py for tasks to queue
[2024-08-13T04:50:51.792+0000] {logging_mixin.py:188} INFO - [2024-08-13T04:50:51.791+0000] {dagbag.py:545} INFO - Filling up the DagBag from /home/airflow/.local/lib/python3.12/site-packages/airflow/example_dags/example_subdag_operator.py
[2024-08-13T04:50:51.854+0000] {processor.py:840} INFO - DAG(s) 'example_subdag_operator.section-1', 'example_subdag_operator.section-2', 'example_subdag_operator' retrieved from /home/airflow/.local/lib/python3.12/site-packages/airflow/example_dags/example_subdag_operator.py
[2024-08-13T04:50:51.904+0000] {logging_mixin.py:188} INFO - [2024-08-13T04:50:51.901+0000] {dag.py:3089} INFO - Sync 3 DAGs
[2024-08-13T04:50:51.933+0000] {logging_mixin.py:188} INFO - [2024-08-13T04:50:51.933+0000] {dag.py:3947} INFO - Setting next_dagrun for example_subdag_operator to 2022-01-01 00:00:00+00:00, run_after=2022-01-01 00:00:00+00:00
[2024-08-13T04:50:51.937+0000] {logging_mixin.py:188} INFO - [2024-08-13T04:50:51.937+0000] {dag.py:3947} INFO - Setting next_dagrun for example_subdag_operator.section-1 to None, run_after=None
[2024-08-13T04:50:51.939+0000] {logging_mixin.py:188} INFO - [2024-08-13T04:50:51.938+0000] {dag.py:3947} INFO - Setting next_dagrun for example_subdag_operator.section-2 to None, run_after=None
[2024-08-13T04:50:51.948+0000] {logging_mixin.py:188} INFO - [2024-08-13T04:50:51.947+0000] {dag.py:3089} INFO - Sync 2 DAGs
[2024-08-13T04:50:51.956+0000] {logging_mixin.py:188} INFO - [2024-08-13T04:50:51.956+0000] {dag.py:3947} INFO - Setting next_dagrun for example_subdag_operator.section-1 to None, run_after=None
[2024-08-13T04:50:51.957+0000] {logging_mixin.py:188} INFO - [2024-08-13T04:50:51.957+0000] {dag.py:3947} INFO - Setting next_dagrun for example_subdag_operator.section-2 to None, run_after=None
[2024-08-13T04:50:52.375+0000] {processor.py:183} INFO - Processing /home/airflow/.local/lib/python3.12/site-packages/airflow/example_dags/example_subdag_operator.py took 0.609 seconds
[2024-08-13T04:51:22.793+0000] {processor.py:161} INFO - Started process (PID=1115) to work on /home/airflow/.local/lib/python3.12/site-packages/airflow/example_dags/example_subdag_operator.py
[2024-08-13T04:51:22.804+0000] {processor.py:830} INFO - Processing file /home/airflow/.local/lib/python3.12/site-packages/airflow/example_dags/example_subdag_operator.py for tasks to queue
[2024-08-13T04:51:22.808+0000] {logging_mixin.py:188} INFO - [2024-08-13T04:51:22.807+0000] {dagbag.py:545} INFO - Filling up the DagBag from /home/airflow/.local/lib/python3.12/site-packages/airflow/example_dags/example_subdag_operator.py
[2024-08-13T04:51:22.900+0000] {processor.py:840} INFO - DAG(s) 'example_subdag_operator.section-1', 'example_subdag_operator.section-2', 'example_subdag_operator' retrieved from /home/airflow/.local/lib/python3.12/site-packages/airflow/example_dags/example_subdag_operator.py
[2024-08-13T04:51:23.026+0000] {logging_mixin.py:188} INFO - [2024-08-13T04:51:23.026+0000] {dag.py:3089} INFO - Sync 3 DAGs
[2024-08-13T04:51:23.136+0000] {logging_mixin.py:188} INFO - [2024-08-13T04:51:23.136+0000] {dag.py:3947} INFO - Setting next_dagrun for example_subdag_operator to 2022-01-01 00:00:00+00:00, run_after=2022-01-01 00:00:00+00:00
[2024-08-13T04:51:23.143+0000] {logging_mixin.py:188} INFO - [2024-08-13T04:51:23.143+0000] {dag.py:3947} INFO - Setting next_dagrun for example_subdag_operator.section-1 to None, run_after=None
[2024-08-13T04:51:23.146+0000] {logging_mixin.py:188} INFO - [2024-08-13T04:51:23.145+0000] {dag.py:3947} INFO - Setting next_dagrun for example_subdag_operator.section-2 to None, run_after=None
[2024-08-13T04:51:23.179+0000] {logging_mixin.py:188} INFO - [2024-08-13T04:51:23.179+0000] {dag.py:3089} INFO - Sync 2 DAGs
[2024-08-13T04:51:23.211+0000] {logging_mixin.py:188} INFO - [2024-08-13T04:51:23.210+0000] {dag.py:3947} INFO - Setting next_dagrun for example_subdag_operator.section-1 to None, run_after=None
[2024-08-13T04:51:23.212+0000] {logging_mixin.py:188} INFO - [2024-08-13T04:51:23.212+0000] {dag.py:3947} INFO - Setting next_dagrun for example_subdag_operator.section-2 to None, run_after=None
[2024-08-13T04:51:23.571+0000] {processor.py:183} INFO - Processing /home/airflow/.local/lib/python3.12/site-packages/airflow/example_dags/example_subdag_operator.py took 0.818 seconds
[2024-08-13T04:51:54.456+0000] {processor.py:161} INFO - Started process (PID=1173) to work on /home/airflow/.local/lib/python3.12/site-packages/airflow/example_dags/example_subdag_operator.py
[2024-08-13T04:51:54.466+0000] {processor.py:830} INFO - Processing file /home/airflow/.local/lib/python3.12/site-packages/airflow/example_dags/example_subdag_operator.py for tasks to queue
[2024-08-13T04:51:54.470+0000] {logging_mixin.py:188} INFO - [2024-08-13T04:51:54.469+0000] {dagbag.py:545} INFO - Filling up the DagBag from /home/airflow/.local/lib/python3.12/site-packages/airflow/example_dags/example_subdag_operator.py
[2024-08-13T04:51:54.512+0000] {processor.py:840} INFO - DAG(s) 'example_subdag_operator.section-1', 'example_subdag_operator.section-2', 'example_subdag_operator' retrieved from /home/airflow/.local/lib/python3.12/site-packages/airflow/example_dags/example_subdag_operator.py
[2024-08-13T04:51:54.567+0000] {logging_mixin.py:188} INFO - [2024-08-13T04:51:54.566+0000] {dag.py:3089} INFO - Sync 3 DAGs
[2024-08-13T04:51:54.687+0000] {logging_mixin.py:188} INFO - [2024-08-13T04:51:54.687+0000] {dag.py:3947} INFO - Setting next_dagrun for example_subdag_operator to 2022-01-01 00:00:00+00:00, run_after=2022-01-01 00:00:00+00:00
[2024-08-13T04:51:54.711+0000] {logging_mixin.py:188} INFO - [2024-08-13T04:51:54.711+0000] {dag.py:3947} INFO - Setting next_dagrun for example_subdag_operator.section-1 to None, run_after=None
[2024-08-13T04:51:54.720+0000] {logging_mixin.py:188} INFO - [2024-08-13T04:51:54.719+0000] {dag.py:3947} INFO - Setting next_dagrun for example_subdag_operator.section-2 to None, run_after=None
[2024-08-13T04:51:54.798+0000] {logging_mixin.py:188} INFO - [2024-08-13T04:51:54.798+0000] {dag.py:3089} INFO - Sync 2 DAGs
[2024-08-13T04:51:54.962+0000] {logging_mixin.py:188} INFO - [2024-08-13T04:51:54.962+0000] {dag.py:3947} INFO - Setting next_dagrun for example_subdag_operator.section-1 to None, run_after=None
[2024-08-13T04:51:54.974+0000] {logging_mixin.py:188} INFO - [2024-08-13T04:51:54.973+0000] {dag.py:3947} INFO - Setting next_dagrun for example_subdag_operator.section-2 to None, run_after=None
[2024-08-13T04:51:55.272+0000] {processor.py:183} INFO - Processing /home/airflow/.local/lib/python3.12/site-packages/airflow/example_dags/example_subdag_operator.py took 0.824 seconds
[2024-08-13T04:52:25.483+0000] {processor.py:161} INFO - Started process (PID=1232) to work on /home/airflow/.local/lib/python3.12/site-packages/airflow/example_dags/example_subdag_operator.py
[2024-08-13T04:52:25.484+0000] {processor.py:830} INFO - Processing file /home/airflow/.local/lib/python3.12/site-packages/airflow/example_dags/example_subdag_operator.py for tasks to queue
[2024-08-13T04:52:25.504+0000] {logging_mixin.py:188} INFO - [2024-08-13T04:52:25.503+0000] {dagbag.py:545} INFO - Filling up the DagBag from /home/airflow/.local/lib/python3.12/site-packages/airflow/example_dags/example_subdag_operator.py
[2024-08-13T04:52:25.635+0000] {processor.py:840} INFO - DAG(s) 'example_subdag_operator.section-1', 'example_subdag_operator.section-2', 'example_subdag_operator' retrieved from /home/airflow/.local/lib/python3.12/site-packages/airflow/example_dags/example_subdag_operator.py
[2024-08-13T04:52:25.692+0000] {logging_mixin.py:188} INFO - [2024-08-13T04:52:25.691+0000] {dag.py:3089} INFO - Sync 3 DAGs
[2024-08-13T04:52:25.762+0000] {logging_mixin.py:188} INFO - [2024-08-13T04:52:25.762+0000] {dag.py:3947} INFO - Setting next_dagrun for example_subdag_operator to 2022-01-01 00:00:00+00:00, run_after=2022-01-01 00:00:00+00:00
[2024-08-13T04:52:25.769+0000] {logging_mixin.py:188} INFO - [2024-08-13T04:52:25.769+0000] {dag.py:3947} INFO - Setting next_dagrun for example_subdag_operator.section-1 to None, run_after=None
[2024-08-13T04:52:25.771+0000] {logging_mixin.py:188} INFO - [2024-08-13T04:52:25.771+0000] {dag.py:3947} INFO - Setting next_dagrun for example_subdag_operator.section-2 to None, run_after=None
[2024-08-13T04:52:25.781+0000] {logging_mixin.py:188} INFO - [2024-08-13T04:52:25.781+0000] {dag.py:3089} INFO - Sync 2 DAGs
[2024-08-13T04:52:25.789+0000] {logging_mixin.py:188} INFO - [2024-08-13T04:52:25.789+0000] {dag.py:3947} INFO - Setting next_dagrun for example_subdag_operator.section-1 to None, run_after=None
[2024-08-13T04:52:25.790+0000] {logging_mixin.py:188} INFO - [2024-08-13T04:52:25.790+0000] {dag.py:3947} INFO - Setting next_dagrun for example_subdag_operator.section-2 to None, run_after=None
[2024-08-13T04:52:25.955+0000] {processor.py:183} INFO - Processing /home/airflow/.local/lib/python3.12/site-packages/airflow/example_dags/example_subdag_operator.py took 0.534 seconds
[2024-08-13T04:52:56.754+0000] {processor.py:161} INFO - Started process (PID=1294) to work on /home/airflow/.local/lib/python3.12/site-packages/airflow/example_dags/example_subdag_operator.py
[2024-08-13T04:52:56.766+0000] {processor.py:830} INFO - Processing file /home/airflow/.local/lib/python3.12/site-packages/airflow/example_dags/example_subdag_operator.py for tasks to queue
[2024-08-13T04:52:56.769+0000] {logging_mixin.py:188} INFO - [2024-08-13T04:52:56.768+0000] {dagbag.py:545} INFO - Filling up the DagBag from /home/airflow/.local/lib/python3.12/site-packages/airflow/example_dags/example_subdag_operator.py
[2024-08-13T04:52:56.851+0000] {processor.py:840} INFO - DAG(s) 'example_subdag_operator.section-1', 'example_subdag_operator.section-2', 'example_subdag_operator' retrieved from /home/airflow/.local/lib/python3.12/site-packages/airflow/example_dags/example_subdag_operator.py
[2024-08-13T04:52:56.921+0000] {logging_mixin.py:188} INFO - [2024-08-13T04:52:56.920+0000] {dag.py:3089} INFO - Sync 3 DAGs
[2024-08-13T04:52:57.058+0000] {logging_mixin.py:188} INFO - [2024-08-13T04:52:57.058+0000] {dag.py:3947} INFO - Setting next_dagrun for example_subdag_operator to 2022-01-01 00:00:00+00:00, run_after=2022-01-01 00:00:00+00:00
[2024-08-13T04:52:57.150+0000] {logging_mixin.py:188} INFO - [2024-08-13T04:52:57.149+0000] {dag.py:3947} INFO - Setting next_dagrun for example_subdag_operator.section-1 to None, run_after=None
[2024-08-13T04:52:57.240+0000] {logging_mixin.py:188} INFO - [2024-08-13T04:52:57.240+0000] {dag.py:3947} INFO - Setting next_dagrun for example_subdag_operator.section-2 to None, run_after=None
[2024-08-13T04:52:57.342+0000] {logging_mixin.py:188} INFO - [2024-08-13T04:52:57.341+0000] {dag.py:3089} INFO - Sync 2 DAGs
[2024-08-13T04:52:57.376+0000] {logging_mixin.py:188} INFO - [2024-08-13T04:52:57.375+0000] {dag.py:3947} INFO - Setting next_dagrun for example_subdag_operator.section-1 to None, run_after=None
[2024-08-13T04:52:57.385+0000] {logging_mixin.py:188} INFO - [2024-08-13T04:52:57.384+0000] {dag.py:3947} INFO - Setting next_dagrun for example_subdag_operator.section-2 to None, run_after=None
[2024-08-13T04:52:57.522+0000] {processor.py:183} INFO - Processing /home/airflow/.local/lib/python3.12/site-packages/airflow/example_dags/example_subdag_operator.py took 0.792 seconds
[2024-08-13T04:53:28.553+0000] {processor.py:161} INFO - Started process (PID=1353) to work on /home/airflow/.local/lib/python3.12/site-packages/airflow/example_dags/example_subdag_operator.py
[2024-08-13T04:53:28.554+0000] {processor.py:830} INFO - Processing file /home/airflow/.local/lib/python3.12/site-packages/airflow/example_dags/example_subdag_operator.py for tasks to queue
[2024-08-13T04:53:28.556+0000] {logging_mixin.py:188} INFO - [2024-08-13T04:53:28.556+0000] {dagbag.py:545} INFO - Filling up the DagBag from /home/airflow/.local/lib/python3.12/site-packages/airflow/example_dags/example_subdag_operator.py
[2024-08-13T04:53:28.587+0000] {processor.py:840} INFO - DAG(s) 'example_subdag_operator.section-1', 'example_subdag_operator.section-2', 'example_subdag_operator' retrieved from /home/airflow/.local/lib/python3.12/site-packages/airflow/example_dags/example_subdag_operator.py
[2024-08-13T04:53:28.609+0000] {logging_mixin.py:188} INFO - [2024-08-13T04:53:28.608+0000] {dag.py:3089} INFO - Sync 3 DAGs
[2024-08-13T04:53:28.641+0000] {logging_mixin.py:188} INFO - [2024-08-13T04:53:28.641+0000] {dag.py:3947} INFO - Setting next_dagrun for example_subdag_operator to 2022-01-01 00:00:00+00:00, run_after=2022-01-01 00:00:00+00:00
[2024-08-13T04:53:28.651+0000] {logging_mixin.py:188} INFO - [2024-08-13T04:53:28.650+0000] {dag.py:3947} INFO - Setting next_dagrun for example_subdag_operator.section-1 to None, run_after=None
[2024-08-13T04:53:28.656+0000] {logging_mixin.py:188} INFO - [2024-08-13T04:53:28.656+0000] {dag.py:3947} INFO - Setting next_dagrun for example_subdag_operator.section-2 to None, run_after=None
[2024-08-13T04:53:28.665+0000] {logging_mixin.py:188} INFO - [2024-08-13T04:53:28.665+0000] {dag.py:3089} INFO - Sync 2 DAGs
[2024-08-13T04:53:28.669+0000] {logging_mixin.py:188} INFO - [2024-08-13T04:53:28.669+0000] {dag.py:3947} INFO - Setting next_dagrun for example_subdag_operator.section-1 to None, run_after=None
[2024-08-13T04:53:28.670+0000] {logging_mixin.py:188} INFO - [2024-08-13T04:53:28.670+0000] {dag.py:3947} INFO - Setting next_dagrun for example_subdag_operator.section-2 to None, run_after=None
[2024-08-13T04:53:28.739+0000] {processor.py:183} INFO - Processing /home/airflow/.local/lib/python3.12/site-packages/airflow/example_dags/example_subdag_operator.py took 0.195 seconds
[2024-08-13T04:53:58.868+0000] {processor.py:161} INFO - Started process (PID=1411) to work on /home/airflow/.local/lib/python3.12/site-packages/airflow/example_dags/example_subdag_operator.py
[2024-08-13T04:53:58.869+0000] {processor.py:830} INFO - Processing file /home/airflow/.local/lib/python3.12/site-packages/airflow/example_dags/example_subdag_operator.py for tasks to queue
[2024-08-13T04:53:58.872+0000] {logging_mixin.py:188} INFO - [2024-08-13T04:53:58.871+0000] {dagbag.py:545} INFO - Filling up the DagBag from /home/airflow/.local/lib/python3.12/site-packages/airflow/example_dags/example_subdag_operator.py
[2024-08-13T04:53:58.913+0000] {processor.py:840} INFO - DAG(s) 'example_subdag_operator.section-1', 'example_subdag_operator.section-2', 'example_subdag_operator' retrieved from /home/airflow/.local/lib/python3.12/site-packages/airflow/example_dags/example_subdag_operator.py
[2024-08-13T04:53:58.936+0000] {logging_mixin.py:188} INFO - [2024-08-13T04:53:58.935+0000] {dag.py:3089} INFO - Sync 3 DAGs
[2024-08-13T04:53:58.966+0000] {logging_mixin.py:188} INFO - [2024-08-13T04:53:58.966+0000] {dag.py:3947} INFO - Setting next_dagrun for example_subdag_operator to 2022-01-01 00:00:00+00:00, run_after=2022-01-01 00:00:00+00:00
[2024-08-13T04:53:58.972+0000] {logging_mixin.py:188} INFO - [2024-08-13T04:53:58.971+0000] {dag.py:3947} INFO - Setting next_dagrun for example_subdag_operator.section-1 to None, run_after=None
[2024-08-13T04:53:58.973+0000] {logging_mixin.py:188} INFO - [2024-08-13T04:53:58.973+0000] {dag.py:3947} INFO - Setting next_dagrun for example_subdag_operator.section-2 to None, run_after=None
[2024-08-13T04:53:58.979+0000] {logging_mixin.py:188} INFO - [2024-08-13T04:53:58.979+0000] {dag.py:3089} INFO - Sync 2 DAGs
[2024-08-13T04:53:58.984+0000] {logging_mixin.py:188} INFO - [2024-08-13T04:53:58.984+0000] {dag.py:3947} INFO - Setting next_dagrun for example_subdag_operator.section-1 to None, run_after=None
[2024-08-13T04:53:58.984+0000] {logging_mixin.py:188} INFO - [2024-08-13T04:53:58.984+0000] {dag.py:3947} INFO - Setting next_dagrun for example_subdag_operator.section-2 to None, run_after=None
[2024-08-13T04:53:59.121+0000] {processor.py:183} INFO - Processing /home/airflow/.local/lib/python3.12/site-packages/airflow/example_dags/example_subdag_operator.py took 0.260 seconds
[2024-08-13T04:54:29.277+0000] {processor.py:161} INFO - Started process (PID=1469) to work on /home/airflow/.local/lib/python3.12/site-packages/airflow/example_dags/example_subdag_operator.py
[2024-08-13T04:54:29.278+0000] {processor.py:830} INFO - Processing file /home/airflow/.local/lib/python3.12/site-packages/airflow/example_dags/example_subdag_operator.py for tasks to queue
[2024-08-13T04:54:29.280+0000] {logging_mixin.py:188} INFO - [2024-08-13T04:54:29.279+0000] {dagbag.py:545} INFO - Filling up the DagBag from /home/airflow/.local/lib/python3.12/site-packages/airflow/example_dags/example_subdag_operator.py
[2024-08-13T04:54:29.310+0000] {processor.py:840} INFO - DAG(s) 'example_subdag_operator.section-1', 'example_subdag_operator.section-2', 'example_subdag_operator' retrieved from /home/airflow/.local/lib/python3.12/site-packages/airflow/example_dags/example_subdag_operator.py
[2024-08-13T04:54:29.335+0000] {logging_mixin.py:188} INFO - [2024-08-13T04:54:29.335+0000] {dag.py:3089} INFO - Sync 3 DAGs
[2024-08-13T04:54:29.369+0000] {logging_mixin.py:188} INFO - [2024-08-13T04:54:29.369+0000] {dag.py:3947} INFO - Setting next_dagrun for example_subdag_operator to 2022-01-01 00:00:00+00:00, run_after=2022-01-01 00:00:00+00:00
[2024-08-13T04:54:29.375+0000] {logging_mixin.py:188} INFO - [2024-08-13T04:54:29.375+0000] {dag.py:3947} INFO - Setting next_dagrun for example_subdag_operator.section-1 to None, run_after=None
[2024-08-13T04:54:29.379+0000] {logging_mixin.py:188} INFO - [2024-08-13T04:54:29.379+0000] {dag.py:3947} INFO - Setting next_dagrun for example_subdag_operator.section-2 to None, run_after=None
[2024-08-13T04:54:29.391+0000] {logging_mixin.py:188} INFO - [2024-08-13T04:54:29.391+0000] {dag.py:3089} INFO - Sync 2 DAGs
[2024-08-13T04:54:29.398+0000] {logging_mixin.py:188} INFO - [2024-08-13T04:54:29.398+0000] {dag.py:3947} INFO - Setting next_dagrun for example_subdag_operator.section-1 to None, run_after=None
[2024-08-13T04:54:29.399+0000] {logging_mixin.py:188} INFO - [2024-08-13T04:54:29.399+0000] {dag.py:3947} INFO - Setting next_dagrun for example_subdag_operator.section-2 to None, run_after=None
[2024-08-13T04:54:29.482+0000] {processor.py:183} INFO - Processing /home/airflow/.local/lib/python3.12/site-packages/airflow/example_dags/example_subdag_operator.py took 0.212 seconds
[2024-08-13T04:54:59.695+0000] {processor.py:161} INFO - Started process (PID=1527) to work on /home/airflow/.local/lib/python3.12/site-packages/airflow/example_dags/example_subdag_operator.py
[2024-08-13T04:54:59.695+0000] {processor.py:830} INFO - Processing file /home/airflow/.local/lib/python3.12/site-packages/airflow/example_dags/example_subdag_operator.py for tasks to queue
[2024-08-13T04:54:59.697+0000] {logging_mixin.py:188} INFO - [2024-08-13T04:54:59.697+0000] {dagbag.py:545} INFO - Filling up the DagBag from /home/airflow/.local/lib/python3.12/site-packages/airflow/example_dags/example_subdag_operator.py
[2024-08-13T04:54:59.719+0000] {processor.py:840} INFO - DAG(s) 'example_subdag_operator.section-1', 'example_subdag_operator.section-2', 'example_subdag_operator' retrieved from /home/airflow/.local/lib/python3.12/site-packages/airflow/example_dags/example_subdag_operator.py
[2024-08-13T04:54:59.737+0000] {logging_mixin.py:188} INFO - [2024-08-13T04:54:59.737+0000] {dag.py:3089} INFO - Sync 3 DAGs
[2024-08-13T04:54:59.758+0000] {logging_mixin.py:188} INFO - [2024-08-13T04:54:59.758+0000] {dag.py:3947} INFO - Setting next_dagrun for example_subdag_operator to 2022-01-01 00:00:00+00:00, run_after=2022-01-01 00:00:00+00:00
[2024-08-13T04:54:59.763+0000] {logging_mixin.py:188} INFO - [2024-08-13T04:54:59.763+0000] {dag.py:3947} INFO - Setting next_dagrun for example_subdag_operator.section-1 to None, run_after=None
[2024-08-13T04:54:59.764+0000] {logging_mixin.py:188} INFO - [2024-08-13T04:54:59.764+0000] {dag.py:3947} INFO - Setting next_dagrun for example_subdag_operator.section-2 to None, run_after=None
[2024-08-13T04:54:59.771+0000] {logging_mixin.py:188} INFO - [2024-08-13T04:54:59.770+0000] {dag.py:3089} INFO - Sync 2 DAGs
[2024-08-13T04:54:59.776+0000] {logging_mixin.py:188} INFO - [2024-08-13T04:54:59.775+0000] {dag.py:3947} INFO - Setting next_dagrun for example_subdag_operator.section-1 to None, run_after=None
[2024-08-13T04:54:59.776+0000] {logging_mixin.py:188} INFO - [2024-08-13T04:54:59.776+0000] {dag.py:3947} INFO - Setting next_dagrun for example_subdag_operator.section-2 to None, run_after=None
[2024-08-13T04:54:59.898+0000] {processor.py:183} INFO - Processing /home/airflow/.local/lib/python3.12/site-packages/airflow/example_dags/example_subdag_operator.py took 0.208 seconds
[2024-08-13T04:55:30.006+0000] {processor.py:161} INFO - Started process (PID=1585) to work on /home/airflow/.local/lib/python3.12/site-packages/airflow/example_dags/example_subdag_operator.py
[2024-08-13T04:55:30.008+0000] {processor.py:830} INFO - Processing file /home/airflow/.local/lib/python3.12/site-packages/airflow/example_dags/example_subdag_operator.py for tasks to queue
[2024-08-13T04:55:30.010+0000] {logging_mixin.py:188} INFO - [2024-08-13T04:55:30.010+0000] {dagbag.py:545} INFO - Filling up the DagBag from /home/airflow/.local/lib/python3.12/site-packages/airflow/example_dags/example_subdag_operator.py
[2024-08-13T04:55:30.057+0000] {processor.py:840} INFO - DAG(s) 'example_subdag_operator.section-1', 'example_subdag_operator.section-2', 'example_subdag_operator' retrieved from /home/airflow/.local/lib/python3.12/site-packages/airflow/example_dags/example_subdag_operator.py
[2024-08-13T04:55:30.106+0000] {logging_mixin.py:188} INFO - [2024-08-13T04:55:30.106+0000] {dag.py:3089} INFO - Sync 3 DAGs
[2024-08-13T04:55:30.148+0000] {logging_mixin.py:188} INFO - [2024-08-13T04:55:30.148+0000] {dag.py:3947} INFO - Setting next_dagrun for example_subdag_operator to 2022-01-01 00:00:00+00:00, run_after=2022-01-01 00:00:00+00:00
[2024-08-13T04:55:30.165+0000] {logging_mixin.py:188} INFO - [2024-08-13T04:55:30.165+0000] {dag.py:3947} INFO - Setting next_dagrun for example_subdag_operator.section-1 to None, run_after=None
[2024-08-13T04:55:30.168+0000] {logging_mixin.py:188} INFO - [2024-08-13T04:55:30.168+0000] {dag.py:3947} INFO - Setting next_dagrun for example_subdag_operator.section-2 to None, run_after=None
[2024-08-13T04:55:30.177+0000] {logging_mixin.py:188} INFO - [2024-08-13T04:55:30.177+0000] {dag.py:3089} INFO - Sync 2 DAGs
[2024-08-13T04:55:30.187+0000] {logging_mixin.py:188} INFO - [2024-08-13T04:55:30.187+0000] {dag.py:3947} INFO - Setting next_dagrun for example_subdag_operator.section-1 to None, run_after=None
[2024-08-13T04:55:30.188+0000] {logging_mixin.py:188} INFO - [2024-08-13T04:55:30.187+0000] {dag.py:3947} INFO - Setting next_dagrun for example_subdag_operator.section-2 to None, run_after=None
[2024-08-13T04:55:30.317+0000] {processor.py:183} INFO - Processing /home/airflow/.local/lib/python3.12/site-packages/airflow/example_dags/example_subdag_operator.py took 0.327 seconds
[2024-08-13T04:56:00.481+0000] {processor.py:161} INFO - Started process (PID=1643) to work on /home/airflow/.local/lib/python3.12/site-packages/airflow/example_dags/example_subdag_operator.py
[2024-08-13T04:56:00.481+0000] {processor.py:830} INFO - Processing file /home/airflow/.local/lib/python3.12/site-packages/airflow/example_dags/example_subdag_operator.py for tasks to queue
[2024-08-13T04:56:00.483+0000] {logging_mixin.py:188} INFO - [2024-08-13T04:56:00.483+0000] {dagbag.py:545} INFO - Filling up the DagBag from /home/airflow/.local/lib/python3.12/site-packages/airflow/example_dags/example_subdag_operator.py
[2024-08-13T04:56:00.504+0000] {processor.py:840} INFO - DAG(s) 'example_subdag_operator.section-1', 'example_subdag_operator.section-2', 'example_subdag_operator' retrieved from /home/airflow/.local/lib/python3.12/site-packages/airflow/example_dags/example_subdag_operator.py
[2024-08-13T04:56:00.520+0000] {logging_mixin.py:188} INFO - [2024-08-13T04:56:00.520+0000] {dag.py:3089} INFO - Sync 3 DAGs
[2024-08-13T04:56:00.540+0000] {logging_mixin.py:188} INFO - [2024-08-13T04:56:00.540+0000] {dag.py:3947} INFO - Setting next_dagrun for example_subdag_operator to 2022-01-01 00:00:00+00:00, run_after=2022-01-01 00:00:00+00:00
[2024-08-13T04:56:00.544+0000] {logging_mixin.py:188} INFO - [2024-08-13T04:56:00.544+0000] {dag.py:3947} INFO - Setting next_dagrun for example_subdag_operator.section-1 to None, run_after=None
[2024-08-13T04:56:00.545+0000] {logging_mixin.py:188} INFO - [2024-08-13T04:56:00.545+0000] {dag.py:3947} INFO - Setting next_dagrun for example_subdag_operator.section-2 to None, run_after=None
[2024-08-13T04:56:00.551+0000] {logging_mixin.py:188} INFO - [2024-08-13T04:56:00.551+0000] {dag.py:3089} INFO - Sync 2 DAGs
[2024-08-13T04:56:00.556+0000] {logging_mixin.py:188} INFO - [2024-08-13T04:56:00.556+0000] {dag.py:3947} INFO - Setting next_dagrun for example_subdag_operator.section-1 to None, run_after=None
[2024-08-13T04:56:00.556+0000] {logging_mixin.py:188} INFO - [2024-08-13T04:56:00.556+0000] {dag.py:3947} INFO - Setting next_dagrun for example_subdag_operator.section-2 to None, run_after=None
[2024-08-13T04:56:00.639+0000] {processor.py:183} INFO - Processing /home/airflow/.local/lib/python3.12/site-packages/airflow/example_dags/example_subdag_operator.py took 0.163 seconds
[2024-08-13T04:56:31.392+0000] {processor.py:161} INFO - Started process (PID=1699) to work on /home/airflow/.local/lib/python3.12/site-packages/airflow/example_dags/example_subdag_operator.py
[2024-08-13T04:56:31.404+0000] {processor.py:830} INFO - Processing file /home/airflow/.local/lib/python3.12/site-packages/airflow/example_dags/example_subdag_operator.py for tasks to queue
[2024-08-13T04:56:31.408+0000] {logging_mixin.py:188} INFO - [2024-08-13T04:56:31.408+0000] {dagbag.py:545} INFO - Filling up the DagBag from /home/airflow/.local/lib/python3.12/site-packages/airflow/example_dags/example_subdag_operator.py
[2024-08-13T04:56:31.454+0000] {processor.py:840} INFO - DAG(s) 'example_subdag_operator.section-1', 'example_subdag_operator.section-2', 'example_subdag_operator' retrieved from /home/airflow/.local/lib/python3.12/site-packages/airflow/example_dags/example_subdag_operator.py
[2024-08-13T04:56:31.483+0000] {logging_mixin.py:188} INFO - [2024-08-13T04:56:31.482+0000] {dag.py:3089} INFO - Sync 3 DAGs
[2024-08-13T04:56:31.543+0000] {logging_mixin.py:188} INFO - [2024-08-13T04:56:31.542+0000] {dag.py:3947} INFO - Setting next_dagrun for example_subdag_operator to 2022-01-01 00:00:00+00:00, run_after=2022-01-01 00:00:00+00:00
[2024-08-13T04:56:31.562+0000] {logging_mixin.py:188} INFO - [2024-08-13T04:56:31.562+0000] {dag.py:3947} INFO - Setting next_dagrun for example_subdag_operator.section-1 to None, run_after=None
[2024-08-13T04:56:31.564+0000] {logging_mixin.py:188} INFO - [2024-08-13T04:56:31.564+0000] {dag.py:3947} INFO - Setting next_dagrun for example_subdag_operator.section-2 to None, run_after=None
[2024-08-13T04:56:31.577+0000] {logging_mixin.py:188} INFO - [2024-08-13T04:56:31.576+0000] {dag.py:3089} INFO - Sync 2 DAGs
[2024-08-13T04:56:31.593+0000] {logging_mixin.py:188} INFO - [2024-08-13T04:56:31.592+0000] {dag.py:3947} INFO - Setting next_dagrun for example_subdag_operator.section-1 to None, run_after=None
[2024-08-13T04:56:31.594+0000] {logging_mixin.py:188} INFO - [2024-08-13T04:56:31.593+0000] {dag.py:3947} INFO - Setting next_dagrun for example_subdag_operator.section-2 to None, run_after=None
[2024-08-13T04:56:31.689+0000] {processor.py:183} INFO - Processing /home/airflow/.local/lib/python3.12/site-packages/airflow/example_dags/example_subdag_operator.py took 0.305 seconds
[2024-08-13T04:57:02.626+0000] {processor.py:161} INFO - Started process (PID=1757) to work on /home/airflow/.local/lib/python3.12/site-packages/airflow/example_dags/example_subdag_operator.py
[2024-08-13T04:57:02.627+0000] {processor.py:830} INFO - Processing file /home/airflow/.local/lib/python3.12/site-packages/airflow/example_dags/example_subdag_operator.py for tasks to queue
[2024-08-13T04:57:02.637+0000] {logging_mixin.py:188} INFO - [2024-08-13T04:57:02.637+0000] {dagbag.py:545} INFO - Filling up the DagBag from /home/airflow/.local/lib/python3.12/site-packages/airflow/example_dags/example_subdag_operator.py
[2024-08-13T04:57:02.677+0000] {processor.py:840} INFO - DAG(s) 'example_subdag_operator.section-1', 'example_subdag_operator.section-2', 'example_subdag_operator' retrieved from /home/airflow/.local/lib/python3.12/site-packages/airflow/example_dags/example_subdag_operator.py
[2024-08-13T04:57:02.735+0000] {logging_mixin.py:188} INFO - [2024-08-13T04:57:02.735+0000] {dag.py:3089} INFO - Sync 3 DAGs
[2024-08-13T04:57:03.072+0000] {logging_mixin.py:188} INFO - [2024-08-13T04:57:03.071+0000] {dag.py:3947} INFO - Setting next_dagrun for example_subdag_operator to 2022-01-01 00:00:00+00:00, run_after=2022-01-01 00:00:00+00:00
[2024-08-13T04:57:03.085+0000] {logging_mixin.py:188} INFO - [2024-08-13T04:57:03.084+0000] {dag.py:3947} INFO - Setting next_dagrun for example_subdag_operator.section-1 to None, run_after=None
[2024-08-13T04:57:03.086+0000] {logging_mixin.py:188} INFO - [2024-08-13T04:57:03.086+0000] {dag.py:3947} INFO - Setting next_dagrun for example_subdag_operator.section-2 to None, run_after=None
[2024-08-13T04:57:03.106+0000] {logging_mixin.py:188} INFO - [2024-08-13T04:57:03.105+0000] {dag.py:3089} INFO - Sync 2 DAGs
[2024-08-13T04:57:03.119+0000] {logging_mixin.py:188} INFO - [2024-08-13T04:57:03.118+0000] {dag.py:3947} INFO - Setting next_dagrun for example_subdag_operator.section-1 to None, run_after=None
[2024-08-13T04:57:03.122+0000] {logging_mixin.py:188} INFO - [2024-08-13T04:57:03.122+0000] {dag.py:3947} INFO - Setting next_dagrun for example_subdag_operator.section-2 to None, run_after=None
[2024-08-13T04:57:03.237+0000] {processor.py:183} INFO - Processing /home/airflow/.local/lib/python3.12/site-packages/airflow/example_dags/example_subdag_operator.py took 0.619 seconds
[2024-08-13T04:57:33.837+0000] {processor.py:161} INFO - Started process (PID=1815) to work on /home/airflow/.local/lib/python3.12/site-packages/airflow/example_dags/example_subdag_operator.py
[2024-08-13T04:57:33.838+0000] {processor.py:830} INFO - Processing file /home/airflow/.local/lib/python3.12/site-packages/airflow/example_dags/example_subdag_operator.py for tasks to queue
[2024-08-13T04:57:33.840+0000] {logging_mixin.py:188} INFO - [2024-08-13T04:57:33.840+0000] {dagbag.py:545} INFO - Filling up the DagBag from /home/airflow/.local/lib/python3.12/site-packages/airflow/example_dags/example_subdag_operator.py
[2024-08-13T04:57:33.867+0000] {processor.py:840} INFO - DAG(s) 'example_subdag_operator.section-1', 'example_subdag_operator.section-2', 'example_subdag_operator' retrieved from /home/airflow/.local/lib/python3.12/site-packages/airflow/example_dags/example_subdag_operator.py
[2024-08-13T04:57:33.889+0000] {logging_mixin.py:188} INFO - [2024-08-13T04:57:33.889+0000] {dag.py:3089} INFO - Sync 3 DAGs
[2024-08-13T04:57:34.078+0000] {logging_mixin.py:188} INFO - [2024-08-13T04:57:34.077+0000] {dag.py:3947} INFO - Setting next_dagrun for example_subdag_operator to 2022-01-01 00:00:00+00:00, run_after=2022-01-01 00:00:00+00:00
[2024-08-13T04:57:34.082+0000] {logging_mixin.py:188} INFO - [2024-08-13T04:57:34.082+0000] {dag.py:3947} INFO - Setting next_dagrun for example_subdag_operator.section-1 to None, run_after=None
[2024-08-13T04:57:34.084+0000] {logging_mixin.py:188} INFO - [2024-08-13T04:57:34.083+0000] {dag.py:3947} INFO - Setting next_dagrun for example_subdag_operator.section-2 to None, run_after=None
[2024-08-13T04:57:34.092+0000] {logging_mixin.py:188} INFO - [2024-08-13T04:57:34.091+0000] {dag.py:3089} INFO - Sync 2 DAGs
[2024-08-13T04:57:34.096+0000] {logging_mixin.py:188} INFO - [2024-08-13T04:57:34.096+0000] {dag.py:3947} INFO - Setting next_dagrun for example_subdag_operator.section-1 to None, run_after=None
[2024-08-13T04:57:34.097+0000] {logging_mixin.py:188} INFO - [2024-08-13T04:57:34.097+0000] {dag.py:3947} INFO - Setting next_dagrun for example_subdag_operator.section-2 to None, run_after=None
[2024-08-13T04:57:34.167+0000] {processor.py:183} INFO - Processing /home/airflow/.local/lib/python3.12/site-packages/airflow/example_dags/example_subdag_operator.py took 0.337 seconds
[2024-08-13T04:58:04.724+0000] {processor.py:161} INFO - Started process (PID=1873) to work on /home/airflow/.local/lib/python3.12/site-packages/airflow/example_dags/example_subdag_operator.py
[2024-08-13T04:58:04.726+0000] {processor.py:830} INFO - Processing file /home/airflow/.local/lib/python3.12/site-packages/airflow/example_dags/example_subdag_operator.py for tasks to queue
[2024-08-13T04:58:04.728+0000] {logging_mixin.py:188} INFO - [2024-08-13T04:58:04.728+0000] {dagbag.py:545} INFO - Filling up the DagBag from /home/airflow/.local/lib/python3.12/site-packages/airflow/example_dags/example_subdag_operator.py
[2024-08-13T04:58:04.758+0000] {processor.py:840} INFO - DAG(s) 'example_subdag_operator.section-1', 'example_subdag_operator.section-2', 'example_subdag_operator' retrieved from /home/airflow/.local/lib/python3.12/site-packages/airflow/example_dags/example_subdag_operator.py
[2024-08-13T04:58:04.785+0000] {logging_mixin.py:188} INFO - [2024-08-13T04:58:04.785+0000] {dag.py:3089} INFO - Sync 3 DAGs
[2024-08-13T04:58:04.830+0000] {logging_mixin.py:188} INFO - [2024-08-13T04:58:04.830+0000] {dag.py:3947} INFO - Setting next_dagrun for example_subdag_operator to 2022-01-01 00:00:00+00:00, run_after=2022-01-01 00:00:00+00:00
[2024-08-13T04:58:04.834+0000] {logging_mixin.py:188} INFO - [2024-08-13T04:58:04.834+0000] {dag.py:3947} INFO - Setting next_dagrun for example_subdag_operator.section-1 to None, run_after=None
[2024-08-13T04:58:04.835+0000] {logging_mixin.py:188} INFO - [2024-08-13T04:58:04.835+0000] {dag.py:3947} INFO - Setting next_dagrun for example_subdag_operator.section-2 to None, run_after=None
[2024-08-13T04:58:04.842+0000] {logging_mixin.py:188} INFO - [2024-08-13T04:58:04.841+0000] {dag.py:3089} INFO - Sync 2 DAGs
[2024-08-13T04:58:04.846+0000] {logging_mixin.py:188} INFO - [2024-08-13T04:58:04.846+0000] {dag.py:3947} INFO - Setting next_dagrun for example_subdag_operator.section-1 to None, run_after=None
[2024-08-13T04:58:04.847+0000] {logging_mixin.py:188} INFO - [2024-08-13T04:58:04.847+0000] {dag.py:3947} INFO - Setting next_dagrun for example_subdag_operator.section-2 to None, run_after=None
[2024-08-13T04:58:04.916+0000] {processor.py:183} INFO - Processing /home/airflow/.local/lib/python3.12/site-packages/airflow/example_dags/example_subdag_operator.py took 0.202 seconds
[2024-08-13T04:58:35.090+0000] {processor.py:161} INFO - Started process (PID=1931) to work on /home/airflow/.local/lib/python3.12/site-packages/airflow/example_dags/example_subdag_operator.py
[2024-08-13T04:58:35.091+0000] {processor.py:830} INFO - Processing file /home/airflow/.local/lib/python3.12/site-packages/airflow/example_dags/example_subdag_operator.py for tasks to queue
[2024-08-13T04:58:35.094+0000] {logging_mixin.py:188} INFO - [2024-08-13T04:58:35.093+0000] {dagbag.py:545} INFO - Filling up the DagBag from /home/airflow/.local/lib/python3.12/site-packages/airflow/example_dags/example_subdag_operator.py
[2024-08-13T04:58:35.123+0000] {processor.py:840} INFO - DAG(s) 'example_subdag_operator.section-1', 'example_subdag_operator.section-2', 'example_subdag_operator' retrieved from /home/airflow/.local/lib/python3.12/site-packages/airflow/example_dags/example_subdag_operator.py
[2024-08-13T04:58:35.144+0000] {logging_mixin.py:188} INFO - [2024-08-13T04:58:35.144+0000] {dag.py:3089} INFO - Sync 3 DAGs
[2024-08-13T04:58:35.183+0000] {logging_mixin.py:188} INFO - [2024-08-13T04:58:35.183+0000] {dag.py:3947} INFO - Setting next_dagrun for example_subdag_operator to 2022-01-01 00:00:00+00:00, run_after=2022-01-01 00:00:00+00:00
[2024-08-13T04:58:35.191+0000] {logging_mixin.py:188} INFO - [2024-08-13T04:58:35.191+0000] {dag.py:3947} INFO - Setting next_dagrun for example_subdag_operator.section-1 to None, run_after=None
[2024-08-13T04:58:35.193+0000] {logging_mixin.py:188} INFO - [2024-08-13T04:58:35.192+0000] {dag.py:3947} INFO - Setting next_dagrun for example_subdag_operator.section-2 to None, run_after=None
[2024-08-13T04:58:35.201+0000] {logging_mixin.py:188} INFO - [2024-08-13T04:58:35.201+0000] {dag.py:3089} INFO - Sync 2 DAGs
[2024-08-13T04:58:35.206+0000] {logging_mixin.py:188} INFO - [2024-08-13T04:58:35.206+0000] {dag.py:3947} INFO - Setting next_dagrun for example_subdag_operator.section-1 to None, run_after=None
[2024-08-13T04:58:35.207+0000] {logging_mixin.py:188} INFO - [2024-08-13T04:58:35.207+0000] {dag.py:3947} INFO - Setting next_dagrun for example_subdag_operator.section-2 to None, run_after=None
[2024-08-13T04:58:35.802+0000] {processor.py:183} INFO - Processing /home/airflow/.local/lib/python3.12/site-packages/airflow/example_dags/example_subdag_operator.py took 0.717 seconds
[2024-08-13T04:59:06.706+0000] {processor.py:161} INFO - Started process (PID=1988) to work on /home/airflow/.local/lib/python3.12/site-packages/airflow/example_dags/example_subdag_operator.py
[2024-08-13T04:59:06.716+0000] {processor.py:830} INFO - Processing file /home/airflow/.local/lib/python3.12/site-packages/airflow/example_dags/example_subdag_operator.py for tasks to queue
[2024-08-13T04:59:06.743+0000] {logging_mixin.py:188} INFO - [2024-08-13T04:59:06.742+0000] {dagbag.py:545} INFO - Filling up the DagBag from /home/airflow/.local/lib/python3.12/site-packages/airflow/example_dags/example_subdag_operator.py
[2024-08-13T04:59:06.811+0000] {processor.py:840} INFO - DAG(s) 'example_subdag_operator.section-1', 'example_subdag_operator.section-2', 'example_subdag_operator' retrieved from /home/airflow/.local/lib/python3.12/site-packages/airflow/example_dags/example_subdag_operator.py
[2024-08-13T04:59:06.874+0000] {logging_mixin.py:188} INFO - [2024-08-13T04:59:06.874+0000] {dag.py:3089} INFO - Sync 3 DAGs
[2024-08-13T04:59:06.896+0000] {logging_mixin.py:188} INFO - [2024-08-13T04:59:06.896+0000] {dag.py:3947} INFO - Setting next_dagrun for example_subdag_operator to 2022-01-01 00:00:00+00:00, run_after=2022-01-01 00:00:00+00:00
[2024-08-13T04:59:06.900+0000] {logging_mixin.py:188} INFO - [2024-08-13T04:59:06.900+0000] {dag.py:3947} INFO - Setting next_dagrun for example_subdag_operator.section-1 to None, run_after=None
[2024-08-13T04:59:06.901+0000] {logging_mixin.py:188} INFO - [2024-08-13T04:59:06.901+0000] {dag.py:3947} INFO - Setting next_dagrun for example_subdag_operator.section-2 to None, run_after=None
[2024-08-13T04:59:06.908+0000] {logging_mixin.py:188} INFO - [2024-08-13T04:59:06.908+0000] {dag.py:3089} INFO - Sync 2 DAGs
[2024-08-13T04:59:06.914+0000] {logging_mixin.py:188} INFO - [2024-08-13T04:59:06.914+0000] {dag.py:3947} INFO - Setting next_dagrun for example_subdag_operator.section-1 to None, run_after=None
[2024-08-13T04:59:06.914+0000] {logging_mixin.py:188} INFO - [2024-08-13T04:59:06.914+0000] {dag.py:3947} INFO - Setting next_dagrun for example_subdag_operator.section-2 to None, run_after=None
[2024-08-13T04:59:06.984+0000] {processor.py:183} INFO - Processing /home/airflow/.local/lib/python3.12/site-packages/airflow/example_dags/example_subdag_operator.py took 0.287 seconds
[2024-08-13T04:59:37.376+0000] {processor.py:161} INFO - Started process (PID=2047) to work on /home/airflow/.local/lib/python3.12/site-packages/airflow/example_dags/example_subdag_operator.py
[2024-08-13T04:59:37.378+0000] {processor.py:830} INFO - Processing file /home/airflow/.local/lib/python3.12/site-packages/airflow/example_dags/example_subdag_operator.py for tasks to queue
[2024-08-13T04:59:37.397+0000] {logging_mixin.py:188} INFO - [2024-08-13T04:59:37.396+0000] {dagbag.py:545} INFO - Filling up the DagBag from /home/airflow/.local/lib/python3.12/site-packages/airflow/example_dags/example_subdag_operator.py
[2024-08-13T04:59:37.450+0000] {processor.py:840} INFO - DAG(s) 'example_subdag_operator.section-1', 'example_subdag_operator.section-2', 'example_subdag_operator' retrieved from /home/airflow/.local/lib/python3.12/site-packages/airflow/example_dags/example_subdag_operator.py
[2024-08-13T04:59:37.500+0000] {logging_mixin.py:188} INFO - [2024-08-13T04:59:37.500+0000] {dag.py:3089} INFO - Sync 3 DAGs
[2024-08-13T04:59:37.532+0000] {logging_mixin.py:188} INFO - [2024-08-13T04:59:37.531+0000] {dag.py:3947} INFO - Setting next_dagrun for example_subdag_operator to 2022-01-01 00:00:00+00:00, run_after=2022-01-01 00:00:00+00:00
[2024-08-13T04:59:37.536+0000] {logging_mixin.py:188} INFO - [2024-08-13T04:59:37.536+0000] {dag.py:3947} INFO - Setting next_dagrun for example_subdag_operator.section-1 to None, run_after=None
[2024-08-13T04:59:37.538+0000] {logging_mixin.py:188} INFO - [2024-08-13T04:59:37.538+0000] {dag.py:3947} INFO - Setting next_dagrun for example_subdag_operator.section-2 to None, run_after=None
[2024-08-13T04:59:37.545+0000] {logging_mixin.py:188} INFO - [2024-08-13T04:59:37.545+0000] {dag.py:3089} INFO - Sync 2 DAGs
[2024-08-13T04:59:37.550+0000] {logging_mixin.py:188} INFO - [2024-08-13T04:59:37.550+0000] {dag.py:3947} INFO - Setting next_dagrun for example_subdag_operator.section-1 to None, run_after=None
[2024-08-13T04:59:37.550+0000] {logging_mixin.py:188} INFO - [2024-08-13T04:59:37.550+0000] {dag.py:3947} INFO - Setting next_dagrun for example_subdag_operator.section-2 to None, run_after=None
[2024-08-13T04:59:37.987+0000] {processor.py:183} INFO - Processing /home/airflow/.local/lib/python3.12/site-packages/airflow/example_dags/example_subdag_operator.py took 0.625 seconds
[2024-08-13T05:00:08.572+0000] {processor.py:161} INFO - Started process (PID=2104) to work on /home/airflow/.local/lib/python3.12/site-packages/airflow/example_dags/example_subdag_operator.py
[2024-08-13T05:00:08.580+0000] {processor.py:830} INFO - Processing file /home/airflow/.local/lib/python3.12/site-packages/airflow/example_dags/example_subdag_operator.py for tasks to queue
[2024-08-13T05:00:08.585+0000] {logging_mixin.py:188} INFO - [2024-08-13T05:00:08.584+0000] {dagbag.py:545} INFO - Filling up the DagBag from /home/airflow/.local/lib/python3.12/site-packages/airflow/example_dags/example_subdag_operator.py
[2024-08-13T05:00:08.619+0000] {processor.py:840} INFO - DAG(s) 'example_subdag_operator.section-1', 'example_subdag_operator.section-2', 'example_subdag_operator' retrieved from /home/airflow/.local/lib/python3.12/site-packages/airflow/example_dags/example_subdag_operator.py
[2024-08-13T05:00:08.642+0000] {logging_mixin.py:188} INFO - [2024-08-13T05:00:08.642+0000] {dag.py:3089} INFO - Sync 3 DAGs
[2024-08-13T05:00:08.666+0000] {logging_mixin.py:188} INFO - [2024-08-13T05:00:08.665+0000] {dag.py:3947} INFO - Setting next_dagrun for example_subdag_operator to 2022-01-01 00:00:00+00:00, run_after=2022-01-01 00:00:00+00:00
[2024-08-13T05:00:08.669+0000] {logging_mixin.py:188} INFO - [2024-08-13T05:00:08.669+0000] {dag.py:3947} INFO - Setting next_dagrun for example_subdag_operator.section-1 to None, run_after=None
[2024-08-13T05:00:08.671+0000] {logging_mixin.py:188} INFO - [2024-08-13T05:00:08.671+0000] {dag.py:3947} INFO - Setting next_dagrun for example_subdag_operator.section-2 to None, run_after=None
[2024-08-13T05:00:08.677+0000] {logging_mixin.py:188} INFO - [2024-08-13T05:00:08.677+0000] {dag.py:3089} INFO - Sync 2 DAGs
[2024-08-13T05:00:08.683+0000] {logging_mixin.py:188} INFO - [2024-08-13T05:00:08.682+0000] {dag.py:3947} INFO - Setting next_dagrun for example_subdag_operator.section-1 to None, run_after=None
[2024-08-13T05:00:08.684+0000] {logging_mixin.py:188} INFO - [2024-08-13T05:00:08.684+0000] {dag.py:3947} INFO - Setting next_dagrun for example_subdag_operator.section-2 to None, run_after=None
[2024-08-13T05:00:08.752+0000] {processor.py:183} INFO - Processing /home/airflow/.local/lib/python3.12/site-packages/airflow/example_dags/example_subdag_operator.py took 0.192 seconds
[2024-08-13T05:00:39.265+0000] {processor.py:161} INFO - Started process (PID=2162) to work on /home/airflow/.local/lib/python3.12/site-packages/airflow/example_dags/example_subdag_operator.py
[2024-08-13T05:00:39.271+0000] {processor.py:830} INFO - Processing file /home/airflow/.local/lib/python3.12/site-packages/airflow/example_dags/example_subdag_operator.py for tasks to queue
[2024-08-13T05:00:39.273+0000] {logging_mixin.py:188} INFO - [2024-08-13T05:00:39.273+0000] {dagbag.py:545} INFO - Filling up the DagBag from /home/airflow/.local/lib/python3.12/site-packages/airflow/example_dags/example_subdag_operator.py
[2024-08-13T05:00:39.375+0000] {processor.py:840} INFO - DAG(s) 'example_subdag_operator.section-1', 'example_subdag_operator.section-2', 'example_subdag_operator' retrieved from /home/airflow/.local/lib/python3.12/site-packages/airflow/example_dags/example_subdag_operator.py
[2024-08-13T05:00:39.470+0000] {logging_mixin.py:188} INFO - [2024-08-13T05:00:39.469+0000] {dag.py:3089} INFO - Sync 3 DAGs
[2024-08-13T05:00:39.534+0000] {logging_mixin.py:188} INFO - [2024-08-13T05:00:39.534+0000] {dag.py:3947} INFO - Setting next_dagrun for example_subdag_operator to 2022-01-01 00:00:00+00:00, run_after=2022-01-01 00:00:00+00:00
[2024-08-13T05:00:39.550+0000] {logging_mixin.py:188} INFO - [2024-08-13T05:00:39.550+0000] {dag.py:3947} INFO - Setting next_dagrun for example_subdag_operator.section-1 to None, run_after=None
[2024-08-13T05:00:39.552+0000] {logging_mixin.py:188} INFO - [2024-08-13T05:00:39.552+0000] {dag.py:3947} INFO - Setting next_dagrun for example_subdag_operator.section-2 to None, run_after=None
[2024-08-13T05:00:39.572+0000] {logging_mixin.py:188} INFO - [2024-08-13T05:00:39.572+0000] {dag.py:3089} INFO - Sync 2 DAGs
[2024-08-13T05:00:39.587+0000] {logging_mixin.py:188} INFO - [2024-08-13T05:00:39.587+0000] {dag.py:3947} INFO - Setting next_dagrun for example_subdag_operator.section-1 to None, run_after=None
[2024-08-13T05:00:39.588+0000] {logging_mixin.py:188} INFO - [2024-08-13T05:00:39.587+0000] {dag.py:3947} INFO - Setting next_dagrun for example_subdag_operator.section-2 to None, run_after=None
[2024-08-13T05:00:40.860+0000] {processor.py:183} INFO - Processing /home/airflow/.local/lib/python3.12/site-packages/airflow/example_dags/example_subdag_operator.py took 1.603 seconds
[2024-08-13T05:01:11.179+0000] {processor.py:161} INFO - Started process (PID=2220) to work on /home/airflow/.local/lib/python3.12/site-packages/airflow/example_dags/example_subdag_operator.py
[2024-08-13T05:01:11.180+0000] {processor.py:830} INFO - Processing file /home/airflow/.local/lib/python3.12/site-packages/airflow/example_dags/example_subdag_operator.py for tasks to queue
[2024-08-13T05:01:11.183+0000] {logging_mixin.py:188} INFO - [2024-08-13T05:01:11.182+0000] {dagbag.py:545} INFO - Filling up the DagBag from /home/airflow/.local/lib/python3.12/site-packages/airflow/example_dags/example_subdag_operator.py
[2024-08-13T05:01:11.213+0000] {processor.py:840} INFO - DAG(s) 'example_subdag_operator.section-1', 'example_subdag_operator.section-2', 'example_subdag_operator' retrieved from /home/airflow/.local/lib/python3.12/site-packages/airflow/example_dags/example_subdag_operator.py
[2024-08-13T05:01:11.235+0000] {logging_mixin.py:188} INFO - [2024-08-13T05:01:11.235+0000] {dag.py:3089} INFO - Sync 3 DAGs
[2024-08-13T05:01:11.275+0000] {logging_mixin.py:188} INFO - [2024-08-13T05:01:11.274+0000] {dag.py:3947} INFO - Setting next_dagrun for example_subdag_operator to 2022-01-01 00:00:00+00:00, run_after=2022-01-01 00:00:00+00:00
[2024-08-13T05:01:11.279+0000] {logging_mixin.py:188} INFO - [2024-08-13T05:01:11.279+0000] {dag.py:3947} INFO - Setting next_dagrun for example_subdag_operator.section-1 to None, run_after=None
[2024-08-13T05:01:11.280+0000] {logging_mixin.py:188} INFO - [2024-08-13T05:01:11.280+0000] {dag.py:3947} INFO - Setting next_dagrun for example_subdag_operator.section-2 to None, run_after=None
[2024-08-13T05:01:11.288+0000] {logging_mixin.py:188} INFO - [2024-08-13T05:01:11.287+0000] {dag.py:3089} INFO - Sync 2 DAGs
[2024-08-13T05:01:11.292+0000] {logging_mixin.py:188} INFO - [2024-08-13T05:01:11.292+0000] {dag.py:3947} INFO - Setting next_dagrun for example_subdag_operator.section-1 to None, run_after=None
[2024-08-13T05:01:11.293+0000] {logging_mixin.py:188} INFO - [2024-08-13T05:01:11.293+0000] {dag.py:3947} INFO - Setting next_dagrun for example_subdag_operator.section-2 to None, run_after=None
[2024-08-13T05:01:11.416+0000] {processor.py:183} INFO - Processing /home/airflow/.local/lib/python3.12/site-packages/airflow/example_dags/example_subdag_operator.py took 0.245 seconds
[2024-08-13T05:01:41.665+0000] {processor.py:161} INFO - Started process (PID=2279) to work on /home/airflow/.local/lib/python3.12/site-packages/airflow/example_dags/example_subdag_operator.py
[2024-08-13T05:01:41.667+0000] {processor.py:830} INFO - Processing file /home/airflow/.local/lib/python3.12/site-packages/airflow/example_dags/example_subdag_operator.py for tasks to queue
[2024-08-13T05:01:41.669+0000] {logging_mixin.py:188} INFO - [2024-08-13T05:01:41.669+0000] {dagbag.py:545} INFO - Filling up the DagBag from /home/airflow/.local/lib/python3.12/site-packages/airflow/example_dags/example_subdag_operator.py
[2024-08-13T05:01:41.733+0000] {processor.py:840} INFO - DAG(s) 'example_subdag_operator.section-1', 'example_subdag_operator.section-2', 'example_subdag_operator' retrieved from /home/airflow/.local/lib/python3.12/site-packages/airflow/example_dags/example_subdag_operator.py
[2024-08-13T05:01:41.792+0000] {logging_mixin.py:188} INFO - [2024-08-13T05:01:41.792+0000] {dag.py:3089} INFO - Sync 3 DAGs
[2024-08-13T05:01:41.824+0000] {logging_mixin.py:188} INFO - [2024-08-13T05:01:41.824+0000] {dag.py:3947} INFO - Setting next_dagrun for example_subdag_operator to 2022-01-01 00:00:00+00:00, run_after=2022-01-01 00:00:00+00:00
[2024-08-13T05:01:41.827+0000] {logging_mixin.py:188} INFO - [2024-08-13T05:01:41.827+0000] {dag.py:3947} INFO - Setting next_dagrun for example_subdag_operator.section-1 to None, run_after=None
[2024-08-13T05:01:41.829+0000] {logging_mixin.py:188} INFO - [2024-08-13T05:01:41.828+0000] {dag.py:3947} INFO - Setting next_dagrun for example_subdag_operator.section-2 to None, run_after=None
[2024-08-13T05:01:41.836+0000] {logging_mixin.py:188} INFO - [2024-08-13T05:01:41.835+0000] {dag.py:3089} INFO - Sync 2 DAGs
[2024-08-13T05:01:41.840+0000] {logging_mixin.py:188} INFO - [2024-08-13T05:01:41.840+0000] {dag.py:3947} INFO - Setting next_dagrun for example_subdag_operator.section-1 to None, run_after=None
[2024-08-13T05:01:41.840+0000] {logging_mixin.py:188} INFO - [2024-08-13T05:01:41.840+0000] {dag.py:3947} INFO - Setting next_dagrun for example_subdag_operator.section-2 to None, run_after=None
[2024-08-13T05:01:41.909+0000] {processor.py:183} INFO - Processing /home/airflow/.local/lib/python3.12/site-packages/airflow/example_dags/example_subdag_operator.py took 0.251 seconds
[2024-08-13T05:02:12.370+0000] {processor.py:161} INFO - Started process (PID=2338) to work on /home/airflow/.local/lib/python3.12/site-packages/airflow/example_dags/example_subdag_operator.py
[2024-08-13T05:02:12.371+0000] {processor.py:830} INFO - Processing file /home/airflow/.local/lib/python3.12/site-packages/airflow/example_dags/example_subdag_operator.py for tasks to queue
[2024-08-13T05:02:12.374+0000] {logging_mixin.py:188} INFO - [2024-08-13T05:02:12.373+0000] {dagbag.py:545} INFO - Filling up the DagBag from /home/airflow/.local/lib/python3.12/site-packages/airflow/example_dags/example_subdag_operator.py
[2024-08-13T05:02:12.404+0000] {processor.py:840} INFO - DAG(s) 'example_subdag_operator.section-1', 'example_subdag_operator.section-2', 'example_subdag_operator' retrieved from /home/airflow/.local/lib/python3.12/site-packages/airflow/example_dags/example_subdag_operator.py
[2024-08-13T05:02:12.427+0000] {logging_mixin.py:188} INFO - [2024-08-13T05:02:12.426+0000] {dag.py:3089} INFO - Sync 3 DAGs
[2024-08-13T05:02:12.457+0000] {logging_mixin.py:188} INFO - [2024-08-13T05:02:12.457+0000] {dag.py:3947} INFO - Setting next_dagrun for example_subdag_operator to 2022-01-01 00:00:00+00:00, run_after=2022-01-01 00:00:00+00:00
[2024-08-13T05:02:12.461+0000] {logging_mixin.py:188} INFO - [2024-08-13T05:02:12.461+0000] {dag.py:3947} INFO - Setting next_dagrun for example_subdag_operator.section-1 to None, run_after=None
[2024-08-13T05:02:12.463+0000] {logging_mixin.py:188} INFO - [2024-08-13T05:02:12.463+0000] {dag.py:3947} INFO - Setting next_dagrun for example_subdag_operator.section-2 to None, run_after=None
[2024-08-13T05:02:12.473+0000] {logging_mixin.py:188} INFO - [2024-08-13T05:02:12.473+0000] {dag.py:3089} INFO - Sync 2 DAGs
[2024-08-13T05:02:12.477+0000] {logging_mixin.py:188} INFO - [2024-08-13T05:02:12.477+0000] {dag.py:3947} INFO - Setting next_dagrun for example_subdag_operator.section-1 to None, run_after=None
[2024-08-13T05:02:12.478+0000] {logging_mixin.py:188} INFO - [2024-08-13T05:02:12.478+0000] {dag.py:3947} INFO - Setting next_dagrun for example_subdag_operator.section-2 to None, run_after=None
[2024-08-13T05:02:12.557+0000] {processor.py:183} INFO - Processing /home/airflow/.local/lib/python3.12/site-packages/airflow/example_dags/example_subdag_operator.py took 0.198 seconds
[2024-08-13T05:02:43.080+0000] {processor.py:161} INFO - Started process (PID=2398) to work on /home/airflow/.local/lib/python3.12/site-packages/airflow/example_dags/example_subdag_operator.py
[2024-08-13T05:02:43.081+0000] {processor.py:830} INFO - Processing file /home/airflow/.local/lib/python3.12/site-packages/airflow/example_dags/example_subdag_operator.py for tasks to queue
[2024-08-13T05:02:43.085+0000] {logging_mixin.py:188} INFO - [2024-08-13T05:02:43.085+0000] {dagbag.py:545} INFO - Filling up the DagBag from /home/airflow/.local/lib/python3.12/site-packages/airflow/example_dags/example_subdag_operator.py
[2024-08-13T05:02:43.188+0000] {processor.py:840} INFO - DAG(s) 'example_subdag_operator.section-1', 'example_subdag_operator.section-2', 'example_subdag_operator' retrieved from /home/airflow/.local/lib/python3.12/site-packages/airflow/example_dags/example_subdag_operator.py
[2024-08-13T05:02:43.246+0000] {logging_mixin.py:188} INFO - [2024-08-13T05:02:43.246+0000] {dag.py:3089} INFO - Sync 3 DAGs
[2024-08-13T05:02:43.302+0000] {logging_mixin.py:188} INFO - [2024-08-13T05:02:43.301+0000] {dag.py:3947} INFO - Setting next_dagrun for example_subdag_operator to 2022-01-01 00:00:00+00:00, run_after=2022-01-01 00:00:00+00:00
[2024-08-13T05:02:43.307+0000] {logging_mixin.py:188} INFO - [2024-08-13T05:02:43.307+0000] {dag.py:3947} INFO - Setting next_dagrun for example_subdag_operator.section-1 to None, run_after=None
[2024-08-13T05:02:43.309+0000] {logging_mixin.py:188} INFO - [2024-08-13T05:02:43.309+0000] {dag.py:3947} INFO - Setting next_dagrun for example_subdag_operator.section-2 to None, run_after=None
[2024-08-13T05:02:43.319+0000] {logging_mixin.py:188} INFO - [2024-08-13T05:02:43.319+0000] {dag.py:3089} INFO - Sync 2 DAGs
[2024-08-13T05:02:43.325+0000] {logging_mixin.py:188} INFO - [2024-08-13T05:02:43.325+0000] {dag.py:3947} INFO - Setting next_dagrun for example_subdag_operator.section-1 to None, run_after=None
[2024-08-13T05:02:43.327+0000] {logging_mixin.py:188} INFO - [2024-08-13T05:02:43.326+0000] {dag.py:3947} INFO - Setting next_dagrun for example_subdag_operator.section-2 to None, run_after=None
[2024-08-13T05:02:43.400+0000] {processor.py:183} INFO - Processing /home/airflow/.local/lib/python3.12/site-packages/airflow/example_dags/example_subdag_operator.py took 0.342 seconds
[2024-08-13T05:03:13.983+0000] {processor.py:161} INFO - Started process (PID=2455) to work on /home/airflow/.local/lib/python3.12/site-packages/airflow/example_dags/example_subdag_operator.py
[2024-08-13T05:03:13.984+0000] {processor.py:830} INFO - Processing file /home/airflow/.local/lib/python3.12/site-packages/airflow/example_dags/example_subdag_operator.py for tasks to queue
[2024-08-13T05:03:13.987+0000] {logging_mixin.py:188} INFO - [2024-08-13T05:03:13.986+0000] {dagbag.py:545} INFO - Filling up the DagBag from /home/airflow/.local/lib/python3.12/site-packages/airflow/example_dags/example_subdag_operator.py
[2024-08-13T05:03:14.029+0000] {processor.py:840} INFO - DAG(s) 'example_subdag_operator.section-1', 'example_subdag_operator.section-2', 'example_subdag_operator' retrieved from /home/airflow/.local/lib/python3.12/site-packages/airflow/example_dags/example_subdag_operator.py
[2024-08-13T05:03:14.055+0000] {logging_mixin.py:188} INFO - [2024-08-13T05:03:14.055+0000] {dag.py:3089} INFO - Sync 3 DAGs
[2024-08-13T05:03:14.094+0000] {logging_mixin.py:188} INFO - [2024-08-13T05:03:14.093+0000] {dag.py:3947} INFO - Setting next_dagrun for example_subdag_operator to 2022-01-01 00:00:00+00:00, run_after=2022-01-01 00:00:00+00:00
[2024-08-13T05:03:14.102+0000] {logging_mixin.py:188} INFO - [2024-08-13T05:03:14.102+0000] {dag.py:3947} INFO - Setting next_dagrun for example_subdag_operator.section-1 to None, run_after=None
[2024-08-13T05:03:14.105+0000] {logging_mixin.py:188} INFO - [2024-08-13T05:03:14.105+0000] {dag.py:3947} INFO - Setting next_dagrun for example_subdag_operator.section-2 to None, run_after=None
[2024-08-13T05:03:14.114+0000] {logging_mixin.py:188} INFO - [2024-08-13T05:03:14.113+0000] {dag.py:3089} INFO - Sync 2 DAGs
[2024-08-13T05:03:14.119+0000] {logging_mixin.py:188} INFO - [2024-08-13T05:03:14.118+0000] {dag.py:3947} INFO - Setting next_dagrun for example_subdag_operator.section-1 to None, run_after=None
[2024-08-13T05:03:14.119+0000] {logging_mixin.py:188} INFO - [2024-08-13T05:03:14.119+0000] {dag.py:3947} INFO - Setting next_dagrun for example_subdag_operator.section-2 to None, run_after=None
[2024-08-13T05:03:14.207+0000] {processor.py:183} INFO - Processing /home/airflow/.local/lib/python3.12/site-packages/airflow/example_dags/example_subdag_operator.py took 0.230 seconds
