[2024-08-13T04:42:15.981+0000] {processor.py:161} INFO - Started process (PID=101) to work on /home/airflow/.local/lib/python3.12/site-packages/airflow/example_dags/example_bash_decorator.py
[2024-08-13T04:42:15.996+0000] {processor.py:830} INFO - Processing file /home/airflow/.local/lib/python3.12/site-packages/airflow/example_dags/example_bash_decorator.py for tasks to queue
[2024-08-13T04:42:16.020+0000] {logging_mixin.py:188} INFO - [2024-08-13T04:42:16.019+0000] {dagbag.py:545} INFO - Filling up the DagBag from /home/airflow/.local/lib/python3.12/site-packages/airflow/example_dags/example_bash_decorator.py
[2024-08-13T04:42:16.152+0000] {processor.py:840} INFO - DAG(s) 'example_bash_decorator' retrieved from /home/airflow/.local/lib/python3.12/site-packages/airflow/example_dags/example_bash_decorator.py
[2024-08-13T04:42:17.107+0000] {logging_mixin.py:188} INFO - [2024-08-13T04:42:17.107+0000] {dag.py:3089} INFO - Sync 1 DAGs
[2024-08-13T04:42:17.177+0000] {logging_mixin.py:188} INFO - [2024-08-13T04:42:17.176+0000] {dag.py:3947} INFO - Setting next_dagrun for example_bash_decorator to None, run_after=None
[2024-08-13T04:42:17.362+0000] {processor.py:183} INFO - Processing /home/airflow/.local/lib/python3.12/site-packages/airflow/example_dags/example_bash_decorator.py took 1.405 seconds
[2024-08-13T04:42:48.707+0000] {processor.py:161} INFO - Started process (PID=158) to work on /home/airflow/.local/lib/python3.12/site-packages/airflow/example_dags/example_bash_decorator.py
[2024-08-13T04:42:48.714+0000] {processor.py:830} INFO - Processing file /home/airflow/.local/lib/python3.12/site-packages/airflow/example_dags/example_bash_decorator.py for tasks to queue
[2024-08-13T04:42:48.725+0000] {logging_mixin.py:188} INFO - [2024-08-13T04:42:48.724+0000] {dagbag.py:545} INFO - Filling up the DagBag from /home/airflow/.local/lib/python3.12/site-packages/airflow/example_dags/example_bash_decorator.py
[2024-08-13T04:42:48.844+0000] {processor.py:840} INFO - DAG(s) 'example_bash_decorator' retrieved from /home/airflow/.local/lib/python3.12/site-packages/airflow/example_dags/example_bash_decorator.py
[2024-08-13T04:42:48.924+0000] {logging_mixin.py:188} INFO - [2024-08-13T04:42:48.923+0000] {dag.py:3089} INFO - Sync 1 DAGs
[2024-08-13T04:42:49.001+0000] {logging_mixin.py:188} INFO - [2024-08-13T04:42:48.991+0000] {dag.py:3947} INFO - Setting next_dagrun for example_bash_decorator to None, run_after=None
[2024-08-13T04:42:50.126+0000] {processor.py:183} INFO - Processing /home/airflow/.local/lib/python3.12/site-packages/airflow/example_dags/example_bash_decorator.py took 1.433 seconds
[2024-08-13T04:43:21.244+0000] {processor.py:161} INFO - Started process (PID=216) to work on /home/airflow/.local/lib/python3.12/site-packages/airflow/example_dags/example_bash_decorator.py
[2024-08-13T04:43:21.245+0000] {processor.py:830} INFO - Processing file /home/airflow/.local/lib/python3.12/site-packages/airflow/example_dags/example_bash_decorator.py for tasks to queue
[2024-08-13T04:43:21.247+0000] {logging_mixin.py:188} INFO - [2024-08-13T04:43:21.247+0000] {dagbag.py:545} INFO - Filling up the DagBag from /home/airflow/.local/lib/python3.12/site-packages/airflow/example_dags/example_bash_decorator.py
[2024-08-13T04:43:21.271+0000] {processor.py:840} INFO - DAG(s) 'example_bash_decorator' retrieved from /home/airflow/.local/lib/python3.12/site-packages/airflow/example_dags/example_bash_decorator.py
[2024-08-13T04:43:21.303+0000] {logging_mixin.py:188} INFO - [2024-08-13T04:43:21.302+0000] {dag.py:3089} INFO - Sync 1 DAGs
[2024-08-13T04:43:21.321+0000] {logging_mixin.py:188} INFO - [2024-08-13T04:43:21.321+0000] {dag.py:3947} INFO - Setting next_dagrun for example_bash_decorator to None, run_after=None
[2024-08-13T04:43:21.382+0000] {processor.py:183} INFO - Processing /home/airflow/.local/lib/python3.12/site-packages/airflow/example_dags/example_bash_decorator.py took 0.145 seconds
[2024-08-13T04:43:51.695+0000] {processor.py:161} INFO - Started process (PID=274) to work on /home/airflow/.local/lib/python3.12/site-packages/airflow/example_dags/example_bash_decorator.py
[2024-08-13T04:43:51.696+0000] {processor.py:830} INFO - Processing file /home/airflow/.local/lib/python3.12/site-packages/airflow/example_dags/example_bash_decorator.py for tasks to queue
[2024-08-13T04:43:51.701+0000] {logging_mixin.py:188} INFO - [2024-08-13T04:43:51.700+0000] {dagbag.py:545} INFO - Filling up the DagBag from /home/airflow/.local/lib/python3.12/site-packages/airflow/example_dags/example_bash_decorator.py
[2024-08-13T04:43:51.715+0000] {processor.py:840} INFO - DAG(s) 'example_bash_decorator' retrieved from /home/airflow/.local/lib/python3.12/site-packages/airflow/example_dags/example_bash_decorator.py
[2024-08-13T04:43:51.746+0000] {logging_mixin.py:188} INFO - [2024-08-13T04:43:51.746+0000] {dag.py:3089} INFO - Sync 1 DAGs
[2024-08-13T04:43:51.817+0000] {logging_mixin.py:188} INFO - [2024-08-13T04:43:51.817+0000] {dag.py:3947} INFO - Setting next_dagrun for example_bash_decorator to None, run_after=None
[2024-08-13T04:43:52.028+0000] {processor.py:183} INFO - Processing /home/airflow/.local/lib/python3.12/site-packages/airflow/example_dags/example_bash_decorator.py took 0.340 seconds
[2024-08-13T04:44:23.079+0000] {processor.py:161} INFO - Started process (PID=332) to work on /home/airflow/.local/lib/python3.12/site-packages/airflow/example_dags/example_bash_decorator.py
[2024-08-13T04:44:23.080+0000] {processor.py:830} INFO - Processing file /home/airflow/.local/lib/python3.12/site-packages/airflow/example_dags/example_bash_decorator.py for tasks to queue
[2024-08-13T04:44:23.082+0000] {logging_mixin.py:188} INFO - [2024-08-13T04:44:23.081+0000] {dagbag.py:545} INFO - Filling up the DagBag from /home/airflow/.local/lib/python3.12/site-packages/airflow/example_dags/example_bash_decorator.py
[2024-08-13T04:44:23.099+0000] {processor.py:840} INFO - DAG(s) 'example_bash_decorator' retrieved from /home/airflow/.local/lib/python3.12/site-packages/airflow/example_dags/example_bash_decorator.py
[2024-08-13T04:44:23.122+0000] {logging_mixin.py:188} INFO - [2024-08-13T04:44:23.121+0000] {dag.py:3089} INFO - Sync 1 DAGs
[2024-08-13T04:44:23.134+0000] {logging_mixin.py:188} INFO - [2024-08-13T04:44:23.134+0000] {dag.py:3947} INFO - Setting next_dagrun for example_bash_decorator to None, run_after=None
[2024-08-13T04:44:23.237+0000] {processor.py:183} INFO - Processing /home/airflow/.local/lib/python3.12/site-packages/airflow/example_dags/example_bash_decorator.py took 0.163 seconds
[2024-08-13T04:44:53.393+0000] {processor.py:161} INFO - Started process (PID=390) to work on /home/airflow/.local/lib/python3.12/site-packages/airflow/example_dags/example_bash_decorator.py
[2024-08-13T04:44:53.394+0000] {processor.py:830} INFO - Processing file /home/airflow/.local/lib/python3.12/site-packages/airflow/example_dags/example_bash_decorator.py for tasks to queue
[2024-08-13T04:44:53.396+0000] {logging_mixin.py:188} INFO - [2024-08-13T04:44:53.396+0000] {dagbag.py:545} INFO - Filling up the DagBag from /home/airflow/.local/lib/python3.12/site-packages/airflow/example_dags/example_bash_decorator.py
[2024-08-13T04:44:53.408+0000] {processor.py:840} INFO - DAG(s) 'example_bash_decorator' retrieved from /home/airflow/.local/lib/python3.12/site-packages/airflow/example_dags/example_bash_decorator.py
[2024-08-13T04:44:53.429+0000] {logging_mixin.py:188} INFO - [2024-08-13T04:44:53.429+0000] {dag.py:3089} INFO - Sync 1 DAGs
[2024-08-13T04:44:53.452+0000] {logging_mixin.py:188} INFO - [2024-08-13T04:44:53.452+0000] {dag.py:3947} INFO - Setting next_dagrun for example_bash_decorator to None, run_after=None
[2024-08-13T04:44:53.536+0000] {processor.py:183} INFO - Processing /home/airflow/.local/lib/python3.12/site-packages/airflow/example_dags/example_bash_decorator.py took 0.148 seconds
[2024-08-13T04:45:24.539+0000] {processor.py:161} INFO - Started process (PID=448) to work on /home/airflow/.local/lib/python3.12/site-packages/airflow/example_dags/example_bash_decorator.py
[2024-08-13T04:45:24.547+0000] {processor.py:830} INFO - Processing file /home/airflow/.local/lib/python3.12/site-packages/airflow/example_dags/example_bash_decorator.py for tasks to queue
[2024-08-13T04:45:24.557+0000] {logging_mixin.py:188} INFO - [2024-08-13T04:45:24.557+0000] {dagbag.py:545} INFO - Filling up the DagBag from /home/airflow/.local/lib/python3.12/site-packages/airflow/example_dags/example_bash_decorator.py
[2024-08-13T04:45:24.593+0000] {processor.py:840} INFO - DAG(s) 'example_bash_decorator' retrieved from /home/airflow/.local/lib/python3.12/site-packages/airflow/example_dags/example_bash_decorator.py
[2024-08-13T04:45:24.660+0000] {logging_mixin.py:188} INFO - [2024-08-13T04:45:24.660+0000] {dag.py:3089} INFO - Sync 1 DAGs
[2024-08-13T04:45:24.698+0000] {logging_mixin.py:188} INFO - [2024-08-13T04:45:24.698+0000] {dag.py:3947} INFO - Setting next_dagrun for example_bash_decorator to None, run_after=None
[2024-08-13T04:45:24.866+0000] {processor.py:183} INFO - Processing /home/airflow/.local/lib/python3.12/site-packages/airflow/example_dags/example_bash_decorator.py took 0.344 seconds
[2024-08-13T04:45:55.129+0000] {processor.py:161} INFO - Started process (PID=509) to work on /home/airflow/.local/lib/python3.12/site-packages/airflow/example_dags/example_bash_decorator.py
[2024-08-13T04:45:55.130+0000] {processor.py:830} INFO - Processing file /home/airflow/.local/lib/python3.12/site-packages/airflow/example_dags/example_bash_decorator.py for tasks to queue
[2024-08-13T04:45:55.132+0000] {logging_mixin.py:188} INFO - [2024-08-13T04:45:55.132+0000] {dagbag.py:545} INFO - Filling up the DagBag from /home/airflow/.local/lib/python3.12/site-packages/airflow/example_dags/example_bash_decorator.py
[2024-08-13T04:45:55.151+0000] {processor.py:840} INFO - DAG(s) 'example_bash_decorator' retrieved from /home/airflow/.local/lib/python3.12/site-packages/airflow/example_dags/example_bash_decorator.py
[2024-08-13T04:45:55.187+0000] {logging_mixin.py:188} INFO - [2024-08-13T04:45:55.186+0000] {dag.py:3089} INFO - Sync 1 DAGs
[2024-08-13T04:45:55.206+0000] {logging_mixin.py:188} INFO - [2024-08-13T04:45:55.205+0000] {dag.py:3947} INFO - Setting next_dagrun for example_bash_decorator to None, run_after=None
[2024-08-13T04:45:55.558+0000] {processor.py:183} INFO - Processing /home/airflow/.local/lib/python3.12/site-packages/airflow/example_dags/example_bash_decorator.py took 0.439 seconds
[2024-08-13T04:46:25.646+0000] {processor.py:161} INFO - Started process (PID=567) to work on /home/airflow/.local/lib/python3.12/site-packages/airflow/example_dags/example_bash_decorator.py
[2024-08-13T04:46:25.650+0000] {processor.py:830} INFO - Processing file /home/airflow/.local/lib/python3.12/site-packages/airflow/example_dags/example_bash_decorator.py for tasks to queue
[2024-08-13T04:46:25.653+0000] {logging_mixin.py:188} INFO - [2024-08-13T04:46:25.652+0000] {dagbag.py:545} INFO - Filling up the DagBag from /home/airflow/.local/lib/python3.12/site-packages/airflow/example_dags/example_bash_decorator.py
[2024-08-13T04:46:25.682+0000] {processor.py:840} INFO - DAG(s) 'example_bash_decorator' retrieved from /home/airflow/.local/lib/python3.12/site-packages/airflow/example_dags/example_bash_decorator.py
[2024-08-13T04:46:25.789+0000] {logging_mixin.py:188} INFO - [2024-08-13T04:46:25.789+0000] {dag.py:3089} INFO - Sync 1 DAGs
[2024-08-13T04:46:25.809+0000] {logging_mixin.py:188} INFO - [2024-08-13T04:46:25.809+0000] {dag.py:3947} INFO - Setting next_dagrun for example_bash_decorator to None, run_after=None
[2024-08-13T04:46:26.133+0000] {processor.py:183} INFO - Processing /home/airflow/.local/lib/python3.12/site-packages/airflow/example_dags/example_bash_decorator.py took 0.495 seconds
[2024-08-13T04:46:56.981+0000] {processor.py:161} INFO - Started process (PID=625) to work on /home/airflow/.local/lib/python3.12/site-packages/airflow/example_dags/example_bash_decorator.py
[2024-08-13T04:46:56.982+0000] {processor.py:830} INFO - Processing file /home/airflow/.local/lib/python3.12/site-packages/airflow/example_dags/example_bash_decorator.py for tasks to queue
[2024-08-13T04:46:56.987+0000] {logging_mixin.py:188} INFO - [2024-08-13T04:46:56.987+0000] {dagbag.py:545} INFO - Filling up the DagBag from /home/airflow/.local/lib/python3.12/site-packages/airflow/example_dags/example_bash_decorator.py
[2024-08-13T04:46:57.024+0000] {processor.py:840} INFO - DAG(s) 'example_bash_decorator' retrieved from /home/airflow/.local/lib/python3.12/site-packages/airflow/example_dags/example_bash_decorator.py
[2024-08-13T04:46:57.075+0000] {logging_mixin.py:188} INFO - [2024-08-13T04:46:57.075+0000] {dag.py:3089} INFO - Sync 1 DAGs
[2024-08-13T04:46:57.093+0000] {logging_mixin.py:188} INFO - [2024-08-13T04:46:57.093+0000] {dag.py:3947} INFO - Setting next_dagrun for example_bash_decorator to None, run_after=None
[2024-08-13T04:46:57.152+0000] {processor.py:183} INFO - Processing /home/airflow/.local/lib/python3.12/site-packages/airflow/example_dags/example_bash_decorator.py took 0.192 seconds
[2024-08-13T04:47:28.657+0000] {processor.py:161} INFO - Started process (PID=683) to work on /home/airflow/.local/lib/python3.12/site-packages/airflow/example_dags/example_bash_decorator.py
[2024-08-13T04:47:28.658+0000] {processor.py:830} INFO - Processing file /home/airflow/.local/lib/python3.12/site-packages/airflow/example_dags/example_bash_decorator.py for tasks to queue
[2024-08-13T04:47:28.660+0000] {logging_mixin.py:188} INFO - [2024-08-13T04:47:28.659+0000] {dagbag.py:545} INFO - Filling up the DagBag from /home/airflow/.local/lib/python3.12/site-packages/airflow/example_dags/example_bash_decorator.py
[2024-08-13T04:47:28.672+0000] {processor.py:840} INFO - DAG(s) 'example_bash_decorator' retrieved from /home/airflow/.local/lib/python3.12/site-packages/airflow/example_dags/example_bash_decorator.py
[2024-08-13T04:47:28.697+0000] {logging_mixin.py:188} INFO - [2024-08-13T04:47:28.696+0000] {dag.py:3089} INFO - Sync 1 DAGs
[2024-08-13T04:47:28.709+0000] {logging_mixin.py:188} INFO - [2024-08-13T04:47:28.709+0000] {dag.py:3947} INFO - Setting next_dagrun for example_bash_decorator to None, run_after=None
[2024-08-13T04:47:28.935+0000] {processor.py:183} INFO - Processing /home/airflow/.local/lib/python3.12/site-packages/airflow/example_dags/example_bash_decorator.py took 0.285 seconds
[2024-08-13T04:47:58.993+0000] {processor.py:161} INFO - Started process (PID=742) to work on /home/airflow/.local/lib/python3.12/site-packages/airflow/example_dags/example_bash_decorator.py
[2024-08-13T04:47:58.994+0000] {processor.py:830} INFO - Processing file /home/airflow/.local/lib/python3.12/site-packages/airflow/example_dags/example_bash_decorator.py for tasks to queue
[2024-08-13T04:47:58.996+0000] {logging_mixin.py:188} INFO - [2024-08-13T04:47:58.996+0000] {dagbag.py:545} INFO - Filling up the DagBag from /home/airflow/.local/lib/python3.12/site-packages/airflow/example_dags/example_bash_decorator.py
[2024-08-13T04:47:59.014+0000] {processor.py:840} INFO - DAG(s) 'example_bash_decorator' retrieved from /home/airflow/.local/lib/python3.12/site-packages/airflow/example_dags/example_bash_decorator.py
[2024-08-13T04:47:59.036+0000] {logging_mixin.py:188} INFO - [2024-08-13T04:47:59.036+0000] {dag.py:3089} INFO - Sync 1 DAGs
[2024-08-13T04:47:59.048+0000] {logging_mixin.py:188} INFO - [2024-08-13T04:47:59.048+0000] {dag.py:3947} INFO - Setting next_dagrun for example_bash_decorator to None, run_after=None
[2024-08-13T04:47:59.193+0000] {processor.py:183} INFO - Processing /home/airflow/.local/lib/python3.12/site-packages/airflow/example_dags/example_bash_decorator.py took 0.208 seconds
[2024-08-13T04:48:29.366+0000] {processor.py:161} INFO - Started process (PID=799) to work on /home/airflow/.local/lib/python3.12/site-packages/airflow/example_dags/example_bash_decorator.py
[2024-08-13T04:48:29.367+0000] {processor.py:830} INFO - Processing file /home/airflow/.local/lib/python3.12/site-packages/airflow/example_dags/example_bash_decorator.py for tasks to queue
[2024-08-13T04:48:29.368+0000] {logging_mixin.py:188} INFO - [2024-08-13T04:48:29.368+0000] {dagbag.py:545} INFO - Filling up the DagBag from /home/airflow/.local/lib/python3.12/site-packages/airflow/example_dags/example_bash_decorator.py
[2024-08-13T04:48:29.381+0000] {processor.py:840} INFO - DAG(s) 'example_bash_decorator' retrieved from /home/airflow/.local/lib/python3.12/site-packages/airflow/example_dags/example_bash_decorator.py
[2024-08-13T04:48:29.409+0000] {logging_mixin.py:188} INFO - [2024-08-13T04:48:29.409+0000] {dag.py:3089} INFO - Sync 1 DAGs
[2024-08-13T04:48:29.426+0000] {logging_mixin.py:188} INFO - [2024-08-13T04:48:29.426+0000] {dag.py:3947} INFO - Setting next_dagrun for example_bash_decorator to None, run_after=None
[2024-08-13T04:48:29.481+0000] {processor.py:183} INFO - Processing /home/airflow/.local/lib/python3.12/site-packages/airflow/example_dags/example_bash_decorator.py took 0.120 seconds
[2024-08-13T04:49:00.406+0000] {processor.py:161} INFO - Started process (PID=857) to work on /home/airflow/.local/lib/python3.12/site-packages/airflow/example_dags/example_bash_decorator.py
[2024-08-13T04:49:00.413+0000] {processor.py:830} INFO - Processing file /home/airflow/.local/lib/python3.12/site-packages/airflow/example_dags/example_bash_decorator.py for tasks to queue
[2024-08-13T04:49:00.415+0000] {logging_mixin.py:188} INFO - [2024-08-13T04:49:00.415+0000] {dagbag.py:545} INFO - Filling up the DagBag from /home/airflow/.local/lib/python3.12/site-packages/airflow/example_dags/example_bash_decorator.py
[2024-08-13T04:49:00.434+0000] {processor.py:840} INFO - DAG(s) 'example_bash_decorator' retrieved from /home/airflow/.local/lib/python3.12/site-packages/airflow/example_dags/example_bash_decorator.py
[2024-08-13T04:49:00.456+0000] {logging_mixin.py:188} INFO - [2024-08-13T04:49:00.456+0000] {dag.py:3089} INFO - Sync 1 DAGs
[2024-08-13T04:49:00.469+0000] {logging_mixin.py:188} INFO - [2024-08-13T04:49:00.469+0000] {dag.py:3947} INFO - Setting next_dagrun for example_bash_decorator to None, run_after=None
[2024-08-13T04:49:00.631+0000] {processor.py:183} INFO - Processing /home/airflow/.local/lib/python3.12/site-packages/airflow/example_dags/example_bash_decorator.py took 0.255 seconds
[2024-08-13T04:49:32.427+0000] {processor.py:161} INFO - Started process (PID=915) to work on /home/airflow/.local/lib/python3.12/site-packages/airflow/example_dags/example_bash_decorator.py
[2024-08-13T04:49:32.429+0000] {processor.py:830} INFO - Processing file /home/airflow/.local/lib/python3.12/site-packages/airflow/example_dags/example_bash_decorator.py for tasks to queue
[2024-08-13T04:49:32.440+0000] {logging_mixin.py:188} INFO - [2024-08-13T04:49:32.439+0000] {dagbag.py:545} INFO - Filling up the DagBag from /home/airflow/.local/lib/python3.12/site-packages/airflow/example_dags/example_bash_decorator.py
[2024-08-13T04:49:32.489+0000] {processor.py:840} INFO - DAG(s) 'example_bash_decorator' retrieved from /home/airflow/.local/lib/python3.12/site-packages/airflow/example_dags/example_bash_decorator.py
[2024-08-13T04:49:32.527+0000] {logging_mixin.py:188} INFO - [2024-08-13T04:49:32.526+0000] {dag.py:3089} INFO - Sync 1 DAGs
[2024-08-13T04:49:32.585+0000] {logging_mixin.py:188} INFO - [2024-08-13T04:49:32.585+0000] {dag.py:3947} INFO - Setting next_dagrun for example_bash_decorator to None, run_after=None
[2024-08-13T04:49:32.697+0000] {processor.py:183} INFO - Processing /home/airflow/.local/lib/python3.12/site-packages/airflow/example_dags/example_bash_decorator.py took 0.294 seconds
[2024-08-13T04:50:02.782+0000] {processor.py:161} INFO - Started process (PID=973) to work on /home/airflow/.local/lib/python3.12/site-packages/airflow/example_dags/example_bash_decorator.py
[2024-08-13T04:50:02.783+0000] {processor.py:830} INFO - Processing file /home/airflow/.local/lib/python3.12/site-packages/airflow/example_dags/example_bash_decorator.py for tasks to queue
[2024-08-13T04:50:02.785+0000] {logging_mixin.py:188} INFO - [2024-08-13T04:50:02.785+0000] {dagbag.py:545} INFO - Filling up the DagBag from /home/airflow/.local/lib/python3.12/site-packages/airflow/example_dags/example_bash_decorator.py
[2024-08-13T04:50:02.797+0000] {processor.py:840} INFO - DAG(s) 'example_bash_decorator' retrieved from /home/airflow/.local/lib/python3.12/site-packages/airflow/example_dags/example_bash_decorator.py
[2024-08-13T04:50:02.823+0000] {logging_mixin.py:188} INFO - [2024-08-13T04:50:02.823+0000] {dag.py:3089} INFO - Sync 1 DAGs
[2024-08-13T04:50:02.839+0000] {logging_mixin.py:188} INFO - [2024-08-13T04:50:02.838+0000] {dag.py:3947} INFO - Setting next_dagrun for example_bash_decorator to None, run_after=None
[2024-08-13T04:50:02.893+0000] {processor.py:183} INFO - Processing /home/airflow/.local/lib/python3.12/site-packages/airflow/example_dags/example_bash_decorator.py took 0.117 seconds
[2024-08-13T04:50:33.175+0000] {processor.py:161} INFO - Started process (PID=1031) to work on /home/airflow/.local/lib/python3.12/site-packages/airflow/example_dags/example_bash_decorator.py
[2024-08-13T04:50:33.178+0000] {processor.py:830} INFO - Processing file /home/airflow/.local/lib/python3.12/site-packages/airflow/example_dags/example_bash_decorator.py for tasks to queue
[2024-08-13T04:50:33.184+0000] {logging_mixin.py:188} INFO - [2024-08-13T04:50:33.181+0000] {dagbag.py:545} INFO - Filling up the DagBag from /home/airflow/.local/lib/python3.12/site-packages/airflow/example_dags/example_bash_decorator.py
[2024-08-13T04:50:33.212+0000] {processor.py:840} INFO - DAG(s) 'example_bash_decorator' retrieved from /home/airflow/.local/lib/python3.12/site-packages/airflow/example_dags/example_bash_decorator.py
[2024-08-13T04:50:33.250+0000] {logging_mixin.py:188} INFO - [2024-08-13T04:50:33.249+0000] {dag.py:3089} INFO - Sync 1 DAGs
[2024-08-13T04:50:33.263+0000] {logging_mixin.py:188} INFO - [2024-08-13T04:50:33.263+0000] {dag.py:3947} INFO - Setting next_dagrun for example_bash_decorator to None, run_after=None
[2024-08-13T04:50:33.396+0000] {processor.py:183} INFO - Processing /home/airflow/.local/lib/python3.12/site-packages/airflow/example_dags/example_bash_decorator.py took 0.239 seconds
[2024-08-13T04:51:07.919+0000] {processor.py:161} INFO - Started process (PID=1090) to work on /home/airflow/.local/lib/python3.12/site-packages/airflow/example_dags/example_bash_decorator.py
[2024-08-13T04:51:07.932+0000] {processor.py:830} INFO - Processing file /home/airflow/.local/lib/python3.12/site-packages/airflow/example_dags/example_bash_decorator.py for tasks to queue
[2024-08-13T04:51:07.947+0000] {logging_mixin.py:188} INFO - [2024-08-13T04:51:07.946+0000] {dagbag.py:545} INFO - Filling up the DagBag from /home/airflow/.local/lib/python3.12/site-packages/airflow/example_dags/example_bash_decorator.py
[2024-08-13T04:51:08.176+0000] {processor.py:840} INFO - DAG(s) 'example_bash_decorator' retrieved from /home/airflow/.local/lib/python3.12/site-packages/airflow/example_dags/example_bash_decorator.py
[2024-08-13T04:51:08.571+0000] {logging_mixin.py:188} INFO - [2024-08-13T04:51:08.571+0000] {dag.py:3089} INFO - Sync 1 DAGs
[2024-08-13T04:51:08.796+0000] {logging_mixin.py:188} INFO - [2024-08-13T04:51:08.795+0000] {dag.py:3947} INFO - Setting next_dagrun for example_bash_decorator to None, run_after=None
[2024-08-13T04:51:09.418+0000] {processor.py:183} INFO - Processing /home/airflow/.local/lib/python3.12/site-packages/airflow/example_dags/example_bash_decorator.py took 1.508 seconds
[2024-08-13T04:51:39.759+0000] {processor.py:161} INFO - Started process (PID=1148) to work on /home/airflow/.local/lib/python3.12/site-packages/airflow/example_dags/example_bash_decorator.py
[2024-08-13T04:51:39.761+0000] {processor.py:830} INFO - Processing file /home/airflow/.local/lib/python3.12/site-packages/airflow/example_dags/example_bash_decorator.py for tasks to queue
[2024-08-13T04:51:39.763+0000] {logging_mixin.py:188} INFO - [2024-08-13T04:51:39.763+0000] {dagbag.py:545} INFO - Filling up the DagBag from /home/airflow/.local/lib/python3.12/site-packages/airflow/example_dags/example_bash_decorator.py
[2024-08-13T04:51:39.799+0000] {processor.py:840} INFO - DAG(s) 'example_bash_decorator' retrieved from /home/airflow/.local/lib/python3.12/site-packages/airflow/example_dags/example_bash_decorator.py
[2024-08-13T04:51:39.863+0000] {logging_mixin.py:188} INFO - [2024-08-13T04:51:39.863+0000] {dag.py:3089} INFO - Sync 1 DAGs
[2024-08-13T04:51:39.879+0000] {logging_mixin.py:188} INFO - [2024-08-13T04:51:39.878+0000] {dag.py:3947} INFO - Setting next_dagrun for example_bash_decorator to None, run_after=None
[2024-08-13T04:51:40.067+0000] {processor.py:183} INFO - Processing /home/airflow/.local/lib/python3.12/site-packages/airflow/example_dags/example_bash_decorator.py took 0.326 seconds
[2024-08-13T04:52:11.393+0000] {processor.py:161} INFO - Started process (PID=1207) to work on /home/airflow/.local/lib/python3.12/site-packages/airflow/example_dags/example_bash_decorator.py
[2024-08-13T04:52:11.564+0000] {processor.py:830} INFO - Processing file /home/airflow/.local/lib/python3.12/site-packages/airflow/example_dags/example_bash_decorator.py for tasks to queue
[2024-08-13T04:52:11.567+0000] {logging_mixin.py:188} INFO - [2024-08-13T04:52:11.567+0000] {dagbag.py:545} INFO - Filling up the DagBag from /home/airflow/.local/lib/python3.12/site-packages/airflow/example_dags/example_bash_decorator.py
[2024-08-13T04:52:11.618+0000] {processor.py:840} INFO - DAG(s) 'example_bash_decorator' retrieved from /home/airflow/.local/lib/python3.12/site-packages/airflow/example_dags/example_bash_decorator.py
[2024-08-13T04:52:11.791+0000] {logging_mixin.py:188} INFO - [2024-08-13T04:52:11.791+0000] {dag.py:3089} INFO - Sync 1 DAGs
[2024-08-13T04:52:11.843+0000] {logging_mixin.py:188} INFO - [2024-08-13T04:52:11.843+0000] {dag.py:3947} INFO - Setting next_dagrun for example_bash_decorator to None, run_after=None
[2024-08-13T04:52:11.997+0000] {processor.py:183} INFO - Processing /home/airflow/.local/lib/python3.12/site-packages/airflow/example_dags/example_bash_decorator.py took 0.623 seconds
[2024-08-13T04:52:42.399+0000] {processor.py:161} INFO - Started process (PID=1265) to work on /home/airflow/.local/lib/python3.12/site-packages/airflow/example_dags/example_bash_decorator.py
[2024-08-13T04:52:42.400+0000] {processor.py:830} INFO - Processing file /home/airflow/.local/lib/python3.12/site-packages/airflow/example_dags/example_bash_decorator.py for tasks to queue
[2024-08-13T04:52:42.401+0000] {logging_mixin.py:188} INFO - [2024-08-13T04:52:42.401+0000] {dagbag.py:545} INFO - Filling up the DagBag from /home/airflow/.local/lib/python3.12/site-packages/airflow/example_dags/example_bash_decorator.py
[2024-08-13T04:52:42.413+0000] {processor.py:840} INFO - DAG(s) 'example_bash_decorator' retrieved from /home/airflow/.local/lib/python3.12/site-packages/airflow/example_dags/example_bash_decorator.py
[2024-08-13T04:52:42.435+0000] {logging_mixin.py:188} INFO - [2024-08-13T04:52:42.435+0000] {dag.py:3089} INFO - Sync 1 DAGs
[2024-08-13T04:52:42.447+0000] {logging_mixin.py:188} INFO - [2024-08-13T04:52:42.447+0000] {dag.py:3947} INFO - Setting next_dagrun for example_bash_decorator to None, run_after=None
[2024-08-13T04:52:43.443+0000] {processor.py:183} INFO - Processing /home/airflow/.local/lib/python3.12/site-packages/airflow/example_dags/example_bash_decorator.py took 1.050 seconds
[2024-08-13T04:53:13.665+0000] {processor.py:161} INFO - Started process (PID=1323) to work on /home/airflow/.local/lib/python3.12/site-packages/airflow/example_dags/example_bash_decorator.py
[2024-08-13T04:53:13.671+0000] {processor.py:830} INFO - Processing file /home/airflow/.local/lib/python3.12/site-packages/airflow/example_dags/example_bash_decorator.py for tasks to queue
[2024-08-13T04:53:13.675+0000] {logging_mixin.py:188} INFO - [2024-08-13T04:53:13.675+0000] {dagbag.py:545} INFO - Filling up the DagBag from /home/airflow/.local/lib/python3.12/site-packages/airflow/example_dags/example_bash_decorator.py
[2024-08-13T04:53:13.727+0000] {processor.py:840} INFO - DAG(s) 'example_bash_decorator' retrieved from /home/airflow/.local/lib/python3.12/site-packages/airflow/example_dags/example_bash_decorator.py
[2024-08-13T04:53:13.793+0000] {logging_mixin.py:188} INFO - [2024-08-13T04:53:13.790+0000] {dag.py:3089} INFO - Sync 1 DAGs
[2024-08-13T04:53:13.816+0000] {logging_mixin.py:188} INFO - [2024-08-13T04:53:13.815+0000] {dag.py:3947} INFO - Setting next_dagrun for example_bash_decorator to None, run_after=None
[2024-08-13T04:53:13.884+0000] {processor.py:183} INFO - Processing /home/airflow/.local/lib/python3.12/site-packages/airflow/example_dags/example_bash_decorator.py took 0.226 seconds
[2024-08-13T04:53:43.989+0000] {processor.py:161} INFO - Started process (PID=1382) to work on /home/airflow/.local/lib/python3.12/site-packages/airflow/example_dags/example_bash_decorator.py
[2024-08-13T04:53:43.993+0000] {processor.py:830} INFO - Processing file /home/airflow/.local/lib/python3.12/site-packages/airflow/example_dags/example_bash_decorator.py for tasks to queue
[2024-08-13T04:53:43.999+0000] {logging_mixin.py:188} INFO - [2024-08-13T04:53:43.996+0000] {dagbag.py:545} INFO - Filling up the DagBag from /home/airflow/.local/lib/python3.12/site-packages/airflow/example_dags/example_bash_decorator.py
[2024-08-13T04:53:44.031+0000] {processor.py:840} INFO - DAG(s) 'example_bash_decorator' retrieved from /home/airflow/.local/lib/python3.12/site-packages/airflow/example_dags/example_bash_decorator.py
[2024-08-13T04:53:44.061+0000] {logging_mixin.py:188} INFO - [2024-08-13T04:53:44.060+0000] {dag.py:3089} INFO - Sync 1 DAGs
[2024-08-13T04:53:44.073+0000] {logging_mixin.py:188} INFO - [2024-08-13T04:53:44.073+0000] {dag.py:3947} INFO - Setting next_dagrun for example_bash_decorator to None, run_after=None
[2024-08-13T04:53:44.262+0000] {processor.py:183} INFO - Processing /home/airflow/.local/lib/python3.12/site-packages/airflow/example_dags/example_bash_decorator.py took 0.283 seconds
[2024-08-13T04:54:15.218+0000] {processor.py:161} INFO - Started process (PID=1440) to work on /home/airflow/.local/lib/python3.12/site-packages/airflow/example_dags/example_bash_decorator.py
[2024-08-13T04:54:15.221+0000] {processor.py:830} INFO - Processing file /home/airflow/.local/lib/python3.12/site-packages/airflow/example_dags/example_bash_decorator.py for tasks to queue
[2024-08-13T04:54:15.224+0000] {logging_mixin.py:188} INFO - [2024-08-13T04:54:15.223+0000] {dagbag.py:545} INFO - Filling up the DagBag from /home/airflow/.local/lib/python3.12/site-packages/airflow/example_dags/example_bash_decorator.py
[2024-08-13T04:54:15.285+0000] {processor.py:840} INFO - DAG(s) 'example_bash_decorator' retrieved from /home/airflow/.local/lib/python3.12/site-packages/airflow/example_dags/example_bash_decorator.py
[2024-08-13T04:54:15.332+0000] {logging_mixin.py:188} INFO - [2024-08-13T04:54:15.331+0000] {dag.py:3089} INFO - Sync 1 DAGs
[2024-08-13T04:54:15.354+0000] {logging_mixin.py:188} INFO - [2024-08-13T04:54:15.354+0000] {dag.py:3947} INFO - Setting next_dagrun for example_bash_decorator to None, run_after=None
[2024-08-13T04:54:15.505+0000] {processor.py:183} INFO - Processing /home/airflow/.local/lib/python3.12/site-packages/airflow/example_dags/example_bash_decorator.py took 0.295 seconds
[2024-08-13T04:54:47.182+0000] {processor.py:161} INFO - Started process (PID=1498) to work on /home/airflow/.local/lib/python3.12/site-packages/airflow/example_dags/example_bash_decorator.py
[2024-08-13T04:54:47.184+0000] {processor.py:830} INFO - Processing file /home/airflow/.local/lib/python3.12/site-packages/airflow/example_dags/example_bash_decorator.py for tasks to queue
[2024-08-13T04:54:47.186+0000] {logging_mixin.py:188} INFO - [2024-08-13T04:54:47.186+0000] {dagbag.py:545} INFO - Filling up the DagBag from /home/airflow/.local/lib/python3.12/site-packages/airflow/example_dags/example_bash_decorator.py
[2024-08-13T04:54:47.203+0000] {processor.py:840} INFO - DAG(s) 'example_bash_decorator' retrieved from /home/airflow/.local/lib/python3.12/site-packages/airflow/example_dags/example_bash_decorator.py
[2024-08-13T04:54:47.246+0000] {logging_mixin.py:188} INFO - [2024-08-13T04:54:47.246+0000] {dag.py:3089} INFO - Sync 1 DAGs
[2024-08-13T04:54:47.279+0000] {logging_mixin.py:188} INFO - [2024-08-13T04:54:47.279+0000] {dag.py:3947} INFO - Setting next_dagrun for example_bash_decorator to None, run_after=None
[2024-08-13T04:54:47.380+0000] {processor.py:183} INFO - Processing /home/airflow/.local/lib/python3.12/site-packages/airflow/example_dags/example_bash_decorator.py took 0.206 seconds
[2024-08-13T04:55:17.526+0000] {processor.py:161} INFO - Started process (PID=1556) to work on /home/airflow/.local/lib/python3.12/site-packages/airflow/example_dags/example_bash_decorator.py
[2024-08-13T04:55:17.527+0000] {processor.py:830} INFO - Processing file /home/airflow/.local/lib/python3.12/site-packages/airflow/example_dags/example_bash_decorator.py for tasks to queue
[2024-08-13T04:55:17.529+0000] {logging_mixin.py:188} INFO - [2024-08-13T04:55:17.528+0000] {dagbag.py:545} INFO - Filling up the DagBag from /home/airflow/.local/lib/python3.12/site-packages/airflow/example_dags/example_bash_decorator.py
[2024-08-13T04:55:17.566+0000] {processor.py:840} INFO - DAG(s) 'example_bash_decorator' retrieved from /home/airflow/.local/lib/python3.12/site-packages/airflow/example_dags/example_bash_decorator.py
[2024-08-13T04:55:17.646+0000] {logging_mixin.py:188} INFO - [2024-08-13T04:55:17.646+0000] {dag.py:3089} INFO - Sync 1 DAGs
[2024-08-13T04:55:17.665+0000] {logging_mixin.py:188} INFO - [2024-08-13T04:55:17.665+0000] {dag.py:3947} INFO - Setting next_dagrun for example_bash_decorator to None, run_after=None
[2024-08-13T04:55:17.724+0000] {processor.py:183} INFO - Processing /home/airflow/.local/lib/python3.12/site-packages/airflow/example_dags/example_bash_decorator.py took 0.206 seconds
[2024-08-13T04:55:48.671+0000] {processor.py:161} INFO - Started process (PID=1614) to work on /home/airflow/.local/lib/python3.12/site-packages/airflow/example_dags/example_bash_decorator.py
[2024-08-13T04:55:48.678+0000] {processor.py:830} INFO - Processing file /home/airflow/.local/lib/python3.12/site-packages/airflow/example_dags/example_bash_decorator.py for tasks to queue
[2024-08-13T04:55:48.683+0000] {logging_mixin.py:188} INFO - [2024-08-13T04:55:48.680+0000] {dagbag.py:545} INFO - Filling up the DagBag from /home/airflow/.local/lib/python3.12/site-packages/airflow/example_dags/example_bash_decorator.py
[2024-08-13T04:55:48.704+0000] {processor.py:840} INFO - DAG(s) 'example_bash_decorator' retrieved from /home/airflow/.local/lib/python3.12/site-packages/airflow/example_dags/example_bash_decorator.py
[2024-08-13T04:55:48.735+0000] {logging_mixin.py:188} INFO - [2024-08-13T04:55:48.735+0000] {dag.py:3089} INFO - Sync 1 DAGs
[2024-08-13T04:55:48.748+0000] {logging_mixin.py:188} INFO - [2024-08-13T04:55:48.748+0000] {dag.py:3947} INFO - Setting next_dagrun for example_bash_decorator to None, run_after=None
[2024-08-13T04:55:49.046+0000] {processor.py:183} INFO - Processing /home/airflow/.local/lib/python3.12/site-packages/airflow/example_dags/example_bash_decorator.py took 0.390 seconds
[2024-08-13T04:56:19.622+0000] {processor.py:161} INFO - Started process (PID=1672) to work on /home/airflow/.local/lib/python3.12/site-packages/airflow/example_dags/example_bash_decorator.py
[2024-08-13T04:56:19.638+0000] {processor.py:830} INFO - Processing file /home/airflow/.local/lib/python3.12/site-packages/airflow/example_dags/example_bash_decorator.py for tasks to queue
[2024-08-13T04:56:19.641+0000] {logging_mixin.py:188} INFO - [2024-08-13T04:56:19.641+0000] {dagbag.py:545} INFO - Filling up the DagBag from /home/airflow/.local/lib/python3.12/site-packages/airflow/example_dags/example_bash_decorator.py
[2024-08-13T04:56:19.674+0000] {processor.py:840} INFO - DAG(s) 'example_bash_decorator' retrieved from /home/airflow/.local/lib/python3.12/site-packages/airflow/example_dags/example_bash_decorator.py
[2024-08-13T04:56:19.789+0000] {logging_mixin.py:188} INFO - [2024-08-13T04:56:19.788+0000] {dag.py:3089} INFO - Sync 1 DAGs
[2024-08-13T04:56:19.811+0000] {logging_mixin.py:188} INFO - [2024-08-13T04:56:19.810+0000] {dag.py:3947} INFO - Setting next_dagrun for example_bash_decorator to None, run_after=None
[2024-08-13T04:56:19.876+0000] {processor.py:183} INFO - Processing /home/airflow/.local/lib/python3.12/site-packages/airflow/example_dags/example_bash_decorator.py took 0.262 seconds
[2024-08-13T04:56:49.977+0000] {processor.py:161} INFO - Started process (PID=1730) to work on /home/airflow/.local/lib/python3.12/site-packages/airflow/example_dags/example_bash_decorator.py
[2024-08-13T04:56:49.978+0000] {processor.py:830} INFO - Processing file /home/airflow/.local/lib/python3.12/site-packages/airflow/example_dags/example_bash_decorator.py for tasks to queue
[2024-08-13T04:56:49.979+0000] {logging_mixin.py:188} INFO - [2024-08-13T04:56:49.979+0000] {dagbag.py:545} INFO - Filling up the DagBag from /home/airflow/.local/lib/python3.12/site-packages/airflow/example_dags/example_bash_decorator.py
[2024-08-13T04:56:49.992+0000] {processor.py:840} INFO - DAG(s) 'example_bash_decorator' retrieved from /home/airflow/.local/lib/python3.12/site-packages/airflow/example_dags/example_bash_decorator.py
[2024-08-13T04:56:50.033+0000] {logging_mixin.py:188} INFO - [2024-08-13T04:56:50.032+0000] {dag.py:3089} INFO - Sync 1 DAGs
[2024-08-13T04:56:50.048+0000] {logging_mixin.py:188} INFO - [2024-08-13T04:56:50.047+0000] {dag.py:3947} INFO - Setting next_dagrun for example_bash_decorator to None, run_after=None
[2024-08-13T04:56:50.100+0000] {processor.py:183} INFO - Processing /home/airflow/.local/lib/python3.12/site-packages/airflow/example_dags/example_bash_decorator.py took 0.129 seconds
[2024-08-13T04:57:20.930+0000] {processor.py:161} INFO - Started process (PID=1788) to work on /home/airflow/.local/lib/python3.12/site-packages/airflow/example_dags/example_bash_decorator.py
[2024-08-13T04:57:20.931+0000] {processor.py:830} INFO - Processing file /home/airflow/.local/lib/python3.12/site-packages/airflow/example_dags/example_bash_decorator.py for tasks to queue
[2024-08-13T04:57:20.933+0000] {logging_mixin.py:188} INFO - [2024-08-13T04:57:20.933+0000] {dagbag.py:545} INFO - Filling up the DagBag from /home/airflow/.local/lib/python3.12/site-packages/airflow/example_dags/example_bash_decorator.py
[2024-08-13T04:57:20.998+0000] {processor.py:840} INFO - DAG(s) 'example_bash_decorator' retrieved from /home/airflow/.local/lib/python3.12/site-packages/airflow/example_dags/example_bash_decorator.py
[2024-08-13T04:57:21.059+0000] {logging_mixin.py:188} INFO - [2024-08-13T04:57:21.059+0000] {dag.py:3089} INFO - Sync 1 DAGs
[2024-08-13T04:57:21.107+0000] {logging_mixin.py:188} INFO - [2024-08-13T04:57:21.106+0000] {dag.py:3947} INFO - Setting next_dagrun for example_bash_decorator to None, run_after=None
[2024-08-13T04:57:21.201+0000] {processor.py:183} INFO - Processing /home/airflow/.local/lib/python3.12/site-packages/airflow/example_dags/example_bash_decorator.py took 0.291 seconds
[2024-08-13T04:57:51.428+0000] {processor.py:161} INFO - Started process (PID=1846) to work on /home/airflow/.local/lib/python3.12/site-packages/airflow/example_dags/example_bash_decorator.py
[2024-08-13T04:57:51.429+0000] {processor.py:830} INFO - Processing file /home/airflow/.local/lib/python3.12/site-packages/airflow/example_dags/example_bash_decorator.py for tasks to queue
[2024-08-13T04:57:51.432+0000] {logging_mixin.py:188} INFO - [2024-08-13T04:57:51.432+0000] {dagbag.py:545} INFO - Filling up the DagBag from /home/airflow/.local/lib/python3.12/site-packages/airflow/example_dags/example_bash_decorator.py
[2024-08-13T04:57:51.451+0000] {processor.py:840} INFO - DAG(s) 'example_bash_decorator' retrieved from /home/airflow/.local/lib/python3.12/site-packages/airflow/example_dags/example_bash_decorator.py
[2024-08-13T04:57:51.485+0000] {logging_mixin.py:188} INFO - [2024-08-13T04:57:51.485+0000] {dag.py:3089} INFO - Sync 1 DAGs
[2024-08-13T04:57:51.498+0000] {logging_mixin.py:188} INFO - [2024-08-13T04:57:51.498+0000] {dag.py:3947} INFO - Setting next_dagrun for example_bash_decorator to None, run_after=None
[2024-08-13T04:57:51.577+0000] {processor.py:183} INFO - Processing /home/airflow/.local/lib/python3.12/site-packages/airflow/example_dags/example_bash_decorator.py took 0.158 seconds
[2024-08-13T04:58:22.893+0000] {processor.py:161} INFO - Started process (PID=1904) to work on /home/airflow/.local/lib/python3.12/site-packages/airflow/example_dags/example_bash_decorator.py
[2024-08-13T04:58:22.895+0000] {processor.py:830} INFO - Processing file /home/airflow/.local/lib/python3.12/site-packages/airflow/example_dags/example_bash_decorator.py for tasks to queue
[2024-08-13T04:58:22.897+0000] {logging_mixin.py:188} INFO - [2024-08-13T04:58:22.897+0000] {dagbag.py:545} INFO - Filling up the DagBag from /home/airflow/.local/lib/python3.12/site-packages/airflow/example_dags/example_bash_decorator.py
[2024-08-13T04:58:22.913+0000] {processor.py:840} INFO - DAG(s) 'example_bash_decorator' retrieved from /home/airflow/.local/lib/python3.12/site-packages/airflow/example_dags/example_bash_decorator.py
[2024-08-13T04:58:22.942+0000] {logging_mixin.py:188} INFO - [2024-08-13T04:58:22.941+0000] {dag.py:3089} INFO - Sync 1 DAGs
[2024-08-13T04:58:22.970+0000] {logging_mixin.py:188} INFO - [2024-08-13T04:58:22.970+0000] {dag.py:3947} INFO - Setting next_dagrun for example_bash_decorator to None, run_after=None
[2024-08-13T04:58:23.036+0000] {processor.py:183} INFO - Processing /home/airflow/.local/lib/python3.12/site-packages/airflow/example_dags/example_bash_decorator.py took 0.152 seconds
[2024-08-13T04:58:53.156+0000] {processor.py:161} INFO - Started process (PID=1962) to work on /home/airflow/.local/lib/python3.12/site-packages/airflow/example_dags/example_bash_decorator.py
[2024-08-13T04:58:53.157+0000] {processor.py:830} INFO - Processing file /home/airflow/.local/lib/python3.12/site-packages/airflow/example_dags/example_bash_decorator.py for tasks to queue
[2024-08-13T04:58:53.159+0000] {logging_mixin.py:188} INFO - [2024-08-13T04:58:53.159+0000] {dagbag.py:545} INFO - Filling up the DagBag from /home/airflow/.local/lib/python3.12/site-packages/airflow/example_dags/example_bash_decorator.py
[2024-08-13T04:58:53.178+0000] {processor.py:840} INFO - DAG(s) 'example_bash_decorator' retrieved from /home/airflow/.local/lib/python3.12/site-packages/airflow/example_dags/example_bash_decorator.py
[2024-08-13T04:58:53.202+0000] {logging_mixin.py:188} INFO - [2024-08-13T04:58:53.201+0000] {dag.py:3089} INFO - Sync 1 DAGs
[2024-08-13T04:58:53.215+0000] {logging_mixin.py:188} INFO - [2024-08-13T04:58:53.214+0000] {dag.py:3947} INFO - Setting next_dagrun for example_bash_decorator to None, run_after=None
[2024-08-13T04:58:53.281+0000] {processor.py:183} INFO - Processing /home/airflow/.local/lib/python3.12/site-packages/airflow/example_dags/example_bash_decorator.py took 0.133 seconds
[2024-08-13T04:59:23.882+0000] {processor.py:161} INFO - Started process (PID=2019) to work on /home/airflow/.local/lib/python3.12/site-packages/airflow/example_dags/example_bash_decorator.py
[2024-08-13T04:59:23.888+0000] {processor.py:830} INFO - Processing file /home/airflow/.local/lib/python3.12/site-packages/airflow/example_dags/example_bash_decorator.py for tasks to queue
[2024-08-13T04:59:23.891+0000] {logging_mixin.py:188} INFO - [2024-08-13T04:59:23.890+0000] {dagbag.py:545} INFO - Filling up the DagBag from /home/airflow/.local/lib/python3.12/site-packages/airflow/example_dags/example_bash_decorator.py
[2024-08-13T04:59:23.975+0000] {processor.py:840} INFO - DAG(s) 'example_bash_decorator' retrieved from /home/airflow/.local/lib/python3.12/site-packages/airflow/example_dags/example_bash_decorator.py
[2024-08-13T04:59:24.037+0000] {logging_mixin.py:188} INFO - [2024-08-13T04:59:24.037+0000] {dag.py:3089} INFO - Sync 1 DAGs
[2024-08-13T04:59:24.093+0000] {logging_mixin.py:188} INFO - [2024-08-13T04:59:24.092+0000] {dag.py:3947} INFO - Setting next_dagrun for example_bash_decorator to None, run_after=None
[2024-08-13T04:59:24.182+0000] {processor.py:183} INFO - Processing /home/airflow/.local/lib/python3.12/site-packages/airflow/example_dags/example_bash_decorator.py took 0.308 seconds
[2024-08-13T04:59:55.229+0000] {processor.py:161} INFO - Started process (PID=2078) to work on /home/airflow/.local/lib/python3.12/site-packages/airflow/example_dags/example_bash_decorator.py
[2024-08-13T04:59:55.230+0000] {processor.py:830} INFO - Processing file /home/airflow/.local/lib/python3.12/site-packages/airflow/example_dags/example_bash_decorator.py for tasks to queue
[2024-08-13T04:59:55.232+0000] {logging_mixin.py:188} INFO - [2024-08-13T04:59:55.231+0000] {dagbag.py:545} INFO - Filling up the DagBag from /home/airflow/.local/lib/python3.12/site-packages/airflow/example_dags/example_bash_decorator.py
[2024-08-13T04:59:55.244+0000] {processor.py:840} INFO - DAG(s) 'example_bash_decorator' retrieved from /home/airflow/.local/lib/python3.12/site-packages/airflow/example_dags/example_bash_decorator.py
[2024-08-13T04:59:55.268+0000] {logging_mixin.py:188} INFO - [2024-08-13T04:59:55.268+0000] {dag.py:3089} INFO - Sync 1 DAGs
[2024-08-13T04:59:55.309+0000] {logging_mixin.py:188} INFO - [2024-08-13T04:59:55.309+0000] {dag.py:3947} INFO - Setting next_dagrun for example_bash_decorator to None, run_after=None
[2024-08-13T04:59:55.966+0000] {processor.py:183} INFO - Processing /home/airflow/.local/lib/python3.12/site-packages/airflow/example_dags/example_bash_decorator.py took 0.743 seconds
[2024-08-13T05:00:26.432+0000] {processor.py:161} INFO - Started process (PID=2135) to work on /home/airflow/.local/lib/python3.12/site-packages/airflow/example_dags/example_bash_decorator.py
[2024-08-13T05:00:26.433+0000] {processor.py:830} INFO - Processing file /home/airflow/.local/lib/python3.12/site-packages/airflow/example_dags/example_bash_decorator.py for tasks to queue
[2024-08-13T05:00:26.436+0000] {logging_mixin.py:188} INFO - [2024-08-13T05:00:26.435+0000] {dagbag.py:545} INFO - Filling up the DagBag from /home/airflow/.local/lib/python3.12/site-packages/airflow/example_dags/example_bash_decorator.py
[2024-08-13T05:00:26.455+0000] {processor.py:840} INFO - DAG(s) 'example_bash_decorator' retrieved from /home/airflow/.local/lib/python3.12/site-packages/airflow/example_dags/example_bash_decorator.py
[2024-08-13T05:00:26.490+0000] {logging_mixin.py:188} INFO - [2024-08-13T05:00:26.490+0000] {dag.py:3089} INFO - Sync 1 DAGs
[2024-08-13T05:00:26.509+0000] {logging_mixin.py:188} INFO - [2024-08-13T05:00:26.509+0000] {dag.py:3947} INFO - Setting next_dagrun for example_bash_decorator to None, run_after=None
[2024-08-13T05:00:26.612+0000] {processor.py:183} INFO - Processing /home/airflow/.local/lib/python3.12/site-packages/airflow/example_dags/example_bash_decorator.py took 0.188 seconds
[2024-08-13T05:00:56.792+0000] {processor.py:161} INFO - Started process (PID=2193) to work on /home/airflow/.local/lib/python3.12/site-packages/airflow/example_dags/example_bash_decorator.py
[2024-08-13T05:00:56.793+0000] {processor.py:830} INFO - Processing file /home/airflow/.local/lib/python3.12/site-packages/airflow/example_dags/example_bash_decorator.py for tasks to queue
[2024-08-13T05:00:56.795+0000] {logging_mixin.py:188} INFO - [2024-08-13T05:00:56.795+0000] {dagbag.py:545} INFO - Filling up the DagBag from /home/airflow/.local/lib/python3.12/site-packages/airflow/example_dags/example_bash_decorator.py
[2024-08-13T05:00:56.811+0000] {processor.py:840} INFO - DAG(s) 'example_bash_decorator' retrieved from /home/airflow/.local/lib/python3.12/site-packages/airflow/example_dags/example_bash_decorator.py
[2024-08-13T05:00:56.845+0000] {logging_mixin.py:188} INFO - [2024-08-13T05:00:56.845+0000] {dag.py:3089} INFO - Sync 1 DAGs
[2024-08-13T05:00:56.870+0000] {logging_mixin.py:188} INFO - [2024-08-13T05:00:56.866+0000] {dag.py:3947} INFO - Setting next_dagrun for example_bash_decorator to None, run_after=None
[2024-08-13T05:00:57.151+0000] {processor.py:183} INFO - Processing /home/airflow/.local/lib/python3.12/site-packages/airflow/example_dags/example_bash_decorator.py took 0.365 seconds
[2024-08-13T05:01:27.410+0000] {processor.py:161} INFO - Started process (PID=2251) to work on /home/airflow/.local/lib/python3.12/site-packages/airflow/example_dags/example_bash_decorator.py
[2024-08-13T05:01:27.411+0000] {processor.py:830} INFO - Processing file /home/airflow/.local/lib/python3.12/site-packages/airflow/example_dags/example_bash_decorator.py for tasks to queue
[2024-08-13T05:01:27.412+0000] {logging_mixin.py:188} INFO - [2024-08-13T05:01:27.412+0000] {dagbag.py:545} INFO - Filling up the DagBag from /home/airflow/.local/lib/python3.12/site-packages/airflow/example_dags/example_bash_decorator.py
[2024-08-13T05:01:27.427+0000] {processor.py:840} INFO - DAG(s) 'example_bash_decorator' retrieved from /home/airflow/.local/lib/python3.12/site-packages/airflow/example_dags/example_bash_decorator.py
[2024-08-13T05:01:27.459+0000] {logging_mixin.py:188} INFO - [2024-08-13T05:01:27.458+0000] {dag.py:3089} INFO - Sync 1 DAGs
[2024-08-13T05:01:27.476+0000] {logging_mixin.py:188} INFO - [2024-08-13T05:01:27.475+0000] {dag.py:3947} INFO - Setting next_dagrun for example_bash_decorator to None, run_after=None
[2024-08-13T05:01:27.544+0000] {processor.py:183} INFO - Processing /home/airflow/.local/lib/python3.12/site-packages/airflow/example_dags/example_bash_decorator.py took 0.139 seconds
[2024-08-13T05:01:57.811+0000] {processor.py:161} INFO - Started process (PID=2317) to work on /home/airflow/.local/lib/python3.12/site-packages/airflow/example_dags/example_bash_decorator.py
[2024-08-13T05:01:57.812+0000] {processor.py:830} INFO - Processing file /home/airflow/.local/lib/python3.12/site-packages/airflow/example_dags/example_bash_decorator.py for tasks to queue
[2024-08-13T05:01:57.814+0000] {logging_mixin.py:188} INFO - [2024-08-13T05:01:57.814+0000] {dagbag.py:545} INFO - Filling up the DagBag from /home/airflow/.local/lib/python3.12/site-packages/airflow/example_dags/example_bash_decorator.py
[2024-08-13T05:01:57.844+0000] {processor.py:840} INFO - DAG(s) 'example_bash_decorator' retrieved from /home/airflow/.local/lib/python3.12/site-packages/airflow/example_dags/example_bash_decorator.py
[2024-08-13T05:01:57.894+0000] {logging_mixin.py:188} INFO - [2024-08-13T05:01:57.893+0000] {dag.py:3089} INFO - Sync 1 DAGs
[2024-08-13T05:01:57.906+0000] {logging_mixin.py:188} INFO - [2024-08-13T05:01:57.906+0000] {dag.py:3947} INFO - Setting next_dagrun for example_bash_decorator to None, run_after=None
[2024-08-13T05:01:57.984+0000] {processor.py:183} INFO - Processing /home/airflow/.local/lib/python3.12/site-packages/airflow/example_dags/example_bash_decorator.py took 0.182 seconds
[2024-08-13T05:02:28.851+0000] {processor.py:161} INFO - Started process (PID=2376) to work on /home/airflow/.local/lib/python3.12/site-packages/airflow/example_dags/example_bash_decorator.py
[2024-08-13T05:02:28.862+0000] {processor.py:830} INFO - Processing file /home/airflow/.local/lib/python3.12/site-packages/airflow/example_dags/example_bash_decorator.py for tasks to queue
[2024-08-13T05:02:28.865+0000] {logging_mixin.py:188} INFO - [2024-08-13T05:02:28.864+0000] {dagbag.py:545} INFO - Filling up the DagBag from /home/airflow/.local/lib/python3.12/site-packages/airflow/example_dags/example_bash_decorator.py
[2024-08-13T05:02:28.884+0000] {processor.py:840} INFO - DAG(s) 'example_bash_decorator' retrieved from /home/airflow/.local/lib/python3.12/site-packages/airflow/example_dags/example_bash_decorator.py
[2024-08-13T05:02:28.911+0000] {logging_mixin.py:188} INFO - [2024-08-13T05:02:28.911+0000] {dag.py:3089} INFO - Sync 1 DAGs
[2024-08-13T05:02:28.926+0000] {logging_mixin.py:188} INFO - [2024-08-13T05:02:28.926+0000] {dag.py:3947} INFO - Setting next_dagrun for example_bash_decorator to None, run_after=None
[2024-08-13T05:02:29.365+0000] {processor.py:183} INFO - Processing /home/airflow/.local/lib/python3.12/site-packages/airflow/example_dags/example_bash_decorator.py took 0.520 seconds
[2024-08-13T05:03:01.649+0000] {processor.py:161} INFO - Started process (PID=2434) to work on /home/airflow/.local/lib/python3.12/site-packages/airflow/example_dags/example_bash_decorator.py
[2024-08-13T05:03:01.664+0000] {processor.py:830} INFO - Processing file /home/airflow/.local/lib/python3.12/site-packages/airflow/example_dags/example_bash_decorator.py for tasks to queue
[2024-08-13T05:03:01.681+0000] {logging_mixin.py:188} INFO - [2024-08-13T05:03:01.680+0000] {dagbag.py:545} INFO - Filling up the DagBag from /home/airflow/.local/lib/python3.12/site-packages/airflow/example_dags/example_bash_decorator.py
[2024-08-13T05:03:01.719+0000] {processor.py:840} INFO - DAG(s) 'example_bash_decorator' retrieved from /home/airflow/.local/lib/python3.12/site-packages/airflow/example_dags/example_bash_decorator.py
[2024-08-13T05:03:01.795+0000] {logging_mixin.py:188} INFO - [2024-08-13T05:03:01.794+0000] {dag.py:3089} INFO - Sync 1 DAGs
[2024-08-13T05:03:01.832+0000] {logging_mixin.py:188} INFO - [2024-08-13T05:03:01.831+0000] {dag.py:3947} INFO - Setting next_dagrun for example_bash_decorator to None, run_after=None
[2024-08-13T05:03:02.082+0000] {processor.py:183} INFO - Processing /home/airflow/.local/lib/python3.12/site-packages/airflow/example_dags/example_bash_decorator.py took 0.443 seconds
