[2024-08-13T04:41:48.019+0000] {processor.py:161} INFO - Started process (PID=74) to work on /home/airflow/.local/lib/python3.12/site-packages/airflow/example_dags/example_xcom.py
[2024-08-13T04:41:48.048+0000] {processor.py:830} INFO - Processing file /home/airflow/.local/lib/python3.12/site-packages/airflow/example_dags/example_xcom.py for tasks to queue
[2024-08-13T04:41:48.051+0000] {logging_mixin.py:188} INFO - [2024-08-13T04:41:48.050+0000] {dagbag.py:545} INFO - Filling up the DagBag from /home/airflow/.local/lib/python3.12/site-packages/airflow/example_dags/example_xcom.py
[2024-08-13T04:41:48.239+0000] {processor.py:840} INFO - DAG(s) 'example_xcom' retrieved from /home/airflow/.local/lib/python3.12/site-packages/airflow/example_dags/example_xcom.py
[2024-08-13T04:41:51.363+0000] {logging_mixin.py:188} INFO - [2024-08-13T04:41:51.363+0000] {dag.py:3089} INFO - Sync 1 DAGs
[2024-08-13T04:41:51.826+0000] {logging_mixin.py:188} INFO - [2024-08-13T04:41:51.825+0000] {dag.py:3947} INFO - Setting next_dagrun for example_xcom to 2021-01-01 00:00:00+00:00, run_after=2021-01-01 00:00:00+00:00
[2024-08-13T04:41:52.966+0000] {processor.py:183} INFO - Processing /home/airflow/.local/lib/python3.12/site-packages/airflow/example_dags/example_xcom.py took 5.014 seconds
[2024-08-13T04:42:32.907+0000] {processor.py:161} INFO - Started process (PID=136) to work on /home/airflow/.local/lib/python3.12/site-packages/airflow/example_dags/example_xcom.py
[2024-08-13T04:42:32.921+0000] {processor.py:830} INFO - Processing file /home/airflow/.local/lib/python3.12/site-packages/airflow/example_dags/example_xcom.py for tasks to queue
[2024-08-13T04:42:32.932+0000] {logging_mixin.py:188} INFO - [2024-08-13T04:42:32.931+0000] {dagbag.py:545} INFO - Filling up the DagBag from /home/airflow/.local/lib/python3.12/site-packages/airflow/example_dags/example_xcom.py
[2024-08-13T04:42:32.973+0000] {processor.py:840} INFO - DAG(s) 'example_xcom' retrieved from /home/airflow/.local/lib/python3.12/site-packages/airflow/example_dags/example_xcom.py
[2024-08-13T04:42:33.073+0000] {logging_mixin.py:188} INFO - [2024-08-13T04:42:33.072+0000] {dag.py:3089} INFO - Sync 1 DAGs
[2024-08-13T04:42:33.190+0000] {logging_mixin.py:188} INFO - [2024-08-13T04:42:33.189+0000] {dag.py:3947} INFO - Setting next_dagrun for example_xcom to 2021-01-01 00:00:00+00:00, run_after=2021-01-01 00:00:00+00:00
[2024-08-13T04:42:33.352+0000] {processor.py:183} INFO - Processing /home/airflow/.local/lib/python3.12/site-packages/airflow/example_dags/example_xcom.py took 0.466 seconds
[2024-08-13T04:43:04.715+0000] {processor.py:161} INFO - Started process (PID=192) to work on /home/airflow/.local/lib/python3.12/site-packages/airflow/example_dags/example_xcom.py
[2024-08-13T04:43:04.854+0000] {processor.py:830} INFO - Processing file /home/airflow/.local/lib/python3.12/site-packages/airflow/example_dags/example_xcom.py for tasks to queue
[2024-08-13T04:43:04.896+0000] {logging_mixin.py:188} INFO - [2024-08-13T04:43:04.882+0000] {dagbag.py:545} INFO - Filling up the DagBag from /home/airflow/.local/lib/python3.12/site-packages/airflow/example_dags/example_xcom.py
[2024-08-13T04:43:04.952+0000] {processor.py:840} INFO - DAG(s) 'example_xcom' retrieved from /home/airflow/.local/lib/python3.12/site-packages/airflow/example_dags/example_xcom.py
[2024-08-13T04:43:05.297+0000] {logging_mixin.py:188} INFO - [2024-08-13T04:43:05.296+0000] {dag.py:3089} INFO - Sync 1 DAGs
[2024-08-13T04:43:05.446+0000] {logging_mixin.py:188} INFO - [2024-08-13T04:43:05.445+0000] {dag.py:3947} INFO - Setting next_dagrun for example_xcom to 2021-01-01 00:00:00+00:00, run_after=2021-01-01 00:00:00+00:00
[2024-08-13T04:43:06.471+0000] {processor.py:183} INFO - Processing /home/airflow/.local/lib/python3.12/site-packages/airflow/example_dags/example_xcom.py took 1.778 seconds
[2024-08-13T04:43:38.008+0000] {processor.py:161} INFO - Started process (PID=250) to work on /home/airflow/.local/lib/python3.12/site-packages/airflow/example_dags/example_xcom.py
[2024-08-13T04:43:38.010+0000] {processor.py:830} INFO - Processing file /home/airflow/.local/lib/python3.12/site-packages/airflow/example_dags/example_xcom.py for tasks to queue
[2024-08-13T04:43:38.012+0000] {logging_mixin.py:188} INFO - [2024-08-13T04:43:38.012+0000] {dagbag.py:545} INFO - Filling up the DagBag from /home/airflow/.local/lib/python3.12/site-packages/airflow/example_dags/example_xcom.py
[2024-08-13T04:43:38.025+0000] {processor.py:840} INFO - DAG(s) 'example_xcom' retrieved from /home/airflow/.local/lib/python3.12/site-packages/airflow/example_dags/example_xcom.py
[2024-08-13T04:43:38.063+0000] {logging_mixin.py:188} INFO - [2024-08-13T04:43:38.062+0000] {dag.py:3089} INFO - Sync 1 DAGs
[2024-08-13T04:43:38.085+0000] {logging_mixin.py:188} INFO - [2024-08-13T04:43:38.085+0000] {dag.py:3947} INFO - Setting next_dagrun for example_xcom to 2021-01-01 00:00:00+00:00, run_after=2021-01-01 00:00:00+00:00
[2024-08-13T04:43:38.214+0000] {processor.py:183} INFO - Processing /home/airflow/.local/lib/python3.12/site-packages/airflow/example_dags/example_xcom.py took 0.213 seconds
[2024-08-13T04:44:10.710+0000] {processor.py:161} INFO - Started process (PID=308) to work on /home/airflow/.local/lib/python3.12/site-packages/airflow/example_dags/example_xcom.py
[2024-08-13T04:44:10.711+0000] {processor.py:830} INFO - Processing file /home/airflow/.local/lib/python3.12/site-packages/airflow/example_dags/example_xcom.py for tasks to queue
[2024-08-13T04:44:10.716+0000] {logging_mixin.py:188} INFO - [2024-08-13T04:44:10.715+0000] {dagbag.py:545} INFO - Filling up the DagBag from /home/airflow/.local/lib/python3.12/site-packages/airflow/example_dags/example_xcom.py
[2024-08-13T04:44:10.737+0000] {processor.py:840} INFO - DAG(s) 'example_xcom' retrieved from /home/airflow/.local/lib/python3.12/site-packages/airflow/example_dags/example_xcom.py
[2024-08-13T04:44:10.830+0000] {logging_mixin.py:188} INFO - [2024-08-13T04:44:10.830+0000] {dag.py:3089} INFO - Sync 1 DAGs
[2024-08-13T04:44:10.906+0000] {logging_mixin.py:188} INFO - [2024-08-13T04:44:10.905+0000] {dag.py:3947} INFO - Setting next_dagrun for example_xcom to 2021-01-01 00:00:00+00:00, run_after=2021-01-01 00:00:00+00:00
[2024-08-13T04:44:11.140+0000] {processor.py:183} INFO - Processing /home/airflow/.local/lib/python3.12/site-packages/airflow/example_dags/example_xcom.py took 0.457 seconds
[2024-08-13T04:44:41.694+0000] {processor.py:161} INFO - Started process (PID=366) to work on /home/airflow/.local/lib/python3.12/site-packages/airflow/example_dags/example_xcom.py
[2024-08-13T04:44:41.695+0000] {processor.py:830} INFO - Processing file /home/airflow/.local/lib/python3.12/site-packages/airflow/example_dags/example_xcom.py for tasks to queue
[2024-08-13T04:44:41.697+0000] {logging_mixin.py:188} INFO - [2024-08-13T04:44:41.697+0000] {dagbag.py:545} INFO - Filling up the DagBag from /home/airflow/.local/lib/python3.12/site-packages/airflow/example_dags/example_xcom.py
[2024-08-13T04:44:41.707+0000] {processor.py:840} INFO - DAG(s) 'example_xcom' retrieved from /home/airflow/.local/lib/python3.12/site-packages/airflow/example_dags/example_xcom.py
[2024-08-13T04:44:41.736+0000] {logging_mixin.py:188} INFO - [2024-08-13T04:44:41.736+0000] {dag.py:3089} INFO - Sync 1 DAGs
[2024-08-13T04:44:41.765+0000] {logging_mixin.py:188} INFO - [2024-08-13T04:44:41.765+0000] {dag.py:3947} INFO - Setting next_dagrun for example_xcom to 2021-01-01 00:00:00+00:00, run_after=2021-01-01 00:00:00+00:00
[2024-08-13T04:44:41.836+0000] {processor.py:183} INFO - Processing /home/airflow/.local/lib/python3.12/site-packages/airflow/example_dags/example_xcom.py took 0.151 seconds
[2024-08-13T04:45:12.654+0000] {processor.py:161} INFO - Started process (PID=424) to work on /home/airflow/.local/lib/python3.12/site-packages/airflow/example_dags/example_xcom.py
[2024-08-13T04:45:12.659+0000] {processor.py:830} INFO - Processing file /home/airflow/.local/lib/python3.12/site-packages/airflow/example_dags/example_xcom.py for tasks to queue
[2024-08-13T04:45:12.663+0000] {logging_mixin.py:188} INFO - [2024-08-13T04:45:12.662+0000] {dagbag.py:545} INFO - Filling up the DagBag from /home/airflow/.local/lib/python3.12/site-packages/airflow/example_dags/example_xcom.py
[2024-08-13T04:45:12.701+0000] {processor.py:840} INFO - DAG(s) 'example_xcom' retrieved from /home/airflow/.local/lib/python3.12/site-packages/airflow/example_dags/example_xcom.py
[2024-08-13T04:45:12.844+0000] {logging_mixin.py:188} INFO - [2024-08-13T04:45:12.843+0000] {dag.py:3089} INFO - Sync 1 DAGs
[2024-08-13T04:45:12.878+0000] {logging_mixin.py:188} INFO - [2024-08-13T04:45:12.878+0000] {dag.py:3947} INFO - Setting next_dagrun for example_xcom to 2021-01-01 00:00:00+00:00, run_after=2021-01-01 00:00:00+00:00
[2024-08-13T04:45:12.945+0000] {processor.py:183} INFO - Processing /home/airflow/.local/lib/python3.12/site-packages/airflow/example_dags/example_xcom.py took 0.300 seconds
[2024-08-13T04:45:44.767+0000] {processor.py:161} INFO - Started process (PID=481) to work on /home/airflow/.local/lib/python3.12/site-packages/airflow/example_dags/example_xcom.py
[2024-08-13T04:45:44.768+0000] {processor.py:830} INFO - Processing file /home/airflow/.local/lib/python3.12/site-packages/airflow/example_dags/example_xcom.py for tasks to queue
[2024-08-13T04:45:44.770+0000] {logging_mixin.py:188} INFO - [2024-08-13T04:45:44.770+0000] {dagbag.py:545} INFO - Filling up the DagBag from /home/airflow/.local/lib/python3.12/site-packages/airflow/example_dags/example_xcom.py
[2024-08-13T04:45:44.780+0000] {processor.py:840} INFO - DAG(s) 'example_xcom' retrieved from /home/airflow/.local/lib/python3.12/site-packages/airflow/example_dags/example_xcom.py
[2024-08-13T04:45:44.811+0000] {logging_mixin.py:188} INFO - [2024-08-13T04:45:44.811+0000] {dag.py:3089} INFO - Sync 1 DAGs
[2024-08-13T04:45:44.855+0000] {logging_mixin.py:188} INFO - [2024-08-13T04:45:44.854+0000] {dag.py:3947} INFO - Setting next_dagrun for example_xcom to 2021-01-01 00:00:00+00:00, run_after=2021-01-01 00:00:00+00:00
[2024-08-13T04:45:44.989+0000] {processor.py:183} INFO - Processing /home/airflow/.local/lib/python3.12/site-packages/airflow/example_dags/example_xcom.py took 0.228 seconds
[2024-08-13T04:46:15.348+0000] {processor.py:161} INFO - Started process (PID=539) to work on /home/airflow/.local/lib/python3.12/site-packages/airflow/example_dags/example_xcom.py
[2024-08-13T04:46:15.356+0000] {processor.py:830} INFO - Processing file /home/airflow/.local/lib/python3.12/site-packages/airflow/example_dags/example_xcom.py for tasks to queue
[2024-08-13T04:46:15.359+0000] {logging_mixin.py:188} INFO - [2024-08-13T04:46:15.359+0000] {dagbag.py:545} INFO - Filling up the DagBag from /home/airflow/.local/lib/python3.12/site-packages/airflow/example_dags/example_xcom.py
[2024-08-13T04:46:15.369+0000] {processor.py:840} INFO - DAG(s) 'example_xcom' retrieved from /home/airflow/.local/lib/python3.12/site-packages/airflow/example_dags/example_xcom.py
[2024-08-13T04:46:15.395+0000] {logging_mixin.py:188} INFO - [2024-08-13T04:46:15.395+0000] {dag.py:3089} INFO - Sync 1 DAGs
[2024-08-13T04:46:15.418+0000] {logging_mixin.py:188} INFO - [2024-08-13T04:46:15.418+0000] {dag.py:3947} INFO - Setting next_dagrun for example_xcom to 2021-01-01 00:00:00+00:00, run_after=2021-01-01 00:00:00+00:00
[2024-08-13T04:46:15.482+0000] {processor.py:183} INFO - Processing /home/airflow/.local/lib/python3.12/site-packages/airflow/example_dags/example_xcom.py took 0.141 seconds
[2024-08-13T04:46:46.099+0000] {processor.py:161} INFO - Started process (PID=597) to work on /home/airflow/.local/lib/python3.12/site-packages/airflow/example_dags/example_xcom.py
[2024-08-13T04:46:46.110+0000] {processor.py:830} INFO - Processing file /home/airflow/.local/lib/python3.12/site-packages/airflow/example_dags/example_xcom.py for tasks to queue
[2024-08-13T04:46:46.112+0000] {logging_mixin.py:188} INFO - [2024-08-13T04:46:46.112+0000] {dagbag.py:545} INFO - Filling up the DagBag from /home/airflow/.local/lib/python3.12/site-packages/airflow/example_dags/example_xcom.py
[2024-08-13T04:46:46.122+0000] {processor.py:840} INFO - DAG(s) 'example_xcom' retrieved from /home/airflow/.local/lib/python3.12/site-packages/airflow/example_dags/example_xcom.py
[2024-08-13T04:46:46.156+0000] {logging_mixin.py:188} INFO - [2024-08-13T04:46:46.156+0000] {dag.py:3089} INFO - Sync 1 DAGs
[2024-08-13T04:46:46.182+0000] {logging_mixin.py:188} INFO - [2024-08-13T04:46:46.182+0000] {dag.py:3947} INFO - Setting next_dagrun for example_xcom to 2021-01-01 00:00:00+00:00, run_after=2021-01-01 00:00:00+00:00
[2024-08-13T04:46:46.311+0000] {processor.py:183} INFO - Processing /home/airflow/.local/lib/python3.12/site-packages/airflow/example_dags/example_xcom.py took 0.220 seconds
[2024-08-13T04:47:19.870+0000] {processor.py:161} INFO - Started process (PID=655) to work on /home/airflow/.local/lib/python3.12/site-packages/airflow/example_dags/example_xcom.py
[2024-08-13T04:47:19.871+0000] {processor.py:830} INFO - Processing file /home/airflow/.local/lib/python3.12/site-packages/airflow/example_dags/example_xcom.py for tasks to queue
[2024-08-13T04:47:19.872+0000] {logging_mixin.py:188} INFO - [2024-08-13T04:47:19.872+0000] {dagbag.py:545} INFO - Filling up the DagBag from /home/airflow/.local/lib/python3.12/site-packages/airflow/example_dags/example_xcom.py
[2024-08-13T04:47:19.880+0000] {processor.py:840} INFO - DAG(s) 'example_xcom' retrieved from /home/airflow/.local/lib/python3.12/site-packages/airflow/example_dags/example_xcom.py
[2024-08-13T04:47:19.899+0000] {logging_mixin.py:188} INFO - [2024-08-13T04:47:19.899+0000] {dag.py:3089} INFO - Sync 1 DAGs
[2024-08-13T04:47:19.927+0000] {logging_mixin.py:188} INFO - [2024-08-13T04:47:19.927+0000] {dag.py:3947} INFO - Setting next_dagrun for example_xcom to 2021-01-01 00:00:00+00:00, run_after=2021-01-01 00:00:00+00:00
[2024-08-13T04:47:20.117+0000] {processor.py:183} INFO - Processing /home/airflow/.local/lib/python3.12/site-packages/airflow/example_dags/example_xcom.py took 0.255 seconds
[2024-08-13T04:47:51.116+0000] {processor.py:161} INFO - Started process (PID=713) to work on /home/airflow/.local/lib/python3.12/site-packages/airflow/example_dags/example_xcom.py
[2024-08-13T04:47:51.117+0000] {processor.py:830} INFO - Processing file /home/airflow/.local/lib/python3.12/site-packages/airflow/example_dags/example_xcom.py for tasks to queue
[2024-08-13T04:47:51.127+0000] {logging_mixin.py:188} INFO - [2024-08-13T04:47:51.126+0000] {dagbag.py:545} INFO - Filling up the DagBag from /home/airflow/.local/lib/python3.12/site-packages/airflow/example_dags/example_xcom.py
[2024-08-13T04:47:51.145+0000] {processor.py:840} INFO - DAG(s) 'example_xcom' retrieved from /home/airflow/.local/lib/python3.12/site-packages/airflow/example_dags/example_xcom.py
[2024-08-13T04:47:51.211+0000] {logging_mixin.py:188} INFO - [2024-08-13T04:47:51.211+0000] {dag.py:3089} INFO - Sync 1 DAGs
[2024-08-13T04:47:51.271+0000] {logging_mixin.py:188} INFO - [2024-08-13T04:47:51.270+0000] {dag.py:3947} INFO - Setting next_dagrun for example_xcom to 2021-01-01 00:00:00+00:00, run_after=2021-01-01 00:00:00+00:00
[2024-08-13T04:47:51.380+0000] {processor.py:183} INFO - Processing /home/airflow/.local/lib/python3.12/site-packages/airflow/example_dags/example_xcom.py took 0.276 seconds
[2024-08-13T04:48:21.435+0000] {processor.py:161} INFO - Started process (PID=772) to work on /home/airflow/.local/lib/python3.12/site-packages/airflow/example_dags/example_xcom.py
[2024-08-13T04:48:21.441+0000] {processor.py:830} INFO - Processing file /home/airflow/.local/lib/python3.12/site-packages/airflow/example_dags/example_xcom.py for tasks to queue
[2024-08-13T04:48:21.443+0000] {logging_mixin.py:188} INFO - [2024-08-13T04:48:21.443+0000] {dagbag.py:545} INFO - Filling up the DagBag from /home/airflow/.local/lib/python3.12/site-packages/airflow/example_dags/example_xcom.py
[2024-08-13T04:48:21.456+0000] {processor.py:840} INFO - DAG(s) 'example_xcom' retrieved from /home/airflow/.local/lib/python3.12/site-packages/airflow/example_dags/example_xcom.py
[2024-08-13T04:48:21.486+0000] {logging_mixin.py:188} INFO - [2024-08-13T04:48:21.486+0000] {dag.py:3089} INFO - Sync 1 DAGs
[2024-08-13T04:48:21.510+0000] {logging_mixin.py:188} INFO - [2024-08-13T04:48:21.510+0000] {dag.py:3947} INFO - Setting next_dagrun for example_xcom to 2021-01-01 00:00:00+00:00, run_after=2021-01-01 00:00:00+00:00
[2024-08-13T04:48:21.580+0000] {processor.py:183} INFO - Processing /home/airflow/.local/lib/python3.12/site-packages/airflow/example_dags/example_xcom.py took 0.153 seconds
[2024-08-13T04:48:52.378+0000] {processor.py:161} INFO - Started process (PID=829) to work on /home/airflow/.local/lib/python3.12/site-packages/airflow/example_dags/example_xcom.py
[2024-08-13T04:48:52.379+0000] {processor.py:830} INFO - Processing file /home/airflow/.local/lib/python3.12/site-packages/airflow/example_dags/example_xcom.py for tasks to queue
[2024-08-13T04:48:52.381+0000] {logging_mixin.py:188} INFO - [2024-08-13T04:48:52.380+0000] {dagbag.py:545} INFO - Filling up the DagBag from /home/airflow/.local/lib/python3.12/site-packages/airflow/example_dags/example_xcom.py
[2024-08-13T04:48:52.387+0000] {processor.py:840} INFO - DAG(s) 'example_xcom' retrieved from /home/airflow/.local/lib/python3.12/site-packages/airflow/example_dags/example_xcom.py
[2024-08-13T04:48:52.408+0000] {logging_mixin.py:188} INFO - [2024-08-13T04:48:52.407+0000] {dag.py:3089} INFO - Sync 1 DAGs
[2024-08-13T04:48:52.434+0000] {logging_mixin.py:188} INFO - [2024-08-13T04:48:52.434+0000] {dag.py:3947} INFO - Setting next_dagrun for example_xcom to 2021-01-01 00:00:00+00:00, run_after=2021-01-01 00:00:00+00:00
[2024-08-13T04:48:52.549+0000] {processor.py:183} INFO - Processing /home/airflow/.local/lib/python3.12/site-packages/airflow/example_dags/example_xcom.py took 0.176 seconds
[2024-08-13T04:49:22.880+0000] {processor.py:161} INFO - Started process (PID=887) to work on /home/airflow/.local/lib/python3.12/site-packages/airflow/example_dags/example_xcom.py
[2024-08-13T04:49:22.904+0000] {processor.py:830} INFO - Processing file /home/airflow/.local/lib/python3.12/site-packages/airflow/example_dags/example_xcom.py for tasks to queue
[2024-08-13T04:49:22.925+0000] {logging_mixin.py:188} INFO - [2024-08-13T04:49:22.924+0000] {dagbag.py:545} INFO - Filling up the DagBag from /home/airflow/.local/lib/python3.12/site-packages/airflow/example_dags/example_xcom.py
[2024-08-13T04:49:23.010+0000] {processor.py:840} INFO - DAG(s) 'example_xcom' retrieved from /home/airflow/.local/lib/python3.12/site-packages/airflow/example_dags/example_xcom.py
[2024-08-13T04:49:23.098+0000] {logging_mixin.py:188} INFO - [2024-08-13T04:49:23.098+0000] {dag.py:3089} INFO - Sync 1 DAGs
[2024-08-13T04:49:23.139+0000] {logging_mixin.py:188} INFO - [2024-08-13T04:49:23.138+0000] {dag.py:3947} INFO - Setting next_dagrun for example_xcom to 2021-01-01 00:00:00+00:00, run_after=2021-01-01 00:00:00+00:00
[2024-08-13T04:49:23.251+0000] {processor.py:183} INFO - Processing /home/airflow/.local/lib/python3.12/site-packages/airflow/example_dags/example_xcom.py took 0.383 seconds
[2024-08-13T04:49:53.864+0000] {processor.py:161} INFO - Started process (PID=945) to work on /home/airflow/.local/lib/python3.12/site-packages/airflow/example_dags/example_xcom.py
[2024-08-13T04:49:53.865+0000] {processor.py:830} INFO - Processing file /home/airflow/.local/lib/python3.12/site-packages/airflow/example_dags/example_xcom.py for tasks to queue
[2024-08-13T04:49:53.868+0000] {logging_mixin.py:188} INFO - [2024-08-13T04:49:53.867+0000] {dagbag.py:545} INFO - Filling up the DagBag from /home/airflow/.local/lib/python3.12/site-packages/airflow/example_dags/example_xcom.py
[2024-08-13T04:49:53.877+0000] {processor.py:840} INFO - DAG(s) 'example_xcom' retrieved from /home/airflow/.local/lib/python3.12/site-packages/airflow/example_dags/example_xcom.py
[2024-08-13T04:49:53.906+0000] {logging_mixin.py:188} INFO - [2024-08-13T04:49:53.905+0000] {dag.py:3089} INFO - Sync 1 DAGs
[2024-08-13T04:49:53.932+0000] {logging_mixin.py:188} INFO - [2024-08-13T04:49:53.932+0000] {dag.py:3947} INFO - Setting next_dagrun for example_xcom to 2021-01-01 00:00:00+00:00, run_after=2021-01-01 00:00:00+00:00
[2024-08-13T04:49:54.040+0000] {processor.py:183} INFO - Processing /home/airflow/.local/lib/python3.12/site-packages/airflow/example_dags/example_xcom.py took 0.184 seconds
[2024-08-13T04:50:24.763+0000] {processor.py:161} INFO - Started process (PID=1003) to work on /home/airflow/.local/lib/python3.12/site-packages/airflow/example_dags/example_xcom.py
[2024-08-13T04:50:24.769+0000] {processor.py:830} INFO - Processing file /home/airflow/.local/lib/python3.12/site-packages/airflow/example_dags/example_xcom.py for tasks to queue
[2024-08-13T04:50:24.771+0000] {logging_mixin.py:188} INFO - [2024-08-13T04:50:24.771+0000] {dagbag.py:545} INFO - Filling up the DagBag from /home/airflow/.local/lib/python3.12/site-packages/airflow/example_dags/example_xcom.py
[2024-08-13T04:50:24.780+0000] {processor.py:840} INFO - DAG(s) 'example_xcom' retrieved from /home/airflow/.local/lib/python3.12/site-packages/airflow/example_dags/example_xcom.py
[2024-08-13T04:50:24.809+0000] {logging_mixin.py:188} INFO - [2024-08-13T04:50:24.808+0000] {dag.py:3089} INFO - Sync 1 DAGs
[2024-08-13T04:50:24.830+0000] {logging_mixin.py:188} INFO - [2024-08-13T04:50:24.830+0000] {dag.py:3947} INFO - Setting next_dagrun for example_xcom to 2021-01-01 00:00:00+00:00, run_after=2021-01-01 00:00:00+00:00
[2024-08-13T04:50:25.312+0000] {processor.py:183} INFO - Processing /home/airflow/.local/lib/python3.12/site-packages/airflow/example_dags/example_xcom.py took 0.569 seconds
[2024-08-13T04:50:55.443+0000] {processor.py:161} INFO - Started process (PID=1061) to work on /home/airflow/.local/lib/python3.12/site-packages/airflow/example_dags/example_xcom.py
[2024-08-13T04:50:55.444+0000] {processor.py:830} INFO - Processing file /home/airflow/.local/lib/python3.12/site-packages/airflow/example_dags/example_xcom.py for tasks to queue
[2024-08-13T04:50:55.445+0000] {logging_mixin.py:188} INFO - [2024-08-13T04:50:55.446+0000] {dagbag.py:545} INFO - Filling up the DagBag from /home/airflow/.local/lib/python3.12/site-packages/airflow/example_dags/example_xcom.py
[2024-08-13T04:50:55.457+0000] {processor.py:840} INFO - DAG(s) 'example_xcom' retrieved from /home/airflow/.local/lib/python3.12/site-packages/airflow/example_dags/example_xcom.py
[2024-08-13T04:50:55.490+0000] {logging_mixin.py:188} INFO - [2024-08-13T04:50:55.489+0000] {dag.py:3089} INFO - Sync 1 DAGs
[2024-08-13T04:50:55.516+0000] {logging_mixin.py:188} INFO - [2024-08-13T04:50:55.515+0000] {dag.py:3947} INFO - Setting next_dagrun for example_xcom to 2021-01-01 00:00:00+00:00, run_after=2021-01-01 00:00:00+00:00
[2024-08-13T04:50:55.577+0000] {processor.py:183} INFO - Processing /home/airflow/.local/lib/python3.12/site-packages/airflow/example_dags/example_xcom.py took 0.142 seconds
[2024-08-13T04:51:26.306+0000] {processor.py:161} INFO - Started process (PID=1126) to work on /home/airflow/.local/lib/python3.12/site-packages/airflow/example_dags/example_xcom.py
[2024-08-13T04:51:26.317+0000] {processor.py:830} INFO - Processing file /home/airflow/.local/lib/python3.12/site-packages/airflow/example_dags/example_xcom.py for tasks to queue
[2024-08-13T04:51:26.322+0000] {logging_mixin.py:188} INFO - [2024-08-13T04:51:26.322+0000] {dagbag.py:545} INFO - Filling up the DagBag from /home/airflow/.local/lib/python3.12/site-packages/airflow/example_dags/example_xcom.py
[2024-08-13T04:51:26.364+0000] {processor.py:840} INFO - DAG(s) 'example_xcom' retrieved from /home/airflow/.local/lib/python3.12/site-packages/airflow/example_dags/example_xcom.py
[2024-08-13T04:51:26.421+0000] {logging_mixin.py:188} INFO - [2024-08-13T04:51:26.421+0000] {dag.py:3089} INFO - Sync 1 DAGs
[2024-08-13T04:51:26.455+0000] {logging_mixin.py:188} INFO - [2024-08-13T04:51:26.455+0000] {dag.py:3947} INFO - Setting next_dagrun for example_xcom to 2021-01-01 00:00:00+00:00, run_after=2021-01-01 00:00:00+00:00
[2024-08-13T04:51:26.560+0000] {processor.py:183} INFO - Processing /home/airflow/.local/lib/python3.12/site-packages/airflow/example_dags/example_xcom.py took 0.274 seconds
[2024-08-13T04:52:00.113+0000] {processor.py:161} INFO - Started process (PID=1185) to work on /home/airflow/.local/lib/python3.12/site-packages/airflow/example_dags/example_xcom.py
[2024-08-13T04:52:00.118+0000] {processor.py:830} INFO - Processing file /home/airflow/.local/lib/python3.12/site-packages/airflow/example_dags/example_xcom.py for tasks to queue
[2024-08-13T04:52:00.182+0000] {logging_mixin.py:188} INFO - [2024-08-13T04:52:00.182+0000] {dagbag.py:545} INFO - Filling up the DagBag from /home/airflow/.local/lib/python3.12/site-packages/airflow/example_dags/example_xcom.py
[2024-08-13T04:52:00.217+0000] {processor.py:840} INFO - DAG(s) 'example_xcom' retrieved from /home/airflow/.local/lib/python3.12/site-packages/airflow/example_dags/example_xcom.py
[2024-08-13T04:52:00.375+0000] {logging_mixin.py:188} INFO - [2024-08-13T04:52:00.375+0000] {dag.py:3089} INFO - Sync 1 DAGs
[2024-08-13T04:52:00.506+0000] {logging_mixin.py:188} INFO - [2024-08-13T04:52:00.503+0000] {dag.py:3947} INFO - Setting next_dagrun for example_xcom to 2021-01-01 00:00:00+00:00, run_after=2021-01-01 00:00:00+00:00
[2024-08-13T04:52:01.814+0000] {processor.py:183} INFO - Processing /home/airflow/.local/lib/python3.12/site-packages/airflow/example_dags/example_xcom.py took 1.721 seconds
[2024-08-13T04:52:32.066+0000] {processor.py:161} INFO - Started process (PID=1243) to work on /home/airflow/.local/lib/python3.12/site-packages/airflow/example_dags/example_xcom.py
[2024-08-13T04:52:32.067+0000] {processor.py:830} INFO - Processing file /home/airflow/.local/lib/python3.12/site-packages/airflow/example_dags/example_xcom.py for tasks to queue
[2024-08-13T04:52:32.069+0000] {logging_mixin.py:188} INFO - [2024-08-13T04:52:32.069+0000] {dagbag.py:545} INFO - Filling up the DagBag from /home/airflow/.local/lib/python3.12/site-packages/airflow/example_dags/example_xcom.py
[2024-08-13T04:52:32.076+0000] {processor.py:840} INFO - DAG(s) 'example_xcom' retrieved from /home/airflow/.local/lib/python3.12/site-packages/airflow/example_dags/example_xcom.py
[2024-08-13T04:52:32.095+0000] {logging_mixin.py:188} INFO - [2024-08-13T04:52:32.095+0000] {dag.py:3089} INFO - Sync 1 DAGs
[2024-08-13T04:52:32.139+0000] {logging_mixin.py:188} INFO - [2024-08-13T04:52:32.139+0000] {dag.py:3947} INFO - Setting next_dagrun for example_xcom to 2021-01-01 00:00:00+00:00, run_after=2021-01-01 00:00:00+00:00
[2024-08-13T04:52:32.200+0000] {processor.py:183} INFO - Processing /home/airflow/.local/lib/python3.12/site-packages/airflow/example_dags/example_xcom.py took 0.142 seconds
[2024-08-13T04:53:02.596+0000] {processor.py:161} INFO - Started process (PID=1301) to work on /home/airflow/.local/lib/python3.12/site-packages/airflow/example_dags/example_xcom.py
[2024-08-13T04:53:02.598+0000] {processor.py:830} INFO - Processing file /home/airflow/.local/lib/python3.12/site-packages/airflow/example_dags/example_xcom.py for tasks to queue
[2024-08-13T04:53:02.643+0000] {logging_mixin.py:188} INFO - [2024-08-13T04:53:02.642+0000] {dagbag.py:545} INFO - Filling up the DagBag from /home/airflow/.local/lib/python3.12/site-packages/airflow/example_dags/example_xcom.py
[2024-08-13T04:53:02.692+0000] {processor.py:840} INFO - DAG(s) 'example_xcom' retrieved from /home/airflow/.local/lib/python3.12/site-packages/airflow/example_dags/example_xcom.py
[2024-08-13T04:53:02.833+0000] {logging_mixin.py:188} INFO - [2024-08-13T04:53:02.833+0000] {dag.py:3089} INFO - Sync 1 DAGs
[2024-08-13T04:53:03.044+0000] {logging_mixin.py:188} INFO - [2024-08-13T04:53:03.044+0000] {dag.py:3947} INFO - Setting next_dagrun for example_xcom to 2021-01-01 00:00:00+00:00, run_after=2021-01-01 00:00:00+00:00
[2024-08-13T04:53:03.388+0000] {processor.py:183} INFO - Processing /home/airflow/.local/lib/python3.12/site-packages/airflow/example_dags/example_xcom.py took 0.883 seconds
[2024-08-13T04:53:33.970+0000] {processor.py:161} INFO - Started process (PID=1360) to work on /home/airflow/.local/lib/python3.12/site-packages/airflow/example_dags/example_xcom.py
[2024-08-13T04:53:33.971+0000] {processor.py:830} INFO - Processing file /home/airflow/.local/lib/python3.12/site-packages/airflow/example_dags/example_xcom.py for tasks to queue
[2024-08-13T04:53:33.974+0000] {logging_mixin.py:188} INFO - [2024-08-13T04:53:33.973+0000] {dagbag.py:545} INFO - Filling up the DagBag from /home/airflow/.local/lib/python3.12/site-packages/airflow/example_dags/example_xcom.py
[2024-08-13T04:53:33.983+0000] {processor.py:840} INFO - DAG(s) 'example_xcom' retrieved from /home/airflow/.local/lib/python3.12/site-packages/airflow/example_dags/example_xcom.py
[2024-08-13T04:53:34.013+0000] {logging_mixin.py:188} INFO - [2024-08-13T04:53:34.013+0000] {dag.py:3089} INFO - Sync 1 DAGs
[2024-08-13T04:53:34.050+0000] {logging_mixin.py:188} INFO - [2024-08-13T04:53:34.049+0000] {dag.py:3947} INFO - Setting next_dagrun for example_xcom to 2021-01-01 00:00:00+00:00, run_after=2021-01-01 00:00:00+00:00
[2024-08-13T04:53:34.101+0000] {processor.py:183} INFO - Processing /home/airflow/.local/lib/python3.12/site-packages/airflow/example_dags/example_xcom.py took 0.139 seconds
[2024-08-13T04:54:04.309+0000] {processor.py:161} INFO - Started process (PID=1418) to work on /home/airflow/.local/lib/python3.12/site-packages/airflow/example_dags/example_xcom.py
[2024-08-13T04:54:04.315+0000] {processor.py:830} INFO - Processing file /home/airflow/.local/lib/python3.12/site-packages/airflow/example_dags/example_xcom.py for tasks to queue
[2024-08-13T04:54:04.317+0000] {logging_mixin.py:188} INFO - [2024-08-13T04:54:04.317+0000] {dagbag.py:545} INFO - Filling up the DagBag from /home/airflow/.local/lib/python3.12/site-packages/airflow/example_dags/example_xcom.py
[2024-08-13T04:54:04.328+0000] {processor.py:840} INFO - DAG(s) 'example_xcom' retrieved from /home/airflow/.local/lib/python3.12/site-packages/airflow/example_dags/example_xcom.py
[2024-08-13T04:54:04.370+0000] {logging_mixin.py:188} INFO - [2024-08-13T04:54:04.369+0000] {dag.py:3089} INFO - Sync 1 DAGs
[2024-08-13T04:54:04.419+0000] {logging_mixin.py:188} INFO - [2024-08-13T04:54:04.418+0000] {dag.py:3947} INFO - Setting next_dagrun for example_xcom to 2021-01-01 00:00:00+00:00, run_after=2021-01-01 00:00:00+00:00
[2024-08-13T04:54:04.512+0000] {processor.py:183} INFO - Processing /home/airflow/.local/lib/python3.12/site-packages/airflow/example_dags/example_xcom.py took 0.215 seconds
[2024-08-13T04:54:34.752+0000] {processor.py:161} INFO - Started process (PID=1476) to work on /home/airflow/.local/lib/python3.12/site-packages/airflow/example_dags/example_xcom.py
[2024-08-13T04:54:34.753+0000] {processor.py:830} INFO - Processing file /home/airflow/.local/lib/python3.12/site-packages/airflow/example_dags/example_xcom.py for tasks to queue
[2024-08-13T04:54:34.755+0000] {logging_mixin.py:188} INFO - [2024-08-13T04:54:34.755+0000] {dagbag.py:545} INFO - Filling up the DagBag from /home/airflow/.local/lib/python3.12/site-packages/airflow/example_dags/example_xcom.py
[2024-08-13T04:54:34.765+0000] {processor.py:840} INFO - DAG(s) 'example_xcom' retrieved from /home/airflow/.local/lib/python3.12/site-packages/airflow/example_dags/example_xcom.py
[2024-08-13T04:54:34.790+0000] {logging_mixin.py:188} INFO - [2024-08-13T04:54:34.789+0000] {dag.py:3089} INFO - Sync 1 DAGs
[2024-08-13T04:54:34.819+0000] {logging_mixin.py:188} INFO - [2024-08-13T04:54:34.818+0000] {dag.py:3947} INFO - Setting next_dagrun for example_xcom to 2021-01-01 00:00:00+00:00, run_after=2021-01-01 00:00:00+00:00
[2024-08-13T04:54:34.981+0000] {processor.py:183} INFO - Processing /home/airflow/.local/lib/python3.12/site-packages/airflow/example_dags/example_xcom.py took 0.237 seconds
[2024-08-13T04:55:05.234+0000] {processor.py:161} INFO - Started process (PID=1534) to work on /home/airflow/.local/lib/python3.12/site-packages/airflow/example_dags/example_xcom.py
[2024-08-13T04:55:05.235+0000] {processor.py:830} INFO - Processing file /home/airflow/.local/lib/python3.12/site-packages/airflow/example_dags/example_xcom.py for tasks to queue
[2024-08-13T04:55:05.239+0000] {logging_mixin.py:188} INFO - [2024-08-13T04:55:05.238+0000] {dagbag.py:545} INFO - Filling up the DagBag from /home/airflow/.local/lib/python3.12/site-packages/airflow/example_dags/example_xcom.py
[2024-08-13T04:55:05.248+0000] {processor.py:840} INFO - DAG(s) 'example_xcom' retrieved from /home/airflow/.local/lib/python3.12/site-packages/airflow/example_dags/example_xcom.py
[2024-08-13T04:55:05.282+0000] {logging_mixin.py:188} INFO - [2024-08-13T04:55:05.282+0000] {dag.py:3089} INFO - Sync 1 DAGs
[2024-08-13T04:55:05.326+0000] {logging_mixin.py:188} INFO - [2024-08-13T04:55:05.326+0000] {dag.py:3947} INFO - Setting next_dagrun for example_xcom to 2021-01-01 00:00:00+00:00, run_after=2021-01-01 00:00:00+00:00
[2024-08-13T04:55:05.422+0000] {processor.py:183} INFO - Processing /home/airflow/.local/lib/python3.12/site-packages/airflow/example_dags/example_xcom.py took 0.197 seconds
[2024-08-13T04:55:35.769+0000] {processor.py:161} INFO - Started process (PID=1592) to work on /home/airflow/.local/lib/python3.12/site-packages/airflow/example_dags/example_xcom.py
[2024-08-13T04:55:35.770+0000] {processor.py:830} INFO - Processing file /home/airflow/.local/lib/python3.12/site-packages/airflow/example_dags/example_xcom.py for tasks to queue
[2024-08-13T04:55:35.773+0000] {logging_mixin.py:188} INFO - [2024-08-13T04:55:35.773+0000] {dagbag.py:545} INFO - Filling up the DagBag from /home/airflow/.local/lib/python3.12/site-packages/airflow/example_dags/example_xcom.py
[2024-08-13T04:55:35.784+0000] {processor.py:840} INFO - DAG(s) 'example_xcom' retrieved from /home/airflow/.local/lib/python3.12/site-packages/airflow/example_dags/example_xcom.py
[2024-08-13T04:55:35.814+0000] {logging_mixin.py:188} INFO - [2024-08-13T04:55:35.814+0000] {dag.py:3089} INFO - Sync 1 DAGs
[2024-08-13T04:55:35.873+0000] {logging_mixin.py:188} INFO - [2024-08-13T04:55:35.873+0000] {dag.py:3947} INFO - Setting next_dagrun for example_xcom to 2021-01-01 00:00:00+00:00, run_after=2021-01-01 00:00:00+00:00
[2024-08-13T04:55:35.946+0000] {processor.py:183} INFO - Processing /home/airflow/.local/lib/python3.12/site-packages/airflow/example_dags/example_xcom.py took 0.184 seconds
[2024-08-13T04:56:06.165+0000] {processor.py:161} INFO - Started process (PID=1650) to work on /home/airflow/.local/lib/python3.12/site-packages/airflow/example_dags/example_xcom.py
[2024-08-13T04:56:06.166+0000] {processor.py:830} INFO - Processing file /home/airflow/.local/lib/python3.12/site-packages/airflow/example_dags/example_xcom.py for tasks to queue
[2024-08-13T04:56:06.168+0000] {logging_mixin.py:188} INFO - [2024-08-13T04:56:06.168+0000] {dagbag.py:545} INFO - Filling up the DagBag from /home/airflow/.local/lib/python3.12/site-packages/airflow/example_dags/example_xcom.py
[2024-08-13T04:56:06.178+0000] {processor.py:840} INFO - DAG(s) 'example_xcom' retrieved from /home/airflow/.local/lib/python3.12/site-packages/airflow/example_dags/example_xcom.py
[2024-08-13T04:56:06.203+0000] {logging_mixin.py:188} INFO - [2024-08-13T04:56:06.202+0000] {dag.py:3089} INFO - Sync 1 DAGs
[2024-08-13T04:56:06.231+0000] {logging_mixin.py:188} INFO - [2024-08-13T04:56:06.231+0000] {dag.py:3947} INFO - Setting next_dagrun for example_xcom to 2021-01-01 00:00:00+00:00, run_after=2021-01-01 00:00:00+00:00
[2024-08-13T04:56:06.294+0000] {processor.py:183} INFO - Processing /home/airflow/.local/lib/python3.12/site-packages/airflow/example_dags/example_xcom.py took 0.137 seconds
[2024-08-13T04:56:36.810+0000] {processor.py:161} INFO - Started process (PID=1708) to work on /home/airflow/.local/lib/python3.12/site-packages/airflow/example_dags/example_xcom.py
[2024-08-13T04:56:36.816+0000] {processor.py:830} INFO - Processing file /home/airflow/.local/lib/python3.12/site-packages/airflow/example_dags/example_xcom.py for tasks to queue
[2024-08-13T04:56:36.825+0000] {logging_mixin.py:188} INFO - [2024-08-13T04:56:36.825+0000] {dagbag.py:545} INFO - Filling up the DagBag from /home/airflow/.local/lib/python3.12/site-packages/airflow/example_dags/example_xcom.py
[2024-08-13T04:56:36.851+0000] {processor.py:840} INFO - DAG(s) 'example_xcom' retrieved from /home/airflow/.local/lib/python3.12/site-packages/airflow/example_dags/example_xcom.py
[2024-08-13T04:56:36.902+0000] {logging_mixin.py:188} INFO - [2024-08-13T04:56:36.901+0000] {dag.py:3089} INFO - Sync 1 DAGs
[2024-08-13T04:56:36.967+0000] {logging_mixin.py:188} INFO - [2024-08-13T04:56:36.966+0000] {dag.py:3947} INFO - Setting next_dagrun for example_xcom to 2021-01-01 00:00:00+00:00, run_after=2021-01-01 00:00:00+00:00
[2024-08-13T04:56:37.044+0000] {processor.py:183} INFO - Processing /home/airflow/.local/lib/python3.12/site-packages/airflow/example_dags/example_xcom.py took 0.241 seconds
[2024-08-13T04:57:07.640+0000] {processor.py:161} INFO - Started process (PID=1766) to work on /home/airflow/.local/lib/python3.12/site-packages/airflow/example_dags/example_xcom.py
[2024-08-13T04:57:07.641+0000] {processor.py:830} INFO - Processing file /home/airflow/.local/lib/python3.12/site-packages/airflow/example_dags/example_xcom.py for tasks to queue
[2024-08-13T04:57:07.643+0000] {logging_mixin.py:188} INFO - [2024-08-13T04:57:07.643+0000] {dagbag.py:545} INFO - Filling up the DagBag from /home/airflow/.local/lib/python3.12/site-packages/airflow/example_dags/example_xcom.py
[2024-08-13T04:57:07.653+0000] {processor.py:840} INFO - DAG(s) 'example_xcom' retrieved from /home/airflow/.local/lib/python3.12/site-packages/airflow/example_dags/example_xcom.py
[2024-08-13T04:57:07.679+0000] {logging_mixin.py:188} INFO - [2024-08-13T04:57:07.679+0000] {dag.py:3089} INFO - Sync 1 DAGs
[2024-08-13T04:57:07.708+0000] {logging_mixin.py:188} INFO - [2024-08-13T04:57:07.708+0000] {dag.py:3947} INFO - Setting next_dagrun for example_xcom to 2021-01-01 00:00:00+00:00, run_after=2021-01-01 00:00:00+00:00
[2024-08-13T04:57:07.773+0000] {processor.py:183} INFO - Processing /home/airflow/.local/lib/python3.12/site-packages/airflow/example_dags/example_xcom.py took 0.141 seconds
[2024-08-13T04:57:38.280+0000] {processor.py:161} INFO - Started process (PID=1824) to work on /home/airflow/.local/lib/python3.12/site-packages/airflow/example_dags/example_xcom.py
[2024-08-13T04:57:38.312+0000] {processor.py:830} INFO - Processing file /home/airflow/.local/lib/python3.12/site-packages/airflow/example_dags/example_xcom.py for tasks to queue
[2024-08-13T04:57:38.329+0000] {logging_mixin.py:188} INFO - [2024-08-13T04:57:38.328+0000] {dagbag.py:545} INFO - Filling up the DagBag from /home/airflow/.local/lib/python3.12/site-packages/airflow/example_dags/example_xcom.py
[2024-08-13T04:57:38.368+0000] {processor.py:840} INFO - DAG(s) 'example_xcom' retrieved from /home/airflow/.local/lib/python3.12/site-packages/airflow/example_dags/example_xcom.py
[2024-08-13T04:57:38.997+0000] {logging_mixin.py:188} INFO - [2024-08-13T04:57:38.996+0000] {dag.py:3089} INFO - Sync 1 DAGs
[2024-08-13T04:57:39.168+0000] {logging_mixin.py:188} INFO - [2024-08-13T04:57:39.168+0000] {dag.py:3947} INFO - Setting next_dagrun for example_xcom to 2021-01-01 00:00:00+00:00, run_after=2021-01-01 00:00:00+00:00
[2024-08-13T04:57:39.263+0000] {processor.py:183} INFO - Processing /home/airflow/.local/lib/python3.12/site-packages/airflow/example_dags/example_xcom.py took 1.033 seconds
[2024-08-13T04:58:09.510+0000] {processor.py:161} INFO - Started process (PID=1882) to work on /home/airflow/.local/lib/python3.12/site-packages/airflow/example_dags/example_xcom.py
[2024-08-13T04:58:09.518+0000] {processor.py:830} INFO - Processing file /home/airflow/.local/lib/python3.12/site-packages/airflow/example_dags/example_xcom.py for tasks to queue
[2024-08-13T04:58:09.526+0000] {logging_mixin.py:188} INFO - [2024-08-13T04:58:09.526+0000] {dagbag.py:545} INFO - Filling up the DagBag from /home/airflow/.local/lib/python3.12/site-packages/airflow/example_dags/example_xcom.py
[2024-08-13T04:58:09.555+0000] {processor.py:840} INFO - DAG(s) 'example_xcom' retrieved from /home/airflow/.local/lib/python3.12/site-packages/airflow/example_dags/example_xcom.py
[2024-08-13T04:58:09.901+0000] {logging_mixin.py:188} INFO - [2024-08-13T04:58:09.901+0000] {dag.py:3089} INFO - Sync 1 DAGs
[2024-08-13T04:58:10.319+0000] {logging_mixin.py:188} INFO - [2024-08-13T04:58:10.310+0000] {dag.py:3947} INFO - Setting next_dagrun for example_xcom to 2021-01-01 00:00:00+00:00, run_after=2021-01-01 00:00:00+00:00
[2024-08-13T04:58:10.491+0000] {processor.py:183} INFO - Processing /home/airflow/.local/lib/python3.12/site-packages/airflow/example_dags/example_xcom.py took 0.989 seconds
[2024-08-13T04:58:40.654+0000] {processor.py:161} INFO - Started process (PID=1940) to work on /home/airflow/.local/lib/python3.12/site-packages/airflow/example_dags/example_xcom.py
[2024-08-13T04:58:40.656+0000] {processor.py:830} INFO - Processing file /home/airflow/.local/lib/python3.12/site-packages/airflow/example_dags/example_xcom.py for tasks to queue
[2024-08-13T04:58:40.658+0000] {logging_mixin.py:188} INFO - [2024-08-13T04:58:40.657+0000] {dagbag.py:545} INFO - Filling up the DagBag from /home/airflow/.local/lib/python3.12/site-packages/airflow/example_dags/example_xcom.py
[2024-08-13T04:58:40.669+0000] {processor.py:840} INFO - DAG(s) 'example_xcom' retrieved from /home/airflow/.local/lib/python3.12/site-packages/airflow/example_dags/example_xcom.py
[2024-08-13T04:58:40.695+0000] {logging_mixin.py:188} INFO - [2024-08-13T04:58:40.695+0000] {dag.py:3089} INFO - Sync 1 DAGs
[2024-08-13T04:58:40.733+0000] {logging_mixin.py:188} INFO - [2024-08-13T04:58:40.733+0000] {dag.py:3947} INFO - Setting next_dagrun for example_xcom to 2021-01-01 00:00:00+00:00, run_after=2021-01-01 00:00:00+00:00
[2024-08-13T04:58:40.838+0000] {processor.py:183} INFO - Processing /home/airflow/.local/lib/python3.12/site-packages/airflow/example_dags/example_xcom.py took 0.192 seconds
[2024-08-13T04:59:11.425+0000] {processor.py:161} INFO - Started process (PID=1997) to work on /home/airflow/.local/lib/python3.12/site-packages/airflow/example_dags/example_xcom.py
[2024-08-13T04:59:11.426+0000] {processor.py:830} INFO - Processing file /home/airflow/.local/lib/python3.12/site-packages/airflow/example_dags/example_xcom.py for tasks to queue
[2024-08-13T04:59:11.428+0000] {logging_mixin.py:188} INFO - [2024-08-13T04:59:11.428+0000] {dagbag.py:545} INFO - Filling up the DagBag from /home/airflow/.local/lib/python3.12/site-packages/airflow/example_dags/example_xcom.py
[2024-08-13T04:59:11.438+0000] {processor.py:840} INFO - DAG(s) 'example_xcom' retrieved from /home/airflow/.local/lib/python3.12/site-packages/airflow/example_dags/example_xcom.py
[2024-08-13T04:59:11.464+0000] {logging_mixin.py:188} INFO - [2024-08-13T04:59:11.464+0000] {dag.py:3089} INFO - Sync 1 DAGs
[2024-08-13T04:59:11.494+0000] {logging_mixin.py:188} INFO - [2024-08-13T04:59:11.493+0000] {dag.py:3947} INFO - Setting next_dagrun for example_xcom to 2021-01-01 00:00:00+00:00, run_after=2021-01-01 00:00:00+00:00
[2024-08-13T04:59:11.560+0000] {processor.py:183} INFO - Processing /home/airflow/.local/lib/python3.12/site-packages/airflow/example_dags/example_xcom.py took 0.143 seconds
[2024-08-13T04:59:41.732+0000] {processor.py:161} INFO - Started process (PID=2056) to work on /home/airflow/.local/lib/python3.12/site-packages/airflow/example_dags/example_xcom.py
[2024-08-13T04:59:41.733+0000] {processor.py:830} INFO - Processing file /home/airflow/.local/lib/python3.12/site-packages/airflow/example_dags/example_xcom.py for tasks to queue
[2024-08-13T04:59:41.735+0000] {logging_mixin.py:188} INFO - [2024-08-13T04:59:41.735+0000] {dagbag.py:545} INFO - Filling up the DagBag from /home/airflow/.local/lib/python3.12/site-packages/airflow/example_dags/example_xcom.py
[2024-08-13T04:59:41.746+0000] {processor.py:840} INFO - DAG(s) 'example_xcom' retrieved from /home/airflow/.local/lib/python3.12/site-packages/airflow/example_dags/example_xcom.py
[2024-08-13T04:59:41.778+0000] {logging_mixin.py:188} INFO - [2024-08-13T04:59:41.778+0000] {dag.py:3089} INFO - Sync 1 DAGs
[2024-08-13T04:59:41.821+0000] {logging_mixin.py:188} INFO - [2024-08-13T04:59:41.820+0000] {dag.py:3947} INFO - Setting next_dagrun for example_xcom to 2021-01-01 00:00:00+00:00, run_after=2021-01-01 00:00:00+00:00
[2024-08-13T04:59:41.883+0000] {processor.py:183} INFO - Processing /home/airflow/.local/lib/python3.12/site-packages/airflow/example_dags/example_xcom.py took 0.158 seconds
[2024-08-13T05:00:12.252+0000] {processor.py:161} INFO - Started process (PID=2113) to work on /home/airflow/.local/lib/python3.12/site-packages/airflow/example_dags/example_xcom.py
[2024-08-13T05:00:12.254+0000] {processor.py:830} INFO - Processing file /home/airflow/.local/lib/python3.12/site-packages/airflow/example_dags/example_xcom.py for tasks to queue
[2024-08-13T05:00:12.260+0000] {logging_mixin.py:188} INFO - [2024-08-13T05:00:12.259+0000] {dagbag.py:545} INFO - Filling up the DagBag from /home/airflow/.local/lib/python3.12/site-packages/airflow/example_dags/example_xcom.py
[2024-08-13T05:00:12.293+0000] {processor.py:840} INFO - DAG(s) 'example_xcom' retrieved from /home/airflow/.local/lib/python3.12/site-packages/airflow/example_dags/example_xcom.py
[2024-08-13T05:00:12.345+0000] {logging_mixin.py:188} INFO - [2024-08-13T05:00:12.345+0000] {dag.py:3089} INFO - Sync 1 DAGs
[2024-08-13T05:00:12.380+0000] {logging_mixin.py:188} INFO - [2024-08-13T05:00:12.380+0000] {dag.py:3947} INFO - Setting next_dagrun for example_xcom to 2021-01-01 00:00:00+00:00, run_after=2021-01-01 00:00:00+00:00
[2024-08-13T05:00:12.504+0000] {processor.py:183} INFO - Processing /home/airflow/.local/lib/python3.12/site-packages/airflow/example_dags/example_xcom.py took 0.263 seconds
[2024-08-13T05:00:43.258+0000] {processor.py:161} INFO - Started process (PID=2171) to work on /home/airflow/.local/lib/python3.12/site-packages/airflow/example_dags/example_xcom.py
[2024-08-13T05:00:43.259+0000] {processor.py:830} INFO - Processing file /home/airflow/.local/lib/python3.12/site-packages/airflow/example_dags/example_xcom.py for tasks to queue
[2024-08-13T05:00:43.262+0000] {logging_mixin.py:188} INFO - [2024-08-13T05:00:43.261+0000] {dagbag.py:545} INFO - Filling up the DagBag from /home/airflow/.local/lib/python3.12/site-packages/airflow/example_dags/example_xcom.py
[2024-08-13T05:00:43.272+0000] {processor.py:840} INFO - DAG(s) 'example_xcom' retrieved from /home/airflow/.local/lib/python3.12/site-packages/airflow/example_dags/example_xcom.py
[2024-08-13T05:00:43.317+0000] {logging_mixin.py:188} INFO - [2024-08-13T05:00:43.317+0000] {dag.py:3089} INFO - Sync 1 DAGs
[2024-08-13T05:00:43.383+0000] {logging_mixin.py:188} INFO - [2024-08-13T05:00:43.383+0000] {dag.py:3947} INFO - Setting next_dagrun for example_xcom to 2021-01-01 00:00:00+00:00, run_after=2021-01-01 00:00:00+00:00
[2024-08-13T05:00:43.517+0000] {processor.py:183} INFO - Processing /home/airflow/.local/lib/python3.12/site-packages/airflow/example_dags/example_xcom.py took 0.274 seconds
[2024-08-13T05:01:13.825+0000] {processor.py:161} INFO - Started process (PID=2229) to work on /home/airflow/.local/lib/python3.12/site-packages/airflow/example_dags/example_xcom.py
[2024-08-13T05:01:13.826+0000] {processor.py:830} INFO - Processing file /home/airflow/.local/lib/python3.12/site-packages/airflow/example_dags/example_xcom.py for tasks to queue
[2024-08-13T05:01:13.828+0000] {logging_mixin.py:188} INFO - [2024-08-13T05:01:13.828+0000] {dagbag.py:545} INFO - Filling up the DagBag from /home/airflow/.local/lib/python3.12/site-packages/airflow/example_dags/example_xcom.py
[2024-08-13T05:01:13.838+0000] {processor.py:840} INFO - DAG(s) 'example_xcom' retrieved from /home/airflow/.local/lib/python3.12/site-packages/airflow/example_dags/example_xcom.py
[2024-08-13T05:01:13.864+0000] {logging_mixin.py:188} INFO - [2024-08-13T05:01:13.864+0000] {dag.py:3089} INFO - Sync 1 DAGs
[2024-08-13T05:01:13.894+0000] {logging_mixin.py:188} INFO - [2024-08-13T05:01:13.893+0000] {dag.py:3947} INFO - Setting next_dagrun for example_xcom to 2021-01-01 00:00:00+00:00, run_after=2021-01-01 00:00:00+00:00
[2024-08-13T05:01:13.966+0000] {processor.py:183} INFO - Processing /home/airflow/.local/lib/python3.12/site-packages/airflow/example_dags/example_xcom.py took 0.149 seconds
[2024-08-13T05:01:44.509+0000] {processor.py:161} INFO - Started process (PID=2288) to work on /home/airflow/.local/lib/python3.12/site-packages/airflow/example_dags/example_xcom.py
[2024-08-13T05:01:44.510+0000] {processor.py:830} INFO - Processing file /home/airflow/.local/lib/python3.12/site-packages/airflow/example_dags/example_xcom.py for tasks to queue
[2024-08-13T05:01:44.513+0000] {logging_mixin.py:188} INFO - [2024-08-13T05:01:44.512+0000] {dagbag.py:545} INFO - Filling up the DagBag from /home/airflow/.local/lib/python3.12/site-packages/airflow/example_dags/example_xcom.py
[2024-08-13T05:01:44.523+0000] {processor.py:840} INFO - DAG(s) 'example_xcom' retrieved from /home/airflow/.local/lib/python3.12/site-packages/airflow/example_dags/example_xcom.py
[2024-08-13T05:01:44.549+0000] {logging_mixin.py:188} INFO - [2024-08-13T05:01:44.548+0000] {dag.py:3089} INFO - Sync 1 DAGs
[2024-08-13T05:01:44.579+0000] {logging_mixin.py:188} INFO - [2024-08-13T05:01:44.579+0000] {dag.py:3947} INFO - Setting next_dagrun for example_xcom to 2021-01-01 00:00:00+00:00, run_after=2021-01-01 00:00:00+00:00
[2024-08-13T05:01:44.645+0000] {processor.py:183} INFO - Processing /home/airflow/.local/lib/python3.12/site-packages/airflow/example_dags/example_xcom.py took 0.146 seconds
[2024-08-13T05:02:15.311+0000] {processor.py:161} INFO - Started process (PID=2347) to work on /home/airflow/.local/lib/python3.12/site-packages/airflow/example_dags/example_xcom.py
[2024-08-13T05:02:15.312+0000] {processor.py:830} INFO - Processing file /home/airflow/.local/lib/python3.12/site-packages/airflow/example_dags/example_xcom.py for tasks to queue
[2024-08-13T05:02:15.314+0000] {logging_mixin.py:188} INFO - [2024-08-13T05:02:15.313+0000] {dagbag.py:545} INFO - Filling up the DagBag from /home/airflow/.local/lib/python3.12/site-packages/airflow/example_dags/example_xcom.py
[2024-08-13T05:02:15.324+0000] {processor.py:840} INFO - DAG(s) 'example_xcom' retrieved from /home/airflow/.local/lib/python3.12/site-packages/airflow/example_dags/example_xcom.py
[2024-08-13T05:02:15.349+0000] {logging_mixin.py:188} INFO - [2024-08-13T05:02:15.349+0000] {dag.py:3089} INFO - Sync 1 DAGs
[2024-08-13T05:02:15.378+0000] {logging_mixin.py:188} INFO - [2024-08-13T05:02:15.377+0000] {dag.py:3947} INFO - Setting next_dagrun for example_xcom to 2021-01-01 00:00:00+00:00, run_after=2021-01-01 00:00:00+00:00
[2024-08-13T05:02:15.452+0000] {processor.py:183} INFO - Processing /home/airflow/.local/lib/python3.12/site-packages/airflow/example_dags/example_xcom.py took 0.148 seconds
[2024-08-13T05:02:45.930+0000] {processor.py:161} INFO - Started process (PID=2406) to work on /home/airflow/.local/lib/python3.12/site-packages/airflow/example_dags/example_xcom.py
[2024-08-13T05:02:45.933+0000] {processor.py:830} INFO - Processing file /home/airflow/.local/lib/python3.12/site-packages/airflow/example_dags/example_xcom.py for tasks to queue
[2024-08-13T05:02:45.937+0000] {logging_mixin.py:188} INFO - [2024-08-13T05:02:45.937+0000] {dagbag.py:545} INFO - Filling up the DagBag from /home/airflow/.local/lib/python3.12/site-packages/airflow/example_dags/example_xcom.py
[2024-08-13T05:02:45.955+0000] {processor.py:840} INFO - DAG(s) 'example_xcom' retrieved from /home/airflow/.local/lib/python3.12/site-packages/airflow/example_dags/example_xcom.py
[2024-08-13T05:02:46.010+0000] {logging_mixin.py:188} INFO - [2024-08-13T05:02:46.010+0000] {dag.py:3089} INFO - Sync 1 DAGs
[2024-08-13T05:02:46.081+0000] {logging_mixin.py:188} INFO - [2024-08-13T05:02:46.081+0000] {dag.py:3947} INFO - Setting next_dagrun for example_xcom to 2021-01-01 00:00:00+00:00, run_after=2021-01-01 00:00:00+00:00
[2024-08-13T05:02:46.191+0000] {processor.py:183} INFO - Processing /home/airflow/.local/lib/python3.12/site-packages/airflow/example_dags/example_xcom.py took 0.278 seconds
[2024-08-13T05:03:16.715+0000] {processor.py:161} INFO - Started process (PID=2464) to work on /home/airflow/.local/lib/python3.12/site-packages/airflow/example_dags/example_xcom.py
[2024-08-13T05:03:16.729+0000] {processor.py:830} INFO - Processing file /home/airflow/.local/lib/python3.12/site-packages/airflow/example_dags/example_xcom.py for tasks to queue
[2024-08-13T05:03:16.750+0000] {logging_mixin.py:188} INFO - [2024-08-13T05:03:16.750+0000] {dagbag.py:545} INFO - Filling up the DagBag from /home/airflow/.local/lib/python3.12/site-packages/airflow/example_dags/example_xcom.py
[2024-08-13T05:03:16.768+0000] {processor.py:840} INFO - DAG(s) 'example_xcom' retrieved from /home/airflow/.local/lib/python3.12/site-packages/airflow/example_dags/example_xcom.py
[2024-08-13T05:03:16.893+0000] {logging_mixin.py:188} INFO - [2024-08-13T05:03:16.892+0000] {dag.py:3089} INFO - Sync 1 DAGs
[2024-08-13T05:03:16.979+0000] {logging_mixin.py:188} INFO - [2024-08-13T05:03:16.979+0000] {dag.py:3947} INFO - Setting next_dagrun for example_xcom to 2021-01-01 00:00:00+00:00, run_after=2021-01-01 00:00:00+00:00
[2024-08-13T05:03:17.069+0000] {processor.py:183} INFO - Processing /home/airflow/.local/lib/python3.12/site-packages/airflow/example_dags/example_xcom.py took 0.362 seconds
