[2024-08-13T04:41:56.498+0000] {processor.py:161} INFO - Started process (PID=82) to work on /home/airflow/.local/lib/python3.12/site-packages/airflow/example_dags/example_sensors.py
[2024-08-13T04:41:56.500+0000] {processor.py:830} INFO - Processing file /home/airflow/.local/lib/python3.12/site-packages/airflow/example_dags/example_sensors.py for tasks to queue
[2024-08-13T04:41:56.507+0000] {logging_mixin.py:188} INFO - [2024-08-13T04:41:56.507+0000] {dagbag.py:545} INFO - Filling up the DagBag from /home/airflow/.local/lib/python3.12/site-packages/airflow/example_dags/example_sensors.py
[2024-08-13T04:41:56.549+0000] {processor.py:840} INFO - DAG(s) 'example_sensors' retrieved from /home/airflow/.local/lib/python3.12/site-packages/airflow/example_dags/example_sensors.py
[2024-08-13T04:41:57.392+0000] {logging_mixin.py:188} INFO - [2024-08-13T04:41:57.349+0000] {dag.py:3089} INFO - Sync 1 DAGs
[2024-08-13T04:41:57.565+0000] {logging_mixin.py:188} INFO - [2024-08-13T04:41:57.565+0000] {dag.py:3947} INFO - Setting next_dagrun for example_sensors to None, run_after=None
[2024-08-13T04:41:57.792+0000] {processor.py:183} INFO - Processing /home/airflow/.local/lib/python3.12/site-packages/airflow/example_dags/example_sensors.py took 1.414 seconds
[2024-08-13T04:42:33.845+0000] {processor.py:161} INFO - Started process (PID=139) to work on /home/airflow/.local/lib/python3.12/site-packages/airflow/example_dags/example_sensors.py
[2024-08-13T04:42:33.854+0000] {processor.py:830} INFO - Processing file /home/airflow/.local/lib/python3.12/site-packages/airflow/example_dags/example_sensors.py for tasks to queue
[2024-08-13T04:42:33.869+0000] {logging_mixin.py:188} INFO - [2024-08-13T04:42:33.869+0000] {dagbag.py:545} INFO - Filling up the DagBag from /home/airflow/.local/lib/python3.12/site-packages/airflow/example_dags/example_sensors.py
[2024-08-13T04:42:33.904+0000] {processor.py:840} INFO - DAG(s) 'example_sensors' retrieved from /home/airflow/.local/lib/python3.12/site-packages/airflow/example_dags/example_sensors.py
[2024-08-13T04:42:34.073+0000] {logging_mixin.py:188} INFO - [2024-08-13T04:42:34.072+0000] {dag.py:3089} INFO - Sync 1 DAGs
[2024-08-13T04:42:34.141+0000] {logging_mixin.py:188} INFO - [2024-08-13T04:42:34.140+0000] {dag.py:3947} INFO - Setting next_dagrun for example_sensors to None, run_after=None
[2024-08-13T04:42:34.500+0000] {processor.py:183} INFO - Processing /home/airflow/.local/lib/python3.12/site-packages/airflow/example_dags/example_sensors.py took 0.678 seconds
[2024-08-13T04:43:12.187+0000] {processor.py:161} INFO - Started process (PID=197) to work on /home/airflow/.local/lib/python3.12/site-packages/airflow/example_dags/example_sensors.py
[2024-08-13T04:43:12.207+0000] {processor.py:830} INFO - Processing file /home/airflow/.local/lib/python3.12/site-packages/airflow/example_dags/example_sensors.py for tasks to queue
[2024-08-13T04:43:12.209+0000] {logging_mixin.py:188} INFO - [2024-08-13T04:43:12.209+0000] {dagbag.py:545} INFO - Filling up the DagBag from /home/airflow/.local/lib/python3.12/site-packages/airflow/example_dags/example_sensors.py
[2024-08-13T04:43:12.235+0000] {processor.py:840} INFO - DAG(s) 'example_sensors' retrieved from /home/airflow/.local/lib/python3.12/site-packages/airflow/example_dags/example_sensors.py
[2024-08-13T04:43:12.417+0000] {logging_mixin.py:188} INFO - [2024-08-13T04:43:12.417+0000] {dag.py:3089} INFO - Sync 1 DAGs
[2024-08-13T04:43:12.460+0000] {logging_mixin.py:188} INFO - [2024-08-13T04:43:12.460+0000] {dag.py:3947} INFO - Setting next_dagrun for example_sensors to None, run_after=None
[2024-08-13T04:43:12.569+0000] {processor.py:183} INFO - Processing /home/airflow/.local/lib/python3.12/site-packages/airflow/example_dags/example_sensors.py took 0.401 seconds
[2024-08-13T04:43:43.439+0000] {processor.py:161} INFO - Started process (PID=253) to work on /home/airflow/.local/lib/python3.12/site-packages/airflow/example_dags/example_sensors.py
[2024-08-13T04:43:43.440+0000] {processor.py:830} INFO - Processing file /home/airflow/.local/lib/python3.12/site-packages/airflow/example_dags/example_sensors.py for tasks to queue
[2024-08-13T04:43:43.451+0000] {logging_mixin.py:188} INFO - [2024-08-13T04:43:43.451+0000] {dagbag.py:545} INFO - Filling up the DagBag from /home/airflow/.local/lib/python3.12/site-packages/airflow/example_dags/example_sensors.py
[2024-08-13T04:43:43.486+0000] {processor.py:840} INFO - DAG(s) 'example_sensors' retrieved from /home/airflow/.local/lib/python3.12/site-packages/airflow/example_dags/example_sensors.py
[2024-08-13T04:43:43.636+0000] {logging_mixin.py:188} INFO - [2024-08-13T04:43:43.635+0000] {dag.py:3089} INFO - Sync 1 DAGs
[2024-08-13T04:43:43.656+0000] {logging_mixin.py:188} INFO - [2024-08-13T04:43:43.656+0000] {dag.py:3947} INFO - Setting next_dagrun for example_sensors to None, run_after=None
[2024-08-13T04:43:45.346+0000] {processor.py:183} INFO - Processing /home/airflow/.local/lib/python3.12/site-packages/airflow/example_dags/example_sensors.py took 1.914 seconds
[2024-08-13T04:44:15.477+0000] {processor.py:161} INFO - Started process (PID=311) to work on /home/airflow/.local/lib/python3.12/site-packages/airflow/example_dags/example_sensors.py
[2024-08-13T04:44:15.479+0000] {processor.py:830} INFO - Processing file /home/airflow/.local/lib/python3.12/site-packages/airflow/example_dags/example_sensors.py for tasks to queue
[2024-08-13T04:44:15.481+0000] {logging_mixin.py:188} INFO - [2024-08-13T04:44:15.481+0000] {dagbag.py:545} INFO - Filling up the DagBag from /home/airflow/.local/lib/python3.12/site-packages/airflow/example_dags/example_sensors.py
[2024-08-13T04:44:15.493+0000] {processor.py:840} INFO - DAG(s) 'example_sensors' retrieved from /home/airflow/.local/lib/python3.12/site-packages/airflow/example_dags/example_sensors.py
[2024-08-13T04:44:15.531+0000] {logging_mixin.py:188} INFO - [2024-08-13T04:44:15.531+0000] {dag.py:3089} INFO - Sync 1 DAGs
[2024-08-13T04:44:15.580+0000] {logging_mixin.py:188} INFO - [2024-08-13T04:44:15.580+0000] {dag.py:3947} INFO - Setting next_dagrun for example_sensors to None, run_after=None
[2024-08-13T04:44:15.962+0000] {processor.py:183} INFO - Processing /home/airflow/.local/lib/python3.12/site-packages/airflow/example_dags/example_sensors.py took 0.493 seconds
[2024-08-13T04:44:46.445+0000] {processor.py:161} INFO - Started process (PID=369) to work on /home/airflow/.local/lib/python3.12/site-packages/airflow/example_dags/example_sensors.py
[2024-08-13T04:44:46.478+0000] {processor.py:830} INFO - Processing file /home/airflow/.local/lib/python3.12/site-packages/airflow/example_dags/example_sensors.py for tasks to queue
[2024-08-13T04:44:46.480+0000] {logging_mixin.py:188} INFO - [2024-08-13T04:44:46.480+0000] {dagbag.py:545} INFO - Filling up the DagBag from /home/airflow/.local/lib/python3.12/site-packages/airflow/example_dags/example_sensors.py
[2024-08-13T04:44:46.531+0000] {processor.py:840} INFO - DAG(s) 'example_sensors' retrieved from /home/airflow/.local/lib/python3.12/site-packages/airflow/example_dags/example_sensors.py
[2024-08-13T04:44:46.569+0000] {logging_mixin.py:188} INFO - [2024-08-13T04:44:46.569+0000] {dag.py:3089} INFO - Sync 1 DAGs
[2024-08-13T04:44:46.590+0000] {logging_mixin.py:188} INFO - [2024-08-13T04:44:46.590+0000] {dag.py:3947} INFO - Setting next_dagrun for example_sensors to None, run_after=None
[2024-08-13T04:44:47.921+0000] {processor.py:183} INFO - Processing /home/airflow/.local/lib/python3.12/site-packages/airflow/example_dags/example_sensors.py took 1.484 seconds
[2024-08-13T04:45:18.191+0000] {processor.py:161} INFO - Started process (PID=427) to work on /home/airflow/.local/lib/python3.12/site-packages/airflow/example_dags/example_sensors.py
[2024-08-13T04:45:18.203+0000] {processor.py:830} INFO - Processing file /home/airflow/.local/lib/python3.12/site-packages/airflow/example_dags/example_sensors.py for tasks to queue
[2024-08-13T04:45:18.223+0000] {logging_mixin.py:188} INFO - [2024-08-13T04:45:18.221+0000] {dagbag.py:545} INFO - Filling up the DagBag from /home/airflow/.local/lib/python3.12/site-packages/airflow/example_dags/example_sensors.py
[2024-08-13T04:45:18.244+0000] {processor.py:840} INFO - DAG(s) 'example_sensors' retrieved from /home/airflow/.local/lib/python3.12/site-packages/airflow/example_dags/example_sensors.py
[2024-08-13T04:45:18.340+0000] {logging_mixin.py:188} INFO - [2024-08-13T04:45:18.340+0000] {dag.py:3089} INFO - Sync 1 DAGs
[2024-08-13T04:45:18.389+0000] {logging_mixin.py:188} INFO - [2024-08-13T04:45:18.389+0000] {dag.py:3947} INFO - Setting next_dagrun for example_sensors to None, run_after=None
[2024-08-13T04:45:18.474+0000] {processor.py:183} INFO - Processing /home/airflow/.local/lib/python3.12/site-packages/airflow/example_dags/example_sensors.py took 0.301 seconds
[2024-08-13T04:45:49.074+0000] {processor.py:161} INFO - Started process (PID=484) to work on /home/airflow/.local/lib/python3.12/site-packages/airflow/example_dags/example_sensors.py
[2024-08-13T04:45:49.075+0000] {processor.py:830} INFO - Processing file /home/airflow/.local/lib/python3.12/site-packages/airflow/example_dags/example_sensors.py for tasks to queue
[2024-08-13T04:45:49.077+0000] {logging_mixin.py:188} INFO - [2024-08-13T04:45:49.077+0000] {dagbag.py:545} INFO - Filling up the DagBag from /home/airflow/.local/lib/python3.12/site-packages/airflow/example_dags/example_sensors.py
[2024-08-13T04:45:49.089+0000] {processor.py:840} INFO - DAG(s) 'example_sensors' retrieved from /home/airflow/.local/lib/python3.12/site-packages/airflow/example_dags/example_sensors.py
[2024-08-13T04:45:49.125+0000] {logging_mixin.py:188} INFO - [2024-08-13T04:45:49.125+0000] {dag.py:3089} INFO - Sync 1 DAGs
[2024-08-13T04:45:49.142+0000] {logging_mixin.py:188} INFO - [2024-08-13T04:45:49.142+0000] {dag.py:3947} INFO - Setting next_dagrun for example_sensors to None, run_after=None
[2024-08-13T04:45:49.203+0000] {processor.py:183} INFO - Processing /home/airflow/.local/lib/python3.12/site-packages/airflow/example_dags/example_sensors.py took 0.137 seconds
[2024-08-13T04:46:19.680+0000] {processor.py:161} INFO - Started process (PID=542) to work on /home/airflow/.local/lib/python3.12/site-packages/airflow/example_dags/example_sensors.py
[2024-08-13T04:46:19.681+0000] {processor.py:830} INFO - Processing file /home/airflow/.local/lib/python3.12/site-packages/airflow/example_dags/example_sensors.py for tasks to queue
[2024-08-13T04:46:19.683+0000] {logging_mixin.py:188} INFO - [2024-08-13T04:46:19.683+0000] {dagbag.py:545} INFO - Filling up the DagBag from /home/airflow/.local/lib/python3.12/site-packages/airflow/example_dags/example_sensors.py
[2024-08-13T04:46:19.701+0000] {processor.py:840} INFO - DAG(s) 'example_sensors' retrieved from /home/airflow/.local/lib/python3.12/site-packages/airflow/example_dags/example_sensors.py
[2024-08-13T04:46:19.745+0000] {logging_mixin.py:188} INFO - [2024-08-13T04:46:19.744+0000] {dag.py:3089} INFO - Sync 1 DAGs
[2024-08-13T04:46:19.776+0000] {logging_mixin.py:188} INFO - [2024-08-13T04:46:19.776+0000] {dag.py:3947} INFO - Setting next_dagrun for example_sensors to None, run_after=None
[2024-08-13T04:46:20.088+0000] {processor.py:183} INFO - Processing /home/airflow/.local/lib/python3.12/site-packages/airflow/example_dags/example_sensors.py took 0.419 seconds
[2024-08-13T04:46:50.405+0000] {processor.py:161} INFO - Started process (PID=600) to work on /home/airflow/.local/lib/python3.12/site-packages/airflow/example_dags/example_sensors.py
[2024-08-13T04:46:50.406+0000] {processor.py:830} INFO - Processing file /home/airflow/.local/lib/python3.12/site-packages/airflow/example_dags/example_sensors.py for tasks to queue
[2024-08-13T04:46:50.408+0000] {logging_mixin.py:188} INFO - [2024-08-13T04:46:50.407+0000] {dagbag.py:545} INFO - Filling up the DagBag from /home/airflow/.local/lib/python3.12/site-packages/airflow/example_dags/example_sensors.py
[2024-08-13T04:46:50.416+0000] {processor.py:840} INFO - DAG(s) 'example_sensors' retrieved from /home/airflow/.local/lib/python3.12/site-packages/airflow/example_dags/example_sensors.py
[2024-08-13T04:46:50.439+0000] {logging_mixin.py:188} INFO - [2024-08-13T04:46:50.439+0000] {dag.py:3089} INFO - Sync 1 DAGs
[2024-08-13T04:46:50.451+0000] {logging_mixin.py:188} INFO - [2024-08-13T04:46:50.451+0000] {dag.py:3947} INFO - Setting next_dagrun for example_sensors to None, run_after=None
[2024-08-13T04:46:50.532+0000] {processor.py:183} INFO - Processing /home/airflow/.local/lib/python3.12/site-packages/airflow/example_dags/example_sensors.py took 0.132 seconds
[2024-08-13T04:47:21.193+0000] {processor.py:161} INFO - Started process (PID=658) to work on /home/airflow/.local/lib/python3.12/site-packages/airflow/example_dags/example_sensors.py
[2024-08-13T04:47:21.194+0000] {processor.py:830} INFO - Processing file /home/airflow/.local/lib/python3.12/site-packages/airflow/example_dags/example_sensors.py for tasks to queue
[2024-08-13T04:47:21.196+0000] {logging_mixin.py:188} INFO - [2024-08-13T04:47:21.196+0000] {dagbag.py:545} INFO - Filling up the DagBag from /home/airflow/.local/lib/python3.12/site-packages/airflow/example_dags/example_sensors.py
[2024-08-13T04:47:21.206+0000] {processor.py:840} INFO - DAG(s) 'example_sensors' retrieved from /home/airflow/.local/lib/python3.12/site-packages/airflow/example_dags/example_sensors.py
[2024-08-13T04:47:21.243+0000] {logging_mixin.py:188} INFO - [2024-08-13T04:47:21.242+0000] {dag.py:3089} INFO - Sync 1 DAGs
[2024-08-13T04:47:21.269+0000] {logging_mixin.py:188} INFO - [2024-08-13T04:47:21.268+0000] {dag.py:3947} INFO - Setting next_dagrun for example_sensors to None, run_after=None
[2024-08-13T04:47:21.350+0000] {processor.py:183} INFO - Processing /home/airflow/.local/lib/python3.12/site-packages/airflow/example_dags/example_sensors.py took 0.161 seconds
[2024-08-13T04:47:51.655+0000] {processor.py:161} INFO - Started process (PID=716) to work on /home/airflow/.local/lib/python3.12/site-packages/airflow/example_dags/example_sensors.py
[2024-08-13T04:47:51.656+0000] {processor.py:830} INFO - Processing file /home/airflow/.local/lib/python3.12/site-packages/airflow/example_dags/example_sensors.py for tasks to queue
[2024-08-13T04:47:51.660+0000] {logging_mixin.py:188} INFO - [2024-08-13T04:47:51.660+0000] {dagbag.py:545} INFO - Filling up the DagBag from /home/airflow/.local/lib/python3.12/site-packages/airflow/example_dags/example_sensors.py
[2024-08-13T04:47:51.674+0000] {processor.py:840} INFO - DAG(s) 'example_sensors' retrieved from /home/airflow/.local/lib/python3.12/site-packages/airflow/example_dags/example_sensors.py
[2024-08-13T04:47:51.743+0000] {logging_mixin.py:188} INFO - [2024-08-13T04:47:51.743+0000] {dag.py:3089} INFO - Sync 1 DAGs
[2024-08-13T04:47:51.763+0000] {logging_mixin.py:188} INFO - [2024-08-13T04:47:51.763+0000] {dag.py:3947} INFO - Setting next_dagrun for example_sensors to None, run_after=None
[2024-08-13T04:47:51.833+0000] {processor.py:183} INFO - Processing /home/airflow/.local/lib/python3.12/site-packages/airflow/example_dags/example_sensors.py took 0.185 seconds
[2024-08-13T04:48:22.861+0000] {processor.py:161} INFO - Started process (PID=775) to work on /home/airflow/.local/lib/python3.12/site-packages/airflow/example_dags/example_sensors.py
[2024-08-13T04:48:22.863+0000] {processor.py:830} INFO - Processing file /home/airflow/.local/lib/python3.12/site-packages/airflow/example_dags/example_sensors.py for tasks to queue
[2024-08-13T04:48:22.871+0000] {logging_mixin.py:188} INFO - [2024-08-13T04:48:22.870+0000] {dagbag.py:545} INFO - Filling up the DagBag from /home/airflow/.local/lib/python3.12/site-packages/airflow/example_dags/example_sensors.py
[2024-08-13T04:48:22.883+0000] {processor.py:840} INFO - DAG(s) 'example_sensors' retrieved from /home/airflow/.local/lib/python3.12/site-packages/airflow/example_dags/example_sensors.py
[2024-08-13T04:48:22.920+0000] {logging_mixin.py:188} INFO - [2024-08-13T04:48:22.920+0000] {dag.py:3089} INFO - Sync 1 DAGs
[2024-08-13T04:48:22.938+0000] {logging_mixin.py:188} INFO - [2024-08-13T04:48:22.937+0000] {dag.py:3947} INFO - Setting next_dagrun for example_sensors to None, run_after=None
[2024-08-13T04:48:23.003+0000] {processor.py:183} INFO - Processing /home/airflow/.local/lib/python3.12/site-packages/airflow/example_dags/example_sensors.py took 0.154 seconds
[2024-08-13T04:48:53.653+0000] {processor.py:161} INFO - Started process (PID=832) to work on /home/airflow/.local/lib/python3.12/site-packages/airflow/example_dags/example_sensors.py
[2024-08-13T04:48:53.655+0000] {processor.py:830} INFO - Processing file /home/airflow/.local/lib/python3.12/site-packages/airflow/example_dags/example_sensors.py for tasks to queue
[2024-08-13T04:48:53.661+0000] {logging_mixin.py:188} INFO - [2024-08-13T04:48:53.660+0000] {dagbag.py:545} INFO - Filling up the DagBag from /home/airflow/.local/lib/python3.12/site-packages/airflow/example_dags/example_sensors.py
[2024-08-13T04:48:53.687+0000] {processor.py:840} INFO - DAG(s) 'example_sensors' retrieved from /home/airflow/.local/lib/python3.12/site-packages/airflow/example_dags/example_sensors.py
[2024-08-13T04:48:53.733+0000] {logging_mixin.py:188} INFO - [2024-08-13T04:48:53.733+0000] {dag.py:3089} INFO - Sync 1 DAGs
[2024-08-13T04:48:53.751+0000] {logging_mixin.py:188} INFO - [2024-08-13T04:48:53.751+0000] {dag.py:3947} INFO - Setting next_dagrun for example_sensors to None, run_after=None
[2024-08-13T04:48:53.829+0000] {processor.py:183} INFO - Processing /home/airflow/.local/lib/python3.12/site-packages/airflow/example_dags/example_sensors.py took 0.185 seconds
[2024-08-13T04:49:24.433+0000] {processor.py:161} INFO - Started process (PID=890) to work on /home/airflow/.local/lib/python3.12/site-packages/airflow/example_dags/example_sensors.py
[2024-08-13T04:49:24.434+0000] {processor.py:830} INFO - Processing file /home/airflow/.local/lib/python3.12/site-packages/airflow/example_dags/example_sensors.py for tasks to queue
[2024-08-13T04:49:24.436+0000] {logging_mixin.py:188} INFO - [2024-08-13T04:49:24.435+0000] {dagbag.py:545} INFO - Filling up the DagBag from /home/airflow/.local/lib/python3.12/site-packages/airflow/example_dags/example_sensors.py
[2024-08-13T04:49:24.447+0000] {processor.py:840} INFO - DAG(s) 'example_sensors' retrieved from /home/airflow/.local/lib/python3.12/site-packages/airflow/example_dags/example_sensors.py
[2024-08-13T04:49:24.483+0000] {logging_mixin.py:188} INFO - [2024-08-13T04:49:24.482+0000] {dag.py:3089} INFO - Sync 1 DAGs
[2024-08-13T04:49:24.507+0000] {logging_mixin.py:188} INFO - [2024-08-13T04:49:24.507+0000] {dag.py:3947} INFO - Setting next_dagrun for example_sensors to None, run_after=None
[2024-08-13T04:49:24.576+0000] {processor.py:183} INFO - Processing /home/airflow/.local/lib/python3.12/site-packages/airflow/example_dags/example_sensors.py took 0.149 seconds
[2024-08-13T04:49:56.447+0000] {processor.py:161} INFO - Started process (PID=954) to work on /home/airflow/.local/lib/python3.12/site-packages/airflow/example_dags/example_sensors.py
[2024-08-13T04:49:56.448+0000] {processor.py:830} INFO - Processing file /home/airflow/.local/lib/python3.12/site-packages/airflow/example_dags/example_sensors.py for tasks to queue
[2024-08-13T04:49:56.451+0000] {logging_mixin.py:188} INFO - [2024-08-13T04:49:56.450+0000] {dagbag.py:545} INFO - Filling up the DagBag from /home/airflow/.local/lib/python3.12/site-packages/airflow/example_dags/example_sensors.py
[2024-08-13T04:49:56.466+0000] {processor.py:840} INFO - DAG(s) 'example_sensors' retrieved from /home/airflow/.local/lib/python3.12/site-packages/airflow/example_dags/example_sensors.py
[2024-08-13T04:49:56.508+0000] {logging_mixin.py:188} INFO - [2024-08-13T04:49:56.508+0000] {dag.py:3089} INFO - Sync 1 DAGs
[2024-08-13T04:49:56.540+0000] {logging_mixin.py:188} INFO - [2024-08-13T04:49:56.540+0000] {dag.py:3947} INFO - Setting next_dagrun for example_sensors to None, run_after=None
[2024-08-13T04:49:56.653+0000] {processor.py:183} INFO - Processing /home/airflow/.local/lib/python3.12/site-packages/airflow/example_dags/example_sensors.py took 0.216 seconds
[2024-08-13T04:50:27.124+0000] {processor.py:161} INFO - Started process (PID=1012) to work on /home/airflow/.local/lib/python3.12/site-packages/airflow/example_dags/example_sensors.py
[2024-08-13T04:50:27.126+0000] {processor.py:830} INFO - Processing file /home/airflow/.local/lib/python3.12/site-packages/airflow/example_dags/example_sensors.py for tasks to queue
[2024-08-13T04:50:27.136+0000] {logging_mixin.py:188} INFO - [2024-08-13T04:50:27.130+0000] {dagbag.py:545} INFO - Filling up the DagBag from /home/airflow/.local/lib/python3.12/site-packages/airflow/example_dags/example_sensors.py
[2024-08-13T04:50:27.159+0000] {processor.py:840} INFO - DAG(s) 'example_sensors' retrieved from /home/airflow/.local/lib/python3.12/site-packages/airflow/example_dags/example_sensors.py
[2024-08-13T04:50:27.223+0000] {logging_mixin.py:188} INFO - [2024-08-13T04:50:27.223+0000] {dag.py:3089} INFO - Sync 1 DAGs
[2024-08-13T04:50:27.256+0000] {logging_mixin.py:188} INFO - [2024-08-13T04:50:27.255+0000] {dag.py:3947} INFO - Setting next_dagrun for example_sensors to None, run_after=None
[2024-08-13T04:50:27.359+0000] {processor.py:183} INFO - Processing /home/airflow/.local/lib/python3.12/site-packages/airflow/example_dags/example_sensors.py took 0.243 seconds
[2024-08-13T04:50:58.287+0000] {processor.py:161} INFO - Started process (PID=1071) to work on /home/airflow/.local/lib/python3.12/site-packages/airflow/example_dags/example_sensors.py
[2024-08-13T04:50:58.288+0000] {processor.py:830} INFO - Processing file /home/airflow/.local/lib/python3.12/site-packages/airflow/example_dags/example_sensors.py for tasks to queue
[2024-08-13T04:50:58.290+0000] {logging_mixin.py:188} INFO - [2024-08-13T04:50:58.290+0000] {dagbag.py:545} INFO - Filling up the DagBag from /home/airflow/.local/lib/python3.12/site-packages/airflow/example_dags/example_sensors.py
[2024-08-13T04:50:58.302+0000] {processor.py:840} INFO - DAG(s) 'example_sensors' retrieved from /home/airflow/.local/lib/python3.12/site-packages/airflow/example_dags/example_sensors.py
[2024-08-13T04:50:58.331+0000] {logging_mixin.py:188} INFO - [2024-08-13T04:50:58.331+0000] {dag.py:3089} INFO - Sync 1 DAGs
[2024-08-13T04:50:58.363+0000] {logging_mixin.py:188} INFO - [2024-08-13T04:50:58.363+0000] {dag.py:3947} INFO - Setting next_dagrun for example_sensors to None, run_after=None
[2024-08-13T04:50:58.505+0000] {processor.py:183} INFO - Processing /home/airflow/.local/lib/python3.12/site-packages/airflow/example_dags/example_sensors.py took 0.245 seconds
[2024-08-13T04:51:28.701+0000] {processor.py:161} INFO - Started process (PID=1129) to work on /home/airflow/.local/lib/python3.12/site-packages/airflow/example_dags/example_sensors.py
[2024-08-13T04:51:28.702+0000] {processor.py:830} INFO - Processing file /home/airflow/.local/lib/python3.12/site-packages/airflow/example_dags/example_sensors.py for tasks to queue
[2024-08-13T04:51:28.704+0000] {logging_mixin.py:188} INFO - [2024-08-13T04:51:28.704+0000] {dagbag.py:545} INFO - Filling up the DagBag from /home/airflow/.local/lib/python3.12/site-packages/airflow/example_dags/example_sensors.py
[2024-08-13T04:51:28.717+0000] {processor.py:840} INFO - DAG(s) 'example_sensors' retrieved from /home/airflow/.local/lib/python3.12/site-packages/airflow/example_dags/example_sensors.py
[2024-08-13T04:51:28.746+0000] {logging_mixin.py:188} INFO - [2024-08-13T04:51:28.745+0000] {dag.py:3089} INFO - Sync 1 DAGs
[2024-08-13T04:51:28.758+0000] {logging_mixin.py:188} INFO - [2024-08-13T04:51:28.758+0000] {dag.py:3947} INFO - Setting next_dagrun for example_sensors to None, run_after=None
[2024-08-13T04:51:29.048+0000] {processor.py:183} INFO - Processing /home/airflow/.local/lib/python3.12/site-packages/airflow/example_dags/example_sensors.py took 0.353 seconds
[2024-08-13T04:52:02.200+0000] {processor.py:161} INFO - Started process (PID=1188) to work on /home/airflow/.local/lib/python3.12/site-packages/airflow/example_dags/example_sensors.py
[2024-08-13T04:52:02.201+0000] {processor.py:830} INFO - Processing file /home/airflow/.local/lib/python3.12/site-packages/airflow/example_dags/example_sensors.py for tasks to queue
[2024-08-13T04:52:02.208+0000] {logging_mixin.py:188} INFO - [2024-08-13T04:52:02.208+0000] {dagbag.py:545} INFO - Filling up the DagBag from /home/airflow/.local/lib/python3.12/site-packages/airflow/example_dags/example_sensors.py
[2024-08-13T04:52:02.225+0000] {processor.py:840} INFO - DAG(s) 'example_sensors' retrieved from /home/airflow/.local/lib/python3.12/site-packages/airflow/example_dags/example_sensors.py
[2024-08-13T04:52:02.347+0000] {logging_mixin.py:188} INFO - [2024-08-13T04:52:02.347+0000] {dag.py:3089} INFO - Sync 1 DAGs
[2024-08-13T04:52:02.403+0000] {logging_mixin.py:188} INFO - [2024-08-13T04:52:02.402+0000] {dag.py:3947} INFO - Setting next_dagrun for example_sensors to None, run_after=None
[2024-08-13T04:52:02.765+0000] {processor.py:183} INFO - Processing /home/airflow/.local/lib/python3.12/site-packages/airflow/example_dags/example_sensors.py took 0.586 seconds
[2024-08-13T04:52:33.272+0000] {processor.py:161} INFO - Started process (PID=1246) to work on /home/airflow/.local/lib/python3.12/site-packages/airflow/example_dags/example_sensors.py
[2024-08-13T04:52:33.274+0000] {processor.py:830} INFO - Processing file /home/airflow/.local/lib/python3.12/site-packages/airflow/example_dags/example_sensors.py for tasks to queue
[2024-08-13T04:52:33.277+0000] {logging_mixin.py:188} INFO - [2024-08-13T04:52:33.276+0000] {dagbag.py:545} INFO - Filling up the DagBag from /home/airflow/.local/lib/python3.12/site-packages/airflow/example_dags/example_sensors.py
[2024-08-13T04:52:33.296+0000] {processor.py:840} INFO - DAG(s) 'example_sensors' retrieved from /home/airflow/.local/lib/python3.12/site-packages/airflow/example_dags/example_sensors.py
[2024-08-13T04:52:33.341+0000] {logging_mixin.py:188} INFO - [2024-08-13T04:52:33.338+0000] {dag.py:3089} INFO - Sync 1 DAGs
[2024-08-13T04:52:33.355+0000] {logging_mixin.py:188} INFO - [2024-08-13T04:52:33.354+0000] {dag.py:3947} INFO - Setting next_dagrun for example_sensors to None, run_after=None
[2024-08-13T04:52:33.444+0000] {processor.py:183} INFO - Processing /home/airflow/.local/lib/python3.12/site-packages/airflow/example_dags/example_sensors.py took 0.190 seconds
[2024-08-13T04:53:04.775+0000] {processor.py:161} INFO - Started process (PID=1304) to work on /home/airflow/.local/lib/python3.12/site-packages/airflow/example_dags/example_sensors.py
[2024-08-13T04:53:04.804+0000] {processor.py:830} INFO - Processing file /home/airflow/.local/lib/python3.12/site-packages/airflow/example_dags/example_sensors.py for tasks to queue
[2024-08-13T04:53:04.807+0000] {logging_mixin.py:188} INFO - [2024-08-13T04:53:04.806+0000] {dagbag.py:545} INFO - Filling up the DagBag from /home/airflow/.local/lib/python3.12/site-packages/airflow/example_dags/example_sensors.py
[2024-08-13T04:53:04.899+0000] {processor.py:840} INFO - DAG(s) 'example_sensors' retrieved from /home/airflow/.local/lib/python3.12/site-packages/airflow/example_dags/example_sensors.py
[2024-08-13T04:53:04.984+0000] {logging_mixin.py:188} INFO - [2024-08-13T04:53:04.984+0000] {dag.py:3089} INFO - Sync 1 DAGs
[2024-08-13T04:53:05.006+0000] {logging_mixin.py:188} INFO - [2024-08-13T04:53:05.006+0000] {dag.py:3947} INFO - Setting next_dagrun for example_sensors to None, run_after=None
[2024-08-13T04:53:05.170+0000] {processor.py:183} INFO - Processing /home/airflow/.local/lib/python3.12/site-packages/airflow/example_dags/example_sensors.py took 0.457 seconds
[2024-08-13T04:53:35.292+0000] {processor.py:161} INFO - Started process (PID=1363) to work on /home/airflow/.local/lib/python3.12/site-packages/airflow/example_dags/example_sensors.py
[2024-08-13T04:53:35.293+0000] {processor.py:830} INFO - Processing file /home/airflow/.local/lib/python3.12/site-packages/airflow/example_dags/example_sensors.py for tasks to queue
[2024-08-13T04:53:35.294+0000] {logging_mixin.py:188} INFO - [2024-08-13T04:53:35.294+0000] {dagbag.py:545} INFO - Filling up the DagBag from /home/airflow/.local/lib/python3.12/site-packages/airflow/example_dags/example_sensors.py
[2024-08-13T04:53:35.303+0000] {processor.py:840} INFO - DAG(s) 'example_sensors' retrieved from /home/airflow/.local/lib/python3.12/site-packages/airflow/example_dags/example_sensors.py
[2024-08-13T04:53:35.346+0000] {logging_mixin.py:188} INFO - [2024-08-13T04:53:35.346+0000] {dag.py:3089} INFO - Sync 1 DAGs
[2024-08-13T04:53:35.397+0000] {logging_mixin.py:188} INFO - [2024-08-13T04:53:35.397+0000] {dag.py:3947} INFO - Setting next_dagrun for example_sensors to None, run_after=None
[2024-08-13T04:53:35.534+0000] {processor.py:183} INFO - Processing /home/airflow/.local/lib/python3.12/site-packages/airflow/example_dags/example_sensors.py took 0.248 seconds
[2024-08-13T04:54:05.939+0000] {processor.py:161} INFO - Started process (PID=1421) to work on /home/airflow/.local/lib/python3.12/site-packages/airflow/example_dags/example_sensors.py
[2024-08-13T04:54:05.940+0000] {processor.py:830} INFO - Processing file /home/airflow/.local/lib/python3.12/site-packages/airflow/example_dags/example_sensors.py for tasks to queue
[2024-08-13T04:54:05.942+0000] {logging_mixin.py:188} INFO - [2024-08-13T04:54:05.942+0000] {dagbag.py:545} INFO - Filling up the DagBag from /home/airflow/.local/lib/python3.12/site-packages/airflow/example_dags/example_sensors.py
[2024-08-13T04:54:05.951+0000] {processor.py:840} INFO - DAG(s) 'example_sensors' retrieved from /home/airflow/.local/lib/python3.12/site-packages/airflow/example_dags/example_sensors.py
[2024-08-13T04:54:05.982+0000] {logging_mixin.py:188} INFO - [2024-08-13T04:54:05.981+0000] {dag.py:3089} INFO - Sync 1 DAGs
[2024-08-13T04:54:05.999+0000] {logging_mixin.py:188} INFO - [2024-08-13T04:54:05.999+0000] {dag.py:3947} INFO - Setting next_dagrun for example_sensors to None, run_after=None
[2024-08-13T04:54:06.388+0000] {processor.py:183} INFO - Processing /home/airflow/.local/lib/python3.12/site-packages/airflow/example_dags/example_sensors.py took 0.455 seconds
[2024-08-13T04:54:37.034+0000] {processor.py:161} INFO - Started process (PID=1479) to work on /home/airflow/.local/lib/python3.12/site-packages/airflow/example_dags/example_sensors.py
[2024-08-13T04:54:37.036+0000] {processor.py:830} INFO - Processing file /home/airflow/.local/lib/python3.12/site-packages/airflow/example_dags/example_sensors.py for tasks to queue
[2024-08-13T04:54:37.038+0000] {logging_mixin.py:188} INFO - [2024-08-13T04:54:37.038+0000] {dagbag.py:545} INFO - Filling up the DagBag from /home/airflow/.local/lib/python3.12/site-packages/airflow/example_dags/example_sensors.py
[2024-08-13T04:54:37.055+0000] {processor.py:840} INFO - DAG(s) 'example_sensors' retrieved from /home/airflow/.local/lib/python3.12/site-packages/airflow/example_dags/example_sensors.py
[2024-08-13T04:54:37.131+0000] {logging_mixin.py:188} INFO - [2024-08-13T04:54:37.130+0000] {dag.py:3089} INFO - Sync 1 DAGs
[2024-08-13T04:54:37.178+0000] {logging_mixin.py:188} INFO - [2024-08-13T04:54:37.177+0000] {dag.py:3947} INFO - Setting next_dagrun for example_sensors to None, run_after=None
[2024-08-13T04:54:37.330+0000] {processor.py:183} INFO - Processing /home/airflow/.local/lib/python3.12/site-packages/airflow/example_dags/example_sensors.py took 0.309 seconds
[2024-08-13T04:55:07.474+0000] {processor.py:161} INFO - Started process (PID=1537) to work on /home/airflow/.local/lib/python3.12/site-packages/airflow/example_dags/example_sensors.py
[2024-08-13T04:55:07.475+0000] {processor.py:830} INFO - Processing file /home/airflow/.local/lib/python3.12/site-packages/airflow/example_dags/example_sensors.py for tasks to queue
[2024-08-13T04:55:07.477+0000] {logging_mixin.py:188} INFO - [2024-08-13T04:55:07.477+0000] {dagbag.py:545} INFO - Filling up the DagBag from /home/airflow/.local/lib/python3.12/site-packages/airflow/example_dags/example_sensors.py
[2024-08-13T04:55:07.493+0000] {processor.py:840} INFO - DAG(s) 'example_sensors' retrieved from /home/airflow/.local/lib/python3.12/site-packages/airflow/example_dags/example_sensors.py
[2024-08-13T04:55:07.531+0000] {logging_mixin.py:188} INFO - [2024-08-13T04:55:07.531+0000] {dag.py:3089} INFO - Sync 1 DAGs
[2024-08-13T04:55:07.550+0000] {logging_mixin.py:188} INFO - [2024-08-13T04:55:07.549+0000] {dag.py:3947} INFO - Setting next_dagrun for example_sensors to None, run_after=None
[2024-08-13T04:55:07.629+0000] {processor.py:183} INFO - Processing /home/airflow/.local/lib/python3.12/site-packages/airflow/example_dags/example_sensors.py took 0.163 seconds
[2024-08-13T04:55:38.246+0000] {processor.py:161} INFO - Started process (PID=1595) to work on /home/airflow/.local/lib/python3.12/site-packages/airflow/example_dags/example_sensors.py
[2024-08-13T04:55:38.261+0000] {processor.py:830} INFO - Processing file /home/airflow/.local/lib/python3.12/site-packages/airflow/example_dags/example_sensors.py for tasks to queue
[2024-08-13T04:55:38.284+0000] {logging_mixin.py:188} INFO - [2024-08-13T04:55:38.283+0000] {dagbag.py:545} INFO - Filling up the DagBag from /home/airflow/.local/lib/python3.12/site-packages/airflow/example_dags/example_sensors.py
[2024-08-13T04:55:38.308+0000] {processor.py:840} INFO - DAG(s) 'example_sensors' retrieved from /home/airflow/.local/lib/python3.12/site-packages/airflow/example_dags/example_sensors.py
[2024-08-13T04:55:38.351+0000] {logging_mixin.py:188} INFO - [2024-08-13T04:55:38.351+0000] {dag.py:3089} INFO - Sync 1 DAGs
[2024-08-13T04:55:38.365+0000] {logging_mixin.py:188} INFO - [2024-08-13T04:55:38.365+0000] {dag.py:3947} INFO - Setting next_dagrun for example_sensors to None, run_after=None
[2024-08-13T04:55:38.485+0000] {processor.py:183} INFO - Processing /home/airflow/.local/lib/python3.12/site-packages/airflow/example_dags/example_sensors.py took 0.263 seconds
[2024-08-13T04:56:08.640+0000] {processor.py:161} INFO - Started process (PID=1653) to work on /home/airflow/.local/lib/python3.12/site-packages/airflow/example_dags/example_sensors.py
[2024-08-13T04:56:08.641+0000] {processor.py:830} INFO - Processing file /home/airflow/.local/lib/python3.12/site-packages/airflow/example_dags/example_sensors.py for tasks to queue
[2024-08-13T04:56:08.643+0000] {logging_mixin.py:188} INFO - [2024-08-13T04:56:08.642+0000] {dagbag.py:545} INFO - Filling up the DagBag from /home/airflow/.local/lib/python3.12/site-packages/airflow/example_dags/example_sensors.py
[2024-08-13T04:56:08.654+0000] {processor.py:840} INFO - DAG(s) 'example_sensors' retrieved from /home/airflow/.local/lib/python3.12/site-packages/airflow/example_dags/example_sensors.py
[2024-08-13T04:56:08.687+0000] {logging_mixin.py:188} INFO - [2024-08-13T04:56:08.687+0000] {dag.py:3089} INFO - Sync 1 DAGs
[2024-08-13T04:56:08.704+0000] {logging_mixin.py:188} INFO - [2024-08-13T04:56:08.704+0000] {dag.py:3947} INFO - Setting next_dagrun for example_sensors to None, run_after=None
[2024-08-13T04:56:08.839+0000] {processor.py:183} INFO - Processing /home/airflow/.local/lib/python3.12/site-packages/airflow/example_dags/example_sensors.py took 0.206 seconds
[2024-08-13T04:56:39.140+0000] {processor.py:161} INFO - Started process (PID=1711) to work on /home/airflow/.local/lib/python3.12/site-packages/airflow/example_dags/example_sensors.py
[2024-08-13T04:56:39.141+0000] {processor.py:830} INFO - Processing file /home/airflow/.local/lib/python3.12/site-packages/airflow/example_dags/example_sensors.py for tasks to queue
[2024-08-13T04:56:39.144+0000] {logging_mixin.py:188} INFO - [2024-08-13T04:56:39.144+0000] {dagbag.py:545} INFO - Filling up the DagBag from /home/airflow/.local/lib/python3.12/site-packages/airflow/example_dags/example_sensors.py
[2024-08-13T04:56:39.157+0000] {processor.py:840} INFO - DAG(s) 'example_sensors' retrieved from /home/airflow/.local/lib/python3.12/site-packages/airflow/example_dags/example_sensors.py
[2024-08-13T04:56:39.192+0000] {logging_mixin.py:188} INFO - [2024-08-13T04:56:39.191+0000] {dag.py:3089} INFO - Sync 1 DAGs
[2024-08-13T04:56:39.211+0000] {logging_mixin.py:188} INFO - [2024-08-13T04:56:39.210+0000] {dag.py:3947} INFO - Setting next_dagrun for example_sensors to None, run_after=None
[2024-08-13T04:56:39.305+0000] {processor.py:183} INFO - Processing /home/airflow/.local/lib/python3.12/site-packages/airflow/example_dags/example_sensors.py took 0.173 seconds
[2024-08-13T04:57:09.839+0000] {processor.py:161} INFO - Started process (PID=1769) to work on /home/airflow/.local/lib/python3.12/site-packages/airflow/example_dags/example_sensors.py
[2024-08-13T04:57:09.840+0000] {processor.py:830} INFO - Processing file /home/airflow/.local/lib/python3.12/site-packages/airflow/example_dags/example_sensors.py for tasks to queue
[2024-08-13T04:57:09.842+0000] {logging_mixin.py:188} INFO - [2024-08-13T04:57:09.842+0000] {dagbag.py:545} INFO - Filling up the DagBag from /home/airflow/.local/lib/python3.12/site-packages/airflow/example_dags/example_sensors.py
[2024-08-13T04:57:09.856+0000] {processor.py:840} INFO - DAG(s) 'example_sensors' retrieved from /home/airflow/.local/lib/python3.12/site-packages/airflow/example_dags/example_sensors.py
[2024-08-13T04:57:09.894+0000] {logging_mixin.py:188} INFO - [2024-08-13T04:57:09.894+0000] {dag.py:3089} INFO - Sync 1 DAGs
[2024-08-13T04:57:09.910+0000] {logging_mixin.py:188} INFO - [2024-08-13T04:57:09.910+0000] {dag.py:3947} INFO - Setting next_dagrun for example_sensors to None, run_after=None
[2024-08-13T04:57:10.032+0000] {processor.py:183} INFO - Processing /home/airflow/.local/lib/python3.12/site-packages/airflow/example_dags/example_sensors.py took 0.201 seconds
[2024-08-13T04:57:40.413+0000] {processor.py:161} INFO - Started process (PID=1827) to work on /home/airflow/.local/lib/python3.12/site-packages/airflow/example_dags/example_sensors.py
[2024-08-13T04:57:40.414+0000] {processor.py:830} INFO - Processing file /home/airflow/.local/lib/python3.12/site-packages/airflow/example_dags/example_sensors.py for tasks to queue
[2024-08-13T04:57:40.416+0000] {logging_mixin.py:188} INFO - [2024-08-13T04:57:40.416+0000] {dagbag.py:545} INFO - Filling up the DagBag from /home/airflow/.local/lib/python3.12/site-packages/airflow/example_dags/example_sensors.py
[2024-08-13T04:57:40.433+0000] {processor.py:840} INFO - DAG(s) 'example_sensors' retrieved from /home/airflow/.local/lib/python3.12/site-packages/airflow/example_dags/example_sensors.py
[2024-08-13T04:57:40.625+0000] {logging_mixin.py:188} INFO - [2024-08-13T04:57:40.625+0000] {dag.py:3089} INFO - Sync 1 DAGs
[2024-08-13T04:57:40.635+0000] {logging_mixin.py:188} INFO - [2024-08-13T04:57:40.635+0000] {dag.py:3947} INFO - Setting next_dagrun for example_sensors to None, run_after=None
[2024-08-13T04:57:40.708+0000] {processor.py:183} INFO - Processing /home/airflow/.local/lib/python3.12/site-packages/airflow/example_dags/example_sensors.py took 0.303 seconds
[2024-08-13T04:58:10.927+0000] {processor.py:161} INFO - Started process (PID=1885) to work on /home/airflow/.local/lib/python3.12/site-packages/airflow/example_dags/example_sensors.py
[2024-08-13T04:58:10.931+0000] {processor.py:830} INFO - Processing file /home/airflow/.local/lib/python3.12/site-packages/airflow/example_dags/example_sensors.py for tasks to queue
[2024-08-13T04:58:10.933+0000] {logging_mixin.py:188} INFO - [2024-08-13T04:58:10.932+0000] {dagbag.py:545} INFO - Filling up the DagBag from /home/airflow/.local/lib/python3.12/site-packages/airflow/example_dags/example_sensors.py
[2024-08-13T04:58:10.951+0000] {processor.py:840} INFO - DAG(s) 'example_sensors' retrieved from /home/airflow/.local/lib/python3.12/site-packages/airflow/example_dags/example_sensors.py
[2024-08-13T04:58:10.992+0000] {logging_mixin.py:188} INFO - [2024-08-13T04:58:10.991+0000] {dag.py:3089} INFO - Sync 1 DAGs
[2024-08-13T04:58:11.011+0000] {logging_mixin.py:188} INFO - [2024-08-13T04:58:11.011+0000] {dag.py:3947} INFO - Setting next_dagrun for example_sensors to None, run_after=None
[2024-08-13T04:58:11.076+0000] {processor.py:183} INFO - Processing /home/airflow/.local/lib/python3.12/site-packages/airflow/example_dags/example_sensors.py took 0.158 seconds
[2024-08-13T04:58:42.060+0000] {processor.py:161} INFO - Started process (PID=1943) to work on /home/airflow/.local/lib/python3.12/site-packages/airflow/example_dags/example_sensors.py
[2024-08-13T04:58:42.061+0000] {processor.py:830} INFO - Processing file /home/airflow/.local/lib/python3.12/site-packages/airflow/example_dags/example_sensors.py for tasks to queue
[2024-08-13T04:58:42.063+0000] {logging_mixin.py:188} INFO - [2024-08-13T04:58:42.063+0000] {dagbag.py:545} INFO - Filling up the DagBag from /home/airflow/.local/lib/python3.12/site-packages/airflow/example_dags/example_sensors.py
[2024-08-13T04:58:42.074+0000] {processor.py:840} INFO - DAG(s) 'example_sensors' retrieved from /home/airflow/.local/lib/python3.12/site-packages/airflow/example_dags/example_sensors.py
[2024-08-13T04:58:42.112+0000] {logging_mixin.py:188} INFO - [2024-08-13T04:58:42.112+0000] {dag.py:3089} INFO - Sync 1 DAGs
[2024-08-13T04:58:42.154+0000] {logging_mixin.py:188} INFO - [2024-08-13T04:58:42.154+0000] {dag.py:3947} INFO - Setting next_dagrun for example_sensors to None, run_after=None
[2024-08-13T04:58:42.241+0000] {processor.py:183} INFO - Processing /home/airflow/.local/lib/python3.12/site-packages/airflow/example_dags/example_sensors.py took 0.195 seconds
[2024-08-13T04:59:12.656+0000] {processor.py:161} INFO - Started process (PID=2000) to work on /home/airflow/.local/lib/python3.12/site-packages/airflow/example_dags/example_sensors.py
[2024-08-13T04:59:12.657+0000] {processor.py:830} INFO - Processing file /home/airflow/.local/lib/python3.12/site-packages/airflow/example_dags/example_sensors.py for tasks to queue
[2024-08-13T04:59:12.660+0000] {logging_mixin.py:188} INFO - [2024-08-13T04:59:12.659+0000] {dagbag.py:545} INFO - Filling up the DagBag from /home/airflow/.local/lib/python3.12/site-packages/airflow/example_dags/example_sensors.py
[2024-08-13T04:59:12.672+0000] {processor.py:840} INFO - DAG(s) 'example_sensors' retrieved from /home/airflow/.local/lib/python3.12/site-packages/airflow/example_dags/example_sensors.py
[2024-08-13T04:59:12.704+0000] {logging_mixin.py:188} INFO - [2024-08-13T04:59:12.704+0000] {dag.py:3089} INFO - Sync 1 DAGs
[2024-08-13T04:59:12.723+0000] {logging_mixin.py:188} INFO - [2024-08-13T04:59:12.722+0000] {dag.py:3947} INFO - Setting next_dagrun for example_sensors to None, run_after=None
[2024-08-13T04:59:13.155+0000] {processor.py:183} INFO - Processing /home/airflow/.local/lib/python3.12/site-packages/airflow/example_dags/example_sensors.py took 0.506 seconds
[2024-08-13T04:59:44.070+0000] {processor.py:161} INFO - Started process (PID=2059) to work on /home/airflow/.local/lib/python3.12/site-packages/airflow/example_dags/example_sensors.py
[2024-08-13T04:59:44.071+0000] {processor.py:830} INFO - Processing file /home/airflow/.local/lib/python3.12/site-packages/airflow/example_dags/example_sensors.py for tasks to queue
[2024-08-13T04:59:44.073+0000] {logging_mixin.py:188} INFO - [2024-08-13T04:59:44.073+0000] {dagbag.py:545} INFO - Filling up the DagBag from /home/airflow/.local/lib/python3.12/site-packages/airflow/example_dags/example_sensors.py
[2024-08-13T04:59:44.086+0000] {processor.py:840} INFO - DAG(s) 'example_sensors' retrieved from /home/airflow/.local/lib/python3.12/site-packages/airflow/example_dags/example_sensors.py
[2024-08-13T04:59:44.127+0000] {logging_mixin.py:188} INFO - [2024-08-13T04:59:44.127+0000] {dag.py:3089} INFO - Sync 1 DAGs
[2024-08-13T04:59:44.145+0000] {logging_mixin.py:188} INFO - [2024-08-13T04:59:44.144+0000] {dag.py:3947} INFO - Setting next_dagrun for example_sensors to None, run_after=None
[2024-08-13T04:59:44.212+0000] {processor.py:183} INFO - Processing /home/airflow/.local/lib/python3.12/site-packages/airflow/example_dags/example_sensors.py took 0.148 seconds
[2024-08-13T05:00:14.939+0000] {processor.py:161} INFO - Started process (PID=2116) to work on /home/airflow/.local/lib/python3.12/site-packages/airflow/example_dags/example_sensors.py
[2024-08-13T05:00:14.940+0000] {processor.py:830} INFO - Processing file /home/airflow/.local/lib/python3.12/site-packages/airflow/example_dags/example_sensors.py for tasks to queue
[2024-08-13T05:00:14.946+0000] {logging_mixin.py:188} INFO - [2024-08-13T05:00:14.945+0000] {dagbag.py:545} INFO - Filling up the DagBag from /home/airflow/.local/lib/python3.12/site-packages/airflow/example_dags/example_sensors.py
[2024-08-13T05:00:14.980+0000] {processor.py:840} INFO - DAG(s) 'example_sensors' retrieved from /home/airflow/.local/lib/python3.12/site-packages/airflow/example_dags/example_sensors.py
[2024-08-13T05:00:15.077+0000] {logging_mixin.py:188} INFO - [2024-08-13T05:00:15.076+0000] {dag.py:3089} INFO - Sync 1 DAGs
[2024-08-13T05:00:15.117+0000] {logging_mixin.py:188} INFO - [2024-08-13T05:00:15.117+0000] {dag.py:3947} INFO - Setting next_dagrun for example_sensors to None, run_after=None
[2024-08-13T05:00:15.219+0000] {processor.py:183} INFO - Processing /home/airflow/.local/lib/python3.12/site-packages/airflow/example_dags/example_sensors.py took 0.288 seconds
[2024-08-13T05:00:45.739+0000] {processor.py:161} INFO - Started process (PID=2174) to work on /home/airflow/.local/lib/python3.12/site-packages/airflow/example_dags/example_sensors.py
[2024-08-13T05:00:45.740+0000] {processor.py:830} INFO - Processing file /home/airflow/.local/lib/python3.12/site-packages/airflow/example_dags/example_sensors.py for tasks to queue
[2024-08-13T05:00:45.744+0000] {logging_mixin.py:188} INFO - [2024-08-13T05:00:45.743+0000] {dagbag.py:545} INFO - Filling up the DagBag from /home/airflow/.local/lib/python3.12/site-packages/airflow/example_dags/example_sensors.py
[2024-08-13T05:00:45.756+0000] {processor.py:840} INFO - DAG(s) 'example_sensors' retrieved from /home/airflow/.local/lib/python3.12/site-packages/airflow/example_dags/example_sensors.py
[2024-08-13T05:00:45.794+0000] {logging_mixin.py:188} INFO - [2024-08-13T05:00:45.794+0000] {dag.py:3089} INFO - Sync 1 DAGs
[2024-08-13T05:00:45.813+0000] {logging_mixin.py:188} INFO - [2024-08-13T05:00:45.813+0000] {dag.py:3947} INFO - Setting next_dagrun for example_sensors to None, run_after=None
[2024-08-13T05:00:45.872+0000] {processor.py:183} INFO - Processing /home/airflow/.local/lib/python3.12/site-packages/airflow/example_dags/example_sensors.py took 0.139 seconds
[2024-08-13T05:01:16.145+0000] {processor.py:161} INFO - Started process (PID=2232) to work on /home/airflow/.local/lib/python3.12/site-packages/airflow/example_dags/example_sensors.py
[2024-08-13T05:01:16.146+0000] {processor.py:830} INFO - Processing file /home/airflow/.local/lib/python3.12/site-packages/airflow/example_dags/example_sensors.py for tasks to queue
[2024-08-13T05:01:16.149+0000] {logging_mixin.py:188} INFO - [2024-08-13T05:01:16.148+0000] {dagbag.py:545} INFO - Filling up the DagBag from /home/airflow/.local/lib/python3.12/site-packages/airflow/example_dags/example_sensors.py
[2024-08-13T05:01:16.161+0000] {processor.py:840} INFO - DAG(s) 'example_sensors' retrieved from /home/airflow/.local/lib/python3.12/site-packages/airflow/example_dags/example_sensors.py
[2024-08-13T05:01:16.196+0000] {logging_mixin.py:188} INFO - [2024-08-13T05:01:16.196+0000] {dag.py:3089} INFO - Sync 1 DAGs
[2024-08-13T05:01:16.214+0000] {logging_mixin.py:188} INFO - [2024-08-13T05:01:16.214+0000] {dag.py:3947} INFO - Setting next_dagrun for example_sensors to None, run_after=None
[2024-08-13T05:01:16.279+0000] {processor.py:183} INFO - Processing /home/airflow/.local/lib/python3.12/site-packages/airflow/example_dags/example_sensors.py took 0.141 seconds
[2024-08-13T05:01:46.840+0000] {processor.py:161} INFO - Started process (PID=2291) to work on /home/airflow/.local/lib/python3.12/site-packages/airflow/example_dags/example_sensors.py
[2024-08-13T05:01:46.841+0000] {processor.py:830} INFO - Processing file /home/airflow/.local/lib/python3.12/site-packages/airflow/example_dags/example_sensors.py for tasks to queue
[2024-08-13T05:01:46.844+0000] {logging_mixin.py:188} INFO - [2024-08-13T05:01:46.843+0000] {dagbag.py:545} INFO - Filling up the DagBag from /home/airflow/.local/lib/python3.12/site-packages/airflow/example_dags/example_sensors.py
[2024-08-13T05:01:46.856+0000] {processor.py:840} INFO - DAG(s) 'example_sensors' retrieved from /home/airflow/.local/lib/python3.12/site-packages/airflow/example_dags/example_sensors.py
[2024-08-13T05:01:46.905+0000] {logging_mixin.py:188} INFO - [2024-08-13T05:01:46.905+0000] {dag.py:3089} INFO - Sync 1 DAGs
[2024-08-13T05:01:46.923+0000] {logging_mixin.py:188} INFO - [2024-08-13T05:01:46.922+0000] {dag.py:3947} INFO - Setting next_dagrun for example_sensors to None, run_after=None
[2024-08-13T05:01:46.993+0000] {processor.py:183} INFO - Processing /home/airflow/.local/lib/python3.12/site-packages/airflow/example_dags/example_sensors.py took 0.162 seconds
[2024-08-13T05:02:17.663+0000] {processor.py:161} INFO - Started process (PID=2350) to work on /home/airflow/.local/lib/python3.12/site-packages/airflow/example_dags/example_sensors.py
[2024-08-13T05:02:17.664+0000] {processor.py:830} INFO - Processing file /home/airflow/.local/lib/python3.12/site-packages/airflow/example_dags/example_sensors.py for tasks to queue
[2024-08-13T05:02:17.668+0000] {logging_mixin.py:188} INFO - [2024-08-13T05:02:17.667+0000] {dagbag.py:545} INFO - Filling up the DagBag from /home/airflow/.local/lib/python3.12/site-packages/airflow/example_dags/example_sensors.py
[2024-08-13T05:02:17.703+0000] {processor.py:840} INFO - DAG(s) 'example_sensors' retrieved from /home/airflow/.local/lib/python3.12/site-packages/airflow/example_dags/example_sensors.py
[2024-08-13T05:02:17.779+0000] {logging_mixin.py:188} INFO - [2024-08-13T05:02:17.778+0000] {dag.py:3089} INFO - Sync 1 DAGs
[2024-08-13T05:02:17.831+0000] {logging_mixin.py:188} INFO - [2024-08-13T05:02:17.830+0000] {dag.py:3947} INFO - Setting next_dagrun for example_sensors to None, run_after=None
[2024-08-13T05:02:17.947+0000] {processor.py:183} INFO - Processing /home/airflow/.local/lib/python3.12/site-packages/airflow/example_dags/example_sensors.py took 0.300 seconds
[2024-08-13T05:02:48.546+0000] {processor.py:161} INFO - Started process (PID=2409) to work on /home/airflow/.local/lib/python3.12/site-packages/airflow/example_dags/example_sensors.py
[2024-08-13T05:02:48.561+0000] {processor.py:830} INFO - Processing file /home/airflow/.local/lib/python3.12/site-packages/airflow/example_dags/example_sensors.py for tasks to queue
[2024-08-13T05:02:48.565+0000] {logging_mixin.py:188} INFO - [2024-08-13T05:02:48.564+0000] {dagbag.py:545} INFO - Filling up the DagBag from /home/airflow/.local/lib/python3.12/site-packages/airflow/example_dags/example_sensors.py
[2024-08-13T05:02:48.596+0000] {processor.py:840} INFO - DAG(s) 'example_sensors' retrieved from /home/airflow/.local/lib/python3.12/site-packages/airflow/example_dags/example_sensors.py
[2024-08-13T05:02:48.634+0000] {logging_mixin.py:188} INFO - [2024-08-13T05:02:48.634+0000] {dag.py:3089} INFO - Sync 1 DAGs
[2024-08-13T05:02:48.653+0000] {logging_mixin.py:188} INFO - [2024-08-13T05:02:48.652+0000] {dag.py:3947} INFO - Setting next_dagrun for example_sensors to None, run_after=None
[2024-08-13T05:02:48.762+0000] {processor.py:183} INFO - Processing /home/airflow/.local/lib/python3.12/site-packages/airflow/example_dags/example_sensors.py took 0.225 seconds
[2024-08-13T05:03:19.277+0000] {processor.py:161} INFO - Started process (PID=2467) to work on /home/airflow/.local/lib/python3.12/site-packages/airflow/example_dags/example_sensors.py
[2024-08-13T05:03:19.278+0000] {processor.py:830} INFO - Processing file /home/airflow/.local/lib/python3.12/site-packages/airflow/example_dags/example_sensors.py for tasks to queue
[2024-08-13T05:03:19.295+0000] {logging_mixin.py:188} INFO - [2024-08-13T05:03:19.294+0000] {dagbag.py:545} INFO - Filling up the DagBag from /home/airflow/.local/lib/python3.12/site-packages/airflow/example_dags/example_sensors.py
[2024-08-13T05:03:19.317+0000] {processor.py:840} INFO - DAG(s) 'example_sensors' retrieved from /home/airflow/.local/lib/python3.12/site-packages/airflow/example_dags/example_sensors.py
[2024-08-13T05:03:19.378+0000] {logging_mixin.py:188} INFO - [2024-08-13T05:03:19.378+0000] {dag.py:3089} INFO - Sync 1 DAGs
[2024-08-13T05:03:19.414+0000] {logging_mixin.py:188} INFO - [2024-08-13T05:03:19.414+0000] {dag.py:3947} INFO - Setting next_dagrun for example_sensors to None, run_after=None
[2024-08-13T05:03:19.564+0000] {processor.py:183} INFO - Processing /home/airflow/.local/lib/python3.12/site-packages/airflow/example_dags/example_sensors.py took 0.296 seconds
