[2024-08-13T04:42:09.578+0000] {processor.py:161} INFO - Started process (PID=93) to work on /home/airflow/.local/lib/python3.12/site-packages/airflow/example_dags/example_latest_only.py
[2024-08-13T04:42:09.580+0000] {processor.py:830} INFO - Processing file /home/airflow/.local/lib/python3.12/site-packages/airflow/example_dags/example_latest_only.py for tasks to queue
[2024-08-13T04:42:09.616+0000] {logging_mixin.py:188} INFO - [2024-08-13T04:42:09.616+0000] {dagbag.py:545} INFO - Filling up the DagBag from /home/airflow/.local/lib/python3.12/site-packages/airflow/example_dags/example_latest_only.py
[2024-08-13T04:42:09.668+0000] {processor.py:840} INFO - DAG(s) 'latest_only' retrieved from /home/airflow/.local/lib/python3.12/site-packages/airflow/example_dags/example_latest_only.py
[2024-08-13T04:42:10.787+0000] {logging_mixin.py:188} INFO - [2024-08-13T04:42:10.787+0000] {dag.py:3089} INFO - Sync 1 DAGs
[2024-08-13T04:42:10.966+0000] {logging_mixin.py:188} INFO - [2024-08-13T04:42:10.965+0000] {dag.py:3947} INFO - Setting next_dagrun for latest_only to 2024-08-13 00:00:00+00:00, run_after=2024-08-13 04:00:00+00:00
[2024-08-13T04:42:11.232+0000] {processor.py:183} INFO - Processing /home/airflow/.local/lib/python3.12/site-packages/airflow/example_dags/example_latest_only.py took 1.719 seconds
[2024-08-13T04:42:42.453+0000] {processor.py:161} INFO - Started process (PID=150) to work on /home/airflow/.local/lib/python3.12/site-packages/airflow/example_dags/example_latest_only.py
[2024-08-13T04:42:42.462+0000] {processor.py:830} INFO - Processing file /home/airflow/.local/lib/python3.12/site-packages/airflow/example_dags/example_latest_only.py for tasks to queue
[2024-08-13T04:42:42.465+0000] {logging_mixin.py:188} INFO - [2024-08-13T04:42:42.465+0000] {dagbag.py:545} INFO - Filling up the DagBag from /home/airflow/.local/lib/python3.12/site-packages/airflow/example_dags/example_latest_only.py
[2024-08-13T04:42:42.480+0000] {processor.py:840} INFO - DAG(s) 'latest_only' retrieved from /home/airflow/.local/lib/python3.12/site-packages/airflow/example_dags/example_latest_only.py
[2024-08-13T04:42:42.563+0000] {logging_mixin.py:188} INFO - [2024-08-13T04:42:42.563+0000] {dag.py:3089} INFO - Sync 1 DAGs
[2024-08-13T04:42:42.659+0000] {logging_mixin.py:188} INFO - [2024-08-13T04:42:42.658+0000] {dag.py:3947} INFO - Setting next_dagrun for latest_only to 2024-08-13 00:00:00+00:00, run_after=2024-08-13 04:00:00+00:00
[2024-08-13T04:42:43.021+0000] {processor.py:183} INFO - Processing /home/airflow/.local/lib/python3.12/site-packages/airflow/example_dags/example_latest_only.py took 0.587 seconds
[2024-08-13T04:43:15.485+0000] {processor.py:161} INFO - Started process (PID=208) to work on /home/airflow/.local/lib/python3.12/site-packages/airflow/example_dags/example_latest_only.py
[2024-08-13T04:43:15.631+0000] {processor.py:830} INFO - Processing file /home/airflow/.local/lib/python3.12/site-packages/airflow/example_dags/example_latest_only.py for tasks to queue
[2024-08-13T04:43:15.633+0000] {logging_mixin.py:188} INFO - [2024-08-13T04:43:15.633+0000] {dagbag.py:545} INFO - Filling up the DagBag from /home/airflow/.local/lib/python3.12/site-packages/airflow/example_dags/example_latest_only.py
[2024-08-13T04:43:15.642+0000] {processor.py:840} INFO - DAG(s) 'latest_only' retrieved from /home/airflow/.local/lib/python3.12/site-packages/airflow/example_dags/example_latest_only.py
[2024-08-13T04:43:15.666+0000] {logging_mixin.py:188} INFO - [2024-08-13T04:43:15.666+0000] {dag.py:3089} INFO - Sync 1 DAGs
[2024-08-13T04:43:15.694+0000] {logging_mixin.py:188} INFO - [2024-08-13T04:43:15.694+0000] {dag.py:3947} INFO - Setting next_dagrun for latest_only to 2024-08-13 00:00:00+00:00, run_after=2024-08-13 04:00:00+00:00
[2024-08-13T04:43:15.861+0000] {processor.py:183} INFO - Processing /home/airflow/.local/lib/python3.12/site-packages/airflow/example_dags/example_latest_only.py took 0.389 seconds
[2024-08-13T04:43:48.014+0000] {processor.py:161} INFO - Started process (PID=266) to work on /home/airflow/.local/lib/python3.12/site-packages/airflow/example_dags/example_latest_only.py
[2024-08-13T04:43:48.018+0000] {processor.py:830} INFO - Processing file /home/airflow/.local/lib/python3.12/site-packages/airflow/example_dags/example_latest_only.py for tasks to queue
[2024-08-13T04:43:48.021+0000] {logging_mixin.py:188} INFO - [2024-08-13T04:43:48.021+0000] {dagbag.py:545} INFO - Filling up the DagBag from /home/airflow/.local/lib/python3.12/site-packages/airflow/example_dags/example_latest_only.py
[2024-08-13T04:43:48.029+0000] {processor.py:840} INFO - DAG(s) 'latest_only' retrieved from /home/airflow/.local/lib/python3.12/site-packages/airflow/example_dags/example_latest_only.py
[2024-08-13T04:43:48.087+0000] {logging_mixin.py:188} INFO - [2024-08-13T04:43:48.087+0000] {dag.py:3089} INFO - Sync 1 DAGs
[2024-08-13T04:43:48.138+0000] {logging_mixin.py:188} INFO - [2024-08-13T04:43:48.138+0000] {dag.py:3947} INFO - Setting next_dagrun for latest_only to 2024-08-13 00:00:00+00:00, run_after=2024-08-13 04:00:00+00:00
[2024-08-13T04:43:48.313+0000] {processor.py:183} INFO - Processing /home/airflow/.local/lib/python3.12/site-packages/airflow/example_dags/example_latest_only.py took 0.323 seconds
[2024-08-13T04:44:18.929+0000] {processor.py:161} INFO - Started process (PID=324) to work on /home/airflow/.local/lib/python3.12/site-packages/airflow/example_dags/example_latest_only.py
[2024-08-13T04:44:18.929+0000] {processor.py:830} INFO - Processing file /home/airflow/.local/lib/python3.12/site-packages/airflow/example_dags/example_latest_only.py for tasks to queue
[2024-08-13T04:44:18.931+0000] {logging_mixin.py:188} INFO - [2024-08-13T04:44:18.931+0000] {dagbag.py:545} INFO - Filling up the DagBag from /home/airflow/.local/lib/python3.12/site-packages/airflow/example_dags/example_latest_only.py
[2024-08-13T04:44:18.936+0000] {processor.py:840} INFO - DAG(s) 'latest_only' retrieved from /home/airflow/.local/lib/python3.12/site-packages/airflow/example_dags/example_latest_only.py
[2024-08-13T04:44:18.957+0000] {logging_mixin.py:188} INFO - [2024-08-13T04:44:18.957+0000] {dag.py:3089} INFO - Sync 1 DAGs
[2024-08-13T04:44:18.989+0000] {logging_mixin.py:188} INFO - [2024-08-13T04:44:18.989+0000] {dag.py:3947} INFO - Setting next_dagrun for latest_only to 2024-08-13 00:00:00+00:00, run_after=2024-08-13 04:00:00+00:00
[2024-08-13T04:44:19.158+0000] {processor.py:183} INFO - Processing /home/airflow/.local/lib/python3.12/site-packages/airflow/example_dags/example_latest_only.py took 0.234 seconds
[2024-08-13T04:44:50.053+0000] {processor.py:161} INFO - Started process (PID=382) to work on /home/airflow/.local/lib/python3.12/site-packages/airflow/example_dags/example_latest_only.py
[2024-08-13T04:44:50.054+0000] {processor.py:830} INFO - Processing file /home/airflow/.local/lib/python3.12/site-packages/airflow/example_dags/example_latest_only.py for tasks to queue
[2024-08-13T04:44:50.057+0000] {logging_mixin.py:188} INFO - [2024-08-13T04:44:50.056+0000] {dagbag.py:545} INFO - Filling up the DagBag from /home/airflow/.local/lib/python3.12/site-packages/airflow/example_dags/example_latest_only.py
[2024-08-13T04:44:50.065+0000] {processor.py:840} INFO - DAG(s) 'latest_only' retrieved from /home/airflow/.local/lib/python3.12/site-packages/airflow/example_dags/example_latest_only.py
[2024-08-13T04:44:50.088+0000] {logging_mixin.py:188} INFO - [2024-08-13T04:44:50.088+0000] {dag.py:3089} INFO - Sync 1 DAGs
[2024-08-13T04:44:50.123+0000] {logging_mixin.py:188} INFO - [2024-08-13T04:44:50.123+0000] {dag.py:3947} INFO - Setting next_dagrun for latest_only to 2024-08-13 00:00:00+00:00, run_after=2024-08-13 04:00:00+00:00
[2024-08-13T04:44:50.186+0000] {processor.py:183} INFO - Processing /home/airflow/.local/lib/python3.12/site-packages/airflow/example_dags/example_latest_only.py took 0.144 seconds
[2024-08-13T04:45:22.909+0000] {processor.py:161} INFO - Started process (PID=438) to work on /home/airflow/.local/lib/python3.12/site-packages/airflow/example_dags/example_latest_only.py
[2024-08-13T04:45:22.911+0000] {processor.py:830} INFO - Processing file /home/airflow/.local/lib/python3.12/site-packages/airflow/example_dags/example_latest_only.py for tasks to queue
[2024-08-13T04:45:22.913+0000] {logging_mixin.py:188} INFO - [2024-08-13T04:45:22.913+0000] {dagbag.py:545} INFO - Filling up the DagBag from /home/airflow/.local/lib/python3.12/site-packages/airflow/example_dags/example_latest_only.py
[2024-08-13T04:45:22.923+0000] {processor.py:840} INFO - DAG(s) 'latest_only' retrieved from /home/airflow/.local/lib/python3.12/site-packages/airflow/example_dags/example_latest_only.py
[2024-08-13T04:45:22.947+0000] {logging_mixin.py:188} INFO - [2024-08-13T04:45:22.947+0000] {dag.py:3089} INFO - Sync 1 DAGs
[2024-08-13T04:45:22.979+0000] {logging_mixin.py:188} INFO - [2024-08-13T04:45:22.979+0000] {dag.py:3947} INFO - Setting next_dagrun for latest_only to 2024-08-13 00:00:00+00:00, run_after=2024-08-13 04:00:00+00:00
[2024-08-13T04:45:23.042+0000] {processor.py:183} INFO - Processing /home/airflow/.local/lib/python3.12/site-packages/airflow/example_dags/example_latest_only.py took 0.172 seconds
[2024-08-13T04:45:53.222+0000] {processor.py:161} INFO - Started process (PID=495) to work on /home/airflow/.local/lib/python3.12/site-packages/airflow/example_dags/example_latest_only.py
[2024-08-13T04:45:53.227+0000] {processor.py:830} INFO - Processing file /home/airflow/.local/lib/python3.12/site-packages/airflow/example_dags/example_latest_only.py for tasks to queue
[2024-08-13T04:45:53.232+0000] {logging_mixin.py:188} INFO - [2024-08-13T04:45:53.232+0000] {dagbag.py:545} INFO - Filling up the DagBag from /home/airflow/.local/lib/python3.12/site-packages/airflow/example_dags/example_latest_only.py
[2024-08-13T04:45:53.241+0000] {processor.py:840} INFO - DAG(s) 'latest_only' retrieved from /home/airflow/.local/lib/python3.12/site-packages/airflow/example_dags/example_latest_only.py
[2024-08-13T04:45:53.312+0000] {logging_mixin.py:188} INFO - [2024-08-13T04:45:53.311+0000] {dag.py:3089} INFO - Sync 1 DAGs
[2024-08-13T04:45:53.407+0000] {logging_mixin.py:188} INFO - [2024-08-13T04:45:53.406+0000] {dag.py:3947} INFO - Setting next_dagrun for latest_only to 2024-08-13 00:00:00+00:00, run_after=2024-08-13 04:00:00+00:00
[2024-08-13T04:45:53.571+0000] {processor.py:183} INFO - Processing /home/airflow/.local/lib/python3.12/site-packages/airflow/example_dags/example_latest_only.py took 0.364 seconds
[2024-08-13T04:46:23.715+0000] {processor.py:161} INFO - Started process (PID=553) to work on /home/airflow/.local/lib/python3.12/site-packages/airflow/example_dags/example_latest_only.py
[2024-08-13T04:46:23.716+0000] {processor.py:830} INFO - Processing file /home/airflow/.local/lib/python3.12/site-packages/airflow/example_dags/example_latest_only.py for tasks to queue
[2024-08-13T04:46:23.718+0000] {logging_mixin.py:188} INFO - [2024-08-13T04:46:23.717+0000] {dagbag.py:545} INFO - Filling up the DagBag from /home/airflow/.local/lib/python3.12/site-packages/airflow/example_dags/example_latest_only.py
[2024-08-13T04:46:23.722+0000] {processor.py:840} INFO - DAG(s) 'latest_only' retrieved from /home/airflow/.local/lib/python3.12/site-packages/airflow/example_dags/example_latest_only.py
[2024-08-13T04:46:23.739+0000] {logging_mixin.py:188} INFO - [2024-08-13T04:46:23.739+0000] {dag.py:3089} INFO - Sync 1 DAGs
[2024-08-13T04:46:23.761+0000] {logging_mixin.py:188} INFO - [2024-08-13T04:46:23.761+0000] {dag.py:3947} INFO - Setting next_dagrun for latest_only to 2024-08-13 00:00:00+00:00, run_after=2024-08-13 04:00:00+00:00
[2024-08-13T04:46:23.814+0000] {processor.py:183} INFO - Processing /home/airflow/.local/lib/python3.12/site-packages/airflow/example_dags/example_latest_only.py took 0.105 seconds
[2024-08-13T04:46:53.890+0000] {processor.py:161} INFO - Started process (PID=611) to work on /home/airflow/.local/lib/python3.12/site-packages/airflow/example_dags/example_latest_only.py
[2024-08-13T04:46:53.897+0000] {processor.py:830} INFO - Processing file /home/airflow/.local/lib/python3.12/site-packages/airflow/example_dags/example_latest_only.py for tasks to queue
[2024-08-13T04:46:53.904+0000] {logging_mixin.py:188} INFO - [2024-08-13T04:46:53.904+0000] {dagbag.py:545} INFO - Filling up the DagBag from /home/airflow/.local/lib/python3.12/site-packages/airflow/example_dags/example_latest_only.py
[2024-08-13T04:46:53.912+0000] {processor.py:840} INFO - DAG(s) 'latest_only' retrieved from /home/airflow/.local/lib/python3.12/site-packages/airflow/example_dags/example_latest_only.py
[2024-08-13T04:46:53.950+0000] {logging_mixin.py:188} INFO - [2024-08-13T04:46:53.949+0000] {dag.py:3089} INFO - Sync 1 DAGs
[2024-08-13T04:46:53.989+0000] {logging_mixin.py:188} INFO - [2024-08-13T04:46:53.988+0000] {dag.py:3947} INFO - Setting next_dagrun for latest_only to 2024-08-13 00:00:00+00:00, run_after=2024-08-13 04:00:00+00:00
[2024-08-13T04:46:54.123+0000] {processor.py:183} INFO - Processing /home/airflow/.local/lib/python3.12/site-packages/airflow/example_dags/example_latest_only.py took 0.241 seconds
[2024-08-13T04:47:27.112+0000] {processor.py:161} INFO - Started process (PID=675) to work on /home/airflow/.local/lib/python3.12/site-packages/airflow/example_dags/example_latest_only.py
[2024-08-13T04:47:27.113+0000] {processor.py:830} INFO - Processing file /home/airflow/.local/lib/python3.12/site-packages/airflow/example_dags/example_latest_only.py for tasks to queue
[2024-08-13T04:47:27.115+0000] {logging_mixin.py:188} INFO - [2024-08-13T04:47:27.115+0000] {dagbag.py:545} INFO - Filling up the DagBag from /home/airflow/.local/lib/python3.12/site-packages/airflow/example_dags/example_latest_only.py
[2024-08-13T04:47:27.122+0000] {processor.py:840} INFO - DAG(s) 'latest_only' retrieved from /home/airflow/.local/lib/python3.12/site-packages/airflow/example_dags/example_latest_only.py
[2024-08-13T04:47:27.155+0000] {logging_mixin.py:188} INFO - [2024-08-13T04:47:27.155+0000] {dag.py:3089} INFO - Sync 1 DAGs
[2024-08-13T04:47:27.191+0000] {logging_mixin.py:188} INFO - [2024-08-13T04:47:27.191+0000] {dag.py:3947} INFO - Setting next_dagrun for latest_only to 2024-08-13 00:00:00+00:00, run_after=2024-08-13 04:00:00+00:00
[2024-08-13T04:47:27.338+0000] {processor.py:183} INFO - Processing /home/airflow/.local/lib/python3.12/site-packages/airflow/example_dags/example_latest_only.py took 0.234 seconds
[2024-08-13T04:47:58.041+0000] {processor.py:161} INFO - Started process (PID=734) to work on /home/airflow/.local/lib/python3.12/site-packages/airflow/example_dags/example_latest_only.py
[2024-08-13T04:47:58.042+0000] {processor.py:830} INFO - Processing file /home/airflow/.local/lib/python3.12/site-packages/airflow/example_dags/example_latest_only.py for tasks to queue
[2024-08-13T04:47:58.044+0000] {logging_mixin.py:188} INFO - [2024-08-13T04:47:58.043+0000] {dagbag.py:545} INFO - Filling up the DagBag from /home/airflow/.local/lib/python3.12/site-packages/airflow/example_dags/example_latest_only.py
[2024-08-13T04:47:58.048+0000] {processor.py:840} INFO - DAG(s) 'latest_only' retrieved from /home/airflow/.local/lib/python3.12/site-packages/airflow/example_dags/example_latest_only.py
[2024-08-13T04:47:58.066+0000] {logging_mixin.py:188} INFO - [2024-08-13T04:47:58.065+0000] {dag.py:3089} INFO - Sync 1 DAGs
[2024-08-13T04:47:58.098+0000] {logging_mixin.py:188} INFO - [2024-08-13T04:47:58.098+0000] {dag.py:3947} INFO - Setting next_dagrun for latest_only to 2024-08-13 00:00:00+00:00, run_after=2024-08-13 04:00:00+00:00
[2024-08-13T04:47:58.256+0000] {processor.py:183} INFO - Processing /home/airflow/.local/lib/python3.12/site-packages/airflow/example_dags/example_latest_only.py took 0.222 seconds
[2024-08-13T04:48:28.555+0000] {processor.py:161} INFO - Started process (PID=791) to work on /home/airflow/.local/lib/python3.12/site-packages/airflow/example_dags/example_latest_only.py
[2024-08-13T04:48:28.556+0000] {processor.py:830} INFO - Processing file /home/airflow/.local/lib/python3.12/site-packages/airflow/example_dags/example_latest_only.py for tasks to queue
[2024-08-13T04:48:28.558+0000] {logging_mixin.py:188} INFO - [2024-08-13T04:48:28.558+0000] {dagbag.py:545} INFO - Filling up the DagBag from /home/airflow/.local/lib/python3.12/site-packages/airflow/example_dags/example_latest_only.py
[2024-08-13T04:48:28.575+0000] {processor.py:840} INFO - DAG(s) 'latest_only' retrieved from /home/airflow/.local/lib/python3.12/site-packages/airflow/example_dags/example_latest_only.py
[2024-08-13T04:48:28.631+0000] {logging_mixin.py:188} INFO - [2024-08-13T04:48:28.631+0000] {dag.py:3089} INFO - Sync 1 DAGs
[2024-08-13T04:48:28.660+0000] {logging_mixin.py:188} INFO - [2024-08-13T04:48:28.660+0000] {dag.py:3947} INFO - Setting next_dagrun for latest_only to 2024-08-13 00:00:00+00:00, run_after=2024-08-13 04:00:00+00:00
[2024-08-13T04:48:28.710+0000] {processor.py:183} INFO - Processing /home/airflow/.local/lib/python3.12/site-packages/airflow/example_dags/example_latest_only.py took 0.167 seconds
[2024-08-13T04:48:59.524+0000] {processor.py:161} INFO - Started process (PID=849) to work on /home/airflow/.local/lib/python3.12/site-packages/airflow/example_dags/example_latest_only.py
[2024-08-13T04:48:59.525+0000] {processor.py:830} INFO - Processing file /home/airflow/.local/lib/python3.12/site-packages/airflow/example_dags/example_latest_only.py for tasks to queue
[2024-08-13T04:48:59.527+0000] {logging_mixin.py:188} INFO - [2024-08-13T04:48:59.526+0000] {dagbag.py:545} INFO - Filling up the DagBag from /home/airflow/.local/lib/python3.12/site-packages/airflow/example_dags/example_latest_only.py
[2024-08-13T04:48:59.531+0000] {processor.py:840} INFO - DAG(s) 'latest_only' retrieved from /home/airflow/.local/lib/python3.12/site-packages/airflow/example_dags/example_latest_only.py
[2024-08-13T04:48:59.553+0000] {logging_mixin.py:188} INFO - [2024-08-13T04:48:59.552+0000] {dag.py:3089} INFO - Sync 1 DAGs
[2024-08-13T04:48:59.585+0000] {logging_mixin.py:188} INFO - [2024-08-13T04:48:59.585+0000] {dag.py:3947} INFO - Setting next_dagrun for latest_only to 2024-08-13 00:00:00+00:00, run_after=2024-08-13 04:00:00+00:00
[2024-08-13T04:48:59.663+0000] {processor.py:183} INFO - Processing /home/airflow/.local/lib/python3.12/site-packages/airflow/example_dags/example_latest_only.py took 0.145 seconds
[2024-08-13T04:49:31.025+0000] {processor.py:161} INFO - Started process (PID=907) to work on /home/airflow/.local/lib/python3.12/site-packages/airflow/example_dags/example_latest_only.py
[2024-08-13T04:49:31.048+0000] {processor.py:830} INFO - Processing file /home/airflow/.local/lib/python3.12/site-packages/airflow/example_dags/example_latest_only.py for tasks to queue
[2024-08-13T04:49:31.051+0000] {logging_mixin.py:188} INFO - [2024-08-13T04:49:31.050+0000] {dagbag.py:545} INFO - Filling up the DagBag from /home/airflow/.local/lib/python3.12/site-packages/airflow/example_dags/example_latest_only.py
[2024-08-13T04:49:31.057+0000] {processor.py:840} INFO - DAG(s) 'latest_only' retrieved from /home/airflow/.local/lib/python3.12/site-packages/airflow/example_dags/example_latest_only.py
[2024-08-13T04:49:31.124+0000] {logging_mixin.py:188} INFO - [2024-08-13T04:49:31.123+0000] {dag.py:3089} INFO - Sync 1 DAGs
[2024-08-13T04:49:31.209+0000] {logging_mixin.py:188} INFO - [2024-08-13T04:49:31.209+0000] {dag.py:3947} INFO - Setting next_dagrun for latest_only to 2024-08-13 00:00:00+00:00, run_after=2024-08-13 04:00:00+00:00
[2024-08-13T04:49:31.343+0000] {processor.py:183} INFO - Processing /home/airflow/.local/lib/python3.12/site-packages/airflow/example_dags/example_latest_only.py took 0.350 seconds
[2024-08-13T04:50:02.065+0000] {processor.py:161} INFO - Started process (PID=965) to work on /home/airflow/.local/lib/python3.12/site-packages/airflow/example_dags/example_latest_only.py
[2024-08-13T04:50:02.067+0000] {processor.py:830} INFO - Processing file /home/airflow/.local/lib/python3.12/site-packages/airflow/example_dags/example_latest_only.py for tasks to queue
[2024-08-13T04:50:02.069+0000] {logging_mixin.py:188} INFO - [2024-08-13T04:50:02.069+0000] {dagbag.py:545} INFO - Filling up the DagBag from /home/airflow/.local/lib/python3.12/site-packages/airflow/example_dags/example_latest_only.py
[2024-08-13T04:50:02.077+0000] {processor.py:840} INFO - DAG(s) 'latest_only' retrieved from /home/airflow/.local/lib/python3.12/site-packages/airflow/example_dags/example_latest_only.py
[2024-08-13T04:50:02.101+0000] {logging_mixin.py:188} INFO - [2024-08-13T04:50:02.101+0000] {dag.py:3089} INFO - Sync 1 DAGs
[2024-08-13T04:50:02.132+0000] {logging_mixin.py:188} INFO - [2024-08-13T04:50:02.132+0000] {dag.py:3947} INFO - Setting next_dagrun for latest_only to 2024-08-13 00:00:00+00:00, run_after=2024-08-13 04:00:00+00:00
[2024-08-13T04:50:02.210+0000] {processor.py:183} INFO - Processing /home/airflow/.local/lib/python3.12/site-packages/airflow/example_dags/example_latest_only.py took 0.152 seconds
[2024-08-13T04:50:32.470+0000] {processor.py:161} INFO - Started process (PID=1023) to work on /home/airflow/.local/lib/python3.12/site-packages/airflow/example_dags/example_latest_only.py
[2024-08-13T04:50:32.471+0000] {processor.py:830} INFO - Processing file /home/airflow/.local/lib/python3.12/site-packages/airflow/example_dags/example_latest_only.py for tasks to queue
[2024-08-13T04:50:32.474+0000] {logging_mixin.py:188} INFO - [2024-08-13T04:50:32.473+0000] {dagbag.py:545} INFO - Filling up the DagBag from /home/airflow/.local/lib/python3.12/site-packages/airflow/example_dags/example_latest_only.py
[2024-08-13T04:50:32.480+0000] {processor.py:840} INFO - DAG(s) 'latest_only' retrieved from /home/airflow/.local/lib/python3.12/site-packages/airflow/example_dags/example_latest_only.py
[2024-08-13T04:50:32.504+0000] {logging_mixin.py:188} INFO - [2024-08-13T04:50:32.504+0000] {dag.py:3089} INFO - Sync 1 DAGs
[2024-08-13T04:50:32.535+0000] {logging_mixin.py:188} INFO - [2024-08-13T04:50:32.534+0000] {dag.py:3947} INFO - Setting next_dagrun for latest_only to 2024-08-13 00:00:00+00:00, run_after=2024-08-13 04:00:00+00:00
[2024-08-13T04:50:32.594+0000] {processor.py:183} INFO - Processing /home/airflow/.local/lib/python3.12/site-packages/airflow/example_dags/example_latest_only.py took 0.133 seconds
[2024-08-13T04:51:03.133+0000] {processor.py:161} INFO - Started process (PID=1082) to work on /home/airflow/.local/lib/python3.12/site-packages/airflow/example_dags/example_latest_only.py
[2024-08-13T04:51:03.148+0000] {processor.py:830} INFO - Processing file /home/airflow/.local/lib/python3.12/site-packages/airflow/example_dags/example_latest_only.py for tasks to queue
[2024-08-13T04:51:03.165+0000] {logging_mixin.py:188} INFO - [2024-08-13T04:51:03.164+0000] {dagbag.py:545} INFO - Filling up the DagBag from /home/airflow/.local/lib/python3.12/site-packages/airflow/example_dags/example_latest_only.py
[2024-08-13T04:51:03.198+0000] {processor.py:840} INFO - DAG(s) 'latest_only' retrieved from /home/airflow/.local/lib/python3.12/site-packages/airflow/example_dags/example_latest_only.py
[2024-08-13T04:51:03.348+0000] {logging_mixin.py:188} INFO - [2024-08-13T04:51:03.347+0000] {dag.py:3089} INFO - Sync 1 DAGs
[2024-08-13T04:51:03.487+0000] {logging_mixin.py:188} INFO - [2024-08-13T04:51:03.487+0000] {dag.py:3947} INFO - Setting next_dagrun for latest_only to 2024-08-13 00:00:00+00:00, run_after=2024-08-13 04:00:00+00:00
[2024-08-13T04:51:03.719+0000] {processor.py:183} INFO - Processing /home/airflow/.local/lib/python3.12/site-packages/airflow/example_dags/example_latest_only.py took 0.618 seconds
[2024-08-13T04:51:34.321+0000] {processor.py:161} INFO - Started process (PID=1140) to work on /home/airflow/.local/lib/python3.12/site-packages/airflow/example_dags/example_latest_only.py
[2024-08-13T04:51:34.324+0000] {processor.py:830} INFO - Processing file /home/airflow/.local/lib/python3.12/site-packages/airflow/example_dags/example_latest_only.py for tasks to queue
[2024-08-13T04:51:34.329+0000] {logging_mixin.py:188} INFO - [2024-08-13T04:51:34.329+0000] {dagbag.py:545} INFO - Filling up the DagBag from /home/airflow/.local/lib/python3.12/site-packages/airflow/example_dags/example_latest_only.py
[2024-08-13T04:51:34.337+0000] {processor.py:840} INFO - DAG(s) 'latest_only' retrieved from /home/airflow/.local/lib/python3.12/site-packages/airflow/example_dags/example_latest_only.py
[2024-08-13T04:51:34.397+0000] {logging_mixin.py:188} INFO - [2024-08-13T04:51:34.397+0000] {dag.py:3089} INFO - Sync 1 DAGs
[2024-08-13T04:51:34.692+0000] {logging_mixin.py:188} INFO - [2024-08-13T04:51:34.692+0000] {dag.py:3947} INFO - Setting next_dagrun for latest_only to 2024-08-13 00:00:00+00:00, run_after=2024-08-13 04:00:00+00:00
[2024-08-13T04:51:35.616+0000] {processor.py:183} INFO - Processing /home/airflow/.local/lib/python3.12/site-packages/airflow/example_dags/example_latest_only.py took 1.308 seconds
[2024-08-13T04:52:07.169+0000] {processor.py:161} INFO - Started process (PID=1199) to work on /home/airflow/.local/lib/python3.12/site-packages/airflow/example_dags/example_latest_only.py
[2024-08-13T04:52:07.172+0000] {processor.py:830} INFO - Processing file /home/airflow/.local/lib/python3.12/site-packages/airflow/example_dags/example_latest_only.py for tasks to queue
[2024-08-13T04:52:07.174+0000] {logging_mixin.py:188} INFO - [2024-08-13T04:52:07.174+0000] {dagbag.py:545} INFO - Filling up the DagBag from /home/airflow/.local/lib/python3.12/site-packages/airflow/example_dags/example_latest_only.py
[2024-08-13T04:52:07.179+0000] {processor.py:840} INFO - DAG(s) 'latest_only' retrieved from /home/airflow/.local/lib/python3.12/site-packages/airflow/example_dags/example_latest_only.py
[2024-08-13T04:52:07.204+0000] {logging_mixin.py:188} INFO - [2024-08-13T04:52:07.203+0000] {dag.py:3089} INFO - Sync 1 DAGs
[2024-08-13T04:52:07.229+0000] {logging_mixin.py:188} INFO - [2024-08-13T04:52:07.229+0000] {dag.py:3947} INFO - Setting next_dagrun for latest_only to 2024-08-13 00:00:00+00:00, run_after=2024-08-13 04:00:00+00:00
[2024-08-13T04:52:07.360+0000] {processor.py:183} INFO - Processing /home/airflow/.local/lib/python3.12/site-packages/airflow/example_dags/example_latest_only.py took 0.200 seconds
[2024-08-13T04:52:39.607+0000] {processor.py:161} INFO - Started process (PID=1257) to work on /home/airflow/.local/lib/python3.12/site-packages/airflow/example_dags/example_latest_only.py
[2024-08-13T04:52:39.612+0000] {processor.py:830} INFO - Processing file /home/airflow/.local/lib/python3.12/site-packages/airflow/example_dags/example_latest_only.py for tasks to queue
[2024-08-13T04:52:39.618+0000] {logging_mixin.py:188} INFO - [2024-08-13T04:52:39.617+0000] {dagbag.py:545} INFO - Filling up the DagBag from /home/airflow/.local/lib/python3.12/site-packages/airflow/example_dags/example_latest_only.py
[2024-08-13T04:52:39.628+0000] {processor.py:840} INFO - DAG(s) 'latest_only' retrieved from /home/airflow/.local/lib/python3.12/site-packages/airflow/example_dags/example_latest_only.py
[2024-08-13T04:52:39.692+0000] {logging_mixin.py:188} INFO - [2024-08-13T04:52:39.692+0000] {dag.py:3089} INFO - Sync 1 DAGs
[2024-08-13T04:52:39.735+0000] {logging_mixin.py:188} INFO - [2024-08-13T04:52:39.734+0000] {dag.py:3947} INFO - Setting next_dagrun for latest_only to 2024-08-13 00:00:00+00:00, run_after=2024-08-13 04:00:00+00:00
[2024-08-13T04:52:40.032+0000] {processor.py:183} INFO - Processing /home/airflow/.local/lib/python3.12/site-packages/airflow/example_dags/example_latest_only.py took 0.433 seconds
[2024-08-13T04:53:10.253+0000] {processor.py:161} INFO - Started process (PID=1315) to work on /home/airflow/.local/lib/python3.12/site-packages/airflow/example_dags/example_latest_only.py
[2024-08-13T04:53:10.254+0000] {processor.py:830} INFO - Processing file /home/airflow/.local/lib/python3.12/site-packages/airflow/example_dags/example_latest_only.py for tasks to queue
[2024-08-13T04:53:10.256+0000] {logging_mixin.py:188} INFO - [2024-08-13T04:53:10.256+0000] {dagbag.py:545} INFO - Filling up the DagBag from /home/airflow/.local/lib/python3.12/site-packages/airflow/example_dags/example_latest_only.py
[2024-08-13T04:53:10.261+0000] {processor.py:840} INFO - DAG(s) 'latest_only' retrieved from /home/airflow/.local/lib/python3.12/site-packages/airflow/example_dags/example_latest_only.py
[2024-08-13T04:53:10.281+0000] {logging_mixin.py:188} INFO - [2024-08-13T04:53:10.281+0000] {dag.py:3089} INFO - Sync 1 DAGs
[2024-08-13T04:53:10.307+0000] {logging_mixin.py:188} INFO - [2024-08-13T04:53:10.307+0000] {dag.py:3947} INFO - Setting next_dagrun for latest_only to 2024-08-13 00:00:00+00:00, run_after=2024-08-13 04:00:00+00:00
[2024-08-13T04:53:10.380+0000] {processor.py:183} INFO - Processing /home/airflow/.local/lib/python3.12/site-packages/airflow/example_dags/example_latest_only.py took 0.132 seconds
[2024-08-13T04:53:42.410+0000] {processor.py:161} INFO - Started process (PID=1374) to work on /home/airflow/.local/lib/python3.12/site-packages/airflow/example_dags/example_latest_only.py
[2024-08-13T04:53:42.424+0000] {processor.py:830} INFO - Processing file /home/airflow/.local/lib/python3.12/site-packages/airflow/example_dags/example_latest_only.py for tasks to queue
[2024-08-13T04:53:42.447+0000] {logging_mixin.py:188} INFO - [2024-08-13T04:53:42.446+0000] {dagbag.py:545} INFO - Filling up the DagBag from /home/airflow/.local/lib/python3.12/site-packages/airflow/example_dags/example_latest_only.py
[2024-08-13T04:53:42.473+0000] {processor.py:840} INFO - DAG(s) 'latest_only' retrieved from /home/airflow/.local/lib/python3.12/site-packages/airflow/example_dags/example_latest_only.py
[2024-08-13T04:53:42.602+0000] {logging_mixin.py:188} INFO - [2024-08-13T04:53:42.602+0000] {dag.py:3089} INFO - Sync 1 DAGs
[2024-08-13T04:53:42.636+0000] {logging_mixin.py:188} INFO - [2024-08-13T04:53:42.636+0000] {dag.py:3947} INFO - Setting next_dagrun for latest_only to 2024-08-13 00:00:00+00:00, run_after=2024-08-13 04:00:00+00:00
[2024-08-13T04:53:42.844+0000] {processor.py:183} INFO - Processing /home/airflow/.local/lib/python3.12/site-packages/airflow/example_dags/example_latest_only.py took 0.458 seconds
[2024-08-13T04:54:12.950+0000] {processor.py:161} INFO - Started process (PID=1432) to work on /home/airflow/.local/lib/python3.12/site-packages/airflow/example_dags/example_latest_only.py
[2024-08-13T04:54:12.951+0000] {processor.py:830} INFO - Processing file /home/airflow/.local/lib/python3.12/site-packages/airflow/example_dags/example_latest_only.py for tasks to queue
[2024-08-13T04:54:12.953+0000] {logging_mixin.py:188} INFO - [2024-08-13T04:54:12.952+0000] {dagbag.py:545} INFO - Filling up the DagBag from /home/airflow/.local/lib/python3.12/site-packages/airflow/example_dags/example_latest_only.py
[2024-08-13T04:54:12.957+0000] {processor.py:840} INFO - DAG(s) 'latest_only' retrieved from /home/airflow/.local/lib/python3.12/site-packages/airflow/example_dags/example_latest_only.py
[2024-08-13T04:54:12.975+0000] {logging_mixin.py:188} INFO - [2024-08-13T04:54:12.975+0000] {dag.py:3089} INFO - Sync 1 DAGs
[2024-08-13T04:54:13.021+0000] {logging_mixin.py:188} INFO - [2024-08-13T04:54:13.021+0000] {dag.py:3947} INFO - Setting next_dagrun for latest_only to 2024-08-13 00:00:00+00:00, run_after=2024-08-13 04:00:00+00:00
[2024-08-13T04:54:13.110+0000] {processor.py:183} INFO - Processing /home/airflow/.local/lib/python3.12/site-packages/airflow/example_dags/example_latest_only.py took 0.168 seconds
[2024-08-13T04:54:45.283+0000] {processor.py:161} INFO - Started process (PID=1490) to work on /home/airflow/.local/lib/python3.12/site-packages/airflow/example_dags/example_latest_only.py
[2024-08-13T04:54:45.284+0000] {processor.py:830} INFO - Processing file /home/airflow/.local/lib/python3.12/site-packages/airflow/example_dags/example_latest_only.py for tasks to queue
[2024-08-13T04:54:45.287+0000] {logging_mixin.py:188} INFO - [2024-08-13T04:54:45.287+0000] {dagbag.py:545} INFO - Filling up the DagBag from /home/airflow/.local/lib/python3.12/site-packages/airflow/example_dags/example_latest_only.py
[2024-08-13T04:54:45.293+0000] {processor.py:840} INFO - DAG(s) 'latest_only' retrieved from /home/airflow/.local/lib/python3.12/site-packages/airflow/example_dags/example_latest_only.py
[2024-08-13T04:54:45.320+0000] {logging_mixin.py:188} INFO - [2024-08-13T04:54:45.320+0000] {dag.py:3089} INFO - Sync 1 DAGs
[2024-08-13T04:54:45.344+0000] {logging_mixin.py:188} INFO - [2024-08-13T04:54:45.344+0000] {dag.py:3947} INFO - Setting next_dagrun for latest_only to 2024-08-13 00:00:00+00:00, run_after=2024-08-13 04:00:00+00:00
[2024-08-13T04:54:45.500+0000] {processor.py:183} INFO - Processing /home/airflow/.local/lib/python3.12/site-packages/airflow/example_dags/example_latest_only.py took 0.229 seconds
[2024-08-13T04:55:15.789+0000] {processor.py:161} INFO - Started process (PID=1548) to work on /home/airflow/.local/lib/python3.12/site-packages/airflow/example_dags/example_latest_only.py
[2024-08-13T04:55:15.790+0000] {processor.py:830} INFO - Processing file /home/airflow/.local/lib/python3.12/site-packages/airflow/example_dags/example_latest_only.py for tasks to queue
[2024-08-13T04:55:15.793+0000] {logging_mixin.py:188} INFO - [2024-08-13T04:55:15.793+0000] {dagbag.py:545} INFO - Filling up the DagBag from /home/airflow/.local/lib/python3.12/site-packages/airflow/example_dags/example_latest_only.py
[2024-08-13T04:55:15.799+0000] {processor.py:840} INFO - DAG(s) 'latest_only' retrieved from /home/airflow/.local/lib/python3.12/site-packages/airflow/example_dags/example_latest_only.py
[2024-08-13T04:55:15.825+0000] {logging_mixin.py:188} INFO - [2024-08-13T04:55:15.824+0000] {dag.py:3089} INFO - Sync 1 DAGs
[2024-08-13T04:55:15.864+0000] {logging_mixin.py:188} INFO - [2024-08-13T04:55:15.863+0000] {dag.py:3947} INFO - Setting next_dagrun for latest_only to 2024-08-13 00:00:00+00:00, run_after=2024-08-13 04:00:00+00:00
[2024-08-13T04:55:15.925+0000] {processor.py:183} INFO - Processing /home/airflow/.local/lib/python3.12/site-packages/airflow/example_dags/example_latest_only.py took 0.144 seconds
[2024-08-13T04:55:45.989+0000] {processor.py:161} INFO - Started process (PID=1606) to work on /home/airflow/.local/lib/python3.12/site-packages/airflow/example_dags/example_latest_only.py
[2024-08-13T04:55:45.991+0000] {processor.py:830} INFO - Processing file /home/airflow/.local/lib/python3.12/site-packages/airflow/example_dags/example_latest_only.py for tasks to queue
[2024-08-13T04:55:45.993+0000] {logging_mixin.py:188} INFO - [2024-08-13T04:55:45.992+0000] {dagbag.py:545} INFO - Filling up the DagBag from /home/airflow/.local/lib/python3.12/site-packages/airflow/example_dags/example_latest_only.py
[2024-08-13T04:55:45.999+0000] {processor.py:840} INFO - DAG(s) 'latest_only' retrieved from /home/airflow/.local/lib/python3.12/site-packages/airflow/example_dags/example_latest_only.py
[2024-08-13T04:55:46.023+0000] {logging_mixin.py:188} INFO - [2024-08-13T04:55:46.022+0000] {dag.py:3089} INFO - Sync 1 DAGs
[2024-08-13T04:55:46.053+0000] {logging_mixin.py:188} INFO - [2024-08-13T04:55:46.053+0000] {dag.py:3947} INFO - Setting next_dagrun for latest_only to 2024-08-13 00:00:00+00:00, run_after=2024-08-13 04:00:00+00:00
[2024-08-13T04:55:46.277+0000] {processor.py:183} INFO - Processing /home/airflow/.local/lib/python3.12/site-packages/airflow/example_dags/example_latest_only.py took 0.294 seconds
[2024-08-13T04:56:17.153+0000] {processor.py:161} INFO - Started process (PID=1664) to work on /home/airflow/.local/lib/python3.12/site-packages/airflow/example_dags/example_latest_only.py
[2024-08-13T04:56:17.158+0000] {processor.py:830} INFO - Processing file /home/airflow/.local/lib/python3.12/site-packages/airflow/example_dags/example_latest_only.py for tasks to queue
[2024-08-13T04:56:17.160+0000] {logging_mixin.py:188} INFO - [2024-08-13T04:56:17.160+0000] {dagbag.py:545} INFO - Filling up the DagBag from /home/airflow/.local/lib/python3.12/site-packages/airflow/example_dags/example_latest_only.py
[2024-08-13T04:56:17.166+0000] {processor.py:840} INFO - DAG(s) 'latest_only' retrieved from /home/airflow/.local/lib/python3.12/site-packages/airflow/example_dags/example_latest_only.py
[2024-08-13T04:56:17.202+0000] {logging_mixin.py:188} INFO - [2024-08-13T04:56:17.202+0000] {dag.py:3089} INFO - Sync 1 DAGs
[2024-08-13T04:56:17.236+0000] {logging_mixin.py:188} INFO - [2024-08-13T04:56:17.236+0000] {dag.py:3947} INFO - Setting next_dagrun for latest_only to 2024-08-13 00:00:00+00:00, run_after=2024-08-13 04:00:00+00:00
[2024-08-13T04:56:17.300+0000] {processor.py:183} INFO - Processing /home/airflow/.local/lib/python3.12/site-packages/airflow/example_dags/example_latest_only.py took 0.154 seconds
[2024-08-13T04:56:48.024+0000] {processor.py:161} INFO - Started process (PID=1722) to work on /home/airflow/.local/lib/python3.12/site-packages/airflow/example_dags/example_latest_only.py
[2024-08-13T04:56:48.025+0000] {processor.py:830} INFO - Processing file /home/airflow/.local/lib/python3.12/site-packages/airflow/example_dags/example_latest_only.py for tasks to queue
[2024-08-13T04:56:48.027+0000] {logging_mixin.py:188} INFO - [2024-08-13T04:56:48.027+0000] {dagbag.py:545} INFO - Filling up the DagBag from /home/airflow/.local/lib/python3.12/site-packages/airflow/example_dags/example_latest_only.py
[2024-08-13T04:56:48.034+0000] {processor.py:840} INFO - DAG(s) 'latest_only' retrieved from /home/airflow/.local/lib/python3.12/site-packages/airflow/example_dags/example_latest_only.py
[2024-08-13T04:56:48.058+0000] {logging_mixin.py:188} INFO - [2024-08-13T04:56:48.057+0000] {dag.py:3089} INFO - Sync 1 DAGs
[2024-08-13T04:56:48.090+0000] {logging_mixin.py:188} INFO - [2024-08-13T04:56:48.089+0000] {dag.py:3947} INFO - Setting next_dagrun for latest_only to 2024-08-13 00:00:00+00:00, run_after=2024-08-13 04:00:00+00:00
[2024-08-13T04:56:48.153+0000] {processor.py:183} INFO - Processing /home/airflow/.local/lib/python3.12/site-packages/airflow/example_dags/example_latest_only.py took 0.147 seconds
[2024-08-13T04:57:18.264+0000] {processor.py:161} INFO - Started process (PID=1779) to work on /home/airflow/.local/lib/python3.12/site-packages/airflow/example_dags/example_latest_only.py
[2024-08-13T04:57:18.266+0000] {processor.py:830} INFO - Processing file /home/airflow/.local/lib/python3.12/site-packages/airflow/example_dags/example_latest_only.py for tasks to queue
[2024-08-13T04:57:18.277+0000] {logging_mixin.py:188} INFO - [2024-08-13T04:57:18.277+0000] {dagbag.py:545} INFO - Filling up the DagBag from /home/airflow/.local/lib/python3.12/site-packages/airflow/example_dags/example_latest_only.py
[2024-08-13T04:57:18.288+0000] {processor.py:840} INFO - DAG(s) 'latest_only' retrieved from /home/airflow/.local/lib/python3.12/site-packages/airflow/example_dags/example_latest_only.py
[2024-08-13T04:57:18.327+0000] {logging_mixin.py:188} INFO - [2024-08-13T04:57:18.327+0000] {dag.py:3089} INFO - Sync 1 DAGs
[2024-08-13T04:57:18.381+0000] {logging_mixin.py:188} INFO - [2024-08-13T04:57:18.373+0000] {dag.py:3947} INFO - Setting next_dagrun for latest_only to 2024-08-13 00:00:00+00:00, run_after=2024-08-13 04:00:00+00:00
[2024-08-13T04:57:18.470+0000] {processor.py:183} INFO - Processing /home/airflow/.local/lib/python3.12/site-packages/airflow/example_dags/example_latest_only.py took 0.213 seconds
[2024-08-13T04:57:48.789+0000] {processor.py:161} INFO - Started process (PID=1837) to work on /home/airflow/.local/lib/python3.12/site-packages/airflow/example_dags/example_latest_only.py
[2024-08-13T04:57:48.790+0000] {processor.py:830} INFO - Processing file /home/airflow/.local/lib/python3.12/site-packages/airflow/example_dags/example_latest_only.py for tasks to queue
[2024-08-13T04:57:48.791+0000] {logging_mixin.py:188} INFO - [2024-08-13T04:57:48.791+0000] {dagbag.py:545} INFO - Filling up the DagBag from /home/airflow/.local/lib/python3.12/site-packages/airflow/example_dags/example_latest_only.py
[2024-08-13T04:57:48.795+0000] {processor.py:840} INFO - DAG(s) 'latest_only' retrieved from /home/airflow/.local/lib/python3.12/site-packages/airflow/example_dags/example_latest_only.py
[2024-08-13T04:57:48.813+0000] {logging_mixin.py:188} INFO - [2024-08-13T04:57:48.813+0000] {dag.py:3089} INFO - Sync 1 DAGs
[2024-08-13T04:57:48.835+0000] {logging_mixin.py:188} INFO - [2024-08-13T04:57:48.835+0000] {dag.py:3947} INFO - Setting next_dagrun for latest_only to 2024-08-13 00:00:00+00:00, run_after=2024-08-13 04:00:00+00:00
[2024-08-13T04:57:48.900+0000] {processor.py:183} INFO - Processing /home/airflow/.local/lib/python3.12/site-packages/airflow/example_dags/example_latest_only.py took 0.117 seconds
[2024-08-13T04:58:19.376+0000] {processor.py:161} INFO - Started process (PID=1895) to work on /home/airflow/.local/lib/python3.12/site-packages/airflow/example_dags/example_latest_only.py
[2024-08-13T04:58:19.377+0000] {processor.py:830} INFO - Processing file /home/airflow/.local/lib/python3.12/site-packages/airflow/example_dags/example_latest_only.py for tasks to queue
[2024-08-13T04:58:19.379+0000] {logging_mixin.py:188} INFO - [2024-08-13T04:58:19.378+0000] {dagbag.py:545} INFO - Filling up the DagBag from /home/airflow/.local/lib/python3.12/site-packages/airflow/example_dags/example_latest_only.py
[2024-08-13T04:58:19.383+0000] {processor.py:840} INFO - DAG(s) 'latest_only' retrieved from /home/airflow/.local/lib/python3.12/site-packages/airflow/example_dags/example_latest_only.py
[2024-08-13T04:58:19.401+0000] {logging_mixin.py:188} INFO - [2024-08-13T04:58:19.401+0000] {dag.py:3089} INFO - Sync 1 DAGs
[2024-08-13T04:58:19.425+0000] {logging_mixin.py:188} INFO - [2024-08-13T04:58:19.425+0000] {dag.py:3947} INFO - Setting next_dagrun for latest_only to 2024-08-13 00:00:00+00:00, run_after=2024-08-13 04:00:00+00:00
[2024-08-13T04:58:19.859+0000] {processor.py:183} INFO - Processing /home/airflow/.local/lib/python3.12/site-packages/airflow/example_dags/example_latest_only.py took 0.491 seconds
[2024-08-13T04:58:50.146+0000] {processor.py:161} INFO - Started process (PID=1953) to work on /home/airflow/.local/lib/python3.12/site-packages/airflow/example_dags/example_latest_only.py
[2024-08-13T04:58:50.147+0000] {processor.py:830} INFO - Processing file /home/airflow/.local/lib/python3.12/site-packages/airflow/example_dags/example_latest_only.py for tasks to queue
[2024-08-13T04:58:50.150+0000] {logging_mixin.py:188} INFO - [2024-08-13T04:58:50.149+0000] {dagbag.py:545} INFO - Filling up the DagBag from /home/airflow/.local/lib/python3.12/site-packages/airflow/example_dags/example_latest_only.py
[2024-08-13T04:58:50.156+0000] {processor.py:840} INFO - DAG(s) 'latest_only' retrieved from /home/airflow/.local/lib/python3.12/site-packages/airflow/example_dags/example_latest_only.py
[2024-08-13T04:58:50.179+0000] {logging_mixin.py:188} INFO - [2024-08-13T04:58:50.179+0000] {dag.py:3089} INFO - Sync 1 DAGs
[2024-08-13T04:58:50.213+0000] {logging_mixin.py:188} INFO - [2024-08-13T04:58:50.212+0000] {dag.py:3947} INFO - Setting next_dagrun for latest_only to 2024-08-13 00:00:00+00:00, run_after=2024-08-13 04:00:00+00:00
[2024-08-13T04:58:50.281+0000] {processor.py:183} INFO - Processing /home/airflow/.local/lib/python3.12/site-packages/airflow/example_dags/example_latest_only.py took 0.142 seconds
[2024-08-13T04:59:21.071+0000] {processor.py:161} INFO - Started process (PID=2010) to work on /home/airflow/.local/lib/python3.12/site-packages/airflow/example_dags/example_latest_only.py
[2024-08-13T04:59:21.072+0000] {processor.py:830} INFO - Processing file /home/airflow/.local/lib/python3.12/site-packages/airflow/example_dags/example_latest_only.py for tasks to queue
[2024-08-13T04:59:21.074+0000] {logging_mixin.py:188} INFO - [2024-08-13T04:59:21.073+0000] {dagbag.py:545} INFO - Filling up the DagBag from /home/airflow/.local/lib/python3.12/site-packages/airflow/example_dags/example_latest_only.py
[2024-08-13T04:59:21.079+0000] {processor.py:840} INFO - DAG(s) 'latest_only' retrieved from /home/airflow/.local/lib/python3.12/site-packages/airflow/example_dags/example_latest_only.py
[2024-08-13T04:59:21.105+0000] {logging_mixin.py:188} INFO - [2024-08-13T04:59:21.104+0000] {dag.py:3089} INFO - Sync 1 DAGs
[2024-08-13T04:59:21.126+0000] {logging_mixin.py:188} INFO - [2024-08-13T04:59:21.125+0000] {dag.py:3947} INFO - Setting next_dagrun for latest_only to 2024-08-13 00:00:00+00:00, run_after=2024-08-13 04:00:00+00:00
[2024-08-13T04:59:21.197+0000] {processor.py:183} INFO - Processing /home/airflow/.local/lib/python3.12/site-packages/airflow/example_dags/example_latest_only.py took 0.131 seconds
[2024-08-13T04:59:51.952+0000] {processor.py:161} INFO - Started process (PID=2069) to work on /home/airflow/.local/lib/python3.12/site-packages/airflow/example_dags/example_latest_only.py
[2024-08-13T04:59:51.960+0000] {processor.py:830} INFO - Processing file /home/airflow/.local/lib/python3.12/site-packages/airflow/example_dags/example_latest_only.py for tasks to queue
[2024-08-13T04:59:51.963+0000] {logging_mixin.py:188} INFO - [2024-08-13T04:59:51.962+0000] {dagbag.py:545} INFO - Filling up the DagBag from /home/airflow/.local/lib/python3.12/site-packages/airflow/example_dags/example_latest_only.py
[2024-08-13T04:59:51.982+0000] {processor.py:840} INFO - DAG(s) 'latest_only' retrieved from /home/airflow/.local/lib/python3.12/site-packages/airflow/example_dags/example_latest_only.py
[2024-08-13T04:59:52.018+0000] {logging_mixin.py:188} INFO - [2024-08-13T04:59:52.018+0000] {dag.py:3089} INFO - Sync 1 DAGs
[2024-08-13T04:59:52.057+0000] {logging_mixin.py:188} INFO - [2024-08-13T04:59:52.057+0000] {dag.py:3947} INFO - Setting next_dagrun for latest_only to 2024-08-13 00:00:00+00:00, run_after=2024-08-13 04:00:00+00:00
[2024-08-13T04:59:52.153+0000] {processor.py:183} INFO - Processing /home/airflow/.local/lib/python3.12/site-packages/airflow/example_dags/example_latest_only.py took 0.212 seconds
[2024-08-13T05:00:22.409+0000] {processor.py:161} INFO - Started process (PID=2126) to work on /home/airflow/.local/lib/python3.12/site-packages/airflow/example_dags/example_latest_only.py
[2024-08-13T05:00:22.412+0000] {processor.py:830} INFO - Processing file /home/airflow/.local/lib/python3.12/site-packages/airflow/example_dags/example_latest_only.py for tasks to queue
[2024-08-13T05:00:22.414+0000] {logging_mixin.py:188} INFO - [2024-08-13T05:00:22.414+0000] {dagbag.py:545} INFO - Filling up the DagBag from /home/airflow/.local/lib/python3.12/site-packages/airflow/example_dags/example_latest_only.py
[2024-08-13T05:00:22.420+0000] {processor.py:840} INFO - DAG(s) 'latest_only' retrieved from /home/airflow/.local/lib/python3.12/site-packages/airflow/example_dags/example_latest_only.py
[2024-08-13T05:00:22.441+0000] {logging_mixin.py:188} INFO - [2024-08-13T05:00:22.440+0000] {dag.py:3089} INFO - Sync 1 DAGs
[2024-08-13T05:00:22.484+0000] {logging_mixin.py:188} INFO - [2024-08-13T05:00:22.484+0000] {dag.py:3947} INFO - Setting next_dagrun for latest_only to 2024-08-13 00:00:00+00:00, run_after=2024-08-13 04:00:00+00:00
[2024-08-13T05:00:22.584+0000] {processor.py:183} INFO - Processing /home/airflow/.local/lib/python3.12/site-packages/airflow/example_dags/example_latest_only.py took 0.183 seconds
[2024-08-13T05:00:52.736+0000] {processor.py:161} INFO - Started process (PID=2184) to work on /home/airflow/.local/lib/python3.12/site-packages/airflow/example_dags/example_latest_only.py
[2024-08-13T05:00:52.737+0000] {processor.py:830} INFO - Processing file /home/airflow/.local/lib/python3.12/site-packages/airflow/example_dags/example_latest_only.py for tasks to queue
[2024-08-13T05:00:52.738+0000] {logging_mixin.py:188} INFO - [2024-08-13T05:00:52.738+0000] {dagbag.py:545} INFO - Filling up the DagBag from /home/airflow/.local/lib/python3.12/site-packages/airflow/example_dags/example_latest_only.py
[2024-08-13T05:00:52.743+0000] {processor.py:840} INFO - DAG(s) 'latest_only' retrieved from /home/airflow/.local/lib/python3.12/site-packages/airflow/example_dags/example_latest_only.py
[2024-08-13T05:00:52.761+0000] {logging_mixin.py:188} INFO - [2024-08-13T05:00:52.761+0000] {dag.py:3089} INFO - Sync 1 DAGs
[2024-08-13T05:00:52.796+0000] {logging_mixin.py:188} INFO - [2024-08-13T05:00:52.796+0000] {dag.py:3947} INFO - Setting next_dagrun for latest_only to 2024-08-13 00:00:00+00:00, run_after=2024-08-13 04:00:00+00:00
[2024-08-13T05:00:52.854+0000] {processor.py:183} INFO - Processing /home/airflow/.local/lib/python3.12/site-packages/airflow/example_dags/example_latest_only.py took 0.124 seconds
[2024-08-13T05:01:23.573+0000] {processor.py:161} INFO - Started process (PID=2242) to work on /home/airflow/.local/lib/python3.12/site-packages/airflow/example_dags/example_latest_only.py
[2024-08-13T05:01:23.574+0000] {processor.py:830} INFO - Processing file /home/airflow/.local/lib/python3.12/site-packages/airflow/example_dags/example_latest_only.py for tasks to queue
[2024-08-13T05:01:23.576+0000] {logging_mixin.py:188} INFO - [2024-08-13T05:01:23.576+0000] {dagbag.py:545} INFO - Filling up the DagBag from /home/airflow/.local/lib/python3.12/site-packages/airflow/example_dags/example_latest_only.py
[2024-08-13T05:01:23.581+0000] {processor.py:840} INFO - DAG(s) 'latest_only' retrieved from /home/airflow/.local/lib/python3.12/site-packages/airflow/example_dags/example_latest_only.py
[2024-08-13T05:01:23.601+0000] {logging_mixin.py:188} INFO - [2024-08-13T05:01:23.601+0000] {dag.py:3089} INFO - Sync 1 DAGs
[2024-08-13T05:01:23.622+0000] {logging_mixin.py:188} INFO - [2024-08-13T05:01:23.622+0000] {dag.py:3947} INFO - Setting next_dagrun for latest_only to 2024-08-13 00:00:00+00:00, run_after=2024-08-13 04:00:00+00:00
[2024-08-13T05:01:23.727+0000] {processor.py:183} INFO - Processing /home/airflow/.local/lib/python3.12/site-packages/airflow/example_dags/example_latest_only.py took 0.165 seconds
[2024-08-13T05:01:53.753+0000] {processor.py:161} INFO - Started process (PID=2301) to work on /home/airflow/.local/lib/python3.12/site-packages/airflow/example_dags/example_latest_only.py
[2024-08-13T05:01:53.754+0000] {processor.py:830} INFO - Processing file /home/airflow/.local/lib/python3.12/site-packages/airflow/example_dags/example_latest_only.py for tasks to queue
[2024-08-13T05:01:53.755+0000] {logging_mixin.py:188} INFO - [2024-08-13T05:01:53.755+0000] {dagbag.py:545} INFO - Filling up the DagBag from /home/airflow/.local/lib/python3.12/site-packages/airflow/example_dags/example_latest_only.py
[2024-08-13T05:01:53.760+0000] {processor.py:840} INFO - DAG(s) 'latest_only' retrieved from /home/airflow/.local/lib/python3.12/site-packages/airflow/example_dags/example_latest_only.py
[2024-08-13T05:01:53.797+0000] {logging_mixin.py:188} INFO - [2024-08-13T05:01:53.796+0000] {dag.py:3089} INFO - Sync 1 DAGs
[2024-08-13T05:01:53.824+0000] {logging_mixin.py:188} INFO - [2024-08-13T05:01:53.823+0000] {dag.py:3947} INFO - Setting next_dagrun for latest_only to 2024-08-13 00:00:00+00:00, run_after=2024-08-13 04:00:00+00:00
[2024-08-13T05:01:53.913+0000] {processor.py:183} INFO - Processing /home/airflow/.local/lib/python3.12/site-packages/airflow/example_dags/example_latest_only.py took 0.165 seconds
[2024-08-13T05:02:24.759+0000] {processor.py:161} INFO - Started process (PID=2360) to work on /home/airflow/.local/lib/python3.12/site-packages/airflow/example_dags/example_latest_only.py
[2024-08-13T05:02:24.760+0000] {processor.py:830} INFO - Processing file /home/airflow/.local/lib/python3.12/site-packages/airflow/example_dags/example_latest_only.py for tasks to queue
[2024-08-13T05:02:24.767+0000] {logging_mixin.py:188} INFO - [2024-08-13T05:02:24.766+0000] {dagbag.py:545} INFO - Filling up the DagBag from /home/airflow/.local/lib/python3.12/site-packages/airflow/example_dags/example_latest_only.py
[2024-08-13T05:02:24.781+0000] {processor.py:840} INFO - DAG(s) 'latest_only' retrieved from /home/airflow/.local/lib/python3.12/site-packages/airflow/example_dags/example_latest_only.py
[2024-08-13T05:02:24.802+0000] {logging_mixin.py:188} INFO - [2024-08-13T05:02:24.802+0000] {dag.py:3089} INFO - Sync 1 DAGs
[2024-08-13T05:02:24.825+0000] {logging_mixin.py:188} INFO - [2024-08-13T05:02:24.825+0000] {dag.py:3947} INFO - Setting next_dagrun for latest_only to 2024-08-13 00:00:00+00:00, run_after=2024-08-13 04:00:00+00:00
[2024-08-13T05:02:24.941+0000] {processor.py:183} INFO - Processing /home/airflow/.local/lib/python3.12/site-packages/airflow/example_dags/example_latest_only.py took 0.195 seconds
[2024-08-13T05:02:55.468+0000] {processor.py:161} INFO - Started process (PID=2419) to work on /home/airflow/.local/lib/python3.12/site-packages/airflow/example_dags/example_latest_only.py
[2024-08-13T05:02:55.470+0000] {processor.py:830} INFO - Processing file /home/airflow/.local/lib/python3.12/site-packages/airflow/example_dags/example_latest_only.py for tasks to queue
[2024-08-13T05:02:55.472+0000] {logging_mixin.py:188} INFO - [2024-08-13T05:02:55.472+0000] {dagbag.py:545} INFO - Filling up the DagBag from /home/airflow/.local/lib/python3.12/site-packages/airflow/example_dags/example_latest_only.py
[2024-08-13T05:02:55.491+0000] {processor.py:840} INFO - DAG(s) 'latest_only' retrieved from /home/airflow/.local/lib/python3.12/site-packages/airflow/example_dags/example_latest_only.py
[2024-08-13T05:02:55.558+0000] {logging_mixin.py:188} INFO - [2024-08-13T05:02:55.557+0000] {dag.py:3089} INFO - Sync 1 DAGs
[2024-08-13T05:02:55.685+0000] {logging_mixin.py:188} INFO - [2024-08-13T05:02:55.685+0000] {dag.py:3947} INFO - Setting next_dagrun for latest_only to 2024-08-13 00:00:00+00:00, run_after=2024-08-13 04:00:00+00:00
[2024-08-13T05:02:55.912+0000] {processor.py:183} INFO - Processing /home/airflow/.local/lib/python3.12/site-packages/airflow/example_dags/example_latest_only.py took 0.449 seconds
