[2024-08-13T04:42:18.879+0000] {processor.py:161} INFO - Started process (PID=105) to work on /home/airflow/.local/lib/python3.12/site-packages/airflow/example_dags/tutorial.py
[2024-08-13T04:42:18.885+0000] {processor.py:830} INFO - Processing file /home/airflow/.local/lib/python3.12/site-packages/airflow/example_dags/tutorial.py for tasks to queue
[2024-08-13T04:42:18.889+0000] {logging_mixin.py:188} INFO - [2024-08-13T04:42:18.888+0000] {dagbag.py:545} INFO - Filling up the DagBag from /home/airflow/.local/lib/python3.12/site-packages/airflow/example_dags/tutorial.py
[2024-08-13T04:42:18.986+0000] {processor.py:840} INFO - DAG(s) 'tutorial' retrieved from /home/airflow/.local/lib/python3.12/site-packages/airflow/example_dags/tutorial.py
[2024-08-13T04:42:19.805+0000] {logging_mixin.py:188} INFO - [2024-08-13T04:42:19.805+0000] {dag.py:3089} INFO - Sync 1 DAGs
[2024-08-13T04:42:19.936+0000] {logging_mixin.py:188} INFO - [2024-08-13T04:42:19.936+0000] {dag.py:3947} INFO - Setting next_dagrun for tutorial to 2024-08-12 00:00:00+00:00, run_after=2024-08-13 00:00:00+00:00
[2024-08-13T04:42:20.101+0000] {processor.py:183} INFO - Processing /home/airflow/.local/lib/python3.12/site-packages/airflow/example_dags/tutorial.py took 1.241 seconds
[2024-08-13T04:42:54.598+0000] {processor.py:161} INFO - Started process (PID=169) to work on /home/airflow/.local/lib/python3.12/site-packages/airflow/example_dags/tutorial.py
[2024-08-13T04:42:54.600+0000] {processor.py:830} INFO - Processing file /home/airflow/.local/lib/python3.12/site-packages/airflow/example_dags/tutorial.py for tasks to queue
[2024-08-13T04:42:54.602+0000] {logging_mixin.py:188} INFO - [2024-08-13T04:42:54.602+0000] {dagbag.py:545} INFO - Filling up the DagBag from /home/airflow/.local/lib/python3.12/site-packages/airflow/example_dags/tutorial.py
[2024-08-13T04:42:54.614+0000] {processor.py:840} INFO - DAG(s) 'tutorial' retrieved from /home/airflow/.local/lib/python3.12/site-packages/airflow/example_dags/tutorial.py
[2024-08-13T04:42:54.702+0000] {logging_mixin.py:188} INFO - [2024-08-13T04:42:54.701+0000] {dag.py:3089} INFO - Sync 1 DAGs
[2024-08-13T04:42:54.775+0000] {logging_mixin.py:188} INFO - [2024-08-13T04:42:54.774+0000] {dag.py:3947} INFO - Setting next_dagrun for tutorial to 2024-08-12 00:00:00+00:00, run_after=2024-08-13 00:00:00+00:00
[2024-08-13T04:42:54.904+0000] {processor.py:183} INFO - Processing /home/airflow/.local/lib/python3.12/site-packages/airflow/example_dags/tutorial.py took 0.318 seconds
[2024-08-13T04:43:26.565+0000] {processor.py:161} INFO - Started process (PID=226) to work on /home/airflow/.local/lib/python3.12/site-packages/airflow/example_dags/tutorial.py
[2024-08-13T04:43:26.570+0000] {processor.py:830} INFO - Processing file /home/airflow/.local/lib/python3.12/site-packages/airflow/example_dags/tutorial.py for tasks to queue
[2024-08-13T04:43:26.574+0000] {logging_mixin.py:188} INFO - [2024-08-13T04:43:26.573+0000] {dagbag.py:545} INFO - Filling up the DagBag from /home/airflow/.local/lib/python3.12/site-packages/airflow/example_dags/tutorial.py
[2024-08-13T04:43:26.601+0000] {processor.py:840} INFO - DAG(s) 'tutorial' retrieved from /home/airflow/.local/lib/python3.12/site-packages/airflow/example_dags/tutorial.py
[2024-08-13T04:43:26.647+0000] {logging_mixin.py:188} INFO - [2024-08-13T04:43:26.647+0000] {dag.py:3089} INFO - Sync 1 DAGs
[2024-08-13T04:43:26.746+0000] {logging_mixin.py:188} INFO - [2024-08-13T04:43:26.745+0000] {dag.py:3947} INFO - Setting next_dagrun for tutorial to 2024-08-12 00:00:00+00:00, run_after=2024-08-13 00:00:00+00:00
[2024-08-13T04:43:28.136+0000] {processor.py:183} INFO - Processing /home/airflow/.local/lib/python3.12/site-packages/airflow/example_dags/tutorial.py took 1.604 seconds
[2024-08-13T04:43:58.987+0000] {processor.py:161} INFO - Started process (PID=284) to work on /home/airflow/.local/lib/python3.12/site-packages/airflow/example_dags/tutorial.py
[2024-08-13T04:43:58.989+0000] {processor.py:830} INFO - Processing file /home/airflow/.local/lib/python3.12/site-packages/airflow/example_dags/tutorial.py for tasks to queue
[2024-08-13T04:43:58.991+0000] {logging_mixin.py:188} INFO - [2024-08-13T04:43:58.991+0000] {dagbag.py:545} INFO - Filling up the DagBag from /home/airflow/.local/lib/python3.12/site-packages/airflow/example_dags/tutorial.py
[2024-08-13T04:43:59.003+0000] {processor.py:840} INFO - DAG(s) 'tutorial' retrieved from /home/airflow/.local/lib/python3.12/site-packages/airflow/example_dags/tutorial.py
[2024-08-13T04:43:59.058+0000] {logging_mixin.py:188} INFO - [2024-08-13T04:43:59.058+0000] {dag.py:3089} INFO - Sync 1 DAGs
[2024-08-13T04:43:59.107+0000] {logging_mixin.py:188} INFO - [2024-08-13T04:43:59.107+0000] {dag.py:3947} INFO - Setting next_dagrun for tutorial to 2024-08-12 00:00:00+00:00, run_after=2024-08-13 00:00:00+00:00
[2024-08-13T04:43:59.167+0000] {processor.py:183} INFO - Processing /home/airflow/.local/lib/python3.12/site-packages/airflow/example_dags/tutorial.py took 0.193 seconds
[2024-08-13T04:44:29.583+0000] {processor.py:161} INFO - Started process (PID=342) to work on /home/airflow/.local/lib/python3.12/site-packages/airflow/example_dags/tutorial.py
[2024-08-13T04:44:29.585+0000] {processor.py:830} INFO - Processing file /home/airflow/.local/lib/python3.12/site-packages/airflow/example_dags/tutorial.py for tasks to queue
[2024-08-13T04:44:29.588+0000] {logging_mixin.py:188} INFO - [2024-08-13T04:44:29.587+0000] {dagbag.py:545} INFO - Filling up the DagBag from /home/airflow/.local/lib/python3.12/site-packages/airflow/example_dags/tutorial.py
[2024-08-13T04:44:29.599+0000] {processor.py:840} INFO - DAG(s) 'tutorial' retrieved from /home/airflow/.local/lib/python3.12/site-packages/airflow/example_dags/tutorial.py
[2024-08-13T04:44:29.634+0000] {logging_mixin.py:188} INFO - [2024-08-13T04:44:29.634+0000] {dag.py:3089} INFO - Sync 1 DAGs
[2024-08-13T04:44:29.704+0000] {logging_mixin.py:188} INFO - [2024-08-13T04:44:29.704+0000] {dag.py:3947} INFO - Setting next_dagrun for tutorial to 2024-08-12 00:00:00+00:00, run_after=2024-08-13 00:00:00+00:00
[2024-08-13T04:44:29.874+0000] {processor.py:183} INFO - Processing /home/airflow/.local/lib/python3.12/site-packages/airflow/example_dags/tutorial.py took 0.312 seconds
[2024-08-13T04:45:00.107+0000] {processor.py:161} INFO - Started process (PID=400) to work on /home/airflow/.local/lib/python3.12/site-packages/airflow/example_dags/tutorial.py
[2024-08-13T04:45:00.108+0000] {processor.py:830} INFO - Processing file /home/airflow/.local/lib/python3.12/site-packages/airflow/example_dags/tutorial.py for tasks to queue
[2024-08-13T04:45:00.122+0000] {logging_mixin.py:188} INFO - [2024-08-13T04:45:00.121+0000] {dagbag.py:545} INFO - Filling up the DagBag from /home/airflow/.local/lib/python3.12/site-packages/airflow/example_dags/tutorial.py
[2024-08-13T04:45:00.140+0000] {processor.py:840} INFO - DAG(s) 'tutorial' retrieved from /home/airflow/.local/lib/python3.12/site-packages/airflow/example_dags/tutorial.py
[2024-08-13T04:45:00.206+0000] {logging_mixin.py:188} INFO - [2024-08-13T04:45:00.206+0000] {dag.py:3089} INFO - Sync 1 DAGs
[2024-08-13T04:45:00.303+0000] {logging_mixin.py:188} INFO - [2024-08-13T04:45:00.303+0000] {dag.py:3947} INFO - Setting next_dagrun for tutorial to 2024-08-12 00:00:00+00:00, run_after=2024-08-13 00:00:00+00:00
[2024-08-13T04:45:00.425+0000] {processor.py:183} INFO - Processing /home/airflow/.local/lib/python3.12/site-packages/airflow/example_dags/tutorial.py took 0.336 seconds
[2024-08-13T04:45:30.528+0000] {processor.py:161} INFO - Started process (PID=457) to work on /home/airflow/.local/lib/python3.12/site-packages/airflow/example_dags/tutorial.py
[2024-08-13T04:45:30.537+0000] {processor.py:830} INFO - Processing file /home/airflow/.local/lib/python3.12/site-packages/airflow/example_dags/tutorial.py for tasks to queue
[2024-08-13T04:45:30.540+0000] {logging_mixin.py:188} INFO - [2024-08-13T04:45:30.539+0000] {dagbag.py:545} INFO - Filling up the DagBag from /home/airflow/.local/lib/python3.12/site-packages/airflow/example_dags/tutorial.py
[2024-08-13T04:45:30.548+0000] {processor.py:840} INFO - DAG(s) 'tutorial' retrieved from /home/airflow/.local/lib/python3.12/site-packages/airflow/example_dags/tutorial.py
[2024-08-13T04:45:30.611+0000] {logging_mixin.py:188} INFO - [2024-08-13T04:45:30.611+0000] {dag.py:3089} INFO - Sync 1 DAGs
[2024-08-13T04:45:30.640+0000] {logging_mixin.py:188} INFO - [2024-08-13T04:45:30.640+0000] {dag.py:3947} INFO - Setting next_dagrun for tutorial to 2024-08-12 00:00:00+00:00, run_after=2024-08-13 00:00:00+00:00
[2024-08-13T04:45:30.838+0000] {processor.py:183} INFO - Processing /home/airflow/.local/lib/python3.12/site-packages/airflow/example_dags/tutorial.py took 0.322 seconds
[2024-08-13T04:46:01.800+0000] {processor.py:161} INFO - Started process (PID=515) to work on /home/airflow/.local/lib/python3.12/site-packages/airflow/example_dags/tutorial.py
[2024-08-13T04:46:01.802+0000] {processor.py:830} INFO - Processing file /home/airflow/.local/lib/python3.12/site-packages/airflow/example_dags/tutorial.py for tasks to queue
[2024-08-13T04:46:01.807+0000] {logging_mixin.py:188} INFO - [2024-08-13T04:46:01.806+0000] {dagbag.py:545} INFO - Filling up the DagBag from /home/airflow/.local/lib/python3.12/site-packages/airflow/example_dags/tutorial.py
[2024-08-13T04:46:01.819+0000] {processor.py:840} INFO - DAG(s) 'tutorial' retrieved from /home/airflow/.local/lib/python3.12/site-packages/airflow/example_dags/tutorial.py
[2024-08-13T04:46:01.870+0000] {logging_mixin.py:188} INFO - [2024-08-13T04:46:01.869+0000] {dag.py:3089} INFO - Sync 1 DAGs
[2024-08-13T04:46:01.948+0000] {logging_mixin.py:188} INFO - [2024-08-13T04:46:01.948+0000] {dag.py:3947} INFO - Setting next_dagrun for tutorial to 2024-08-12 00:00:00+00:00, run_after=2024-08-13 00:00:00+00:00
[2024-08-13T04:46:02.043+0000] {processor.py:183} INFO - Processing /home/airflow/.local/lib/python3.12/site-packages/airflow/example_dags/tutorial.py took 0.253 seconds
[2024-08-13T04:46:32.664+0000] {processor.py:161} INFO - Started process (PID=573) to work on /home/airflow/.local/lib/python3.12/site-packages/airflow/example_dags/tutorial.py
[2024-08-13T04:46:32.714+0000] {processor.py:830} INFO - Processing file /home/airflow/.local/lib/python3.12/site-packages/airflow/example_dags/tutorial.py for tasks to queue
[2024-08-13T04:46:32.718+0000] {logging_mixin.py:188} INFO - [2024-08-13T04:46:32.717+0000] {dagbag.py:545} INFO - Filling up the DagBag from /home/airflow/.local/lib/python3.12/site-packages/airflow/example_dags/tutorial.py
[2024-08-13T04:46:32.752+0000] {processor.py:840} INFO - DAG(s) 'tutorial' retrieved from /home/airflow/.local/lib/python3.12/site-packages/airflow/example_dags/tutorial.py
[2024-08-13T04:46:32.954+0000] {logging_mixin.py:188} INFO - [2024-08-13T04:46:32.953+0000] {dag.py:3089} INFO - Sync 1 DAGs
[2024-08-13T04:46:33.092+0000] {logging_mixin.py:188} INFO - [2024-08-13T04:46:33.092+0000] {dag.py:3947} INFO - Setting next_dagrun for tutorial to 2024-08-12 00:00:00+00:00, run_after=2024-08-13 00:00:00+00:00
[2024-08-13T04:46:33.262+0000] {processor.py:183} INFO - Processing /home/airflow/.local/lib/python3.12/site-packages/airflow/example_dags/tutorial.py took 0.625 seconds
[2024-08-13T04:47:04.193+0000] {processor.py:161} INFO - Started process (PID=631) to work on /home/airflow/.local/lib/python3.12/site-packages/airflow/example_dags/tutorial.py
[2024-08-13T04:47:04.195+0000] {processor.py:830} INFO - Processing file /home/airflow/.local/lib/python3.12/site-packages/airflow/example_dags/tutorial.py for tasks to queue
[2024-08-13T04:47:04.197+0000] {logging_mixin.py:188} INFO - [2024-08-13T04:47:04.197+0000] {dagbag.py:545} INFO - Filling up the DagBag from /home/airflow/.local/lib/python3.12/site-packages/airflow/example_dags/tutorial.py
[2024-08-13T04:47:04.205+0000] {processor.py:840} INFO - DAG(s) 'tutorial' retrieved from /home/airflow/.local/lib/python3.12/site-packages/airflow/example_dags/tutorial.py
[2024-08-13T04:47:04.229+0000] {logging_mixin.py:188} INFO - [2024-08-13T04:47:04.229+0000] {dag.py:3089} INFO - Sync 1 DAGs
[2024-08-13T04:47:04.259+0000] {logging_mixin.py:188} INFO - [2024-08-13T04:47:04.259+0000] {dag.py:3947} INFO - Setting next_dagrun for tutorial to 2024-08-12 00:00:00+00:00, run_after=2024-08-13 00:00:00+00:00
[2024-08-13T04:47:05.072+0000] {processor.py:183} INFO - Processing /home/airflow/.local/lib/python3.12/site-packages/airflow/example_dags/tutorial.py took 0.906 seconds
[2024-08-13T04:47:35.833+0000] {processor.py:161} INFO - Started process (PID=689) to work on /home/airflow/.local/lib/python3.12/site-packages/airflow/example_dags/tutorial.py
[2024-08-13T04:47:35.834+0000] {processor.py:830} INFO - Processing file /home/airflow/.local/lib/python3.12/site-packages/airflow/example_dags/tutorial.py for tasks to queue
[2024-08-13T04:47:35.836+0000] {logging_mixin.py:188} INFO - [2024-08-13T04:47:35.836+0000] {dagbag.py:545} INFO - Filling up the DagBag from /home/airflow/.local/lib/python3.12/site-packages/airflow/example_dags/tutorial.py
[2024-08-13T04:47:35.844+0000] {processor.py:840} INFO - DAG(s) 'tutorial' retrieved from /home/airflow/.local/lib/python3.12/site-packages/airflow/example_dags/tutorial.py
[2024-08-13T04:47:35.870+0000] {logging_mixin.py:188} INFO - [2024-08-13T04:47:35.869+0000] {dag.py:3089} INFO - Sync 1 DAGs
[2024-08-13T04:47:35.905+0000] {logging_mixin.py:188} INFO - [2024-08-13T04:47:35.904+0000] {dag.py:3947} INFO - Setting next_dagrun for tutorial to 2024-08-12 00:00:00+00:00, run_after=2024-08-13 00:00:00+00:00
[2024-08-13T04:47:36.039+0000] {processor.py:183} INFO - Processing /home/airflow/.local/lib/python3.12/site-packages/airflow/example_dags/tutorial.py took 0.214 seconds
[2024-08-13T04:48:06.427+0000] {processor.py:161} INFO - Started process (PID=748) to work on /home/airflow/.local/lib/python3.12/site-packages/airflow/example_dags/tutorial.py
[2024-08-13T04:48:06.428+0000] {processor.py:830} INFO - Processing file /home/airflow/.local/lib/python3.12/site-packages/airflow/example_dags/tutorial.py for tasks to queue
[2024-08-13T04:48:06.433+0000] {logging_mixin.py:188} INFO - [2024-08-13T04:48:06.430+0000] {dagbag.py:545} INFO - Filling up the DagBag from /home/airflow/.local/lib/python3.12/site-packages/airflow/example_dags/tutorial.py
[2024-08-13T04:48:06.447+0000] {processor.py:840} INFO - DAG(s) 'tutorial' retrieved from /home/airflow/.local/lib/python3.12/site-packages/airflow/example_dags/tutorial.py
[2024-08-13T04:48:06.516+0000] {logging_mixin.py:188} INFO - [2024-08-13T04:48:06.515+0000] {dag.py:3089} INFO - Sync 1 DAGs
[2024-08-13T04:48:06.593+0000] {logging_mixin.py:188} INFO - [2024-08-13T04:48:06.587+0000] {dag.py:3947} INFO - Setting next_dagrun for tutorial to 2024-08-12 00:00:00+00:00, run_after=2024-08-13 00:00:00+00:00
[2024-08-13T04:48:06.694+0000] {processor.py:183} INFO - Processing /home/airflow/.local/lib/python3.12/site-packages/airflow/example_dags/tutorial.py took 0.274 seconds
[2024-08-13T04:48:36.852+0000] {processor.py:161} INFO - Started process (PID=805) to work on /home/airflow/.local/lib/python3.12/site-packages/airflow/example_dags/tutorial.py
[2024-08-13T04:48:36.855+0000] {processor.py:830} INFO - Processing file /home/airflow/.local/lib/python3.12/site-packages/airflow/example_dags/tutorial.py for tasks to queue
[2024-08-13T04:48:36.859+0000] {logging_mixin.py:188} INFO - [2024-08-13T04:48:36.858+0000] {dagbag.py:545} INFO - Filling up the DagBag from /home/airflow/.local/lib/python3.12/site-packages/airflow/example_dags/tutorial.py
[2024-08-13T04:48:36.877+0000] {processor.py:840} INFO - DAG(s) 'tutorial' retrieved from /home/airflow/.local/lib/python3.12/site-packages/airflow/example_dags/tutorial.py
[2024-08-13T04:48:36.919+0000] {logging_mixin.py:188} INFO - [2024-08-13T04:48:36.919+0000] {dag.py:3089} INFO - Sync 1 DAGs
[2024-08-13T04:48:36.950+0000] {logging_mixin.py:188} INFO - [2024-08-13T04:48:36.950+0000] {dag.py:3947} INFO - Setting next_dagrun for tutorial to 2024-08-12 00:00:00+00:00, run_after=2024-08-13 00:00:00+00:00
[2024-08-13T04:48:37.007+0000] {processor.py:183} INFO - Processing /home/airflow/.local/lib/python3.12/site-packages/airflow/example_dags/tutorial.py took 0.165 seconds
[2024-08-13T04:49:07.254+0000] {processor.py:161} INFO - Started process (PID=863) to work on /home/airflow/.local/lib/python3.12/site-packages/airflow/example_dags/tutorial.py
[2024-08-13T04:49:07.255+0000] {processor.py:830} INFO - Processing file /home/airflow/.local/lib/python3.12/site-packages/airflow/example_dags/tutorial.py for tasks to queue
[2024-08-13T04:49:07.258+0000] {logging_mixin.py:188} INFO - [2024-08-13T04:49:07.257+0000] {dagbag.py:545} INFO - Filling up the DagBag from /home/airflow/.local/lib/python3.12/site-packages/airflow/example_dags/tutorial.py
[2024-08-13T04:49:07.265+0000] {processor.py:840} INFO - DAG(s) 'tutorial' retrieved from /home/airflow/.local/lib/python3.12/site-packages/airflow/example_dags/tutorial.py
[2024-08-13T04:49:07.290+0000] {logging_mixin.py:188} INFO - [2024-08-13T04:49:07.290+0000] {dag.py:3089} INFO - Sync 1 DAGs
[2024-08-13T04:49:07.320+0000] {logging_mixin.py:188} INFO - [2024-08-13T04:49:07.320+0000] {dag.py:3947} INFO - Setting next_dagrun for tutorial to 2024-08-12 00:00:00+00:00, run_after=2024-08-13 00:00:00+00:00
[2024-08-13T04:49:07.430+0000] {processor.py:183} INFO - Processing /home/airflow/.local/lib/python3.12/site-packages/airflow/example_dags/tutorial.py took 0.183 seconds
[2024-08-13T04:49:37.668+0000] {processor.py:161} INFO - Started process (PID=921) to work on /home/airflow/.local/lib/python3.12/site-packages/airflow/example_dags/tutorial.py
[2024-08-13T04:49:37.669+0000] {processor.py:830} INFO - Processing file /home/airflow/.local/lib/python3.12/site-packages/airflow/example_dags/tutorial.py for tasks to queue
[2024-08-13T04:49:37.671+0000] {logging_mixin.py:188} INFO - [2024-08-13T04:49:37.671+0000] {dagbag.py:545} INFO - Filling up the DagBag from /home/airflow/.local/lib/python3.12/site-packages/airflow/example_dags/tutorial.py
[2024-08-13T04:49:37.680+0000] {processor.py:840} INFO - DAG(s) 'tutorial' retrieved from /home/airflow/.local/lib/python3.12/site-packages/airflow/example_dags/tutorial.py
[2024-08-13T04:49:37.708+0000] {logging_mixin.py:188} INFO - [2024-08-13T04:49:37.707+0000] {dag.py:3089} INFO - Sync 1 DAGs
[2024-08-13T04:49:37.739+0000] {logging_mixin.py:188} INFO - [2024-08-13T04:49:37.738+0000] {dag.py:3947} INFO - Setting next_dagrun for tutorial to 2024-08-12 00:00:00+00:00, run_after=2024-08-13 00:00:00+00:00
[2024-08-13T04:49:37.844+0000] {processor.py:183} INFO - Processing /home/airflow/.local/lib/python3.12/site-packages/airflow/example_dags/tutorial.py took 0.189 seconds
[2024-08-13T04:50:09.944+0000] {processor.py:161} INFO - Started process (PID=979) to work on /home/airflow/.local/lib/python3.12/site-packages/airflow/example_dags/tutorial.py
[2024-08-13T04:50:09.955+0000] {processor.py:830} INFO - Processing file /home/airflow/.local/lib/python3.12/site-packages/airflow/example_dags/tutorial.py for tasks to queue
[2024-08-13T04:50:10.086+0000] {logging_mixin.py:188} INFO - [2024-08-13T04:50:10.086+0000] {dagbag.py:545} INFO - Filling up the DagBag from /home/airflow/.local/lib/python3.12/site-packages/airflow/example_dags/tutorial.py
[2024-08-13T04:50:10.105+0000] {processor.py:840} INFO - DAG(s) 'tutorial' retrieved from /home/airflow/.local/lib/python3.12/site-packages/airflow/example_dags/tutorial.py
[2024-08-13T04:50:10.205+0000] {logging_mixin.py:188} INFO - [2024-08-13T04:50:10.205+0000] {dag.py:3089} INFO - Sync 1 DAGs
[2024-08-13T04:50:10.471+0000] {logging_mixin.py:188} INFO - [2024-08-13T04:50:10.471+0000] {dag.py:3947} INFO - Setting next_dagrun for tutorial to 2024-08-12 00:00:00+00:00, run_after=2024-08-13 00:00:00+00:00
[2024-08-13T04:50:10.629+0000] {processor.py:183} INFO - Processing /home/airflow/.local/lib/python3.12/site-packages/airflow/example_dags/tutorial.py took 0.699 seconds
[2024-08-13T04:50:41.517+0000] {processor.py:161} INFO - Started process (PID=1036) to work on /home/airflow/.local/lib/python3.12/site-packages/airflow/example_dags/tutorial.py
[2024-08-13T04:50:41.526+0000] {processor.py:830} INFO - Processing file /home/airflow/.local/lib/python3.12/site-packages/airflow/example_dags/tutorial.py for tasks to queue
[2024-08-13T04:50:41.528+0000] {logging_mixin.py:188} INFO - [2024-08-13T04:50:41.528+0000] {dagbag.py:545} INFO - Filling up the DagBag from /home/airflow/.local/lib/python3.12/site-packages/airflow/example_dags/tutorial.py
[2024-08-13T04:50:41.569+0000] {processor.py:840} INFO - DAG(s) 'tutorial' retrieved from /home/airflow/.local/lib/python3.12/site-packages/airflow/example_dags/tutorial.py
[2024-08-13T04:50:41.673+0000] {logging_mixin.py:188} INFO - [2024-08-13T04:50:41.673+0000] {dag.py:3089} INFO - Sync 1 DAGs
[2024-08-13T04:50:41.843+0000] {logging_mixin.py:188} INFO - [2024-08-13T04:50:41.843+0000] {dag.py:3947} INFO - Setting next_dagrun for tutorial to 2024-08-12 00:00:00+00:00, run_after=2024-08-13 00:00:00+00:00
[2024-08-13T04:50:42.043+0000] {processor.py:183} INFO - Processing /home/airflow/.local/lib/python3.12/site-packages/airflow/example_dags/tutorial.py took 0.546 seconds
[2024-08-13T04:51:12.884+0000] {processor.py:161} INFO - Started process (PID=1093) to work on /home/airflow/.local/lib/python3.12/site-packages/airflow/example_dags/tutorial.py
[2024-08-13T04:51:12.885+0000] {processor.py:830} INFO - Processing file /home/airflow/.local/lib/python3.12/site-packages/airflow/example_dags/tutorial.py for tasks to queue
[2024-08-13T04:51:12.895+0000] {logging_mixin.py:188} INFO - [2024-08-13T04:51:12.888+0000] {dagbag.py:545} INFO - Filling up the DagBag from /home/airflow/.local/lib/python3.12/site-packages/airflow/example_dags/tutorial.py
[2024-08-13T04:51:12.903+0000] {processor.py:840} INFO - DAG(s) 'tutorial' retrieved from /home/airflow/.local/lib/python3.12/site-packages/airflow/example_dags/tutorial.py
[2024-08-13T04:51:12.934+0000] {logging_mixin.py:188} INFO - [2024-08-13T04:51:12.934+0000] {dag.py:3089} INFO - Sync 1 DAGs
[2024-08-13T04:51:12.970+0000] {logging_mixin.py:188} INFO - [2024-08-13T04:51:12.970+0000] {dag.py:3947} INFO - Setting next_dagrun for tutorial to 2024-08-12 00:00:00+00:00, run_after=2024-08-13 00:00:00+00:00
[2024-08-13T04:51:13.045+0000] {processor.py:183} INFO - Processing /home/airflow/.local/lib/python3.12/site-packages/airflow/example_dags/tutorial.py took 0.170 seconds
[2024-08-13T04:51:43.680+0000] {processor.py:161} INFO - Started process (PID=1151) to work on /home/airflow/.local/lib/python3.12/site-packages/airflow/example_dags/tutorial.py
[2024-08-13T04:51:43.682+0000] {processor.py:830} INFO - Processing file /home/airflow/.local/lib/python3.12/site-packages/airflow/example_dags/tutorial.py for tasks to queue
[2024-08-13T04:51:43.696+0000] {logging_mixin.py:188} INFO - [2024-08-13T04:51:43.696+0000] {dagbag.py:545} INFO - Filling up the DagBag from /home/airflow/.local/lib/python3.12/site-packages/airflow/example_dags/tutorial.py
[2024-08-13T04:51:43.730+0000] {processor.py:840} INFO - DAG(s) 'tutorial' retrieved from /home/airflow/.local/lib/python3.12/site-packages/airflow/example_dags/tutorial.py
[2024-08-13T04:51:43.858+0000] {logging_mixin.py:188} INFO - [2024-08-13T04:51:43.846+0000] {dag.py:3089} INFO - Sync 1 DAGs
[2024-08-13T04:51:44.054+0000] {logging_mixin.py:188} INFO - [2024-08-13T04:51:44.053+0000] {dag.py:3947} INFO - Setting next_dagrun for tutorial to 2024-08-12 00:00:00+00:00, run_after=2024-08-13 00:00:00+00:00
[2024-08-13T04:51:45.082+0000] {processor.py:183} INFO - Processing /home/airflow/.local/lib/python3.12/site-packages/airflow/example_dags/tutorial.py took 1.430 seconds
[2024-08-13T04:52:15.461+0000] {processor.py:161} INFO - Started process (PID=1210) to work on /home/airflow/.local/lib/python3.12/site-packages/airflow/example_dags/tutorial.py
[2024-08-13T04:52:15.469+0000] {processor.py:830} INFO - Processing file /home/airflow/.local/lib/python3.12/site-packages/airflow/example_dags/tutorial.py for tasks to queue
[2024-08-13T04:52:15.475+0000] {logging_mixin.py:188} INFO - [2024-08-13T04:52:15.474+0000] {dagbag.py:545} INFO - Filling up the DagBag from /home/airflow/.local/lib/python3.12/site-packages/airflow/example_dags/tutorial.py
[2024-08-13T04:52:15.509+0000] {processor.py:840} INFO - DAG(s) 'tutorial' retrieved from /home/airflow/.local/lib/python3.12/site-packages/airflow/example_dags/tutorial.py
[2024-08-13T04:52:15.551+0000] {logging_mixin.py:188} INFO - [2024-08-13T04:52:15.551+0000] {dag.py:3089} INFO - Sync 1 DAGs
[2024-08-13T04:52:15.585+0000] {logging_mixin.py:188} INFO - [2024-08-13T04:52:15.585+0000] {dag.py:3947} INFO - Setting next_dagrun for tutorial to 2024-08-12 00:00:00+00:00, run_after=2024-08-13 00:00:00+00:00
[2024-08-13T04:52:15.693+0000] {processor.py:183} INFO - Processing /home/airflow/.local/lib/python3.12/site-packages/airflow/example_dags/tutorial.py took 0.252 seconds
[2024-08-13T04:52:45.904+0000] {processor.py:161} INFO - Started process (PID=1268) to work on /home/airflow/.local/lib/python3.12/site-packages/airflow/example_dags/tutorial.py
[2024-08-13T04:52:45.913+0000] {processor.py:830} INFO - Processing file /home/airflow/.local/lib/python3.12/site-packages/airflow/example_dags/tutorial.py for tasks to queue
[2024-08-13T04:52:45.916+0000] {logging_mixin.py:188} INFO - [2024-08-13T04:52:45.916+0000] {dagbag.py:545} INFO - Filling up the DagBag from /home/airflow/.local/lib/python3.12/site-packages/airflow/example_dags/tutorial.py
[2024-08-13T04:52:45.927+0000] {processor.py:840} INFO - DAG(s) 'tutorial' retrieved from /home/airflow/.local/lib/python3.12/site-packages/airflow/example_dags/tutorial.py
[2024-08-13T04:52:45.980+0000] {logging_mixin.py:188} INFO - [2024-08-13T04:52:45.980+0000] {dag.py:3089} INFO - Sync 1 DAGs
[2024-08-13T04:52:46.066+0000] {logging_mixin.py:188} INFO - [2024-08-13T04:52:46.065+0000] {dag.py:3947} INFO - Setting next_dagrun for tutorial to 2024-08-12 00:00:00+00:00, run_after=2024-08-13 00:00:00+00:00
[2024-08-13T04:52:46.228+0000] {processor.py:183} INFO - Processing /home/airflow/.local/lib/python3.12/site-packages/airflow/example_dags/tutorial.py took 0.333 seconds
[2024-08-13T04:53:16.306+0000] {processor.py:161} INFO - Started process (PID=1326) to work on /home/airflow/.local/lib/python3.12/site-packages/airflow/example_dags/tutorial.py
[2024-08-13T04:53:16.307+0000] {processor.py:830} INFO - Processing file /home/airflow/.local/lib/python3.12/site-packages/airflow/example_dags/tutorial.py for tasks to queue
[2024-08-13T04:53:16.309+0000] {logging_mixin.py:188} INFO - [2024-08-13T04:53:16.309+0000] {dagbag.py:545} INFO - Filling up the DagBag from /home/airflow/.local/lib/python3.12/site-packages/airflow/example_dags/tutorial.py
[2024-08-13T04:53:16.314+0000] {processor.py:840} INFO - DAG(s) 'tutorial' retrieved from /home/airflow/.local/lib/python3.12/site-packages/airflow/example_dags/tutorial.py
[2024-08-13T04:53:16.332+0000] {logging_mixin.py:188} INFO - [2024-08-13T04:53:16.331+0000] {dag.py:3089} INFO - Sync 1 DAGs
[2024-08-13T04:53:16.352+0000] {logging_mixin.py:188} INFO - [2024-08-13T04:53:16.352+0000] {dag.py:3947} INFO - Setting next_dagrun for tutorial to 2024-08-12 00:00:00+00:00, run_after=2024-08-13 00:00:00+00:00
[2024-08-13T04:53:16.408+0000] {processor.py:183} INFO - Processing /home/airflow/.local/lib/python3.12/site-packages/airflow/example_dags/tutorial.py took 0.107 seconds
[2024-08-13T04:53:46.851+0000] {processor.py:161} INFO - Started process (PID=1385) to work on /home/airflow/.local/lib/python3.12/site-packages/airflow/example_dags/tutorial.py
[2024-08-13T04:53:46.853+0000] {processor.py:830} INFO - Processing file /home/airflow/.local/lib/python3.12/site-packages/airflow/example_dags/tutorial.py for tasks to queue
[2024-08-13T04:53:46.855+0000] {logging_mixin.py:188} INFO - [2024-08-13T04:53:46.855+0000] {dagbag.py:545} INFO - Filling up the DagBag from /home/airflow/.local/lib/python3.12/site-packages/airflow/example_dags/tutorial.py
[2024-08-13T04:53:46.864+0000] {processor.py:840} INFO - DAG(s) 'tutorial' retrieved from /home/airflow/.local/lib/python3.12/site-packages/airflow/example_dags/tutorial.py
[2024-08-13T04:53:46.920+0000] {logging_mixin.py:188} INFO - [2024-08-13T04:53:46.920+0000] {dag.py:3089} INFO - Sync 1 DAGs
[2024-08-13T04:53:46.956+0000] {logging_mixin.py:188} INFO - [2024-08-13T04:53:46.955+0000] {dag.py:3947} INFO - Setting next_dagrun for tutorial to 2024-08-12 00:00:00+00:00, run_after=2024-08-13 00:00:00+00:00
[2024-08-13T04:53:47.029+0000] {processor.py:183} INFO - Processing /home/airflow/.local/lib/python3.12/site-packages/airflow/example_dags/tutorial.py took 0.189 seconds
[2024-08-13T04:54:17.586+0000] {processor.py:161} INFO - Started process (PID=1443) to work on /home/airflow/.local/lib/python3.12/site-packages/airflow/example_dags/tutorial.py
[2024-08-13T04:54:17.587+0000] {processor.py:830} INFO - Processing file /home/airflow/.local/lib/python3.12/site-packages/airflow/example_dags/tutorial.py for tasks to queue
[2024-08-13T04:54:17.589+0000] {logging_mixin.py:188} INFO - [2024-08-13T04:54:17.589+0000] {dagbag.py:545} INFO - Filling up the DagBag from /home/airflow/.local/lib/python3.12/site-packages/airflow/example_dags/tutorial.py
[2024-08-13T04:54:17.594+0000] {processor.py:840} INFO - DAG(s) 'tutorial' retrieved from /home/airflow/.local/lib/python3.12/site-packages/airflow/example_dags/tutorial.py
[2024-08-13T04:54:17.612+0000] {logging_mixin.py:188} INFO - [2024-08-13T04:54:17.612+0000] {dag.py:3089} INFO - Sync 1 DAGs
[2024-08-13T04:54:17.633+0000] {logging_mixin.py:188} INFO - [2024-08-13T04:54:17.632+0000] {dag.py:3947} INFO - Setting next_dagrun for tutorial to 2024-08-12 00:00:00+00:00, run_after=2024-08-13 00:00:00+00:00
[2024-08-13T04:54:17.684+0000] {processor.py:183} INFO - Processing /home/airflow/.local/lib/python3.12/site-packages/airflow/example_dags/tutorial.py took 0.103 seconds
[2024-08-13T04:54:48.624+0000] {processor.py:161} INFO - Started process (PID=1501) to work on /home/airflow/.local/lib/python3.12/site-packages/airflow/example_dags/tutorial.py
[2024-08-13T04:54:48.627+0000] {processor.py:830} INFO - Processing file /home/airflow/.local/lib/python3.12/site-packages/airflow/example_dags/tutorial.py for tasks to queue
[2024-08-13T04:54:48.629+0000] {logging_mixin.py:188} INFO - [2024-08-13T04:54:48.629+0000] {dagbag.py:545} INFO - Filling up the DagBag from /home/airflow/.local/lib/python3.12/site-packages/airflow/example_dags/tutorial.py
[2024-08-13T04:54:48.636+0000] {processor.py:840} INFO - DAG(s) 'tutorial' retrieved from /home/airflow/.local/lib/python3.12/site-packages/airflow/example_dags/tutorial.py
[2024-08-13T04:54:48.666+0000] {logging_mixin.py:188} INFO - [2024-08-13T04:54:48.666+0000] {dag.py:3089} INFO - Sync 1 DAGs
[2024-08-13T04:54:48.703+0000] {logging_mixin.py:188} INFO - [2024-08-13T04:54:48.703+0000] {dag.py:3947} INFO - Setting next_dagrun for tutorial to 2024-08-12 00:00:00+00:00, run_after=2024-08-13 00:00:00+00:00
[2024-08-13T04:54:48.783+0000] {processor.py:183} INFO - Processing /home/airflow/.local/lib/python3.12/site-packages/airflow/example_dags/tutorial.py took 0.166 seconds
[2024-08-13T04:55:18.887+0000] {processor.py:161} INFO - Started process (PID=1559) to work on /home/airflow/.local/lib/python3.12/site-packages/airflow/example_dags/tutorial.py
[2024-08-13T04:55:18.888+0000] {processor.py:830} INFO - Processing file /home/airflow/.local/lib/python3.12/site-packages/airflow/example_dags/tutorial.py for tasks to queue
[2024-08-13T04:55:18.890+0000] {logging_mixin.py:188} INFO - [2024-08-13T04:55:18.889+0000] {dagbag.py:545} INFO - Filling up the DagBag from /home/airflow/.local/lib/python3.12/site-packages/airflow/example_dags/tutorial.py
[2024-08-13T04:55:18.895+0000] {processor.py:840} INFO - DAG(s) 'tutorial' retrieved from /home/airflow/.local/lib/python3.12/site-packages/airflow/example_dags/tutorial.py
[2024-08-13T04:55:18.914+0000] {logging_mixin.py:188} INFO - [2024-08-13T04:55:18.914+0000] {dag.py:3089} INFO - Sync 1 DAGs
[2024-08-13T04:55:18.935+0000] {logging_mixin.py:188} INFO - [2024-08-13T04:55:18.934+0000] {dag.py:3947} INFO - Setting next_dagrun for tutorial to 2024-08-12 00:00:00+00:00, run_after=2024-08-13 00:00:00+00:00
[2024-08-13T04:55:18.991+0000] {processor.py:183} INFO - Processing /home/airflow/.local/lib/python3.12/site-packages/airflow/example_dags/tutorial.py took 0.108 seconds
[2024-08-13T04:55:49.121+0000] {processor.py:161} INFO - Started process (PID=1617) to work on /home/airflow/.local/lib/python3.12/site-packages/airflow/example_dags/tutorial.py
[2024-08-13T04:55:49.123+0000] {processor.py:830} INFO - Processing file /home/airflow/.local/lib/python3.12/site-packages/airflow/example_dags/tutorial.py for tasks to queue
[2024-08-13T04:55:49.125+0000] {logging_mixin.py:188} INFO - [2024-08-13T04:55:49.125+0000] {dagbag.py:545} INFO - Filling up the DagBag from /home/airflow/.local/lib/python3.12/site-packages/airflow/example_dags/tutorial.py
[2024-08-13T04:55:49.131+0000] {processor.py:840} INFO - DAG(s) 'tutorial' retrieved from /home/airflow/.local/lib/python3.12/site-packages/airflow/example_dags/tutorial.py
[2024-08-13T04:55:49.154+0000] {logging_mixin.py:188} INFO - [2024-08-13T04:55:49.154+0000] {dag.py:3089} INFO - Sync 1 DAGs
[2024-08-13T04:55:49.471+0000] {logging_mixin.py:188} INFO - [2024-08-13T04:55:49.471+0000] {dag.py:3947} INFO - Setting next_dagrun for tutorial to 2024-08-12 00:00:00+00:00, run_after=2024-08-13 00:00:00+00:00
[2024-08-13T04:55:49.654+0000] {processor.py:183} INFO - Processing /home/airflow/.local/lib/python3.12/site-packages/airflow/example_dags/tutorial.py took 0.540 seconds
[2024-08-13T04:56:20.075+0000] {processor.py:161} INFO - Started process (PID=1675) to work on /home/airflow/.local/lib/python3.12/site-packages/airflow/example_dags/tutorial.py
[2024-08-13T04:56:20.076+0000] {processor.py:830} INFO - Processing file /home/airflow/.local/lib/python3.12/site-packages/airflow/example_dags/tutorial.py for tasks to queue
[2024-08-13T04:56:20.078+0000] {logging_mixin.py:188} INFO - [2024-08-13T04:56:20.077+0000] {dagbag.py:545} INFO - Filling up the DagBag from /home/airflow/.local/lib/python3.12/site-packages/airflow/example_dags/tutorial.py
[2024-08-13T04:56:20.083+0000] {processor.py:840} INFO - DAG(s) 'tutorial' retrieved from /home/airflow/.local/lib/python3.12/site-packages/airflow/example_dags/tutorial.py
[2024-08-13T04:56:20.100+0000] {logging_mixin.py:188} INFO - [2024-08-13T04:56:20.100+0000] {dag.py:3089} INFO - Sync 1 DAGs
[2024-08-13T04:56:20.124+0000] {logging_mixin.py:188} INFO - [2024-08-13T04:56:20.124+0000] {dag.py:3947} INFO - Setting next_dagrun for tutorial to 2024-08-12 00:00:00+00:00, run_after=2024-08-13 00:00:00+00:00
[2024-08-13T04:56:20.284+0000] {processor.py:183} INFO - Processing /home/airflow/.local/lib/python3.12/site-packages/airflow/example_dags/tutorial.py took 0.214 seconds
[2024-08-13T04:56:50.331+0000] {processor.py:161} INFO - Started process (PID=1733) to work on /home/airflow/.local/lib/python3.12/site-packages/airflow/example_dags/tutorial.py
[2024-08-13T04:56:50.332+0000] {processor.py:830} INFO - Processing file /home/airflow/.local/lib/python3.12/site-packages/airflow/example_dags/tutorial.py for tasks to queue
[2024-08-13T04:56:50.333+0000] {logging_mixin.py:188} INFO - [2024-08-13T04:56:50.333+0000] {dagbag.py:545} INFO - Filling up the DagBag from /home/airflow/.local/lib/python3.12/site-packages/airflow/example_dags/tutorial.py
[2024-08-13T04:56:50.339+0000] {processor.py:840} INFO - DAG(s) 'tutorial' retrieved from /home/airflow/.local/lib/python3.12/site-packages/airflow/example_dags/tutorial.py
[2024-08-13T04:56:50.356+0000] {logging_mixin.py:188} INFO - [2024-08-13T04:56:50.356+0000] {dag.py:3089} INFO - Sync 1 DAGs
[2024-08-13T04:56:50.377+0000] {logging_mixin.py:188} INFO - [2024-08-13T04:56:50.376+0000] {dag.py:3947} INFO - Setting next_dagrun for tutorial to 2024-08-12 00:00:00+00:00, run_after=2024-08-13 00:00:00+00:00
[2024-08-13T04:56:50.448+0000] {processor.py:183} INFO - Processing /home/airflow/.local/lib/python3.12/site-packages/airflow/example_dags/tutorial.py took 0.122 seconds
[2024-08-13T04:57:21.653+0000] {processor.py:161} INFO - Started process (PID=1791) to work on /home/airflow/.local/lib/python3.12/site-packages/airflow/example_dags/tutorial.py
[2024-08-13T04:57:21.655+0000] {processor.py:830} INFO - Processing file /home/airflow/.local/lib/python3.12/site-packages/airflow/example_dags/tutorial.py for tasks to queue
[2024-08-13T04:57:21.660+0000] {logging_mixin.py:188} INFO - [2024-08-13T04:57:21.660+0000] {dagbag.py:545} INFO - Filling up the DagBag from /home/airflow/.local/lib/python3.12/site-packages/airflow/example_dags/tutorial.py
[2024-08-13T04:57:21.673+0000] {processor.py:840} INFO - DAG(s) 'tutorial' retrieved from /home/airflow/.local/lib/python3.12/site-packages/airflow/example_dags/tutorial.py
[2024-08-13T04:57:21.753+0000] {logging_mixin.py:188} INFO - [2024-08-13T04:57:21.753+0000] {dag.py:3089} INFO - Sync 1 DAGs
[2024-08-13T04:57:21.829+0000] {logging_mixin.py:188} INFO - [2024-08-13T04:57:21.828+0000] {dag.py:3947} INFO - Setting next_dagrun for tutorial to 2024-08-12 00:00:00+00:00, run_after=2024-08-13 00:00:00+00:00
[2024-08-13T04:57:21.949+0000] {processor.py:183} INFO - Processing /home/airflow/.local/lib/python3.12/site-packages/airflow/example_dags/tutorial.py took 0.303 seconds
[2024-08-13T04:57:52.789+0000] {processor.py:161} INFO - Started process (PID=1849) to work on /home/airflow/.local/lib/python3.12/site-packages/airflow/example_dags/tutorial.py
[2024-08-13T04:57:52.791+0000] {processor.py:830} INFO - Processing file /home/airflow/.local/lib/python3.12/site-packages/airflow/example_dags/tutorial.py for tasks to queue
[2024-08-13T04:57:52.793+0000] {logging_mixin.py:188} INFO - [2024-08-13T04:57:52.793+0000] {dagbag.py:545} INFO - Filling up the DagBag from /home/airflow/.local/lib/python3.12/site-packages/airflow/example_dags/tutorial.py
[2024-08-13T04:57:52.800+0000] {processor.py:840} INFO - DAG(s) 'tutorial' retrieved from /home/airflow/.local/lib/python3.12/site-packages/airflow/example_dags/tutorial.py
[2024-08-13T04:57:52.825+0000] {logging_mixin.py:188} INFO - [2024-08-13T04:57:52.824+0000] {dag.py:3089} INFO - Sync 1 DAGs
[2024-08-13T04:57:52.847+0000] {logging_mixin.py:188} INFO - [2024-08-13T04:57:52.847+0000] {dag.py:3947} INFO - Setting next_dagrun for tutorial to 2024-08-12 00:00:00+00:00, run_after=2024-08-13 00:00:00+00:00
[2024-08-13T04:57:52.938+0000] {processor.py:183} INFO - Processing /home/airflow/.local/lib/python3.12/site-packages/airflow/example_dags/tutorial.py took 0.157 seconds
[2024-08-13T04:58:23.146+0000] {processor.py:161} INFO - Started process (PID=1907) to work on /home/airflow/.local/lib/python3.12/site-packages/airflow/example_dags/tutorial.py
[2024-08-13T04:58:23.147+0000] {processor.py:830} INFO - Processing file /home/airflow/.local/lib/python3.12/site-packages/airflow/example_dags/tutorial.py for tasks to queue
[2024-08-13T04:58:23.149+0000] {logging_mixin.py:188} INFO - [2024-08-13T04:58:23.148+0000] {dagbag.py:545} INFO - Filling up the DagBag from /home/airflow/.local/lib/python3.12/site-packages/airflow/example_dags/tutorial.py
[2024-08-13T04:58:23.154+0000] {processor.py:840} INFO - DAG(s) 'tutorial' retrieved from /home/airflow/.local/lib/python3.12/site-packages/airflow/example_dags/tutorial.py
[2024-08-13T04:58:23.178+0000] {logging_mixin.py:188} INFO - [2024-08-13T04:58:23.178+0000] {dag.py:3089} INFO - Sync 1 DAGs
[2024-08-13T04:58:23.206+0000] {logging_mixin.py:188} INFO - [2024-08-13T04:58:23.206+0000] {dag.py:3947} INFO - Setting next_dagrun for tutorial to 2024-08-12 00:00:00+00:00, run_after=2024-08-13 00:00:00+00:00
[2024-08-13T04:58:23.263+0000] {processor.py:183} INFO - Processing /home/airflow/.local/lib/python3.12/site-packages/airflow/example_dags/tutorial.py took 0.122 seconds
[2024-08-13T04:58:53.540+0000] {processor.py:161} INFO - Started process (PID=1965) to work on /home/airflow/.local/lib/python3.12/site-packages/airflow/example_dags/tutorial.py
[2024-08-13T04:58:53.541+0000] {processor.py:830} INFO - Processing file /home/airflow/.local/lib/python3.12/site-packages/airflow/example_dags/tutorial.py for tasks to queue
[2024-08-13T04:58:53.543+0000] {logging_mixin.py:188} INFO - [2024-08-13T04:58:53.543+0000] {dagbag.py:545} INFO - Filling up the DagBag from /home/airflow/.local/lib/python3.12/site-packages/airflow/example_dags/tutorial.py
[2024-08-13T04:58:53.555+0000] {processor.py:840} INFO - DAG(s) 'tutorial' retrieved from /home/airflow/.local/lib/python3.12/site-packages/airflow/example_dags/tutorial.py
[2024-08-13T04:58:53.577+0000] {logging_mixin.py:188} INFO - [2024-08-13T04:58:53.577+0000] {dag.py:3089} INFO - Sync 1 DAGs
[2024-08-13T04:58:53.604+0000] {logging_mixin.py:188} INFO - [2024-08-13T04:58:53.604+0000] {dag.py:3947} INFO - Setting next_dagrun for tutorial to 2024-08-12 00:00:00+00:00, run_after=2024-08-13 00:00:00+00:00
[2024-08-13T04:58:53.737+0000] {processor.py:183} INFO - Processing /home/airflow/.local/lib/python3.12/site-packages/airflow/example_dags/tutorial.py took 0.208 seconds
[2024-08-13T04:59:24.480+0000] {processor.py:161} INFO - Started process (PID=2022) to work on /home/airflow/.local/lib/python3.12/site-packages/airflow/example_dags/tutorial.py
[2024-08-13T04:59:24.481+0000] {processor.py:830} INFO - Processing file /home/airflow/.local/lib/python3.12/site-packages/airflow/example_dags/tutorial.py for tasks to queue
[2024-08-13T04:59:24.484+0000] {logging_mixin.py:188} INFO - [2024-08-13T04:59:24.483+0000] {dagbag.py:545} INFO - Filling up the DagBag from /home/airflow/.local/lib/python3.12/site-packages/airflow/example_dags/tutorial.py
[2024-08-13T04:59:24.493+0000] {processor.py:840} INFO - DAG(s) 'tutorial' retrieved from /home/airflow/.local/lib/python3.12/site-packages/airflow/example_dags/tutorial.py
[2024-08-13T04:59:24.521+0000] {logging_mixin.py:188} INFO - [2024-08-13T04:59:24.520+0000] {dag.py:3089} INFO - Sync 1 DAGs
[2024-08-13T04:59:24.555+0000] {logging_mixin.py:188} INFO - [2024-08-13T04:59:24.555+0000] {dag.py:3947} INFO - Setting next_dagrun for tutorial to 2024-08-12 00:00:00+00:00, run_after=2024-08-13 00:00:00+00:00
[2024-08-13T04:59:24.611+0000] {processor.py:183} INFO - Processing /home/airflow/.local/lib/python3.12/site-packages/airflow/example_dags/tutorial.py took 0.139 seconds
[2024-08-13T04:59:56.169+0000] {processor.py:161} INFO - Started process (PID=2081) to work on /home/airflow/.local/lib/python3.12/site-packages/airflow/example_dags/tutorial.py
[2024-08-13T04:59:56.170+0000] {processor.py:830} INFO - Processing file /home/airflow/.local/lib/python3.12/site-packages/airflow/example_dags/tutorial.py for tasks to queue
[2024-08-13T04:59:56.172+0000] {logging_mixin.py:188} INFO - [2024-08-13T04:59:56.172+0000] {dagbag.py:545} INFO - Filling up the DagBag from /home/airflow/.local/lib/python3.12/site-packages/airflow/example_dags/tutorial.py
[2024-08-13T04:59:56.180+0000] {processor.py:840} INFO - DAG(s) 'tutorial' retrieved from /home/airflow/.local/lib/python3.12/site-packages/airflow/example_dags/tutorial.py
[2024-08-13T04:59:56.206+0000] {logging_mixin.py:188} INFO - [2024-08-13T04:59:56.206+0000] {dag.py:3089} INFO - Sync 1 DAGs
[2024-08-13T04:59:56.268+0000] {logging_mixin.py:188} INFO - [2024-08-13T04:59:56.268+0000] {dag.py:3947} INFO - Setting next_dagrun for tutorial to 2024-08-12 00:00:00+00:00, run_after=2024-08-13 00:00:00+00:00
[2024-08-13T04:59:56.517+0000] {processor.py:183} INFO - Processing /home/airflow/.local/lib/python3.12/site-packages/airflow/example_dags/tutorial.py took 0.363 seconds
[2024-08-13T05:00:26.842+0000] {processor.py:161} INFO - Started process (PID=2138) to work on /home/airflow/.local/lib/python3.12/site-packages/airflow/example_dags/tutorial.py
[2024-08-13T05:00:26.856+0000] {processor.py:830} INFO - Processing file /home/airflow/.local/lib/python3.12/site-packages/airflow/example_dags/tutorial.py for tasks to queue
[2024-08-13T05:00:26.859+0000] {logging_mixin.py:188} INFO - [2024-08-13T05:00:26.858+0000] {dagbag.py:545} INFO - Filling up the DagBag from /home/airflow/.local/lib/python3.12/site-packages/airflow/example_dags/tutorial.py
[2024-08-13T05:00:26.872+0000] {processor.py:840} INFO - DAG(s) 'tutorial' retrieved from /home/airflow/.local/lib/python3.12/site-packages/airflow/example_dags/tutorial.py
[2024-08-13T05:00:26.896+0000] {logging_mixin.py:188} INFO - [2024-08-13T05:00:26.896+0000] {dag.py:3089} INFO - Sync 1 DAGs
[2024-08-13T05:00:26.945+0000] {logging_mixin.py:188} INFO - [2024-08-13T05:00:26.944+0000] {dag.py:3947} INFO - Setting next_dagrun for tutorial to 2024-08-12 00:00:00+00:00, run_after=2024-08-13 00:00:00+00:00
[2024-08-13T05:00:27.010+0000] {processor.py:183} INFO - Processing /home/airflow/.local/lib/python3.12/site-packages/airflow/example_dags/tutorial.py took 0.181 seconds
[2024-08-13T05:00:57.834+0000] {processor.py:161} INFO - Started process (PID=2202) to work on /home/airflow/.local/lib/python3.12/site-packages/airflow/example_dags/tutorial.py
[2024-08-13T05:00:57.835+0000] {processor.py:830} INFO - Processing file /home/airflow/.local/lib/python3.12/site-packages/airflow/example_dags/tutorial.py for tasks to queue
[2024-08-13T05:00:57.837+0000] {logging_mixin.py:188} INFO - [2024-08-13T05:00:57.837+0000] {dagbag.py:545} INFO - Filling up the DagBag from /home/airflow/.local/lib/python3.12/site-packages/airflow/example_dags/tutorial.py
[2024-08-13T05:00:57.844+0000] {processor.py:840} INFO - DAG(s) 'tutorial' retrieved from /home/airflow/.local/lib/python3.12/site-packages/airflow/example_dags/tutorial.py
[2024-08-13T05:00:57.868+0000] {logging_mixin.py:188} INFO - [2024-08-13T05:00:57.868+0000] {dag.py:3089} INFO - Sync 1 DAGs
[2024-08-13T05:00:57.903+0000] {logging_mixin.py:188} INFO - [2024-08-13T05:00:57.902+0000] {dag.py:3947} INFO - Setting next_dagrun for tutorial to 2024-08-12 00:00:00+00:00, run_after=2024-08-13 00:00:00+00:00
[2024-08-13T05:00:58.009+0000] {processor.py:183} INFO - Processing /home/airflow/.local/lib/python3.12/site-packages/airflow/example_dags/tutorial.py took 0.183 seconds
[2024-08-13T05:01:28.693+0000] {processor.py:161} INFO - Started process (PID=2261) to work on /home/airflow/.local/lib/python3.12/site-packages/airflow/example_dags/tutorial.py
[2024-08-13T05:01:28.694+0000] {processor.py:830} INFO - Processing file /home/airflow/.local/lib/python3.12/site-packages/airflow/example_dags/tutorial.py for tasks to queue
[2024-08-13T05:01:28.696+0000] {logging_mixin.py:188} INFO - [2024-08-13T05:01:28.696+0000] {dagbag.py:545} INFO - Filling up the DagBag from /home/airflow/.local/lib/python3.12/site-packages/airflow/example_dags/tutorial.py
[2024-08-13T05:01:28.706+0000] {processor.py:840} INFO - DAG(s) 'tutorial' retrieved from /home/airflow/.local/lib/python3.12/site-packages/airflow/example_dags/tutorial.py
[2024-08-13T05:01:28.729+0000] {logging_mixin.py:188} INFO - [2024-08-13T05:01:28.729+0000] {dag.py:3089} INFO - Sync 1 DAGs
[2024-08-13T05:01:28.753+0000] {logging_mixin.py:188} INFO - [2024-08-13T05:01:28.752+0000] {dag.py:3947} INFO - Setting next_dagrun for tutorial to 2024-08-12 00:00:00+00:00, run_after=2024-08-13 00:00:00+00:00
[2024-08-13T05:01:28.838+0000] {processor.py:183} INFO - Processing /home/airflow/.local/lib/python3.12/site-packages/airflow/example_dags/tutorial.py took 0.151 seconds
[2024-08-13T05:01:59.166+0000] {processor.py:161} INFO - Started process (PID=2320) to work on /home/airflow/.local/lib/python3.12/site-packages/airflow/example_dags/tutorial.py
[2024-08-13T05:01:59.166+0000] {processor.py:830} INFO - Processing file /home/airflow/.local/lib/python3.12/site-packages/airflow/example_dags/tutorial.py for tasks to queue
[2024-08-13T05:01:59.168+0000] {logging_mixin.py:188} INFO - [2024-08-13T05:01:59.168+0000] {dagbag.py:545} INFO - Filling up the DagBag from /home/airflow/.local/lib/python3.12/site-packages/airflow/example_dags/tutorial.py
[2024-08-13T05:01:59.175+0000] {processor.py:840} INFO - DAG(s) 'tutorial' retrieved from /home/airflow/.local/lib/python3.12/site-packages/airflow/example_dags/tutorial.py
[2024-08-13T05:01:59.201+0000] {logging_mixin.py:188} INFO - [2024-08-13T05:01:59.200+0000] {dag.py:3089} INFO - Sync 1 DAGs
[2024-08-13T05:01:59.221+0000] {logging_mixin.py:188} INFO - [2024-08-13T05:01:59.221+0000] {dag.py:3947} INFO - Setting next_dagrun for tutorial to 2024-08-12 00:00:00+00:00, run_after=2024-08-13 00:00:00+00:00
[2024-08-13T05:01:59.278+0000] {processor.py:183} INFO - Processing /home/airflow/.local/lib/python3.12/site-packages/airflow/example_dags/tutorial.py took 0.117 seconds
[2024-08-13T05:02:29.552+0000] {processor.py:161} INFO - Started process (PID=2379) to work on /home/airflow/.local/lib/python3.12/site-packages/airflow/example_dags/tutorial.py
[2024-08-13T05:02:29.553+0000] {processor.py:830} INFO - Processing file /home/airflow/.local/lib/python3.12/site-packages/airflow/example_dags/tutorial.py for tasks to queue
[2024-08-13T05:02:29.554+0000] {logging_mixin.py:188} INFO - [2024-08-13T05:02:29.554+0000] {dagbag.py:545} INFO - Filling up the DagBag from /home/airflow/.local/lib/python3.12/site-packages/airflow/example_dags/tutorial.py
[2024-08-13T05:02:29.561+0000] {processor.py:840} INFO - DAG(s) 'tutorial' retrieved from /home/airflow/.local/lib/python3.12/site-packages/airflow/example_dags/tutorial.py
[2024-08-13T05:02:29.585+0000] {logging_mixin.py:188} INFO - [2024-08-13T05:02:29.585+0000] {dag.py:3089} INFO - Sync 1 DAGs
[2024-08-13T05:02:29.606+0000] {logging_mixin.py:188} INFO - [2024-08-13T05:02:29.605+0000] {dag.py:3947} INFO - Setting next_dagrun for tutorial to 2024-08-12 00:00:00+00:00, run_after=2024-08-13 00:00:00+00:00
[2024-08-13T05:02:29.663+0000] {processor.py:183} INFO - Processing /home/airflow/.local/lib/python3.12/site-packages/airflow/example_dags/tutorial.py took 0.117 seconds
[2024-08-13T05:03:02.594+0000] {processor.py:161} INFO - Started process (PID=2437) to work on /home/airflow/.local/lib/python3.12/site-packages/airflow/example_dags/tutorial.py
[2024-08-13T05:03:02.596+0000] {processor.py:830} INFO - Processing file /home/airflow/.local/lib/python3.12/site-packages/airflow/example_dags/tutorial.py for tasks to queue
[2024-08-13T05:03:02.607+0000] {logging_mixin.py:188} INFO - [2024-08-13T05:03:02.607+0000] {dagbag.py:545} INFO - Filling up the DagBag from /home/airflow/.local/lib/python3.12/site-packages/airflow/example_dags/tutorial.py
[2024-08-13T05:03:02.629+0000] {processor.py:840} INFO - DAG(s) 'tutorial' retrieved from /home/airflow/.local/lib/python3.12/site-packages/airflow/example_dags/tutorial.py
[2024-08-13T05:03:02.704+0000] {logging_mixin.py:188} INFO - [2024-08-13T05:03:02.698+0000] {dag.py:3089} INFO - Sync 1 DAGs
[2024-08-13T05:03:02.783+0000] {logging_mixin.py:188} INFO - [2024-08-13T05:03:02.773+0000] {dag.py:3947} INFO - Setting next_dagrun for tutorial to 2024-08-12 00:00:00+00:00, run_after=2024-08-13 00:00:00+00:00
[2024-08-13T05:03:02.965+0000] {processor.py:183} INFO - Processing /home/airflow/.local/lib/python3.12/site-packages/airflow/example_dags/tutorial.py took 0.383 seconds
