[2024-08-13T04:42:24.270+0000] {processor.py:161} INFO - Started process (PID=118) to work on /home/airflow/.local/lib/python3.12/site-packages/airflow/example_dags/tutorial_dag.py
[2024-08-13T04:42:24.271+0000] {processor.py:830} INFO - Processing file /home/airflow/.local/lib/python3.12/site-packages/airflow/example_dags/tutorial_dag.py for tasks to queue
[2024-08-13T04:42:24.277+0000] {logging_mixin.py:188} INFO - [2024-08-13T04:42:24.276+0000] {dagbag.py:545} INFO - Filling up the DagBag from /home/airflow/.local/lib/python3.12/site-packages/airflow/example_dags/tutorial_dag.py
[2024-08-13T04:42:24.379+0000] {processor.py:840} INFO - DAG(s) 'tutorial_dag' retrieved from /home/airflow/.local/lib/python3.12/site-packages/airflow/example_dags/tutorial_dag.py
[2024-08-13T04:42:24.682+0000] {logging_mixin.py:188} INFO - [2024-08-13T04:42:24.682+0000] {dag.py:3089} INFO - Sync 1 DAGs
[2024-08-13T04:42:24.705+0000] {logging_mixin.py:188} INFO - [2024-08-13T04:42:24.705+0000] {dag.py:3947} INFO - Setting next_dagrun for tutorial_dag to None, run_after=None
[2024-08-13T04:42:24.787+0000] {processor.py:183} INFO - Processing /home/airflow/.local/lib/python3.12/site-packages/airflow/example_dags/tutorial_dag.py took 0.526 seconds
[2024-08-13T04:42:59.112+0000] {processor.py:161} INFO - Started process (PID=178) to work on /home/airflow/.local/lib/python3.12/site-packages/airflow/example_dags/tutorial_dag.py
[2024-08-13T04:42:59.114+0000] {processor.py:830} INFO - Processing file /home/airflow/.local/lib/python3.12/site-packages/airflow/example_dags/tutorial_dag.py for tasks to queue
[2024-08-13T04:42:59.116+0000] {logging_mixin.py:188} INFO - [2024-08-13T04:42:59.116+0000] {dagbag.py:545} INFO - Filling up the DagBag from /home/airflow/.local/lib/python3.12/site-packages/airflow/example_dags/tutorial_dag.py
[2024-08-13T04:42:59.127+0000] {processor.py:840} INFO - DAG(s) 'tutorial_dag' retrieved from /home/airflow/.local/lib/python3.12/site-packages/airflow/example_dags/tutorial_dag.py
[2024-08-13T04:42:59.160+0000] {logging_mixin.py:188} INFO - [2024-08-13T04:42:59.160+0000] {dag.py:3089} INFO - Sync 1 DAGs
[2024-08-13T04:42:59.208+0000] {logging_mixin.py:188} INFO - [2024-08-13T04:42:59.196+0000] {dag.py:3947} INFO - Setting next_dagrun for tutorial_dag to None, run_after=None
[2024-08-13T04:42:59.437+0000] {processor.py:183} INFO - Processing /home/airflow/.local/lib/python3.12/site-packages/airflow/example_dags/tutorial_dag.py took 0.333 seconds
[2024-08-13T04:43:34.886+0000] {processor.py:161} INFO - Started process (PID=237) to work on /home/airflow/.local/lib/python3.12/site-packages/airflow/example_dags/tutorial_dag.py
[2024-08-13T04:43:34.910+0000] {processor.py:830} INFO - Processing file /home/airflow/.local/lib/python3.12/site-packages/airflow/example_dags/tutorial_dag.py for tasks to queue
[2024-08-13T04:43:34.961+0000] {logging_mixin.py:188} INFO - [2024-08-13T04:43:34.960+0000] {dagbag.py:545} INFO - Filling up the DagBag from /home/airflow/.local/lib/python3.12/site-packages/airflow/example_dags/tutorial_dag.py
[2024-08-13T04:43:34.979+0000] {processor.py:840} INFO - DAG(s) 'tutorial_dag' retrieved from /home/airflow/.local/lib/python3.12/site-packages/airflow/example_dags/tutorial_dag.py
[2024-08-13T04:43:35.144+0000] {logging_mixin.py:188} INFO - [2024-08-13T04:43:35.144+0000] {dag.py:3089} INFO - Sync 1 DAGs
[2024-08-13T04:43:35.237+0000] {logging_mixin.py:188} INFO - [2024-08-13T04:43:35.237+0000] {dag.py:3947} INFO - Setting next_dagrun for tutorial_dag to None, run_after=None
[2024-08-13T04:43:35.421+0000] {processor.py:183} INFO - Processing /home/airflow/.local/lib/python3.12/site-packages/airflow/example_dags/tutorial_dag.py took 0.585 seconds
[2024-08-13T04:44:05.742+0000] {processor.py:161} INFO - Started process (PID=295) to work on /home/airflow/.local/lib/python3.12/site-packages/airflow/example_dags/tutorial_dag.py
[2024-08-13T04:44:05.750+0000] {processor.py:830} INFO - Processing file /home/airflow/.local/lib/python3.12/site-packages/airflow/example_dags/tutorial_dag.py for tasks to queue
[2024-08-13T04:44:05.754+0000] {logging_mixin.py:188} INFO - [2024-08-13T04:44:05.753+0000] {dagbag.py:545} INFO - Filling up the DagBag from /home/airflow/.local/lib/python3.12/site-packages/airflow/example_dags/tutorial_dag.py
[2024-08-13T04:44:05.777+0000] {processor.py:840} INFO - DAG(s) 'tutorial_dag' retrieved from /home/airflow/.local/lib/python3.12/site-packages/airflow/example_dags/tutorial_dag.py
[2024-08-13T04:44:05.963+0000] {logging_mixin.py:188} INFO - [2024-08-13T04:44:05.962+0000] {dag.py:3089} INFO - Sync 1 DAGs
[2024-08-13T04:44:06.102+0000] {logging_mixin.py:188} INFO - [2024-08-13T04:44:06.102+0000] {dag.py:3947} INFO - Setting next_dagrun for tutorial_dag to None, run_after=None
[2024-08-13T04:44:06.389+0000] {processor.py:183} INFO - Processing /home/airflow/.local/lib/python3.12/site-packages/airflow/example_dags/tutorial_dag.py took 0.671 seconds
[2024-08-13T04:44:36.778+0000] {processor.py:161} INFO - Started process (PID=352) to work on /home/airflow/.local/lib/python3.12/site-packages/airflow/example_dags/tutorial_dag.py
[2024-08-13T04:44:36.779+0000] {processor.py:830} INFO - Processing file /home/airflow/.local/lib/python3.12/site-packages/airflow/example_dags/tutorial_dag.py for tasks to queue
[2024-08-13T04:44:36.781+0000] {logging_mixin.py:188} INFO - [2024-08-13T04:44:36.780+0000] {dagbag.py:545} INFO - Filling up the DagBag from /home/airflow/.local/lib/python3.12/site-packages/airflow/example_dags/tutorial_dag.py
[2024-08-13T04:44:36.786+0000] {processor.py:840} INFO - DAG(s) 'tutorial_dag' retrieved from /home/airflow/.local/lib/python3.12/site-packages/airflow/example_dags/tutorial_dag.py
[2024-08-13T04:44:36.804+0000] {logging_mixin.py:188} INFO - [2024-08-13T04:44:36.804+0000] {dag.py:3089} INFO - Sync 1 DAGs
[2024-08-13T04:44:36.817+0000] {logging_mixin.py:188} INFO - [2024-08-13T04:44:36.817+0000] {dag.py:3947} INFO - Setting next_dagrun for tutorial_dag to None, run_after=None
[2024-08-13T04:44:37.054+0000] {processor.py:183} INFO - Processing /home/airflow/.local/lib/python3.12/site-packages/airflow/example_dags/tutorial_dag.py took 0.282 seconds
[2024-08-13T04:45:07.231+0000] {processor.py:161} INFO - Started process (PID=410) to work on /home/airflow/.local/lib/python3.12/site-packages/airflow/example_dags/tutorial_dag.py
[2024-08-13T04:45:07.232+0000] {processor.py:830} INFO - Processing file /home/airflow/.local/lib/python3.12/site-packages/airflow/example_dags/tutorial_dag.py for tasks to queue
[2024-08-13T04:45:07.234+0000] {logging_mixin.py:188} INFO - [2024-08-13T04:45:07.234+0000] {dagbag.py:545} INFO - Filling up the DagBag from /home/airflow/.local/lib/python3.12/site-packages/airflow/example_dags/tutorial_dag.py
[2024-08-13T04:45:07.239+0000] {processor.py:840} INFO - DAG(s) 'tutorial_dag' retrieved from /home/airflow/.local/lib/python3.12/site-packages/airflow/example_dags/tutorial_dag.py
[2024-08-13T04:45:07.287+0000] {logging_mixin.py:188} INFO - [2024-08-13T04:45:07.286+0000] {dag.py:3089} INFO - Sync 1 DAGs
[2024-08-13T04:45:07.300+0000] {logging_mixin.py:188} INFO - [2024-08-13T04:45:07.299+0000] {dag.py:3947} INFO - Setting next_dagrun for tutorial_dag to None, run_after=None
[2024-08-13T04:45:07.400+0000] {processor.py:183} INFO - Processing /home/airflow/.local/lib/python3.12/site-packages/airflow/example_dags/tutorial_dag.py took 0.174 seconds
[2024-08-13T04:45:38.271+0000] {processor.py:161} INFO - Started process (PID=468) to work on /home/airflow/.local/lib/python3.12/site-packages/airflow/example_dags/tutorial_dag.py
[2024-08-13T04:45:38.274+0000] {processor.py:830} INFO - Processing file /home/airflow/.local/lib/python3.12/site-packages/airflow/example_dags/tutorial_dag.py for tasks to queue
[2024-08-13T04:45:38.276+0000] {logging_mixin.py:188} INFO - [2024-08-13T04:45:38.276+0000] {dagbag.py:545} INFO - Filling up the DagBag from /home/airflow/.local/lib/python3.12/site-packages/airflow/example_dags/tutorial_dag.py
[2024-08-13T04:45:38.283+0000] {processor.py:840} INFO - DAG(s) 'tutorial_dag' retrieved from /home/airflow/.local/lib/python3.12/site-packages/airflow/example_dags/tutorial_dag.py
[2024-08-13T04:45:38.308+0000] {logging_mixin.py:188} INFO - [2024-08-13T04:45:38.307+0000] {dag.py:3089} INFO - Sync 1 DAGs
[2024-08-13T04:45:38.328+0000] {logging_mixin.py:188} INFO - [2024-08-13T04:45:38.328+0000] {dag.py:3947} INFO - Setting next_dagrun for tutorial_dag to None, run_after=None
[2024-08-13T04:45:38.421+0000] {processor.py:183} INFO - Processing /home/airflow/.local/lib/python3.12/site-packages/airflow/example_dags/tutorial_dag.py took 0.158 seconds
[2024-08-13T04:46:08.950+0000] {processor.py:161} INFO - Started process (PID=526) to work on /home/airflow/.local/lib/python3.12/site-packages/airflow/example_dags/tutorial_dag.py
[2024-08-13T04:46:08.951+0000] {processor.py:830} INFO - Processing file /home/airflow/.local/lib/python3.12/site-packages/airflow/example_dags/tutorial_dag.py for tasks to queue
[2024-08-13T04:46:08.954+0000] {logging_mixin.py:188} INFO - [2024-08-13T04:46:08.954+0000] {dagbag.py:545} INFO - Filling up the DagBag from /home/airflow/.local/lib/python3.12/site-packages/airflow/example_dags/tutorial_dag.py
[2024-08-13T04:46:08.962+0000] {processor.py:840} INFO - DAG(s) 'tutorial_dag' retrieved from /home/airflow/.local/lib/python3.12/site-packages/airflow/example_dags/tutorial_dag.py
[2024-08-13T04:46:08.996+0000] {logging_mixin.py:188} INFO - [2024-08-13T04:46:08.996+0000] {dag.py:3089} INFO - Sync 1 DAGs
[2024-08-13T04:46:09.043+0000] {logging_mixin.py:188} INFO - [2024-08-13T04:46:09.043+0000] {dag.py:3947} INFO - Setting next_dagrun for tutorial_dag to None, run_after=None
[2024-08-13T04:46:09.156+0000] {processor.py:183} INFO - Processing /home/airflow/.local/lib/python3.12/site-packages/airflow/example_dags/tutorial_dag.py took 0.223 seconds
[2024-08-13T04:46:39.405+0000] {processor.py:161} INFO - Started process (PID=584) to work on /home/airflow/.local/lib/python3.12/site-packages/airflow/example_dags/tutorial_dag.py
[2024-08-13T04:46:39.407+0000] {processor.py:830} INFO - Processing file /home/airflow/.local/lib/python3.12/site-packages/airflow/example_dags/tutorial_dag.py for tasks to queue
[2024-08-13T04:46:39.411+0000] {logging_mixin.py:188} INFO - [2024-08-13T04:46:39.411+0000] {dagbag.py:545} INFO - Filling up the DagBag from /home/airflow/.local/lib/python3.12/site-packages/airflow/example_dags/tutorial_dag.py
[2024-08-13T04:46:39.424+0000] {processor.py:840} INFO - DAG(s) 'tutorial_dag' retrieved from /home/airflow/.local/lib/python3.12/site-packages/airflow/example_dags/tutorial_dag.py
[2024-08-13T04:46:39.454+0000] {logging_mixin.py:188} INFO - [2024-08-13T04:46:39.453+0000] {dag.py:3089} INFO - Sync 1 DAGs
[2024-08-13T04:46:39.476+0000] {logging_mixin.py:188} INFO - [2024-08-13T04:46:39.476+0000] {dag.py:3947} INFO - Setting next_dagrun for tutorial_dag to None, run_after=None
[2024-08-13T04:46:39.592+0000] {processor.py:183} INFO - Processing /home/airflow/.local/lib/python3.12/site-packages/airflow/example_dags/tutorial_dag.py took 0.204 seconds
[2024-08-13T04:47:09.860+0000] {processor.py:161} INFO - Started process (PID=641) to work on /home/airflow/.local/lib/python3.12/site-packages/airflow/example_dags/tutorial_dag.py
[2024-08-13T04:47:09.901+0000] {processor.py:830} INFO - Processing file /home/airflow/.local/lib/python3.12/site-packages/airflow/example_dags/tutorial_dag.py for tasks to queue
[2024-08-13T04:47:09.935+0000] {logging_mixin.py:188} INFO - [2024-08-13T04:47:09.934+0000] {dagbag.py:545} INFO - Filling up the DagBag from /home/airflow/.local/lib/python3.12/site-packages/airflow/example_dags/tutorial_dag.py
[2024-08-13T04:47:09.965+0000] {processor.py:840} INFO - DAG(s) 'tutorial_dag' retrieved from /home/airflow/.local/lib/python3.12/site-packages/airflow/example_dags/tutorial_dag.py
[2024-08-13T04:47:10.111+0000] {logging_mixin.py:188} INFO - [2024-08-13T04:47:10.111+0000] {dag.py:3089} INFO - Sync 1 DAGs
[2024-08-13T04:47:10.227+0000] {logging_mixin.py:188} INFO - [2024-08-13T04:47:10.227+0000] {dag.py:3947} INFO - Setting next_dagrun for tutorial_dag to None, run_after=None
[2024-08-13T04:47:10.462+0000] {processor.py:183} INFO - Processing /home/airflow/.local/lib/python3.12/site-packages/airflow/example_dags/tutorial_dag.py took 0.720 seconds
[2024-08-13T04:47:41.185+0000] {processor.py:161} INFO - Started process (PID=699) to work on /home/airflow/.local/lib/python3.12/site-packages/airflow/example_dags/tutorial_dag.py
[2024-08-13T04:47:41.200+0000] {processor.py:830} INFO - Processing file /home/airflow/.local/lib/python3.12/site-packages/airflow/example_dags/tutorial_dag.py for tasks to queue
[2024-08-13T04:47:41.202+0000] {logging_mixin.py:188} INFO - [2024-08-13T04:47:41.201+0000] {dagbag.py:545} INFO - Filling up the DagBag from /home/airflow/.local/lib/python3.12/site-packages/airflow/example_dags/tutorial_dag.py
[2024-08-13T04:47:41.209+0000] {processor.py:840} INFO - DAG(s) 'tutorial_dag' retrieved from /home/airflow/.local/lib/python3.12/site-packages/airflow/example_dags/tutorial_dag.py
[2024-08-13T04:47:41.232+0000] {logging_mixin.py:188} INFO - [2024-08-13T04:47:41.232+0000] {dag.py:3089} INFO - Sync 1 DAGs
[2024-08-13T04:47:41.251+0000] {logging_mixin.py:188} INFO - [2024-08-13T04:47:41.251+0000] {dag.py:3947} INFO - Setting next_dagrun for tutorial_dag to None, run_after=None
[2024-08-13T04:47:41.315+0000] {processor.py:183} INFO - Processing /home/airflow/.local/lib/python3.12/site-packages/airflow/example_dags/tutorial_dag.py took 0.138 seconds
[2024-08-13T04:48:12.235+0000] {processor.py:161} INFO - Started process (PID=759) to work on /home/airflow/.local/lib/python3.12/site-packages/airflow/example_dags/tutorial_dag.py
[2024-08-13T04:48:12.244+0000] {processor.py:830} INFO - Processing file /home/airflow/.local/lib/python3.12/site-packages/airflow/example_dags/tutorial_dag.py for tasks to queue
[2024-08-13T04:48:12.252+0000] {logging_mixin.py:188} INFO - [2024-08-13T04:48:12.252+0000] {dagbag.py:545} INFO - Filling up the DagBag from /home/airflow/.local/lib/python3.12/site-packages/airflow/example_dags/tutorial_dag.py
[2024-08-13T04:48:12.259+0000] {processor.py:840} INFO - DAG(s) 'tutorial_dag' retrieved from /home/airflow/.local/lib/python3.12/site-packages/airflow/example_dags/tutorial_dag.py
[2024-08-13T04:48:12.312+0000] {logging_mixin.py:188} INFO - [2024-08-13T04:48:12.312+0000] {dag.py:3089} INFO - Sync 1 DAGs
[2024-08-13T04:48:12.345+0000] {logging_mixin.py:188} INFO - [2024-08-13T04:48:12.345+0000] {dag.py:3947} INFO - Setting next_dagrun for tutorial_dag to None, run_after=None
[2024-08-13T04:48:12.461+0000] {processor.py:183} INFO - Processing /home/airflow/.local/lib/python3.12/site-packages/airflow/example_dags/tutorial_dag.py took 0.233 seconds
[2024-08-13T04:48:43.172+0000] {processor.py:161} INFO - Started process (PID=817) to work on /home/airflow/.local/lib/python3.12/site-packages/airflow/example_dags/tutorial_dag.py
[2024-08-13T04:48:43.179+0000] {processor.py:830} INFO - Processing file /home/airflow/.local/lib/python3.12/site-packages/airflow/example_dags/tutorial_dag.py for tasks to queue
[2024-08-13T04:48:43.192+0000] {logging_mixin.py:188} INFO - [2024-08-13T04:48:43.191+0000] {dagbag.py:545} INFO - Filling up the DagBag from /home/airflow/.local/lib/python3.12/site-packages/airflow/example_dags/tutorial_dag.py
[2024-08-13T04:48:43.200+0000] {processor.py:840} INFO - DAG(s) 'tutorial_dag' retrieved from /home/airflow/.local/lib/python3.12/site-packages/airflow/example_dags/tutorial_dag.py
[2024-08-13T04:48:43.233+0000] {logging_mixin.py:188} INFO - [2024-08-13T04:48:43.232+0000] {dag.py:3089} INFO - Sync 1 DAGs
[2024-08-13T04:48:43.246+0000] {logging_mixin.py:188} INFO - [2024-08-13T04:48:43.245+0000] {dag.py:3947} INFO - Setting next_dagrun for tutorial_dag to None, run_after=None
[2024-08-13T04:48:43.343+0000] {processor.py:183} INFO - Processing /home/airflow/.local/lib/python3.12/site-packages/airflow/example_dags/tutorial_dag.py took 0.186 seconds
[2024-08-13T04:49:15.370+0000] {processor.py:161} INFO - Started process (PID=874) to work on /home/airflow/.local/lib/python3.12/site-packages/airflow/example_dags/tutorial_dag.py
[2024-08-13T04:49:15.397+0000] {processor.py:830} INFO - Processing file /home/airflow/.local/lib/python3.12/site-packages/airflow/example_dags/tutorial_dag.py for tasks to queue
[2024-08-13T04:49:15.400+0000] {logging_mixin.py:188} INFO - [2024-08-13T04:49:15.399+0000] {dagbag.py:545} INFO - Filling up the DagBag from /home/airflow/.local/lib/python3.12/site-packages/airflow/example_dags/tutorial_dag.py
[2024-08-13T04:49:15.416+0000] {processor.py:840} INFO - DAG(s) 'tutorial_dag' retrieved from /home/airflow/.local/lib/python3.12/site-packages/airflow/example_dags/tutorial_dag.py
[2024-08-13T04:49:15.551+0000] {logging_mixin.py:188} INFO - [2024-08-13T04:49:15.550+0000] {dag.py:3089} INFO - Sync 1 DAGs
[2024-08-13T04:49:15.619+0000] {logging_mixin.py:188} INFO - [2024-08-13T04:49:15.619+0000] {dag.py:3947} INFO - Setting next_dagrun for tutorial_dag to None, run_after=None
[2024-08-13T04:49:15.734+0000] {processor.py:183} INFO - Processing /home/airflow/.local/lib/python3.12/site-packages/airflow/example_dags/tutorial_dag.py took 0.383 seconds
[2024-08-13T04:49:45.797+0000] {processor.py:161} INFO - Started process (PID=932) to work on /home/airflow/.local/lib/python3.12/site-packages/airflow/example_dags/tutorial_dag.py
[2024-08-13T04:49:45.798+0000] {processor.py:830} INFO - Processing file /home/airflow/.local/lib/python3.12/site-packages/airflow/example_dags/tutorial_dag.py for tasks to queue
[2024-08-13T04:49:45.801+0000] {logging_mixin.py:188} INFO - [2024-08-13T04:49:45.800+0000] {dagbag.py:545} INFO - Filling up the DagBag from /home/airflow/.local/lib/python3.12/site-packages/airflow/example_dags/tutorial_dag.py
[2024-08-13T04:49:45.808+0000] {processor.py:840} INFO - DAG(s) 'tutorial_dag' retrieved from /home/airflow/.local/lib/python3.12/site-packages/airflow/example_dags/tutorial_dag.py
[2024-08-13T04:49:45.832+0000] {logging_mixin.py:188} INFO - [2024-08-13T04:49:45.832+0000] {dag.py:3089} INFO - Sync 1 DAGs
[2024-08-13T04:49:45.850+0000] {logging_mixin.py:188} INFO - [2024-08-13T04:49:45.850+0000] {dag.py:3947} INFO - Setting next_dagrun for tutorial_dag to None, run_after=None
[2024-08-13T04:49:45.913+0000] {processor.py:183} INFO - Processing /home/airflow/.local/lib/python3.12/site-packages/airflow/example_dags/tutorial_dag.py took 0.123 seconds
[2024-08-13T04:50:16.416+0000] {processor.py:161} INFO - Started process (PID=990) to work on /home/airflow/.local/lib/python3.12/site-packages/airflow/example_dags/tutorial_dag.py
[2024-08-13T04:50:16.417+0000] {processor.py:830} INFO - Processing file /home/airflow/.local/lib/python3.12/site-packages/airflow/example_dags/tutorial_dag.py for tasks to queue
[2024-08-13T04:50:16.420+0000] {logging_mixin.py:188} INFO - [2024-08-13T04:50:16.419+0000] {dagbag.py:545} INFO - Filling up the DagBag from /home/airflow/.local/lib/python3.12/site-packages/airflow/example_dags/tutorial_dag.py
[2024-08-13T04:50:16.428+0000] {processor.py:840} INFO - DAG(s) 'tutorial_dag' retrieved from /home/airflow/.local/lib/python3.12/site-packages/airflow/example_dags/tutorial_dag.py
[2024-08-13T04:50:16.456+0000] {logging_mixin.py:188} INFO - [2024-08-13T04:50:16.456+0000] {dag.py:3089} INFO - Sync 1 DAGs
[2024-08-13T04:50:16.472+0000] {logging_mixin.py:188} INFO - [2024-08-13T04:50:16.472+0000] {dag.py:3947} INFO - Setting next_dagrun for tutorial_dag to None, run_after=None
[2024-08-13T04:50:16.567+0000] {processor.py:183} INFO - Processing /home/airflow/.local/lib/python3.12/site-packages/airflow/example_dags/tutorial_dag.py took 0.163 seconds
[2024-08-13T04:50:48.126+0000] {processor.py:161} INFO - Started process (PID=1048) to work on /home/airflow/.local/lib/python3.12/site-packages/airflow/example_dags/tutorial_dag.py
[2024-08-13T04:50:48.138+0000] {processor.py:830} INFO - Processing file /home/airflow/.local/lib/python3.12/site-packages/airflow/example_dags/tutorial_dag.py for tasks to queue
[2024-08-13T04:50:48.141+0000] {logging_mixin.py:188} INFO - [2024-08-13T04:50:48.140+0000] {dagbag.py:545} INFO - Filling up the DagBag from /home/airflow/.local/lib/python3.12/site-packages/airflow/example_dags/tutorial_dag.py
[2024-08-13T04:50:48.169+0000] {processor.py:840} INFO - DAG(s) 'tutorial_dag' retrieved from /home/airflow/.local/lib/python3.12/site-packages/airflow/example_dags/tutorial_dag.py
[2024-08-13T04:50:48.220+0000] {logging_mixin.py:188} INFO - [2024-08-13T04:50:48.220+0000] {dag.py:3089} INFO - Sync 1 DAGs
[2024-08-13T04:50:48.260+0000] {logging_mixin.py:188} INFO - [2024-08-13T04:50:48.260+0000] {dag.py:3947} INFO - Setting next_dagrun for tutorial_dag to None, run_after=None
[2024-08-13T04:50:48.440+0000] {processor.py:183} INFO - Processing /home/airflow/.local/lib/python3.12/site-packages/airflow/example_dags/tutorial_dag.py took 0.331 seconds
[2024-08-13T04:51:20.214+0000] {processor.py:161} INFO - Started process (PID=1108) to work on /home/airflow/.local/lib/python3.12/site-packages/airflow/example_dags/tutorial_dag.py
[2024-08-13T04:51:20.216+0000] {processor.py:830} INFO - Processing file /home/airflow/.local/lib/python3.12/site-packages/airflow/example_dags/tutorial_dag.py for tasks to queue
[2024-08-13T04:51:20.225+0000] {logging_mixin.py:188} INFO - [2024-08-13T04:51:20.225+0000] {dagbag.py:545} INFO - Filling up the DagBag from /home/airflow/.local/lib/python3.12/site-packages/airflow/example_dags/tutorial_dag.py
[2024-08-13T04:51:20.237+0000] {processor.py:840} INFO - DAG(s) 'tutorial_dag' retrieved from /home/airflow/.local/lib/python3.12/site-packages/airflow/example_dags/tutorial_dag.py
[2024-08-13T04:51:20.281+0000] {logging_mixin.py:188} INFO - [2024-08-13T04:51:20.280+0000] {dag.py:3089} INFO - Sync 1 DAGs
[2024-08-13T04:51:20.314+0000] {logging_mixin.py:188} INFO - [2024-08-13T04:51:20.313+0000] {dag.py:3947} INFO - Setting next_dagrun for tutorial_dag to None, run_after=None
[2024-08-13T04:51:20.429+0000] {processor.py:183} INFO - Processing /home/airflow/.local/lib/python3.12/site-packages/airflow/example_dags/tutorial_dag.py took 0.224 seconds
[2024-08-13T04:51:50.988+0000] {processor.py:161} INFO - Started process (PID=1166) to work on /home/airflow/.local/lib/python3.12/site-packages/airflow/example_dags/tutorial_dag.py
[2024-08-13T04:51:50.996+0000] {processor.py:830} INFO - Processing file /home/airflow/.local/lib/python3.12/site-packages/airflow/example_dags/tutorial_dag.py for tasks to queue
[2024-08-13T04:51:51.005+0000] {logging_mixin.py:188} INFO - [2024-08-13T04:51:51.004+0000] {dagbag.py:545} INFO - Filling up the DagBag from /home/airflow/.local/lib/python3.12/site-packages/airflow/example_dags/tutorial_dag.py
[2024-08-13T04:51:51.020+0000] {processor.py:840} INFO - DAG(s) 'tutorial_dag' retrieved from /home/airflow/.local/lib/python3.12/site-packages/airflow/example_dags/tutorial_dag.py
[2024-08-13T04:51:51.090+0000] {logging_mixin.py:188} INFO - [2024-08-13T04:51:51.090+0000] {dag.py:3089} INFO - Sync 1 DAGs
[2024-08-13T04:51:51.132+0000] {logging_mixin.py:188} INFO - [2024-08-13T04:51:51.131+0000] {dag.py:3947} INFO - Setting next_dagrun for tutorial_dag to None, run_after=None
[2024-08-13T04:51:51.285+0000] {processor.py:183} INFO - Processing /home/airflow/.local/lib/python3.12/site-packages/airflow/example_dags/tutorial_dag.py took 0.332 seconds
[2024-08-13T04:52:22.648+0000] {processor.py:161} INFO - Started process (PID=1225) to work on /home/airflow/.local/lib/python3.12/site-packages/airflow/example_dags/tutorial_dag.py
[2024-08-13T04:52:22.653+0000] {processor.py:830} INFO - Processing file /home/airflow/.local/lib/python3.12/site-packages/airflow/example_dags/tutorial_dag.py for tasks to queue
[2024-08-13T04:52:22.667+0000] {logging_mixin.py:188} INFO - [2024-08-13T04:52:22.666+0000] {dagbag.py:545} INFO - Filling up the DagBag from /home/airflow/.local/lib/python3.12/site-packages/airflow/example_dags/tutorial_dag.py
[2024-08-13T04:52:22.689+0000] {processor.py:840} INFO - DAG(s) 'tutorial_dag' retrieved from /home/airflow/.local/lib/python3.12/site-packages/airflow/example_dags/tutorial_dag.py
[2024-08-13T04:52:22.747+0000] {logging_mixin.py:188} INFO - [2024-08-13T04:52:22.746+0000] {dag.py:3089} INFO - Sync 1 DAGs
[2024-08-13T04:52:22.768+0000] {logging_mixin.py:188} INFO - [2024-08-13T04:52:22.767+0000] {dag.py:3947} INFO - Setting next_dagrun for tutorial_dag to None, run_after=None
[2024-08-13T04:52:23.639+0000] {processor.py:183} INFO - Processing /home/airflow/.local/lib/python3.12/site-packages/airflow/example_dags/tutorial_dag.py took 1.024 seconds
[2024-08-13T04:52:54.467+0000] {processor.py:161} INFO - Started process (PID=1283) to work on /home/airflow/.local/lib/python3.12/site-packages/airflow/example_dags/tutorial_dag.py
[2024-08-13T04:52:54.807+0000] {processor.py:830} INFO - Processing file /home/airflow/.local/lib/python3.12/site-packages/airflow/example_dags/tutorial_dag.py for tasks to queue
[2024-08-13T04:52:55.196+0000] {logging_mixin.py:188} INFO - [2024-08-13T04:52:55.196+0000] {dagbag.py:545} INFO - Filling up the DagBag from /home/airflow/.local/lib/python3.12/site-packages/airflow/example_dags/tutorial_dag.py
[2024-08-13T04:52:55.473+0000] {processor.py:840} INFO - DAG(s) 'tutorial_dag' retrieved from /home/airflow/.local/lib/python3.12/site-packages/airflow/example_dags/tutorial_dag.py
[2024-08-13T04:52:55.701+0000] {logging_mixin.py:188} INFO - [2024-08-13T04:52:55.700+0000] {dag.py:3089} INFO - Sync 1 DAGs
[2024-08-13T04:52:55.852+0000] {logging_mixin.py:188} INFO - [2024-08-13T04:52:55.852+0000] {dag.py:3947} INFO - Setting next_dagrun for tutorial_dag to None, run_after=None
[2024-08-13T04:52:56.135+0000] {processor.py:183} INFO - Processing /home/airflow/.local/lib/python3.12/site-packages/airflow/example_dags/tutorial_dag.py took 1.686 seconds
[2024-08-13T04:53:26.270+0000] {processor.py:161} INFO - Started process (PID=1341) to work on /home/airflow/.local/lib/python3.12/site-packages/airflow/example_dags/tutorial_dag.py
[2024-08-13T04:53:26.272+0000] {processor.py:830} INFO - Processing file /home/airflow/.local/lib/python3.12/site-packages/airflow/example_dags/tutorial_dag.py for tasks to queue
[2024-08-13T04:53:26.274+0000] {logging_mixin.py:188} INFO - [2024-08-13T04:53:26.273+0000] {dagbag.py:545} INFO - Filling up the DagBag from /home/airflow/.local/lib/python3.12/site-packages/airflow/example_dags/tutorial_dag.py
[2024-08-13T04:53:26.280+0000] {processor.py:840} INFO - DAG(s) 'tutorial_dag' retrieved from /home/airflow/.local/lib/python3.12/site-packages/airflow/example_dags/tutorial_dag.py
[2024-08-13T04:53:26.309+0000] {logging_mixin.py:188} INFO - [2024-08-13T04:53:26.309+0000] {dag.py:3089} INFO - Sync 1 DAGs
[2024-08-13T04:53:26.327+0000] {logging_mixin.py:188} INFO - [2024-08-13T04:53:26.326+0000] {dag.py:3947} INFO - Setting next_dagrun for tutorial_dag to None, run_after=None
[2024-08-13T04:53:26.409+0000] {processor.py:183} INFO - Processing /home/airflow/.local/lib/python3.12/site-packages/airflow/example_dags/tutorial_dag.py took 0.146 seconds
[2024-08-13T04:53:56.584+0000] {processor.py:161} INFO - Started process (PID=1406) to work on /home/airflow/.local/lib/python3.12/site-packages/airflow/example_dags/tutorial_dag.py
[2024-08-13T04:53:56.585+0000] {processor.py:830} INFO - Processing file /home/airflow/.local/lib/python3.12/site-packages/airflow/example_dags/tutorial_dag.py for tasks to queue
[2024-08-13T04:53:56.588+0000] {logging_mixin.py:188} INFO - [2024-08-13T04:53:56.588+0000] {dagbag.py:545} INFO - Filling up the DagBag from /home/airflow/.local/lib/python3.12/site-packages/airflow/example_dags/tutorial_dag.py
[2024-08-13T04:53:56.595+0000] {processor.py:840} INFO - DAG(s) 'tutorial_dag' retrieved from /home/airflow/.local/lib/python3.12/site-packages/airflow/example_dags/tutorial_dag.py
[2024-08-13T04:53:56.628+0000] {logging_mixin.py:188} INFO - [2024-08-13T04:53:56.628+0000] {dag.py:3089} INFO - Sync 1 DAGs
[2024-08-13T04:53:56.648+0000] {logging_mixin.py:188} INFO - [2024-08-13T04:53:56.647+0000] {dag.py:3947} INFO - Setting next_dagrun for tutorial_dag to None, run_after=None
[2024-08-13T04:53:56.714+0000] {processor.py:183} INFO - Processing /home/airflow/.local/lib/python3.12/site-packages/airflow/example_dags/tutorial_dag.py took 0.137 seconds
[2024-08-13T04:54:26.786+0000] {processor.py:161} INFO - Started process (PID=1464) to work on /home/airflow/.local/lib/python3.12/site-packages/airflow/example_dags/tutorial_dag.py
[2024-08-13T04:54:26.787+0000] {processor.py:830} INFO - Processing file /home/airflow/.local/lib/python3.12/site-packages/airflow/example_dags/tutorial_dag.py for tasks to queue
[2024-08-13T04:54:26.788+0000] {logging_mixin.py:188} INFO - [2024-08-13T04:54:26.788+0000] {dagbag.py:545} INFO - Filling up the DagBag from /home/airflow/.local/lib/python3.12/site-packages/airflow/example_dags/tutorial_dag.py
[2024-08-13T04:54:26.793+0000] {processor.py:840} INFO - DAG(s) 'tutorial_dag' retrieved from /home/airflow/.local/lib/python3.12/site-packages/airflow/example_dags/tutorial_dag.py
[2024-08-13T04:54:26.812+0000] {logging_mixin.py:188} INFO - [2024-08-13T04:54:26.812+0000] {dag.py:3089} INFO - Sync 1 DAGs
[2024-08-13T04:54:26.826+0000] {logging_mixin.py:188} INFO - [2024-08-13T04:54:26.826+0000] {dag.py:3947} INFO - Setting next_dagrun for tutorial_dag to None, run_after=None
[2024-08-13T04:54:26.876+0000] {processor.py:183} INFO - Processing /home/airflow/.local/lib/python3.12/site-packages/airflow/example_dags/tutorial_dag.py took 0.097 seconds
[2024-08-13T04:54:57.323+0000] {processor.py:161} INFO - Started process (PID=1520) to work on /home/airflow/.local/lib/python3.12/site-packages/airflow/example_dags/tutorial_dag.py
[2024-08-13T04:54:57.324+0000] {processor.py:830} INFO - Processing file /home/airflow/.local/lib/python3.12/site-packages/airflow/example_dags/tutorial_dag.py for tasks to queue
[2024-08-13T04:54:57.327+0000] {logging_mixin.py:188} INFO - [2024-08-13T04:54:57.326+0000] {dagbag.py:545} INFO - Filling up the DagBag from /home/airflow/.local/lib/python3.12/site-packages/airflow/example_dags/tutorial_dag.py
[2024-08-13T04:54:57.332+0000] {processor.py:840} INFO - DAG(s) 'tutorial_dag' retrieved from /home/airflow/.local/lib/python3.12/site-packages/airflow/example_dags/tutorial_dag.py
[2024-08-13T04:54:57.362+0000] {logging_mixin.py:188} INFO - [2024-08-13T04:54:57.362+0000] {dag.py:3089} INFO - Sync 1 DAGs
[2024-08-13T04:54:57.380+0000] {logging_mixin.py:188} INFO - [2024-08-13T04:54:57.379+0000] {dag.py:3947} INFO - Setting next_dagrun for tutorial_dag to None, run_after=None
[2024-08-13T04:54:57.513+0000] {processor.py:183} INFO - Processing /home/airflow/.local/lib/python3.12/site-packages/airflow/example_dags/tutorial_dag.py took 0.197 seconds
[2024-08-13T04:55:27.974+0000] {processor.py:161} INFO - Started process (PID=1578) to work on /home/airflow/.local/lib/python3.12/site-packages/airflow/example_dags/tutorial_dag.py
[2024-08-13T04:55:27.975+0000] {processor.py:830} INFO - Processing file /home/airflow/.local/lib/python3.12/site-packages/airflow/example_dags/tutorial_dag.py for tasks to queue
[2024-08-13T04:55:27.979+0000] {logging_mixin.py:188} INFO - [2024-08-13T04:55:27.979+0000] {dagbag.py:545} INFO - Filling up the DagBag from /home/airflow/.local/lib/python3.12/site-packages/airflow/example_dags/tutorial_dag.py
[2024-08-13T04:55:27.985+0000] {processor.py:840} INFO - DAG(s) 'tutorial_dag' retrieved from /home/airflow/.local/lib/python3.12/site-packages/airflow/example_dags/tutorial_dag.py
[2024-08-13T04:55:28.128+0000] {logging_mixin.py:188} INFO - [2024-08-13T04:55:28.128+0000] {dag.py:3089} INFO - Sync 1 DAGs
[2024-08-13T04:55:28.191+0000] {logging_mixin.py:188} INFO - [2024-08-13T04:55:28.191+0000] {dag.py:3947} INFO - Setting next_dagrun for tutorial_dag to None, run_after=None
[2024-08-13T04:55:28.308+0000] {processor.py:183} INFO - Processing /home/airflow/.local/lib/python3.12/site-packages/airflow/example_dags/tutorial_dag.py took 0.347 seconds
[2024-08-13T04:55:58.601+0000] {processor.py:161} INFO - Started process (PID=1636) to work on /home/airflow/.local/lib/python3.12/site-packages/airflow/example_dags/tutorial_dag.py
[2024-08-13T04:55:58.602+0000] {processor.py:830} INFO - Processing file /home/airflow/.local/lib/python3.12/site-packages/airflow/example_dags/tutorial_dag.py for tasks to queue
[2024-08-13T04:55:58.604+0000] {logging_mixin.py:188} INFO - [2024-08-13T04:55:58.604+0000] {dagbag.py:545} INFO - Filling up the DagBag from /home/airflow/.local/lib/python3.12/site-packages/airflow/example_dags/tutorial_dag.py
[2024-08-13T04:55:58.611+0000] {processor.py:840} INFO - DAG(s) 'tutorial_dag' retrieved from /home/airflow/.local/lib/python3.12/site-packages/airflow/example_dags/tutorial_dag.py
[2024-08-13T04:55:58.636+0000] {logging_mixin.py:188} INFO - [2024-08-13T04:55:58.636+0000] {dag.py:3089} INFO - Sync 1 DAGs
[2024-08-13T04:55:58.661+0000] {logging_mixin.py:188} INFO - [2024-08-13T04:55:58.660+0000] {dag.py:3947} INFO - Setting next_dagrun for tutorial_dag to None, run_after=None
[2024-08-13T04:55:58.826+0000] {processor.py:183} INFO - Processing /home/airflow/.local/lib/python3.12/site-packages/airflow/example_dags/tutorial_dag.py took 0.237 seconds
[2024-08-13T04:56:29.090+0000] {processor.py:161} INFO - Started process (PID=1694) to work on /home/airflow/.local/lib/python3.12/site-packages/airflow/example_dags/tutorial_dag.py
[2024-08-13T04:56:29.104+0000] {processor.py:830} INFO - Processing file /home/airflow/.local/lib/python3.12/site-packages/airflow/example_dags/tutorial_dag.py for tasks to queue
[2024-08-13T04:56:29.107+0000] {logging_mixin.py:188} INFO - [2024-08-13T04:56:29.106+0000] {dagbag.py:545} INFO - Filling up the DagBag from /home/airflow/.local/lib/python3.12/site-packages/airflow/example_dags/tutorial_dag.py
[2024-08-13T04:56:29.113+0000] {processor.py:840} INFO - DAG(s) 'tutorial_dag' retrieved from /home/airflow/.local/lib/python3.12/site-packages/airflow/example_dags/tutorial_dag.py
[2024-08-13T04:56:29.160+0000] {logging_mixin.py:188} INFO - [2024-08-13T04:56:29.160+0000] {dag.py:3089} INFO - Sync 1 DAGs
[2024-08-13T04:56:29.516+0000] {logging_mixin.py:188} INFO - [2024-08-13T04:56:29.516+0000] {dag.py:3947} INFO - Setting next_dagrun for tutorial_dag to None, run_after=None
[2024-08-13T04:56:29.616+0000] {processor.py:183} INFO - Processing /home/airflow/.local/lib/python3.12/site-packages/airflow/example_dags/tutorial_dag.py took 0.534 seconds
[2024-08-13T04:56:59.843+0000] {processor.py:161} INFO - Started process (PID=1752) to work on /home/airflow/.local/lib/python3.12/site-packages/airflow/example_dags/tutorial_dag.py
[2024-08-13T04:56:59.844+0000] {processor.py:830} INFO - Processing file /home/airflow/.local/lib/python3.12/site-packages/airflow/example_dags/tutorial_dag.py for tasks to queue
[2024-08-13T04:56:59.847+0000] {logging_mixin.py:188} INFO - [2024-08-13T04:56:59.846+0000] {dagbag.py:545} INFO - Filling up the DagBag from /home/airflow/.local/lib/python3.12/site-packages/airflow/example_dags/tutorial_dag.py
[2024-08-13T04:56:59.862+0000] {processor.py:840} INFO - DAG(s) 'tutorial_dag' retrieved from /home/airflow/.local/lib/python3.12/site-packages/airflow/example_dags/tutorial_dag.py
[2024-08-13T04:56:59.886+0000] {logging_mixin.py:188} INFO - [2024-08-13T04:56:59.886+0000] {dag.py:3089} INFO - Sync 1 DAGs
[2024-08-13T04:56:59.907+0000] {logging_mixin.py:188} INFO - [2024-08-13T04:56:59.907+0000] {dag.py:3947} INFO - Setting next_dagrun for tutorial_dag to None, run_after=None
[2024-08-13T04:57:00.142+0000] {processor.py:183} INFO - Processing /home/airflow/.local/lib/python3.12/site-packages/airflow/example_dags/tutorial_dag.py took 0.308 seconds
[2024-08-13T04:57:30.337+0000] {processor.py:161} INFO - Started process (PID=1810) to work on /home/airflow/.local/lib/python3.12/site-packages/airflow/example_dags/tutorial_dag.py
[2024-08-13T04:57:30.338+0000] {processor.py:830} INFO - Processing file /home/airflow/.local/lib/python3.12/site-packages/airflow/example_dags/tutorial_dag.py for tasks to queue
[2024-08-13T04:57:30.340+0000] {logging_mixin.py:188} INFO - [2024-08-13T04:57:30.340+0000] {dagbag.py:545} INFO - Filling up the DagBag from /home/airflow/.local/lib/python3.12/site-packages/airflow/example_dags/tutorial_dag.py
[2024-08-13T04:57:30.346+0000] {processor.py:840} INFO - DAG(s) 'tutorial_dag' retrieved from /home/airflow/.local/lib/python3.12/site-packages/airflow/example_dags/tutorial_dag.py
[2024-08-13T04:57:30.368+0000] {logging_mixin.py:188} INFO - [2024-08-13T04:57:30.368+0000] {dag.py:3089} INFO - Sync 1 DAGs
[2024-08-13T04:57:30.391+0000] {logging_mixin.py:188} INFO - [2024-08-13T04:57:30.390+0000] {dag.py:3947} INFO - Setting next_dagrun for tutorial_dag to None, run_after=None
[2024-08-13T04:57:30.507+0000] {processor.py:183} INFO - Processing /home/airflow/.local/lib/python3.12/site-packages/airflow/example_dags/tutorial_dag.py took 0.178 seconds
[2024-08-13T04:58:01.248+0000] {processor.py:161} INFO - Started process (PID=1868) to work on /home/airflow/.local/lib/python3.12/site-packages/airflow/example_dags/tutorial_dag.py
[2024-08-13T04:58:01.249+0000] {processor.py:830} INFO - Processing file /home/airflow/.local/lib/python3.12/site-packages/airflow/example_dags/tutorial_dag.py for tasks to queue
[2024-08-13T04:58:01.251+0000] {logging_mixin.py:188} INFO - [2024-08-13T04:58:01.251+0000] {dagbag.py:545} INFO - Filling up the DagBag from /home/airflow/.local/lib/python3.12/site-packages/airflow/example_dags/tutorial_dag.py
[2024-08-13T04:58:01.257+0000] {processor.py:840} INFO - DAG(s) 'tutorial_dag' retrieved from /home/airflow/.local/lib/python3.12/site-packages/airflow/example_dags/tutorial_dag.py
[2024-08-13T04:58:01.286+0000] {logging_mixin.py:188} INFO - [2024-08-13T04:58:01.285+0000] {dag.py:3089} INFO - Sync 1 DAGs
[2024-08-13T04:58:01.303+0000] {logging_mixin.py:188} INFO - [2024-08-13T04:58:01.303+0000] {dag.py:3947} INFO - Setting next_dagrun for tutorial_dag to None, run_after=None
[2024-08-13T04:58:01.376+0000] {processor.py:183} INFO - Processing /home/airflow/.local/lib/python3.12/site-packages/airflow/example_dags/tutorial_dag.py took 0.136 seconds
[2024-08-13T04:58:31.725+0000] {processor.py:161} INFO - Started process (PID=1926) to work on /home/airflow/.local/lib/python3.12/site-packages/airflow/example_dags/tutorial_dag.py
[2024-08-13T04:58:31.726+0000] {processor.py:830} INFO - Processing file /home/airflow/.local/lib/python3.12/site-packages/airflow/example_dags/tutorial_dag.py for tasks to queue
[2024-08-13T04:58:31.728+0000] {logging_mixin.py:188} INFO - [2024-08-13T04:58:31.728+0000] {dagbag.py:545} INFO - Filling up the DagBag from /home/airflow/.local/lib/python3.12/site-packages/airflow/example_dags/tutorial_dag.py
[2024-08-13T04:58:31.734+0000] {processor.py:840} INFO - DAG(s) 'tutorial_dag' retrieved from /home/airflow/.local/lib/python3.12/site-packages/airflow/example_dags/tutorial_dag.py
[2024-08-13T04:58:31.757+0000] {logging_mixin.py:188} INFO - [2024-08-13T04:58:31.757+0000] {dag.py:3089} INFO - Sync 1 DAGs
[2024-08-13T04:58:31.793+0000] {logging_mixin.py:188} INFO - [2024-08-13T04:58:31.792+0000] {dag.py:3947} INFO - Setting next_dagrun for tutorial_dag to None, run_after=None
[2024-08-13T04:58:31.924+0000] {processor.py:183} INFO - Processing /home/airflow/.local/lib/python3.12/site-packages/airflow/example_dags/tutorial_dag.py took 0.211 seconds
[2024-08-13T04:59:02.695+0000] {processor.py:161} INFO - Started process (PID=1983) to work on /home/airflow/.local/lib/python3.12/site-packages/airflow/example_dags/tutorial_dag.py
[2024-08-13T04:59:02.696+0000] {processor.py:830} INFO - Processing file /home/airflow/.local/lib/python3.12/site-packages/airflow/example_dags/tutorial_dag.py for tasks to queue
[2024-08-13T04:59:02.698+0000] {logging_mixin.py:188} INFO - [2024-08-13T04:59:02.698+0000] {dagbag.py:545} INFO - Filling up the DagBag from /home/airflow/.local/lib/python3.12/site-packages/airflow/example_dags/tutorial_dag.py
[2024-08-13T04:59:02.704+0000] {processor.py:840} INFO - DAG(s) 'tutorial_dag' retrieved from /home/airflow/.local/lib/python3.12/site-packages/airflow/example_dags/tutorial_dag.py
[2024-08-13T04:59:02.728+0000] {logging_mixin.py:188} INFO - [2024-08-13T04:59:02.728+0000] {dag.py:3089} INFO - Sync 1 DAGs
[2024-08-13T04:59:02.748+0000] {logging_mixin.py:188} INFO - [2024-08-13T04:59:02.748+0000] {dag.py:3947} INFO - Setting next_dagrun for tutorial_dag to None, run_after=None
[2024-08-13T04:59:03.347+0000] {processor.py:183} INFO - Processing /home/airflow/.local/lib/python3.12/site-packages/airflow/example_dags/tutorial_dag.py took 0.659 seconds
[2024-08-13T04:59:33.683+0000] {processor.py:161} INFO - Started process (PID=2042) to work on /home/airflow/.local/lib/python3.12/site-packages/airflow/example_dags/tutorial_dag.py
[2024-08-13T04:59:33.684+0000] {processor.py:830} INFO - Processing file /home/airflow/.local/lib/python3.12/site-packages/airflow/example_dags/tutorial_dag.py for tasks to queue
[2024-08-13T04:59:33.686+0000] {logging_mixin.py:188} INFO - [2024-08-13T04:59:33.686+0000] {dagbag.py:545} INFO - Filling up the DagBag from /home/airflow/.local/lib/python3.12/site-packages/airflow/example_dags/tutorial_dag.py
[2024-08-13T04:59:33.692+0000] {processor.py:840} INFO - DAG(s) 'tutorial_dag' retrieved from /home/airflow/.local/lib/python3.12/site-packages/airflow/example_dags/tutorial_dag.py
[2024-08-13T04:59:33.719+0000] {logging_mixin.py:188} INFO - [2024-08-13T04:59:33.718+0000] {dag.py:3089} INFO - Sync 1 DAGs
[2024-08-13T04:59:33.741+0000] {logging_mixin.py:188} INFO - [2024-08-13T04:59:33.741+0000] {dag.py:3947} INFO - Setting next_dagrun for tutorial_dag to None, run_after=None
[2024-08-13T04:59:34.151+0000] {processor.py:183} INFO - Processing /home/airflow/.local/lib/python3.12/site-packages/airflow/example_dags/tutorial_dag.py took 0.475 seconds
[2024-08-13T05:00:04.236+0000] {processor.py:161} INFO - Started process (PID=2099) to work on /home/airflow/.local/lib/python3.12/site-packages/airflow/example_dags/tutorial_dag.py
[2024-08-13T05:00:04.238+0000] {processor.py:830} INFO - Processing file /home/airflow/.local/lib/python3.12/site-packages/airflow/example_dags/tutorial_dag.py for tasks to queue
[2024-08-13T05:00:04.241+0000] {logging_mixin.py:188} INFO - [2024-08-13T05:00:04.240+0000] {dagbag.py:545} INFO - Filling up the DagBag from /home/airflow/.local/lib/python3.12/site-packages/airflow/example_dags/tutorial_dag.py
[2024-08-13T05:00:04.247+0000] {processor.py:840} INFO - DAG(s) 'tutorial_dag' retrieved from /home/airflow/.local/lib/python3.12/site-packages/airflow/example_dags/tutorial_dag.py
[2024-08-13T05:00:04.276+0000] {logging_mixin.py:188} INFO - [2024-08-13T05:00:04.276+0000] {dag.py:3089} INFO - Sync 1 DAGs
[2024-08-13T05:00:04.298+0000] {logging_mixin.py:188} INFO - [2024-08-13T05:00:04.297+0000] {dag.py:3947} INFO - Setting next_dagrun for tutorial_dag to None, run_after=None
[2024-08-13T05:00:04.369+0000] {processor.py:183} INFO - Processing /home/airflow/.local/lib/python3.12/site-packages/airflow/example_dags/tutorial_dag.py took 0.141 seconds
[2024-08-13T05:00:34.935+0000] {processor.py:161} INFO - Started process (PID=2157) to work on /home/airflow/.local/lib/python3.12/site-packages/airflow/example_dags/tutorial_dag.py
[2024-08-13T05:00:34.936+0000] {processor.py:830} INFO - Processing file /home/airflow/.local/lib/python3.12/site-packages/airflow/example_dags/tutorial_dag.py for tasks to queue
[2024-08-13T05:00:34.939+0000] {logging_mixin.py:188} INFO - [2024-08-13T05:00:34.938+0000] {dagbag.py:545} INFO - Filling up the DagBag from /home/airflow/.local/lib/python3.12/site-packages/airflow/example_dags/tutorial_dag.py
[2024-08-13T05:00:34.945+0000] {processor.py:840} INFO - DAG(s) 'tutorial_dag' retrieved from /home/airflow/.local/lib/python3.12/site-packages/airflow/example_dags/tutorial_dag.py
[2024-08-13T05:00:34.969+0000] {logging_mixin.py:188} INFO - [2024-08-13T05:00:34.969+0000] {dag.py:3089} INFO - Sync 1 DAGs
[2024-08-13T05:00:34.988+0000] {logging_mixin.py:188} INFO - [2024-08-13T05:00:34.987+0000] {dag.py:3947} INFO - Setting next_dagrun for tutorial_dag to None, run_after=None
[2024-08-13T05:00:35.049+0000] {processor.py:183} INFO - Processing /home/airflow/.local/lib/python3.12/site-packages/airflow/example_dags/tutorial_dag.py took 0.122 seconds
[2024-08-13T05:01:05.822+0000] {processor.py:161} INFO - Started process (PID=2215) to work on /home/airflow/.local/lib/python3.12/site-packages/airflow/example_dags/tutorial_dag.py
[2024-08-13T05:01:05.823+0000] {processor.py:830} INFO - Processing file /home/airflow/.local/lib/python3.12/site-packages/airflow/example_dags/tutorial_dag.py for tasks to queue
[2024-08-13T05:01:05.826+0000] {logging_mixin.py:188} INFO - [2024-08-13T05:01:05.825+0000] {dagbag.py:545} INFO - Filling up the DagBag from /home/airflow/.local/lib/python3.12/site-packages/airflow/example_dags/tutorial_dag.py
[2024-08-13T05:01:05.832+0000] {processor.py:840} INFO - DAG(s) 'tutorial_dag' retrieved from /home/airflow/.local/lib/python3.12/site-packages/airflow/example_dags/tutorial_dag.py
[2024-08-13T05:01:05.855+0000] {logging_mixin.py:188} INFO - [2024-08-13T05:01:05.855+0000] {dag.py:3089} INFO - Sync 1 DAGs
[2024-08-13T05:01:05.877+0000] {logging_mixin.py:188} INFO - [2024-08-13T05:01:05.877+0000] {dag.py:3947} INFO - Setting next_dagrun for tutorial_dag to None, run_after=None
[2024-08-13T05:01:05.989+0000] {processor.py:183} INFO - Processing /home/airflow/.local/lib/python3.12/site-packages/airflow/example_dags/tutorial_dag.py took 0.174 seconds
[2024-08-13T05:01:36.078+0000] {processor.py:161} INFO - Started process (PID=2273) to work on /home/airflow/.local/lib/python3.12/site-packages/airflow/example_dags/tutorial_dag.py
[2024-08-13T05:01:36.091+0000] {processor.py:830} INFO - Processing file /home/airflow/.local/lib/python3.12/site-packages/airflow/example_dags/tutorial_dag.py for tasks to queue
[2024-08-13T05:01:36.093+0000] {logging_mixin.py:188} INFO - [2024-08-13T05:01:36.093+0000] {dagbag.py:545} INFO - Filling up the DagBag from /home/airflow/.local/lib/python3.12/site-packages/airflow/example_dags/tutorial_dag.py
[2024-08-13T05:01:36.100+0000] {processor.py:840} INFO - DAG(s) 'tutorial_dag' retrieved from /home/airflow/.local/lib/python3.12/site-packages/airflow/example_dags/tutorial_dag.py
[2024-08-13T05:01:36.156+0000] {logging_mixin.py:188} INFO - [2024-08-13T05:01:36.156+0000] {dag.py:3089} INFO - Sync 1 DAGs
[2024-08-13T05:01:36.202+0000] {logging_mixin.py:188} INFO - [2024-08-13T05:01:36.202+0000] {dag.py:3947} INFO - Setting next_dagrun for tutorial_dag to None, run_after=None
[2024-08-13T05:01:36.484+0000] {processor.py:183} INFO - Processing /home/airflow/.local/lib/python3.12/site-packages/airflow/example_dags/tutorial_dag.py took 0.414 seconds
[2024-08-13T05:02:06.557+0000] {processor.py:161} INFO - Started process (PID=2332) to work on /home/airflow/.local/lib/python3.12/site-packages/airflow/example_dags/tutorial_dag.py
[2024-08-13T05:02:06.569+0000] {processor.py:830} INFO - Processing file /home/airflow/.local/lib/python3.12/site-packages/airflow/example_dags/tutorial_dag.py for tasks to queue
[2024-08-13T05:02:06.573+0000] {logging_mixin.py:188} INFO - [2024-08-13T05:02:06.573+0000] {dagbag.py:545} INFO - Filling up the DagBag from /home/airflow/.local/lib/python3.12/site-packages/airflow/example_dags/tutorial_dag.py
[2024-08-13T05:02:06.580+0000] {processor.py:840} INFO - DAG(s) 'tutorial_dag' retrieved from /home/airflow/.local/lib/python3.12/site-packages/airflow/example_dags/tutorial_dag.py
[2024-08-13T05:02:06.622+0000] {logging_mixin.py:188} INFO - [2024-08-13T05:02:06.622+0000] {dag.py:3089} INFO - Sync 1 DAGs
[2024-08-13T05:02:06.659+0000] {logging_mixin.py:188} INFO - [2024-08-13T05:02:06.659+0000] {dag.py:3947} INFO - Setting next_dagrun for tutorial_dag to None, run_after=None
[2024-08-13T05:02:07.268+0000] {processor.py:183} INFO - Processing /home/airflow/.local/lib/python3.12/site-packages/airflow/example_dags/tutorial_dag.py took 0.722 seconds
[2024-08-13T05:02:37.945+0000] {processor.py:161} INFO - Started process (PID=2395) to work on /home/airflow/.local/lib/python3.12/site-packages/airflow/example_dags/tutorial_dag.py
[2024-08-13T05:02:37.947+0000] {processor.py:830} INFO - Processing file /home/airflow/.local/lib/python3.12/site-packages/airflow/example_dags/tutorial_dag.py for tasks to queue
[2024-08-13T05:02:37.949+0000] {logging_mixin.py:188} INFO - [2024-08-13T05:02:37.948+0000] {dagbag.py:545} INFO - Filling up the DagBag from /home/airflow/.local/lib/python3.12/site-packages/airflow/example_dags/tutorial_dag.py
[2024-08-13T05:02:37.955+0000] {processor.py:840} INFO - DAG(s) 'tutorial_dag' retrieved from /home/airflow/.local/lib/python3.12/site-packages/airflow/example_dags/tutorial_dag.py
[2024-08-13T05:02:38.000+0000] {logging_mixin.py:188} INFO - [2024-08-13T05:02:38.000+0000] {dag.py:3089} INFO - Sync 1 DAGs
[2024-08-13T05:02:38.054+0000] {logging_mixin.py:188} INFO - [2024-08-13T05:02:38.054+0000] {dag.py:3947} INFO - Setting next_dagrun for tutorial_dag to None, run_after=None
[2024-08-13T05:02:39.399+0000] {processor.py:183} INFO - Processing /home/airflow/.local/lib/python3.12/site-packages/airflow/example_dags/tutorial_dag.py took 1.481 seconds
[2024-08-13T05:03:09.665+0000] {processor.py:161} INFO - Started process (PID=2453) to work on /home/airflow/.local/lib/python3.12/site-packages/airflow/example_dags/tutorial_dag.py
[2024-08-13T05:03:09.666+0000] {processor.py:830} INFO - Processing file /home/airflow/.local/lib/python3.12/site-packages/airflow/example_dags/tutorial_dag.py for tasks to queue
[2024-08-13T05:03:09.669+0000] {logging_mixin.py:188} INFO - [2024-08-13T05:03:09.668+0000] {dagbag.py:545} INFO - Filling up the DagBag from /home/airflow/.local/lib/python3.12/site-packages/airflow/example_dags/tutorial_dag.py
[2024-08-13T05:03:09.676+0000] {processor.py:840} INFO - DAG(s) 'tutorial_dag' retrieved from /home/airflow/.local/lib/python3.12/site-packages/airflow/example_dags/tutorial_dag.py
[2024-08-13T05:03:09.702+0000] {logging_mixin.py:188} INFO - [2024-08-13T05:03:09.701+0000] {dag.py:3089} INFO - Sync 1 DAGs
[2024-08-13T05:03:09.726+0000] {logging_mixin.py:188} INFO - [2024-08-13T05:03:09.726+0000] {dag.py:3947} INFO - Setting next_dagrun for tutorial_dag to None, run_after=None
[2024-08-13T05:03:09.811+0000] {processor.py:183} INFO - Processing /home/airflow/.local/lib/python3.12/site-packages/airflow/example_dags/tutorial_dag.py took 0.155 seconds
