[2024-08-28T13:58:01.573+0000] {processor.py:161} INFO - Started process (PID=66) to work on /opt/airflow/dags/weather_etl_dag.py
[2024-08-28T13:58:01.579+0000] {processor.py:830} INFO - Processing file /opt/airflow/dags/weather_etl_dag.py for tasks to queue
[2024-08-28T13:58:01.586+0000] {logging_mixin.py:188} INFO - [2024-08-28T13:58:01.585+0000] {dagbag.py:545} INFO - Filling up the DagBag from /opt/airflow/dags/weather_etl_dag.py
[2024-08-28T13:58:17.950+0000] {processor.py:840} INFO - DAG(s) 'weather_etl_dag' retrieved from /opt/airflow/dags/weather_etl_dag.py
[2024-08-28T13:58:18.360+0000] {logging_mixin.py:188} INFO - [2024-08-28T13:58:18.359+0000] {dag.py:3089} INFO - Sync 1 DAGs
[2024-08-28T13:58:18.495+0000] {logging_mixin.py:188} INFO - [2024-08-28T13:58:18.494+0000] {dag.py:3947} INFO - Setting next_dagrun for weather_etl_dag to 2024-08-28 00:00:00+00:00, run_after=2024-08-29 00:00:00+00:00
[2024-08-28T13:58:18.638+0000] {processor.py:183} INFO - Processing /opt/airflow/dags/weather_etl_dag.py took 17.069 seconds
[2024-08-28T14:08:19.594+0000] {processor.py:161} INFO - Started process (PID=197) to work on /opt/airflow/dags/weather_etl_dag.py
[2024-08-28T14:08:19.595+0000] {processor.py:830} INFO - Processing file /opt/airflow/dags/weather_etl_dag.py for tasks to queue
[2024-08-28T14:08:19.596+0000] {logging_mixin.py:188} INFO - [2024-08-28T14:08:19.596+0000] {dagbag.py:545} INFO - Filling up the DagBag from /opt/airflow/dags/weather_etl_dag.py
[2024-08-28T14:08:20.139+0000] {processor.py:840} INFO - DAG(s) 'weather_etl_dag' retrieved from /opt/airflow/dags/weather_etl_dag.py
[2024-08-28T14:08:20.161+0000] {logging_mixin.py:188} INFO - [2024-08-28T14:08:20.161+0000] {dag.py:3089} INFO - Sync 1 DAGs
[2024-08-28T14:08:20.181+0000] {logging_mixin.py:188} INFO - [2024-08-28T14:08:20.181+0000] {dag.py:3947} INFO - Setting next_dagrun for weather_etl_dag to 2024-08-28 00:00:00+00:00, run_after=2024-08-29 00:00:00+00:00
[2024-08-28T14:08:20.255+0000] {processor.py:183} INFO - Processing /opt/airflow/dags/weather_etl_dag.py took 0.666 seconds
[2024-08-28T14:18:21.009+0000] {processor.py:161} INFO - Started process (PID=317) to work on /opt/airflow/dags/weather_etl_dag.py
[2024-08-28T14:18:21.011+0000] {processor.py:830} INFO - Processing file /opt/airflow/dags/weather_etl_dag.py for tasks to queue
[2024-08-28T14:18:21.013+0000] {logging_mixin.py:188} INFO - [2024-08-28T14:18:21.013+0000] {dagbag.py:545} INFO - Filling up the DagBag from /opt/airflow/dags/weather_etl_dag.py
[2024-08-28T14:18:22.763+0000] {processor.py:840} INFO - DAG(s) 'weather_etl_dag' retrieved from /opt/airflow/dags/weather_etl_dag.py
[2024-08-28T14:18:23.065+0000] {logging_mixin.py:188} INFO - [2024-08-28T14:18:23.063+0000] {dag.py:3089} INFO - Sync 1 DAGs
[2024-08-28T14:18:23.127+0000] {logging_mixin.py:188} INFO - [2024-08-28T14:18:23.127+0000] {dag.py:3947} INFO - Setting next_dagrun for weather_etl_dag to 2024-08-28 00:00:00+00:00, run_after=2024-08-29 00:00:00+00:00
[2024-08-28T14:18:23.574+0000] {processor.py:183} INFO - Processing /opt/airflow/dags/weather_etl_dag.py took 2.580 seconds
[2024-08-28T14:28:23.658+0000] {processor.py:161} INFO - Started process (PID=447) to work on /opt/airflow/dags/weather_etl_dag.py
[2024-08-28T14:28:23.660+0000] {processor.py:830} INFO - Processing file /opt/airflow/dags/weather_etl_dag.py for tasks to queue
[2024-08-28T14:28:23.662+0000] {logging_mixin.py:188} INFO - [2024-08-28T14:28:23.662+0000] {dagbag.py:545} INFO - Filling up the DagBag from /opt/airflow/dags/weather_etl_dag.py
[2024-08-28T14:28:24.193+0000] {processor.py:840} INFO - DAG(s) 'weather_etl_dag' retrieved from /opt/airflow/dags/weather_etl_dag.py
[2024-08-28T14:28:24.223+0000] {logging_mixin.py:188} INFO - [2024-08-28T14:28:24.222+0000] {dag.py:3089} INFO - Sync 1 DAGs
[2024-08-28T14:28:24.246+0000] {logging_mixin.py:188} INFO - [2024-08-28T14:28:24.245+0000] {dag.py:3947} INFO - Setting next_dagrun for weather_etl_dag to 2024-08-28 00:00:00+00:00, run_after=2024-08-29 00:00:00+00:00
[2024-08-28T14:28:24.540+0000] {processor.py:183} INFO - Processing /opt/airflow/dags/weather_etl_dag.py took 0.888 seconds
[2024-08-28T16:36:14.271+0000] {processor.py:161} INFO - Started process (PID=486) to work on /opt/airflow/dags/weather_etl_dag.py
[2024-08-28T16:36:14.272+0000] {processor.py:830} INFO - Processing file /opt/airflow/dags/weather_etl_dag.py for tasks to queue
[2024-08-28T16:36:14.275+0000] {logging_mixin.py:188} INFO - [2024-08-28T16:36:14.275+0000] {dagbag.py:545} INFO - Filling up the DagBag from /opt/airflow/dags/weather_etl_dag.py
[2024-08-28T16:36:15.334+0000] {processor.py:840} INFO - DAG(s) 'weather_etl_dag' retrieved from /opt/airflow/dags/weather_etl_dag.py
[2024-08-28T16:36:15.393+0000] {logging_mixin.py:188} INFO - [2024-08-28T16:36:15.393+0000] {dag.py:3089} INFO - Sync 1 DAGs
[2024-08-28T16:36:15.422+0000] {logging_mixin.py:188} INFO - [2024-08-28T16:36:15.422+0000] {dag.py:3947} INFO - Setting next_dagrun for weather_etl_dag to 2024-08-28 00:00:00+00:00, run_after=2024-08-29 00:00:00+00:00
[2024-08-28T16:36:17.227+0000] {processor.py:183} INFO - Processing /opt/airflow/dags/weather_etl_dag.py took 2.963 seconds
[2024-08-28T16:46:18.281+0000] {processor.py:161} INFO - Started process (PID=609) to work on /opt/airflow/dags/weather_etl_dag.py
[2024-08-28T16:46:18.283+0000] {processor.py:830} INFO - Processing file /opt/airflow/dags/weather_etl_dag.py for tasks to queue
[2024-08-28T16:46:18.288+0000] {logging_mixin.py:188} INFO - [2024-08-28T16:46:18.288+0000] {dagbag.py:545} INFO - Filling up the DagBag from /opt/airflow/dags/weather_etl_dag.py
[2024-08-28T16:46:19.105+0000] {processor.py:840} INFO - DAG(s) 'weather_etl_dag' retrieved from /opt/airflow/dags/weather_etl_dag.py
[2024-08-28T16:46:19.161+0000] {logging_mixin.py:188} INFO - [2024-08-28T16:46:19.160+0000] {dag.py:3089} INFO - Sync 1 DAGs
[2024-08-28T16:46:19.219+0000] {logging_mixin.py:188} INFO - [2024-08-28T16:46:19.218+0000] {dag.py:3947} INFO - Setting next_dagrun for weather_etl_dag to 2024-08-28 00:00:00+00:00, run_after=2024-08-29 00:00:00+00:00
[2024-08-28T16:46:19.431+0000] {processor.py:183} INFO - Processing /opt/airflow/dags/weather_etl_dag.py took 1.158 seconds
[2024-08-28T17:13:50.246+0000] {processor.py:161} INFO - Started process (PID=684) to work on /opt/airflow/dags/weather_etl_dag.py
[2024-08-28T17:13:50.249+0000] {processor.py:830} INFO - Processing file /opt/airflow/dags/weather_etl_dag.py for tasks to queue
[2024-08-28T17:13:50.251+0000] {logging_mixin.py:188} INFO - [2024-08-28T17:13:50.251+0000] {dagbag.py:545} INFO - Filling up the DagBag from /opt/airflow/dags/weather_etl_dag.py
[2024-08-28T17:13:51.408+0000] {processor.py:840} INFO - DAG(s) 'weather_etl_dag' retrieved from /opt/airflow/dags/weather_etl_dag.py
[2024-08-28T17:13:51.509+0000] {logging_mixin.py:188} INFO - [2024-08-28T17:13:51.509+0000] {dag.py:3089} INFO - Sync 1 DAGs
[2024-08-28T17:13:51.581+0000] {logging_mixin.py:188} INFO - [2024-08-28T17:13:51.580+0000] {dag.py:3947} INFO - Setting next_dagrun for weather_etl_dag to 2024-08-28 00:00:00+00:00, run_after=2024-08-29 00:00:00+00:00
[2024-08-28T17:13:53.265+0000] {processor.py:183} INFO - Processing /opt/airflow/dags/weather_etl_dag.py took 3.035 seconds
[2024-08-28T18:27:00.384+0000] {processor.py:161} INFO - Started process (PID=717) to work on /opt/airflow/dags/weather_etl_dag.py
[2024-08-28T18:27:00.396+0000] {processor.py:830} INFO - Processing file /opt/airflow/dags/weather_etl_dag.py for tasks to queue
[2024-08-28T18:27:00.399+0000] {logging_mixin.py:188} INFO - [2024-08-28T18:27:00.399+0000] {dagbag.py:545} INFO - Filling up the DagBag from /opt/airflow/dags/weather_etl_dag.py
[2024-08-28T18:27:01.194+0000] {processor.py:840} INFO - DAG(s) 'weather_etl_dag' retrieved from /opt/airflow/dags/weather_etl_dag.py
[2024-08-28T18:27:01.275+0000] {logging_mixin.py:188} INFO - [2024-08-28T18:27:01.264+0000] {dag.py:3089} INFO - Sync 1 DAGs
[2024-08-28T18:27:01.330+0000] {logging_mixin.py:188} INFO - [2024-08-28T18:27:01.330+0000] {dag.py:3947} INFO - Setting next_dagrun for weather_etl_dag to 2024-08-28 00:00:00+00:00, run_after=2024-08-29 00:00:00+00:00
[2024-08-28T18:27:02.908+0000] {processor.py:183} INFO - Processing /opt/airflow/dags/weather_etl_dag.py took 2.541 seconds
[2024-08-28T23:07:28.558+0000] {processor.py:161} INFO - Started process (PID=64) to work on /opt/airflow/dags/weather_etl_dag.py
[2024-08-28T23:07:28.575+0000] {processor.py:830} INFO - Processing file /opt/airflow/dags/weather_etl_dag.py for tasks to queue
[2024-08-28T23:07:28.581+0000] {logging_mixin.py:188} INFO - [2024-08-28T23:07:28.581+0000] {dagbag.py:545} INFO - Filling up the DagBag from /opt/airflow/dags/weather_etl_dag.py
[2024-08-28T23:07:43.030+0000] {processor.py:840} INFO - DAG(s) 'weather_etl_dag' retrieved from /opt/airflow/dags/weather_etl_dag.py
[2024-08-28T23:07:44.163+0000] {logging_mixin.py:188} INFO - [2024-08-28T23:07:44.162+0000] {dag.py:3089} INFO - Sync 1 DAGs
[2024-08-28T23:07:45.583+0000] {logging_mixin.py:188} INFO - [2024-08-28T23:07:45.583+0000] {dag.py:3947} INFO - Setting next_dagrun for weather_etl_dag to 2024-08-28 00:00:00+00:00, run_after=2024-08-29 00:00:00+00:00
[2024-08-28T23:07:46.782+0000] {processor.py:183} INFO - Processing /opt/airflow/dags/weather_etl_dag.py took 18.241 seconds
[2024-08-28T23:17:47.475+0000] {processor.py:161} INFO - Started process (PID=186) to work on /opt/airflow/dags/weather_etl_dag.py
[2024-08-28T23:17:47.484+0000] {processor.py:830} INFO - Processing file /opt/airflow/dags/weather_etl_dag.py for tasks to queue
[2024-08-28T23:17:47.489+0000] {logging_mixin.py:188} INFO - [2024-08-28T23:17:47.488+0000] {dagbag.py:545} INFO - Filling up the DagBag from /opt/airflow/dags/weather_etl_dag.py
[2024-08-28T23:17:47.958+0000] {processor.py:840} INFO - DAG(s) 'weather_etl_dag' retrieved from /opt/airflow/dags/weather_etl_dag.py
[2024-08-28T23:17:47.990+0000] {logging_mixin.py:188} INFO - [2024-08-28T23:17:47.990+0000] {dag.py:3089} INFO - Sync 1 DAGs
[2024-08-28T23:17:48.016+0000] {logging_mixin.py:188} INFO - [2024-08-28T23:17:48.016+0000] {dag.py:3947} INFO - Setting next_dagrun for weather_etl_dag to 2024-08-28 00:00:00+00:00, run_after=2024-08-29 00:00:00+00:00
[2024-08-28T23:17:48.199+0000] {processor.py:183} INFO - Processing /opt/airflow/dags/weather_etl_dag.py took 0.735 seconds
[2024-08-28T23:27:49.080+0000] {processor.py:161} INFO - Started process (PID=308) to work on /opt/airflow/dags/weather_etl_dag.py
[2024-08-28T23:27:49.081+0000] {processor.py:830} INFO - Processing file /opt/airflow/dags/weather_etl_dag.py for tasks to queue
[2024-08-28T23:27:49.084+0000] {logging_mixin.py:188} INFO - [2024-08-28T23:27:49.083+0000] {dagbag.py:545} INFO - Filling up the DagBag from /opt/airflow/dags/weather_etl_dag.py
[2024-08-28T23:27:49.536+0000] {processor.py:840} INFO - DAG(s) 'weather_etl_dag' retrieved from /opt/airflow/dags/weather_etl_dag.py
[2024-08-28T23:27:49.559+0000] {logging_mixin.py:188} INFO - [2024-08-28T23:27:49.559+0000] {dag.py:3089} INFO - Sync 1 DAGs
[2024-08-28T23:27:49.577+0000] {logging_mixin.py:188} INFO - [2024-08-28T23:27:49.577+0000] {dag.py:3947} INFO - Setting next_dagrun for weather_etl_dag to 2024-08-28 00:00:00+00:00, run_after=2024-08-29 00:00:00+00:00
[2024-08-28T23:27:49.629+0000] {processor.py:183} INFO - Processing /opt/airflow/dags/weather_etl_dag.py took 0.557 seconds
[2024-08-28T23:37:49.887+0000] {processor.py:161} INFO - Started process (PID=432) to work on /opt/airflow/dags/weather_etl_dag.py
[2024-08-28T23:37:49.888+0000] {processor.py:830} INFO - Processing file /opt/airflow/dags/weather_etl_dag.py for tasks to queue
[2024-08-28T23:37:49.890+0000] {logging_mixin.py:188} INFO - [2024-08-28T23:37:49.890+0000] {dagbag.py:545} INFO - Filling up the DagBag from /opt/airflow/dags/weather_etl_dag.py
[2024-08-28T23:37:50.356+0000] {processor.py:840} INFO - DAG(s) 'weather_etl_dag' retrieved from /opt/airflow/dags/weather_etl_dag.py
[2024-08-28T23:37:50.381+0000] {logging_mixin.py:188} INFO - [2024-08-28T23:37:50.380+0000] {dag.py:3089} INFO - Sync 1 DAGs
[2024-08-28T23:37:50.399+0000] {logging_mixin.py:188} INFO - [2024-08-28T23:37:50.399+0000] {dag.py:3947} INFO - Setting next_dagrun for weather_etl_dag to 2024-08-28 00:00:00+00:00, run_after=2024-08-29 00:00:00+00:00
[2024-08-28T23:37:51.289+0000] {processor.py:183} INFO - Processing /opt/airflow/dags/weather_etl_dag.py took 1.408 seconds
[2024-08-28T23:47:51.506+0000] {processor.py:161} INFO - Started process (PID=559) to work on /opt/airflow/dags/weather_etl_dag.py
[2024-08-28T23:47:51.507+0000] {processor.py:830} INFO - Processing file /opt/airflow/dags/weather_etl_dag.py for tasks to queue
[2024-08-28T23:47:51.509+0000] {logging_mixin.py:188} INFO - [2024-08-28T23:47:51.508+0000] {dagbag.py:545} INFO - Filling up the DagBag from /opt/airflow/dags/weather_etl_dag.py
[2024-08-28T23:47:52.033+0000] {processor.py:840} INFO - DAG(s) 'weather_etl_dag' retrieved from /opt/airflow/dags/weather_etl_dag.py
[2024-08-28T23:47:52.058+0000] {logging_mixin.py:188} INFO - [2024-08-28T23:47:52.058+0000] {dag.py:3089} INFO - Sync 1 DAGs
[2024-08-28T23:47:52.077+0000] {logging_mixin.py:188} INFO - [2024-08-28T23:47:52.077+0000] {dag.py:3947} INFO - Setting next_dagrun for weather_etl_dag to 2024-08-28 00:00:00+00:00, run_after=2024-08-29 00:00:00+00:00
[2024-08-28T23:47:53.010+0000] {processor.py:183} INFO - Processing /opt/airflow/dags/weather_etl_dag.py took 1.513 seconds
[2024-08-28T23:57:53.630+0000] {processor.py:161} INFO - Started process (PID=685) to work on /opt/airflow/dags/weather_etl_dag.py
[2024-08-28T23:57:53.631+0000] {processor.py:830} INFO - Processing file /opt/airflow/dags/weather_etl_dag.py for tasks to queue
[2024-08-28T23:57:53.633+0000] {logging_mixin.py:188} INFO - [2024-08-28T23:57:53.633+0000] {dagbag.py:545} INFO - Filling up the DagBag from /opt/airflow/dags/weather_etl_dag.py
[2024-08-28T23:57:54.303+0000] {processor.py:840} INFO - DAG(s) 'weather_etl_dag' retrieved from /opt/airflow/dags/weather_etl_dag.py
[2024-08-28T23:57:54.553+0000] {logging_mixin.py:188} INFO - [2024-08-28T23:57:54.553+0000] {dag.py:3089} INFO - Sync 1 DAGs
[2024-08-28T23:57:54.580+0000] {logging_mixin.py:188} INFO - [2024-08-28T23:57:54.580+0000] {dag.py:3947} INFO - Setting next_dagrun for weather_etl_dag to 2024-08-28 00:00:00+00:00, run_after=2024-08-29 00:00:00+00:00
[2024-08-28T23:57:54.643+0000] {processor.py:183} INFO - Processing /opt/airflow/dags/weather_etl_dag.py took 1.033 seconds
