[2024-08-14T02:36:13.645+0000] {local_task_job_runner.py:120} INFO - ::group::Pre task execution logs
[2024-08-14T02:36:14.450+0000] {taskinstance.py:2076} INFO - Dependencies all met for dep_context=non-requeueable deps ti=<TaskInstance: weather_etl_dag.get_municipios manual__2024-08-14T02:34:33.001323+00:00 [queued]>
[2024-08-14T02:36:14.463+0000] {taskinstance.py:2076} INFO - Dependencies all met for dep_context=requeueable deps ti=<TaskInstance: weather_etl_dag.get_municipios manual__2024-08-14T02:34:33.001323+00:00 [queued]>
[2024-08-14T02:36:14.481+0000] {taskinstance.py:2306} INFO - Starting attempt 1 of 2
[2024-08-14T02:36:14.545+0000] {taskinstance.py:2330} INFO - Executing <Task(PythonOperator): get_municipios> on 2024-08-14 02:34:33.001323+00:00
[2024-08-14T02:36:14.555+0000] {warnings.py:112} WARNING - /home/***/.local/lib/python3.12/site-packages/***/task/task_runner/standard_task_runner.py:62: DeprecationWarning: This process (pid=725) is multi-threaded, use of fork() may lead to deadlocks in the child.
  pid = os.fork()

[2024-08-14T02:36:14.559+0000] {standard_task_runner.py:64} INFO - Started process 727 to run task
[2024-08-14T02:36:14.564+0000] {standard_task_runner.py:90} INFO - Running: ['***', 'tasks', 'run', 'weather_etl_dag', 'get_municipios', 'manual__2024-08-14T02:34:33.001323+00:00', '--job-id', '57', '--raw', '--subdir', 'DAGS_FOLDER/weather_etl_dag.py', '--cfg-path', '/tmp/tmpwrt09rvn']
[2024-08-14T02:36:14.567+0000] {standard_task_runner.py:91} INFO - Job 57: Subtask get_municipios
[2024-08-14T02:36:14.721+0000] {task_command.py:426} INFO - Running <TaskInstance: weather_etl_dag.get_municipios manual__2024-08-14T02:34:33.001323+00:00 [running]> on host 712d18ef94ea
[2024-08-14T02:36:14.937+0000] {taskinstance.py:2648} INFO - Exporting env vars: AIRFLOW_CTX_DAG_OWNER='***' AIRFLOW_CTX_DAG_ID='weather_etl_dag' AIRFLOW_CTX_TASK_ID='get_municipios' AIRFLOW_CTX_EXECUTION_DATE='2024-08-14T02:34:33.001323+00:00' AIRFLOW_CTX_TRY_NUMBER='1' AIRFLOW_CTX_DAG_RUN_ID='manual__2024-08-14T02:34:33.001323+00:00'
[2024-08-14T02:36:14.938+0000] {taskinstance.py:430} INFO - ::endgroup::
[2024-08-14T02:36:16.129+0000] {logging_mixin.py:188} INFO - Conexión establecida con Redshift.
[2024-08-14T02:36:16.130+0000] {logging_mixin.py:188} INFO - Ejecutando la consulta SQL...
[2024-08-14T02:36:16.145+0000] {warnings.py:112} WARNING - /opt/***/dags/weather_etl_dag.py:82: UserWarning: pandas only supports SQLAlchemy connectable (engine/connection) or database string URI or sqlite3 DBAPI2 connection. Other DBAPI2 objects are not tested. Please consider using SQLAlchemy.
  df_municipios = pd.read_sql_query(query, conn)

[2024-08-14T02:36:16.652+0000] {logging_mixin.py:188} INFO - Consulta ejecutada, numero de registros obtenidos:18
[2024-08-14T02:36:16.653+0000] {logging_mixin.py:188} INFO - conexion a redshift cerrada
[2024-08-14T02:36:17.295+0000] {python.py:237} INFO - Done. Returned value was: None
[2024-08-14T02:36:17.315+0000] {taskinstance.py:441} INFO - ::group::Post task execution logs
[2024-08-14T02:36:17.403+0000] {taskinstance.py:1206} INFO - Marking task as SUCCESS. dag_id=weather_etl_dag, task_id=get_municipios, run_id=manual__2024-08-14T02:34:33.001323+00:00, execution_date=20240814T023433, start_date=20240814T023614, end_date=20240814T023617
[2024-08-14T02:36:17.762+0000] {local_task_job_runner.py:243} INFO - Task exited with return code 0
[2024-08-14T02:36:17.815+0000] {taskinstance.py:3503} INFO - 1 downstream tasks scheduled from follow-on schedule check
[2024-08-14T02:36:18.175+0000] {local_task_job_runner.py:222} INFO - ::endgroup::
