[2024-08-20T14:55:29.389+0000] {local_task_job_runner.py:120} INFO - ::group::Pre task execution logs
[2024-08-20T14:55:29.462+0000] {taskinstance.py:2076} INFO - Dependencies all met for dep_context=non-requeueable deps ti=<TaskInstance: weather_etl_dag.insert_weather_data scheduled__2024-08-19T00:00:00+00:00 [queued]>
[2024-08-20T14:55:29.487+0000] {taskinstance.py:2076} INFO - Dependencies all met for dep_context=requeueable deps ti=<TaskInstance: weather_etl_dag.insert_weather_data scheduled__2024-08-19T00:00:00+00:00 [queued]>
[2024-08-20T14:55:29.506+0000] {taskinstance.py:2306} INFO - Starting attempt 1 of 2
[2024-08-20T14:55:29.768+0000] {taskinstance.py:2330} INFO - Executing <Task(PythonOperator): insert_weather_data> on 2024-08-19 00:00:00+00:00
[2024-08-20T14:55:29.774+0000] {warnings.py:112} WARNING - /home/***/.local/lib/python3.12/site-packages/***/task/task_runner/standard_task_runner.py:62: DeprecationWarning: This process (pid=91) is multi-threaded, use of fork() may lead to deadlocks in the child.
  pid = os.fork()

[2024-08-20T14:55:29.776+0000] {standard_task_runner.py:64} INFO - Started process 93 to run task
[2024-08-20T14:55:29.776+0000] {standard_task_runner.py:90} INFO - Running: ['***', 'tasks', 'run', 'weather_etl_dag', 'insert_weather_data', 'scheduled__2024-08-19T00:00:00+00:00', '--job-id', '226', '--raw', '--subdir', 'DAGS_FOLDER/weather_etl_dag.py', '--cfg-path', '/tmp/tmpd26of3h_']
[2024-08-20T14:55:29.778+0000] {standard_task_runner.py:91} INFO - Job 226: Subtask insert_weather_data
[2024-08-20T14:55:29.994+0000] {task_command.py:426} INFO - Running <TaskInstance: weather_etl_dag.insert_weather_data scheduled__2024-08-19T00:00:00+00:00 [running]> on host b7290fbe53d7
[2024-08-20T14:55:30.631+0000] {taskinstance.py:2648} INFO - Exporting env vars: AIRFLOW_CTX_DAG_OWNER='***' AIRFLOW_CTX_DAG_ID='weather_etl_dag' AIRFLOW_CTX_TASK_ID='insert_weather_data' AIRFLOW_CTX_EXECUTION_DATE='2024-08-19T00:00:00+00:00' AIRFLOW_CTX_TRY_NUMBER='1' AIRFLOW_CTX_DAG_RUN_ID='scheduled__2024-08-19T00:00:00+00:00'
[2024-08-20T14:55:30.634+0000] {taskinstance.py:430} INFO - ::endgroup::
[2024-08-20T14:55:34.444+0000] {logging_mixin.py:188} INFO - Todos los pronósticos han sido insertados con éxito en Redshift.
[2024-08-20T14:55:34.446+0000] {python.py:237} INFO - Done. Returned value was: None
[2024-08-20T14:55:34.447+0000] {taskinstance.py:441} INFO - ::group::Post task execution logs
[2024-08-20T14:55:34.456+0000] {taskinstance.py:1206} INFO - Marking task as SUCCESS. dag_id=weather_etl_dag, task_id=insert_weather_data, run_id=scheduled__2024-08-19T00:00:00+00:00, execution_date=20240819T000000, start_date=20240820T145529, end_date=20240820T145534
[2024-08-20T14:55:34.647+0000] {local_task_job_runner.py:243} INFO - Task exited with return code 0
[2024-08-20T14:55:34.673+0000] {taskinstance.py:3503} INFO - 1 downstream tasks scheduled from follow-on schedule check
[2024-08-20T14:55:34.801+0000] {local_task_job_runner.py:222} INFO - ::endgroup::
[2024-09-06T00:00:05.134+0000] {local_task_job_runner.py:123} INFO - ::group::Pre task execution logs
[2024-09-06T00:00:05.193+0000] {taskinstance.py:2603} INFO - Dependencies all met for dep_context=non-requeueable deps ti=<TaskInstance: weather_etl_dag.insert_weather_data scheduled__2024-08-19T00:00:00+00:00 [queued]>
[2024-09-06T00:00:05.202+0000] {taskinstance.py:2603} INFO - Dependencies all met for dep_context=requeueable deps ti=<TaskInstance: weather_etl_dag.insert_weather_data scheduled__2024-08-19T00:00:00+00:00 [queued]>
[2024-09-06T00:00:05.202+0000] {taskinstance.py:2856} INFO - Starting attempt 1 of 2
[2024-09-06T00:00:05.287+0000] {taskinstance.py:2879} INFO - Executing <Task(PythonOperator): insert_weather_data> on 2024-08-19 00:00:00+00:00
[2024-09-06T00:00:05.294+0000] {warnings.py:112} WARNING - /usr/local/lib/python3.12/site-packages/***/task/task_runner/standard_task_runner.py:70: DeprecationWarning: This process (pid=582) is multi-threaded, use of fork() may lead to deadlocks in the child.
  pid = os.fork()

[2024-09-06T00:00:05.299+0000] {standard_task_runner.py:72} INFO - Started process 585 to run task
[2024-09-06T00:00:05.302+0000] {standard_task_runner.py:104} INFO - Running: ['***', 'tasks', 'run', 'weather_etl_dag', 'insert_weather_data', 'scheduled__2024-08-19T00:00:00+00:00', '--job-id', '173', '--raw', '--subdir', 'DAGS_FOLDER/weather_etl_dag.py', '--cfg-path', '/tmp/tmp93umoxyh']
[2024-09-06T00:00:05.310+0000] {standard_task_runner.py:105} INFO - Job 173: Subtask insert_weather_data
[2024-09-06T00:00:05.462+0000] {task_command.py:467} INFO - Running <TaskInstance: weather_etl_dag.insert_weather_data scheduled__2024-08-19T00:00:00+00:00 [running]> on host da9f5d3bcb59
[2024-09-06T00:00:05.978+0000] {taskinstance.py:3122} INFO - Exporting env vars: AIRFLOW_CTX_DAG_OWNER='***' AIRFLOW_CTX_DAG_ID='weather_etl_dag' AIRFLOW_CTX_TASK_ID='insert_weather_data' AIRFLOW_CTX_EXECUTION_DATE='2024-08-19T00:00:00+00:00' AIRFLOW_CTX_TRY_NUMBER='1' AIRFLOW_CTX_DAG_RUN_ID='scheduled__2024-08-19T00:00:00+00:00'
[2024-09-06T00:00:05.980+0000] {taskinstance.py:731} INFO - ::endgroup::
[2024-09-06T00:00:09.292+0000] {python.py:240} INFO - Done. Returned value was: None
[2024-09-06T00:00:09.305+0000] {taskinstance.py:340} INFO - ::group::Post task execution logs
[2024-09-06T00:00:09.305+0000] {taskinstance.py:352} INFO - Marking task as SUCCESS. dag_id=weather_etl_dag, task_id=insert_weather_data, run_id=scheduled__2024-08-19T00:00:00+00:00, execution_date=20240819T000000, start_date=20240906T000005, end_date=20240906T000009
[2024-09-06T00:00:09.411+0000] {local_task_job_runner.py:261} INFO - Task exited with return code 0
[2024-09-06T00:00:09.454+0000] {taskinstance.py:3891} INFO - 1 downstream tasks scheduled from follow-on schedule check
[2024-09-06T00:00:09.530+0000] {local_task_job_runner.py:240} INFO - ::endgroup::
