[2024-08-15T00:03:33.801+0000] {local_task_job_runner.py:120} INFO - ::group::Pre task execution logs
[2024-08-15T00:03:34.142+0000] {taskinstance.py:2076} INFO - Dependencies all met for dep_context=non-requeueable deps ti=<TaskInstance: weather_etl_dag.update_sequia_indicator scheduled__2024-08-14T00:00:00+00:00 [queued]>
[2024-08-15T00:03:34.160+0000] {taskinstance.py:2076} INFO - Dependencies all met for dep_context=requeueable deps ti=<TaskInstance: weather_etl_dag.update_sequia_indicator scheduled__2024-08-14T00:00:00+00:00 [queued]>
[2024-08-15T00:03:34.163+0000] {taskinstance.py:2306} INFO - Starting attempt 1 of 2
[2024-08-15T00:03:34.229+0000] {taskinstance.py:2330} INFO - Executing <Task(PythonOperator): update_sequia_indicator> on 2024-08-14 00:00:00+00:00
[2024-08-15T00:03:34.240+0000] {warnings.py:112} WARNING - /home/***/.local/lib/python3.12/site-packages/***/task/task_runner/standard_task_runner.py:62: DeprecationWarning: This process (pid=1711) is multi-threaded, use of fork() may lead to deadlocks in the child.
  pid = os.fork()

[2024-08-15T00:03:34.242+0000] {standard_task_runner.py:64} INFO - Started process 1713 to run task
[2024-08-15T00:03:34.249+0000] {standard_task_runner.py:90} INFO - Running: ['***', 'tasks', 'run', 'weather_etl_dag', 'update_sequia_indicator', 'scheduled__2024-08-14T00:00:00+00:00', '--job-id', '162', '--raw', '--subdir', 'DAGS_FOLDER/weather_etl_dag.py', '--cfg-path', '/tmp/tmpv1sw4w5v']
[2024-08-15T00:03:34.253+0000] {standard_task_runner.py:91} INFO - Job 162: Subtask update_sequia_indicator
[2024-08-15T00:03:34.399+0000] {task_command.py:426} INFO - Running <TaskInstance: weather_etl_dag.update_sequia_indicator scheduled__2024-08-14T00:00:00+00:00 [running]> on host 6da407953da9
[2024-08-15T00:03:34.729+0000] {taskinstance.py:2648} INFO - Exporting env vars: AIRFLOW_CTX_DAG_OWNER='***' AIRFLOW_CTX_DAG_ID='weather_etl_dag' AIRFLOW_CTX_TASK_ID='update_sequia_indicator' AIRFLOW_CTX_EXECUTION_DATE='2024-08-14T00:00:00+00:00' AIRFLOW_CTX_TRY_NUMBER='1' AIRFLOW_CTX_DAG_RUN_ID='scheduled__2024-08-14T00:00:00+00:00'
[2024-08-15T00:03:34.734+0000] {taskinstance.py:430} INFO - ::endgroup::
[2024-08-15T00:03:34.767+0000] {logging_mixin.py:188} INFO - iniciando conexion a redshift para actualizar sequia
[2024-08-15T00:03:34.924+0000] {logging_mixin.py:188} INFO - Número de registros a actualizar en la tabla: 18
[2024-08-15T00:03:34.945+0000] {logging_mixin.py:188} INFO - Datos para actualizar en la tabla:    cve_mun            municipio fecha_pronostico indicador_sequia
0        1    Amealco De Bonfil       2024-08-14               D4
1        2      Pinal De Amoles       2024-08-14               D1
2        3          Arroyo Seco       2024-08-14               D0
3        4  Cadereyta De Montes       2024-08-14               D3
4        5                Colon       2024-08-14               D4
[2024-08-15T00:03:35.711+0000] {logging_mixin.py:188} INFO - actualizacion realizada para cve_mun: 1, fecha_pronostico:2024-08-14
[2024-08-15T00:03:35.834+0000] {logging_mixin.py:188} INFO - actualizacion realizada para cve_mun: 2, fecha_pronostico:2024-08-14
[2024-08-15T00:03:35.955+0000] {logging_mixin.py:188} INFO - actualizacion realizada para cve_mun: 3, fecha_pronostico:2024-08-14
[2024-08-15T00:03:36.082+0000] {logging_mixin.py:188} INFO - actualizacion realizada para cve_mun: 4, fecha_pronostico:2024-08-14
[2024-08-15T00:03:36.206+0000] {logging_mixin.py:188} INFO - actualizacion realizada para cve_mun: 5, fecha_pronostico:2024-08-14
[2024-08-15T00:03:36.355+0000] {logging_mixin.py:188} INFO - actualizacion realizada para cve_mun: 6, fecha_pronostico:2024-08-14
[2024-08-15T00:03:36.500+0000] {logging_mixin.py:188} INFO - actualizacion realizada para cve_mun: 7, fecha_pronostico:2024-08-14
[2024-08-15T00:03:36.624+0000] {logging_mixin.py:188} INFO - actualizacion realizada para cve_mun: 8, fecha_pronostico:2024-08-14
[2024-08-15T00:03:36.751+0000] {logging_mixin.py:188} INFO - actualizacion realizada para cve_mun: 9, fecha_pronostico:2024-08-14
[2024-08-15T00:03:36.879+0000] {logging_mixin.py:188} INFO - actualizacion realizada para cve_mun: 10, fecha_pronostico:2024-08-14
[2024-08-15T00:03:37.005+0000] {logging_mixin.py:188} INFO - actualizacion realizada para cve_mun: 11, fecha_pronostico:2024-08-14
[2024-08-15T00:03:37.141+0000] {logging_mixin.py:188} INFO - actualizacion realizada para cve_mun: 12, fecha_pronostico:2024-08-14
[2024-08-15T00:03:37.270+0000] {logging_mixin.py:188} INFO - actualizacion realizada para cve_mun: 13, fecha_pronostico:2024-08-14
[2024-08-15T00:03:37.395+0000] {logging_mixin.py:188} INFO - actualizacion realizada para cve_mun: 14, fecha_pronostico:2024-08-14
[2024-08-15T00:03:37.521+0000] {logging_mixin.py:188} INFO - actualizacion realizada para cve_mun: 15, fecha_pronostico:2024-08-14
[2024-08-15T00:03:37.644+0000] {logging_mixin.py:188} INFO - actualizacion realizada para cve_mun: 16, fecha_pronostico:2024-08-14
[2024-08-15T00:03:37.767+0000] {logging_mixin.py:188} INFO - actualizacion realizada para cve_mun: 17, fecha_pronostico:2024-08-14
[2024-08-15T00:03:37.891+0000] {logging_mixin.py:188} INFO - actualizacion realizada para cve_mun: 18, fecha_pronostico:2024-08-14
[2024-08-15T00:03:38.012+0000] {logging_mixin.py:188} INFO - tosdas las actualizaciones se han realizado con exito
[2024-08-15T00:03:38.013+0000] {python.py:237} INFO - Done. Returned value was: None
[2024-08-15T00:03:38.014+0000] {taskinstance.py:441} INFO - ::group::Post task execution logs
[2024-08-15T00:03:38.022+0000] {taskinstance.py:1206} INFO - Marking task as SUCCESS. dag_id=weather_etl_dag, task_id=update_sequia_indicator, run_id=scheduled__2024-08-14T00:00:00+00:00, execution_date=20240814T000000, start_date=20240815T000334, end_date=20240815T000338
[2024-08-15T00:03:38.121+0000] {local_task_job_runner.py:243} INFO - Task exited with return code 0
[2024-08-15T00:03:38.139+0000] {taskinstance.py:3503} INFO - 1 downstream tasks scheduled from follow-on schedule check
[2024-08-15T00:03:38.180+0000] {local_task_job_runner.py:222} INFO - ::endgroup::
[2024-09-05T00:59:23.131+0000] {local_task_job_runner.py:123} INFO - ::group::Pre task execution logs
[2024-09-05T00:59:23.175+0000] {taskinstance.py:2603} INFO - Dependencies all met for dep_context=non-requeueable deps ti=<TaskInstance: weather_etl_dag.update_sequia_indicator scheduled__2024-08-14T00:00:00+00:00 [queued]>
[2024-09-05T00:59:23.193+0000] {taskinstance.py:2603} INFO - Dependencies all met for dep_context=requeueable deps ti=<TaskInstance: weather_etl_dag.update_sequia_indicator scheduled__2024-08-14T00:00:00+00:00 [queued]>
[2024-09-05T00:59:23.194+0000] {taskinstance.py:2856} INFO - Starting attempt 1 of 2
[2024-09-05T00:59:23.246+0000] {taskinstance.py:2879} INFO - Executing <Task(PythonOperator): update_sequia_indicator> on 2024-08-14 00:00:00+00:00
[2024-09-05T00:59:23.252+0000] {warnings.py:112} WARNING - /usr/local/lib/python3.12/site-packages/***/task/task_runner/standard_task_runner.py:70: DeprecationWarning: This process (pid=1209) is multi-threaded, use of fork() may lead to deadlocks in the child.
  pid = os.fork()

[2024-09-05T00:59:23.255+0000] {standard_task_runner.py:72} INFO - Started process 1211 to run task
[2024-09-05T00:59:23.256+0000] {standard_task_runner.py:104} INFO - Running: ['***', 'tasks', 'run', 'weather_etl_dag', 'update_sequia_indicator', 'scheduled__2024-08-14T00:00:00+00:00', '--job-id', '132', '--raw', '--subdir', 'DAGS_FOLDER/weather_etl_dag.py', '--cfg-path', '/tmp/tmpbz31ncjr']
[2024-09-05T00:59:23.259+0000] {standard_task_runner.py:105} INFO - Job 132: Subtask update_sequia_indicator
[2024-09-05T00:59:23.398+0000] {task_command.py:467} INFO - Running <TaskInstance: weather_etl_dag.update_sequia_indicator scheduled__2024-08-14T00:00:00+00:00 [running]> on host b778581f4b0f
[2024-09-05T00:59:23.780+0000] {taskinstance.py:3122} INFO - Exporting env vars: AIRFLOW_CTX_DAG_OWNER='***' AIRFLOW_CTX_DAG_ID='weather_etl_dag' AIRFLOW_CTX_TASK_ID='update_sequia_indicator' AIRFLOW_CTX_EXECUTION_DATE='2024-08-14T00:00:00+00:00' AIRFLOW_CTX_TRY_NUMBER='1' AIRFLOW_CTX_DAG_RUN_ID='scheduled__2024-08-14T00:00:00+00:00'
[2024-09-05T00:59:23.782+0000] {taskinstance.py:731} INFO - ::endgroup::
[2024-09-05T00:59:23.803+0000] {logging_mixin.py:190} INFO - Iniciando conexión a Redshift para actualizar sequía
[2024-09-05T00:59:24.039+0000] {logging_mixin.py:190} INFO - Número de registros a actualizar en la tabla: 288
[2024-09-05T00:59:24.051+0000] {logging_mixin.py:190} INFO - Datos para actualizar en la tabla:    cve_mun            municipio fecha_pronostico indicador_sequia
0        1    Amealco De Bonfil       2024-09-04               D4
1        2      Pinal De Amoles       2024-09-04               D1
2        3          Arroyo Seco       2024-09-04               D0
3        4  Cadereyta De Montes       2024-09-04               D3
4        5                Colon       2024-09-04               D4
[2024-09-05T01:00:20.559+0000] {logging_mixin.py:190} INFO - Actualización realizada para cve_mun: 1, fecha_pronostico: 2024-09-04
[2024-09-05T01:00:20.775+0000] {logging_mixin.py:190} INFO - Actualización realizada para cve_mun: 2, fecha_pronostico: 2024-09-04
[2024-09-05T01:00:20.980+0000] {logging_mixin.py:190} INFO - Actualización realizada para cve_mun: 3, fecha_pronostico: 2024-09-04
[2024-09-05T01:00:21.151+0000] {logging_mixin.py:190} INFO - Actualización realizada para cve_mun: 4, fecha_pronostico: 2024-09-04
[2024-09-05T01:00:21.334+0000] {logging_mixin.py:190} INFO - Actualización realizada para cve_mun: 5, fecha_pronostico: 2024-09-04
[2024-09-05T01:00:21.485+0000] {logging_mixin.py:190} INFO - Actualización realizada para cve_mun: 6, fecha_pronostico: 2024-09-04
[2024-09-05T01:00:21.749+0000] {logging_mixin.py:190} INFO - Actualización realizada para cve_mun: 7, fecha_pronostico: 2024-09-04
[2024-09-05T01:00:21.918+0000] {logging_mixin.py:190} INFO - Actualización realizada para cve_mun: 8, fecha_pronostico: 2024-09-04
[2024-09-05T01:00:22.088+0000] {logging_mixin.py:190} INFO - Actualización realizada para cve_mun: 9, fecha_pronostico: 2024-09-04
[2024-09-05T01:00:22.369+0000] {logging_mixin.py:190} INFO - Actualización realizada para cve_mun: 10, fecha_pronostico: 2024-09-04
[2024-09-05T01:00:22.685+0000] {logging_mixin.py:190} INFO - Actualización realizada para cve_mun: 11, fecha_pronostico: 2024-09-04
[2024-09-05T01:00:22.869+0000] {logging_mixin.py:190} INFO - Actualización realizada para cve_mun: 12, fecha_pronostico: 2024-09-04
[2024-09-05T01:00:23.022+0000] {logging_mixin.py:190} INFO - Actualización realizada para cve_mun: 13, fecha_pronostico: 2024-09-04
[2024-09-05T01:00:23.291+0000] {logging_mixin.py:190} INFO - Actualización realizada para cve_mun: 14, fecha_pronostico: 2024-09-04
[2024-09-05T01:00:23.626+0000] {logging_mixin.py:190} INFO - Actualización realizada para cve_mun: 15, fecha_pronostico: 2024-09-04
[2024-09-05T01:00:23.801+0000] {logging_mixin.py:190} INFO - Actualización realizada para cve_mun: 16, fecha_pronostico: 2024-09-04
[2024-09-05T01:00:23.969+0000] {logging_mixin.py:190} INFO - Actualización realizada para cve_mun: 17, fecha_pronostico: 2024-09-04
[2024-09-05T01:00:24.242+0000] {logging_mixin.py:190} INFO - Actualización realizada para cve_mun: 18, fecha_pronostico: 2024-09-04
[2024-09-05T01:00:24.407+0000] {logging_mixin.py:190} INFO - Actualización realizada para cve_mun: 1, fecha_pronostico: 2024-09-04
[2024-09-05T01:00:24.585+0000] {logging_mixin.py:190} INFO - Actualización realizada para cve_mun: 2, fecha_pronostico: 2024-09-04
[2024-09-05T01:00:24.934+0000] {logging_mixin.py:190} INFO - Actualización realizada para cve_mun: 3, fecha_pronostico: 2024-09-04
[2024-09-05T01:00:25.121+0000] {logging_mixin.py:190} INFO - Actualización realizada para cve_mun: 4, fecha_pronostico: 2024-09-04
[2024-09-05T01:00:25.377+0000] {logging_mixin.py:190} INFO - Actualización realizada para cve_mun: 5, fecha_pronostico: 2024-09-04
[2024-09-05T01:00:25.677+0000] {logging_mixin.py:190} INFO - Actualización realizada para cve_mun: 6, fecha_pronostico: 2024-09-04
[2024-09-05T01:00:25.917+0000] {logging_mixin.py:190} INFO - Actualización realizada para cve_mun: 7, fecha_pronostico: 2024-09-04
[2024-09-05T01:00:26.059+0000] {logging_mixin.py:190} INFO - Actualización realizada para cve_mun: 8, fecha_pronostico: 2024-09-04
[2024-09-05T01:00:26.385+0000] {logging_mixin.py:190} INFO - Actualización realizada para cve_mun: 9, fecha_pronostico: 2024-09-04
[2024-09-05T01:00:26.690+0000] {logging_mixin.py:190} INFO - Actualización realizada para cve_mun: 10, fecha_pronostico: 2024-09-04
[2024-09-05T01:00:26.891+0000] {logging_mixin.py:190} INFO - Actualización realizada para cve_mun: 11, fecha_pronostico: 2024-09-04
[2024-09-05T01:00:27.051+0000] {logging_mixin.py:190} INFO - Actualización realizada para cve_mun: 12, fecha_pronostico: 2024-09-04
[2024-09-05T01:00:27.312+0000] {logging_mixin.py:190} INFO - Actualización realizada para cve_mun: 13, fecha_pronostico: 2024-09-04
[2024-09-05T01:00:27.493+0000] {logging_mixin.py:190} INFO - Actualización realizada para cve_mun: 14, fecha_pronostico: 2024-09-04
[2024-09-05T01:00:27.706+0000] {logging_mixin.py:190} INFO - Actualización realizada para cve_mun: 15, fecha_pronostico: 2024-09-04
[2024-09-05T01:00:27.890+0000] {logging_mixin.py:190} INFO - Actualización realizada para cve_mun: 16, fecha_pronostico: 2024-09-04
[2024-09-05T01:00:28.063+0000] {logging_mixin.py:190} INFO - Actualización realizada para cve_mun: 17, fecha_pronostico: 2024-09-04
[2024-09-05T01:00:28.368+0000] {logging_mixin.py:190} INFO - Actualización realizada para cve_mun: 18, fecha_pronostico: 2024-09-04
[2024-09-05T01:00:28.523+0000] {logging_mixin.py:190} INFO - Actualización realizada para cve_mun: 1, fecha_pronostico: 2024-09-04
[2024-09-05T01:00:28.685+0000] {logging_mixin.py:190} INFO - Actualización realizada para cve_mun: 2, fecha_pronostico: 2024-09-04
[2024-09-05T01:00:28.874+0000] {logging_mixin.py:190} INFO - Actualización realizada para cve_mun: 3, fecha_pronostico: 2024-09-04
[2024-09-05T01:00:29.088+0000] {logging_mixin.py:190} INFO - Actualización realizada para cve_mun: 4, fecha_pronostico: 2024-09-04
[2024-09-05T01:00:29.398+0000] {logging_mixin.py:190} INFO - Actualización realizada para cve_mun: 5, fecha_pronostico: 2024-09-04
[2024-09-05T01:00:29.701+0000] {logging_mixin.py:190} INFO - Actualización realizada para cve_mun: 6, fecha_pronostico: 2024-09-04
[2024-09-05T01:00:29.862+0000] {logging_mixin.py:190} INFO - Actualización realizada para cve_mun: 7, fecha_pronostico: 2024-09-04
[2024-09-05T01:00:30.068+0000] {logging_mixin.py:190} INFO - Actualización realizada para cve_mun: 8, fecha_pronostico: 2024-09-04
[2024-09-05T01:00:30.235+0000] {logging_mixin.py:190} INFO - Actualización realizada para cve_mun: 9, fecha_pronostico: 2024-09-04
[2024-09-05T01:00:30.504+0000] {logging_mixin.py:190} INFO - Actualización realizada para cve_mun: 10, fecha_pronostico: 2024-09-04
[2024-09-05T01:00:30.642+0000] {logging_mixin.py:190} INFO - Actualización realizada para cve_mun: 11, fecha_pronostico: 2024-09-04
[2024-09-05T01:00:30.916+0000] {logging_mixin.py:190} INFO - Actualización realizada para cve_mun: 12, fecha_pronostico: 2024-09-04
[2024-09-05T01:00:31.126+0000] {logging_mixin.py:190} INFO - Actualización realizada para cve_mun: 13, fecha_pronostico: 2024-09-04
[2024-09-05T01:00:31.289+0000] {logging_mixin.py:190} INFO - Actualización realizada para cve_mun: 14, fecha_pronostico: 2024-09-04
[2024-09-05T01:00:31.572+0000] {logging_mixin.py:190} INFO - Actualización realizada para cve_mun: 15, fecha_pronostico: 2024-09-04
[2024-09-05T01:00:31.723+0000] {logging_mixin.py:190} INFO - Actualización realizada para cve_mun: 16, fecha_pronostico: 2024-09-04
[2024-09-05T01:00:31.980+0000] {logging_mixin.py:190} INFO - Actualización realizada para cve_mun: 17, fecha_pronostico: 2024-09-04
[2024-09-05T01:00:32.144+0000] {logging_mixin.py:190} INFO - Actualización realizada para cve_mun: 18, fecha_pronostico: 2024-09-04
[2024-09-05T01:00:32.259+0000] {logging_mixin.py:190} INFO - Actualización realizada para cve_mun: 1, fecha_pronostico: 2024-09-04
[2024-09-05T01:00:32.458+0000] {logging_mixin.py:190} INFO - Actualización realizada para cve_mun: 2, fecha_pronostico: 2024-09-04
[2024-09-05T01:00:32.607+0000] {logging_mixin.py:190} INFO - Actualización realizada para cve_mun: 3, fecha_pronostico: 2024-09-04
[2024-09-05T01:00:32.727+0000] {logging_mixin.py:190} INFO - Actualización realizada para cve_mun: 4, fecha_pronostico: 2024-09-04
[2024-09-05T01:00:33.000+0000] {logging_mixin.py:190} INFO - Actualización realizada para cve_mun: 5, fecha_pronostico: 2024-09-04
[2024-09-05T01:00:33.143+0000] {logging_mixin.py:190} INFO - Actualización realizada para cve_mun: 6, fecha_pronostico: 2024-09-04
[2024-09-05T01:00:33.297+0000] {logging_mixin.py:190} INFO - Actualización realizada para cve_mun: 7, fecha_pronostico: 2024-09-04
[2024-09-05T01:00:33.494+0000] {logging_mixin.py:190} INFO - Actualización realizada para cve_mun: 8, fecha_pronostico: 2024-09-04
[2024-09-05T01:00:33.624+0000] {logging_mixin.py:190} INFO - Actualización realizada para cve_mun: 9, fecha_pronostico: 2024-09-04
[2024-09-05T01:00:33.761+0000] {logging_mixin.py:190} INFO - Actualización realizada para cve_mun: 10, fecha_pronostico: 2024-09-04
[2024-09-05T01:00:33.940+0000] {logging_mixin.py:190} INFO - Actualización realizada para cve_mun: 11, fecha_pronostico: 2024-09-04
[2024-09-05T01:00:34.082+0000] {logging_mixin.py:190} INFO - Actualización realizada para cve_mun: 12, fecha_pronostico: 2024-09-04
[2024-09-05T01:00:34.322+0000] {logging_mixin.py:190} INFO - Actualización realizada para cve_mun: 13, fecha_pronostico: 2024-09-04
[2024-09-05T01:00:34.489+0000] {logging_mixin.py:190} INFO - Actualización realizada para cve_mun: 14, fecha_pronostico: 2024-09-04
[2024-09-05T01:00:34.607+0000] {logging_mixin.py:190} INFO - Actualización realizada para cve_mun: 15, fecha_pronostico: 2024-09-04
[2024-09-05T01:00:34.803+0000] {logging_mixin.py:190} INFO - Actualización realizada para cve_mun: 16, fecha_pronostico: 2024-09-04
[2024-09-05T01:00:35.080+0000] {logging_mixin.py:190} INFO - Actualización realizada para cve_mun: 17, fecha_pronostico: 2024-09-04
[2024-09-05T01:00:35.213+0000] {logging_mixin.py:190} INFO - Actualización realizada para cve_mun: 18, fecha_pronostico: 2024-09-04
[2024-09-05T01:00:35.421+0000] {logging_mixin.py:190} INFO - Actualización realizada para cve_mun: 1, fecha_pronostico: 2024-09-04
[2024-09-05T01:00:35.571+0000] {logging_mixin.py:190} INFO - Actualización realizada para cve_mun: 2, fecha_pronostico: 2024-09-04
[2024-09-05T01:00:35.745+0000] {logging_mixin.py:190} INFO - Actualización realizada para cve_mun: 3, fecha_pronostico: 2024-09-04
[2024-09-05T01:00:35.864+0000] {logging_mixin.py:190} INFO - Actualización realizada para cve_mun: 4, fecha_pronostico: 2024-09-04
[2024-09-05T01:00:36.098+0000] {logging_mixin.py:190} INFO - Actualización realizada para cve_mun: 5, fecha_pronostico: 2024-09-04
[2024-09-05T01:00:36.245+0000] {logging_mixin.py:190} INFO - Actualización realizada para cve_mun: 6, fecha_pronostico: 2024-09-04
[2024-09-05T01:00:36.470+0000] {logging_mixin.py:190} INFO - Actualización realizada para cve_mun: 7, fecha_pronostico: 2024-09-04
[2024-09-05T01:00:36.672+0000] {logging_mixin.py:190} INFO - Actualización realizada para cve_mun: 8, fecha_pronostico: 2024-09-04
[2024-09-05T01:00:36.832+0000] {logging_mixin.py:190} INFO - Actualización realizada para cve_mun: 9, fecha_pronostico: 2024-09-04
[2024-09-05T01:00:36.961+0000] {logging_mixin.py:190} INFO - Actualización realizada para cve_mun: 10, fecha_pronostico: 2024-09-04
[2024-09-05T01:00:37.205+0000] {logging_mixin.py:190} INFO - Actualización realizada para cve_mun: 11, fecha_pronostico: 2024-09-04
[2024-09-05T01:00:37.442+0000] {logging_mixin.py:190} INFO - Actualización realizada para cve_mun: 12, fecha_pronostico: 2024-09-04
[2024-09-05T01:00:37.605+0000] {logging_mixin.py:190} INFO - Actualización realizada para cve_mun: 13, fecha_pronostico: 2024-09-04
[2024-09-05T01:00:37.725+0000] {logging_mixin.py:190} INFO - Actualización realizada para cve_mun: 14, fecha_pronostico: 2024-09-04
[2024-09-05T01:00:37.960+0000] {logging_mixin.py:190} INFO - Actualización realizada para cve_mun: 15, fecha_pronostico: 2024-09-04
[2024-09-05T01:00:38.231+0000] {logging_mixin.py:190} INFO - Actualización realizada para cve_mun: 16, fecha_pronostico: 2024-09-04
[2024-09-05T01:00:38.408+0000] {logging_mixin.py:190} INFO - Actualización realizada para cve_mun: 17, fecha_pronostico: 2024-09-04
[2024-09-05T01:00:38.547+0000] {logging_mixin.py:190} INFO - Actualización realizada para cve_mun: 18, fecha_pronostico: 2024-09-04
[2024-09-05T01:00:38.792+0000] {logging_mixin.py:190} INFO - Actualización realizada para cve_mun: 1, fecha_pronostico: 2024-09-04
[2024-09-05T01:00:38.979+0000] {logging_mixin.py:190} INFO - Actualización realizada para cve_mun: 2, fecha_pronostico: 2024-09-04
[2024-09-05T01:00:39.134+0000] {logging_mixin.py:190} INFO - Actualización realizada para cve_mun: 3, fecha_pronostico: 2024-09-04
[2024-09-05T01:00:39.428+0000] {logging_mixin.py:190} INFO - Actualización realizada para cve_mun: 4, fecha_pronostico: 2024-09-04
[2024-09-05T01:00:39.584+0000] {logging_mixin.py:190} INFO - Actualización realizada para cve_mun: 5, fecha_pronostico: 2024-09-04
[2024-09-05T01:00:39.760+0000] {logging_mixin.py:190} INFO - Actualización realizada para cve_mun: 6, fecha_pronostico: 2024-09-04
[2024-09-05T01:00:39.989+0000] {logging_mixin.py:190} INFO - Actualización realizada para cve_mun: 7, fecha_pronostico: 2024-09-04
[2024-09-05T01:00:40.144+0000] {logging_mixin.py:190} INFO - Actualización realizada para cve_mun: 8, fecha_pronostico: 2024-09-04
[2024-09-05T01:00:40.335+0000] {logging_mixin.py:190} INFO - Actualización realizada para cve_mun: 9, fecha_pronostico: 2024-09-04
[2024-09-05T01:00:40.496+0000] {logging_mixin.py:190} INFO - Actualización realizada para cve_mun: 10, fecha_pronostico: 2024-09-04
[2024-09-05T01:00:40.837+0000] {logging_mixin.py:190} INFO - Actualización realizada para cve_mun: 11, fecha_pronostico: 2024-09-04
[2024-09-05T01:00:41.126+0000] {logging_mixin.py:190} INFO - Actualización realizada para cve_mun: 12, fecha_pronostico: 2024-09-04
[2024-09-05T01:00:41.311+0000] {logging_mixin.py:190} INFO - Actualización realizada para cve_mun: 13, fecha_pronostico: 2024-09-04
[2024-09-05T01:00:41.468+0000] {logging_mixin.py:190} INFO - Actualización realizada para cve_mun: 14, fecha_pronostico: 2024-09-04
[2024-09-05T01:00:41.725+0000] {logging_mixin.py:190} INFO - Actualización realizada para cve_mun: 15, fecha_pronostico: 2024-09-04
[2024-09-05T01:00:41.888+0000] {logging_mixin.py:190} INFO - Actualización realizada para cve_mun: 16, fecha_pronostico: 2024-09-04
[2024-09-05T01:00:42.144+0000] {logging_mixin.py:190} INFO - Actualización realizada para cve_mun: 17, fecha_pronostico: 2024-09-04
[2024-09-05T01:00:42.432+0000] {logging_mixin.py:190} INFO - Actualización realizada para cve_mun: 18, fecha_pronostico: 2024-09-04
[2024-09-05T01:00:42.622+0000] {logging_mixin.py:190} INFO - Actualización realizada para cve_mun: 1, fecha_pronostico: 2024-09-04
[2024-09-05T01:00:42.808+0000] {logging_mixin.py:190} INFO - Actualización realizada para cve_mun: 2, fecha_pronostico: 2024-09-04
[2024-09-05T01:00:43.023+0000] {logging_mixin.py:190} INFO - Actualización realizada para cve_mun: 3, fecha_pronostico: 2024-09-04
[2024-09-05T01:00:43.169+0000] {logging_mixin.py:190} INFO - Actualización realizada para cve_mun: 4, fecha_pronostico: 2024-09-04
[2024-09-05T01:00:43.494+0000] {logging_mixin.py:190} INFO - Actualización realizada para cve_mun: 5, fecha_pronostico: 2024-09-04
[2024-09-05T01:00:43.802+0000] {logging_mixin.py:190} INFO - Actualización realizada para cve_mun: 6, fecha_pronostico: 2024-09-04
[2024-09-05T01:00:43.998+0000] {logging_mixin.py:190} INFO - Actualización realizada para cve_mun: 7, fecha_pronostico: 2024-09-04
[2024-09-05T01:00:44.158+0000] {logging_mixin.py:190} INFO - Actualización realizada para cve_mun: 8, fecha_pronostico: 2024-09-04
[2024-09-05T01:00:44.361+0000] {logging_mixin.py:190} INFO - Actualización realizada para cve_mun: 9, fecha_pronostico: 2024-09-04
[2024-09-05T01:00:44.509+0000] {logging_mixin.py:190} INFO - Actualización realizada para cve_mun: 10, fecha_pronostico: 2024-09-04
[2024-09-05T01:00:44.962+0000] {logging_mixin.py:190} INFO - Actualización realizada para cve_mun: 11, fecha_pronostico: 2024-09-04
[2024-09-05T01:00:45.172+0000] {logging_mixin.py:190} INFO - Actualización realizada para cve_mun: 12, fecha_pronostico: 2024-09-04
[2024-09-05T01:00:45.334+0000] {logging_mixin.py:190} INFO - Actualización realizada para cve_mun: 13, fecha_pronostico: 2024-09-04
[2024-09-05T01:00:45.599+0000] {logging_mixin.py:190} INFO - Actualización realizada para cve_mun: 14, fecha_pronostico: 2024-09-04
[2024-09-05T01:00:45.747+0000] {logging_mixin.py:190} INFO - Actualización realizada para cve_mun: 15, fecha_pronostico: 2024-09-04
[2024-09-05T01:00:45.938+0000] {logging_mixin.py:190} INFO - Actualización realizada para cve_mun: 16, fecha_pronostico: 2024-09-04
[2024-09-05T01:00:46.130+0000] {logging_mixin.py:190} INFO - Actualización realizada para cve_mun: 17, fecha_pronostico: 2024-09-04
[2024-09-05T01:00:46.373+0000] {logging_mixin.py:190} INFO - Actualización realizada para cve_mun: 18, fecha_pronostico: 2024-09-04
[2024-09-05T01:00:46.580+0000] {logging_mixin.py:190} INFO - Actualización realizada para cve_mun: 1, fecha_pronostico: 2024-09-04
[2024-09-05T01:00:46.784+0000] {logging_mixin.py:190} INFO - Actualización realizada para cve_mun: 2, fecha_pronostico: 2024-09-04
[2024-09-05T01:00:46.979+0000] {logging_mixin.py:190} INFO - Actualización realizada para cve_mun: 3, fecha_pronostico: 2024-09-04
[2024-09-05T01:00:47.132+0000] {logging_mixin.py:190} INFO - Actualización realizada para cve_mun: 4, fecha_pronostico: 2024-09-04
[2024-09-05T01:00:47.317+0000] {logging_mixin.py:190} INFO - Actualización realizada para cve_mun: 5, fecha_pronostico: 2024-09-04
[2024-09-05T01:00:47.514+0000] {logging_mixin.py:190} INFO - Actualización realizada para cve_mun: 6, fecha_pronostico: 2024-09-04
[2024-09-05T01:00:47.902+0000] {logging_mixin.py:190} INFO - Actualización realizada para cve_mun: 7, fecha_pronostico: 2024-09-04
[2024-09-05T01:00:48.224+0000] {logging_mixin.py:190} INFO - Actualización realizada para cve_mun: 8, fecha_pronostico: 2024-09-04
[2024-09-05T01:00:48.513+0000] {logging_mixin.py:190} INFO - Actualización realizada para cve_mun: 9, fecha_pronostico: 2024-09-04
[2024-09-05T01:00:48.702+0000] {logging_mixin.py:190} INFO - Actualización realizada para cve_mun: 10, fecha_pronostico: 2024-09-04
[2024-09-05T01:00:48.879+0000] {logging_mixin.py:190} INFO - Actualización realizada para cve_mun: 11, fecha_pronostico: 2024-09-04
[2024-09-05T01:00:49.570+0000] {logging_mixin.py:190} INFO - Actualización realizada para cve_mun: 12, fecha_pronostico: 2024-09-04
[2024-09-05T01:00:49.759+0000] {logging_mixin.py:190} INFO - Actualización realizada para cve_mun: 13, fecha_pronostico: 2024-09-04
[2024-09-05T01:00:49.931+0000] {logging_mixin.py:190} INFO - Actualización realizada para cve_mun: 14, fecha_pronostico: 2024-09-04
[2024-09-05T01:00:50.090+0000] {logging_mixin.py:190} INFO - Actualización realizada para cve_mun: 15, fecha_pronostico: 2024-09-04
[2024-09-05T01:00:50.396+0000] {logging_mixin.py:190} INFO - Actualización realizada para cve_mun: 16, fecha_pronostico: 2024-09-04
[2024-09-05T01:00:50.697+0000] {logging_mixin.py:190} INFO - Actualización realizada para cve_mun: 17, fecha_pronostico: 2024-09-04
[2024-09-05T01:00:51.001+0000] {logging_mixin.py:190} INFO - Actualización realizada para cve_mun: 18, fecha_pronostico: 2024-09-04
[2024-09-05T01:00:51.174+0000] {logging_mixin.py:190} INFO - Actualización realizada para cve_mun: 1, fecha_pronostico: 2024-09-04
[2024-09-05T01:00:51.322+0000] {logging_mixin.py:190} INFO - Actualización realizada para cve_mun: 2, fecha_pronostico: 2024-09-04
[2024-09-05T01:00:51.649+0000] {logging_mixin.py:190} INFO - Actualización realizada para cve_mun: 3, fecha_pronostico: 2024-09-04
[2024-09-05T01:00:52.007+0000] {logging_mixin.py:190} INFO - Actualización realizada para cve_mun: 4, fecha_pronostico: 2024-09-04
[2024-09-05T01:00:52.214+0000] {logging_mixin.py:190} INFO - Actualización realizada para cve_mun: 5, fecha_pronostico: 2024-09-04
[2024-09-05T01:00:52.353+0000] {logging_mixin.py:190} INFO - Actualización realizada para cve_mun: 6, fecha_pronostico: 2024-09-04
[2024-09-05T01:00:52.574+0000] {logging_mixin.py:190} INFO - Actualización realizada para cve_mun: 7, fecha_pronostico: 2024-09-04
[2024-09-05T01:00:52.756+0000] {logging_mixin.py:190} INFO - Actualización realizada para cve_mun: 8, fecha_pronostico: 2024-09-04
[2024-09-05T01:00:52.928+0000] {logging_mixin.py:190} INFO - Actualización realizada para cve_mun: 9, fecha_pronostico: 2024-09-04
[2024-09-05T01:00:53.102+0000] {logging_mixin.py:190} INFO - Actualización realizada para cve_mun: 10, fecha_pronostico: 2024-09-04
[2024-09-05T01:00:53.228+0000] {logging_mixin.py:190} INFO - Actualización realizada para cve_mun: 11, fecha_pronostico: 2024-09-04
[2024-09-05T01:00:53.472+0000] {logging_mixin.py:190} INFO - Actualización realizada para cve_mun: 12, fecha_pronostico: 2024-09-04
[2024-09-05T01:00:53.611+0000] {logging_mixin.py:190} INFO - Actualización realizada para cve_mun: 13, fecha_pronostico: 2024-09-04
[2024-09-05T01:00:53.747+0000] {logging_mixin.py:190} INFO - Actualización realizada para cve_mun: 14, fecha_pronostico: 2024-09-04
[2024-09-05T01:00:53.910+0000] {logging_mixin.py:190} INFO - Actualización realizada para cve_mun: 15, fecha_pronostico: 2024-09-04
[2024-09-05T01:00:54.049+0000] {logging_mixin.py:190} INFO - Actualización realizada para cve_mun: 16, fecha_pronostico: 2024-09-04
[2024-09-05T01:00:54.186+0000] {logging_mixin.py:190} INFO - Actualización realizada para cve_mun: 17, fecha_pronostico: 2024-09-04
[2024-09-05T01:00:54.340+0000] {logging_mixin.py:190} INFO - Actualización realizada para cve_mun: 18, fecha_pronostico: 2024-09-04
[2024-09-05T01:00:54.492+0000] {logging_mixin.py:190} INFO - Actualización realizada para cve_mun: 1, fecha_pronostico: 2024-09-04
[2024-09-05T01:00:54.622+0000] {logging_mixin.py:190} INFO - Actualización realizada para cve_mun: 2, fecha_pronostico: 2024-09-04
[2024-09-05T01:00:54.893+0000] {logging_mixin.py:190} INFO - Actualización realizada para cve_mun: 3, fecha_pronostico: 2024-09-04
[2024-09-05T01:00:55.145+0000] {logging_mixin.py:190} INFO - Actualización realizada para cve_mun: 4, fecha_pronostico: 2024-09-04
[2024-09-05T01:00:55.304+0000] {logging_mixin.py:190} INFO - Actualización realizada para cve_mun: 5, fecha_pronostico: 2024-09-04
[2024-09-05T01:00:55.426+0000] {logging_mixin.py:190} INFO - Actualización realizada para cve_mun: 6, fecha_pronostico: 2024-09-04
[2024-09-05T01:00:55.637+0000] {logging_mixin.py:190} INFO - Actualización realizada para cve_mun: 7, fecha_pronostico: 2024-09-04
[2024-09-05T01:00:55.818+0000] {logging_mixin.py:190} INFO - Actualización realizada para cve_mun: 8, fecha_pronostico: 2024-09-04
[2024-09-05T01:00:55.942+0000] {logging_mixin.py:190} INFO - Actualización realizada para cve_mun: 9, fecha_pronostico: 2024-09-04
[2024-09-05T01:00:56.185+0000] {logging_mixin.py:190} INFO - Actualización realizada para cve_mun: 10, fecha_pronostico: 2024-09-04
[2024-09-05T01:00:56.348+0000] {logging_mixin.py:190} INFO - Actualización realizada para cve_mun: 11, fecha_pronostico: 2024-09-04
[2024-09-05T01:00:56.476+0000] {logging_mixin.py:190} INFO - Actualización realizada para cve_mun: 12, fecha_pronostico: 2024-09-04
[2024-09-05T01:00:56.713+0000] {logging_mixin.py:190} INFO - Actualización realizada para cve_mun: 13, fecha_pronostico: 2024-09-04
[2024-09-05T01:00:56.867+0000] {logging_mixin.py:190} INFO - Actualización realizada para cve_mun: 14, fecha_pronostico: 2024-09-04
[2024-09-05T01:00:56.992+0000] {logging_mixin.py:190} INFO - Actualización realizada para cve_mun: 15, fecha_pronostico: 2024-09-04
[2024-09-05T01:00:57.254+0000] {logging_mixin.py:190} INFO - Actualización realizada para cve_mun: 16, fecha_pronostico: 2024-09-04
[2024-09-05T01:00:57.412+0000] {logging_mixin.py:190} INFO - Actualización realizada para cve_mun: 17, fecha_pronostico: 2024-09-04
[2024-09-05T01:00:57.553+0000] {logging_mixin.py:190} INFO - Actualización realizada para cve_mun: 18, fecha_pronostico: 2024-09-04
[2024-09-05T01:00:57.735+0000] {logging_mixin.py:190} INFO - Actualización realizada para cve_mun: 1, fecha_pronostico: 2024-09-04
[2024-09-05T01:00:57.886+0000] {logging_mixin.py:190} INFO - Actualización realizada para cve_mun: 2, fecha_pronostico: 2024-09-04
[2024-09-05T01:00:58.008+0000] {logging_mixin.py:190} INFO - Actualización realizada para cve_mun: 3, fecha_pronostico: 2024-09-04
[2024-09-05T01:00:58.251+0000] {logging_mixin.py:190} INFO - Actualización realizada para cve_mun: 4, fecha_pronostico: 2024-09-04
[2024-09-05T01:00:58.418+0000] {logging_mixin.py:190} INFO - Actualización realizada para cve_mun: 5, fecha_pronostico: 2024-09-04
[2024-09-05T01:00:58.545+0000] {logging_mixin.py:190} INFO - Actualización realizada para cve_mun: 6, fecha_pronostico: 2024-09-04
[2024-09-05T01:00:58.812+0000] {logging_mixin.py:190} INFO - Actualización realizada para cve_mun: 7, fecha_pronostico: 2024-09-04
[2024-09-05T01:00:59.013+0000] {logging_mixin.py:190} INFO - Actualización realizada para cve_mun: 8, fecha_pronostico: 2024-09-04
[2024-09-05T01:00:59.279+0000] {logging_mixin.py:190} INFO - Actualización realizada para cve_mun: 9, fecha_pronostico: 2024-09-04
[2024-09-05T01:00:59.423+0000] {logging_mixin.py:190} INFO - Actualización realizada para cve_mun: 10, fecha_pronostico: 2024-09-04
[2024-09-05T01:00:59.572+0000] {logging_mixin.py:190} INFO - Actualización realizada para cve_mun: 11, fecha_pronostico: 2024-09-04
[2024-09-05T01:00:59.721+0000] {logging_mixin.py:190} INFO - Actualización realizada para cve_mun: 12, fecha_pronostico: 2024-09-04
[2024-09-05T01:00:59.843+0000] {logging_mixin.py:190} INFO - Actualización realizada para cve_mun: 13, fecha_pronostico: 2024-09-04
[2024-09-05T01:01:00.040+0000] {logging_mixin.py:190} INFO - Actualización realizada para cve_mun: 14, fecha_pronostico: 2024-09-04
[2024-09-05T01:01:00.196+0000] {logging_mixin.py:190} INFO - Actualización realizada para cve_mun: 15, fecha_pronostico: 2024-09-04
[2024-09-05T01:01:00.339+0000] {logging_mixin.py:190} INFO - Actualización realizada para cve_mun: 16, fecha_pronostico: 2024-09-04
[2024-09-05T01:01:00.491+0000] {logging_mixin.py:190} INFO - Actualización realizada para cve_mun: 17, fecha_pronostico: 2024-09-04
[2024-09-05T01:01:00.617+0000] {logging_mixin.py:190} INFO - Actualización realizada para cve_mun: 18, fecha_pronostico: 2024-09-04
[2024-09-05T01:01:00.847+0000] {logging_mixin.py:190} INFO - Actualización realizada para cve_mun: 1, fecha_pronostico: 2024-09-04
[2024-09-05T01:01:00.991+0000] {logging_mixin.py:190} INFO - Actualización realizada para cve_mun: 2, fecha_pronostico: 2024-09-04
[2024-09-05T01:01:01.141+0000] {logging_mixin.py:190} INFO - Actualización realizada para cve_mun: 3, fecha_pronostico: 2024-09-04
[2024-09-05T01:01:01.381+0000] {logging_mixin.py:190} INFO - Actualización realizada para cve_mun: 4, fecha_pronostico: 2024-09-04
[2024-09-05T01:01:01.521+0000] {logging_mixin.py:190} INFO - Actualización realizada para cve_mun: 5, fecha_pronostico: 2024-09-04
[2024-09-05T01:01:01.651+0000] {logging_mixin.py:190} INFO - Actualización realizada para cve_mun: 6, fecha_pronostico: 2024-09-04
[2024-09-05T01:01:01.822+0000] {logging_mixin.py:190} INFO - Actualización realizada para cve_mun: 7, fecha_pronostico: 2024-09-04
[2024-09-05T01:01:01.941+0000] {logging_mixin.py:190} INFO - Actualización realizada para cve_mun: 8, fecha_pronostico: 2024-09-04
[2024-09-05T01:01:02.123+0000] {logging_mixin.py:190} INFO - Actualización realizada para cve_mun: 9, fecha_pronostico: 2024-09-04
[2024-09-05T01:01:02.293+0000] {logging_mixin.py:190} INFO - Actualización realizada para cve_mun: 10, fecha_pronostico: 2024-09-04
[2024-09-05T01:01:02.457+0000] {logging_mixin.py:190} INFO - Actualización realizada para cve_mun: 11, fecha_pronostico: 2024-09-04
[2024-09-05T01:01:02.621+0000] {logging_mixin.py:190} INFO - Actualización realizada para cve_mun: 12, fecha_pronostico: 2024-09-04
[2024-09-05T01:01:02.768+0000] {logging_mixin.py:190} INFO - Actualización realizada para cve_mun: 13, fecha_pronostico: 2024-09-04
[2024-09-05T01:01:02.959+0000] {logging_mixin.py:190} INFO - Actualización realizada para cve_mun: 14, fecha_pronostico: 2024-09-04
[2024-09-05T01:01:03.137+0000] {logging_mixin.py:190} INFO - Actualización realizada para cve_mun: 15, fecha_pronostico: 2024-09-04
[2024-09-05T01:01:03.257+0000] {logging_mixin.py:190} INFO - Actualización realizada para cve_mun: 16, fecha_pronostico: 2024-09-04
[2024-09-05T01:01:03.664+0000] {logging_mixin.py:190} INFO - Actualización realizada para cve_mun: 17, fecha_pronostico: 2024-09-04
[2024-09-05T01:01:03.876+0000] {logging_mixin.py:190} INFO - Actualización realizada para cve_mun: 18, fecha_pronostico: 2024-09-04
[2024-09-05T01:01:04.037+0000] {logging_mixin.py:190} INFO - Actualización realizada para cve_mun: 1, fecha_pronostico: 2024-09-04
[2024-09-05T01:01:04.169+0000] {logging_mixin.py:190} INFO - Actualización realizada para cve_mun: 2, fecha_pronostico: 2024-09-04
[2024-09-05T01:01:04.354+0000] {logging_mixin.py:190} INFO - Actualización realizada para cve_mun: 3, fecha_pronostico: 2024-09-04
[2024-09-05T01:01:04.517+0000] {logging_mixin.py:190} INFO - Actualización realizada para cve_mun: 4, fecha_pronostico: 2024-09-04
[2024-09-05T01:01:04.657+0000] {logging_mixin.py:190} INFO - Actualización realizada para cve_mun: 5, fecha_pronostico: 2024-09-04
[2024-09-05T01:01:04.839+0000] {logging_mixin.py:190} INFO - Actualización realizada para cve_mun: 6, fecha_pronostico: 2024-09-04
[2024-09-05T01:01:04.983+0000] {logging_mixin.py:190} INFO - Actualización realizada para cve_mun: 7, fecha_pronostico: 2024-09-04
[2024-09-05T01:01:05.195+0000] {logging_mixin.py:190} INFO - Actualización realizada para cve_mun: 8, fecha_pronostico: 2024-09-04
[2024-09-05T01:01:05.348+0000] {logging_mixin.py:190} INFO - Actualización realizada para cve_mun: 9, fecha_pronostico: 2024-09-04
[2024-09-05T01:01:05.497+0000] {logging_mixin.py:190} INFO - Actualización realizada para cve_mun: 10, fecha_pronostico: 2024-09-04
[2024-09-05T01:01:05.737+0000] {logging_mixin.py:190} INFO - Actualización realizada para cve_mun: 11, fecha_pronostico: 2024-09-04
[2024-09-05T01:01:05.896+0000] {logging_mixin.py:190} INFO - Actualización realizada para cve_mun: 12, fecha_pronostico: 2024-09-04
[2024-09-05T01:01:06.025+0000] {logging_mixin.py:190} INFO - Actualización realizada para cve_mun: 13, fecha_pronostico: 2024-09-04
[2024-09-05T01:01:06.225+0000] {logging_mixin.py:190} INFO - Actualización realizada para cve_mun: 14, fecha_pronostico: 2024-09-04
[2024-09-05T01:01:06.383+0000] {logging_mixin.py:190} INFO - Actualización realizada para cve_mun: 15, fecha_pronostico: 2024-09-04
[2024-09-05T01:01:06.513+0000] {logging_mixin.py:190} INFO - Actualización realizada para cve_mun: 16, fecha_pronostico: 2024-09-04
[2024-09-05T01:01:06.848+0000] {logging_mixin.py:190} INFO - Actualización realizada para cve_mun: 17, fecha_pronostico: 2024-09-04
[2024-09-05T01:01:07.013+0000] {logging_mixin.py:190} INFO - Actualización realizada para cve_mun: 18, fecha_pronostico: 2024-09-04
[2024-09-05T01:01:07.135+0000] {logging_mixin.py:190} INFO - Actualización realizada para cve_mun: 1, fecha_pronostico: 2024-09-04
[2024-09-05T01:01:07.363+0000] {logging_mixin.py:190} INFO - Actualización realizada para cve_mun: 2, fecha_pronostico: 2024-09-04
[2024-09-05T01:01:07.589+0000] {logging_mixin.py:190} INFO - Actualización realizada para cve_mun: 3, fecha_pronostico: 2024-09-04
[2024-09-05T01:01:07.731+0000] {logging_mixin.py:190} INFO - Actualización realizada para cve_mun: 4, fecha_pronostico: 2024-09-04
[2024-09-05T01:01:07.921+0000] {logging_mixin.py:190} INFO - Actualización realizada para cve_mun: 5, fecha_pronostico: 2024-09-04
[2024-09-05T01:01:08.163+0000] {logging_mixin.py:190} INFO - Actualización realizada para cve_mun: 6, fecha_pronostico: 2024-09-04
[2024-09-05T01:01:08.358+0000] {logging_mixin.py:190} INFO - Actualización realizada para cve_mun: 7, fecha_pronostico: 2024-09-04
[2024-09-05T01:01:08.477+0000] {logging_mixin.py:190} INFO - Actualización realizada para cve_mun: 8, fecha_pronostico: 2024-09-04
[2024-09-05T01:01:08.688+0000] {logging_mixin.py:190} INFO - Actualización realizada para cve_mun: 9, fecha_pronostico: 2024-09-04
[2024-09-05T01:01:08.953+0000] {logging_mixin.py:190} INFO - Actualización realizada para cve_mun: 10, fecha_pronostico: 2024-09-04
[2024-09-05T01:01:09.109+0000] {logging_mixin.py:190} INFO - Actualización realizada para cve_mun: 11, fecha_pronostico: 2024-09-04
[2024-09-05T01:01:09.372+0000] {logging_mixin.py:190} INFO - Actualización realizada para cve_mun: 12, fecha_pronostico: 2024-09-04
[2024-09-05T01:01:09.651+0000] {logging_mixin.py:190} INFO - Actualización realizada para cve_mun: 13, fecha_pronostico: 2024-09-04
[2024-09-05T01:01:09.811+0000] {logging_mixin.py:190} INFO - Actualización realizada para cve_mun: 14, fecha_pronostico: 2024-09-04
[2024-09-05T01:01:10.032+0000] {logging_mixin.py:190} INFO - Actualización realizada para cve_mun: 15, fecha_pronostico: 2024-09-04
[2024-09-05T01:01:10.272+0000] {logging_mixin.py:190} INFO - Actualización realizada para cve_mun: 16, fecha_pronostico: 2024-09-04
[2024-09-05T01:01:10.457+0000] {logging_mixin.py:190} INFO - Actualización realizada para cve_mun: 17, fecha_pronostico: 2024-09-04
[2024-09-05T01:01:10.644+0000] {logging_mixin.py:190} INFO - Actualización realizada para cve_mun: 18, fecha_pronostico: 2024-09-04
[2024-09-05T01:01:10.905+0000] {logging_mixin.py:190} INFO - Actualización realizada para cve_mun: 1, fecha_pronostico: 2024-09-04
[2024-09-05T01:01:11.171+0000] {logging_mixin.py:190} INFO - Actualización realizada para cve_mun: 2, fecha_pronostico: 2024-09-04
[2024-09-05T01:01:11.707+0000] {logging_mixin.py:190} INFO - Actualización realizada para cve_mun: 3, fecha_pronostico: 2024-09-04
[2024-09-05T01:01:12.068+0000] {logging_mixin.py:190} INFO - Actualización realizada para cve_mun: 4, fecha_pronostico: 2024-09-04
[2024-09-05T01:01:12.395+0000] {logging_mixin.py:190} INFO - Actualización realizada para cve_mun: 5, fecha_pronostico: 2024-09-04
[2024-09-05T01:01:13.332+0000] {logging_mixin.py:190} INFO - Actualización realizada para cve_mun: 6, fecha_pronostico: 2024-09-04
[2024-09-05T01:01:14.474+0000] {logging_mixin.py:190} INFO - Actualización realizada para cve_mun: 7, fecha_pronostico: 2024-09-04
[2024-09-05T01:01:15.463+0000] {logging_mixin.py:190} INFO - Actualización realizada para cve_mun: 8, fecha_pronostico: 2024-09-04
[2024-09-05T01:01:16.136+0000] {logging_mixin.py:190} INFO - Actualización realizada para cve_mun: 9, fecha_pronostico: 2024-09-04
[2024-09-05T01:01:16.672+0000] {logging_mixin.py:190} INFO - Actualización realizada para cve_mun: 10, fecha_pronostico: 2024-09-04
[2024-09-05T01:01:16.876+0000] {logging_mixin.py:190} INFO - Actualización realizada para cve_mun: 11, fecha_pronostico: 2024-09-04
[2024-09-05T01:01:17.207+0000] {logging_mixin.py:190} INFO - Actualización realizada para cve_mun: 12, fecha_pronostico: 2024-09-04
[2024-09-05T01:01:17.575+0000] {logging_mixin.py:190} INFO - Actualización realizada para cve_mun: 13, fecha_pronostico: 2024-09-04
[2024-09-05T01:01:17.754+0000] {logging_mixin.py:190} INFO - Actualización realizada para cve_mun: 14, fecha_pronostico: 2024-09-04
[2024-09-05T01:01:17.980+0000] {logging_mixin.py:190} INFO - Actualización realizada para cve_mun: 15, fecha_pronostico: 2024-09-04
[2024-09-05T01:01:18.204+0000] {logging_mixin.py:190} INFO - Actualización realizada para cve_mun: 16, fecha_pronostico: 2024-09-04
[2024-09-05T01:01:18.509+0000] {logging_mixin.py:190} INFO - Actualización realizada para cve_mun: 17, fecha_pronostico: 2024-09-04
[2024-09-05T01:01:18.851+0000] {logging_mixin.py:190} INFO - Actualización realizada para cve_mun: 18, fecha_pronostico: 2024-09-04
[2024-09-05T01:01:19.119+0000] {logging_mixin.py:190} INFO - Actualización realizada para cve_mun: 1, fecha_pronostico: 2024-09-04
[2024-09-05T01:01:19.335+0000] {logging_mixin.py:190} INFO - Actualización realizada para cve_mun: 2, fecha_pronostico: 2024-09-04
[2024-09-05T01:01:19.579+0000] {logging_mixin.py:190} INFO - Actualización realizada para cve_mun: 3, fecha_pronostico: 2024-09-04
[2024-09-05T01:01:19.734+0000] {logging_mixin.py:190} INFO - Actualización realizada para cve_mun: 4, fecha_pronostico: 2024-09-04
[2024-09-05T01:01:19.910+0000] {logging_mixin.py:190} INFO - Actualización realizada para cve_mun: 5, fecha_pronostico: 2024-09-04
[2024-09-05T01:01:20.137+0000] {logging_mixin.py:190} INFO - Actualización realizada para cve_mun: 6, fecha_pronostico: 2024-09-04
[2024-09-05T01:01:20.399+0000] {logging_mixin.py:190} INFO - Actualización realizada para cve_mun: 7, fecha_pronostico: 2024-09-04
[2024-09-05T01:01:21.021+0000] {logging_mixin.py:190} INFO - Actualización realizada para cve_mun: 8, fecha_pronostico: 2024-09-04
[2024-09-05T01:01:21.704+0000] {logging_mixin.py:190} INFO - Actualización realizada para cve_mun: 9, fecha_pronostico: 2024-09-04
[2024-09-05T01:01:22.169+0000] {logging_mixin.py:190} INFO - Actualización realizada para cve_mun: 10, fecha_pronostico: 2024-09-04
[2024-09-05T01:01:22.490+0000] {logging_mixin.py:190} INFO - Actualización realizada para cve_mun: 11, fecha_pronostico: 2024-09-04
[2024-09-05T01:01:22.873+0000] {logging_mixin.py:190} INFO - Actualización realizada para cve_mun: 12, fecha_pronostico: 2024-09-04
[2024-09-05T01:01:23.461+0000] {logging_mixin.py:190} INFO - Actualización realizada para cve_mun: 13, fecha_pronostico: 2024-09-04
[2024-09-05T01:01:23.680+0000] {logging_mixin.py:190} INFO - Actualización realizada para cve_mun: 14, fecha_pronostico: 2024-09-04
[2024-09-05T01:01:23.823+0000] {logging_mixin.py:190} INFO - Actualización realizada para cve_mun: 15, fecha_pronostico: 2024-09-04
[2024-09-05T01:01:24.039+0000] {logging_mixin.py:190} INFO - Actualización realizada para cve_mun: 16, fecha_pronostico: 2024-09-04
[2024-09-05T01:01:24.269+0000] {logging_mixin.py:190} INFO - Actualización realizada para cve_mun: 17, fecha_pronostico: 2024-09-04
[2024-09-05T01:01:24.469+0000] {logging_mixin.py:190} INFO - Actualización realizada para cve_mun: 18, fecha_pronostico: 2024-09-04
[2024-09-05T01:01:25.034+0000] {logging_mixin.py:190} INFO - Todas las actualizaciones se han realizado con éxito
[2024-09-05T01:01:25.064+0000] {python.py:240} INFO - Done. Returned value was: None
[2024-09-05T01:01:25.251+0000] {taskinstance.py:340} INFO - ::group::Post task execution logs
[2024-09-05T01:01:25.265+0000] {taskinstance.py:352} INFO - Marking task as SUCCESS. dag_id=weather_etl_dag, task_id=update_sequia_indicator, run_id=scheduled__2024-08-14T00:00:00+00:00, execution_date=20240814T000000, start_date=20240905T005923, end_date=20240905T010125
[2024-09-05T01:01:27.401+0000] {local_task_job_runner.py:261} INFO - Task exited with return code 0
[2024-09-05T01:01:27.480+0000] {taskinstance.py:3891} INFO - 0 downstream tasks scheduled from follow-on schedule check
[2024-09-05T01:01:27.930+0000] {local_task_job_runner.py:240} INFO - ::endgroup::
[2024-09-05T01:01:28.529+0000] {standard_task_runner.py:217} INFO - Process not found (most likely exited), stop collecting metrics
