[2024-08-17T15:14:19.700+0000] {local_task_job_runner.py:120} INFO - ::group::Pre task execution logs
[2024-08-17T15:14:19.731+0000] {taskinstance.py:2076} INFO - Dependencies all met for dep_context=non-requeueable deps ti=<TaskInstance: weather_etl_dag.get_municipios manual__2024-08-17T15:13:11.389709+00:00 [queued]>
[2024-08-17T15:14:19.740+0000] {taskinstance.py:2076} INFO - Dependencies all met for dep_context=requeueable deps ti=<TaskInstance: weather_etl_dag.get_municipios manual__2024-08-17T15:13:11.389709+00:00 [queued]>
[2024-08-17T15:14:19.742+0000] {taskinstance.py:2306} INFO - Starting attempt 1 of 2
[2024-08-17T15:14:19.918+0000] {taskinstance.py:2330} INFO - Executing <Task(PythonOperator): get_municipios> on 2024-08-17 15:13:11.389709+00:00
[2024-08-17T15:14:19.923+0000] {warnings.py:112} WARNING - /home/***/.local/lib/python3.12/site-packages/***/task/task_runner/standard_task_runner.py:62: DeprecationWarning: This process (pid=266) is multi-threaded, use of fork() may lead to deadlocks in the child.
  pid = os.fork()

[2024-08-17T15:14:19.925+0000] {standard_task_runner.py:64} INFO - Started process 268 to run task
[2024-08-17T15:14:19.927+0000] {standard_task_runner.py:90} INFO - Running: ['***', 'tasks', 'run', 'weather_etl_dag', 'get_municipios', 'manual__2024-08-17T15:13:11.389709+00:00', '--job-id', '192', '--raw', '--subdir', 'DAGS_FOLDER/weather_etl_dag.py', '--cfg-path', '/tmp/tmp9gah90bv']
[2024-08-17T15:14:19.933+0000] {standard_task_runner.py:91} INFO - Job 192: Subtask get_municipios
[2024-08-17T15:14:20.012+0000] {task_command.py:426} INFO - Running <TaskInstance: weather_etl_dag.get_municipios manual__2024-08-17T15:13:11.389709+00:00 [running]> on host b7290fbe53d7
[2024-08-17T15:14:20.507+0000] {taskinstance.py:2648} INFO - Exporting env vars: AIRFLOW_CTX_DAG_OWNER='***' AIRFLOW_CTX_DAG_ID='weather_etl_dag' AIRFLOW_CTX_TASK_ID='get_municipios' AIRFLOW_CTX_EXECUTION_DATE='2024-08-17T15:13:11.389709+00:00' AIRFLOW_CTX_TRY_NUMBER='1' AIRFLOW_CTX_DAG_RUN_ID='manual__2024-08-17T15:13:11.389709+00:00'
[2024-08-17T15:14:20.509+0000] {taskinstance.py:430} INFO - ::endgroup::
[2024-08-17T15:14:21.193+0000] {logging_mixin.py:188} INFO - Conexión establecida con Redshift.
[2024-08-17T15:14:21.194+0000] {logging_mixin.py:188} INFO - Ejecutando la consulta SQL...
[2024-08-17T15:14:21.202+0000] {warnings.py:112} WARNING - /opt/***/dags/weather_etl_dag.py:82: UserWarning: pandas only supports SQLAlchemy connectable (engine/connection) or database string URI or sqlite3 DBAPI2 connection. Other DBAPI2 objects are not tested. Please consider using SQLAlchemy.
  df_municipios = pd.read_sql_query(query, conn)

[2024-08-17T15:14:21.341+0000] {logging_mixin.py:188} INFO - Consulta ejecutada, numero de registros obtenidos:18
[2024-08-17T15:14:21.342+0000] {logging_mixin.py:188} INFO - conexion a redshift cerrada
[2024-08-17T15:14:21.488+0000] {python.py:237} INFO - Done. Returned value was: None
[2024-08-17T15:14:21.490+0000] {taskinstance.py:441} INFO - ::group::Post task execution logs
[2024-08-17T15:14:21.497+0000] {taskinstance.py:1206} INFO - Marking task as SUCCESS. dag_id=weather_etl_dag, task_id=get_municipios, run_id=manual__2024-08-17T15:13:11.389709+00:00, execution_date=20240817T151311, start_date=20240817T151419, end_date=20240817T151421
[2024-08-17T15:14:21.651+0000] {local_task_job_runner.py:243} INFO - Task exited with return code 0
[2024-08-17T15:14:21.673+0000] {taskinstance.py:3503} INFO - 1 downstream tasks scheduled from follow-on schedule check
[2024-08-17T15:14:21.723+0000] {local_task_job_runner.py:222} INFO - ::endgroup::
