[2024-09-06T04:05:28.369+0000] {local_task_job_runner.py:123} INFO - ::group::Pre task execution logs
[2024-09-06T04:05:28.392+0000] {taskinstance.py:2603} INFO - Dependencies all met for dep_context=non-requeueable deps ti=<TaskInstance: weather_etl_dag.get_forecast_and_drought_data scheduled__2024-09-04T00:00:00+00:00 [queued]>
[2024-09-06T04:05:28.408+0000] {taskinstance.py:2603} INFO - Dependencies all met for dep_context=requeueable deps ti=<TaskInstance: weather_etl_dag.get_forecast_and_drought_data scheduled__2024-09-04T00:00:00+00:00 [queued]>
[2024-09-06T04:05:28.442+0000] {taskinstance.py:2856} INFO - Starting attempt 1 of 2
[2024-09-06T04:05:28.515+0000] {taskinstance.py:2879} INFO - Executing <Task(PythonOperator): get_forecast_and_drought_data> on 2024-09-04 00:00:00+00:00
[2024-09-06T04:05:28.520+0000] {warnings.py:112} WARNING - /usr/local/lib/python3.12/site-packages/***/task/task_runner/standard_task_runner.py:70: DeprecationWarning: This process (pid=588) is multi-threaded, use of fork() may lead to deadlocks in the child.
  pid = os.fork()

[2024-09-06T04:05:28.523+0000] {standard_task_runner.py:104} INFO - Running: ['***', 'tasks', 'run', 'weather_etl_dag', 'get_forecast_and_drought_data', 'scheduled__2024-09-04T00:00:00+00:00', '--job-id', '285', '--raw', '--subdir', 'DAGS_FOLDER/weather_etl_dag.py', '--cfg-path', '/tmp/tmpqyv41myn']
[2024-09-06T04:05:28.526+0000] {standard_task_runner.py:72} INFO - Started process 590 to run task
[2024-09-06T04:05:28.526+0000] {standard_task_runner.py:105} INFO - Job 285: Subtask get_forecast_and_drought_data
[2024-09-06T04:05:28.629+0000] {task_command.py:467} INFO - Running <TaskInstance: weather_etl_dag.get_forecast_and_drought_data scheduled__2024-09-04T00:00:00+00:00 [running]> on host 4b8f6e83ee7a
[2024-09-06T04:05:29.098+0000] {taskinstance.py:3122} INFO - Exporting env vars: AIRFLOW_CTX_DAG_OWNER='***' AIRFLOW_CTX_DAG_ID='weather_etl_dag' AIRFLOW_CTX_TASK_ID='get_forecast_and_drought_data' AIRFLOW_CTX_EXECUTION_DATE='2024-09-04T00:00:00+00:00' AIRFLOW_CTX_TRY_NUMBER='1' AIRFLOW_CTX_DAG_RUN_ID='scheduled__2024-09-04T00:00:00+00:00'
[2024-09-06T04:05:29.101+0000] {taskinstance.py:731} INFO - ::endgroup::
[2024-09-06T04:05:29.746+0000] {warnings.py:112} WARNING - /root/***/dags/weather_etl.py:150: UserWarning: pandas only supports SQLAlchemy connectable (engine/connection) or database string URI or sqlite3 DBAPI2 connection. Other DBAPI2 objects are not tested. Please consider using SQLAlchemy.
  df_pronosticos_clima = pd.read_sql_query(query, conn)

[2024-09-06T04:05:29.965+0000] {warnings.py:112} WARNING - /root/***/dags/weather_etl.py:153: UserWarning: pandas only supports SQLAlchemy connectable (engine/connection) or database string URI or sqlite3 DBAPI2 connection. Other DBAPI2 objects are not tested. Please consider using SQLAlchemy.
  df_sequia = pd.read_sql_query(query, conn)

[2024-09-06T04:05:30.901+0000] {python.py:240} INFO - Done. Returned value was: None
[2024-09-06T04:05:30.924+0000] {taskinstance.py:340} INFO - ::group::Post task execution logs
[2024-09-06T04:05:30.924+0000] {taskinstance.py:352} INFO - Marking task as SUCCESS. dag_id=weather_etl_dag, task_id=get_forecast_and_drought_data, run_id=scheduled__2024-09-04T00:00:00+00:00, execution_date=20240904T000000, start_date=20240906T040528, end_date=20240906T040530
[2024-09-06T04:05:31.037+0000] {local_task_job_runner.py:261} INFO - Task exited with return code 0
[2024-09-06T04:05:31.080+0000] {taskinstance.py:3891} INFO - 1 downstream tasks scheduled from follow-on schedule check
[2024-09-06T04:05:31.124+0000] {local_task_job_runner.py:240} INFO - ::endgroup::
