[2024-08-29T23:50:52.129+0000] {local_task_job_runner.py:120} INFO - ::group::Pre task execution logs
[2024-08-29T23:50:52.241+0000] {taskinstance.py:2076} INFO - Dependencies all met for dep_context=non-requeueable deps ti=<TaskInstance: weather_etl_dag.translate_and_clean_data scheduled__2024-08-28T00:00:00+00:00 [queued]>
[2024-08-29T23:50:52.263+0000] {taskinstance.py:2076} INFO - Dependencies all met for dep_context=requeueable deps ti=<TaskInstance: weather_etl_dag.translate_and_clean_data scheduled__2024-08-28T00:00:00+00:00 [queued]>
[2024-08-29T23:50:52.264+0000] {taskinstance.py:2306} INFO - Starting attempt 1 of 2
[2024-08-29T23:50:52.657+0000] {taskinstance.py:2330} INFO - Executing <Task(PythonOperator): translate_and_clean_data> on 2024-08-28 00:00:00+00:00
[2024-08-29T23:50:52.665+0000] {warnings.py:112} WARNING - /home/***/.local/lib/python3.12/site-packages/***/task/task_runner/standard_task_runner.py:62: DeprecationWarning: This process (pid=276) is multi-threaded, use of fork() may lead to deadlocks in the child.
  pid = os.fork()

[2024-08-29T23:50:52.666+0000] {standard_task_runner.py:64} INFO - Started process 278 to run task
[2024-08-29T23:50:52.694+0000] {standard_task_runner.py:90} INFO - Running: ['***', 'tasks', 'run', 'weather_etl_dag', 'translate_and_clean_data', 'scheduled__2024-08-28T00:00:00+00:00', '--job-id', '407', '--raw', '--subdir', 'DAGS_FOLDER/weather_etl_dag.py', '--cfg-path', '/tmp/tmp1vf_69x7']
[2024-08-29T23:50:52.703+0000] {standard_task_runner.py:91} INFO - Job 407: Subtask translate_and_clean_data
[2024-08-29T23:50:52.840+0000] {task_command.py:426} INFO - Running <TaskInstance: weather_etl_dag.translate_and_clean_data scheduled__2024-08-28T00:00:00+00:00 [running]> on host b7290fbe53d7
[2024-08-29T23:50:53.460+0000] {taskinstance.py:2648} INFO - Exporting env vars: AIRFLOW_CTX_DAG_OWNER='***' AIRFLOW_CTX_DAG_ID='weather_etl_dag' AIRFLOW_CTX_TASK_ID='translate_and_clean_data' AIRFLOW_CTX_EXECUTION_DATE='2024-08-28T00:00:00+00:00' AIRFLOW_CTX_TRY_NUMBER='1' AIRFLOW_CTX_DAG_RUN_ID='scheduled__2024-08-28T00:00:00+00:00'
[2024-08-29T23:50:53.462+0000] {taskinstance.py:430} INFO - ::endgroup::
[2024-08-29T23:50:53.703+0000] {logging_mixin.py:188} INFO - recuperando dataframe de pronosticos desde xcom
[2024-08-29T23:50:53.777+0000] {logging_mixin.py:188} INFO - numero de registros en pronosticos:18
[2024-08-29T23:50:53.910+0000] {logging_mixin.py:188} INFO - Pronósticos antes de limpiar y traducir:    cve_mun            municipio  ... wind_kph  humidity
0        1    AMEALCO DE BONFIL  ...     11.5        77
1        2      PINAL DE AMOLES  ...     16.2        73
2        3          ARROYO SECO  ...     20.9        80
3        4  CADEREYTA DE MONTES  ...     14.4        74
4        5                COLON  ...     16.2        73

[5 rows x 10 columns]
[2024-08-29T23:51:59.899+0000] {logging_mixin.py:188} INFO - Pronósticos después de limpiar y traducir:    cve_mun            municipio  ... viento_kph  humedad
0        1    Amealco De Bonfil  ...       11.5       77
1        2      Pinal De Amoles  ...       16.2       73
2        3          Arroyo Seco  ...       20.9       80
3        4  Cadereyta De Montes  ...       14.4       74
4        5                Colon  ...       16.2       73

[5 rows x 10 columns]
[2024-08-29T23:51:59.977+0000] {python.py:237} INFO - Done. Returned value was: None
[2024-08-29T23:51:59.977+0000] {taskinstance.py:441} INFO - ::group::Post task execution logs
[2024-08-29T23:51:59.997+0000] {taskinstance.py:1206} INFO - Marking task as SUCCESS. dag_id=weather_etl_dag, task_id=translate_and_clean_data, run_id=scheduled__2024-08-28T00:00:00+00:00, execution_date=20240828T000000, start_date=20240829T235052, end_date=20240829T235159
[2024-08-29T23:52:00.117+0000] {local_task_job_runner.py:243} INFO - Task exited with return code 0
[2024-08-29T23:52:00.184+0000] {taskinstance.py:3503} INFO - 1 downstream tasks scheduled from follow-on schedule check
[2024-08-29T23:52:00.245+0000] {local_task_job_runner.py:222} INFO - ::endgroup::
[2024-09-05T23:57:53.009+0000] {local_task_job_runner.py:123} INFO - ::group::Pre task execution logs
[2024-09-05T23:57:53.061+0000] {taskinstance.py:2603} INFO - Dependencies all met for dep_context=non-requeueable deps ti=<TaskInstance: weather_etl_dag.translate_and_clean_data scheduled__2024-08-28T00:00:00+00:00 [queued]>
[2024-09-05T23:57:53.422+0000] {taskinstance.py:2603} INFO - Dependencies all met for dep_context=requeueable deps ti=<TaskInstance: weather_etl_dag.translate_and_clean_data scheduled__2024-08-28T00:00:00+00:00 [queued]>
[2024-09-05T23:57:53.423+0000] {taskinstance.py:2856} INFO - Starting attempt 1 of 2
[2024-09-05T23:57:53.580+0000] {taskinstance.py:2879} INFO - Executing <Task(PythonOperator): translate_and_clean_data> on 2024-08-28 00:00:00+00:00
[2024-09-05T23:57:53.588+0000] {standard_task_runner.py:104} INFO - Running: ['***', 'tasks', 'run', 'weather_etl_dag', 'translate_and_clean_data', 'scheduled__2024-08-28T00:00:00+00:00', '--job-id', '167', '--raw', '--subdir', 'DAGS_FOLDER/weather_etl_dag.py', '--cfg-path', '/tmp/tmpkrhvf381']
[2024-09-05T23:57:53.592+0000] {standard_task_runner.py:105} INFO - Job 167: Subtask translate_and_clean_data
[2024-09-05T23:57:53.612+0000] {warnings.py:112} WARNING - /usr/local/lib/python3.12/site-packages/***/task/task_runner/standard_task_runner.py:70: DeprecationWarning: This process (pid=529) is multi-threaded, use of fork() may lead to deadlocks in the child.
  pid = os.fork()

[2024-09-05T23:57:53.613+0000] {standard_task_runner.py:72} INFO - Started process 531 to run task
[2024-09-05T23:57:53.716+0000] {task_command.py:467} INFO - Running <TaskInstance: weather_etl_dag.translate_and_clean_data scheduled__2024-08-28T00:00:00+00:00 [running]> on host da9f5d3bcb59
[2024-09-05T23:57:59.438+0000] {taskinstance.py:3122} INFO - Exporting env vars: AIRFLOW_CTX_DAG_OWNER='***' AIRFLOW_CTX_DAG_ID='weather_etl_dag' AIRFLOW_CTX_TASK_ID='translate_and_clean_data' AIRFLOW_CTX_EXECUTION_DATE='2024-08-28T00:00:00+00:00' AIRFLOW_CTX_TRY_NUMBER='1' AIRFLOW_CTX_DAG_RUN_ID='scheduled__2024-08-28T00:00:00+00:00'
[2024-09-05T23:57:59.441+0000] {taskinstance.py:731} INFO - ::endgroup::
[2024-09-05T23:59:03.993+0000] {python.py:240} INFO - Done. Returned value was: None
[2024-09-05T23:59:04.555+0000] {taskinstance.py:340} INFO - ::group::Post task execution logs
[2024-09-05T23:59:04.572+0000] {taskinstance.py:352} INFO - Marking task as SUCCESS. dag_id=weather_etl_dag, task_id=translate_and_clean_data, run_id=scheduled__2024-08-28T00:00:00+00:00, execution_date=20240828T000000, start_date=20240905T235753, end_date=20240905T235904
[2024-09-05T23:59:05.147+0000] {local_task_job_runner.py:261} INFO - Task exited with return code 0
[2024-09-05T23:59:08.737+0000] {taskinstance.py:3891} INFO - 0 downstream tasks scheduled from follow-on schedule check
[2024-09-05T23:59:08.807+0000] {local_task_job_runner.py:240} INFO - ::endgroup::
[2024-09-05T23:59:08.898+0000] {standard_task_runner.py:217} INFO - Process not found (most likely exited), stop collecting metrics
