[2024-08-14T04:39:45.680+0000] {local_task_job_runner.py:120} INFO - ::group::Pre task execution logs
[2024-08-14T04:39:45.970+0000] {taskinstance.py:2076} INFO - Dependencies all met for dep_context=non-requeueable deps ti=<TaskInstance: weather_etl_dag.map_sequia_indicator manual__2024-08-14T04:36:52.022202+00:00 [queued]>
[2024-08-14T04:39:46.033+0000] {taskinstance.py:2076} INFO - Dependencies all met for dep_context=requeueable deps ti=<TaskInstance: weather_etl_dag.map_sequia_indicator manual__2024-08-14T04:36:52.022202+00:00 [queued]>
[2024-08-14T04:39:46.055+0000] {taskinstance.py:2306} INFO - Starting attempt 1 of 2
[2024-08-14T04:39:46.178+0000] {taskinstance.py:2330} INFO - Executing <Task(PythonOperator): map_sequia_indicator> on 2024-08-14 04:36:52.022202+00:00
[2024-08-14T04:39:46.188+0000] {warnings.py:112} WARNING - /home/***/.local/lib/python3.12/site-packages/***/task/task_runner/standard_task_runner.py:62: DeprecationWarning: This process (pid=3176) is multi-threaded, use of fork() may lead to deadlocks in the child.
  pid = os.fork()

[2024-08-14T04:39:46.191+0000] {standard_task_runner.py:64} INFO - Started process 3178 to run task
[2024-08-14T04:39:46.190+0000] {standard_task_runner.py:90} INFO - Running: ['***', 'tasks', 'run', 'weather_etl_dag', 'map_sequia_indicator', 'manual__2024-08-14T04:36:52.022202+00:00', '--job-id', '97', '--raw', '--subdir', 'DAGS_FOLDER/weather_etl_dag.py', '--cfg-path', '/tmp/tmp_sst_q6l']
[2024-08-14T04:39:46.195+0000] {standard_task_runner.py:91} INFO - Job 97: Subtask map_sequia_indicator
[2024-08-14T04:39:46.324+0000] {task_command.py:426} INFO - Running <TaskInstance: weather_etl_dag.map_sequia_indicator manual__2024-08-14T04:36:52.022202+00:00 [running]> on host 712d18ef94ea
[2024-08-14T04:39:46.678+0000] {taskinstance.py:2648} INFO - Exporting env vars: AIRFLOW_CTX_DAG_OWNER='***' AIRFLOW_CTX_DAG_ID='weather_etl_dag' AIRFLOW_CTX_TASK_ID='map_sequia_indicator' AIRFLOW_CTX_EXECUTION_DATE='2024-08-14T04:36:52.022202+00:00' AIRFLOW_CTX_TRY_NUMBER='1' AIRFLOW_CTX_DAG_RUN_ID='manual__2024-08-14T04:36:52.022202+00:00'
[2024-08-14T04:39:46.681+0000] {taskinstance.py:430} INFO - ::endgroup::
[2024-08-14T04:39:46.754+0000] {logging_mixin.py:188} INFO - Pronósticos clima antes de mapear sequía:    cve_mun          municipio fecha_pronostico indicador_sequia
0        1  Amealco De Bonfil       2024-08-13               D4
1        1  Amealco De Bonfil       2024-08-13               D4
2        1  Amealco De Bonfil       2024-08-13               D4
3        2    Pinal De Amoles       2024-08-13               D1
4        2    Pinal De Amoles       2024-08-13               D1
[2024-08-14T04:39:46.760+0000] {logging_mixin.py:188} INFO - Datos de sequía para mapear:    cve_mun          nombre_mun  cve_ent               entidad       fecha valor
0        1   Amealco de Bonfil       22  Querétaro de Arteaga  2003-03-31    D0
1       10  Landa de Matamoros       22  Querétaro de Arteaga  2003-06-30    D0
2        2     Pinal de Amoles       22  Querétaro de Arteaga  2004-09-30    D0
3        3         Arroyo Seco       22  Querétaro de Arteaga  2004-09-30    D0
4        9     Jalpan de Serra       22  Querétaro de Arteaga  2004-09-30    D0
[2024-08-14T04:39:46.772+0000] {logging_mixin.py:188} INFO - Pronósticos clima después de mapear sequía:    cve_mun          municipio fecha_pronostico indicador_sequia
0        1  Amealco De Bonfil       2024-08-13               D4
1        1  Amealco De Bonfil       2024-08-13               D4
2        1  Amealco De Bonfil       2024-08-13               D4
3        2    Pinal De Amoles       2024-08-13               D1
4        2    Pinal De Amoles       2024-08-13               D1
[2024-08-14T04:39:46.877+0000] {python.py:237} INFO - Done. Returned value was: None
[2024-08-14T04:39:46.881+0000] {taskinstance.py:441} INFO - ::group::Post task execution logs
[2024-08-14T04:39:46.892+0000] {taskinstance.py:1206} INFO - Marking task as SUCCESS. dag_id=weather_etl_dag, task_id=map_sequia_indicator, run_id=manual__2024-08-14T04:36:52.022202+00:00, execution_date=20240814T043652, start_date=20240814T043946, end_date=20240814T043946
[2024-08-14T04:39:46.999+0000] {local_task_job_runner.py:243} INFO - Task exited with return code 0
[2024-08-14T04:39:47.030+0000] {taskinstance.py:3503} INFO - 1 downstream tasks scheduled from follow-on schedule check
[2024-08-14T04:39:47.089+0000] {local_task_job_runner.py:222} INFO - ::endgroup::
