[2024-08-17T14:43:54.685+0000] {local_task_job_runner.py:120} INFO - ::group::Pre task execution logs
[2024-08-17T14:43:54.889+0000] {taskinstance.py:2076} INFO - Dependencies all met for dep_context=non-requeueable deps ti=<TaskInstance: weather_etl_dag.map_sequia_indicator scheduled__2024-08-15T00:00:00+00:00 [queued]>
[2024-08-17T14:43:54.899+0000] {taskinstance.py:2076} INFO - Dependencies all met for dep_context=requeueable deps ti=<TaskInstance: weather_etl_dag.map_sequia_indicator scheduled__2024-08-15T00:00:00+00:00 [queued]>
[2024-08-17T14:43:55.077+0000] {taskinstance.py:2306} INFO - Starting attempt 1 of 2
[2024-08-17T14:43:55.188+0000] {taskinstance.py:2330} INFO - Executing <Task(PythonOperator): map_sequia_indicator> on 2024-08-15 00:00:00+00:00
[2024-08-17T14:43:55.197+0000] {warnings.py:112} WARNING - /home/***/.local/lib/python3.12/site-packages/***/task/task_runner/standard_task_runner.py:62: DeprecationWarning: This process (pid=551) is multi-threaded, use of fork() may lead to deadlocks in the child.
  pid = os.fork()

[2024-08-17T14:43:55.203+0000] {standard_task_runner.py:90} INFO - Running: ['***', 'tasks', 'run', 'weather_etl_dag', 'map_sequia_indicator', 'scheduled__2024-08-15T00:00:00+00:00', '--job-id', '178', '--raw', '--subdir', 'DAGS_FOLDER/weather_etl_dag.py', '--cfg-path', '/tmp/tmpnyfde9zi']
[2024-08-17T14:43:55.206+0000] {standard_task_runner.py:64} INFO - Started process 556 to run task
[2024-08-17T14:43:55.233+0000] {standard_task_runner.py:91} INFO - Job 178: Subtask map_sequia_indicator
[2024-08-17T14:43:55.604+0000] {task_command.py:426} INFO - Running <TaskInstance: weather_etl_dag.map_sequia_indicator scheduled__2024-08-15T00:00:00+00:00 [running]> on host 40ce90ebbdd9
[2024-08-17T14:43:55.843+0000] {taskinstance.py:2648} INFO - Exporting env vars: AIRFLOW_CTX_DAG_OWNER='***' AIRFLOW_CTX_DAG_ID='weather_etl_dag' AIRFLOW_CTX_TASK_ID='map_sequia_indicator' AIRFLOW_CTX_EXECUTION_DATE='2024-08-15T00:00:00+00:00' AIRFLOW_CTX_TRY_NUMBER='1' AIRFLOW_CTX_DAG_RUN_ID='scheduled__2024-08-15T00:00:00+00:00'
[2024-08-17T14:43:55.844+0000] {taskinstance.py:430} INFO - ::endgroup::
[2024-08-17T14:43:55.919+0000] {logging_mixin.py:188} INFO - Pronósticos clima antes de mapear sequía:    cve_mun            municipio fecha_pronostico indicador_sequia
0        1    Amealco De Bonfil       2024-08-17             None
1        2      Pinal De Amoles       2024-08-17             None
2        3          Arroyo Seco       2024-08-17             None
3        4  Cadereyta De Montes       2024-08-17             None
4        5                Colon       2024-08-17             None
[2024-08-17T14:43:55.929+0000] {logging_mixin.py:188} INFO - Datos de sequía para mapear:    cve_mun          nombre_mun  cve_ent               entidad       fecha valor
0        1   Amealco de Bonfil       22  Querétaro de Arteaga  2003-03-31    D0
1       10  Landa de Matamoros       22  Querétaro de Arteaga  2003-06-30    D0
2        2     Pinal de Amoles       22  Querétaro de Arteaga  2004-09-30    D0
3        3         Arroyo Seco       22  Querétaro de Arteaga  2004-09-30    D0
4        9     Jalpan de Serra       22  Querétaro de Arteaga  2004-09-30    D0
[2024-08-17T14:43:55.964+0000] {logging_mixin.py:188} INFO - Pronósticos clima después de mapear sequía:    cve_mun            municipio fecha_pronostico indicador_sequia
0        1    Amealco De Bonfil       2024-08-17               D4
1        2      Pinal De Amoles       2024-08-17               D1
2        3          Arroyo Seco       2024-08-17               D0
3        4  Cadereyta De Montes       2024-08-17               D3
4        5                Colon       2024-08-17               D4
[2024-08-17T14:43:56.049+0000] {python.py:237} INFO - Done. Returned value was: None
[2024-08-17T14:43:56.050+0000] {taskinstance.py:441} INFO - ::group::Post task execution logs
[2024-08-17T14:43:56.057+0000] {taskinstance.py:1206} INFO - Marking task as SUCCESS. dag_id=weather_etl_dag, task_id=map_sequia_indicator, run_id=scheduled__2024-08-15T00:00:00+00:00, execution_date=20240815T000000, start_date=20240817T144354, end_date=20240817T144356
[2024-08-17T14:43:56.326+0000] {local_task_job_runner.py:243} INFO - Task exited with return code 0
[2024-08-17T14:43:56.412+0000] {taskinstance.py:3503} INFO - 1 downstream tasks scheduled from follow-on schedule check
[2024-08-17T14:43:56.573+0000] {local_task_job_runner.py:222} INFO - ::endgroup::
[2024-09-05T00:49:07.822+0000] {local_task_job_runner.py:123} INFO - ::group::Pre task execution logs
[2024-09-05T00:49:07.905+0000] {taskinstance.py:2603} INFO - Dependencies all met for dep_context=non-requeueable deps ti=<TaskInstance: weather_etl_dag.map_sequia_indicator scheduled__2024-08-15T00:00:00+00:00 [queued]>
[2024-09-05T00:49:07.947+0000] {taskinstance.py:2603} INFO - Dependencies all met for dep_context=requeueable deps ti=<TaskInstance: weather_etl_dag.map_sequia_indicator scheduled__2024-08-15T00:00:00+00:00 [queued]>
[2024-09-05T00:49:07.951+0000] {taskinstance.py:2856} INFO - Starting attempt 1 of 2
[2024-09-05T00:49:08.057+0000] {taskinstance.py:2879} INFO - Executing <Task(PythonOperator): map_sequia_indicator> on 2024-08-15 00:00:00+00:00
[2024-09-05T00:49:08.064+0000] {warnings.py:112} WARNING - /usr/local/lib/python3.12/site-packages/***/task/task_runner/standard_task_runner.py:70: DeprecationWarning: This process (pid=1006) is multi-threaded, use of fork() may lead to deadlocks in the child.
  pid = os.fork()

[2024-09-05T00:49:08.075+0000] {standard_task_runner.py:72} INFO - Started process 1009 to run task
[2024-09-05T00:49:08.077+0000] {standard_task_runner.py:104} INFO - Running: ['***', 'tasks', 'run', 'weather_etl_dag', 'map_sequia_indicator', 'scheduled__2024-08-15T00:00:00+00:00', '--job-id', '119', '--raw', '--subdir', 'DAGS_FOLDER/weather_etl_dag.py', '--cfg-path', '/tmp/tmplp6pfajc']
[2024-09-05T00:49:08.090+0000] {standard_task_runner.py:105} INFO - Job 119: Subtask map_sequia_indicator
[2024-09-05T00:49:08.431+0000] {task_command.py:467} INFO - Running <TaskInstance: weather_etl_dag.map_sequia_indicator scheduled__2024-08-15T00:00:00+00:00 [running]> on host b778581f4b0f
[2024-09-05T00:49:10.409+0000] {taskinstance.py:3122} INFO - Exporting env vars: AIRFLOW_CTX_DAG_OWNER='***' AIRFLOW_CTX_DAG_ID='weather_etl_dag' AIRFLOW_CTX_TASK_ID='map_sequia_indicator' AIRFLOW_CTX_EXECUTION_DATE='2024-08-15T00:00:00+00:00' AIRFLOW_CTX_TRY_NUMBER='1' AIRFLOW_CTX_DAG_RUN_ID='scheduled__2024-08-15T00:00:00+00:00'
[2024-09-05T00:49:10.413+0000] {taskinstance.py:731} INFO - ::endgroup::
[2024-09-05T00:49:10.521+0000] {logging_mixin.py:190} INFO - Pronósticos clima antes de mapear sequía:    cve_mun          municipio fecha_pronostico indicador_sequia
0        1  Amealco De Bonfil       2024-09-04               D4
1        1  Amealco De Bonfil       2024-09-04               D4
2        1  Amealco De Bonfil       2024-09-04               D4
3        1  Amealco De Bonfil       2024-09-04               D4
4        1  Amealco De Bonfil       2024-09-04               D4
[2024-09-05T00:49:10.532+0000] {logging_mixin.py:190} INFO - Datos de sequía para mapear:    cve_mun          nombre_mun  cve_ent               entidad       fecha valor
0        1   Amealco de Bonfil       22  Querétaro de Arteaga  2003-03-31    D0
1       10  Landa de Matamoros       22  Querétaro de Arteaga  2003-06-30    D0
2        2     Pinal de Amoles       22  Querétaro de Arteaga  2004-09-30    D0
3        3         Arroyo Seco       22  Querétaro de Arteaga  2004-09-30    D0
4        9     Jalpan de Serra       22  Querétaro de Arteaga  2004-09-30    D0
[2024-09-05T00:49:10.543+0000] {logging_mixin.py:190} INFO - Pronósticos clima después de mapear sequía:    cve_mun          municipio fecha_pronostico indicador_sequia
0        1  Amealco De Bonfil       2024-09-04               D4
1        1  Amealco De Bonfil       2024-09-04               D4
2        1  Amealco De Bonfil       2024-09-04               D4
3        1  Amealco De Bonfil       2024-09-04               D4
4        1  Amealco De Bonfil       2024-09-04               D4
[2024-09-05T00:49:11.118+0000] {python.py:240} INFO - Done. Returned value was: None
[2024-09-05T00:49:11.133+0000] {taskinstance.py:340} INFO - ::group::Post task execution logs
[2024-09-05T00:49:11.134+0000] {taskinstance.py:352} INFO - Marking task as SUCCESS. dag_id=weather_etl_dag, task_id=map_sequia_indicator, run_id=scheduled__2024-08-15T00:00:00+00:00, execution_date=20240815T000000, start_date=20240905T004907, end_date=20240905T004911
[2024-09-05T00:49:11.308+0000] {local_task_job_runner.py:261} INFO - Task exited with return code 0
[2024-09-05T00:49:11.363+0000] {taskinstance.py:3891} INFO - 1 downstream tasks scheduled from follow-on schedule check
[2024-09-05T00:49:11.534+0000] {local_task_job_runner.py:240} INFO - ::endgroup::
