[2024-08-20T14:55:51.099+0000] {local_task_job_runner.py:120} INFO - ::group::Pre task execution logs
[2024-08-20T14:55:51.211+0000] {taskinstance.py:2076} INFO - Dependencies all met for dep_context=non-requeueable deps ti=<TaskInstance: weather_etl_dag.update_sequia_indicator scheduled__2024-08-19T00:00:00+00:00 [queued]>
[2024-08-20T14:55:51.576+0000] {taskinstance.py:2076} INFO - Dependencies all met for dep_context=requeueable deps ti=<TaskInstance: weather_etl_dag.update_sequia_indicator scheduled__2024-08-19T00:00:00+00:00 [queued]>
[2024-08-20T14:55:51.577+0000] {taskinstance.py:2306} INFO - Starting attempt 1 of 2
[2024-08-20T14:55:51.644+0000] {taskinstance.py:2330} INFO - Executing <Task(PythonOperator): update_sequia_indicator> on 2024-08-19 00:00:00+00:00
[2024-08-20T14:55:51.652+0000] {warnings.py:112} WARNING - /home/***/.local/lib/python3.12/site-packages/***/task/task_runner/standard_task_runner.py:62: DeprecationWarning: This process (pid=108) is multi-threaded, use of fork() may lead to deadlocks in the child.
  pid = os.fork()

[2024-08-20T14:55:51.654+0000] {standard_task_runner.py:64} INFO - Started process 117 to run task
[2024-08-20T14:55:51.660+0000] {standard_task_runner.py:90} INFO - Running: ['***', 'tasks', 'run', 'weather_etl_dag', 'update_sequia_indicator', 'scheduled__2024-08-19T00:00:00+00:00', '--job-id', '229', '--raw', '--subdir', 'DAGS_FOLDER/weather_etl_dag.py', '--cfg-path', '/tmp/tmprdu2tupf']
[2024-08-20T14:55:51.664+0000] {standard_task_runner.py:91} INFO - Job 229: Subtask update_sequia_indicator
[2024-08-20T14:55:51.821+0000] {task_command.py:426} INFO - Running <TaskInstance: weather_etl_dag.update_sequia_indicator scheduled__2024-08-19T00:00:00+00:00 [running]> on host b7290fbe53d7
[2024-08-20T14:55:52.390+0000] {taskinstance.py:2648} INFO - Exporting env vars: AIRFLOW_CTX_DAG_OWNER='***' AIRFLOW_CTX_DAG_ID='weather_etl_dag' AIRFLOW_CTX_TASK_ID='update_sequia_indicator' AIRFLOW_CTX_EXECUTION_DATE='2024-08-19T00:00:00+00:00' AIRFLOW_CTX_TRY_NUMBER='1' AIRFLOW_CTX_DAG_RUN_ID='scheduled__2024-08-19T00:00:00+00:00'
[2024-08-20T14:55:52.393+0000] {taskinstance.py:430} INFO - ::endgroup::
[2024-08-20T14:55:52.416+0000] {logging_mixin.py:188} INFO - iniciando conexion a redshift para actualizar sequia
[2024-08-20T14:55:52.716+0000] {logging_mixin.py:188} INFO - Número de registros a actualizar en la tabla: 18
[2024-08-20T14:55:52.744+0000] {logging_mixin.py:188} INFO - Datos para actualizar en la tabla:    cve_mun            municipio fecha_pronostico indicador_sequia
0        1    Amealco De Bonfil       2024-08-20               D4
1        2      Pinal De Amoles       2024-08-20               D1
2        3          Arroyo Seco       2024-08-20               D0
3        4  Cadereyta De Montes       2024-08-20               D3
4        5                Colon       2024-08-20               D4
[2024-08-20T14:55:53.598+0000] {logging_mixin.py:188} INFO - actualizacion realizada para cve_mun: 1, fecha_pronostico:2024-08-20
[2024-08-20T14:55:53.716+0000] {logging_mixin.py:188} INFO - actualizacion realizada para cve_mun: 2, fecha_pronostico:2024-08-20
[2024-08-20T14:55:53.843+0000] {logging_mixin.py:188} INFO - actualizacion realizada para cve_mun: 3, fecha_pronostico:2024-08-20
[2024-08-20T14:55:53.985+0000] {logging_mixin.py:188} INFO - actualizacion realizada para cve_mun: 4, fecha_pronostico:2024-08-20
[2024-08-20T14:55:54.132+0000] {logging_mixin.py:188} INFO - actualizacion realizada para cve_mun: 5, fecha_pronostico:2024-08-20
[2024-08-20T14:55:54.251+0000] {logging_mixin.py:188} INFO - actualizacion realizada para cve_mun: 6, fecha_pronostico:2024-08-20
[2024-08-20T14:55:54.371+0000] {logging_mixin.py:188} INFO - actualizacion realizada para cve_mun: 7, fecha_pronostico:2024-08-20
[2024-08-20T14:55:54.487+0000] {logging_mixin.py:188} INFO - actualizacion realizada para cve_mun: 8, fecha_pronostico:2024-08-20
[2024-08-20T14:55:54.605+0000] {logging_mixin.py:188} INFO - actualizacion realizada para cve_mun: 9, fecha_pronostico:2024-08-20
[2024-08-20T14:55:54.724+0000] {logging_mixin.py:188} INFO - actualizacion realizada para cve_mun: 10, fecha_pronostico:2024-08-20
[2024-08-20T14:55:54.840+0000] {logging_mixin.py:188} INFO - actualizacion realizada para cve_mun: 11, fecha_pronostico:2024-08-20
[2024-08-20T14:55:54.958+0000] {logging_mixin.py:188} INFO - actualizacion realizada para cve_mun: 12, fecha_pronostico:2024-08-20
[2024-08-20T14:55:55.074+0000] {logging_mixin.py:188} INFO - actualizacion realizada para cve_mun: 13, fecha_pronostico:2024-08-20
[2024-08-20T14:55:55.191+0000] {logging_mixin.py:188} INFO - actualizacion realizada para cve_mun: 14, fecha_pronostico:2024-08-20
[2024-08-20T14:55:55.307+0000] {logging_mixin.py:188} INFO - actualizacion realizada para cve_mun: 15, fecha_pronostico:2024-08-20
[2024-08-20T14:55:55.430+0000] {logging_mixin.py:188} INFO - actualizacion realizada para cve_mun: 16, fecha_pronostico:2024-08-20
[2024-08-20T14:55:55.548+0000] {logging_mixin.py:188} INFO - actualizacion realizada para cve_mun: 17, fecha_pronostico:2024-08-20
[2024-08-20T14:55:55.663+0000] {logging_mixin.py:188} INFO - actualizacion realizada para cve_mun: 18, fecha_pronostico:2024-08-20
[2024-08-20T14:55:55.764+0000] {logging_mixin.py:188} INFO - todas las actualizaciones se han realizado con exito
[2024-08-20T14:55:55.765+0000] {python.py:237} INFO - Done. Returned value was: None
[2024-08-20T14:55:55.766+0000] {taskinstance.py:441} INFO - ::group::Post task execution logs
[2024-08-20T14:55:55.775+0000] {taskinstance.py:1206} INFO - Marking task as SUCCESS. dag_id=weather_etl_dag, task_id=update_sequia_indicator, run_id=scheduled__2024-08-19T00:00:00+00:00, execution_date=20240819T000000, start_date=20240820T145551, end_date=20240820T145555
[2024-08-20T14:55:55.913+0000] {local_task_job_runner.py:243} INFO - Task exited with return code 0
[2024-08-20T14:55:55.928+0000] {taskinstance.py:3503} INFO - 0 downstream tasks scheduled from follow-on schedule check
[2024-08-20T14:55:55.974+0000] {local_task_job_runner.py:222} INFO - ::endgroup::
[2024-09-06T00:09:23.608+0000] {local_task_job_runner.py:123} INFO - ::group::Pre task execution logs
[2024-09-06T00:09:23.739+0000] {taskinstance.py:2603} INFO - Dependencies all met for dep_context=non-requeueable deps ti=<TaskInstance: weather_etl_dag.update_sequia_indicator scheduled__2024-08-19T00:00:00+00:00 [queued]>
[2024-09-06T00:09:23.755+0000] {taskinstance.py:2603} INFO - Dependencies all met for dep_context=requeueable deps ti=<TaskInstance: weather_etl_dag.update_sequia_indicator scheduled__2024-08-19T00:00:00+00:00 [queued]>
[2024-09-06T00:09:23.756+0000] {taskinstance.py:2856} INFO - Starting attempt 1 of 2
[2024-09-06T00:09:23.846+0000] {taskinstance.py:2879} INFO - Executing <Task(PythonOperator): update_sequia_indicator> on 2024-08-19 00:00:00+00:00
[2024-09-06T00:09:23.854+0000] {warnings.py:112} WARNING - /usr/local/lib/python3.12/site-packages/***/task/task_runner/standard_task_runner.py:70: DeprecationWarning: This process (pid=949) is multi-threaded, use of fork() may lead to deadlocks in the child.
  pid = os.fork()

[2024-09-06T00:09:23.856+0000] {standard_task_runner.py:72} INFO - Started process 951 to run task
[2024-09-06T00:09:23.860+0000] {standard_task_runner.py:104} INFO - Running: ['***', 'tasks', 'run', 'weather_etl_dag', 'update_sequia_indicator', 'scheduled__2024-08-19T00:00:00+00:00', '--job-id', '216', '--raw', '--subdir', 'DAGS_FOLDER/weather_etl_dag.py', '--cfg-path', '/tmp/tmpcb_87b8y']
[2024-09-06T00:09:23.864+0000] {standard_task_runner.py:105} INFO - Job 216: Subtask update_sequia_indicator
[2024-09-06T00:09:24.335+0000] {task_command.py:467} INFO - Running <TaskInstance: weather_etl_dag.update_sequia_indicator scheduled__2024-08-19T00:00:00+00:00 [running]> on host da9f5d3bcb59
[2024-09-06T00:09:24.606+0000] {taskinstance.py:3122} INFO - Exporting env vars: AIRFLOW_CTX_DAG_OWNER='***' AIRFLOW_CTX_DAG_ID='weather_etl_dag' AIRFLOW_CTX_TASK_ID='update_sequia_indicator' AIRFLOW_CTX_EXECUTION_DATE='2024-08-19T00:00:00+00:00' AIRFLOW_CTX_TRY_NUMBER='1' AIRFLOW_CTX_DAG_RUN_ID='scheduled__2024-08-19T00:00:00+00:00'
[2024-09-06T00:09:24.610+0000] {taskinstance.py:731} INFO - ::endgroup::
[2024-09-06T00:10:19.458+0000] {python.py:240} INFO - Done. Returned value was: None
[2024-09-06T00:10:19.472+0000] {taskinstance.py:340} INFO - ::group::Post task execution logs
[2024-09-06T00:10:19.473+0000] {taskinstance.py:352} INFO - Marking task as SUCCESS. dag_id=weather_etl_dag, task_id=update_sequia_indicator, run_id=scheduled__2024-08-19T00:00:00+00:00, execution_date=20240819T000000, start_date=20240906T000923, end_date=20240906T001019
[2024-09-06T00:10:19.746+0000] {local_task_job_runner.py:261} INFO - Task exited with return code 0
[2024-09-06T00:10:19.765+0000] {taskinstance.py:3891} INFO - 0 downstream tasks scheduled from follow-on schedule check
[2024-09-06T00:10:19.822+0000] {local_task_job_runner.py:240} INFO - ::endgroup::
