[2024-08-28T14:00:27.156+0000] {local_task_job_runner.py:120} INFO - ::group::Pre task execution logs
[2024-08-28T14:00:27.180+0000] {taskinstance.py:2076} INFO - Dependencies all met for dep_context=non-requeueable deps ti=<TaskInstance: weather_etl_dag.translate_and_clean_data scheduled__2024-08-27T00:00:00+00:00 [queued]>
[2024-08-28T14:00:27.187+0000] {taskinstance.py:2076} INFO - Dependencies all met for dep_context=requeueable deps ti=<TaskInstance: weather_etl_dag.translate_and_clean_data scheduled__2024-08-27T00:00:00+00:00 [queued]>
[2024-08-28T14:00:27.194+0000] {taskinstance.py:2306} INFO - Starting attempt 1 of 2
[2024-08-28T14:00:27.460+0000] {taskinstance.py:2330} INFO - Executing <Task(PythonOperator): translate_and_clean_data> on 2024-08-27 00:00:00+00:00
[2024-08-28T14:00:27.465+0000] {warnings.py:112} WARNING - /home/***/.local/lib/python3.12/site-packages/***/task/task_runner/standard_task_runner.py:62: DeprecationWarning: This process (pid=274) is multi-threaded, use of fork() may lead to deadlocks in the child.
  pid = os.fork()

[2024-08-28T14:00:27.467+0000] {standard_task_runner.py:64} INFO - Started process 276 to run task
[2024-08-28T14:00:27.467+0000] {standard_task_runner.py:90} INFO - Running: ['***', 'tasks', 'run', 'weather_etl_dag', 'translate_and_clean_data', 'scheduled__2024-08-27T00:00:00+00:00', '--job-id', '392', '--raw', '--subdir', 'DAGS_FOLDER/weather_etl_dag.py', '--cfg-path', '/tmp/tmpnrzhl_k_']
[2024-08-28T14:00:27.469+0000] {standard_task_runner.py:91} INFO - Job 392: Subtask translate_and_clean_data
[2024-08-28T14:00:27.562+0000] {task_command.py:426} INFO - Running <TaskInstance: weather_etl_dag.translate_and_clean_data scheduled__2024-08-27T00:00:00+00:00 [running]> on host b7290fbe53d7
[2024-08-28T14:00:28.153+0000] {taskinstance.py:2648} INFO - Exporting env vars: AIRFLOW_CTX_DAG_OWNER='***' AIRFLOW_CTX_DAG_ID='weather_etl_dag' AIRFLOW_CTX_TASK_ID='translate_and_clean_data' AIRFLOW_CTX_EXECUTION_DATE='2024-08-27T00:00:00+00:00' AIRFLOW_CTX_TRY_NUMBER='1' AIRFLOW_CTX_DAG_RUN_ID='scheduled__2024-08-27T00:00:00+00:00'
[2024-08-28T14:00:28.199+0000] {taskinstance.py:430} INFO - ::endgroup::
[2024-08-28T14:00:28.383+0000] {logging_mixin.py:188} INFO - recuperando dataframe de pronosticos desde xcom
[2024-08-28T14:00:28.487+0000] {logging_mixin.py:188} INFO - numero de registros en pronosticos:18
[2024-08-28T14:00:28.667+0000] {logging_mixin.py:188} INFO - Pronósticos antes de limpiar y traducir:    cve_mun            municipio  ... wind_kph  humidity
0        1    AMEALCO DE BONFIL  ...     18.4        78
1        2      PINAL DE AMOLES  ...     15.1        75
2        3          ARROYO SECO  ...     18.0        81
3        4  CADEREYTA DE MONTES  ...     13.7        76
4        5                COLON  ...     15.1        75

[5 rows x 10 columns]
[2024-08-28T14:01:34.646+0000] {logging_mixin.py:188} INFO - Pronósticos después de limpiar y traducir:    cve_mun            municipio  ... viento_kph  humedad
0        1    Amealco De Bonfil  ...       18.4       78
1        2      Pinal De Amoles  ...       15.1       75
2        3          Arroyo Seco  ...       18.0       81
3        4  Cadereyta De Montes  ...       13.7       76
4        5                Colon  ...       15.1       75

[5 rows x 10 columns]
[2024-08-28T14:01:34.726+0000] {python.py:237} INFO - Done. Returned value was: None
[2024-08-28T14:01:34.729+0000] {taskinstance.py:441} INFO - ::group::Post task execution logs
[2024-08-28T14:01:34.737+0000] {taskinstance.py:1206} INFO - Marking task as SUCCESS. dag_id=weather_etl_dag, task_id=translate_and_clean_data, run_id=scheduled__2024-08-27T00:00:00+00:00, execution_date=20240827T000000, start_date=20240828T140027, end_date=20240828T140134
[2024-08-28T14:01:34.827+0000] {local_task_job_runner.py:243} INFO - Task exited with return code 0
[2024-08-28T14:01:34.860+0000] {taskinstance.py:3503} INFO - 1 downstream tasks scheduled from follow-on schedule check
[2024-08-28T14:01:34.899+0000] {local_task_job_runner.py:222} INFO - ::endgroup::
[2024-09-05T23:55:50.517+0000] {local_task_job_runner.py:123} INFO - ::group::Pre task execution logs
[2024-09-05T23:55:50.656+0000] {taskinstance.py:2603} INFO - Dependencies all met for dep_context=non-requeueable deps ti=<TaskInstance: weather_etl_dag.translate_and_clean_data scheduled__2024-08-27T00:00:00+00:00 [queued]>
[2024-09-05T23:55:50.675+0000] {taskinstance.py:2603} INFO - Dependencies all met for dep_context=requeueable deps ti=<TaskInstance: weather_etl_dag.translate_and_clean_data scheduled__2024-08-27T00:00:00+00:00 [queued]>
[2024-09-05T23:55:50.675+0000] {taskinstance.py:2856} INFO - Starting attempt 1 of 2
[2024-09-05T23:55:50.770+0000] {taskinstance.py:2879} INFO - Executing <Task(PythonOperator): translate_and_clean_data> on 2024-08-27 00:00:00+00:00
[2024-09-05T23:55:50.775+0000] {warnings.py:112} WARNING - /usr/local/lib/python3.12/site-packages/***/task/task_runner/standard_task_runner.py:70: DeprecationWarning: This process (pid=477) is multi-threaded, use of fork() may lead to deadlocks in the child.
  pid = os.fork()

[2024-09-05T23:55:50.776+0000] {standard_task_runner.py:72} INFO - Started process 500 to run task
[2024-09-05T23:55:50.797+0000] {standard_task_runner.py:104} INFO - Running: ['***', 'tasks', 'run', 'weather_etl_dag', 'translate_and_clean_data', 'scheduled__2024-08-27T00:00:00+00:00', '--job-id', '165', '--raw', '--subdir', 'DAGS_FOLDER/weather_etl_dag.py', '--cfg-path', '/tmp/tmpjp_4_van']
[2024-09-05T23:55:50.799+0000] {standard_task_runner.py:105} INFO - Job 165: Subtask translate_and_clean_data
[2024-09-05T23:55:51.068+0000] {task_command.py:467} INFO - Running <TaskInstance: weather_etl_dag.translate_and_clean_data scheduled__2024-08-27T00:00:00+00:00 [running]> on host da9f5d3bcb59
[2024-09-05T23:55:54.799+0000] {taskinstance.py:3122} INFO - Exporting env vars: AIRFLOW_CTX_DAG_OWNER='***' AIRFLOW_CTX_DAG_ID='weather_etl_dag' AIRFLOW_CTX_TASK_ID='translate_and_clean_data' AIRFLOW_CTX_EXECUTION_DATE='2024-08-27T00:00:00+00:00' AIRFLOW_CTX_TRY_NUMBER='1' AIRFLOW_CTX_DAG_RUN_ID='scheduled__2024-08-27T00:00:00+00:00'
[2024-09-05T23:55:54.800+0000] {taskinstance.py:731} INFO - ::endgroup::
[2024-09-05T23:56:58.933+0000] {python.py:240} INFO - Done. Returned value was: None
[2024-09-05T23:56:59.092+0000] {taskinstance.py:340} INFO - ::group::Post task execution logs
[2024-09-05T23:56:59.137+0000] {taskinstance.py:352} INFO - Marking task as SUCCESS. dag_id=weather_etl_dag, task_id=translate_and_clean_data, run_id=scheduled__2024-08-27T00:00:00+00:00, execution_date=20240827T000000, start_date=20240905T235550, end_date=20240905T235659
[2024-09-05T23:57:00.016+0000] {local_task_job_runner.py:261} INFO - Task exited with return code 0
[2024-09-05T23:57:01.037+0000] {standard_task_runner.py:217} INFO - Process not found (most likely exited), stop collecting metrics
[2024-09-05T23:57:01.767+0000] {local_task_job_runner.py:240} INFO - ::endgroup::
