[2024-08-25T00:09:26.860+0000] {local_task_job_runner.py:120} INFO - ::group::Pre task execution logs
[2024-08-25T00:09:26.971+0000] {taskinstance.py:2076} INFO - Dependencies all met for dep_context=non-requeueable deps ti=<TaskInstance: weather_etl_dag.update_sequia_indicator scheduled__2024-08-24T00:00:00+00:00 [queued]>
[2024-08-25T00:09:26.984+0000] {taskinstance.py:2076} INFO - Dependencies all met for dep_context=requeueable deps ti=<TaskInstance: weather_etl_dag.update_sequia_indicator scheduled__2024-08-24T00:00:00+00:00 [queued]>
[2024-08-25T00:09:26.986+0000] {taskinstance.py:2306} INFO - Starting attempt 1 of 2
[2024-08-25T00:09:28.059+0000] {taskinstance.py:2330} INFO - Executing <Task(PythonOperator): update_sequia_indicator> on 2024-08-24 00:00:00+00:00
[2024-08-25T00:09:28.068+0000] {standard_task_runner.py:90} INFO - Running: ['***', 'tasks', 'run', 'weather_etl_dag', 'update_sequia_indicator', 'scheduled__2024-08-24T00:00:00+00:00', '--job-id', '357', '--raw', '--subdir', 'DAGS_FOLDER/weather_etl_dag.py', '--cfg-path', '/tmp/tmpv6oyo7zf']
[2024-08-25T00:09:28.066+0000] {warnings.py:112} WARNING - /home/***/.local/lib/python3.12/site-packages/***/task/task_runner/standard_task_runner.py:62: DeprecationWarning: This process (pid=7457) is multi-threaded, use of fork() may lead to deadlocks in the child.
  pid = os.fork()

[2024-08-25T00:09:28.121+0000] {standard_task_runner.py:64} INFO - Started process 7466 to run task
[2024-08-25T00:09:28.094+0000] {standard_task_runner.py:91} INFO - Job 357: Subtask update_sequia_indicator
[2024-08-25T00:09:28.871+0000] {task_command.py:426} INFO - Running <TaskInstance: weather_etl_dag.update_sequia_indicator scheduled__2024-08-24T00:00:00+00:00 [running]> on host b7290fbe53d7
[2024-08-25T00:09:29.850+0000] {taskinstance.py:2648} INFO - Exporting env vars: AIRFLOW_CTX_DAG_OWNER='***' AIRFLOW_CTX_DAG_ID='weather_etl_dag' AIRFLOW_CTX_TASK_ID='update_sequia_indicator' AIRFLOW_CTX_EXECUTION_DATE='2024-08-24T00:00:00+00:00' AIRFLOW_CTX_TRY_NUMBER='1' AIRFLOW_CTX_DAG_RUN_ID='scheduled__2024-08-24T00:00:00+00:00'
[2024-08-25T00:09:29.852+0000] {taskinstance.py:430} INFO - ::endgroup::
[2024-08-25T00:09:29.876+0000] {logging_mixin.py:188} INFO - iniciando conexion a redshift para actualizar sequia
[2024-08-25T00:09:29.997+0000] {logging_mixin.py:188} INFO - Número de registros a actualizar en la tabla: 18
[2024-08-25T00:09:30.012+0000] {logging_mixin.py:188} INFO - Datos para actualizar en la tabla:    cve_mun            municipio fecha_pronostico indicador_sequia
0        1    Amealco De Bonfil       2024-08-24               D4
1        2      Pinal De Amoles       2024-08-24               D1
2        3          Arroyo Seco       2024-08-24               D0
3        4  Cadereyta De Montes       2024-08-24               D3
4        5                Colon       2024-08-24               D4
[2024-08-25T00:09:33.794+0000] {logging_mixin.py:188} INFO - actualizacion realizada para cve_mun: 1, fecha_pronostico:2024-08-24
[2024-08-25T00:09:33.952+0000] {logging_mixin.py:188} INFO - actualizacion realizada para cve_mun: 2, fecha_pronostico:2024-08-24
[2024-08-25T00:09:34.085+0000] {logging_mixin.py:188} INFO - actualizacion realizada para cve_mun: 3, fecha_pronostico:2024-08-24
[2024-08-25T00:09:34.243+0000] {logging_mixin.py:188} INFO - actualizacion realizada para cve_mun: 4, fecha_pronostico:2024-08-24
[2024-08-25T00:09:34.424+0000] {logging_mixin.py:188} INFO - actualizacion realizada para cve_mun: 5, fecha_pronostico:2024-08-24
[2024-08-25T00:09:34.704+0000] {logging_mixin.py:188} INFO - actualizacion realizada para cve_mun: 6, fecha_pronostico:2024-08-24
[2024-08-25T00:09:34.881+0000] {logging_mixin.py:188} INFO - actualizacion realizada para cve_mun: 7, fecha_pronostico:2024-08-24
[2024-08-25T00:09:35.017+0000] {logging_mixin.py:188} INFO - actualizacion realizada para cve_mun: 8, fecha_pronostico:2024-08-24
[2024-08-25T00:09:35.929+0000] {logging_mixin.py:188} INFO - actualizacion realizada para cve_mun: 9, fecha_pronostico:2024-08-24
[2024-08-25T00:09:38.901+0000] {logging_mixin.py:188} INFO - actualizacion realizada para cve_mun: 10, fecha_pronostico:2024-08-24
[2024-08-25T00:09:39.044+0000] {logging_mixin.py:188} INFO - actualizacion realizada para cve_mun: 11, fecha_pronostico:2024-08-24
[2024-08-25T00:09:39.206+0000] {logging_mixin.py:188} INFO - actualizacion realizada para cve_mun: 12, fecha_pronostico:2024-08-24
[2024-08-25T00:09:39.398+0000] {logging_mixin.py:188} INFO - actualizacion realizada para cve_mun: 13, fecha_pronostico:2024-08-24
[2024-08-25T00:09:39.640+0000] {logging_mixin.py:188} INFO - actualizacion realizada para cve_mun: 14, fecha_pronostico:2024-08-24
[2024-08-25T00:09:39.816+0000] {logging_mixin.py:188} INFO - actualizacion realizada para cve_mun: 15, fecha_pronostico:2024-08-24
[2024-08-25T00:09:39.971+0000] {logging_mixin.py:188} INFO - actualizacion realizada para cve_mun: 16, fecha_pronostico:2024-08-24
[2024-08-25T00:09:40.110+0000] {logging_mixin.py:188} INFO - actualizacion realizada para cve_mun: 17, fecha_pronostico:2024-08-24
[2024-08-25T00:09:40.253+0000] {logging_mixin.py:188} INFO - actualizacion realizada para cve_mun: 18, fecha_pronostico:2024-08-24
[2024-08-25T00:09:40.412+0000] {logging_mixin.py:188} INFO - todas las actualizaciones se han realizado con exito
[2024-08-25T00:09:40.427+0000] {python.py:237} INFO - Done. Returned value was: None
[2024-08-25T00:09:40.448+0000] {taskinstance.py:441} INFO - ::group::Post task execution logs
[2024-08-25T00:09:40.525+0000] {taskinstance.py:1206} INFO - Marking task as SUCCESS. dag_id=weather_etl_dag, task_id=update_sequia_indicator, run_id=scheduled__2024-08-24T00:00:00+00:00, execution_date=20240824T000000, start_date=20240825T000926, end_date=20240825T000940
[2024-08-25T00:09:40.736+0000] {local_task_job_runner.py:243} INFO - Task exited with return code 0
[2024-08-25T00:09:40.954+0000] {taskinstance.py:3503} INFO - 0 downstream tasks scheduled from follow-on schedule check
[2024-08-25T00:09:41.023+0000] {local_task_job_runner.py:222} INFO - ::endgroup::
[2024-09-06T00:12:59.865+0000] {local_task_job_runner.py:123} INFO - ::group::Pre task execution logs
[2024-09-06T00:13:00.052+0000] {taskinstance.py:2603} INFO - Dependencies all met for dep_context=non-requeueable deps ti=<TaskInstance: weather_etl_dag.update_sequia_indicator scheduled__2024-08-24T00:00:00+00:00 [queued]>
[2024-09-06T00:13:00.182+0000] {taskinstance.py:2603} INFO - Dependencies all met for dep_context=requeueable deps ti=<TaskInstance: weather_etl_dag.update_sequia_indicator scheduled__2024-08-24T00:00:00+00:00 [queued]>
[2024-09-06T00:13:00.183+0000] {taskinstance.py:2856} INFO - Starting attempt 1 of 2
[2024-09-06T00:13:00.310+0000] {taskinstance.py:2879} INFO - Executing <Task(PythonOperator): update_sequia_indicator> on 2024-08-24 00:00:00+00:00
[2024-09-06T00:13:00.318+0000] {standard_task_runner.py:104} INFO - Running: ['***', 'tasks', 'run', 'weather_etl_dag', 'update_sequia_indicator', 'scheduled__2024-08-24T00:00:00+00:00', '--job-id', '220', '--raw', '--subdir', 'DAGS_FOLDER/weather_etl_dag.py', '--cfg-path', '/tmp/tmpnsnhj5h7']
[2024-09-06T00:13:00.339+0000] {standard_task_runner.py:105} INFO - Job 220: Subtask update_sequia_indicator
[2024-09-06T00:13:00.328+0000] {warnings.py:112} WARNING - /usr/local/lib/python3.12/site-packages/***/task/task_runner/standard_task_runner.py:70: DeprecationWarning: This process (pid=1019) is multi-threaded, use of fork() may lead to deadlocks in the child.
  pid = os.fork()

[2024-09-06T00:13:00.354+0000] {standard_task_runner.py:72} INFO - Started process 1021 to run task
[2024-09-06T00:13:05.560+0000] {task_command.py:467} INFO - Running <TaskInstance: weather_etl_dag.update_sequia_indicator scheduled__2024-08-24T00:00:00+00:00 [running]> on host da9f5d3bcb59
[2024-09-06T00:13:05.866+0000] {taskinstance.py:3122} INFO - Exporting env vars: AIRFLOW_CTX_DAG_OWNER='***' AIRFLOW_CTX_DAG_ID='weather_etl_dag' AIRFLOW_CTX_TASK_ID='update_sequia_indicator' AIRFLOW_CTX_EXECUTION_DATE='2024-08-24T00:00:00+00:00' AIRFLOW_CTX_TRY_NUMBER='1' AIRFLOW_CTX_DAG_RUN_ID='scheduled__2024-08-24T00:00:00+00:00'
[2024-09-06T00:13:05.867+0000] {taskinstance.py:731} INFO - ::endgroup::
[2024-09-06T00:14:44.929+0000] {python.py:240} INFO - Done. Returned value was: None
[2024-09-06T00:14:44.946+0000] {taskinstance.py:340} INFO - ::group::Post task execution logs
[2024-09-06T00:14:44.949+0000] {taskinstance.py:352} INFO - Marking task as SUCCESS. dag_id=weather_etl_dag, task_id=update_sequia_indicator, run_id=scheduled__2024-08-24T00:00:00+00:00, execution_date=20240824T000000, start_date=20240906T001300, end_date=20240906T001444
[2024-09-06T00:14:45.103+0000] {local_task_job_runner.py:261} INFO - Task exited with return code 0
[2024-09-06T00:14:45.404+0000] {local_task_job_runner.py:240} INFO - ::endgroup::
[2024-09-06T00:14:45.534+0000] {standard_task_runner.py:217} INFO - Process not found (most likely exited), stop collecting metrics
