[2024-09-06T03:44:38.112+0000] {local_task_job_runner.py:123} INFO - ::group::Pre task execution logs
[2024-09-06T03:44:38.163+0000] {taskinstance.py:2603} INFO - Dependencies all met for dep_context=non-requeueable deps ti=<TaskInstance: weather_etl_dag.check_data_exists scheduled__2024-08-26T00:00:00+00:00 [queued]>
[2024-09-06T03:44:38.214+0000] {taskinstance.py:2603} INFO - Dependencies all met for dep_context=requeueable deps ti=<TaskInstance: weather_etl_dag.check_data_exists scheduled__2024-08-26T00:00:00+00:00 [queued]>
[2024-09-06T03:44:38.237+0000] {taskinstance.py:2856} INFO - Starting attempt 1 of 2
[2024-09-06T03:44:38.502+0000] {taskinstance.py:2879} INFO - Executing <Task(PythonSensor): check_data_exists> on 2024-08-26 00:00:00+00:00
[2024-09-06T03:44:38.507+0000] {warnings.py:112} WARNING - /usr/local/lib/python3.12/site-packages/***/task/task_runner/standard_task_runner.py:70: DeprecationWarning: This process (pid=65) is multi-threaded, use of fork() may lead to deadlocks in the child.
  pid = os.fork()

[2024-09-06T03:44:38.511+0000] {standard_task_runner.py:72} INFO - Started process 70 to run task
[2024-09-06T03:44:38.510+0000] {standard_task_runner.py:104} INFO - Running: ['***', 'tasks', 'run', 'weather_etl_dag', 'check_data_exists', 'scheduled__2024-08-26T00:00:00+00:00', '--job-id', '239', '--raw', '--subdir', 'DAGS_FOLDER/weather_etl_dag.py', '--cfg-path', '/tmp/tmpp9ayg4s5']
[2024-09-06T03:44:38.512+0000] {standard_task_runner.py:105} INFO - Job 239: Subtask check_data_exists
[2024-09-06T03:44:39.319+0000] {task_command.py:467} INFO - Running <TaskInstance: weather_etl_dag.check_data_exists scheduled__2024-08-26T00:00:00+00:00 [running]> on host 4b8f6e83ee7a
[2024-09-06T03:44:44.709+0000] {taskinstance.py:3122} INFO - Exporting env vars: AIRFLOW_CTX_DAG_OWNER='***' AIRFLOW_CTX_DAG_ID='weather_etl_dag' AIRFLOW_CTX_TASK_ID='check_data_exists' AIRFLOW_CTX_EXECUTION_DATE='2024-08-26T00:00:00+00:00' AIRFLOW_CTX_TRY_NUMBER='1' AIRFLOW_CTX_DAG_RUN_ID='scheduled__2024-08-26T00:00:00+00:00'
[2024-09-06T03:44:44.718+0000] {taskinstance.py:731} INFO - ::endgroup::
[2024-09-06T03:44:45.001+0000] {python.py:75} INFO - Poking callable: <function check_data_exists at 0x7f1591514680>
[2024-09-06T03:44:46.079+0000] {base.py:336} INFO - Success criteria met. Exiting.
[2024-09-06T03:44:46.102+0000] {taskinstance.py:340} INFO - ::group::Post task execution logs
[2024-09-06T03:44:46.103+0000] {taskinstance.py:352} INFO - Marking task as SUCCESS. dag_id=weather_etl_dag, task_id=check_data_exists, run_id=scheduled__2024-08-26T00:00:00+00:00, execution_date=20240826T000000, start_date=20240906T034438, end_date=20240906T034446
[2024-09-06T03:44:46.368+0000] {local_task_job_runner.py:261} INFO - Task exited with return code 0
[2024-09-06T03:44:46.394+0000] {taskinstance.py:3891} INFO - 0 downstream tasks scheduled from follow-on schedule check
[2024-09-06T03:44:46.454+0000] {local_task_job_runner.py:240} INFO - ::endgroup::
