[2024-09-06T00:14:36.825+0000] {local_task_job_runner.py:123} INFO - ::group::Pre task execution logs
[2024-09-06T00:14:36.889+0000] {taskinstance.py:2603} INFO - Dependencies all met for dep_context=non-requeueable deps ti=<TaskInstance: weather_etl_dag.update_sequia_indicator manual__2024-09-05T23:38:26.329805+00:00 [queued]>
[2024-09-06T00:14:36.934+0000] {taskinstance.py:2603} INFO - Dependencies all met for dep_context=requeueable deps ti=<TaskInstance: weather_etl_dag.update_sequia_indicator manual__2024-09-05T23:38:26.329805+00:00 [queued]>
[2024-09-06T00:14:36.936+0000] {taskinstance.py:2856} INFO - Starting attempt 1 of 2
[2024-09-06T00:14:37.029+0000] {taskinstance.py:2879} INFO - Executing <Task(PythonOperator): update_sequia_indicator> on 2024-09-05 23:38:26.329805+00:00
[2024-09-06T00:14:37.037+0000] {standard_task_runner.py:104} INFO - Running: ['***', 'tasks', 'run', 'weather_etl_dag', 'update_sequia_indicator', 'manual__2024-09-05T23:38:26.329805+00:00', '--job-id', '221', '--raw', '--subdir', 'DAGS_FOLDER/weather_etl_dag.py', '--cfg-path', '/tmp/tmpr8ukpmqr']
[2024-09-06T00:14:37.041+0000] {standard_task_runner.py:105} INFO - Job 221: Subtask update_sequia_indicator
[2024-09-06T00:14:37.051+0000] {warnings.py:112} WARNING - /usr/local/lib/python3.12/site-packages/***/task/task_runner/standard_task_runner.py:70: DeprecationWarning: This process (pid=1039) is multi-threaded, use of fork() may lead to deadlocks in the child.
  pid = os.fork()

[2024-09-06T00:14:37.052+0000] {standard_task_runner.py:72} INFO - Started process 1048 to run task
[2024-09-06T00:14:38.640+0000] {task_command.py:467} INFO - Running <TaskInstance: weather_etl_dag.update_sequia_indicator manual__2024-09-05T23:38:26.329805+00:00 [running]> on host da9f5d3bcb59
[2024-09-06T00:14:39.577+0000] {taskinstance.py:3122} INFO - Exporting env vars: AIRFLOW_CTX_DAG_OWNER='***' AIRFLOW_CTX_DAG_ID='weather_etl_dag' AIRFLOW_CTX_TASK_ID='update_sequia_indicator' AIRFLOW_CTX_EXECUTION_DATE='2024-09-05T23:38:26.329805+00:00' AIRFLOW_CTX_TRY_NUMBER='1' AIRFLOW_CTX_DAG_RUN_ID='manual__2024-09-05T23:38:26.329805+00:00'
[2024-09-06T00:14:39.598+0000] {taskinstance.py:731} INFO - ::endgroup::
[2024-09-06T00:15:49.160+0000] {python.py:240} INFO - Done. Returned value was: None
[2024-09-06T00:16:00.948+0000] {taskinstance.py:340} INFO - ::group::Post task execution logs
[2024-09-06T00:16:01.022+0000] {taskinstance.py:352} INFO - Marking task as SUCCESS. dag_id=weather_etl_dag, task_id=update_sequia_indicator, run_id=manual__2024-09-05T23:38:26.329805+00:00, execution_date=20240905T233826, start_date=20240906T001436, end_date=20240906T001600
[2024-09-06T00:16:04.317+0000] {local_task_job_runner.py:261} INFO - Task exited with return code 0
[2024-09-06T00:16:08.436+0000] {standard_task_runner.py:217} INFO - Process not found (most likely exited), stop collecting metrics
[2024-09-06T00:16:08.754+0000] {taskinstance.py:3891} INFO - 0 downstream tasks scheduled from follow-on schedule check
[2024-09-06T00:16:08.849+0000] {local_task_job_runner.py:240} INFO - ::endgroup::
