[2024-08-24T00:02:25.270+0000] {local_task_job_runner.py:120} INFO - ::group::Pre task execution logs
[2024-08-24T00:02:25.318+0000] {taskinstance.py:2076} INFO - Dependencies all met for dep_context=non-requeueable deps ti=<TaskInstance: weather_etl_dag.get_forecast_and_drought_data scheduled__2024-08-23T00:00:00+00:00 [queued]>
[2024-08-24T00:02:25.327+0000] {taskinstance.py:2076} INFO - Dependencies all met for dep_context=requeueable deps ti=<TaskInstance: weather_etl_dag.get_forecast_and_drought_data scheduled__2024-08-23T00:00:00+00:00 [queued]>
[2024-08-24T00:02:25.329+0000] {taskinstance.py:2306} INFO - Starting attempt 1 of 2
[2024-08-24T00:02:25.521+0000] {taskinstance.py:2330} INFO - Executing <Task(PythonOperator): get_forecast_and_drought_data> on 2024-08-23 00:00:00+00:00
[2024-08-24T00:02:25.526+0000] {warnings.py:112} WARNING - /home/***/.local/lib/python3.12/site-packages/***/task/task_runner/standard_task_runner.py:62: DeprecationWarning: This process (pid=2165) is multi-threaded, use of fork() may lead to deadlocks in the child.
  pid = os.fork()

[2024-08-24T00:02:25.529+0000] {standard_task_runner.py:64} INFO - Started process 2167 to run task
[2024-08-24T00:02:25.528+0000] {standard_task_runner.py:90} INFO - Running: ['***', 'tasks', 'run', 'weather_etl_dag', 'get_forecast_and_drought_data', 'scheduled__2024-08-23T00:00:00+00:00', '--job-id', '345', '--raw', '--subdir', 'DAGS_FOLDER/weather_etl_dag.py', '--cfg-path', '/tmp/tmprpuwh4qo']
[2024-08-24T00:02:25.531+0000] {standard_task_runner.py:91} INFO - Job 345: Subtask get_forecast_and_drought_data
[2024-08-24T00:02:25.615+0000] {task_command.py:426} INFO - Running <TaskInstance: weather_etl_dag.get_forecast_and_drought_data scheduled__2024-08-23T00:00:00+00:00 [running]> on host b7290fbe53d7
[2024-08-24T00:02:25.771+0000] {taskinstance.py:2648} INFO - Exporting env vars: AIRFLOW_CTX_DAG_OWNER='***' AIRFLOW_CTX_DAG_ID='weather_etl_dag' AIRFLOW_CTX_TASK_ID='get_forecast_and_drought_data' AIRFLOW_CTX_EXECUTION_DATE='2024-08-23T00:00:00+00:00' AIRFLOW_CTX_TRY_NUMBER='1' AIRFLOW_CTX_DAG_RUN_ID='scheduled__2024-08-23T00:00:00+00:00'
[2024-08-24T00:02:25.773+0000] {taskinstance.py:430} INFO - ::endgroup::
[2024-08-24T00:02:26.421+0000] {warnings.py:112} WARNING - /opt/***/dags/weather_etl_dag.py:249: UserWarning: pandas only supports SQLAlchemy connectable (engine/connection) or database string URI or sqlite3 DBAPI2 connection. Other DBAPI2 objects are not tested. Please consider using SQLAlchemy.
  df_pronosticos_clima = pd.read_sql_query(query, conn)

[2024-08-24T00:02:36.264+0000] {warnings.py:112} WARNING - /opt/***/dags/weather_etl_dag.py:253: UserWarning: pandas only supports SQLAlchemy connectable (engine/connection) or database string URI or sqlite3 DBAPI2 connection. Other DBAPI2 objects are not tested. Please consider using SQLAlchemy.
  df_sequia = pd.read_sql_query(query, conn)

[2024-08-24T00:02:36.734+0000] {logging_mixin.py:188} INFO - Pronósticos clima obtenidos:    cve_mun            municipio fecha_pronostico indicador_sequia
0        1    Amealco De Bonfil       2024-08-23             None
1        2      Pinal De Amoles       2024-08-23             None
2        3          Arroyo Seco       2024-08-23             None
3        4  Cadereyta De Montes       2024-08-23             None
4        5                Colon       2024-08-23             None
[2024-08-24T00:02:36.747+0000] {logging_mixin.py:188} INFO - Datos de sequía obtenidos:    cve_mun          nombre_mun  cve_ent               entidad       fecha valor
0        1   Amealco de Bonfil       22  Querétaro de Arteaga  2003-03-31    D0
1       10  Landa de Matamoros       22  Querétaro de Arteaga  2003-06-30    D0
2        2     Pinal de Amoles       22  Querétaro de Arteaga  2004-09-30    D0
3        3         Arroyo Seco       22  Querétaro de Arteaga  2004-09-30    D0
4        9     Jalpan de Serra       22  Querétaro de Arteaga  2004-09-30    D0
[2024-08-24T00:02:36.943+0000] {python.py:237} INFO - Done. Returned value was: None
[2024-08-24T00:02:36.947+0000] {taskinstance.py:441} INFO - ::group::Post task execution logs
[2024-08-24T00:02:36.959+0000] {taskinstance.py:1206} INFO - Marking task as SUCCESS. dag_id=weather_etl_dag, task_id=get_forecast_and_drought_data, run_id=scheduled__2024-08-23T00:00:00+00:00, execution_date=20240823T000000, start_date=20240824T000225, end_date=20240824T000236
[2024-08-24T00:02:37.018+0000] {local_task_job_runner.py:243} INFO - Task exited with return code 0
[2024-08-24T00:02:37.049+0000] {taskinstance.py:3503} INFO - 1 downstream tasks scheduled from follow-on schedule check
[2024-08-24T00:02:37.098+0000] {local_task_job_runner.py:222} INFO - ::endgroup::
[2024-09-06T00:05:35.179+0000] {local_task_job_runner.py:123} INFO - ::group::Pre task execution logs
[2024-09-06T00:05:35.216+0000] {taskinstance.py:2603} INFO - Dependencies all met for dep_context=non-requeueable deps ti=<TaskInstance: weather_etl_dag.get_forecast_and_drought_data scheduled__2024-08-23T00:00:00+00:00 [queued]>
[2024-09-06T00:05:35.229+0000] {taskinstance.py:2603} INFO - Dependencies all met for dep_context=requeueable deps ti=<TaskInstance: weather_etl_dag.get_forecast_and_drought_data scheduled__2024-08-23T00:00:00+00:00 [queued]>
[2024-09-06T00:05:35.230+0000] {taskinstance.py:2856} INFO - Starting attempt 1 of 2
[2024-09-06T00:05:35.297+0000] {taskinstance.py:2879} INFO - Executing <Task(PythonOperator): get_forecast_and_drought_data> on 2024-08-23 00:00:00+00:00
[2024-09-06T00:05:35.306+0000] {warnings.py:112} WARNING - /usr/local/lib/python3.12/site-packages/***/task/task_runner/standard_task_runner.py:70: DeprecationWarning: This process (pid=765) is multi-threaded, use of fork() may lead to deadlocks in the child.
  pid = os.fork()

[2024-09-06T00:05:35.312+0000] {standard_task_runner.py:72} INFO - Started process 767 to run task
[2024-09-06T00:05:35.309+0000] {standard_task_runner.py:104} INFO - Running: ['***', 'tasks', 'run', 'weather_etl_dag', 'get_forecast_and_drought_data', 'scheduled__2024-08-23T00:00:00+00:00', '--job-id', '192', '--raw', '--subdir', 'DAGS_FOLDER/weather_etl_dag.py', '--cfg-path', '/tmp/tmp0u13qlgp']
[2024-09-06T00:05:35.314+0000] {standard_task_runner.py:105} INFO - Job 192: Subtask get_forecast_and_drought_data
[2024-09-06T00:05:35.831+0000] {task_command.py:467} INFO - Running <TaskInstance: weather_etl_dag.get_forecast_and_drought_data scheduled__2024-08-23T00:00:00+00:00 [running]> on host da9f5d3bcb59
[2024-09-06T00:05:36.397+0000] {taskinstance.py:3122} INFO - Exporting env vars: AIRFLOW_CTX_DAG_OWNER='***' AIRFLOW_CTX_DAG_ID='weather_etl_dag' AIRFLOW_CTX_TASK_ID='get_forecast_and_drought_data' AIRFLOW_CTX_EXECUTION_DATE='2024-08-23T00:00:00+00:00' AIRFLOW_CTX_TRY_NUMBER='1' AIRFLOW_CTX_DAG_RUN_ID='scheduled__2024-08-23T00:00:00+00:00'
[2024-09-06T00:05:36.399+0000] {taskinstance.py:731} INFO - ::endgroup::
[2024-09-06T00:05:37.003+0000] {warnings.py:112} WARNING - /root/***/dags/weather_etl.py:117: UserWarning: pandas only supports SQLAlchemy connectable (engine/connection) or database string URI or sqlite3 DBAPI2 connection. Other DBAPI2 objects are not tested. Please consider using SQLAlchemy.
  df_pronosticos_clima = pd.read_sql_query(query, conn)

[2024-09-06T00:05:37.156+0000] {warnings.py:112} WARNING - /root/***/dags/weather_etl.py:120: UserWarning: pandas only supports SQLAlchemy connectable (engine/connection) or database string URI or sqlite3 DBAPI2 connection. Other DBAPI2 objects are not tested. Please consider using SQLAlchemy.
  df_sequia = pd.read_sql_query(query, conn)

[2024-09-06T00:05:38.328+0000] {python.py:240} INFO - Done. Returned value was: None
[2024-09-06T00:05:38.348+0000] {taskinstance.py:340} INFO - ::group::Post task execution logs
[2024-09-06T00:05:38.353+0000] {taskinstance.py:352} INFO - Marking task as SUCCESS. dag_id=weather_etl_dag, task_id=get_forecast_and_drought_data, run_id=scheduled__2024-08-23T00:00:00+00:00, execution_date=20240823T000000, start_date=20240906T000535, end_date=20240906T000538
[2024-09-06T00:05:38.951+0000] {local_task_job_runner.py:261} INFO - Task exited with return code 0
[2024-09-06T00:05:39.039+0000] {taskinstance.py:3891} INFO - 1 downstream tasks scheduled from follow-on schedule check
[2024-09-06T00:05:39.147+0000] {local_task_job_runner.py:240} INFO - ::endgroup::
