[2024-08-22T00:01:00.327+0000] {local_task_job_runner.py:120} INFO - ::group::Pre task execution logs
[2024-08-22T00:01:00.353+0000] {taskinstance.py:2076} INFO - Dependencies all met for dep_context=non-requeueable deps ti=<TaskInstance: weather_etl_dag.fetch_weather_data scheduled__2024-08-21T00:00:00+00:00 [queued]>
[2024-08-22T00:01:00.362+0000] {taskinstance.py:2076} INFO - Dependencies all met for dep_context=requeueable deps ti=<TaskInstance: weather_etl_dag.fetch_weather_data scheduled__2024-08-21T00:00:00+00:00 [queued]>
[2024-08-22T00:01:00.363+0000] {taskinstance.py:2306} INFO - Starting attempt 1 of 2
[2024-08-22T00:01:00.553+0000] {taskinstance.py:2330} INFO - Executing <Task(PythonOperator): fetch_weather_data> on 2024-08-21 00:00:00+00:00
[2024-08-22T00:01:00.559+0000] {warnings.py:112} WARNING - /home/***/.local/lib/python3.12/site-packages/***/task/task_runner/standard_task_runner.py:62: DeprecationWarning: This process (pid=661) is multi-threaded, use of fork() may lead to deadlocks in the child.
  pid = os.fork()

[2024-08-22T00:01:00.564+0000] {standard_task_runner.py:64} INFO - Started process 663 to run task
[2024-08-22T00:01:00.569+0000] {standard_task_runner.py:90} INFO - Running: ['***', 'tasks', 'run', 'weather_etl_dag', 'fetch_weather_data', 'scheduled__2024-08-21T00:00:00+00:00', '--job-id', '316', '--raw', '--subdir', 'DAGS_FOLDER/weather_etl_dag.py', '--cfg-path', '/tmp/tmp01koygg_']
[2024-08-22T00:01:00.572+0000] {standard_task_runner.py:91} INFO - Job 316: Subtask fetch_weather_data
[2024-08-22T00:01:00.661+0000] {task_command.py:426} INFO - Running <TaskInstance: weather_etl_dag.fetch_weather_data scheduled__2024-08-21T00:00:00+00:00 [running]> on host b7290fbe53d7
[2024-08-22T00:01:00.850+0000] {taskinstance.py:2648} INFO - Exporting env vars: AIRFLOW_CTX_DAG_OWNER='***' AIRFLOW_CTX_DAG_ID='weather_etl_dag' AIRFLOW_CTX_TASK_ID='fetch_weather_data' AIRFLOW_CTX_EXECUTION_DATE='2024-08-21T00:00:00+00:00' AIRFLOW_CTX_TRY_NUMBER='1' AIRFLOW_CTX_DAG_RUN_ID='scheduled__2024-08-21T00:00:00+00:00'
[2024-08-22T00:01:00.852+0000] {taskinstance.py:430} INFO - ::endgroup::
[2024-08-22T00:01:00.872+0000] {logging_mixin.py:188} INFO - recuperando municipios desde xcom
[2024-08-22T00:01:01.143+0000] {logging_mixin.py:188} INFO - numero de municipios recuperados:18
[2024-08-22T00:01:01.175+0000] {logging_mixin.py:188} INFO - Datos de municipios para obtener clima:    cve_mun              nom_mun  lat_decimal  lon_decimal
0        1    AMEALCO DE BONFIL    20.186444  -100.144195
1        2      PINAL DE AMOLES    21.135302   -99.627540
2        3          ARROYO SECO    21.548036   -99.689166
3        4  CADEREYTA DE MONTES    20.695023   -99.815633
4        5                COLON    20.788326  -100.045430
[2024-08-22T00:01:01.184+0000] {logging_mixin.py:188} INFO - Haciendo solicitud a la API para lat: 20.186444, lon: -100.144195
[2024-08-22T00:01:02.213+0000] {logging_mixin.py:188} INFO - respuesta recibida:200
[2024-08-22T00:01:02.214+0000] {logging_mixin.py:188} INFO - Haciendo solicitud a la API para lat: 21.135302, lon: -99.62754
[2024-08-22T00:01:03.147+0000] {logging_mixin.py:188} INFO - respuesta recibida:200
[2024-08-22T00:01:03.148+0000] {logging_mixin.py:188} INFO - Haciendo solicitud a la API para lat: 21.548036, lon: -99.689166
[2024-08-22T00:01:04.138+0000] {logging_mixin.py:188} INFO - respuesta recibida:200
[2024-08-22T00:01:04.140+0000] {logging_mixin.py:188} INFO - Haciendo solicitud a la API para lat: 20.695023, lon: -99.815633
[2024-08-22T00:01:05.073+0000] {logging_mixin.py:188} INFO - respuesta recibida:200
[2024-08-22T00:01:05.074+0000] {logging_mixin.py:188} INFO - Haciendo solicitud a la API para lat: 20.788326, lon: -100.04543
[2024-08-22T00:01:06.030+0000] {logging_mixin.py:188} INFO - respuesta recibida:200
[2024-08-22T00:01:06.032+0000] {logging_mixin.py:188} INFO - Haciendo solicitud a la API para lat: 20.552436, lon: -100.445883
[2024-08-22T00:01:07.497+0000] {logging_mixin.py:188} INFO - respuesta recibida:200
[2024-08-22T00:01:07.500+0000] {logging_mixin.py:188} INFO - Haciendo solicitud a la API para lat: 20.665295, lon: -99.898405
[2024-08-22T00:01:08.440+0000] {logging_mixin.py:188} INFO - respuesta recibida:200
[2024-08-22T00:01:08.442+0000] {logging_mixin.py:188} INFO - Haciendo solicitud a la API para lat: 20.375244, lon: -100.274333
[2024-08-22T00:01:09.622+0000] {logging_mixin.py:188} INFO - respuesta recibida:200
[2024-08-22T00:01:09.626+0000] {logging_mixin.py:188} INFO - Haciendo solicitud a la API para lat: 21.216802, lon: -99.47291
[2024-08-22T00:01:10.555+0000] {logging_mixin.py:188} INFO - respuesta recibida:200
[2024-08-22T00:01:10.556+0000] {logging_mixin.py:188} INFO - Haciendo solicitud a la API para lat: 21.183456, lon: -99.321914
[2024-08-22T00:01:11.521+0000] {logging_mixin.py:188} INFO - respuesta recibida:200
[2024-08-22T00:01:11.523+0000] {logging_mixin.py:188} INFO - Haciendo solicitud a la API para lat: 20.60657, lon: -100.331096
[2024-08-22T00:01:12.450+0000] {logging_mixin.py:188} INFO - respuesta recibida:200
[2024-08-22T00:01:12.451+0000] {logging_mixin.py:188} INFO - Haciendo solicitud a la API para lat: 20.502494, lon: -100.14473
[2024-08-22T00:01:13.380+0000] {logging_mixin.py:188} INFO - respuesta recibida:200
[2024-08-22T00:01:13.381+0000] {logging_mixin.py:188} INFO - Haciendo solicitud a la API para lat: 21.053631, lon: -99.814526
[2024-08-22T00:01:14.269+0000] {logging_mixin.py:188} INFO - respuesta recibida:200
[2024-08-22T00:01:14.271+0000] {logging_mixin.py:188} INFO - Haciendo solicitud a la API para lat: 20.593391, lon: -100.389957
[2024-08-22T00:01:15.089+0000] {logging_mixin.py:188} INFO - respuesta recibida:200
[2024-08-22T00:01:15.091+0000] {logging_mixin.py:188} INFO - Haciendo solicitud a la API para lat: 20.916061, lon: -99.566359
[2024-08-22T00:01:16.016+0000] {logging_mixin.py:188} INFO - respuesta recibida:200
[2024-08-22T00:01:16.017+0000] {logging_mixin.py:188} INFO - Haciendo solicitud a la API para lat: 20.386441, lon: -99.999631
[2024-08-22T00:01:17.035+0000] {logging_mixin.py:188} INFO - respuesta recibida:200
[2024-08-22T00:01:17.037+0000] {logging_mixin.py:188} INFO - Haciendo solicitud a la API para lat: 20.518817, lon: -99.88384
[2024-08-22T00:01:17.966+0000] {logging_mixin.py:188} INFO - respuesta recibida:200
[2024-08-22T00:01:17.967+0000] {logging_mixin.py:188} INFO - Haciendo solicitud a la API para lat: 20.908149, lon: -99.9308
[2024-08-22T00:01:18.950+0000] {logging_mixin.py:188} INFO - respuesta recibida:200
[2024-08-22T00:01:18.954+0000] {logging_mixin.py:188} INFO - Pronosticos obtenidos:18
[2024-08-22T00:01:19.019+0000] {python.py:237} INFO - Done. Returned value was: None
[2024-08-22T00:01:19.020+0000] {taskinstance.py:441} INFO - ::group::Post task execution logs
[2024-08-22T00:01:19.028+0000] {taskinstance.py:1206} INFO - Marking task as SUCCESS. dag_id=weather_etl_dag, task_id=fetch_weather_data, run_id=scheduled__2024-08-21T00:00:00+00:00, execution_date=20240821T000000, start_date=20240822T000100, end_date=20240822T000119
[2024-08-22T00:01:19.129+0000] {local_task_job_runner.py:243} INFO - Task exited with return code 0
[2024-08-22T00:01:19.154+0000] {taskinstance.py:3503} INFO - 1 downstream tasks scheduled from follow-on schedule check
[2024-08-22T00:01:19.187+0000] {local_task_job_runner.py:222} INFO - ::endgroup::
[2024-09-05T23:42:52.977+0000] {local_task_job_runner.py:123} INFO - ::group::Pre task execution logs
[2024-09-05T23:42:53.049+0000] {taskinstance.py:2603} INFO - Dependencies all met for dep_context=non-requeueable deps ti=<TaskInstance: weather_etl_dag.fetch_weather_data scheduled__2024-08-21T00:00:00+00:00 [queued]>
[2024-09-05T23:42:53.104+0000] {taskinstance.py:2603} INFO - Dependencies all met for dep_context=requeueable deps ti=<TaskInstance: weather_etl_dag.fetch_weather_data scheduled__2024-08-21T00:00:00+00:00 [queued]>
[2024-09-05T23:42:53.105+0000] {taskinstance.py:2856} INFO - Starting attempt 1 of 2
[2024-09-05T23:42:53.659+0000] {taskinstance.py:2879} INFO - Executing <Task(PythonOperator): fetch_weather_data> on 2024-08-21 00:00:00+00:00
[2024-09-05T23:42:53.673+0000] {warnings.py:112} WARNING - /usr/local/lib/python3.12/site-packages/***/task/task_runner/standard_task_runner.py:70: DeprecationWarning: This process (pid=200) is multi-threaded, use of fork() may lead to deadlocks in the child.
  pid = os.fork()

[2024-09-05T23:42:53.705+0000] {standard_task_runner.py:72} INFO - Started process 202 to run task
[2024-09-05T23:42:53.676+0000] {standard_task_runner.py:104} INFO - Running: ['***', 'tasks', 'run', 'weather_etl_dag', 'fetch_weather_data', 'scheduled__2024-08-21T00:00:00+00:00', '--job-id', '143', '--raw', '--subdir', 'DAGS_FOLDER/weather_etl_dag.py', '--cfg-path', '/tmp/tmpfnz96k0c']
[2024-09-05T23:42:53.706+0000] {standard_task_runner.py:105} INFO - Job 143: Subtask fetch_weather_data
[2024-09-05T23:42:53.852+0000] {task_command.py:467} INFO - Running <TaskInstance: weather_etl_dag.fetch_weather_data scheduled__2024-08-21T00:00:00+00:00 [running]> on host da9f5d3bcb59
[2024-09-05T23:42:55.614+0000] {taskinstance.py:3122} INFO - Exporting env vars: AIRFLOW_CTX_DAG_OWNER='***' AIRFLOW_CTX_DAG_ID='weather_etl_dag' AIRFLOW_CTX_TASK_ID='fetch_weather_data' AIRFLOW_CTX_EXECUTION_DATE='2024-08-21T00:00:00+00:00' AIRFLOW_CTX_TRY_NUMBER='1' AIRFLOW_CTX_DAG_RUN_ID='scheduled__2024-08-21T00:00:00+00:00'
[2024-09-05T23:42:55.615+0000] {taskinstance.py:731} INFO - ::endgroup::
[2024-09-05T23:43:10.088+0000] {python.py:240} INFO - Done. Returned value was: None
[2024-09-05T23:43:14.086+0000] {taskinstance.py:340} INFO - ::group::Post task execution logs
[2024-09-05T23:43:14.700+0000] {taskinstance.py:352} INFO - Marking task as SUCCESS. dag_id=weather_etl_dag, task_id=fetch_weather_data, run_id=scheduled__2024-08-21T00:00:00+00:00, execution_date=20240821T000000, start_date=20240905T234253, end_date=20240905T234314
[2024-09-05T23:43:13.440+0000] {job.py:229} INFO - Heartbeat recovered after 14.46 seconds
[2024-09-05T23:43:22.422+0000] {local_task_job_runner.py:261} INFO - Task exited with return code 0
[2024-09-05T23:43:27.376+0000] {standard_task_runner.py:217} INFO - Process not found (most likely exited), stop collecting metrics
[2024-09-05T23:43:35.550+0000] {taskinstance.py:3891} INFO - 0 downstream tasks scheduled from follow-on schedule check
[2024-09-05T23:43:35.606+0000] {local_task_job_runner.py:240} INFO - ::endgroup::
