[2024-09-05T18:06:07.748+0000] {local_task_job_runner.py:123} INFO - ::group::Pre task execution logs
[2024-09-05T18:06:07.769+0000] {taskinstance.py:2603} INFO - Dependencies all met for dep_context=non-requeueable deps ti=<TaskInstance: weather_etl_dag.fetch_weather_data manual__2024-09-05T18:05:01.927385+00:00 [queued]>
[2024-09-05T18:06:07.784+0000] {taskinstance.py:2603} INFO - Dependencies all met for dep_context=requeueable deps ti=<TaskInstance: weather_etl_dag.fetch_weather_data manual__2024-09-05T18:05:01.927385+00:00 [queued]>
[2024-09-05T18:06:07.815+0000] {taskinstance.py:2856} INFO - Starting attempt 1 of 2
[2024-09-05T18:06:07.910+0000] {taskinstance.py:2879} INFO - Executing <Task(PythonOperator): fetch_weather_data> on 2024-09-05 18:05:01.927385+00:00
[2024-09-05T18:06:07.915+0000] {warnings.py:112} WARNING - /usr/local/lib/python3.12/site-packages/***/task/task_runner/standard_task_runner.py:70: DeprecationWarning: This process (pid=376) is multi-threaded, use of fork() may lead to deadlocks in the child.
  pid = os.fork()

[2024-09-05T18:06:07.917+0000] {standard_task_runner.py:72} INFO - Started process 378 to run task
[2024-09-05T18:06:07.918+0000] {standard_task_runner.py:104} INFO - Running: ['***', 'tasks', 'run', 'weather_etl_dag', 'fetch_weather_data', 'manual__2024-09-05T18:05:01.927385+00:00', '--job-id', '21', '--raw', '--subdir', 'DAGS_FOLDER/weather_etl_dag.py', '--cfg-path', '/tmp/tmpyj4jfzio']
[2024-09-05T18:06:07.920+0000] {standard_task_runner.py:105} INFO - Job 21: Subtask fetch_weather_data
[2024-09-05T18:06:08.070+0000] {task_command.py:467} INFO - Running <TaskInstance: weather_etl_dag.fetch_weather_data manual__2024-09-05T18:05:01.927385+00:00 [running]> on host 0b8eaea5e88c
[2024-09-05T18:06:09.493+0000] {taskinstance.py:3122} INFO - Exporting env vars: AIRFLOW_CTX_DAG_OWNER='***' AIRFLOW_CTX_DAG_ID='weather_etl_dag' AIRFLOW_CTX_TASK_ID='fetch_weather_data' AIRFLOW_CTX_EXECUTION_DATE='2024-09-05T18:05:01.927385+00:00' AIRFLOW_CTX_TRY_NUMBER='1' AIRFLOW_CTX_DAG_RUN_ID='manual__2024-09-05T18:05:01.927385+00:00'
[2024-09-05T18:06:09.497+0000] {taskinstance.py:731} INFO - ::endgroup::
[2024-09-05T18:06:09.507+0000] {logging_mixin.py:190} INFO - Recuperando municipios desde XCom
[2024-09-05T18:06:09.549+0000] {logging_mixin.py:190} INFO - Número de municipios recuperados: 18
[2024-09-05T18:06:09.565+0000] {logging_mixin.py:190} INFO - Datos de municipios para obtener clima:    cve_mun              nom_mun  lat_decimal  lon_decimal
0        1    AMEALCO DE BONFIL    20.186444  -100.144195
1        2      PINAL DE AMOLES    21.135302   -99.627540
2        3          ARROYO SECO    21.548036   -99.689166
3        4  CADEREYTA DE MONTES    20.695023   -99.815633
4        5                COLON    20.788326  -100.045430
[2024-09-05T18:06:09.586+0000] {logging_mixin.py:190} INFO - Haciendo solicitud a la API para lat: 20.186444, lon: -100.144195
[2024-09-05T18:06:10.188+0000] {logging_mixin.py:190} INFO - Respuesta recibida: 200
[2024-09-05T18:06:10.190+0000] {logging_mixin.py:190} INFO - Haciendo solicitud a la API para lat: 21.135302, lon: -99.62754
[2024-09-05T18:06:10.776+0000] {logging_mixin.py:190} INFO - Respuesta recibida: 200
[2024-09-05T18:06:10.788+0000] {logging_mixin.py:190} INFO - Haciendo solicitud a la API para lat: 21.548036, lon: -99.689166
[2024-09-05T18:06:11.397+0000] {logging_mixin.py:190} INFO - Respuesta recibida: 200
[2024-09-05T18:06:11.400+0000] {logging_mixin.py:190} INFO - Haciendo solicitud a la API para lat: 20.695023, lon: -99.815633
[2024-09-05T18:06:12.034+0000] {logging_mixin.py:190} INFO - Respuesta recibida: 200
[2024-09-05T18:06:12.040+0000] {logging_mixin.py:190} INFO - Haciendo solicitud a la API para lat: 20.788326, lon: -100.04543
[2024-09-05T18:06:12.666+0000] {logging_mixin.py:190} INFO - Respuesta recibida: 200
[2024-09-05T18:06:12.675+0000] {logging_mixin.py:190} INFO - Haciendo solicitud a la API para lat: 20.552436, lon: -100.445883
[2024-09-05T18:06:13.274+0000] {logging_mixin.py:190} INFO - Respuesta recibida: 200
[2024-09-05T18:06:13.276+0000] {logging_mixin.py:190} INFO - Haciendo solicitud a la API para lat: 20.665295, lon: -99.898405
[2024-09-05T18:06:13.869+0000] {logging_mixin.py:190} INFO - Respuesta recibida: 200
[2024-09-05T18:06:13.871+0000] {logging_mixin.py:190} INFO - Haciendo solicitud a la API para lat: 20.375244, lon: -100.274333
[2024-09-05T18:06:14.460+0000] {logging_mixin.py:190} INFO - Respuesta recibida: 200
[2024-09-05T18:06:14.461+0000] {logging_mixin.py:190} INFO - Haciendo solicitud a la API para lat: 21.216802, lon: -99.47291
[2024-09-05T18:06:15.050+0000] {logging_mixin.py:190} INFO - Respuesta recibida: 200
[2024-09-05T18:06:15.051+0000] {logging_mixin.py:190} INFO - Haciendo solicitud a la API para lat: 21.183456, lon: -99.321914
[2024-09-05T18:06:15.649+0000] {logging_mixin.py:190} INFO - Respuesta recibida: 200
[2024-09-05T18:06:15.651+0000] {logging_mixin.py:190} INFO - Haciendo solicitud a la API para lat: 20.60657, lon: -100.331096
[2024-09-05T18:06:16.305+0000] {logging_mixin.py:190} INFO - Respuesta recibida: 200
[2024-09-05T18:06:16.326+0000] {logging_mixin.py:190} INFO - Haciendo solicitud a la API para lat: 20.502494, lon: -100.14473
[2024-09-05T18:06:16.940+0000] {logging_mixin.py:190} INFO - Respuesta recibida: 200
[2024-09-05T18:06:16.941+0000] {logging_mixin.py:190} INFO - Haciendo solicitud a la API para lat: 21.053631, lon: -99.814526
[2024-09-05T18:06:17.528+0000] {logging_mixin.py:190} INFO - Respuesta recibida: 200
[2024-09-05T18:06:17.530+0000] {logging_mixin.py:190} INFO - Haciendo solicitud a la API para lat: 20.593391, lon: -100.389957
[2024-09-05T18:06:18.143+0000] {logging_mixin.py:190} INFO - Respuesta recibida: 200
[2024-09-05T18:06:18.145+0000] {logging_mixin.py:190} INFO - Haciendo solicitud a la API para lat: 20.916061, lon: -99.566359
[2024-09-05T18:06:18.739+0000] {logging_mixin.py:190} INFO - Respuesta recibida: 200
[2024-09-05T18:06:18.741+0000] {logging_mixin.py:190} INFO - Haciendo solicitud a la API para lat: 20.386441, lon: -99.999631
[2024-09-05T18:06:19.335+0000] {logging_mixin.py:190} INFO - Respuesta recibida: 200
[2024-09-05T18:06:19.337+0000] {logging_mixin.py:190} INFO - Haciendo solicitud a la API para lat: 20.518817, lon: -99.88384
[2024-09-05T18:06:19.923+0000] {logging_mixin.py:190} INFO - Respuesta recibida: 200
[2024-09-05T18:06:19.925+0000] {logging_mixin.py:190} INFO - Haciendo solicitud a la API para lat: 20.908149, lon: -99.9308
[2024-09-05T18:06:20.540+0000] {logging_mixin.py:190} INFO - Respuesta recibida: 200
[2024-09-05T18:06:20.544+0000] {logging_mixin.py:190} INFO - Pronósticos obtenidos: 18
[2024-09-05T18:06:20.728+0000] {python.py:240} INFO - Done. Returned value was: None
[2024-09-05T18:06:20.747+0000] {taskinstance.py:340} INFO - ::group::Post task execution logs
[2024-09-05T18:06:20.748+0000] {taskinstance.py:352} INFO - Marking task as SUCCESS. dag_id=weather_etl_dag, task_id=fetch_weather_data, run_id=manual__2024-09-05T18:05:01.927385+00:00, execution_date=20240905T180501, start_date=20240905T180607, end_date=20240905T180620
[2024-09-05T18:06:20.872+0000] {local_task_job_runner.py:261} INFO - Task exited with return code 0
[2024-09-05T18:06:20.922+0000] {taskinstance.py:3891} INFO - 1 downstream tasks scheduled from follow-on schedule check
[2024-09-05T18:06:20.976+0000] {local_task_job_runner.py:240} INFO - ::endgroup::
