[2024-08-25T00:05:56.192+0000] {local_task_job_runner.py:120} INFO - ::group::Pre task execution logs
[2024-08-25T00:05:56.236+0000] {taskinstance.py:2076} INFO - Dependencies all met for dep_context=non-requeueable deps ti=<TaskInstance: weather_etl_dag.fetch_weather_data scheduled__2024-08-24T00:00:00+00:00 [queued]>
[2024-08-25T00:05:56.249+0000] {taskinstance.py:2076} INFO - Dependencies all met for dep_context=requeueable deps ti=<TaskInstance: weather_etl_dag.fetch_weather_data scheduled__2024-08-24T00:00:00+00:00 [queued]>
[2024-08-25T00:05:56.275+0000] {taskinstance.py:2306} INFO - Starting attempt 1 of 2
[2024-08-25T00:05:57.169+0000] {taskinstance.py:2330} INFO - Executing <Task(PythonOperator): fetch_weather_data> on 2024-08-24 00:00:00+00:00
[2024-08-25T00:05:57.179+0000] {warnings.py:112} WARNING - /home/***/.local/lib/python3.12/site-packages/***/task/task_runner/standard_task_runner.py:62: DeprecationWarning: This process (pid=7394) is multi-threaded, use of fork() may lead to deadlocks in the child.
  pid = os.fork()

[2024-08-25T00:05:57.181+0000] {standard_task_runner.py:64} INFO - Started process 7396 to run task
[2024-08-25T00:05:57.185+0000] {standard_task_runner.py:90} INFO - Running: ['***', 'tasks', 'run', 'weather_etl_dag', 'fetch_weather_data', 'scheduled__2024-08-24T00:00:00+00:00', '--job-id', '352', '--raw', '--subdir', 'DAGS_FOLDER/weather_etl_dag.py', '--cfg-path', '/tmp/tmprlad1lqk']
[2024-08-25T00:05:57.188+0000] {standard_task_runner.py:91} INFO - Job 352: Subtask fetch_weather_data
[2024-08-25T00:05:57.288+0000] {task_command.py:426} INFO - Running <TaskInstance: weather_etl_dag.fetch_weather_data scheduled__2024-08-24T00:00:00+00:00 [running]> on host b7290fbe53d7
[2024-08-25T00:05:58.921+0000] {taskinstance.py:2648} INFO - Exporting env vars: AIRFLOW_CTX_DAG_OWNER='***' AIRFLOW_CTX_DAG_ID='weather_etl_dag' AIRFLOW_CTX_TASK_ID='fetch_weather_data' AIRFLOW_CTX_EXECUTION_DATE='2024-08-24T00:00:00+00:00' AIRFLOW_CTX_TRY_NUMBER='1' AIRFLOW_CTX_DAG_RUN_ID='scheduled__2024-08-24T00:00:00+00:00'
[2024-08-25T00:05:58.966+0000] {taskinstance.py:430} INFO - ::endgroup::
[2024-08-25T00:05:59.150+0000] {logging_mixin.py:188} INFO - recuperando municipios desde xcom
[2024-08-25T00:06:01.223+0000] {logging_mixin.py:188} INFO - numero de municipios recuperados:18
[2024-08-25T00:06:01.321+0000] {logging_mixin.py:188} INFO - Datos de municipios para obtener clima:    cve_mun              nom_mun  lat_decimal  lon_decimal
0        1    AMEALCO DE BONFIL    20.186444  -100.144195
1        2      PINAL DE AMOLES    21.135302   -99.627540
2        3          ARROYO SECO    21.548036   -99.689166
3        4  CADEREYTA DE MONTES    20.695023   -99.815633
4        5                COLON    20.788326  -100.045430
[2024-08-25T00:06:01.338+0000] {logging_mixin.py:188} INFO - Haciendo solicitud a la API para lat: 20.186444, lon: -100.144195
[2024-08-25T00:06:03.147+0000] {logging_mixin.py:188} INFO - respuesta recibida:200
[2024-08-25T00:06:03.189+0000] {logging_mixin.py:188} INFO - Haciendo solicitud a la API para lat: 21.135302, lon: -99.62754
[2024-08-25T00:06:04.266+0000] {logging_mixin.py:188} INFO - respuesta recibida:200
[2024-08-25T00:06:04.281+0000] {logging_mixin.py:188} INFO - Haciendo solicitud a la API para lat: 21.548036, lon: -99.689166
[2024-08-25T00:06:06.174+0000] {logging_mixin.py:188} INFO - respuesta recibida:200
[2024-08-25T00:06:06.180+0000] {logging_mixin.py:188} INFO - Haciendo solicitud a la API para lat: 20.695023, lon: -99.815633
[2024-08-25T00:06:07.209+0000] {logging_mixin.py:188} INFO - respuesta recibida:200
[2024-08-25T00:06:07.212+0000] {logging_mixin.py:188} INFO - Haciendo solicitud a la API para lat: 20.788326, lon: -100.04543
[2024-08-25T00:06:08.322+0000] {logging_mixin.py:188} INFO - respuesta recibida:200
[2024-08-25T00:06:08.324+0000] {logging_mixin.py:188} INFO - Haciendo solicitud a la API para lat: 20.552436, lon: -100.445883
[2024-08-25T00:06:09.244+0000] {logging_mixin.py:188} INFO - respuesta recibida:200
[2024-08-25T00:06:09.260+0000] {logging_mixin.py:188} INFO - Haciendo solicitud a la API para lat: 20.665295, lon: -99.898405
[2024-08-25T00:06:10.221+0000] {logging_mixin.py:188} INFO - respuesta recibida:200
[2024-08-25T00:06:10.228+0000] {logging_mixin.py:188} INFO - Haciendo solicitud a la API para lat: 20.375244, lon: -100.274333
[2024-08-25T00:06:11.299+0000] {logging_mixin.py:188} INFO - respuesta recibida:200
[2024-08-25T00:06:11.301+0000] {logging_mixin.py:188} INFO - Haciendo solicitud a la API para lat: 21.216802, lon: -99.47291
[2024-08-25T00:06:12.300+0000] {logging_mixin.py:188} INFO - respuesta recibida:200
[2024-08-25T00:06:12.302+0000] {logging_mixin.py:188} INFO - Haciendo solicitud a la API para lat: 21.183456, lon: -99.321914
[2024-08-25T00:06:14.196+0000] {logging_mixin.py:188} INFO - respuesta recibida:200
[2024-08-25T00:06:14.230+0000] {logging_mixin.py:188} INFO - Haciendo solicitud a la API para lat: 20.60657, lon: -100.331096
[2024-08-25T00:06:16.450+0000] {logging_mixin.py:188} INFO - respuesta recibida:200
[2024-08-25T00:06:16.466+0000] {logging_mixin.py:188} INFO - Haciendo solicitud a la API para lat: 20.502494, lon: -100.14473
[2024-08-25T00:06:19.401+0000] {logging_mixin.py:188} INFO - respuesta recibida:200
[2024-08-25T00:06:19.417+0000] {logging_mixin.py:188} INFO - Haciendo solicitud a la API para lat: 21.053631, lon: -99.814526
[2024-08-25T00:06:21.316+0000] {logging_mixin.py:188} INFO - respuesta recibida:200
[2024-08-25T00:06:21.318+0000] {logging_mixin.py:188} INFO - Haciendo solicitud a la API para lat: 20.593391, lon: -100.389957
[2024-08-25T00:06:22.416+0000] {logging_mixin.py:188} INFO - respuesta recibida:200
[2024-08-25T00:06:22.431+0000] {logging_mixin.py:188} INFO - Haciendo solicitud a la API para lat: 20.916061, lon: -99.566359
[2024-08-25T00:06:24.378+0000] {logging_mixin.py:188} INFO - respuesta recibida:200
[2024-08-25T00:06:24.381+0000] {logging_mixin.py:188} INFO - Haciendo solicitud a la API para lat: 20.386441, lon: -99.999631
[2024-08-25T00:06:25.315+0000] {logging_mixin.py:188} INFO - respuesta recibida:200
[2024-08-25T00:06:25.316+0000] {logging_mixin.py:188} INFO - Haciendo solicitud a la API para lat: 20.518817, lon: -99.88384
[2024-08-25T00:06:27.159+0000] {logging_mixin.py:188} INFO - respuesta recibida:200
[2024-08-25T00:06:27.521+0000] {logging_mixin.py:188} INFO - Haciendo solicitud a la API para lat: 20.908149, lon: -99.9308
[2024-08-25T00:06:29.349+0000] {logging_mixin.py:188} INFO - respuesta recibida:200
[2024-08-25T00:06:29.352+0000] {logging_mixin.py:188} INFO - Pronosticos obtenidos:18
[2024-08-25T00:06:29.636+0000] {python.py:237} INFO - Done. Returned value was: None
[2024-08-25T00:06:29.689+0000] {taskinstance.py:441} INFO - ::group::Post task execution logs
[2024-08-25T00:06:29.994+0000] {taskinstance.py:1206} INFO - Marking task as SUCCESS. dag_id=weather_etl_dag, task_id=fetch_weather_data, run_id=scheduled__2024-08-24T00:00:00+00:00, execution_date=20240824T000000, start_date=20240825T000556, end_date=20240825T000629
[2024-08-25T00:06:30.436+0000] {local_task_job_runner.py:243} INFO - Task exited with return code 0
[2024-08-25T00:06:30.459+0000] {taskinstance.py:3503} INFO - 1 downstream tasks scheduled from follow-on schedule check
[2024-08-25T00:06:30.565+0000] {local_task_job_runner.py:222} INFO - ::endgroup::
[2024-09-05T23:43:40.830+0000] {local_task_job_runner.py:123} INFO - ::group::Pre task execution logs
[2024-09-05T23:43:40.906+0000] {taskinstance.py:2603} INFO - Dependencies all met for dep_context=non-requeueable deps ti=<TaskInstance: weather_etl_dag.fetch_weather_data scheduled__2024-08-24T00:00:00+00:00 [queued]>
[2024-09-05T23:43:40.918+0000] {taskinstance.py:2603} INFO - Dependencies all met for dep_context=requeueable deps ti=<TaskInstance: weather_etl_dag.fetch_weather_data scheduled__2024-08-24T00:00:00+00:00 [queued]>
[2024-09-05T23:43:40.919+0000] {taskinstance.py:2856} INFO - Starting attempt 1 of 2
[2024-09-05T23:43:41.001+0000] {taskinstance.py:2879} INFO - Executing <Task(PythonOperator): fetch_weather_data> on 2024-08-24 00:00:00+00:00
[2024-09-05T23:43:41.008+0000] {warnings.py:112} WARNING - /usr/local/lib/python3.12/site-packages/***/task/task_runner/standard_task_runner.py:70: DeprecationWarning: This process (pid=231) is multi-threaded, use of fork() may lead to deadlocks in the child.
  pid = os.fork()

[2024-09-05T23:43:41.009+0000] {standard_task_runner.py:72} INFO - Started process 233 to run task
[2024-09-05T23:43:41.010+0000] {standard_task_runner.py:104} INFO - Running: ['***', 'tasks', 'run', 'weather_etl_dag', 'fetch_weather_data', 'scheduled__2024-08-24T00:00:00+00:00', '--job-id', '146', '--raw', '--subdir', 'DAGS_FOLDER/weather_etl_dag.py', '--cfg-path', '/tmp/tmpk7srnah_']
[2024-09-05T23:43:41.013+0000] {standard_task_runner.py:105} INFO - Job 146: Subtask fetch_weather_data
[2024-09-05T23:43:41.126+0000] {task_command.py:467} INFO - Running <TaskInstance: weather_etl_dag.fetch_weather_data scheduled__2024-08-24T00:00:00+00:00 [running]> on host da9f5d3bcb59
[2024-09-05T23:43:41.694+0000] {taskinstance.py:3122} INFO - Exporting env vars: AIRFLOW_CTX_DAG_OWNER='***' AIRFLOW_CTX_DAG_ID='weather_etl_dag' AIRFLOW_CTX_TASK_ID='fetch_weather_data' AIRFLOW_CTX_EXECUTION_DATE='2024-08-24T00:00:00+00:00' AIRFLOW_CTX_TRY_NUMBER='1' AIRFLOW_CTX_DAG_RUN_ID='scheduled__2024-08-24T00:00:00+00:00'
[2024-09-05T23:43:41.695+0000] {taskinstance.py:731} INFO - ::endgroup::
[2024-09-05T23:43:53.958+0000] {python.py:240} INFO - Done. Returned value was: None
[2024-09-05T23:43:54.141+0000] {taskinstance.py:340} INFO - ::group::Post task execution logs
[2024-09-05T23:43:54.141+0000] {taskinstance.py:352} INFO - Marking task as SUCCESS. dag_id=weather_etl_dag, task_id=fetch_weather_data, run_id=scheduled__2024-08-24T00:00:00+00:00, execution_date=20240824T000000, start_date=20240905T234340, end_date=20240905T234354
[2024-09-05T23:43:54.395+0000] {local_task_job_runner.py:261} INFO - Task exited with return code 0
[2024-09-05T23:43:56.068+0000] {standard_task_runner.py:217} INFO - Process not found (most likely exited), stop collecting metrics
[2024-09-05T23:44:06.754+0000] {taskinstance.py:3891} INFO - 1 downstream tasks scheduled from follow-on schedule check
[2024-09-05T23:44:06.808+0000] {local_task_job_runner.py:240} INFO - ::endgroup::
