[2024-09-05T00:37:47.523+0000] {local_task_job_runner.py:123} INFO - ::group::Pre task execution logs
[2024-09-05T00:37:47.568+0000] {taskinstance.py:2603} INFO - Dependencies all met for dep_context=non-requeueable deps ti=<TaskInstance: weather_etl_dag.fetch_weather_data scheduled__2024-08-08T00:00:00+00:00 [queued]>
[2024-09-05T00:37:47.580+0000] {taskinstance.py:2603} INFO - Dependencies all met for dep_context=requeueable deps ti=<TaskInstance: weather_etl_dag.fetch_weather_data scheduled__2024-08-08T00:00:00+00:00 [queued]>
[2024-09-05T00:37:47.603+0000] {taskinstance.py:2856} INFO - Starting attempt 1 of 2
[2024-09-05T00:37:47.761+0000] {taskinstance.py:2879} INFO - Executing <Task(PythonOperator): fetch_weather_data> on 2024-08-08 00:00:00+00:00
[2024-09-05T00:37:47.769+0000] {warnings.py:112} WARNING - /usr/local/lib/python3.12/site-packages/***/task/task_runner/standard_task_runner.py:70: DeprecationWarning: This process (pid=389) is multi-threaded, use of fork() may lead to deadlocks in the child.
  pid = os.fork()

[2024-09-05T00:37:47.776+0000] {standard_task_runner.py:72} INFO - Started process 393 to run task
[2024-09-05T00:37:47.778+0000] {standard_task_runner.py:104} INFO - Running: ['***', 'tasks', 'run', 'weather_etl_dag', 'fetch_weather_data', 'scheduled__2024-08-08T00:00:00+00:00', '--job-id', '47', '--raw', '--subdir', 'DAGS_FOLDER/weather_etl_dag.py', '--cfg-path', '/tmp/tmpnuiz5824']
[2024-09-05T00:37:47.783+0000] {standard_task_runner.py:105} INFO - Job 47: Subtask fetch_weather_data
[2024-09-05T00:37:47.936+0000] {task_command.py:467} INFO - Running <TaskInstance: weather_etl_dag.fetch_weather_data scheduled__2024-08-08T00:00:00+00:00 [running]> on host b778581f4b0f
[2024-09-05T00:37:48.708+0000] {taskinstance.py:3122} INFO - Exporting env vars: AIRFLOW_CTX_DAG_OWNER='***' AIRFLOW_CTX_DAG_ID='weather_etl_dag' AIRFLOW_CTX_TASK_ID='fetch_weather_data' AIRFLOW_CTX_EXECUTION_DATE='2024-08-08T00:00:00+00:00' AIRFLOW_CTX_TRY_NUMBER='1' AIRFLOW_CTX_DAG_RUN_ID='scheduled__2024-08-08T00:00:00+00:00'
[2024-09-05T00:37:48.723+0000] {taskinstance.py:731} INFO - ::endgroup::
[2024-09-05T00:37:48.752+0000] {logging_mixin.py:190} INFO - Recuperando municipios desde XCom
[2024-09-05T00:37:48.818+0000] {logging_mixin.py:190} INFO - Número de municipios recuperados: 18
[2024-09-05T00:37:48.832+0000] {logging_mixin.py:190} INFO - Datos de municipios para obtener clima:    cve_mun              nom_mun  lat_decimal  lon_decimal
0        1    AMEALCO DE BONFIL    20.186444  -100.144195
1        2      PINAL DE AMOLES    21.135302   -99.627540
2        3          ARROYO SECO    21.548036   -99.689166
3        4  CADEREYTA DE MONTES    20.695023   -99.815633
4        5                COLON    20.788326  -100.045430
[2024-09-05T00:37:48.857+0000] {logging_mixin.py:190} INFO - Haciendo solicitud a la API para lat: 20.186444, lon: -100.144195
[2024-09-05T00:37:49.487+0000] {logging_mixin.py:190} INFO - Respuesta recibida: 200
[2024-09-05T00:37:49.489+0000] {logging_mixin.py:190} INFO - Haciendo solicitud a la API para lat: 21.135302, lon: -99.62754
[2024-09-05T00:37:50.088+0000] {logging_mixin.py:190} INFO - Respuesta recibida: 200
[2024-09-05T00:37:50.089+0000] {logging_mixin.py:190} INFO - Haciendo solicitud a la API para lat: 21.548036, lon: -99.689166
[2024-09-05T00:37:50.674+0000] {logging_mixin.py:190} INFO - Respuesta recibida: 200
[2024-09-05T00:37:50.676+0000] {logging_mixin.py:190} INFO - Haciendo solicitud a la API para lat: 20.695023, lon: -99.815633
[2024-09-05T00:37:51.278+0000] {logging_mixin.py:190} INFO - Respuesta recibida: 200
[2024-09-05T00:37:51.280+0000] {logging_mixin.py:190} INFO - Haciendo solicitud a la API para lat: 20.788326, lon: -100.04543
[2024-09-05T00:37:51.864+0000] {logging_mixin.py:190} INFO - Respuesta recibida: 200
[2024-09-05T00:37:51.865+0000] {logging_mixin.py:190} INFO - Haciendo solicitud a la API para lat: 20.552436, lon: -100.445883
[2024-09-05T00:37:52.457+0000] {logging_mixin.py:190} INFO - Respuesta recibida: 200
[2024-09-05T00:37:52.459+0000] {logging_mixin.py:190} INFO - Haciendo solicitud a la API para lat: 20.665295, lon: -99.898405
[2024-09-05T00:37:53.056+0000] {logging_mixin.py:190} INFO - Respuesta recibida: 200
[2024-09-05T00:37:53.062+0000] {logging_mixin.py:190} INFO - Haciendo solicitud a la API para lat: 20.375244, lon: -100.274333
[2024-09-05T00:37:53.645+0000] {logging_mixin.py:190} INFO - Respuesta recibida: 200
[2024-09-05T00:37:53.647+0000] {logging_mixin.py:190} INFO - Haciendo solicitud a la API para lat: 21.216802, lon: -99.47291
[2024-09-05T00:37:54.313+0000] {logging_mixin.py:190} INFO - Respuesta recibida: 200
[2024-09-05T00:37:54.315+0000] {logging_mixin.py:190} INFO - Haciendo solicitud a la API para lat: 21.183456, lon: -99.321914
[2024-09-05T00:37:54.920+0000] {logging_mixin.py:190} INFO - Respuesta recibida: 200
[2024-09-05T00:37:54.924+0000] {logging_mixin.py:190} INFO - Haciendo solicitud a la API para lat: 20.60657, lon: -100.331096
[2024-09-05T00:37:55.543+0000] {logging_mixin.py:190} INFO - Respuesta recibida: 200
[2024-09-05T00:37:55.547+0000] {logging_mixin.py:190} INFO - Haciendo solicitud a la API para lat: 20.502494, lon: -100.14473
[2024-09-05T00:37:56.146+0000] {logging_mixin.py:190} INFO - Respuesta recibida: 200
[2024-09-05T00:37:56.147+0000] {logging_mixin.py:190} INFO - Haciendo solicitud a la API para lat: 21.053631, lon: -99.814526
[2024-09-05T00:37:56.735+0000] {logging_mixin.py:190} INFO - Respuesta recibida: 200
[2024-09-05T00:37:56.737+0000] {logging_mixin.py:190} INFO - Haciendo solicitud a la API para lat: 20.593391, lon: -100.389957
[2024-09-05T00:37:57.322+0000] {logging_mixin.py:190} INFO - Respuesta recibida: 200
[2024-09-05T00:37:57.323+0000] {logging_mixin.py:190} INFO - Haciendo solicitud a la API para lat: 20.916061, lon: -99.566359
[2024-09-05T00:37:57.932+0000] {logging_mixin.py:190} INFO - Respuesta recibida: 200
[2024-09-05T00:37:57.934+0000] {logging_mixin.py:190} INFO - Haciendo solicitud a la API para lat: 20.386441, lon: -99.999631
[2024-09-05T00:37:58.525+0000] {logging_mixin.py:190} INFO - Respuesta recibida: 200
[2024-09-05T00:37:58.529+0000] {logging_mixin.py:190} INFO - Haciendo solicitud a la API para lat: 20.518817, lon: -99.88384
[2024-09-05T00:37:59.144+0000] {logging_mixin.py:190} INFO - Respuesta recibida: 200
[2024-09-05T00:37:59.150+0000] {logging_mixin.py:190} INFO - Haciendo solicitud a la API para lat: 20.908149, lon: -99.9308
[2024-09-05T00:37:59.776+0000] {logging_mixin.py:190} INFO - Respuesta recibida: 200
[2024-09-05T00:37:59.782+0000] {logging_mixin.py:190} INFO - Pronósticos obtenidos: 18
[2024-09-05T00:37:59.925+0000] {python.py:240} INFO - Done. Returned value was: None
[2024-09-05T00:37:59.952+0000] {taskinstance.py:340} INFO - ::group::Post task execution logs
[2024-09-05T00:37:59.961+0000] {taskinstance.py:352} INFO - Marking task as SUCCESS. dag_id=weather_etl_dag, task_id=fetch_weather_data, run_id=scheduled__2024-08-08T00:00:00+00:00, execution_date=20240808T000000, start_date=20240905T003747, end_date=20240905T003759
[2024-09-05T00:38:00.093+0000] {local_task_job_runner.py:261} INFO - Task exited with return code 0
[2024-09-05T00:38:00.135+0000] {taskinstance.py:3891} INFO - 1 downstream tasks scheduled from follow-on schedule check
[2024-09-05T00:38:00.183+0000] {local_task_job_runner.py:240} INFO - ::endgroup::
[2024-09-05T18:06:50.688+0000] {local_task_job_runner.py:123} INFO - ::group::Pre task execution logs
[2024-09-05T18:06:50.731+0000] {taskinstance.py:2603} INFO - Dependencies all met for dep_context=non-requeueable deps ti=<TaskInstance: weather_etl_dag.fetch_weather_data scheduled__2024-08-08T00:00:00+00:00 [queued]>
[2024-09-05T18:06:50.757+0000] {taskinstance.py:2603} INFO - Dependencies all met for dep_context=requeueable deps ti=<TaskInstance: weather_etl_dag.fetch_weather_data scheduled__2024-08-08T00:00:00+00:00 [queued]>
[2024-09-05T18:06:50.758+0000] {taskinstance.py:2856} INFO - Starting attempt 1 of 2
[2024-09-05T18:06:50.862+0000] {taskinstance.py:2879} INFO - Executing <Task(PythonOperator): fetch_weather_data> on 2024-08-08 00:00:00+00:00
[2024-09-05T18:06:50.868+0000] {warnings.py:112} WARNING - /usr/local/lib/python3.12/site-packages/***/task/task_runner/standard_task_runner.py:70: DeprecationWarning: This process (pid=430) is multi-threaded, use of fork() may lead to deadlocks in the child.
  pid = os.fork()

[2024-09-05T18:06:50.884+0000] {standard_task_runner.py:72} INFO - Started process 432 to run task
[2024-09-05T18:06:50.877+0000] {standard_task_runner.py:104} INFO - Running: ['***', 'tasks', 'run', 'weather_etl_dag', 'fetch_weather_data', 'scheduled__2024-08-08T00:00:00+00:00', '--job-id', '27', '--raw', '--subdir', 'DAGS_FOLDER/weather_etl_dag.py', '--cfg-path', '/tmp/tmpwtqm1etr']
[2024-09-05T18:06:50.886+0000] {standard_task_runner.py:105} INFO - Job 27: Subtask fetch_weather_data
[2024-09-05T18:06:51.015+0000] {task_command.py:467} INFO - Running <TaskInstance: weather_etl_dag.fetch_weather_data scheduled__2024-08-08T00:00:00+00:00 [running]> on host 0b8eaea5e88c
[2024-09-05T18:06:51.571+0000] {taskinstance.py:3122} INFO - Exporting env vars: AIRFLOW_CTX_DAG_OWNER='***' AIRFLOW_CTX_DAG_ID='weather_etl_dag' AIRFLOW_CTX_TASK_ID='fetch_weather_data' AIRFLOW_CTX_EXECUTION_DATE='2024-08-08T00:00:00+00:00' AIRFLOW_CTX_TRY_NUMBER='1' AIRFLOW_CTX_DAG_RUN_ID='scheduled__2024-08-08T00:00:00+00:00'
[2024-09-05T18:06:51.586+0000] {taskinstance.py:731} INFO - ::endgroup::
[2024-09-05T18:06:51.642+0000] {logging_mixin.py:190} INFO - Recuperando municipios desde XCom
[2024-09-05T18:06:51.941+0000] {logging_mixin.py:190} INFO - Número de municipios recuperados: 18
[2024-09-05T18:06:51.953+0000] {logging_mixin.py:190} INFO - Datos de municipios para obtener clima:    cve_mun              nom_mun  lat_decimal  lon_decimal
0        1    AMEALCO DE BONFIL    20.186444  -100.144195
1        2      PINAL DE AMOLES    21.135302   -99.627540
2        3          ARROYO SECO    21.548036   -99.689166
3        4  CADEREYTA DE MONTES    20.695023   -99.815633
4        5                COLON    20.788326  -100.045430
[2024-09-05T18:06:51.978+0000] {logging_mixin.py:190} INFO - Haciendo solicitud a la API para lat: 20.186444, lon: -100.144195
[2024-09-05T18:06:52.586+0000] {logging_mixin.py:190} INFO - Respuesta recibida: 200
[2024-09-05T18:06:52.588+0000] {logging_mixin.py:190} INFO - Haciendo solicitud a la API para lat: 21.135302, lon: -99.62754
[2024-09-05T18:06:53.223+0000] {logging_mixin.py:190} INFO - Respuesta recibida: 200
[2024-09-05T18:06:53.231+0000] {logging_mixin.py:190} INFO - Haciendo solicitud a la API para lat: 21.548036, lon: -99.689166
[2024-09-05T18:06:53.822+0000] {logging_mixin.py:190} INFO - Respuesta recibida: 200
[2024-09-05T18:06:53.823+0000] {logging_mixin.py:190} INFO - Haciendo solicitud a la API para lat: 20.695023, lon: -99.815633
[2024-09-05T18:06:54.420+0000] {logging_mixin.py:190} INFO - Respuesta recibida: 200
[2024-09-05T18:06:54.758+0000] {logging_mixin.py:190} INFO - Haciendo solicitud a la API para lat: 20.788326, lon: -100.04543
[2024-09-05T18:06:55.368+0000] {logging_mixin.py:190} INFO - Respuesta recibida: 200
[2024-09-05T18:06:55.370+0000] {logging_mixin.py:190} INFO - Haciendo solicitud a la API para lat: 20.552436, lon: -100.445883
[2024-09-05T18:06:55.967+0000] {logging_mixin.py:190} INFO - Respuesta recibida: 200
[2024-09-05T18:06:55.969+0000] {logging_mixin.py:190} INFO - Haciendo solicitud a la API para lat: 20.665295, lon: -99.898405
[2024-09-05T18:06:56.566+0000] {logging_mixin.py:190} INFO - Respuesta recibida: 200
[2024-09-05T18:06:56.569+0000] {logging_mixin.py:190} INFO - Haciendo solicitud a la API para lat: 20.375244, lon: -100.274333
[2024-09-05T18:06:57.155+0000] {logging_mixin.py:190} INFO - Respuesta recibida: 200
[2024-09-05T18:06:57.157+0000] {logging_mixin.py:190} INFO - Haciendo solicitud a la API para lat: 21.216802, lon: -99.47291
[2024-09-05T18:06:57.754+0000] {logging_mixin.py:190} INFO - Respuesta recibida: 200
[2024-09-05T18:06:57.756+0000] {logging_mixin.py:190} INFO - Haciendo solicitud a la API para lat: 21.183456, lon: -99.321914
[2024-09-05T18:06:58.380+0000] {logging_mixin.py:190} INFO - Respuesta recibida: 200
[2024-09-05T18:06:58.382+0000] {logging_mixin.py:190} INFO - Haciendo solicitud a la API para lat: 20.60657, lon: -100.331096
[2024-09-05T18:06:59.006+0000] {logging_mixin.py:190} INFO - Respuesta recibida: 200
[2024-09-05T18:06:59.007+0000] {logging_mixin.py:190} INFO - Haciendo solicitud a la API para lat: 20.502494, lon: -100.14473
[2024-09-05T18:06:59.603+0000] {logging_mixin.py:190} INFO - Respuesta recibida: 200
[2024-09-05T18:06:59.609+0000] {logging_mixin.py:190} INFO - Haciendo solicitud a la API para lat: 21.053631, lon: -99.814526
[2024-09-05T18:07:00.233+0000] {logging_mixin.py:190} INFO - Respuesta recibida: 200
[2024-09-05T18:07:00.235+0000] {logging_mixin.py:190} INFO - Haciendo solicitud a la API para lat: 20.593391, lon: -100.389957
[2024-09-05T18:07:00.828+0000] {logging_mixin.py:190} INFO - Respuesta recibida: 200
[2024-09-05T18:07:00.831+0000] {logging_mixin.py:190} INFO - Haciendo solicitud a la API para lat: 20.916061, lon: -99.566359
[2024-09-05T18:07:01.446+0000] {logging_mixin.py:190} INFO - Respuesta recibida: 200
[2024-09-05T18:07:01.450+0000] {logging_mixin.py:190} INFO - Haciendo solicitud a la API para lat: 20.386441, lon: -99.999631
[2024-09-05T18:07:02.081+0000] {logging_mixin.py:190} INFO - Respuesta recibida: 200
[2024-09-05T18:07:02.083+0000] {logging_mixin.py:190} INFO - Haciendo solicitud a la API para lat: 20.518817, lon: -99.88384
[2024-09-05T18:07:02.664+0000] {logging_mixin.py:190} INFO - Respuesta recibida: 200
[2024-09-05T18:07:02.665+0000] {logging_mixin.py:190} INFO - Haciendo solicitud a la API para lat: 20.908149, lon: -99.9308
[2024-09-05T18:07:03.291+0000] {logging_mixin.py:190} INFO - Respuesta recibida: 200
[2024-09-05T18:07:03.297+0000] {logging_mixin.py:190} INFO - Pronósticos obtenidos: 18
[2024-09-05T18:07:03.373+0000] {python.py:240} INFO - Done. Returned value was: None
[2024-09-05T18:07:03.392+0000] {taskinstance.py:340} INFO - ::group::Post task execution logs
[2024-09-05T18:07:03.393+0000] {taskinstance.py:352} INFO - Marking task as SUCCESS. dag_id=weather_etl_dag, task_id=fetch_weather_data, run_id=scheduled__2024-08-08T00:00:00+00:00, execution_date=20240808T000000, start_date=20240905T180650, end_date=20240905T180703
[2024-09-05T18:07:03.552+0000] {local_task_job_runner.py:261} INFO - Task exited with return code 0
[2024-09-05T18:07:03.582+0000] {taskinstance.py:3891} INFO - 1 downstream tasks scheduled from follow-on schedule check
[2024-09-05T18:07:03.637+0000] {local_task_job_runner.py:240} INFO - ::endgroup::
