[2024-08-29T23:52:41.940+0000] {local_task_job_runner.py:120} INFO - ::group::Pre task execution logs
[2024-08-29T23:52:41.971+0000] {taskinstance.py:2076} INFO - Dependencies all met for dep_context=non-requeueable deps ti=<TaskInstance: weather_etl_dag.update_sequia_indicator scheduled__2024-08-28T00:00:00+00:00 [queued]>
[2024-08-29T23:52:41.984+0000] {taskinstance.py:2076} INFO - Dependencies all met for dep_context=requeueable deps ti=<TaskInstance: weather_etl_dag.update_sequia_indicator scheduled__2024-08-28T00:00:00+00:00 [queued]>
[2024-08-29T23:52:41.985+0000] {taskinstance.py:2306} INFO - Starting attempt 1 of 2
[2024-08-29T23:52:42.203+0000] {taskinstance.py:2330} INFO - Executing <Task(PythonOperator): update_sequia_indicator> on 2024-08-28 00:00:00+00:00
[2024-08-29T23:52:42.210+0000] {warnings.py:112} WARNING - /home/***/.local/lib/python3.12/site-packages/***/task/task_runner/standard_task_runner.py:62: DeprecationWarning: This process (pid=320) is multi-threaded, use of fork() may lead to deadlocks in the child.
  pid = os.fork()

[2024-08-29T23:52:42.212+0000] {standard_task_runner.py:64} INFO - Started process 322 to run task
[2024-08-29T23:52:42.212+0000] {standard_task_runner.py:90} INFO - Running: ['***', 'tasks', 'run', 'weather_etl_dag', 'update_sequia_indicator', 'scheduled__2024-08-28T00:00:00+00:00', '--job-id', '411', '--raw', '--subdir', 'DAGS_FOLDER/weather_etl_dag.py', '--cfg-path', '/tmp/tmp9gwkqias']
[2024-08-29T23:52:42.214+0000] {standard_task_runner.py:91} INFO - Job 411: Subtask update_sequia_indicator
[2024-08-29T23:52:42.340+0000] {task_command.py:426} INFO - Running <TaskInstance: weather_etl_dag.update_sequia_indicator scheduled__2024-08-28T00:00:00+00:00 [running]> on host b7290fbe53d7
[2024-08-29T23:52:42.651+0000] {taskinstance.py:2648} INFO - Exporting env vars: AIRFLOW_CTX_DAG_OWNER='***' AIRFLOW_CTX_DAG_ID='weather_etl_dag' AIRFLOW_CTX_TASK_ID='update_sequia_indicator' AIRFLOW_CTX_EXECUTION_DATE='2024-08-28T00:00:00+00:00' AIRFLOW_CTX_TRY_NUMBER='1' AIRFLOW_CTX_DAG_RUN_ID='scheduled__2024-08-28T00:00:00+00:00'
[2024-08-29T23:52:42.653+0000] {taskinstance.py:430} INFO - ::endgroup::
[2024-08-29T23:52:42.670+0000] {logging_mixin.py:188} INFO - iniciando conexion a redshift para actualizar sequia
[2024-08-29T23:52:42.754+0000] {logging_mixin.py:188} INFO - Número de registros a actualizar en la tabla: 18
[2024-08-29T23:52:42.768+0000] {logging_mixin.py:188} INFO - Datos para actualizar en la tabla:    cve_mun            municipio fecha_pronostico indicador_sequia
0        1    Amealco De Bonfil       2024-08-29               D4
1        2      Pinal De Amoles       2024-08-29               D1
2        3          Arroyo Seco       2024-08-29               D0
3        4  Cadereyta De Montes       2024-08-29               D3
4        5                Colon       2024-08-29               D4
[2024-08-29T23:52:53.323+0000] {logging_mixin.py:188} INFO - actualizacion realizada para cve_mun: 1, fecha_pronostico:2024-08-29
[2024-08-29T23:53:01.759+0000] {logging_mixin.py:188} INFO - actualizacion realizada para cve_mun: 2, fecha_pronostico:2024-08-29
[2024-08-29T23:53:02.116+0000] {logging_mixin.py:188} INFO - actualizacion realizada para cve_mun: 3, fecha_pronostico:2024-08-29
[2024-08-29T23:53:02.264+0000] {logging_mixin.py:188} INFO - actualizacion realizada para cve_mun: 4, fecha_pronostico:2024-08-29
[2024-08-29T23:53:02.386+0000] {logging_mixin.py:188} INFO - actualizacion realizada para cve_mun: 5, fecha_pronostico:2024-08-29
[2024-08-29T23:53:02.506+0000] {logging_mixin.py:188} INFO - actualizacion realizada para cve_mun: 6, fecha_pronostico:2024-08-29
[2024-08-29T23:53:02.624+0000] {logging_mixin.py:188} INFO - actualizacion realizada para cve_mun: 7, fecha_pronostico:2024-08-29
[2024-08-29T23:53:03.735+0000] {logging_mixin.py:188} INFO - actualizacion realizada para cve_mun: 8, fecha_pronostico:2024-08-29
[2024-08-29T23:53:03.901+0000] {logging_mixin.py:188} INFO - actualizacion realizada para cve_mun: 9, fecha_pronostico:2024-08-29
[2024-08-29T23:53:04.037+0000] {logging_mixin.py:188} INFO - actualizacion realizada para cve_mun: 10, fecha_pronostico:2024-08-29
[2024-08-29T23:53:04.177+0000] {logging_mixin.py:188} INFO - actualizacion realizada para cve_mun: 11, fecha_pronostico:2024-08-29
[2024-08-29T23:53:04.311+0000] {logging_mixin.py:188} INFO - actualizacion realizada para cve_mun: 12, fecha_pronostico:2024-08-29
[2024-08-29T23:53:04.435+0000] {logging_mixin.py:188} INFO - actualizacion realizada para cve_mun: 13, fecha_pronostico:2024-08-29
[2024-08-29T23:53:04.555+0000] {logging_mixin.py:188} INFO - actualizacion realizada para cve_mun: 14, fecha_pronostico:2024-08-29
[2024-08-29T23:53:04.673+0000] {logging_mixin.py:188} INFO - actualizacion realizada para cve_mun: 15, fecha_pronostico:2024-08-29
[2024-08-29T23:53:04.792+0000] {logging_mixin.py:188} INFO - actualizacion realizada para cve_mun: 16, fecha_pronostico:2024-08-29
[2024-08-29T23:53:04.912+0000] {logging_mixin.py:188} INFO - actualizacion realizada para cve_mun: 17, fecha_pronostico:2024-08-29
[2024-08-29T23:53:05.042+0000] {logging_mixin.py:188} INFO - actualizacion realizada para cve_mun: 18, fecha_pronostico:2024-08-29
[2024-08-29T23:53:05.143+0000] {logging_mixin.py:188} INFO - todas las actualizaciones se han realizado con exito
[2024-08-29T23:53:05.144+0000] {python.py:237} INFO - Done. Returned value was: None
[2024-08-29T23:53:05.145+0000] {taskinstance.py:441} INFO - ::group::Post task execution logs
[2024-08-29T23:53:05.153+0000] {taskinstance.py:1206} INFO - Marking task as SUCCESS. dag_id=weather_etl_dag, task_id=update_sequia_indicator, run_id=scheduled__2024-08-28T00:00:00+00:00, execution_date=20240828T000000, start_date=20240829T235241, end_date=20240829T235305
[2024-08-29T23:53:05.232+0000] {local_task_job_runner.py:243} INFO - Task exited with return code 0
[2024-08-29T23:53:05.243+0000] {taskinstance.py:3503} INFO - 0 downstream tasks scheduled from follow-on schedule check
[2024-08-29T23:53:05.298+0000] {local_task_job_runner.py:222} INFO - ::endgroup::
[2024-09-06T00:19:08.850+0000] {local_task_job_runner.py:123} INFO - ::group::Pre task execution logs
[2024-09-06T00:19:08.962+0000] {taskinstance.py:2603} INFO - Dependencies all met for dep_context=non-requeueable deps ti=<TaskInstance: weather_etl_dag.update_sequia_indicator scheduled__2024-08-28T00:00:00+00:00 [queued]>
[2024-09-06T00:19:08.974+0000] {taskinstance.py:2603} INFO - Dependencies all met for dep_context=requeueable deps ti=<TaskInstance: weather_etl_dag.update_sequia_indicator scheduled__2024-08-28T00:00:00+00:00 [queued]>
[2024-09-06T00:19:08.974+0000] {taskinstance.py:2856} INFO - Starting attempt 1 of 2
[2024-09-06T00:19:09.073+0000] {taskinstance.py:2879} INFO - Executing <Task(PythonOperator): update_sequia_indicator> on 2024-08-28 00:00:00+00:00
[2024-09-06T00:19:09.080+0000] {standard_task_runner.py:104} INFO - Running: ['***', 'tasks', 'run', 'weather_etl_dag', 'update_sequia_indicator', 'scheduled__2024-08-28T00:00:00+00:00', '--job-id', '226', '--raw', '--subdir', 'DAGS_FOLDER/weather_etl_dag.py', '--cfg-path', '/tmp/tmpc201plxc']
[2024-09-06T00:19:09.084+0000] {standard_task_runner.py:105} INFO - Job 226: Subtask update_sequia_indicator
[2024-09-06T00:19:09.099+0000] {warnings.py:112} WARNING - /usr/local/lib/python3.12/site-packages/***/task/task_runner/standard_task_runner.py:70: DeprecationWarning: This process (pid=1132) is multi-threaded, use of fork() may lead to deadlocks in the child.
  pid = os.fork()

[2024-09-06T00:19:09.100+0000] {standard_task_runner.py:72} INFO - Started process 1134 to run task
[2024-09-06T00:19:14.974+0000] {task_command.py:467} INFO - Running <TaskInstance: weather_etl_dag.update_sequia_indicator scheduled__2024-08-28T00:00:00+00:00 [running]> on host da9f5d3bcb59
[2024-09-06T00:19:15.134+0000] {taskinstance.py:3122} INFO - Exporting env vars: AIRFLOW_CTX_DAG_OWNER='***' AIRFLOW_CTX_DAG_ID='weather_etl_dag' AIRFLOW_CTX_TASK_ID='update_sequia_indicator' AIRFLOW_CTX_EXECUTION_DATE='2024-08-28T00:00:00+00:00' AIRFLOW_CTX_TRY_NUMBER='1' AIRFLOW_CTX_DAG_RUN_ID='scheduled__2024-08-28T00:00:00+00:00'
[2024-09-06T00:19:15.135+0000] {taskinstance.py:731} INFO - ::endgroup::
[2024-09-06T00:20:30.283+0000] {python.py:240} INFO - Done. Returned value was: None
[2024-09-06T00:20:42.769+0000] {taskinstance.py:340} INFO - ::group::Post task execution logs
[2024-09-06T00:20:42.807+0000] {taskinstance.py:352} INFO - Marking task as SUCCESS. dag_id=weather_etl_dag, task_id=update_sequia_indicator, run_id=scheduled__2024-08-28T00:00:00+00:00, execution_date=20240828T000000, start_date=20240906T001908, end_date=20240906T002042
[2024-09-06T00:20:45.890+0000] {local_task_job_runner.py:261} INFO - Task exited with return code 0
[2024-09-06T00:20:54.663+0000] {standard_task_runner.py:217} INFO - Process not found (most likely exited), stop collecting metrics
[2024-09-06T00:21:08.889+0000] {taskinstance.py:3891} INFO - 0 downstream tasks scheduled from follow-on schedule check
[2024-09-06T00:21:08.988+0000] {local_task_job_runner.py:240} INFO - ::endgroup::
