[2024-09-05T00:38:03.537+0000] {local_task_job_runner.py:123} INFO - ::group::Pre task execution logs
[2024-09-05T00:38:03.624+0000] {taskinstance.py:2603} INFO - Dependencies all met for dep_context=non-requeueable deps ti=<TaskInstance: weather_etl_dag.fetch_weather_data scheduled__2024-08-11T00:00:00+00:00 [queued]>
[2024-09-05T00:38:03.648+0000] {taskinstance.py:2603} INFO - Dependencies all met for dep_context=requeueable deps ti=<TaskInstance: weather_etl_dag.fetch_weather_data scheduled__2024-08-11T00:00:00+00:00 [queued]>
[2024-09-05T00:38:03.683+0000] {taskinstance.py:2856} INFO - Starting attempt 1 of 2
[2024-09-05T00:38:03.751+0000] {taskinstance.py:2879} INFO - Executing <Task(PythonOperator): fetch_weather_data> on 2024-08-11 00:00:00+00:00
[2024-09-05T00:38:03.757+0000] {warnings.py:112} WARNING - /usr/local/lib/python3.12/site-packages/***/task/task_runner/standard_task_runner.py:70: DeprecationWarning: This process (pid=404) is multi-threaded, use of fork() may lead to deadlocks in the child.
  pid = os.fork()

[2024-09-05T00:38:03.770+0000] {standard_task_runner.py:72} INFO - Started process 412 to run task
[2024-09-05T00:38:03.763+0000] {standard_task_runner.py:104} INFO - Running: ['***', 'tasks', 'run', 'weather_etl_dag', 'fetch_weather_data', 'scheduled__2024-08-11T00:00:00+00:00', '--job-id', '50', '--raw', '--subdir', 'DAGS_FOLDER/weather_etl_dag.py', '--cfg-path', '/tmp/tmp14d4t82h']
[2024-09-05T00:38:03.774+0000] {standard_task_runner.py:105} INFO - Job 50: Subtask fetch_weather_data
[2024-09-05T00:38:03.966+0000] {task_command.py:467} INFO - Running <TaskInstance: weather_etl_dag.fetch_weather_data scheduled__2024-08-11T00:00:00+00:00 [running]> on host b778581f4b0f
[2024-09-05T00:38:04.334+0000] {taskinstance.py:3122} INFO - Exporting env vars: AIRFLOW_CTX_DAG_OWNER='***' AIRFLOW_CTX_DAG_ID='weather_etl_dag' AIRFLOW_CTX_TASK_ID='fetch_weather_data' AIRFLOW_CTX_EXECUTION_DATE='2024-08-11T00:00:00+00:00' AIRFLOW_CTX_TRY_NUMBER='1' AIRFLOW_CTX_DAG_RUN_ID='scheduled__2024-08-11T00:00:00+00:00'
[2024-09-05T00:38:04.340+0000] {taskinstance.py:731} INFO - ::endgroup::
[2024-09-05T00:38:04.353+0000] {logging_mixin.py:190} INFO - Recuperando municipios desde XCom
[2024-09-05T00:38:04.413+0000] {logging_mixin.py:190} INFO - Número de municipios recuperados: 18
[2024-09-05T00:38:04.472+0000] {logging_mixin.py:190} INFO - Datos de municipios para obtener clima:    cve_mun              nom_mun  lat_decimal  lon_decimal
0        1    AMEALCO DE BONFIL    20.186444  -100.144195
1        2      PINAL DE AMOLES    21.135302   -99.627540
2        3          ARROYO SECO    21.548036   -99.689166
3        4  CADEREYTA DE MONTES    20.695023   -99.815633
4        5                COLON    20.788326  -100.045430
[2024-09-05T00:38:04.519+0000] {logging_mixin.py:190} INFO - Haciendo solicitud a la API para lat: 20.186444, lon: -100.144195
[2024-09-05T00:38:05.116+0000] {logging_mixin.py:190} INFO - Respuesta recibida: 200
[2024-09-05T00:38:05.117+0000] {logging_mixin.py:190} INFO - Haciendo solicitud a la API para lat: 21.135302, lon: -99.62754
[2024-09-05T00:38:05.707+0000] {logging_mixin.py:190} INFO - Respuesta recibida: 200
[2024-09-05T00:38:05.711+0000] {logging_mixin.py:190} INFO - Haciendo solicitud a la API para lat: 21.548036, lon: -99.689166
[2024-09-05T00:38:06.314+0000] {logging_mixin.py:190} INFO - Respuesta recibida: 200
[2024-09-05T00:38:06.315+0000] {logging_mixin.py:190} INFO - Haciendo solicitud a la API para lat: 20.695023, lon: -99.815633
[2024-09-05T00:38:06.904+0000] {logging_mixin.py:190} INFO - Respuesta recibida: 200
[2024-09-05T00:38:06.908+0000] {logging_mixin.py:190} INFO - Haciendo solicitud a la API para lat: 20.788326, lon: -100.04543
[2024-09-05T00:38:07.508+0000] {logging_mixin.py:190} INFO - Respuesta recibida: 200
[2024-09-05T00:38:07.511+0000] {logging_mixin.py:190} INFO - Haciendo solicitud a la API para lat: 20.552436, lon: -100.445883
[2024-09-05T00:38:08.101+0000] {logging_mixin.py:190} INFO - Respuesta recibida: 200
[2024-09-05T00:38:08.103+0000] {logging_mixin.py:190} INFO - Haciendo solicitud a la API para lat: 20.665295, lon: -99.898405
[2024-09-05T00:38:08.735+0000] {logging_mixin.py:190} INFO - Respuesta recibida: 200
[2024-09-05T00:38:08.736+0000] {logging_mixin.py:190} INFO - Haciendo solicitud a la API para lat: 20.375244, lon: -100.274333
[2024-09-05T00:38:09.324+0000] {logging_mixin.py:190} INFO - Respuesta recibida: 200
[2024-09-05T00:38:09.327+0000] {logging_mixin.py:190} INFO - Haciendo solicitud a la API para lat: 21.216802, lon: -99.47291
[2024-09-05T00:38:09.932+0000] {logging_mixin.py:190} INFO - Respuesta recibida: 200
[2024-09-05T00:38:09.938+0000] {logging_mixin.py:190} INFO - Haciendo solicitud a la API para lat: 21.183456, lon: -99.321914
[2024-09-05T00:38:10.985+0000] {logging_mixin.py:190} INFO - Respuesta recibida: 200
[2024-09-05T00:38:10.989+0000] {logging_mixin.py:190} INFO - Haciendo solicitud a la API para lat: 20.60657, lon: -100.331096
[2024-09-05T00:38:11.578+0000] {logging_mixin.py:190} INFO - Respuesta recibida: 200
[2024-09-05T00:38:11.653+0000] {logging_mixin.py:190} INFO - Haciendo solicitud a la API para lat: 20.502494, lon: -100.14473
[2024-09-05T00:38:12.316+0000] {logging_mixin.py:190} INFO - Respuesta recibida: 200
[2024-09-05T00:38:12.321+0000] {logging_mixin.py:190} INFO - Haciendo solicitud a la API para lat: 21.053631, lon: -99.814526
[2024-09-05T00:38:12.923+0000] {logging_mixin.py:190} INFO - Respuesta recibida: 200
[2024-09-05T00:38:12.970+0000] {logging_mixin.py:190} INFO - Haciendo solicitud a la API para lat: 20.593391, lon: -100.389957
[2024-09-05T00:38:13.638+0000] {logging_mixin.py:190} INFO - Respuesta recibida: 200
[2024-09-05T00:38:13.642+0000] {logging_mixin.py:190} INFO - Haciendo solicitud a la API para lat: 20.916061, lon: -99.566359
[2024-09-05T00:38:14.298+0000] {logging_mixin.py:190} INFO - Respuesta recibida: 200
[2024-09-05T00:38:14.309+0000] {logging_mixin.py:190} INFO - Haciendo solicitud a la API para lat: 20.386441, lon: -99.999631
[2024-09-05T00:38:14.986+0000] {logging_mixin.py:190} INFO - Respuesta recibida: 200
[2024-09-05T00:38:15.003+0000] {logging_mixin.py:190} INFO - Haciendo solicitud a la API para lat: 20.518817, lon: -99.88384
[2024-09-05T00:38:15.702+0000] {logging_mixin.py:190} INFO - Respuesta recibida: 200
[2024-09-05T00:38:15.723+0000] {logging_mixin.py:190} INFO - Haciendo solicitud a la API para lat: 20.908149, lon: -99.9308
[2024-09-05T00:38:16.351+0000] {logging_mixin.py:190} INFO - Respuesta recibida: 200
[2024-09-05T00:38:16.386+0000] {logging_mixin.py:190} INFO - Pronósticos obtenidos: 18
[2024-09-05T00:38:16.501+0000] {python.py:240} INFO - Done. Returned value was: None
[2024-09-05T00:38:16.585+0000] {taskinstance.py:340} INFO - ::group::Post task execution logs
[2024-09-05T00:38:16.613+0000] {taskinstance.py:352} INFO - Marking task as SUCCESS. dag_id=weather_etl_dag, task_id=fetch_weather_data, run_id=scheduled__2024-08-11T00:00:00+00:00, execution_date=20240811T000000, start_date=20240905T003803, end_date=20240905T003816
[2024-09-05T00:38:16.839+0000] {local_task_job_runner.py:261} INFO - Task exited with return code 0
[2024-09-05T00:38:16.945+0000] {taskinstance.py:3891} INFO - 1 downstream tasks scheduled from follow-on schedule check
[2024-09-05T00:38:17.006+0000] {local_task_job_runner.py:240} INFO - ::endgroup::
[2024-09-05T18:08:11.181+0000] {local_task_job_runner.py:123} INFO - ::group::Pre task execution logs
[2024-09-05T18:08:11.235+0000] {taskinstance.py:2603} INFO - Dependencies all met for dep_context=non-requeueable deps ti=<TaskInstance: weather_etl_dag.fetch_weather_data scheduled__2024-08-11T00:00:00+00:00 [queued]>
[2024-09-05T18:08:11.244+0000] {taskinstance.py:2603} INFO - Dependencies all met for dep_context=requeueable deps ti=<TaskInstance: weather_etl_dag.fetch_weather_data scheduled__2024-08-11T00:00:00+00:00 [queued]>
[2024-09-05T18:08:11.245+0000] {taskinstance.py:2856} INFO - Starting attempt 1 of 2
[2024-09-05T18:08:11.310+0000] {taskinstance.py:2879} INFO - Executing <Task(PythonOperator): fetch_weather_data> on 2024-08-11 00:00:00+00:00
[2024-09-05T18:08:11.316+0000] {warnings.py:112} WARNING - /usr/local/lib/python3.12/site-packages/***/task/task_runner/standard_task_runner.py:70: DeprecationWarning: This process (pid=480) is multi-threaded, use of fork() may lead to deadlocks in the child.
  pid = os.fork()

[2024-09-05T18:08:11.318+0000] {standard_task_runner.py:72} INFO - Started process 482 to run task
[2024-09-05T18:08:11.320+0000] {standard_task_runner.py:104} INFO - Running: ['***', 'tasks', 'run', 'weather_etl_dag', 'fetch_weather_data', 'scheduled__2024-08-11T00:00:00+00:00', '--job-id', '32', '--raw', '--subdir', 'DAGS_FOLDER/weather_etl_dag.py', '--cfg-path', '/tmp/tmpslsfsem6']
[2024-09-05T18:08:11.322+0000] {standard_task_runner.py:105} INFO - Job 32: Subtask fetch_weather_data
[2024-09-05T18:08:11.416+0000] {task_command.py:467} INFO - Running <TaskInstance: weather_etl_dag.fetch_weather_data scheduled__2024-08-11T00:00:00+00:00 [running]> on host 0b8eaea5e88c
[2024-09-05T18:08:11.789+0000] {taskinstance.py:3122} INFO - Exporting env vars: AIRFLOW_CTX_DAG_OWNER='***' AIRFLOW_CTX_DAG_ID='weather_etl_dag' AIRFLOW_CTX_TASK_ID='fetch_weather_data' AIRFLOW_CTX_EXECUTION_DATE='2024-08-11T00:00:00+00:00' AIRFLOW_CTX_TRY_NUMBER='1' AIRFLOW_CTX_DAG_RUN_ID='scheduled__2024-08-11T00:00:00+00:00'
[2024-09-05T18:08:11.791+0000] {taskinstance.py:731} INFO - ::endgroup::
[2024-09-05T18:08:11.805+0000] {logging_mixin.py:190} INFO - Recuperando municipios desde XCom
[2024-09-05T18:08:11.857+0000] {logging_mixin.py:190} INFO - Número de municipios recuperados: 18
[2024-09-05T18:08:11.865+0000] {logging_mixin.py:190} INFO - Datos de municipios para obtener clima:    cve_mun              nom_mun  lat_decimal  lon_decimal
0        1    AMEALCO DE BONFIL    20.186444  -100.144195
1        2      PINAL DE AMOLES    21.135302   -99.627540
2        3          ARROYO SECO    21.548036   -99.689166
3        4  CADEREYTA DE MONTES    20.695023   -99.815633
4        5                COLON    20.788326  -100.045430
[2024-09-05T18:08:11.876+0000] {logging_mixin.py:190} INFO - Haciendo solicitud a la API para lat: 20.186444, lon: -100.144195
[2024-09-05T18:08:12.476+0000] {logging_mixin.py:190} INFO - Respuesta recibida: 200
[2024-09-05T18:08:12.477+0000] {logging_mixin.py:190} INFO - Haciendo solicitud a la API para lat: 21.135302, lon: -99.62754
[2024-09-05T18:08:13.057+0000] {logging_mixin.py:190} INFO - Respuesta recibida: 200
[2024-09-05T18:08:13.058+0000] {logging_mixin.py:190} INFO - Haciendo solicitud a la API para lat: 21.548036, lon: -99.689166
[2024-09-05T18:08:13.643+0000] {logging_mixin.py:190} INFO - Respuesta recibida: 200
[2024-09-05T18:08:13.645+0000] {logging_mixin.py:190} INFO - Haciendo solicitud a la API para lat: 20.695023, lon: -99.815633
[2024-09-05T18:08:14.244+0000] {logging_mixin.py:190} INFO - Respuesta recibida: 200
[2024-09-05T18:08:14.247+0000] {logging_mixin.py:190} INFO - Haciendo solicitud a la API para lat: 20.788326, lon: -100.04543
[2024-09-05T18:08:14.828+0000] {logging_mixin.py:190} INFO - Respuesta recibida: 200
[2024-09-05T18:08:14.830+0000] {logging_mixin.py:190} INFO - Haciendo solicitud a la API para lat: 20.552436, lon: -100.445883
[2024-09-05T18:08:15.420+0000] {logging_mixin.py:190} INFO - Respuesta recibida: 200
[2024-09-05T18:08:15.421+0000] {logging_mixin.py:190} INFO - Haciendo solicitud a la API para lat: 20.665295, lon: -99.898405
[2024-09-05T18:08:16.012+0000] {logging_mixin.py:190} INFO - Respuesta recibida: 200
[2024-09-05T18:08:16.013+0000] {logging_mixin.py:190} INFO - Haciendo solicitud a la API para lat: 20.375244, lon: -100.274333
[2024-09-05T18:08:16.604+0000] {logging_mixin.py:190} INFO - Respuesta recibida: 200
[2024-09-05T18:08:16.605+0000] {logging_mixin.py:190} INFO - Haciendo solicitud a la API para lat: 21.216802, lon: -99.47291
[2024-09-05T18:08:17.198+0000] {logging_mixin.py:190} INFO - Respuesta recibida: 200
[2024-09-05T18:08:17.200+0000] {logging_mixin.py:190} INFO - Haciendo solicitud a la API para lat: 21.183456, lon: -99.321914
[2024-09-05T18:08:17.797+0000] {logging_mixin.py:190} INFO - Respuesta recibida: 200
[2024-09-05T18:08:17.799+0000] {logging_mixin.py:190} INFO - Haciendo solicitud a la API para lat: 20.60657, lon: -100.331096
[2024-09-05T18:08:18.422+0000] {logging_mixin.py:190} INFO - Respuesta recibida: 200
[2024-09-05T18:08:18.436+0000] {logging_mixin.py:190} INFO - Haciendo solicitud a la API para lat: 20.502494, lon: -100.14473
[2024-09-05T18:08:19.084+0000] {logging_mixin.py:190} INFO - Respuesta recibida: 200
[2024-09-05T18:08:19.085+0000] {logging_mixin.py:190} INFO - Haciendo solicitud a la API para lat: 21.053631, lon: -99.814526
[2024-09-05T18:08:19.754+0000] {logging_mixin.py:190} INFO - Respuesta recibida: 200
[2024-09-05T18:08:19.756+0000] {logging_mixin.py:190} INFO - Haciendo solicitud a la API para lat: 20.593391, lon: -100.389957
[2024-09-05T18:08:20.391+0000] {logging_mixin.py:190} INFO - Respuesta recibida: 200
[2024-09-05T18:08:20.431+0000] {logging_mixin.py:190} INFO - Haciendo solicitud a la API para lat: 20.916061, lon: -99.566359
[2024-09-05T18:08:21.052+0000] {logging_mixin.py:190} INFO - Respuesta recibida: 200
[2024-09-05T18:08:21.054+0000] {logging_mixin.py:190} INFO - Haciendo solicitud a la API para lat: 20.386441, lon: -99.999631
[2024-09-05T18:08:21.720+0000] {logging_mixin.py:190} INFO - Respuesta recibida: 200
[2024-09-05T18:08:21.785+0000] {logging_mixin.py:190} INFO - Haciendo solicitud a la API para lat: 20.518817, lon: -99.88384
[2024-09-05T18:08:22.935+0000] {logging_mixin.py:190} INFO - Respuesta recibida: 200
[2024-09-05T18:08:22.953+0000] {logging_mixin.py:190} INFO - Haciendo solicitud a la API para lat: 20.908149, lon: -99.9308
[2024-09-05T18:08:24.155+0000] {logging_mixin.py:190} INFO - Respuesta recibida: 200
[2024-09-05T18:08:24.174+0000] {logging_mixin.py:190} INFO - Pronósticos obtenidos: 18
[2024-09-05T18:08:24.379+0000] {python.py:240} INFO - Done. Returned value was: None
[2024-09-05T18:08:24.450+0000] {taskinstance.py:340} INFO - ::group::Post task execution logs
[2024-09-05T18:08:24.464+0000] {taskinstance.py:352} INFO - Marking task as SUCCESS. dag_id=weather_etl_dag, task_id=fetch_weather_data, run_id=scheduled__2024-08-11T00:00:00+00:00, execution_date=20240811T000000, start_date=20240905T180811, end_date=20240905T180824
[2024-09-05T18:08:25.430+0000] {local_task_job_runner.py:261} INFO - Task exited with return code 0
[2024-09-05T18:08:25.672+0000] {taskinstance.py:3891} INFO - 1 downstream tasks scheduled from follow-on schedule check
[2024-09-05T18:08:26.334+0000] {standard_task_runner.py:217} INFO - Process not found (most likely exited), stop collecting metrics
[2024-09-05T18:08:26.661+0000] {local_task_job_runner.py:240} INFO - ::endgroup::
