[2024-08-24T00:01:10.968+0000] {local_task_job_runner.py:120} INFO - ::group::Pre task execution logs
[2024-08-24T00:01:10.992+0000] {taskinstance.py:2076} INFO - Dependencies all met for dep_context=non-requeueable deps ti=<TaskInstance: weather_etl_dag.translate_and_clean_data scheduled__2024-08-23T00:00:00+00:00 [queued]>
[2024-08-24T00:01:11.000+0000] {taskinstance.py:2076} INFO - Dependencies all met for dep_context=requeueable deps ti=<TaskInstance: weather_etl_dag.translate_and_clean_data scheduled__2024-08-23T00:00:00+00:00 [queued]>
[2024-08-24T00:01:11.002+0000] {taskinstance.py:2306} INFO - Starting attempt 1 of 2
[2024-08-24T00:01:11.165+0000] {taskinstance.py:2330} INFO - Executing <Task(PythonOperator): translate_and_clean_data> on 2024-08-23 00:00:00+00:00
[2024-08-24T00:01:11.170+0000] {warnings.py:112} WARNING - /home/***/.local/lib/python3.12/site-packages/***/task/task_runner/standard_task_runner.py:62: DeprecationWarning: This process (pid=2139) is multi-threaded, use of fork() may lead to deadlocks in the child.
  pid = os.fork()

[2024-08-24T00:01:11.172+0000] {standard_task_runner.py:64} INFO - Started process 2141 to run task
[2024-08-24T00:01:11.172+0000] {standard_task_runner.py:90} INFO - Running: ['***', 'tasks', 'run', 'weather_etl_dag', 'translate_and_clean_data', 'scheduled__2024-08-23T00:00:00+00:00', '--job-id', '343', '--raw', '--subdir', 'DAGS_FOLDER/weather_etl_dag.py', '--cfg-path', '/tmp/tmpocm855cv']
[2024-08-24T00:01:11.174+0000] {standard_task_runner.py:91} INFO - Job 343: Subtask translate_and_clean_data
[2024-08-24T00:01:11.246+0000] {task_command.py:426} INFO - Running <TaskInstance: weather_etl_dag.translate_and_clean_data scheduled__2024-08-23T00:00:00+00:00 [running]> on host b7290fbe53d7
[2024-08-24T00:01:11.393+0000] {taskinstance.py:2648} INFO - Exporting env vars: AIRFLOW_CTX_DAG_OWNER='***' AIRFLOW_CTX_DAG_ID='weather_etl_dag' AIRFLOW_CTX_TASK_ID='translate_and_clean_data' AIRFLOW_CTX_EXECUTION_DATE='2024-08-23T00:00:00+00:00' AIRFLOW_CTX_TRY_NUMBER='1' AIRFLOW_CTX_DAG_RUN_ID='scheduled__2024-08-23T00:00:00+00:00'
[2024-08-24T00:01:11.394+0000] {taskinstance.py:430} INFO - ::endgroup::
[2024-08-24T00:01:11.449+0000] {logging_mixin.py:188} INFO - recuperando dataframe de pronosticos desde xcom
[2024-08-24T00:01:11.493+0000] {logging_mixin.py:188} INFO - numero de registros en pronosticos:18
[2024-08-24T00:01:11.693+0000] {logging_mixin.py:188} INFO - Pronósticos antes de limpiar y traducir:    cve_mun            municipio  ... wind_kph  humidity
0        1    AMEALCO DE BONFIL  ...     18.0        80
1        2      PINAL DE AMOLES  ...     17.6        78
2        3          ARROYO SECO  ...     18.4        83
3        4  CADEREYTA DE MONTES  ...     15.5        79
4        5                COLON  ...     17.6        78

[5 rows x 10 columns]
[2024-08-24T00:02:09.833+0000] {logging_mixin.py:188} INFO - Pronósticos después de limpiar y traducir:    cve_mun            municipio  ... viento_kph  humedad
0        1    Amealco De Bonfil  ...       18.0       80
1        2      Pinal De Amoles  ...       17.6       78
2        3          Arroyo Seco  ...       18.4       83
3        4  Cadereyta De Montes  ...       15.5       79
4        5                Colon  ...       17.6       78

[5 rows x 10 columns]
[2024-08-24T00:02:09.894+0000] {python.py:237} INFO - Done. Returned value was: None
[2024-08-24T00:02:09.895+0000] {taskinstance.py:441} INFO - ::group::Post task execution logs
[2024-08-24T00:02:09.904+0000] {taskinstance.py:1206} INFO - Marking task as SUCCESS. dag_id=weather_etl_dag, task_id=translate_and_clean_data, run_id=scheduled__2024-08-23T00:00:00+00:00, execution_date=20240823T000000, start_date=20240824T000110, end_date=20240824T000209
[2024-08-24T00:02:10.004+0000] {local_task_job_runner.py:243} INFO - Task exited with return code 0
[2024-08-24T00:02:10.027+0000] {taskinstance.py:3503} INFO - 1 downstream tasks scheduled from follow-on schedule check
[2024-08-24T00:02:10.063+0000] {local_task_job_runner.py:222} INFO - ::endgroup::
[2024-09-05T23:53:29.500+0000] {local_task_job_runner.py:123} INFO - ::group::Pre task execution logs
[2024-09-05T23:53:29.682+0000] {taskinstance.py:2603} INFO - Dependencies all met for dep_context=non-requeueable deps ti=<TaskInstance: weather_etl_dag.translate_and_clean_data scheduled__2024-08-23T00:00:00+00:00 [queued]>
[2024-09-05T23:53:29.729+0000] {taskinstance.py:2603} INFO - Dependencies all met for dep_context=requeueable deps ti=<TaskInstance: weather_etl_dag.translate_and_clean_data scheduled__2024-08-23T00:00:00+00:00 [queued]>
[2024-09-05T23:53:29.730+0000] {taskinstance.py:2856} INFO - Starting attempt 1 of 2
[2024-09-05T23:53:29.855+0000] {taskinstance.py:2879} INFO - Executing <Task(PythonOperator): translate_and_clean_data> on 2024-08-23 00:00:00+00:00
[2024-09-05T23:53:29.860+0000] {warnings.py:112} WARNING - /usr/local/lib/python3.12/site-packages/***/task/task_runner/standard_task_runner.py:70: DeprecationWarning: This process (pid=448) is multi-threaded, use of fork() may lead to deadlocks in the child.
  pid = os.fork()

[2024-09-05T23:53:29.862+0000] {standard_task_runner.py:72} INFO - Started process 457 to run task
[2024-09-05T23:53:29.862+0000] {standard_task_runner.py:104} INFO - Running: ['***', 'tasks', 'run', 'weather_etl_dag', 'translate_and_clean_data', 'scheduled__2024-08-23T00:00:00+00:00', '--job-id', '163', '--raw', '--subdir', 'DAGS_FOLDER/weather_etl_dag.py', '--cfg-path', '/tmp/tmpocxr3pz5']
[2024-09-05T23:53:29.864+0000] {standard_task_runner.py:105} INFO - Job 163: Subtask translate_and_clean_data
[2024-09-05T23:53:30.000+0000] {task_command.py:467} INFO - Running <TaskInstance: weather_etl_dag.translate_and_clean_data scheduled__2024-08-23T00:00:00+00:00 [running]> on host da9f5d3bcb59
[2024-09-05T23:53:33.615+0000] {taskinstance.py:3122} INFO - Exporting env vars: AIRFLOW_CTX_DAG_OWNER='***' AIRFLOW_CTX_DAG_ID='weather_etl_dag' AIRFLOW_CTX_TASK_ID='translate_and_clean_data' AIRFLOW_CTX_EXECUTION_DATE='2024-08-23T00:00:00+00:00' AIRFLOW_CTX_TRY_NUMBER='1' AIRFLOW_CTX_DAG_RUN_ID='scheduled__2024-08-23T00:00:00+00:00'
[2024-09-05T23:53:33.618+0000] {taskinstance.py:731} INFO - ::endgroup::
[2024-09-05T23:54:42.660+0000] {python.py:240} INFO - Done. Returned value was: None
[2024-09-05T23:54:42.671+0000] {taskinstance.py:340} INFO - ::group::Post task execution logs
[2024-09-05T23:54:42.672+0000] {taskinstance.py:352} INFO - Marking task as SUCCESS. dag_id=weather_etl_dag, task_id=translate_and_clean_data, run_id=scheduled__2024-08-23T00:00:00+00:00, execution_date=20240823T000000, start_date=20240905T235329, end_date=20240905T235442
[2024-09-05T23:54:42.749+0000] {local_task_job_runner.py:261} INFO - Task exited with return code 0
[2024-09-05T23:54:46.213+0000] {standard_task_runner.py:217} INFO - Process not found (most likely exited), stop collecting metrics
[2024-09-05T23:54:46.268+0000] {taskinstance.py:3891} INFO - 1 downstream tasks scheduled from follow-on schedule check
[2024-09-05T23:54:46.320+0000] {local_task_job_runner.py:240} INFO - ::endgroup::
