[2024-08-18T00:02:19.459+0000] {local_task_job_runner.py:120} INFO - ::group::Pre task execution logs
[2024-08-18T00:02:19.698+0000] {taskinstance.py:2076} INFO - Dependencies all met for dep_context=non-requeueable deps ti=<TaskInstance: weather_etl_dag.update_sequia_indicator scheduled__2024-08-17T00:00:00+00:00 [queued]>
[2024-08-18T00:02:19.712+0000] {taskinstance.py:2076} INFO - Dependencies all met for dep_context=requeueable deps ti=<TaskInstance: weather_etl_dag.update_sequia_indicator scheduled__2024-08-17T00:00:00+00:00 [queued]>
[2024-08-18T00:02:19.714+0000] {taskinstance.py:2306} INFO - Starting attempt 1 of 2
[2024-08-18T00:02:19.823+0000] {taskinstance.py:2330} INFO - Executing <Task(PythonOperator): update_sequia_indicator> on 2024-08-17 00:00:00+00:00
[2024-08-18T00:02:19.831+0000] {warnings.py:112} WARNING - /home/***/.local/lib/python3.12/site-packages/***/task/task_runner/standard_task_runner.py:62: DeprecationWarning: This process (pid=7191) is multi-threaded, use of fork() may lead to deadlocks in the child.
  pid = os.fork()

[2024-08-18T00:02:19.839+0000] {standard_task_runner.py:64} INFO - Started process 7193 to run task
[2024-08-18T00:02:19.837+0000] {standard_task_runner.py:90} INFO - Running: ['***', 'tasks', 'run', 'weather_etl_dag', 'update_sequia_indicator', 'scheduled__2024-08-17T00:00:00+00:00', '--job-id', '206', '--raw', '--subdir', 'DAGS_FOLDER/weather_etl_dag.py', '--cfg-path', '/tmp/tmph861xt65']
[2024-08-18T00:02:19.841+0000] {standard_task_runner.py:91} INFO - Job 206: Subtask update_sequia_indicator
[2024-08-18T00:02:19.939+0000] {task_command.py:426} INFO - Running <TaskInstance: weather_etl_dag.update_sequia_indicator scheduled__2024-08-17T00:00:00+00:00 [running]> on host b7290fbe53d7
[2024-08-18T00:02:20.138+0000] {taskinstance.py:2648} INFO - Exporting env vars: AIRFLOW_CTX_DAG_OWNER='***' AIRFLOW_CTX_DAG_ID='weather_etl_dag' AIRFLOW_CTX_TASK_ID='update_sequia_indicator' AIRFLOW_CTX_EXECUTION_DATE='2024-08-17T00:00:00+00:00' AIRFLOW_CTX_TRY_NUMBER='1' AIRFLOW_CTX_DAG_RUN_ID='scheduled__2024-08-17T00:00:00+00:00'
[2024-08-18T00:02:20.139+0000] {taskinstance.py:430} INFO - ::endgroup::
[2024-08-18T00:02:20.158+0000] {logging_mixin.py:188} INFO - iniciando conexion a redshift para actualizar sequia
[2024-08-18T00:02:20.246+0000] {logging_mixin.py:188} INFO - Número de registros a actualizar en la tabla: 36
[2024-08-18T00:02:20.260+0000] {logging_mixin.py:188} INFO - Datos para actualizar en la tabla:    cve_mun            municipio fecha_pronostico indicador_sequia
0        1    Amealco De Bonfil       2024-08-17               D4
1        2      Pinal De Amoles       2024-08-17               D1
2        3          Arroyo Seco       2024-08-17               D0
3        4  Cadereyta De Montes       2024-08-17               D3
4        5                Colon       2024-08-17               D4
[2024-08-18T00:02:21.221+0000] {logging_mixin.py:188} INFO - actualizacion realizada para cve_mun: 1, fecha_pronostico:2024-08-17
[2024-08-18T00:02:21.343+0000] {logging_mixin.py:188} INFO - actualizacion realizada para cve_mun: 2, fecha_pronostico:2024-08-17
[2024-08-18T00:02:21.476+0000] {logging_mixin.py:188} INFO - actualizacion realizada para cve_mun: 3, fecha_pronostico:2024-08-17
[2024-08-18T00:02:21.615+0000] {logging_mixin.py:188} INFO - actualizacion realizada para cve_mun: 4, fecha_pronostico:2024-08-17
[2024-08-18T00:02:21.735+0000] {logging_mixin.py:188} INFO - actualizacion realizada para cve_mun: 5, fecha_pronostico:2024-08-17
[2024-08-18T00:02:21.862+0000] {logging_mixin.py:188} INFO - actualizacion realizada para cve_mun: 6, fecha_pronostico:2024-08-17
[2024-08-18T00:02:22.756+0000] {logging_mixin.py:188} INFO - actualizacion realizada para cve_mun: 7, fecha_pronostico:2024-08-17
[2024-08-18T00:02:22.875+0000] {logging_mixin.py:188} INFO - actualizacion realizada para cve_mun: 8, fecha_pronostico:2024-08-17
[2024-08-18T00:02:23.003+0000] {logging_mixin.py:188} INFO - actualizacion realizada para cve_mun: 9, fecha_pronostico:2024-08-17
[2024-08-18T00:02:23.122+0000] {logging_mixin.py:188} INFO - actualizacion realizada para cve_mun: 10, fecha_pronostico:2024-08-17
[2024-08-18T00:02:23.243+0000] {logging_mixin.py:188} INFO - actualizacion realizada para cve_mun: 11, fecha_pronostico:2024-08-17
[2024-08-18T00:02:23.393+0000] {logging_mixin.py:188} INFO - actualizacion realizada para cve_mun: 12, fecha_pronostico:2024-08-17
[2024-08-18T00:02:23.512+0000] {logging_mixin.py:188} INFO - actualizacion realizada para cve_mun: 13, fecha_pronostico:2024-08-17
[2024-08-18T00:02:23.639+0000] {logging_mixin.py:188} INFO - actualizacion realizada para cve_mun: 14, fecha_pronostico:2024-08-17
[2024-08-18T00:02:23.757+0000] {logging_mixin.py:188} INFO - actualizacion realizada para cve_mun: 15, fecha_pronostico:2024-08-17
[2024-08-18T00:02:23.878+0000] {logging_mixin.py:188} INFO - actualizacion realizada para cve_mun: 16, fecha_pronostico:2024-08-17
[2024-08-18T00:02:23.998+0000] {logging_mixin.py:188} INFO - actualizacion realizada para cve_mun: 17, fecha_pronostico:2024-08-17
[2024-08-18T00:02:24.120+0000] {logging_mixin.py:188} INFO - actualizacion realizada para cve_mun: 18, fecha_pronostico:2024-08-17
[2024-08-18T00:02:24.239+0000] {logging_mixin.py:188} INFO - actualizacion realizada para cve_mun: 1, fecha_pronostico:2024-08-17
[2024-08-18T00:02:24.357+0000] {logging_mixin.py:188} INFO - actualizacion realizada para cve_mun: 2, fecha_pronostico:2024-08-17
[2024-08-18T00:02:24.477+0000] {logging_mixin.py:188} INFO - actualizacion realizada para cve_mun: 3, fecha_pronostico:2024-08-17
[2024-08-18T00:02:24.615+0000] {logging_mixin.py:188} INFO - actualizacion realizada para cve_mun: 4, fecha_pronostico:2024-08-17
[2024-08-18T00:02:24.785+0000] {logging_mixin.py:188} INFO - actualizacion realizada para cve_mun: 5, fecha_pronostico:2024-08-17
[2024-08-18T00:02:24.906+0000] {logging_mixin.py:188} INFO - actualizacion realizada para cve_mun: 6, fecha_pronostico:2024-08-17
[2024-08-18T00:02:25.042+0000] {logging_mixin.py:188} INFO - actualizacion realizada para cve_mun: 7, fecha_pronostico:2024-08-17
[2024-08-18T00:02:25.162+0000] {logging_mixin.py:188} INFO - actualizacion realizada para cve_mun: 8, fecha_pronostico:2024-08-17
[2024-08-18T00:02:25.312+0000] {logging_mixin.py:188} INFO - actualizacion realizada para cve_mun: 9, fecha_pronostico:2024-08-17
[2024-08-18T00:02:25.450+0000] {logging_mixin.py:188} INFO - actualizacion realizada para cve_mun: 10, fecha_pronostico:2024-08-17
[2024-08-18T00:02:25.587+0000] {logging_mixin.py:188} INFO - actualizacion realizada para cve_mun: 11, fecha_pronostico:2024-08-17
[2024-08-18T00:02:25.721+0000] {logging_mixin.py:188} INFO - actualizacion realizada para cve_mun: 12, fecha_pronostico:2024-08-17
[2024-08-18T00:02:25.843+0000] {logging_mixin.py:188} INFO - actualizacion realizada para cve_mun: 13, fecha_pronostico:2024-08-17
[2024-08-18T00:02:25.968+0000] {logging_mixin.py:188} INFO - actualizacion realizada para cve_mun: 14, fecha_pronostico:2024-08-17
[2024-08-18T00:02:26.087+0000] {logging_mixin.py:188} INFO - actualizacion realizada para cve_mun: 15, fecha_pronostico:2024-08-17
[2024-08-18T00:02:26.225+0000] {logging_mixin.py:188} INFO - actualizacion realizada para cve_mun: 16, fecha_pronostico:2024-08-17
[2024-08-18T00:02:26.362+0000] {logging_mixin.py:188} INFO - actualizacion realizada para cve_mun: 17, fecha_pronostico:2024-08-17
[2024-08-18T00:02:26.486+0000] {logging_mixin.py:188} INFO - actualizacion realizada para cve_mun: 18, fecha_pronostico:2024-08-17
[2024-08-18T00:02:26.592+0000] {logging_mixin.py:188} INFO - todas las actualizaciones se han realizado con exito
[2024-08-18T00:02:26.595+0000] {python.py:237} INFO - Done. Returned value was: None
[2024-08-18T00:02:26.596+0000] {taskinstance.py:441} INFO - ::group::Post task execution logs
[2024-08-18T00:02:26.604+0000] {taskinstance.py:1206} INFO - Marking task as SUCCESS. dag_id=weather_etl_dag, task_id=update_sequia_indicator, run_id=scheduled__2024-08-17T00:00:00+00:00, execution_date=20240817T000000, start_date=20240818T000219, end_date=20240818T000226
[2024-08-18T00:02:27.461+0000] {local_task_job_runner.py:243} INFO - Task exited with return code 0
[2024-08-18T00:02:27.477+0000] {taskinstance.py:3503} INFO - 0 downstream tasks scheduled from follow-on schedule check
[2024-08-18T00:02:27.533+0000] {local_task_job_runner.py:222} INFO - ::endgroup::
[2024-09-05T23:41:09.022+0000] {local_task_job_runner.py:123} INFO - ::group::Pre task execution logs
[2024-09-05T23:41:09.124+0000] {taskinstance.py:2603} INFO - Dependencies all met for dep_context=non-requeueable deps ti=<TaskInstance: weather_etl_dag.update_sequia_indicator scheduled__2024-08-17T00:00:00+00:00 [queued]>
[2024-09-05T23:41:09.143+0000] {taskinstance.py:2603} INFO - Dependencies all met for dep_context=requeueable deps ti=<TaskInstance: weather_etl_dag.update_sequia_indicator scheduled__2024-08-17T00:00:00+00:00 [queued]>
[2024-09-05T23:41:09.144+0000] {taskinstance.py:2856} INFO - Starting attempt 1 of 2
[2024-09-05T23:41:09.221+0000] {taskinstance.py:2879} INFO - Executing <Task(PythonOperator): update_sequia_indicator> on 2024-08-17 00:00:00+00:00
[2024-09-05T23:41:09.228+0000] {warnings.py:112} WARNING - /usr/local/lib/python3.12/site-packages/***/task/task_runner/standard_task_runner.py:70: DeprecationWarning: This process (pid=148) is multi-threaded, use of fork() may lead to deadlocks in the child.
  pid = os.fork()

[2024-09-05T23:41:09.229+0000] {standard_task_runner.py:72} INFO - Started process 150 to run task
[2024-09-05T23:41:09.230+0000] {standard_task_runner.py:104} INFO - Running: ['***', 'tasks', 'run', 'weather_etl_dag', 'update_sequia_indicator', 'scheduled__2024-08-17T00:00:00+00:00', '--job-id', '138', '--raw', '--subdir', 'DAGS_FOLDER/weather_etl_dag.py', '--cfg-path', '/tmp/tmpvxl6jcst']
[2024-09-05T23:41:09.235+0000] {standard_task_runner.py:105} INFO - Job 138: Subtask update_sequia_indicator
[2024-09-05T23:41:09.656+0000] {task_command.py:467} INFO - Running <TaskInstance: weather_etl_dag.update_sequia_indicator scheduled__2024-08-17T00:00:00+00:00 [running]> on host da9f5d3bcb59
[2024-09-05T23:41:10.093+0000] {taskinstance.py:3122} INFO - Exporting env vars: AIRFLOW_CTX_DAG_OWNER='***' AIRFLOW_CTX_DAG_ID='weather_etl_dag' AIRFLOW_CTX_TASK_ID='update_sequia_indicator' AIRFLOW_CTX_EXECUTION_DATE='2024-08-17T00:00:00+00:00' AIRFLOW_CTX_TRY_NUMBER='1' AIRFLOW_CTX_DAG_RUN_ID='scheduled__2024-08-17T00:00:00+00:00'
[2024-09-05T23:41:10.096+0000] {taskinstance.py:731} INFO - ::endgroup::
[2024-09-05T23:41:18.471+0000] {python.py:240} INFO - Done. Returned value was: None
[2024-09-05T23:41:18.495+0000] {taskinstance.py:340} INFO - ::group::Post task execution logs
[2024-09-05T23:41:18.512+0000] {taskinstance.py:352} INFO - Marking task as SUCCESS. dag_id=weather_etl_dag, task_id=update_sequia_indicator, run_id=scheduled__2024-08-17T00:00:00+00:00, execution_date=20240817T000000, start_date=20240905T234109, end_date=20240905T234118
[2024-09-05T23:41:18.790+0000] {local_task_job_runner.py:261} INFO - Task exited with return code 0
[2024-09-05T23:41:18.865+0000] {taskinstance.py:3891} INFO - 0 downstream tasks scheduled from follow-on schedule check
[2024-09-05T23:41:18.920+0000] {local_task_job_runner.py:240} INFO - ::endgroup::
[2024-09-05T23:41:19.253+0000] {standard_task_runner.py:217} INFO - Process not found (most likely exited), stop collecting metrics
