[2024-09-05T18:09:23.251+0000] {local_task_job_runner.py:123} INFO - ::group::Pre task execution logs
[2024-09-05T18:09:23.287+0000] {taskinstance.py:2603} INFO - Dependencies all met for dep_context=non-requeueable deps ti=<TaskInstance: weather_etl_dag.translate_and_clean_data manual__2024-09-05T18:05:01.927385+00:00 [queued]>
[2024-09-05T18:09:23.302+0000] {taskinstance.py:2603} INFO - Dependencies all met for dep_context=requeueable deps ti=<TaskInstance: weather_etl_dag.translate_and_clean_data manual__2024-09-05T18:05:01.927385+00:00 [queued]>
[2024-09-05T18:09:23.303+0000] {taskinstance.py:2856} INFO - Starting attempt 1 of 2
[2024-09-05T18:09:23.368+0000] {taskinstance.py:2879} INFO - Executing <Task(PythonOperator): translate_and_clean_data> on 2024-09-05 18:05:01.927385+00:00
[2024-09-05T18:09:23.373+0000] {warnings.py:112} WARNING - /usr/local/lib/python3.12/site-packages/***/task/task_runner/standard_task_runner.py:70: DeprecationWarning: This process (pid=536) is multi-threaded, use of fork() may lead to deadlocks in the child.
  pid = os.fork()

[2024-09-05T18:09:23.375+0000] {standard_task_runner.py:72} INFO - Started process 538 to run task
[2024-09-05T18:09:23.376+0000] {standard_task_runner.py:104} INFO - Running: ['***', 'tasks', 'run', 'weather_etl_dag', 'translate_and_clean_data', 'manual__2024-09-05T18:05:01.927385+00:00', '--job-id', '38', '--raw', '--subdir', 'DAGS_FOLDER/weather_etl_dag.py', '--cfg-path', '/tmp/tmpr779nda2']
[2024-09-05T18:09:23.380+0000] {standard_task_runner.py:105} INFO - Job 38: Subtask translate_and_clean_data
[2024-09-05T18:09:23.686+0000] {task_command.py:467} INFO - Running <TaskInstance: weather_etl_dag.translate_and_clean_data manual__2024-09-05T18:05:01.927385+00:00 [running]> on host 0b8eaea5e88c
[2024-09-05T18:09:24.212+0000] {taskinstance.py:3122} INFO - Exporting env vars: AIRFLOW_CTX_DAG_OWNER='***' AIRFLOW_CTX_DAG_ID='weather_etl_dag' AIRFLOW_CTX_TASK_ID='translate_and_clean_data' AIRFLOW_CTX_EXECUTION_DATE='2024-09-05T18:05:01.927385+00:00' AIRFLOW_CTX_TRY_NUMBER='1' AIRFLOW_CTX_DAG_RUN_ID='manual__2024-09-05T18:05:01.927385+00:00'
[2024-09-05T18:09:24.215+0000] {taskinstance.py:731} INFO - ::endgroup::
[2024-09-05T18:09:24.248+0000] {logging_mixin.py:190} INFO - Recuperando DataFrame de pronósticos desde XCom
[2024-09-05T18:09:24.287+0000] {logging_mixin.py:190} INFO - Número de registros en pronósticos: 18
[2024-09-05T18:09:24.302+0000] {logging_mixin.py:190} INFO - Pronósticos antes de limpiar y traducir:    cve_mun            municipio  ... wind_kph  humidity
0        1    AMEALCO DE BONFIL  ...     18.0        78
1        2      PINAL DE AMOLES  ...     16.6        75
2        3          ARROYO SECO  ...     17.3        84
3        4  CADEREYTA DE MONTES  ...     14.0        79
4        5                COLON  ...     16.6        75

[5 rows x 10 columns]
[2024-09-05T18:10:24.269+0000] {logging_mixin.py:190} INFO - Pronósticos después de limpiar y traducir:    cve_mun            municipio  ... viento_kph  humedad
0        1    Amealco De Bonfil  ...       18.0       78
1        2      Pinal De Amoles  ...       16.6       75
2        3          Arroyo Seco  ...       17.3       84
3        4  Cadereyta De Montes  ...       14.0       79
4        5                Colon  ...       16.6       75

[5 rows x 10 columns]
[2024-09-05T18:10:24.350+0000] {python.py:240} INFO - Done. Returned value was: None
[2024-09-05T18:10:24.362+0000] {taskinstance.py:340} INFO - ::group::Post task execution logs
[2024-09-05T18:10:24.362+0000] {taskinstance.py:352} INFO - Marking task as SUCCESS. dag_id=weather_etl_dag, task_id=translate_and_clean_data, run_id=manual__2024-09-05T18:05:01.927385+00:00, execution_date=20240905T180501, start_date=20240905T180923, end_date=20240905T181024
[2024-09-05T18:10:24.472+0000] {local_task_job_runner.py:261} INFO - Task exited with return code 0
[2024-09-05T18:10:24.533+0000] {taskinstance.py:3891} INFO - 1 downstream tasks scheduled from follow-on schedule check
[2024-09-05T18:10:24.576+0000] {local_task_job_runner.py:240} INFO - ::endgroup::
