[2024-09-06T00:04:58.663+0000] {local_task_job_runner.py:123} INFO - ::group::Pre task execution logs
[2024-09-06T00:04:58.765+0000] {taskinstance.py:2603} INFO - Dependencies all met for dep_context=non-requeueable deps ti=<TaskInstance: weather_etl_dag.translate_and_clean_data scheduled__2024-08-20T00:00:00+00:00 [queued]>
[2024-09-06T00:04:58.806+0000] {taskinstance.py:2603} INFO - Dependencies all met for dep_context=requeueable deps ti=<TaskInstance: weather_etl_dag.translate_and_clean_data scheduled__2024-08-20T00:00:00+00:00 [queued]>
[2024-09-06T00:04:58.807+0000] {taskinstance.py:2856} INFO - Starting attempt 3 of 3
[2024-09-06T00:04:58.939+0000] {taskinstance.py:2879} INFO - Executing <Task(PythonOperator): translate_and_clean_data> on 2024-08-20 00:00:00+00:00
[2024-09-06T00:04:58.944+0000] {warnings.py:112} WARNING - /usr/local/lib/python3.12/site-packages/***/task/task_runner/standard_task_runner.py:70: DeprecationWarning: This process (pid=748) is multi-threaded, use of fork() may lead to deadlocks in the child.
  pid = os.fork()

[2024-09-06T00:04:58.947+0000] {standard_task_runner.py:104} INFO - Running: ['***', 'tasks', 'run', 'weather_etl_dag', 'translate_and_clean_data', 'scheduled__2024-08-20T00:00:00+00:00', '--job-id', '189', '--raw', '--subdir', 'DAGS_FOLDER/weather_etl_dag.py', '--cfg-path', '/tmp/tmpn7ntie6a']
[2024-09-06T00:04:58.950+0000] {standard_task_runner.py:72} INFO - Started process 750 to run task
[2024-09-06T00:04:58.953+0000] {standard_task_runner.py:105} INFO - Job 189: Subtask translate_and_clean_data
[2024-09-06T00:04:59.186+0000] {task_command.py:467} INFO - Running <TaskInstance: weather_etl_dag.translate_and_clean_data scheduled__2024-08-20T00:00:00+00:00 [running]> on host da9f5d3bcb59
[2024-09-06T00:04:59.971+0000] {taskinstance.py:3122} INFO - Exporting env vars: AIRFLOW_CTX_DAG_OWNER='***' AIRFLOW_CTX_DAG_ID='weather_etl_dag' AIRFLOW_CTX_TASK_ID='translate_and_clean_data' AIRFLOW_CTX_EXECUTION_DATE='2024-08-20T00:00:00+00:00' AIRFLOW_CTX_TRY_NUMBER='3' AIRFLOW_CTX_DAG_RUN_ID='scheduled__2024-08-20T00:00:00+00:00'
[2024-09-06T00:04:59.973+0000] {taskinstance.py:731} INFO - ::endgroup::
[2024-09-06T00:06:25.143+0000] {python.py:240} INFO - Done. Returned value was: None
[2024-09-06T00:06:27.419+0000] {taskinstance.py:340} INFO - ::group::Post task execution logs
[2024-09-06T00:06:27.461+0000] {taskinstance.py:352} INFO - Marking task as SUCCESS. dag_id=weather_etl_dag, task_id=translate_and_clean_data, run_id=scheduled__2024-08-20T00:00:00+00:00, execution_date=20240820T000000, start_date=20240906T000458, end_date=20240906T000627
[2024-09-06T00:06:29.914+0000] {local_task_job_runner.py:261} INFO - Task exited with return code 0
[2024-09-06T00:06:35.023+0000] {standard_task_runner.py:217} INFO - Process not found (most likely exited), stop collecting metrics
[2024-09-06T00:06:35.127+0000] {taskinstance.py:3891} INFO - 0 downstream tasks scheduled from follow-on schedule check
[2024-09-06T00:06:35.241+0000] {local_task_job_runner.py:240} INFO - ::endgroup::
