[2024-09-06T00:05:28.303+0000] {local_task_job_runner.py:123} INFO - ::group::Pre task execution logs
[2024-09-06T00:05:28.324+0000] {taskinstance.py:2603} INFO - Dependencies all met for dep_context=non-requeueable deps ti=<TaskInstance: weather_etl_dag.get_forecast_and_drought_data manual__2024-09-05T23:38:26.329805+00:00 [queued]>
[2024-09-06T00:05:28.334+0000] {taskinstance.py:2603} INFO - Dependencies all met for dep_context=requeueable deps ti=<TaskInstance: weather_etl_dag.get_forecast_and_drought_data manual__2024-09-05T23:38:26.329805+00:00 [queued]>
[2024-09-06T00:05:28.335+0000] {taskinstance.py:2856} INFO - Starting attempt 1 of 2
[2024-09-06T00:05:28.414+0000] {taskinstance.py:2879} INFO - Executing <Task(PythonOperator): get_forecast_and_drought_data> on 2024-09-05 23:38:26.329805+00:00
[2024-09-06T00:05:28.420+0000] {warnings.py:112} WARNING - /usr/local/lib/python3.12/site-packages/***/task/task_runner/standard_task_runner.py:70: DeprecationWarning: This process (pid=759) is multi-threaded, use of fork() may lead to deadlocks in the child.
  pid = os.fork()

[2024-09-06T00:05:28.421+0000] {standard_task_runner.py:72} INFO - Started process 761 to run task
[2024-09-06T00:05:28.426+0000] {standard_task_runner.py:104} INFO - Running: ['***', 'tasks', 'run', 'weather_etl_dag', 'get_forecast_and_drought_data', 'manual__2024-09-05T23:38:26.329805+00:00', '--job-id', '191', '--raw', '--subdir', 'DAGS_FOLDER/weather_etl_dag.py', '--cfg-path', '/tmp/tmp01q17dyk']
[2024-09-06T00:05:28.432+0000] {standard_task_runner.py:105} INFO - Job 191: Subtask get_forecast_and_drought_data
[2024-09-06T00:05:29.056+0000] {task_command.py:467} INFO - Running <TaskInstance: weather_etl_dag.get_forecast_and_drought_data manual__2024-09-05T23:38:26.329805+00:00 [running]> on host da9f5d3bcb59
[2024-09-06T00:05:30.095+0000] {taskinstance.py:3122} INFO - Exporting env vars: AIRFLOW_CTX_DAG_OWNER='***' AIRFLOW_CTX_DAG_ID='weather_etl_dag' AIRFLOW_CTX_TASK_ID='get_forecast_and_drought_data' AIRFLOW_CTX_EXECUTION_DATE='2024-09-05T23:38:26.329805+00:00' AIRFLOW_CTX_TRY_NUMBER='1' AIRFLOW_CTX_DAG_RUN_ID='manual__2024-09-05T23:38:26.329805+00:00'
[2024-09-06T00:05:30.098+0000] {taskinstance.py:731} INFO - ::endgroup::
[2024-09-06T00:05:30.767+0000] {warnings.py:112} WARNING - /root/***/dags/weather_etl.py:117: UserWarning: pandas only supports SQLAlchemy connectable (engine/connection) or database string URI or sqlite3 DBAPI2 connection. Other DBAPI2 objects are not tested. Please consider using SQLAlchemy.
  df_pronosticos_clima = pd.read_sql_query(query, conn)

[2024-09-06T00:05:30.938+0000] {warnings.py:112} WARNING - /root/***/dags/weather_etl.py:120: UserWarning: pandas only supports SQLAlchemy connectable (engine/connection) or database string URI or sqlite3 DBAPI2 connection. Other DBAPI2 objects are not tested. Please consider using SQLAlchemy.
  df_sequia = pd.read_sql_query(query, conn)

[2024-09-06T00:05:31.910+0000] {python.py:240} INFO - Done. Returned value was: None
[2024-09-06T00:05:31.925+0000] {taskinstance.py:340} INFO - ::group::Post task execution logs
[2024-09-06T00:05:31.925+0000] {taskinstance.py:352} INFO - Marking task as SUCCESS. dag_id=weather_etl_dag, task_id=get_forecast_and_drought_data, run_id=manual__2024-09-05T23:38:26.329805+00:00, execution_date=20240905T233826, start_date=20240906T000528, end_date=20240906T000531
[2024-09-06T00:05:32.087+0000] {local_task_job_runner.py:261} INFO - Task exited with return code 0
[2024-09-06T00:05:32.129+0000] {taskinstance.py:3891} INFO - 1 downstream tasks scheduled from follow-on schedule check
[2024-09-06T00:05:32.180+0000] {local_task_job_runner.py:240} INFO - ::endgroup::
