[2024-08-25T00:06:38.379+0000] {local_task_job_runner.py:120} INFO - ::group::Pre task execution logs
[2024-08-25T00:06:38.415+0000] {taskinstance.py:2076} INFO - Dependencies all met for dep_context=non-requeueable deps ti=<TaskInstance: weather_etl_dag.translate_and_clean_data scheduled__2024-08-24T00:00:00+00:00 [queued]>
[2024-08-25T00:06:38.432+0000] {taskinstance.py:2076} INFO - Dependencies all met for dep_context=requeueable deps ti=<TaskInstance: weather_etl_dag.translate_and_clean_data scheduled__2024-08-24T00:00:00+00:00 [queued]>
[2024-08-25T00:06:38.436+0000] {taskinstance.py:2306} INFO - Starting attempt 1 of 2
[2024-08-25T00:06:39.885+0000] {taskinstance.py:2330} INFO - Executing <Task(PythonOperator): translate_and_clean_data> on 2024-08-24 00:00:00+00:00
[2024-08-25T00:06:40.330+0000] {warnings.py:112} WARNING - /home/***/.local/lib/python3.12/site-packages/***/task/task_runner/standard_task_runner.py:62: DeprecationWarning: This process (pid=7406) is multi-threaded, use of fork() may lead to deadlocks in the child.
  pid = os.fork()

[2024-08-25T00:06:40.408+0000] {standard_task_runner.py:64} INFO - Started process 7408 to run task
[2024-08-25T00:06:40.395+0000] {standard_task_runner.py:90} INFO - Running: ['***', 'tasks', 'run', 'weather_etl_dag', 'translate_and_clean_data', 'scheduled__2024-08-24T00:00:00+00:00', '--job-id', '353', '--raw', '--subdir', 'DAGS_FOLDER/weather_etl_dag.py', '--cfg-path', '/tmp/tmptjm1getl']
[2024-08-25T00:06:40.411+0000] {standard_task_runner.py:91} INFO - Job 353: Subtask translate_and_clean_data
[2024-08-25T00:06:41.549+0000] {task_command.py:426} INFO - Running <TaskInstance: weather_etl_dag.translate_and_clean_data scheduled__2024-08-24T00:00:00+00:00 [running]> on host b7290fbe53d7
[2024-08-25T00:06:42.640+0000] {taskinstance.py:2648} INFO - Exporting env vars: AIRFLOW_CTX_DAG_OWNER='***' AIRFLOW_CTX_DAG_ID='weather_etl_dag' AIRFLOW_CTX_TASK_ID='translate_and_clean_data' AIRFLOW_CTX_EXECUTION_DATE='2024-08-24T00:00:00+00:00' AIRFLOW_CTX_TRY_NUMBER='1' AIRFLOW_CTX_DAG_RUN_ID='scheduled__2024-08-24T00:00:00+00:00'
[2024-08-25T00:06:42.657+0000] {taskinstance.py:430} INFO - ::endgroup::
[2024-08-25T00:06:43.542+0000] {logging_mixin.py:188} INFO - recuperando dataframe de pronosticos desde xcom
[2024-08-25T00:06:44.552+0000] {logging_mixin.py:188} INFO - numero de registros en pronosticos:18
[2024-08-25T00:06:45.403+0000] {logging_mixin.py:188} INFO - Pronósticos antes de limpiar y traducir:    cve_mun            municipio  ... wind_kph  humidity
0        1    AMEALCO DE BONFIL  ...     17.6        72
1        2      PINAL DE AMOLES  ...     20.5        72
2        3          ARROYO SECO  ...     19.1        80
3        4  CADEREYTA DE MONTES  ...     16.2        73
4        5                COLON  ...     20.5        72

[5 rows x 10 columns]
[2024-08-25T00:08:40.374+0000] {logging_mixin.py:188} INFO - Pronósticos después de limpiar y traducir:    cve_mun            municipio  ... viento_kph  humedad
0        1    Amealco De Bonfil  ...       17.6       72
1        2      Pinal De Amoles  ...       20.5       72
2        3          Arroyo Seco  ...       19.1       80
3        4  Cadereyta De Montes  ...       16.2       73
4        5                Colon  ...       20.5       72

[5 rows x 10 columns]
[2024-08-25T00:08:40.565+0000] {python.py:237} INFO - Done. Returned value was: None
[2024-08-25T00:08:40.569+0000] {taskinstance.py:441} INFO - ::group::Post task execution logs
[2024-08-25T00:08:40.585+0000] {taskinstance.py:1206} INFO - Marking task as SUCCESS. dag_id=weather_etl_dag, task_id=translate_and_clean_data, run_id=scheduled__2024-08-24T00:00:00+00:00, execution_date=20240824T000000, start_date=20240825T000638, end_date=20240825T000840
[2024-08-25T00:08:41.274+0000] {local_task_job_runner.py:243} INFO - Task exited with return code 0
[2024-08-25T00:08:41.394+0000] {taskinstance.py:3503} INFO - 1 downstream tasks scheduled from follow-on schedule check
[2024-08-25T00:08:41.453+0000] {local_task_job_runner.py:222} INFO - ::endgroup::
[2024-09-05T23:52:54.024+0000] {local_task_job_runner.py:123} INFO - ::group::Pre task execution logs
[2024-09-05T23:52:55.202+0000] {taskinstance.py:2603} INFO - Dependencies all met for dep_context=non-requeueable deps ti=<TaskInstance: weather_etl_dag.translate_and_clean_data scheduled__2024-08-24T00:00:00+00:00 [queued]>
[2024-09-05T23:52:55.421+0000] {taskinstance.py:2603} INFO - Dependencies all met for dep_context=requeueable deps ti=<TaskInstance: weather_etl_dag.translate_and_clean_data scheduled__2024-08-24T00:00:00+00:00 [queued]>
[2024-09-05T23:52:55.422+0000] {taskinstance.py:2856} INFO - Starting attempt 1 of 2
[2024-09-05T23:52:55.694+0000] {taskinstance.py:2879} INFO - Executing <Task(PythonOperator): translate_and_clean_data> on 2024-08-24 00:00:00+00:00
[2024-09-05T23:52:55.704+0000] {standard_task_runner.py:104} INFO - Running: ['***', 'tasks', 'run', 'weather_etl_dag', 'translate_and_clean_data', 'scheduled__2024-08-24T00:00:00+00:00', '--job-id', '162', '--raw', '--subdir', 'DAGS_FOLDER/weather_etl_dag.py', '--cfg-path', '/tmp/tmpu1s1omda']
[2024-09-05T23:52:55.708+0000] {standard_task_runner.py:105} INFO - Job 162: Subtask translate_and_clean_data
[2024-09-05T23:52:55.726+0000] {warnings.py:112} WARNING - /usr/local/lib/python3.12/site-packages/***/task/task_runner/standard_task_runner.py:70: DeprecationWarning: This process (pid=434) is multi-threaded, use of fork() may lead to deadlocks in the child.
  pid = os.fork()

[2024-09-05T23:52:55.728+0000] {standard_task_runner.py:72} INFO - Started process 443 to run task
[2024-09-05T23:52:55.910+0000] {task_command.py:467} INFO - Running <TaskInstance: weather_etl_dag.translate_and_clean_data scheduled__2024-08-24T00:00:00+00:00 [running]> on host da9f5d3bcb59
[2024-09-05T23:53:04.178+0000] {taskinstance.py:3122} INFO - Exporting env vars: AIRFLOW_CTX_DAG_OWNER='***' AIRFLOW_CTX_DAG_ID='weather_etl_dag' AIRFLOW_CTX_TASK_ID='translate_and_clean_data' AIRFLOW_CTX_EXECUTION_DATE='2024-08-24T00:00:00+00:00' AIRFLOW_CTX_TRY_NUMBER='1' AIRFLOW_CTX_DAG_RUN_ID='scheduled__2024-08-24T00:00:00+00:00'
[2024-09-05T23:53:04.186+0000] {taskinstance.py:731} INFO - ::endgroup::
[2024-09-05T23:54:33.168+0000] {python.py:240} INFO - Done. Returned value was: None
[2024-09-05T23:54:36.532+0000] {taskinstance.py:340} INFO - ::group::Post task execution logs
[2024-09-05T23:54:36.606+0000] {taskinstance.py:352} INFO - Marking task as SUCCESS. dag_id=weather_etl_dag, task_id=translate_and_clean_data, run_id=scheduled__2024-08-24T00:00:00+00:00, execution_date=20240824T000000, start_date=20240905T235255, end_date=20240905T235436
[2024-09-05T23:54:38.941+0000] {local_task_job_runner.py:261} INFO - Task exited with return code 0
[2024-09-05T23:54:41.487+0000] {local_task_job_runner.py:240} INFO - ::endgroup::
[2024-09-05T23:54:41.761+0000] {standard_task_runner.py:217} INFO - Process not found (most likely exited), stop collecting metrics
