[2024-09-06T03:45:12.352+0000] {local_task_job_runner.py:123} INFO - ::group::Pre task execution logs
[2024-09-06T03:45:12.432+0000] {taskinstance.py:2603} INFO - Dependencies all met for dep_context=non-requeueable deps ti=<TaskInstance: weather_etl_dag.check_data_exists scheduled__2024-08-30T00:00:00+00:00 [queued]>
[2024-09-06T03:45:12.548+0000] {taskinstance.py:2603} INFO - Dependencies all met for dep_context=requeueable deps ti=<TaskInstance: weather_etl_dag.check_data_exists scheduled__2024-08-30T00:00:00+00:00 [queued]>
[2024-09-06T03:45:12.557+0000] {taskinstance.py:2856} INFO - Starting attempt 1 of 2
[2024-09-06T03:45:12.665+0000] {taskinstance.py:2879} INFO - Executing <Task(PythonSensor): check_data_exists> on 2024-08-30 00:00:00+00:00
[2024-09-06T03:45:12.670+0000] {warnings.py:112} WARNING - /usr/local/lib/python3.12/site-packages/***/task/task_runner/standard_task_runner.py:70: DeprecationWarning: This process (pid=74) is multi-threaded, use of fork() may lead to deadlocks in the child.
  pid = os.fork()

[2024-09-06T03:45:12.673+0000] {standard_task_runner.py:72} INFO - Started process 99 to run task
[2024-09-06T03:45:12.672+0000] {standard_task_runner.py:104} INFO - Running: ['***', 'tasks', 'run', 'weather_etl_dag', 'check_data_exists', 'scheduled__2024-08-30T00:00:00+00:00', '--job-id', '244', '--raw', '--subdir', 'DAGS_FOLDER/weather_etl_dag.py', '--cfg-path', '/tmp/tmpcpynjukn']
[2024-09-06T03:45:12.676+0000] {standard_task_runner.py:105} INFO - Job 244: Subtask check_data_exists
[2024-09-06T03:45:12.783+0000] {task_command.py:467} INFO - Running <TaskInstance: weather_etl_dag.check_data_exists scheduled__2024-08-30T00:00:00+00:00 [running]> on host 4b8f6e83ee7a
[2024-09-06T03:45:21.440+0000] {taskinstance.py:3122} INFO - Exporting env vars: AIRFLOW_CTX_DAG_OWNER='***' AIRFLOW_CTX_DAG_ID='weather_etl_dag' AIRFLOW_CTX_TASK_ID='check_data_exists' AIRFLOW_CTX_EXECUTION_DATE='2024-08-30T00:00:00+00:00' AIRFLOW_CTX_TRY_NUMBER='1' AIRFLOW_CTX_DAG_RUN_ID='scheduled__2024-08-30T00:00:00+00:00'
[2024-09-06T03:45:21.441+0000] {taskinstance.py:731} INFO - ::endgroup::
[2024-09-06T03:45:21.505+0000] {python.py:75} INFO - Poking callable: <function check_data_exists at 0x7f159151c400>
[2024-09-06T03:45:22.759+0000] {base.py:336} INFO - Success criteria met. Exiting.
[2024-09-06T03:45:22.780+0000] {taskinstance.py:340} INFO - ::group::Post task execution logs
[2024-09-06T03:45:22.787+0000] {taskinstance.py:352} INFO - Marking task as SUCCESS. dag_id=weather_etl_dag, task_id=check_data_exists, run_id=scheduled__2024-08-30T00:00:00+00:00, execution_date=20240830T000000, start_date=20240906T034512, end_date=20240906T034522
[2024-09-06T03:45:22.899+0000] {local_task_job_runner.py:261} INFO - Task exited with return code 0
[2024-09-06T03:45:23.028+0000] {taskinstance.py:3891} INFO - 0 downstream tasks scheduled from follow-on schedule check
[2024-09-06T03:45:23.065+0000] {local_task_job_runner.py:240} INFO - ::endgroup::
