[2024-08-24T00:00:49.789+0000] {local_task_job_runner.py:120} INFO - ::group::Pre task execution logs
[2024-08-24T00:00:49.813+0000] {taskinstance.py:2076} INFO - Dependencies all met for dep_context=non-requeueable deps ti=<TaskInstance: weather_etl_dag.fetch_weather_data scheduled__2024-08-23T00:00:00+00:00 [queued]>
[2024-08-24T00:00:49.822+0000] {taskinstance.py:2076} INFO - Dependencies all met for dep_context=requeueable deps ti=<TaskInstance: weather_etl_dag.fetch_weather_data scheduled__2024-08-23T00:00:00+00:00 [queued]>
[2024-08-24T00:00:49.823+0000] {taskinstance.py:2306} INFO - Starting attempt 1 of 2
[2024-08-24T00:00:50.006+0000] {taskinstance.py:2330} INFO - Executing <Task(PythonOperator): fetch_weather_data> on 2024-08-23 00:00:00+00:00
[2024-08-24T00:00:50.012+0000] {warnings.py:112} WARNING - /home/***/.local/lib/python3.12/site-packages/***/task/task_runner/standard_task_runner.py:62: DeprecationWarning: This process (pid=2126) is multi-threaded, use of fork() may lead to deadlocks in the child.
  pid = os.fork()

[2024-08-24T00:00:50.014+0000] {standard_task_runner.py:64} INFO - Started process 2128 to run task
[2024-08-24T00:00:50.014+0000] {standard_task_runner.py:90} INFO - Running: ['***', 'tasks', 'run', 'weather_etl_dag', 'fetch_weather_data', 'scheduled__2024-08-23T00:00:00+00:00', '--job-id', '342', '--raw', '--subdir', 'DAGS_FOLDER/weather_etl_dag.py', '--cfg-path', '/tmp/tmp2hb8qk9o']
[2024-08-24T00:00:50.016+0000] {standard_task_runner.py:91} INFO - Job 342: Subtask fetch_weather_data
[2024-08-24T00:00:50.089+0000] {task_command.py:426} INFO - Running <TaskInstance: weather_etl_dag.fetch_weather_data scheduled__2024-08-23T00:00:00+00:00 [running]> on host b7290fbe53d7
[2024-08-24T00:00:50.246+0000] {taskinstance.py:2648} INFO - Exporting env vars: AIRFLOW_CTX_DAG_OWNER='***' AIRFLOW_CTX_DAG_ID='weather_etl_dag' AIRFLOW_CTX_TASK_ID='fetch_weather_data' AIRFLOW_CTX_EXECUTION_DATE='2024-08-23T00:00:00+00:00' AIRFLOW_CTX_TRY_NUMBER='1' AIRFLOW_CTX_DAG_RUN_ID='scheduled__2024-08-23T00:00:00+00:00'
[2024-08-24T00:00:50.247+0000] {taskinstance.py:430} INFO - ::endgroup::
[2024-08-24T00:00:50.264+0000] {logging_mixin.py:188} INFO - recuperando municipios desde xcom
[2024-08-24T00:00:50.606+0000] {logging_mixin.py:188} INFO - numero de municipios recuperados:18
[2024-08-24T00:00:50.636+0000] {logging_mixin.py:188} INFO - Datos de municipios para obtener clima:    cve_mun              nom_mun  lat_decimal  lon_decimal
0        1    AMEALCO DE BONFIL    20.186444  -100.144195
1        2      PINAL DE AMOLES    21.135302   -99.627540
2        3          ARROYO SECO    21.548036   -99.689166
3        4  CADEREYTA DE MONTES    20.695023   -99.815633
4        5                COLON    20.788326  -100.045430
[2024-08-24T00:00:50.643+0000] {logging_mixin.py:188} INFO - Haciendo solicitud a la API para lat: 20.186444, lon: -100.144195
[2024-08-24T00:00:51.537+0000] {logging_mixin.py:188} INFO - respuesta recibida:200
[2024-08-24T00:00:51.539+0000] {logging_mixin.py:188} INFO - Haciendo solicitud a la API para lat: 21.135302, lon: -99.62754
[2024-08-24T00:00:52.357+0000] {logging_mixin.py:188} INFO - respuesta recibida:200
[2024-08-24T00:00:52.360+0000] {logging_mixin.py:188} INFO - Haciendo solicitud a la API para lat: 21.548036, lon: -99.689166
[2024-08-24T00:00:53.207+0000] {logging_mixin.py:188} INFO - respuesta recibida:200
[2024-08-24T00:00:53.209+0000] {logging_mixin.py:188} INFO - Haciendo solicitud a la API para lat: 20.695023, lon: -99.815633
[2024-08-24T00:00:54.062+0000] {logging_mixin.py:188} INFO - respuesta recibida:200
[2024-08-24T00:00:54.078+0000] {logging_mixin.py:188} INFO - Haciendo solicitud a la API para lat: 20.788326, lon: -100.04543
[2024-08-24T00:00:55.210+0000] {logging_mixin.py:188} INFO - respuesta recibida:200
[2024-08-24T00:00:55.261+0000] {logging_mixin.py:188} INFO - Haciendo solicitud a la API para lat: 20.552436, lon: -100.445883
[2024-08-24T00:00:56.344+0000] {logging_mixin.py:188} INFO - respuesta recibida:200
[2024-08-24T00:00:56.383+0000] {logging_mixin.py:188} INFO - Haciendo solicitud a la API para lat: 20.665295, lon: -99.898405
[2024-08-24T00:00:57.500+0000] {logging_mixin.py:188} INFO - respuesta recibida:200
[2024-08-24T00:00:57.524+0000] {logging_mixin.py:188} INFO - Haciendo solicitud a la API para lat: 20.375244, lon: -100.274333
[2024-08-24T00:00:58.414+0000] {logging_mixin.py:188} INFO - respuesta recibida:200
[2024-08-24T00:00:58.434+0000] {logging_mixin.py:188} INFO - Haciendo solicitud a la API para lat: 21.216802, lon: -99.47291
[2024-08-24T00:00:59.418+0000] {logging_mixin.py:188} INFO - respuesta recibida:200
[2024-08-24T00:00:59.421+0000] {logging_mixin.py:188} INFO - Haciendo solicitud a la API para lat: 21.183456, lon: -99.321914
[2024-08-24T00:01:00.264+0000] {logging_mixin.py:188} INFO - respuesta recibida:200
[2024-08-24T00:01:00.265+0000] {logging_mixin.py:188} INFO - Haciendo solicitud a la API para lat: 20.60657, lon: -100.331096
[2024-08-24T00:01:01.098+0000] {logging_mixin.py:188} INFO - respuesta recibida:200
[2024-08-24T00:01:01.099+0000] {logging_mixin.py:188} INFO - Haciendo solicitud a la API para lat: 20.502494, lon: -100.14473
[2024-08-24T00:01:01.941+0000] {logging_mixin.py:188} INFO - respuesta recibida:200
[2024-08-24T00:01:01.943+0000] {logging_mixin.py:188} INFO - Haciendo solicitud a la API para lat: 21.053631, lon: -99.814526
[2024-08-24T00:01:02.650+0000] {logging_mixin.py:188} INFO - respuesta recibida:200
[2024-08-24T00:01:02.652+0000] {logging_mixin.py:188} INFO - Haciendo solicitud a la API para lat: 20.593391, lon: -100.389957
[2024-08-24T00:01:03.511+0000] {logging_mixin.py:188} INFO - respuesta recibida:200
[2024-08-24T00:01:04.337+0000] {logging_mixin.py:188} INFO - Haciendo solicitud a la API para lat: 20.916061, lon: -99.566359
[2024-08-24T00:01:05.285+0000] {logging_mixin.py:188} INFO - respuesta recibida:200
[2024-08-24T00:01:05.298+0000] {logging_mixin.py:188} INFO - Haciendo solicitud a la API para lat: 20.386441, lon: -99.999631
[2024-08-24T00:01:06.267+0000] {logging_mixin.py:188} INFO - respuesta recibida:200
[2024-08-24T00:01:06.271+0000] {logging_mixin.py:188} INFO - Haciendo solicitud a la API para lat: 20.518817, lon: -99.88384
[2024-08-24T00:01:07.180+0000] {logging_mixin.py:188} INFO - respuesta recibida:200
[2024-08-24T00:01:07.185+0000] {logging_mixin.py:188} INFO - Haciendo solicitud a la API para lat: 20.908149, lon: -99.9308
[2024-08-24T00:01:07.969+0000] {logging_mixin.py:188} INFO - respuesta recibida:200
[2024-08-24T00:01:07.980+0000] {logging_mixin.py:188} INFO - Pronosticos obtenidos:18
[2024-08-24T00:01:09.616+0000] {python.py:237} INFO - Done. Returned value was: None
[2024-08-24T00:01:09.620+0000] {taskinstance.py:441} INFO - ::group::Post task execution logs
[2024-08-24T00:01:09.629+0000] {taskinstance.py:1206} INFO - Marking task as SUCCESS. dag_id=weather_etl_dag, task_id=fetch_weather_data, run_id=scheduled__2024-08-23T00:00:00+00:00, execution_date=20240823T000000, start_date=20240824T000049, end_date=20240824T000109
[2024-08-24T00:01:09.851+0000] {local_task_job_runner.py:243} INFO - Task exited with return code 0
[2024-08-24T00:01:09.875+0000] {taskinstance.py:3503} INFO - 1 downstream tasks scheduled from follow-on schedule check
[2024-08-24T00:01:09.968+0000] {local_task_job_runner.py:222} INFO - ::endgroup::
[2024-09-05T23:43:42.909+0000] {local_task_job_runner.py:123} INFO - ::group::Pre task execution logs
[2024-09-05T23:43:42.982+0000] {taskinstance.py:2603} INFO - Dependencies all met for dep_context=non-requeueable deps ti=<TaskInstance: weather_etl_dag.fetch_weather_data scheduled__2024-08-23T00:00:00+00:00 [queued]>
[2024-09-05T23:43:43.000+0000] {taskinstance.py:2603} INFO - Dependencies all met for dep_context=requeueable deps ti=<TaskInstance: weather_etl_dag.fetch_weather_data scheduled__2024-08-23T00:00:00+00:00 [queued]>
[2024-09-05T23:43:43.000+0000] {taskinstance.py:2856} INFO - Starting attempt 1 of 2
[2024-09-05T23:43:43.055+0000] {taskinstance.py:2879} INFO - Executing <Task(PythonOperator): fetch_weather_data> on 2024-08-23 00:00:00+00:00
[2024-09-05T23:43:43.063+0000] {standard_task_runner.py:104} INFO - Running: ['***', 'tasks', 'run', 'weather_etl_dag', 'fetch_weather_data', 'scheduled__2024-08-23T00:00:00+00:00', '--job-id', '147', '--raw', '--subdir', 'DAGS_FOLDER/weather_etl_dag.py', '--cfg-path', '/tmp/tmpmixty4cw']
[2024-09-05T23:43:43.061+0000] {warnings.py:112} WARNING - /usr/local/lib/python3.12/site-packages/***/task/task_runner/standard_task_runner.py:70: DeprecationWarning: This process (pid=229) is multi-threaded, use of fork() may lead to deadlocks in the child.
  pid = os.fork()

[2024-09-05T23:43:43.067+0000] {standard_task_runner.py:72} INFO - Started process 238 to run task
[2024-09-05T23:43:43.066+0000] {standard_task_runner.py:105} INFO - Job 147: Subtask fetch_weather_data
[2024-09-05T23:43:43.158+0000] {task_command.py:467} INFO - Running <TaskInstance: weather_etl_dag.fetch_weather_data scheduled__2024-08-23T00:00:00+00:00 [running]> on host da9f5d3bcb59
[2024-09-05T23:43:46.963+0000] {taskinstance.py:3122} INFO - Exporting env vars: AIRFLOW_CTX_DAG_OWNER='***' AIRFLOW_CTX_DAG_ID='weather_etl_dag' AIRFLOW_CTX_TASK_ID='fetch_weather_data' AIRFLOW_CTX_EXECUTION_DATE='2024-08-23T00:00:00+00:00' AIRFLOW_CTX_TRY_NUMBER='1' AIRFLOW_CTX_DAG_RUN_ID='scheduled__2024-08-23T00:00:00+00:00'
[2024-09-05T23:43:46.965+0000] {taskinstance.py:731} INFO - ::endgroup::
[2024-09-05T23:43:59.166+0000] {python.py:240} INFO - Done. Returned value was: None
[2024-09-05T23:43:59.177+0000] {taskinstance.py:340} INFO - ::group::Post task execution logs
[2024-09-05T23:43:59.177+0000] {taskinstance.py:352} INFO - Marking task as SUCCESS. dag_id=weather_etl_dag, task_id=fetch_weather_data, run_id=scheduled__2024-08-23T00:00:00+00:00, execution_date=20240823T000000, start_date=20240905T234342, end_date=20240905T234359
[2024-09-05T23:43:59.442+0000] {local_task_job_runner.py:261} INFO - Task exited with return code 0
[2024-09-05T23:44:04.497+0000] {standard_task_runner.py:217} INFO - Process not found (most likely exited), stop collecting metrics
[2024-09-05T23:44:29.034+0000] {taskinstance.py:3891} INFO - 1 downstream tasks scheduled from follow-on schedule check
[2024-09-05T23:44:29.093+0000] {local_task_job_runner.py:240} INFO - ::endgroup::
