[2024-09-05T00:48:43.873+0000] {local_task_job_runner.py:123} INFO - ::group::Pre task execution logs
[2024-09-05T00:48:43.893+0000] {taskinstance.py:2603} INFO - Dependencies all met for dep_context=non-requeueable deps ti=<TaskInstance: weather_etl_dag.map_sequia_indicator scheduled__2024-08-09T00:00:00+00:00 [queued]>
[2024-09-05T00:48:43.904+0000] {taskinstance.py:2603} INFO - Dependencies all met for dep_context=requeueable deps ti=<TaskInstance: weather_etl_dag.map_sequia_indicator scheduled__2024-08-09T00:00:00+00:00 [queued]>
[2024-09-05T00:48:43.905+0000] {taskinstance.py:2856} INFO - Starting attempt 1 of 2
[2024-09-05T00:48:43.967+0000] {taskinstance.py:2879} INFO - Executing <Task(PythonOperator): map_sequia_indicator> on 2024-08-09 00:00:00+00:00
[2024-09-05T00:48:43.978+0000] {warnings.py:112} WARNING - /usr/local/lib/python3.12/site-packages/***/task/task_runner/standard_task_runner.py:70: DeprecationWarning: This process (pid=953) is multi-threaded, use of fork() may lead to deadlocks in the child.
  pid = os.fork()

[2024-09-05T00:48:43.980+0000] {standard_task_runner.py:72} INFO - Started process 955 to run task
[2024-09-05T00:48:43.986+0000] {standard_task_runner.py:104} INFO - Running: ['***', 'tasks', 'run', 'weather_etl_dag', 'map_sequia_indicator', 'scheduled__2024-08-09T00:00:00+00:00', '--job-id', '112', '--raw', '--subdir', 'DAGS_FOLDER/weather_etl_dag.py', '--cfg-path', '/tmp/tmp5g33rtnr']
[2024-09-05T00:48:43.992+0000] {standard_task_runner.py:105} INFO - Job 112: Subtask map_sequia_indicator
[2024-09-05T00:48:44.136+0000] {task_command.py:467} INFO - Running <TaskInstance: weather_etl_dag.map_sequia_indicator scheduled__2024-08-09T00:00:00+00:00 [running]> on host b778581f4b0f
[2024-09-05T00:48:44.579+0000] {taskinstance.py:3122} INFO - Exporting env vars: AIRFLOW_CTX_DAG_OWNER='***' AIRFLOW_CTX_DAG_ID='weather_etl_dag' AIRFLOW_CTX_TASK_ID='map_sequia_indicator' AIRFLOW_CTX_EXECUTION_DATE='2024-08-09T00:00:00+00:00' AIRFLOW_CTX_TRY_NUMBER='1' AIRFLOW_CTX_DAG_RUN_ID='scheduled__2024-08-09T00:00:00+00:00'
[2024-09-05T00:48:44.581+0000] {taskinstance.py:731} INFO - ::endgroup::
[2024-09-05T00:48:44.743+0000] {logging_mixin.py:190} INFO - Pronósticos clima antes de mapear sequía:    cve_mun            municipio fecha_pronostico indicador_sequia
0        1    Amealco De Bonfil       2024-09-04             None
1        2      Pinal De Amoles       2024-09-04             None
2        3          Arroyo Seco       2024-09-04             None
3        4  Cadereyta De Montes       2024-09-04             None
4        5                Colon       2024-09-04             None
[2024-09-05T00:48:44.773+0000] {logging_mixin.py:190} INFO - Datos de sequía para mapear:    cve_mun          nombre_mun  cve_ent               entidad       fecha valor
0        1   Amealco de Bonfil       22  Querétaro de Arteaga  2003-03-31    D0
1       10  Landa de Matamoros       22  Querétaro de Arteaga  2003-06-30    D0
2        2     Pinal de Amoles       22  Querétaro de Arteaga  2004-09-30    D0
3        3         Arroyo Seco       22  Querétaro de Arteaga  2004-09-30    D0
4        9     Jalpan de Serra       22  Querétaro de Arteaga  2004-09-30    D0
[2024-09-05T00:48:44.792+0000] {logging_mixin.py:190} INFO - Pronósticos clima después de mapear sequía:    cve_mun            municipio fecha_pronostico indicador_sequia
0        1    Amealco De Bonfil       2024-09-04               D4
1        2      Pinal De Amoles       2024-09-04               D1
2        3          Arroyo Seco       2024-09-04               D0
3        4  Cadereyta De Montes       2024-09-04               D3
4        5                Colon       2024-09-04               D4
[2024-09-05T00:48:44.901+0000] {python.py:240} INFO - Done. Returned value was: None
[2024-09-05T00:48:44.917+0000] {taskinstance.py:340} INFO - ::group::Post task execution logs
[2024-09-05T00:48:44.917+0000] {taskinstance.py:352} INFO - Marking task as SUCCESS. dag_id=weather_etl_dag, task_id=map_sequia_indicator, run_id=scheduled__2024-08-09T00:00:00+00:00, execution_date=20240809T000000, start_date=20240905T004843, end_date=20240905T004844
[2024-09-05T00:48:45.019+0000] {local_task_job_runner.py:261} INFO - Task exited with return code 0
[2024-09-05T00:48:45.045+0000] {taskinstance.py:3891} INFO - 1 downstream tasks scheduled from follow-on schedule check
[2024-09-05T00:48:45.090+0000] {local_task_job_runner.py:240} INFO - ::endgroup::
[2024-09-05T18:16:45.065+0000] {local_task_job_runner.py:123} INFO - ::group::Pre task execution logs
[2024-09-05T18:16:45.150+0000] {taskinstance.py:2603} INFO - Dependencies all met for dep_context=non-requeueable deps ti=<TaskInstance: weather_etl_dag.map_sequia_indicator scheduled__2024-08-09T00:00:00+00:00 [queued]>
[2024-09-05T18:16:45.185+0000] {taskinstance.py:2603} INFO - Dependencies all met for dep_context=requeueable deps ti=<TaskInstance: weather_etl_dag.map_sequia_indicator scheduled__2024-08-09T00:00:00+00:00 [queued]>
[2024-09-05T18:16:45.197+0000] {taskinstance.py:2856} INFO - Starting attempt 1 of 2
[2024-09-05T18:16:45.848+0000] {taskinstance.py:2879} INFO - Executing <Task(PythonOperator): map_sequia_indicator> on 2024-08-09 00:00:00+00:00
[2024-09-05T18:16:45.852+0000] {warnings.py:112} WARNING - /usr/local/lib/python3.12/site-packages/***/task/task_runner/standard_task_runner.py:70: DeprecationWarning: This process (pid=987) is multi-threaded, use of fork() may lead to deadlocks in the child.
  pid = os.fork()

[2024-09-05T18:16:45.855+0000] {standard_task_runner.py:72} INFO - Started process 994 to run task
[2024-09-05T18:16:45.855+0000] {standard_task_runner.py:104} INFO - Running: ['***', 'tasks', 'run', 'weather_etl_dag', 'map_sequia_indicator', 'scheduled__2024-08-09T00:00:00+00:00', '--job-id', '95', '--raw', '--subdir', 'DAGS_FOLDER/weather_etl_dag.py', '--cfg-path', '/tmp/tmp08tnzxmr']
[2024-09-05T18:16:45.858+0000] {standard_task_runner.py:105} INFO - Job 95: Subtask map_sequia_indicator
[2024-09-05T18:16:46.182+0000] {task_command.py:467} INFO - Running <TaskInstance: weather_etl_dag.map_sequia_indicator scheduled__2024-08-09T00:00:00+00:00 [running]> on host 0b8eaea5e88c
[2024-09-05T18:16:46.639+0000] {taskinstance.py:3122} INFO - Exporting env vars: AIRFLOW_CTX_DAG_OWNER='***' AIRFLOW_CTX_DAG_ID='weather_etl_dag' AIRFLOW_CTX_TASK_ID='map_sequia_indicator' AIRFLOW_CTX_EXECUTION_DATE='2024-08-09T00:00:00+00:00' AIRFLOW_CTX_TRY_NUMBER='1' AIRFLOW_CTX_DAG_RUN_ID='scheduled__2024-08-09T00:00:00+00:00'
[2024-09-05T18:16:46.640+0000] {taskinstance.py:731} INFO - ::endgroup::
[2024-09-05T18:16:46.707+0000] {logging_mixin.py:190} INFO - Pronósticos clima antes de mapear sequía:    cve_mun            municipio fecha_pronostico indicador_sequia
0        1    Amealco De Bonfil       2024-09-05             None
1        2      Pinal De Amoles       2024-09-05             None
2        3          Arroyo Seco       2024-09-05             None
3        4  Cadereyta De Montes       2024-09-05             None
4        5                Colon       2024-09-05             None
[2024-09-05T18:16:46.713+0000] {logging_mixin.py:190} INFO - Datos de sequía para mapear:    cve_mun          nombre_mun  cve_ent               entidad       fecha valor
0        1   Amealco de Bonfil       22  Querétaro de Arteaga  2003-03-31    D0
1       10  Landa de Matamoros       22  Querétaro de Arteaga  2003-06-30    D0
2        2     Pinal de Amoles       22  Querétaro de Arteaga  2004-09-30    D0
3        3         Arroyo Seco       22  Querétaro de Arteaga  2004-09-30    D0
4        9     Jalpan de Serra       22  Querétaro de Arteaga  2004-09-30    D0
[2024-09-05T18:16:46.722+0000] {logging_mixin.py:190} INFO - Pronósticos clima después de mapear sequía:    cve_mun            municipio fecha_pronostico indicador_sequia
0        1    Amealco De Bonfil       2024-09-05               D4
1        2      Pinal De Amoles       2024-09-05               D1
2        3          Arroyo Seco       2024-09-05               D0
3        4  Cadereyta De Montes       2024-09-05               D3
4        5                Colon       2024-09-05               D4
[2024-09-05T18:16:46.778+0000] {python.py:240} INFO - Done. Returned value was: None
[2024-09-05T18:16:46.789+0000] {taskinstance.py:340} INFO - ::group::Post task execution logs
[2024-09-05T18:16:46.790+0000] {taskinstance.py:352} INFO - Marking task as SUCCESS. dag_id=weather_etl_dag, task_id=map_sequia_indicator, run_id=scheduled__2024-08-09T00:00:00+00:00, execution_date=20240809T000000, start_date=20240905T181645, end_date=20240905T181646
[2024-09-05T18:16:46.883+0000] {local_task_job_runner.py:261} INFO - Task exited with return code 0
[2024-09-05T18:16:46.917+0000] {local_task_job_runner.py:240} INFO - ::endgroup::
