[2024-08-14T04:49:40.802+0000] {local_task_job_runner.py:120} INFO - ::group::Pre task execution logs
[2024-08-14T04:49:40.992+0000] {taskinstance.py:2076} INFO - Dependencies all met for dep_context=non-requeueable deps ti=<TaskInstance: weather_etl_dag.translate_and_clean_data manual__2024-08-14T04:48:26.879372+00:00 [queued]>
[2024-08-14T04:49:41.008+0000] {taskinstance.py:2076} INFO - Dependencies all met for dep_context=requeueable deps ti=<TaskInstance: weather_etl_dag.translate_and_clean_data manual__2024-08-14T04:48:26.879372+00:00 [queued]>
[2024-08-14T04:49:41.011+0000] {taskinstance.py:2306} INFO - Starting attempt 1 of 2
[2024-08-14T04:49:41.089+0000] {taskinstance.py:2330} INFO - Executing <Task(PythonOperator): translate_and_clean_data> on 2024-08-14 04:48:26.879372+00:00
[2024-08-14T04:49:41.115+0000] {standard_task_runner.py:90} INFO - Running: ['***', 'tasks', 'run', 'weather_etl_dag', 'translate_and_clean_data', 'manual__2024-08-14T04:48:26.879372+00:00', '--job-id', '112', '--raw', '--subdir', 'DAGS_FOLDER/weather_etl_dag.py', '--cfg-path', '/tmp/tmpz7c5xruy']
[2024-08-14T04:49:41.128+0000] {standard_task_runner.py:91} INFO - Job 112: Subtask translate_and_clean_data
[2024-08-14T04:49:41.119+0000] {warnings.py:112} WARNING - /home/***/.local/lib/python3.12/site-packages/***/task/task_runner/standard_task_runner.py:62: DeprecationWarning: This process (pid=3740) is multi-threaded, use of fork() may lead to deadlocks in the child.
  pid = os.fork()

[2024-08-14T04:49:41.133+0000] {standard_task_runner.py:64} INFO - Started process 3742 to run task
[2024-08-14T04:49:41.235+0000] {task_command.py:426} INFO - Running <TaskInstance: weather_etl_dag.translate_and_clean_data manual__2024-08-14T04:48:26.879372+00:00 [running]> on host 712d18ef94ea
[2024-08-14T04:49:41.530+0000] {taskinstance.py:2648} INFO - Exporting env vars: AIRFLOW_CTX_DAG_OWNER='***' AIRFLOW_CTX_DAG_ID='weather_etl_dag' AIRFLOW_CTX_TASK_ID='translate_and_clean_data' AIRFLOW_CTX_EXECUTION_DATE='2024-08-14T04:48:26.879372+00:00' AIRFLOW_CTX_TRY_NUMBER='1' AIRFLOW_CTX_DAG_RUN_ID='manual__2024-08-14T04:48:26.879372+00:00'
[2024-08-14T04:49:41.541+0000] {taskinstance.py:430} INFO - ::endgroup::
[2024-08-14T04:49:41.595+0000] {logging_mixin.py:188} INFO - recuperando dataframe de pronosticos desde xcom
[2024-08-14T04:49:41.657+0000] {logging_mixin.py:188} INFO - numero de registros en pronosticos:18
[2024-08-14T04:49:41.674+0000] {logging_mixin.py:188} INFO - Pronósticos antes de limpiar y traducir:    cve_mun            municipio  ... wind_kph  humidity
0        1    AMEALCO DE BONFIL  ...     18.7        80
1        2      PINAL DE AMOLES  ...     16.9        78
2        3          ARROYO SECO  ...     18.4        85
3        4  CADEREYTA DE MONTES  ...     14.0        81
4        5                COLON  ...     16.9        78

[5 rows x 10 columns]
[2024-08-14T04:50:42.112+0000] {logging_mixin.py:188} INFO - Pronósticos después de limpiar y traducir:    cve_mun            municipio  ... viento_kph  humedad
0        1    Amealco De Bonfil  ...       18.7       80
1        2      Pinal De Amoles  ...       16.9       78
2        3          Arroyo Seco  ...       18.4       85
3        4  Cadereyta De Montes  ...       14.0       81
4        5                Colon  ...       16.9       78

[5 rows x 10 columns]
[2024-08-14T04:50:42.196+0000] {python.py:237} INFO - Done. Returned value was: None
[2024-08-14T04:50:42.197+0000] {taskinstance.py:441} INFO - ::group::Post task execution logs
[2024-08-14T04:50:42.209+0000] {taskinstance.py:1206} INFO - Marking task as SUCCESS. dag_id=weather_etl_dag, task_id=translate_and_clean_data, run_id=manual__2024-08-14T04:48:26.879372+00:00, execution_date=20240814T044826, start_date=20240814T044940, end_date=20240814T045042
[2024-08-14T04:50:42.291+0000] {local_task_job_runner.py:243} INFO - Task exited with return code 0
[2024-08-14T04:50:42.318+0000] {taskinstance.py:3503} INFO - 1 downstream tasks scheduled from follow-on schedule check
[2024-08-14T04:50:42.363+0000] {local_task_job_runner.py:222} INFO - ::endgroup::
