[2024-09-05T00:38:58.804+0000] {local_task_job_runner.py:123} INFO - ::group::Pre task execution logs
[2024-09-05T00:38:59.059+0000] {taskinstance.py:2603} INFO - Dependencies all met for dep_context=non-requeueable deps ti=<TaskInstance: weather_etl_dag.insert_weather_data scheduled__2024-08-02T00:00:00+00:00 [queued]>
[2024-09-05T00:38:59.154+0000] {taskinstance.py:2603} INFO - Dependencies all met for dep_context=requeueable deps ti=<TaskInstance: weather_etl_dag.insert_weather_data scheduled__2024-08-02T00:00:00+00:00 [queued]>
[2024-09-05T00:38:59.182+0000] {taskinstance.py:2856} INFO - Starting attempt 1 of 2
[2024-09-05T00:39:00.571+0000] {taskinstance.py:2879} INFO - Executing <Task(PythonOperator): insert_weather_data> on 2024-08-02 00:00:00+00:00
[2024-09-05T00:39:00.588+0000] {warnings.py:112} WARNING - /usr/local/lib/python3.12/site-packages/***/task/task_runner/standard_task_runner.py:70: DeprecationWarning: This process (pid=460) is multi-threaded, use of fork() may lead to deadlocks in the child.
  pid = os.fork()

[2024-09-05T00:39:00.583+0000] {standard_task_runner.py:104} INFO - Running: ['***', 'tasks', 'run', 'weather_etl_dag', 'insert_weather_data', 'scheduled__2024-08-02T00:00:00+00:00', '--job-id', '56', '--raw', '--subdir', 'DAGS_FOLDER/weather_etl_dag.py', '--cfg-path', '/tmp/tmpuvlt71f3']
[2024-09-05T00:39:00.589+0000] {standard_task_runner.py:72} INFO - Started process 468 to run task
[2024-09-05T00:39:00.590+0000] {standard_task_runner.py:105} INFO - Job 56: Subtask insert_weather_data
[2024-09-05T00:39:00.759+0000] {task_command.py:467} INFO - Running <TaskInstance: weather_etl_dag.insert_weather_data scheduled__2024-08-02T00:00:00+00:00 [running]> on host b778581f4b0f
[2024-09-05T00:39:01.199+0000] {taskinstance.py:3122} INFO - Exporting env vars: AIRFLOW_CTX_DAG_OWNER='***' AIRFLOW_CTX_DAG_ID='weather_etl_dag' AIRFLOW_CTX_TASK_ID='insert_weather_data' AIRFLOW_CTX_EXECUTION_DATE='2024-08-02T00:00:00+00:00' AIRFLOW_CTX_TRY_NUMBER='1' AIRFLOW_CTX_DAG_RUN_ID='scheduled__2024-08-02T00:00:00+00:00'
[2024-09-05T00:39:01.200+0000] {taskinstance.py:731} INFO - ::endgroup::
[2024-09-05T00:39:07.861+0000] {logging_mixin.py:190} INFO - Todos los pronósticos han sido insertados con éxito en Redshift.
[2024-09-05T00:39:07.864+0000] {python.py:240} INFO - Done. Returned value was: None
[2024-09-05T00:39:07.910+0000] {taskinstance.py:340} INFO - ::group::Post task execution logs
[2024-09-05T00:39:07.914+0000] {taskinstance.py:352} INFO - Marking task as SUCCESS. dag_id=weather_etl_dag, task_id=insert_weather_data, run_id=scheduled__2024-08-02T00:00:00+00:00, execution_date=20240802T000000, start_date=20240905T003859, end_date=20240905T003907
[2024-09-05T00:39:08.171+0000] {local_task_job_runner.py:261} INFO - Task exited with return code 0
[2024-09-05T00:39:08.213+0000] {taskinstance.py:3891} INFO - 1 downstream tasks scheduled from follow-on schedule check
[2024-09-05T00:39:08.287+0000] {local_task_job_runner.py:240} INFO - ::endgroup::
[2024-09-05T18:12:35.988+0000] {local_task_job_runner.py:123} INFO - ::group::Pre task execution logs
[2024-09-05T18:12:36.038+0000] {taskinstance.py:2603} INFO - Dependencies all met for dep_context=non-requeueable deps ti=<TaskInstance: weather_etl_dag.insert_weather_data scheduled__2024-08-02T00:00:00+00:00 [queued]>
[2024-09-05T18:12:36.055+0000] {taskinstance.py:2603} INFO - Dependencies all met for dep_context=requeueable deps ti=<TaskInstance: weather_etl_dag.insert_weather_data scheduled__2024-08-02T00:00:00+00:00 [queued]>
[2024-09-05T18:12:36.058+0000] {taskinstance.py:2856} INFO - Starting attempt 1 of 2
[2024-09-05T18:12:36.149+0000] {taskinstance.py:2879} INFO - Executing <Task(PythonOperator): insert_weather_data> on 2024-08-02 00:00:00+00:00
[2024-09-05T18:12:36.155+0000] {warnings.py:112} WARNING - /usr/local/lib/python3.12/site-packages/***/task/task_runner/standard_task_runner.py:70: DeprecationWarning: This process (pid=628) is multi-threaded, use of fork() may lead to deadlocks in the child.
  pid = os.fork()

[2024-09-05T18:12:36.157+0000] {standard_task_runner.py:72} INFO - Started process 630 to run task
[2024-09-05T18:12:36.158+0000] {standard_task_runner.py:104} INFO - Running: ['***', 'tasks', 'run', 'weather_etl_dag', 'insert_weather_data', 'scheduled__2024-08-02T00:00:00+00:00', '--job-id', '45', '--raw', '--subdir', 'DAGS_FOLDER/weather_etl_dag.py', '--cfg-path', '/tmp/tmpwbafvvji']
[2024-09-05T18:12:36.160+0000] {standard_task_runner.py:105} INFO - Job 45: Subtask insert_weather_data
[2024-09-05T18:12:36.273+0000] {task_command.py:467} INFO - Running <TaskInstance: weather_etl_dag.insert_weather_data scheduled__2024-08-02T00:00:00+00:00 [running]> on host 0b8eaea5e88c
[2024-09-05T18:12:36.683+0000] {taskinstance.py:3122} INFO - Exporting env vars: AIRFLOW_CTX_DAG_OWNER='***' AIRFLOW_CTX_DAG_ID='weather_etl_dag' AIRFLOW_CTX_TASK_ID='insert_weather_data' AIRFLOW_CTX_EXECUTION_DATE='2024-08-02T00:00:00+00:00' AIRFLOW_CTX_TRY_NUMBER='1' AIRFLOW_CTX_DAG_RUN_ID='scheduled__2024-08-02T00:00:00+00:00'
[2024-09-05T18:12:36.701+0000] {taskinstance.py:731} INFO - ::endgroup::
[2024-09-05T18:12:37.538+0000] {logging_mixin.py:190} INFO - Ya existe un registro para la fecha de hoy. Finalizando tarea.
[2024-09-05T18:12:37.604+0000] {python.py:240} INFO - Done. Returned value was: None
[2024-09-05T18:12:37.617+0000] {taskinstance.py:340} INFO - ::group::Post task execution logs
[2024-09-05T18:12:37.618+0000] {taskinstance.py:352} INFO - Marking task as SUCCESS. dag_id=weather_etl_dag, task_id=insert_weather_data, run_id=scheduled__2024-08-02T00:00:00+00:00, execution_date=20240802T000000, start_date=20240905T181236, end_date=20240905T181237
[2024-09-05T18:12:37.712+0000] {local_task_job_runner.py:261} INFO - Task exited with return code 0
[2024-09-05T18:12:37.741+0000] {taskinstance.py:3891} INFO - 1 downstream tasks scheduled from follow-on schedule check
[2024-09-05T18:12:37.778+0000] {local_task_job_runner.py:240} INFO - ::endgroup::
