[2024-08-26T00:02:19.969+0000] {local_task_job_runner.py:120} INFO - ::group::Pre task execution logs
[2024-08-26T00:02:19.995+0000] {taskinstance.py:2076} INFO - Dependencies all met for dep_context=non-requeueable deps ti=<TaskInstance: weather_etl_dag.update_sequia_indicator scheduled__2024-08-25T00:00:00+00:00 [queued]>
[2024-08-26T00:02:20.005+0000] {taskinstance.py:2076} INFO - Dependencies all met for dep_context=requeueable deps ti=<TaskInstance: weather_etl_dag.update_sequia_indicator scheduled__2024-08-25T00:00:00+00:00 [queued]>
[2024-08-26T00:02:20.006+0000] {taskinstance.py:2306} INFO - Starting attempt 1 of 2
[2024-08-26T00:02:20.186+0000] {taskinstance.py:2330} INFO - Executing <Task(PythonOperator): update_sequia_indicator> on 2024-08-25 00:00:00+00:00
[2024-08-26T00:02:20.191+0000] {warnings.py:112} WARNING - /home/***/.local/lib/python3.12/site-packages/***/task/task_runner/standard_task_runner.py:62: DeprecationWarning: This process (pid=4656) is multi-threaded, use of fork() may lead to deadlocks in the child.
  pid = os.fork()

[2024-08-26T00:02:20.193+0000] {standard_task_runner.py:64} INFO - Started process 4658 to run task
[2024-08-26T00:02:20.193+0000] {standard_task_runner.py:90} INFO - Running: ['***', 'tasks', 'run', 'weather_etl_dag', 'update_sequia_indicator', 'scheduled__2024-08-25T00:00:00+00:00', '--job-id', '369', '--raw', '--subdir', 'DAGS_FOLDER/weather_etl_dag.py', '--cfg-path', '/tmp/tmpydhnccm1']
[2024-08-26T00:02:20.196+0000] {standard_task_runner.py:91} INFO - Job 369: Subtask update_sequia_indicator
[2024-08-26T00:02:20.271+0000] {task_command.py:426} INFO - Running <TaskInstance: weather_etl_dag.update_sequia_indicator scheduled__2024-08-25T00:00:00+00:00 [running]> on host b7290fbe53d7
[2024-08-26T00:02:20.803+0000] {taskinstance.py:2648} INFO - Exporting env vars: AIRFLOW_CTX_DAG_OWNER='***' AIRFLOW_CTX_DAG_ID='weather_etl_dag' AIRFLOW_CTX_TASK_ID='update_sequia_indicator' AIRFLOW_CTX_EXECUTION_DATE='2024-08-25T00:00:00+00:00' AIRFLOW_CTX_TRY_NUMBER='1' AIRFLOW_CTX_DAG_RUN_ID='scheduled__2024-08-25T00:00:00+00:00'
[2024-08-26T00:02:20.805+0000] {taskinstance.py:430} INFO - ::endgroup::
[2024-08-26T00:02:20.818+0000] {logging_mixin.py:188} INFO - iniciando conexion a redshift para actualizar sequia
[2024-08-26T00:02:20.874+0000] {logging_mixin.py:188} INFO - Número de registros a actualizar en la tabla: 18
[2024-08-26T00:02:20.885+0000] {logging_mixin.py:188} INFO - Datos para actualizar en la tabla:    cve_mun            municipio fecha_pronostico indicador_sequia
0        1    Amealco De Bonfil       2024-08-25               D4
1        2      Pinal De Amoles       2024-08-25               D1
2        3          Arroyo Seco       2024-08-25               D0
3        4  Cadereyta De Montes       2024-08-25               D3
4        5                Colon       2024-08-25               D4
[2024-08-26T00:02:21.590+0000] {logging_mixin.py:188} INFO - actualizacion realizada para cve_mun: 1, fecha_pronostico:2024-08-25
[2024-08-26T00:02:21.732+0000] {logging_mixin.py:188} INFO - actualizacion realizada para cve_mun: 2, fecha_pronostico:2024-08-25
[2024-08-26T00:02:21.858+0000] {logging_mixin.py:188} INFO - actualizacion realizada para cve_mun: 3, fecha_pronostico:2024-08-25
[2024-08-26T00:02:22.003+0000] {logging_mixin.py:188} INFO - actualizacion realizada para cve_mun: 4, fecha_pronostico:2024-08-25
[2024-08-26T00:02:22.131+0000] {logging_mixin.py:188} INFO - actualizacion realizada para cve_mun: 5, fecha_pronostico:2024-08-25
[2024-08-26T00:02:22.258+0000] {logging_mixin.py:188} INFO - actualizacion realizada para cve_mun: 6, fecha_pronostico:2024-08-25
[2024-08-26T00:02:22.382+0000] {logging_mixin.py:188} INFO - actualizacion realizada para cve_mun: 7, fecha_pronostico:2024-08-25
[2024-08-26T00:02:22.506+0000] {logging_mixin.py:188} INFO - actualizacion realizada para cve_mun: 8, fecha_pronostico:2024-08-25
[2024-08-26T00:02:22.628+0000] {logging_mixin.py:188} INFO - actualizacion realizada para cve_mun: 9, fecha_pronostico:2024-08-25
[2024-08-26T00:02:22.755+0000] {logging_mixin.py:188} INFO - actualizacion realizada para cve_mun: 10, fecha_pronostico:2024-08-25
[2024-08-26T00:02:22.882+0000] {logging_mixin.py:188} INFO - actualizacion realizada para cve_mun: 11, fecha_pronostico:2024-08-25
[2024-08-26T00:02:23.025+0000] {logging_mixin.py:188} INFO - actualizacion realizada para cve_mun: 12, fecha_pronostico:2024-08-25
[2024-08-26T00:02:23.151+0000] {logging_mixin.py:188} INFO - actualizacion realizada para cve_mun: 13, fecha_pronostico:2024-08-25
[2024-08-26T00:02:23.293+0000] {logging_mixin.py:188} INFO - actualizacion realizada para cve_mun: 14, fecha_pronostico:2024-08-25
[2024-08-26T00:02:23.418+0000] {logging_mixin.py:188} INFO - actualizacion realizada para cve_mun: 15, fecha_pronostico:2024-08-25
[2024-08-26T00:02:23.543+0000] {logging_mixin.py:188} INFO - actualizacion realizada para cve_mun: 16, fecha_pronostico:2024-08-25
[2024-08-26T00:02:23.667+0000] {logging_mixin.py:188} INFO - actualizacion realizada para cve_mun: 17, fecha_pronostico:2024-08-25
[2024-08-26T00:02:23.791+0000] {logging_mixin.py:188} INFO - actualizacion realizada para cve_mun: 18, fecha_pronostico:2024-08-25
[2024-08-26T00:02:23.905+0000] {logging_mixin.py:188} INFO - todas las actualizaciones se han realizado con exito
[2024-08-26T00:02:23.906+0000] {python.py:237} INFO - Done. Returned value was: None
[2024-08-26T00:02:23.906+0000] {taskinstance.py:441} INFO - ::group::Post task execution logs
[2024-08-26T00:02:23.915+0000] {taskinstance.py:1206} INFO - Marking task as SUCCESS. dag_id=weather_etl_dag, task_id=update_sequia_indicator, run_id=scheduled__2024-08-25T00:00:00+00:00, execution_date=20240825T000000, start_date=20240826T000219, end_date=20240826T000223
[2024-08-26T00:02:24.232+0000] {local_task_job_runner.py:243} INFO - Task exited with return code 0
[2024-08-26T00:02:24.245+0000] {taskinstance.py:3503} INFO - 0 downstream tasks scheduled from follow-on schedule check
[2024-08-26T00:02:24.289+0000] {local_task_job_runner.py:222} INFO - ::endgroup::
[2024-09-06T00:17:29.328+0000] {local_task_job_runner.py:123} INFO - ::group::Pre task execution logs
[2024-09-06T00:17:29.535+0000] {taskinstance.py:2603} INFO - Dependencies all met for dep_context=non-requeueable deps ti=<TaskInstance: weather_etl_dag.update_sequia_indicator scheduled__2024-08-25T00:00:00+00:00 [queued]>
[2024-09-06T00:17:29.625+0000] {taskinstance.py:2603} INFO - Dependencies all met for dep_context=requeueable deps ti=<TaskInstance: weather_etl_dag.update_sequia_indicator scheduled__2024-08-25T00:00:00+00:00 [queued]>
[2024-09-06T00:17:29.626+0000] {taskinstance.py:2856} INFO - Starting attempt 1 of 2
[2024-09-06T00:17:29.897+0000] {taskinstance.py:2879} INFO - Executing <Task(PythonOperator): update_sequia_indicator> on 2024-08-25 00:00:00+00:00
[2024-09-06T00:17:29.912+0000] {warnings.py:112} WARNING - /usr/local/lib/python3.12/site-packages/***/task/task_runner/standard_task_runner.py:70: DeprecationWarning: This process (pid=1096) is multi-threaded, use of fork() may lead to deadlocks in the child.
  pid = os.fork()

[2024-09-06T00:17:29.914+0000] {standard_task_runner.py:104} INFO - Running: ['***', 'tasks', 'run', 'weather_etl_dag', 'update_sequia_indicator', 'scheduled__2024-08-25T00:00:00+00:00', '--job-id', '225', '--raw', '--subdir', 'DAGS_FOLDER/weather_etl_dag.py', '--cfg-path', '/tmp/tmpif21gpd3']
[2024-09-06T00:17:29.916+0000] {standard_task_runner.py:72} INFO - Started process 1109 to run task
[2024-09-06T00:17:29.919+0000] {standard_task_runner.py:105} INFO - Job 225: Subtask update_sequia_indicator
[2024-09-06T00:17:33.292+0000] {task_command.py:467} INFO - Running <TaskInstance: weather_etl_dag.update_sequia_indicator scheduled__2024-08-25T00:00:00+00:00 [running]> on host da9f5d3bcb59
[2024-09-06T00:17:33.741+0000] {taskinstance.py:3122} INFO - Exporting env vars: AIRFLOW_CTX_DAG_OWNER='***' AIRFLOW_CTX_DAG_ID='weather_etl_dag' AIRFLOW_CTX_TASK_ID='update_sequia_indicator' AIRFLOW_CTX_EXECUTION_DATE='2024-08-25T00:00:00+00:00' AIRFLOW_CTX_TRY_NUMBER='1' AIRFLOW_CTX_DAG_RUN_ID='scheduled__2024-08-25T00:00:00+00:00'
[2024-09-06T00:17:33.751+0000] {taskinstance.py:731} INFO - ::endgroup::
[2024-09-06T00:18:30.934+0000] {python.py:240} INFO - Done. Returned value was: None
[2024-09-06T00:18:30.962+0000] {taskinstance.py:340} INFO - ::group::Post task execution logs
[2024-09-06T00:18:30.963+0000] {taskinstance.py:352} INFO - Marking task as SUCCESS. dag_id=weather_etl_dag, task_id=update_sequia_indicator, run_id=scheduled__2024-08-25T00:00:00+00:00, execution_date=20240825T000000, start_date=20240906T001729, end_date=20240906T001830
[2024-09-06T00:18:31.519+0000] {local_task_job_runner.py:261} INFO - Task exited with return code 0
[2024-09-06T00:18:34.266+0000] {taskinstance.py:3891} INFO - 0 downstream tasks scheduled from follow-on schedule check
[2024-09-06T00:18:34.711+0000] {local_task_job_runner.py:240} INFO - ::endgroup::
[2024-09-06T00:18:35.422+0000] {standard_task_runner.py:217} INFO - Process not found (most likely exited), stop collecting metrics
