[2024-09-07T00:03:54.027+0000] {processor.py:186} INFO - Started process (PID=4670) to work on /root/airflow/dags/weather_etl_dag.py
[2024-09-07T00:03:54.186+0000] {processor.py:914} INFO - Processing file /root/airflow/dags/weather_etl_dag.py for tasks to queue
[2024-09-07T00:03:54.527+0000] {logging_mixin.py:190} INFO - [2024-09-07T00:03:54.527+0000] {dagbag.py:587} INFO - Filling up the DagBag from /root/airflow/dags/weather_etl_dag.py
[2024-09-07T00:03:56.479+0000] {processor.py:925} INFO - DAG(s) 'weather_etl_dag' retrieved from /root/airflow/dags/weather_etl_dag.py
[2024-09-07T00:03:56.552+0000] {logging_mixin.py:190} INFO - [2024-09-07T00:03:56.551+0000] {dag.py:3211} INFO - Sync 1 DAGs
[2024-09-07T00:03:56.751+0000] {logging_mixin.py:190} INFO - [2024-09-07T00:03:56.751+0000] {dag.py:4138} INFO - Setting next_dagrun for weather_etl_dag to 2024-09-07 00:00:00+00:00, run_after=2024-09-08 00:00:00+00:00
[2024-09-07T00:03:56.858+0000] {processor.py:208} INFO - Processing /root/airflow/dags/weather_etl_dag.py took 3.205 seconds
[2024-09-07T00:13:57.200+0000] {processor.py:186} INFO - Started process (PID=4794) to work on /root/airflow/dags/weather_etl_dag.py
[2024-09-07T00:13:57.202+0000] {processor.py:914} INFO - Processing file /root/airflow/dags/weather_etl_dag.py for tasks to queue
[2024-09-07T00:13:57.203+0000] {logging_mixin.py:190} INFO - [2024-09-07T00:13:57.203+0000] {dagbag.py:587} INFO - Filling up the DagBag from /root/airflow/dags/weather_etl_dag.py
[2024-09-07T00:13:58.741+0000] {processor.py:925} INFO - DAG(s) 'weather_etl_dag' retrieved from /root/airflow/dags/weather_etl_dag.py
[2024-09-07T00:13:58.832+0000] {logging_mixin.py:190} INFO - [2024-09-07T00:13:58.829+0000] {dag.py:3211} INFO - Sync 1 DAGs
[2024-09-07T00:13:58.908+0000] {logging_mixin.py:190} INFO - [2024-09-07T00:13:58.908+0000] {dag.py:4138} INFO - Setting next_dagrun for weather_etl_dag to 2024-09-07 00:00:00+00:00, run_after=2024-09-08 00:00:00+00:00
[2024-09-07T00:13:59.008+0000] {processor.py:208} INFO - Processing /root/airflow/dags/weather_etl_dag.py took 1.816 seconds
[2024-09-07T00:23:59.183+0000] {processor.py:186} INFO - Started process (PID=4923) to work on /root/airflow/dags/weather_etl_dag.py
[2024-09-07T00:23:59.185+0000] {processor.py:914} INFO - Processing file /root/airflow/dags/weather_etl_dag.py for tasks to queue
[2024-09-07T00:23:59.188+0000] {logging_mixin.py:190} INFO - [2024-09-07T00:23:59.187+0000] {dagbag.py:587} INFO - Filling up the DagBag from /root/airflow/dags/weather_etl_dag.py
[2024-09-07T00:24:00.117+0000] {processor.py:925} INFO - DAG(s) 'weather_etl_dag' retrieved from /root/airflow/dags/weather_etl_dag.py
[2024-09-07T00:24:00.205+0000] {logging_mixin.py:190} INFO - [2024-09-07T00:24:00.205+0000] {dag.py:3211} INFO - Sync 1 DAGs
[2024-09-07T00:24:00.278+0000] {logging_mixin.py:190} INFO - [2024-09-07T00:24:00.278+0000] {dag.py:4138} INFO - Setting next_dagrun for weather_etl_dag to 2024-09-07 00:00:00+00:00, run_after=2024-09-08 00:00:00+00:00
[2024-09-07T00:24:00.945+0000] {processor.py:208} INFO - Processing /root/airflow/dags/weather_etl_dag.py took 1.772 seconds
[2024-09-07T00:34:01.084+0000] {processor.py:186} INFO - Started process (PID=5047) to work on /root/airflow/dags/weather_etl_dag.py
[2024-09-07T00:34:01.085+0000] {processor.py:914} INFO - Processing file /root/airflow/dags/weather_etl_dag.py for tasks to queue
[2024-09-07T00:34:01.086+0000] {logging_mixin.py:190} INFO - [2024-09-07T00:34:01.086+0000] {dagbag.py:587} INFO - Filling up the DagBag from /root/airflow/dags/weather_etl_dag.py
[2024-09-07T00:34:01.850+0000] {processor.py:925} INFO - DAG(s) 'weather_etl_dag' retrieved from /root/airflow/dags/weather_etl_dag.py
[2024-09-07T00:34:01.942+0000] {logging_mixin.py:190} INFO - [2024-09-07T00:34:01.941+0000] {dag.py:3211} INFO - Sync 1 DAGs
[2024-09-07T00:34:01.964+0000] {logging_mixin.py:190} INFO - [2024-09-07T00:34:01.963+0000] {dag.py:4138} INFO - Setting next_dagrun for weather_etl_dag to 2024-09-07 00:00:00+00:00, run_after=2024-09-08 00:00:00+00:00
[2024-09-07T00:34:02.014+0000] {processor.py:208} INFO - Processing /root/airflow/dags/weather_etl_dag.py took 0.940 seconds
[2024-09-07T00:44:02.274+0000] {processor.py:186} INFO - Started process (PID=5176) to work on /root/airflow/dags/weather_etl_dag.py
[2024-09-07T00:44:02.275+0000] {processor.py:914} INFO - Processing file /root/airflow/dags/weather_etl_dag.py for tasks to queue
[2024-09-07T00:44:02.276+0000] {logging_mixin.py:190} INFO - [2024-09-07T00:44:02.276+0000] {dagbag.py:587} INFO - Filling up the DagBag from /root/airflow/dags/weather_etl_dag.py
[2024-09-07T00:44:03.042+0000] {processor.py:925} INFO - DAG(s) 'weather_etl_dag' retrieved from /root/airflow/dags/weather_etl_dag.py
[2024-09-07T00:44:03.121+0000] {logging_mixin.py:190} INFO - [2024-09-07T00:44:03.121+0000] {dag.py:3211} INFO - Sync 1 DAGs
[2024-09-07T00:44:03.142+0000] {logging_mixin.py:190} INFO - [2024-09-07T00:44:03.142+0000] {dag.py:4138} INFO - Setting next_dagrun for weather_etl_dag to 2024-09-07 00:00:00+00:00, run_after=2024-09-08 00:00:00+00:00
[2024-09-07T00:44:03.199+0000] {processor.py:208} INFO - Processing /root/airflow/dags/weather_etl_dag.py took 0.931 seconds
[2024-09-07T00:54:03.893+0000] {processor.py:186} INFO - Started process (PID=5303) to work on /root/airflow/dags/weather_etl_dag.py
[2024-09-07T00:54:03.895+0000] {processor.py:914} INFO - Processing file /root/airflow/dags/weather_etl_dag.py for tasks to queue
[2024-09-07T00:54:03.898+0000] {logging_mixin.py:190} INFO - [2024-09-07T00:54:03.897+0000] {dagbag.py:587} INFO - Filling up the DagBag from /root/airflow/dags/weather_etl_dag.py
[2024-09-07T00:54:04.914+0000] {processor.py:925} INFO - DAG(s) 'weather_etl_dag' retrieved from /root/airflow/dags/weather_etl_dag.py
[2024-09-07T00:54:05.001+0000] {logging_mixin.py:190} INFO - [2024-09-07T00:54:05.001+0000] {dag.py:3211} INFO - Sync 1 DAGs
[2024-09-07T00:54:05.978+0000] {logging_mixin.py:190} INFO - [2024-09-07T00:54:05.977+0000] {dag.py:4138} INFO - Setting next_dagrun for weather_etl_dag to 2024-09-07 00:00:00+00:00, run_after=2024-09-08 00:00:00+00:00
[2024-09-07T00:54:06.036+0000] {processor.py:208} INFO - Processing /root/airflow/dags/weather_etl_dag.py took 2.154 seconds
[2024-09-07T01:04:06.717+0000] {processor.py:186} INFO - Started process (PID=5428) to work on /root/airflow/dags/weather_etl_dag.py
[2024-09-07T01:04:06.718+0000] {processor.py:914} INFO - Processing file /root/airflow/dags/weather_etl_dag.py for tasks to queue
[2024-09-07T01:04:06.720+0000] {logging_mixin.py:190} INFO - [2024-09-07T01:04:06.720+0000] {dagbag.py:587} INFO - Filling up the DagBag from /root/airflow/dags/weather_etl_dag.py
[2024-09-07T01:04:06.755+0000] {logging_mixin.py:190} INFO - [2024-09-07T01:04:06.751+0000] {dagbag.py:386} ERROR - Failed to import: /root/airflow/dags/weather_etl_dag.py
Traceback (most recent call last):
  File "/usr/local/lib/python3.10/site-packages/airflow/models/dagbag.py", line 382, in parse
    loader.exec_module(new_module)
  File "<frozen importlib._bootstrap_external>", line 883, in exec_module
  File "<frozen importlib._bootstrap>", line 241, in _call_with_frames_removed
  File "/root/airflow/dags/weather_etl_dag.py", line 6, in <module>
    from weather_etl import (
  File "/root/airflow/dags/weather_etl.py", line 256
    server.sendmail(mail_from, [mail_to], msg.as_string())  # Enviar correo
                                                                           ^
SyntaxError: expected 'except' or 'finally' block
[2024-09-07T01:04:06.756+0000] {processor.py:927} WARNING - No viable dags retrieved from /root/airflow/dags/weather_etl_dag.py
[2024-09-07T01:04:06.823+0000] {processor.py:208} INFO - Processing /root/airflow/dags/weather_etl_dag.py took 0.117 seconds
[2024-09-07T01:14:06.882+0000] {processor.py:186} INFO - Started process (PID=5555) to work on /root/airflow/dags/weather_etl_dag.py
[2024-09-07T01:14:06.883+0000] {processor.py:914} INFO - Processing file /root/airflow/dags/weather_etl_dag.py for tasks to queue
[2024-09-07T01:14:06.885+0000] {logging_mixin.py:190} INFO - [2024-09-07T01:14:06.885+0000] {dagbag.py:587} INFO - Filling up the DagBag from /root/airflow/dags/weather_etl_dag.py
[2024-09-07T01:14:06.912+0000] {logging_mixin.py:190} INFO - [2024-09-07T01:14:06.909+0000] {dagbag.py:386} ERROR - Failed to import: /root/airflow/dags/weather_etl_dag.py
Traceback (most recent call last):
  File "/usr/local/lib/python3.10/site-packages/airflow/models/dagbag.py", line 382, in parse
    loader.exec_module(new_module)
  File "<frozen importlib._bootstrap_external>", line 883, in exec_module
  File "<frozen importlib._bootstrap>", line 241, in _call_with_frames_removed
  File "/root/airflow/dags/weather_etl_dag.py", line 6, in <module>
    from weather_etl import (
  File "/root/airflow/dags/weather_etl.py", line 256
    server.sendmail(mail_from, [mail_to], msg.as_string())  # Enviar correo
                                                                           ^
SyntaxError: expected 'except' or 'finally' block
[2024-09-07T01:14:06.913+0000] {processor.py:927} WARNING - No viable dags retrieved from /root/airflow/dags/weather_etl_dag.py
[2024-09-07T01:14:07.108+0000] {processor.py:208} INFO - Processing /root/airflow/dags/weather_etl_dag.py took 0.233 seconds
[2024-09-07T01:21:05.062+0000] {processor.py:186} INFO - Started process (PID=5640) to work on /root/airflow/dags/weather_etl_dag.py
[2024-09-07T01:21:05.064+0000] {processor.py:914} INFO - Processing file /root/airflow/dags/weather_etl_dag.py for tasks to queue
[2024-09-07T01:21:05.065+0000] {logging_mixin.py:190} INFO - [2024-09-07T01:21:05.065+0000] {dagbag.py:587} INFO - Filling up the DagBag from /root/airflow/dags/weather_etl_dag.py
[2024-09-07T01:21:05.127+0000] {logging_mixin.py:190} INFO - [2024-09-07T01:21:05.122+0000] {dagbag.py:386} ERROR - Failed to import: /root/airflow/dags/weather_etl_dag.py
Traceback (most recent call last):
  File "/usr/local/lib/python3.10/site-packages/airflow/models/dagbag.py", line 382, in parse
    loader.exec_module(new_module)
  File "<frozen importlib._bootstrap_external>", line 883, in exec_module
  File "<frozen importlib._bootstrap>", line 241, in _call_with_frames_removed
  File "/root/airflow/dags/weather_etl_dag.py", line 6, in <module>
    from weather_etl import (
  File "/root/airflow/dags/weather_etl.py", line 256
    server.sendmail(mail_from, [mail_to], msg.as_string())  # Enviar correo
                                                                           ^
SyntaxError: expected 'except' or 'finally' block
[2024-09-07T01:21:05.128+0000] {processor.py:927} WARNING - No viable dags retrieved from /root/airflow/dags/weather_etl_dag.py
[2024-09-07T01:21:05.209+0000] {processor.py:208} INFO - Processing /root/airflow/dags/weather_etl_dag.py took 0.152 seconds
[2024-09-07T01:25:25.103+0000] {processor.py:186} INFO - Started process (PID=5697) to work on /root/airflow/dags/weather_etl_dag.py
[2024-09-07T01:25:25.104+0000] {processor.py:914} INFO - Processing file /root/airflow/dags/weather_etl_dag.py for tasks to queue
[2024-09-07T01:25:25.105+0000] {logging_mixin.py:190} INFO - [2024-09-07T01:25:25.105+0000] {dagbag.py:587} INFO - Filling up the DagBag from /root/airflow/dags/weather_etl_dag.py
[2024-09-07T01:25:25.149+0000] {logging_mixin.py:190} INFO - [2024-09-07T01:25:25.146+0000] {dagbag.py:386} ERROR - Failed to import: /root/airflow/dags/weather_etl_dag.py
Traceback (most recent call last):
  File "/usr/local/lib/python3.10/site-packages/airflow/models/dagbag.py", line 382, in parse
    loader.exec_module(new_module)
  File "<frozen importlib._bootstrap_external>", line 883, in exec_module
  File "<frozen importlib._bootstrap>", line 241, in _call_with_frames_removed
  File "/root/airflow/dags/weather_etl_dag.py", line 6, in <module>
    from weather_etl import (
  File "/root/airflow/dags/weather_etl.py", line 256
    server.sendmail(mail_from, [mail_to], msg.as_string())  # Enviar correo
                                                                           ^
SyntaxError: expected 'except' or 'finally' block
[2024-09-07T01:25:25.150+0000] {processor.py:927} WARNING - No viable dags retrieved from /root/airflow/dags/weather_etl_dag.py
[2024-09-07T01:25:25.251+0000] {processor.py:208} INFO - Processing /root/airflow/dags/weather_etl_dag.py took 0.155 seconds
[2024-09-07T01:35:26.157+0000] {processor.py:186} INFO - Started process (PID=5823) to work on /root/airflow/dags/weather_etl_dag.py
[2024-09-07T01:35:26.158+0000] {processor.py:914} INFO - Processing file /root/airflow/dags/weather_etl_dag.py for tasks to queue
[2024-09-07T01:35:26.159+0000] {logging_mixin.py:190} INFO - [2024-09-07T01:35:26.159+0000] {dagbag.py:587} INFO - Filling up the DagBag from /root/airflow/dags/weather_etl_dag.py
[2024-09-07T01:35:26.185+0000] {logging_mixin.py:190} INFO - [2024-09-07T01:35:26.182+0000] {dagbag.py:386} ERROR - Failed to import: /root/airflow/dags/weather_etl_dag.py
Traceback (most recent call last):
  File "/usr/local/lib/python3.10/site-packages/airflow/models/dagbag.py", line 382, in parse
    loader.exec_module(new_module)
  File "<frozen importlib._bootstrap_external>", line 883, in exec_module
  File "<frozen importlib._bootstrap>", line 241, in _call_with_frames_removed
  File "/root/airflow/dags/weather_etl_dag.py", line 6, in <module>
    from weather_etl import (
  File "/root/airflow/dags/weather_etl.py", line 255
    server.sendmail(mail_from, [mail_to], msg.as_string())  # Enviar correo
                                                                           ^
SyntaxError: expected 'except' or 'finally' block
[2024-09-07T01:35:26.186+0000] {processor.py:927} WARNING - No viable dags retrieved from /root/airflow/dags/weather_etl_dag.py
[2024-09-07T01:35:26.625+0000] {processor.py:208} INFO - Processing /root/airflow/dags/weather_etl_dag.py took 0.474 seconds
[2024-09-07T01:45:26.764+0000] {processor.py:186} INFO - Started process (PID=5946) to work on /root/airflow/dags/weather_etl_dag.py
[2024-09-07T01:45:26.765+0000] {processor.py:914} INFO - Processing file /root/airflow/dags/weather_etl_dag.py for tasks to queue
[2024-09-07T01:45:26.766+0000] {logging_mixin.py:190} INFO - [2024-09-07T01:45:26.766+0000] {dagbag.py:587} INFO - Filling up the DagBag from /root/airflow/dags/weather_etl_dag.py
[2024-09-07T01:45:26.800+0000] {logging_mixin.py:190} INFO - [2024-09-07T01:45:26.794+0000] {dagbag.py:386} ERROR - Failed to import: /root/airflow/dags/weather_etl_dag.py
Traceback (most recent call last):
  File "/usr/local/lib/python3.10/site-packages/airflow/models/dagbag.py", line 382, in parse
    loader.exec_module(new_module)
  File "<frozen importlib._bootstrap_external>", line 883, in exec_module
  File "<frozen importlib._bootstrap>", line 241, in _call_with_frames_removed
  File "/root/airflow/dags/weather_etl_dag.py", line 6, in <module>
    from weather_etl import (
  File "/root/airflow/dags/weather_etl.py", line 255
    server.sendmail(mail_from, [mail_to], msg.as_string())  # Enviar correo
                                                                           ^
SyntaxError: expected 'except' or 'finally' block
[2024-09-07T01:45:26.803+0000] {processor.py:927} WARNING - No viable dags retrieved from /root/airflow/dags/weather_etl_dag.py
[2024-09-07T01:45:26.923+0000] {processor.py:208} INFO - Processing /root/airflow/dags/weather_etl_dag.py took 0.165 seconds
[2024-09-07T01:55:27.181+0000] {processor.py:186} INFO - Started process (PID=6073) to work on /root/airflow/dags/weather_etl_dag.py
[2024-09-07T01:55:27.184+0000] {processor.py:914} INFO - Processing file /root/airflow/dags/weather_etl_dag.py for tasks to queue
[2024-09-07T01:55:27.185+0000] {logging_mixin.py:190} INFO - [2024-09-07T01:55:27.185+0000] {dagbag.py:587} INFO - Filling up the DagBag from /root/airflow/dags/weather_etl_dag.py
[2024-09-07T01:55:27.256+0000] {logging_mixin.py:190} INFO - [2024-09-07T01:55:27.254+0000] {dagbag.py:386} ERROR - Failed to import: /root/airflow/dags/weather_etl_dag.py
Traceback (most recent call last):
  File "/usr/local/lib/python3.10/site-packages/airflow/models/dagbag.py", line 382, in parse
    loader.exec_module(new_module)
  File "<frozen importlib._bootstrap_external>", line 883, in exec_module
  File "<frozen importlib._bootstrap>", line 241, in _call_with_frames_removed
  File "/root/airflow/dags/weather_etl_dag.py", line 6, in <module>
    from weather_etl import (
  File "/root/airflow/dags/weather_etl.py", line 255
    server.sendmail(mail_from, [mail_to], msg.as_string())  # Enviar correo
                                                                           ^
SyntaxError: expected 'except' or 'finally' block
[2024-09-07T01:55:27.257+0000] {processor.py:927} WARNING - No viable dags retrieved from /root/airflow/dags/weather_etl_dag.py
[2024-09-07T01:55:27.446+0000] {processor.py:208} INFO - Processing /root/airflow/dags/weather_etl_dag.py took 0.273 seconds
[2024-09-07T02:05:27.517+0000] {processor.py:186} INFO - Started process (PID=6198) to work on /root/airflow/dags/weather_etl_dag.py
[2024-09-07T02:05:27.520+0000] {processor.py:914} INFO - Processing file /root/airflow/dags/weather_etl_dag.py for tasks to queue
[2024-09-07T02:05:27.522+0000] {logging_mixin.py:190} INFO - [2024-09-07T02:05:27.521+0000] {dagbag.py:587} INFO - Filling up the DagBag from /root/airflow/dags/weather_etl_dag.py
[2024-09-07T02:05:27.566+0000] {logging_mixin.py:190} INFO - [2024-09-07T02:05:27.563+0000] {dagbag.py:386} ERROR - Failed to import: /root/airflow/dags/weather_etl_dag.py
Traceback (most recent call last):
  File "/usr/local/lib/python3.10/site-packages/airflow/models/dagbag.py", line 382, in parse
    loader.exec_module(new_module)
  File "<frozen importlib._bootstrap_external>", line 883, in exec_module
  File "<frozen importlib._bootstrap>", line 241, in _call_with_frames_removed
  File "/root/airflow/dags/weather_etl_dag.py", line 6, in <module>
    from weather_etl import (
  File "/root/airflow/dags/weather_etl.py", line 255
    server.sendmail(mail_from, [mail_to], msg.as_string())  # Enviar correo
                                                                           ^
SyntaxError: expected 'except' or 'finally' block
[2024-09-07T02:05:27.567+0000] {processor.py:927} WARNING - No viable dags retrieved from /root/airflow/dags/weather_etl_dag.py
[2024-09-07T02:05:27.620+0000] {processor.py:208} INFO - Processing /root/airflow/dags/weather_etl_dag.py took 0.110 seconds
[2024-09-07T02:15:27.836+0000] {processor.py:186} INFO - Started process (PID=6322) to work on /root/airflow/dags/weather_etl_dag.py
[2024-09-07T02:15:27.837+0000] {processor.py:914} INFO - Processing file /root/airflow/dags/weather_etl_dag.py for tasks to queue
[2024-09-07T02:15:27.838+0000] {logging_mixin.py:190} INFO - [2024-09-07T02:15:27.838+0000] {dagbag.py:587} INFO - Filling up the DagBag from /root/airflow/dags/weather_etl_dag.py
[2024-09-07T02:15:27.864+0000] {logging_mixin.py:190} INFO - [2024-09-07T02:15:27.862+0000] {dagbag.py:386} ERROR - Failed to import: /root/airflow/dags/weather_etl_dag.py
Traceback (most recent call last):
  File "/usr/local/lib/python3.10/site-packages/airflow/models/dagbag.py", line 382, in parse
    loader.exec_module(new_module)
  File "<frozen importlib._bootstrap_external>", line 883, in exec_module
  File "<frozen importlib._bootstrap>", line 241, in _call_with_frames_removed
  File "/root/airflow/dags/weather_etl_dag.py", line 6, in <module>
    from weather_etl import (
  File "/root/airflow/dags/weather_etl.py", line 255
    server.sendmail(mail_from, [mail_to], msg.as_string())  # Enviar correo
                                                                           ^
SyntaxError: expected 'except' or 'finally' block
[2024-09-07T02:15:27.866+0000] {processor.py:927} WARNING - No viable dags retrieved from /root/airflow/dags/weather_etl_dag.py
[2024-09-07T02:15:27.927+0000] {processor.py:208} INFO - Processing /root/airflow/dags/weather_etl_dag.py took 0.098 seconds
[2024-09-07T02:25:28.214+0000] {processor.py:186} INFO - Started process (PID=6441) to work on /root/airflow/dags/weather_etl_dag.py
[2024-09-07T02:25:28.215+0000] {processor.py:914} INFO - Processing file /root/airflow/dags/weather_etl_dag.py for tasks to queue
[2024-09-07T02:25:28.223+0000] {logging_mixin.py:190} INFO - [2024-09-07T02:25:28.223+0000] {dagbag.py:587} INFO - Filling up the DagBag from /root/airflow/dags/weather_etl_dag.py
[2024-09-07T02:25:28.253+0000] {logging_mixin.py:190} INFO - [2024-09-07T02:25:28.251+0000] {dagbag.py:386} ERROR - Failed to import: /root/airflow/dags/weather_etl_dag.py
Traceback (most recent call last):
  File "/usr/local/lib/python3.10/site-packages/airflow/models/dagbag.py", line 382, in parse
    loader.exec_module(new_module)
  File "<frozen importlib._bootstrap_external>", line 883, in exec_module
  File "<frozen importlib._bootstrap>", line 241, in _call_with_frames_removed
  File "/root/airflow/dags/weather_etl_dag.py", line 6, in <module>
    from weather_etl import (
  File "/root/airflow/dags/weather_etl.py", line 255
    server.sendmail(mail_from, [mail_to], msg.as_string())  # Enviar correo
                                                                           ^
SyntaxError: expected 'except' or 'finally' block
[2024-09-07T02:25:28.254+0000] {processor.py:927} WARNING - No viable dags retrieved from /root/airflow/dags/weather_etl_dag.py
[2024-09-07T02:25:28.312+0000] {processor.py:208} INFO - Processing /root/airflow/dags/weather_etl_dag.py took 0.105 seconds
[2024-09-07T02:35:28.363+0000] {processor.py:186} INFO - Started process (PID=6565) to work on /root/airflow/dags/weather_etl_dag.py
[2024-09-07T02:35:28.364+0000] {processor.py:914} INFO - Processing file /root/airflow/dags/weather_etl_dag.py for tasks to queue
[2024-09-07T02:35:28.365+0000] {logging_mixin.py:190} INFO - [2024-09-07T02:35:28.365+0000] {dagbag.py:587} INFO - Filling up the DagBag from /root/airflow/dags/weather_etl_dag.py
[2024-09-07T02:35:28.403+0000] {logging_mixin.py:190} INFO - [2024-09-07T02:35:28.399+0000] {dagbag.py:386} ERROR - Failed to import: /root/airflow/dags/weather_etl_dag.py
Traceback (most recent call last):
  File "/usr/local/lib/python3.10/site-packages/airflow/models/dagbag.py", line 382, in parse
    loader.exec_module(new_module)
  File "<frozen importlib._bootstrap_external>", line 883, in exec_module
  File "<frozen importlib._bootstrap>", line 241, in _call_with_frames_removed
  File "/root/airflow/dags/weather_etl_dag.py", line 6, in <module>
    from weather_etl import (
  File "/root/airflow/dags/weather_etl.py", line 255
    server.sendmail(mail_from, [mail_to], msg.as_string())  # Enviar correo
                                                                           ^
SyntaxError: expected 'except' or 'finally' block
[2024-09-07T02:35:28.404+0000] {processor.py:927} WARNING - No viable dags retrieved from /root/airflow/dags/weather_etl_dag.py
[2024-09-07T02:35:28.699+0000] {processor.py:208} INFO - Processing /root/airflow/dags/weather_etl_dag.py took 0.342 seconds
[2024-09-07T02:45:29.165+0000] {processor.py:186} INFO - Started process (PID=6691) to work on /root/airflow/dags/weather_etl_dag.py
[2024-09-07T02:45:29.166+0000] {processor.py:914} INFO - Processing file /root/airflow/dags/weather_etl_dag.py for tasks to queue
[2024-09-07T02:45:29.168+0000] {logging_mixin.py:190} INFO - [2024-09-07T02:45:29.167+0000] {dagbag.py:587} INFO - Filling up the DagBag from /root/airflow/dags/weather_etl_dag.py
[2024-09-07T02:45:29.197+0000] {logging_mixin.py:190} INFO - [2024-09-07T02:45:29.194+0000] {dagbag.py:386} ERROR - Failed to import: /root/airflow/dags/weather_etl_dag.py
Traceback (most recent call last):
  File "/usr/local/lib/python3.10/site-packages/airflow/models/dagbag.py", line 382, in parse
    loader.exec_module(new_module)
  File "<frozen importlib._bootstrap_external>", line 883, in exec_module
  File "<frozen importlib._bootstrap>", line 241, in _call_with_frames_removed
  File "/root/airflow/dags/weather_etl_dag.py", line 6, in <module>
    from weather_etl import (
  File "/root/airflow/dags/weather_etl.py", line 255
    server.sendmail(mail_from, [mail_to], msg.as_string())  # Enviar correo
                                                                           ^
SyntaxError: expected 'except' or 'finally' block
[2024-09-07T02:45:29.198+0000] {processor.py:927} WARNING - No viable dags retrieved from /root/airflow/dags/weather_etl_dag.py
[2024-09-07T02:45:30.696+0000] {processor.py:208} INFO - Processing /root/airflow/dags/weather_etl_dag.py took 1.538 seconds
[2024-09-07T02:55:31.449+0000] {processor.py:186} INFO - Started process (PID=6818) to work on /root/airflow/dags/weather_etl_dag.py
[2024-09-07T02:55:31.526+0000] {processor.py:914} INFO - Processing file /root/airflow/dags/weather_etl_dag.py for tasks to queue
[2024-09-07T02:55:31.528+0000] {logging_mixin.py:190} INFO - [2024-09-07T02:55:31.528+0000] {dagbag.py:587} INFO - Filling up the DagBag from /root/airflow/dags/weather_etl_dag.py
[2024-09-07T02:55:31.565+0000] {logging_mixin.py:190} INFO - [2024-09-07T02:55:31.562+0000] {dagbag.py:386} ERROR - Failed to import: /root/airflow/dags/weather_etl_dag.py
Traceback (most recent call last):
  File "/usr/local/lib/python3.10/site-packages/airflow/models/dagbag.py", line 382, in parse
    loader.exec_module(new_module)
  File "<frozen importlib._bootstrap_external>", line 883, in exec_module
  File "<frozen importlib._bootstrap>", line 241, in _call_with_frames_removed
  File "/root/airflow/dags/weather_etl_dag.py", line 6, in <module>
    from weather_etl import (
  File "/root/airflow/dags/weather_etl.py", line 255
    server.sendmail(mail_from, [mail_to], msg.as_string())  # Enviar correo
                                                                           ^
SyntaxError: expected 'except' or 'finally' block
[2024-09-07T02:55:31.567+0000] {processor.py:927} WARNING - No viable dags retrieved from /root/airflow/dags/weather_etl_dag.py
[2024-09-07T02:55:32.225+0000] {processor.py:208} INFO - Processing /root/airflow/dags/weather_etl_dag.py took 0.789 seconds
[2024-09-07T03:05:33.059+0000] {processor.py:186} INFO - Started process (PID=6951) to work on /root/airflow/dags/weather_etl_dag.py
[2024-09-07T03:05:33.069+0000] {processor.py:914} INFO - Processing file /root/airflow/dags/weather_etl_dag.py for tasks to queue
[2024-09-07T03:05:33.071+0000] {logging_mixin.py:190} INFO - [2024-09-07T03:05:33.071+0000] {dagbag.py:587} INFO - Filling up the DagBag from /root/airflow/dags/weather_etl_dag.py
[2024-09-07T03:05:33.408+0000] {logging_mixin.py:190} INFO - [2024-09-07T03:05:33.402+0000] {dagbag.py:386} ERROR - Failed to import: /root/airflow/dags/weather_etl_dag.py
Traceback (most recent call last):
  File "/usr/local/lib/python3.10/site-packages/airflow/models/dagbag.py", line 382, in parse
    loader.exec_module(new_module)
  File "<frozen importlib._bootstrap_external>", line 883, in exec_module
  File "<frozen importlib._bootstrap>", line 241, in _call_with_frames_removed
  File "/root/airflow/dags/weather_etl_dag.py", line 6, in <module>
    from weather_etl import (
  File "/root/airflow/dags/weather_etl.py", line 255
    server.sendmail(mail_from, [mail_to], msg.as_string())  # Enviar correo
                                                                           ^
SyntaxError: expected 'except' or 'finally' block
[2024-09-07T03:05:33.455+0000] {processor.py:927} WARNING - No viable dags retrieved from /root/airflow/dags/weather_etl_dag.py
[2024-09-07T03:05:33.530+0000] {processor.py:208} INFO - Processing /root/airflow/dags/weather_etl_dag.py took 0.551 seconds
[2024-09-07T03:15:33.981+0000] {processor.py:186} INFO - Started process (PID=7076) to work on /root/airflow/dags/weather_etl_dag.py
[2024-09-07T03:15:33.982+0000] {processor.py:914} INFO - Processing file /root/airflow/dags/weather_etl_dag.py for tasks to queue
[2024-09-07T03:15:33.984+0000] {logging_mixin.py:190} INFO - [2024-09-07T03:15:33.983+0000] {dagbag.py:587} INFO - Filling up the DagBag from /root/airflow/dags/weather_etl_dag.py
[2024-09-07T03:15:34.014+0000] {logging_mixin.py:190} INFO - [2024-09-07T03:15:34.012+0000] {dagbag.py:386} ERROR - Failed to import: /root/airflow/dags/weather_etl_dag.py
Traceback (most recent call last):
  File "/usr/local/lib/python3.10/site-packages/airflow/models/dagbag.py", line 382, in parse
    loader.exec_module(new_module)
  File "<frozen importlib._bootstrap_external>", line 883, in exec_module
  File "<frozen importlib._bootstrap>", line 241, in _call_with_frames_removed
  File "/root/airflow/dags/weather_etl_dag.py", line 6, in <module>
    from weather_etl import (
  File "/root/airflow/dags/weather_etl.py", line 255
    server.sendmail(mail_from, [mail_to], msg.as_string())  # Enviar correo
                                                                           ^
SyntaxError: expected 'except' or 'finally' block
[2024-09-07T03:15:34.015+0000] {processor.py:927} WARNING - No viable dags retrieved from /root/airflow/dags/weather_etl_dag.py
[2024-09-07T03:15:34.539+0000] {processor.py:208} INFO - Processing /root/airflow/dags/weather_etl_dag.py took 0.566 seconds
[2024-09-07T03:25:34.657+0000] {processor.py:186} INFO - Started process (PID=7194) to work on /root/airflow/dags/weather_etl_dag.py
[2024-09-07T03:25:34.659+0000] {processor.py:914} INFO - Processing file /root/airflow/dags/weather_etl_dag.py for tasks to queue
[2024-09-07T03:25:34.660+0000] {logging_mixin.py:190} INFO - [2024-09-07T03:25:34.660+0000] {dagbag.py:587} INFO - Filling up the DagBag from /root/airflow/dags/weather_etl_dag.py
[2024-09-07T03:25:34.695+0000] {logging_mixin.py:190} INFO - [2024-09-07T03:25:34.692+0000] {dagbag.py:386} ERROR - Failed to import: /root/airflow/dags/weather_etl_dag.py
Traceback (most recent call last):
  File "/usr/local/lib/python3.10/site-packages/airflow/models/dagbag.py", line 382, in parse
    loader.exec_module(new_module)
  File "<frozen importlib._bootstrap_external>", line 883, in exec_module
  File "<frozen importlib._bootstrap>", line 241, in _call_with_frames_removed
  File "/root/airflow/dags/weather_etl_dag.py", line 6, in <module>
    from weather_etl import (
  File "/root/airflow/dags/weather_etl.py", line 255
    server.sendmail(mail_from, [mail_to], msg.as_string())  # Enviar correo
                                                                           ^
SyntaxError: expected 'except' or 'finally' block
[2024-09-07T03:25:34.697+0000] {processor.py:927} WARNING - No viable dags retrieved from /root/airflow/dags/weather_etl_dag.py
[2024-09-07T03:25:34.768+0000] {processor.py:208} INFO - Processing /root/airflow/dags/weather_etl_dag.py took 0.119 seconds
[2024-09-07T03:35:35.608+0000] {processor.py:186} INFO - Started process (PID=7319) to work on /root/airflow/dags/weather_etl_dag.py
[2024-09-07T03:35:35.610+0000] {processor.py:914} INFO - Processing file /root/airflow/dags/weather_etl_dag.py for tasks to queue
[2024-09-07T03:35:35.611+0000] {logging_mixin.py:190} INFO - [2024-09-07T03:35:35.611+0000] {dagbag.py:587} INFO - Filling up the DagBag from /root/airflow/dags/weather_etl_dag.py
[2024-09-07T03:35:35.695+0000] {logging_mixin.py:190} INFO - [2024-09-07T03:35:35.691+0000] {dagbag.py:386} ERROR - Failed to import: /root/airflow/dags/weather_etl_dag.py
Traceback (most recent call last):
  File "/usr/local/lib/python3.10/site-packages/airflow/models/dagbag.py", line 382, in parse
    loader.exec_module(new_module)
  File "<frozen importlib._bootstrap_external>", line 883, in exec_module
  File "<frozen importlib._bootstrap>", line 241, in _call_with_frames_removed
  File "/root/airflow/dags/weather_etl_dag.py", line 6, in <module>
    from weather_etl import (
  File "/root/airflow/dags/weather_etl.py", line 255
    server.sendmail(mail_from, [mail_to], msg.as_string())  # Enviar correo
                                                                           ^
SyntaxError: expected 'except' or 'finally' block
[2024-09-07T03:35:35.697+0000] {processor.py:927} WARNING - No viable dags retrieved from /root/airflow/dags/weather_etl_dag.py
[2024-09-07T03:35:35.878+0000] {processor.py:208} INFO - Processing /root/airflow/dags/weather_etl_dag.py took 0.279 seconds
[2024-09-07T03:45:36.339+0000] {processor.py:186} INFO - Started process (PID=7442) to work on /root/airflow/dags/weather_etl_dag.py
[2024-09-07T03:45:36.339+0000] {processor.py:914} INFO - Processing file /root/airflow/dags/weather_etl_dag.py for tasks to queue
[2024-09-07T03:45:36.341+0000] {logging_mixin.py:190} INFO - [2024-09-07T03:45:36.340+0000] {dagbag.py:587} INFO - Filling up the DagBag from /root/airflow/dags/weather_etl_dag.py
[2024-09-07T03:45:36.366+0000] {logging_mixin.py:190} INFO - [2024-09-07T03:45:36.363+0000] {dagbag.py:386} ERROR - Failed to import: /root/airflow/dags/weather_etl_dag.py
Traceback (most recent call last):
  File "/usr/local/lib/python3.10/site-packages/airflow/models/dagbag.py", line 382, in parse
    loader.exec_module(new_module)
  File "<frozen importlib._bootstrap_external>", line 883, in exec_module
  File "<frozen importlib._bootstrap>", line 241, in _call_with_frames_removed
  File "/root/airflow/dags/weather_etl_dag.py", line 6, in <module>
    from weather_etl import (
  File "/root/airflow/dags/weather_etl.py", line 255
    server.sendmail(mail_from, [mail_to], msg.as_string())  # Enviar correo
                                                                           ^
SyntaxError: expected 'except' or 'finally' block
[2024-09-07T03:45:36.367+0000] {processor.py:927} WARNING - No viable dags retrieved from /root/airflow/dags/weather_etl_dag.py
[2024-09-07T03:45:36.533+0000] {processor.py:208} INFO - Processing /root/airflow/dags/weather_etl_dag.py took 0.200 seconds
[2024-09-07T03:55:36.694+0000] {processor.py:186} INFO - Started process (PID=7566) to work on /root/airflow/dags/weather_etl_dag.py
[2024-09-07T03:55:36.695+0000] {processor.py:914} INFO - Processing file /root/airflow/dags/weather_etl_dag.py for tasks to queue
[2024-09-07T03:55:36.696+0000] {logging_mixin.py:190} INFO - [2024-09-07T03:55:36.696+0000] {dagbag.py:587} INFO - Filling up the DagBag from /root/airflow/dags/weather_etl_dag.py
[2024-09-07T03:55:36.729+0000] {logging_mixin.py:190} INFO - [2024-09-07T03:55:36.725+0000] {dagbag.py:386} ERROR - Failed to import: /root/airflow/dags/weather_etl_dag.py
Traceback (most recent call last):
  File "/usr/local/lib/python3.10/site-packages/airflow/models/dagbag.py", line 382, in parse
    loader.exec_module(new_module)
  File "<frozen importlib._bootstrap_external>", line 883, in exec_module
  File "<frozen importlib._bootstrap>", line 241, in _call_with_frames_removed
  File "/root/airflow/dags/weather_etl_dag.py", line 6, in <module>
    from weather_etl import (
  File "/root/airflow/dags/weather_etl.py", line 255
    server.sendmail(mail_from, [mail_to], msg.as_string())  # Enviar correo
                                                                           ^
SyntaxError: expected 'except' or 'finally' block
[2024-09-07T03:55:36.730+0000] {processor.py:927} WARNING - No viable dags retrieved from /root/airflow/dags/weather_etl_dag.py
[2024-09-07T03:55:36.876+0000] {processor.py:208} INFO - Processing /root/airflow/dags/weather_etl_dag.py took 0.188 seconds
[2024-09-07T04:05:37.054+0000] {processor.py:186} INFO - Started process (PID=7687) to work on /root/airflow/dags/weather_etl_dag.py
[2024-09-07T04:05:37.055+0000] {processor.py:914} INFO - Processing file /root/airflow/dags/weather_etl_dag.py for tasks to queue
[2024-09-07T04:05:37.056+0000] {logging_mixin.py:190} INFO - [2024-09-07T04:05:37.056+0000] {dagbag.py:587} INFO - Filling up the DagBag from /root/airflow/dags/weather_etl_dag.py
[2024-09-07T04:05:37.086+0000] {logging_mixin.py:190} INFO - [2024-09-07T04:05:37.083+0000] {dagbag.py:386} ERROR - Failed to import: /root/airflow/dags/weather_etl_dag.py
Traceback (most recent call last):
  File "/usr/local/lib/python3.10/site-packages/airflow/models/dagbag.py", line 382, in parse
    loader.exec_module(new_module)
  File "<frozen importlib._bootstrap_external>", line 883, in exec_module
  File "<frozen importlib._bootstrap>", line 241, in _call_with_frames_removed
  File "/root/airflow/dags/weather_etl_dag.py", line 6, in <module>
    from weather_etl import (
  File "/root/airflow/dags/weather_etl.py", line 255
    server.sendmail(mail_from, [mail_to], msg.as_string())  # Enviar correo
                                                                           ^
SyntaxError: expected 'except' or 'finally' block
[2024-09-07T04:05:37.087+0000] {processor.py:927} WARNING - No viable dags retrieved from /root/airflow/dags/weather_etl_dag.py
[2024-09-07T04:05:37.312+0000] {processor.py:208} INFO - Processing /root/airflow/dags/weather_etl_dag.py took 0.264 seconds
[2024-09-07T04:15:37.763+0000] {processor.py:186} INFO - Started process (PID=7812) to work on /root/airflow/dags/weather_etl_dag.py
[2024-09-07T04:15:37.764+0000] {processor.py:914} INFO - Processing file /root/airflow/dags/weather_etl_dag.py for tasks to queue
[2024-09-07T04:15:37.765+0000] {logging_mixin.py:190} INFO - [2024-09-07T04:15:37.765+0000] {dagbag.py:587} INFO - Filling up the DagBag from /root/airflow/dags/weather_etl_dag.py
[2024-09-07T04:15:37.830+0000] {logging_mixin.py:190} INFO - [2024-09-07T04:15:37.826+0000] {dagbag.py:386} ERROR - Failed to import: /root/airflow/dags/weather_etl_dag.py
Traceback (most recent call last):
  File "/usr/local/lib/python3.10/site-packages/airflow/models/dagbag.py", line 382, in parse
    loader.exec_module(new_module)
  File "<frozen importlib._bootstrap_external>", line 883, in exec_module
  File "<frozen importlib._bootstrap>", line 241, in _call_with_frames_removed
  File "/root/airflow/dags/weather_etl_dag.py", line 6, in <module>
    from weather_etl import (
  File "/root/airflow/dags/weather_etl.py", line 255
    server.sendmail(mail_from, [mail_to], msg.as_string())  # Enviar correo
                                                                           ^
SyntaxError: expected 'except' or 'finally' block
[2024-09-07T04:15:37.831+0000] {processor.py:927} WARNING - No viable dags retrieved from /root/airflow/dags/weather_etl_dag.py
[2024-09-07T04:15:37.897+0000] {processor.py:208} INFO - Processing /root/airflow/dags/weather_etl_dag.py took 0.141 seconds
[2024-09-07T04:25:38.158+0000] {processor.py:186} INFO - Started process (PID=7936) to work on /root/airflow/dags/weather_etl_dag.py
[2024-09-07T04:25:38.159+0000] {processor.py:914} INFO - Processing file /root/airflow/dags/weather_etl_dag.py for tasks to queue
[2024-09-07T04:25:38.161+0000] {logging_mixin.py:190} INFO - [2024-09-07T04:25:38.160+0000] {dagbag.py:587} INFO - Filling up the DagBag from /root/airflow/dags/weather_etl_dag.py
[2024-09-07T04:25:38.191+0000] {logging_mixin.py:190} INFO - [2024-09-07T04:25:38.188+0000] {dagbag.py:386} ERROR - Failed to import: /root/airflow/dags/weather_etl_dag.py
Traceback (most recent call last):
  File "/usr/local/lib/python3.10/site-packages/airflow/models/dagbag.py", line 382, in parse
    loader.exec_module(new_module)
  File "<frozen importlib._bootstrap_external>", line 883, in exec_module
  File "<frozen importlib._bootstrap>", line 241, in _call_with_frames_removed
  File "/root/airflow/dags/weather_etl_dag.py", line 6, in <module>
    from weather_etl import (
  File "/root/airflow/dags/weather_etl.py", line 255
    server.sendmail(mail_from, [mail_to], msg.as_string())  # Enviar correo
                                                                           ^
SyntaxError: expected 'except' or 'finally' block
[2024-09-07T04:25:38.192+0000] {processor.py:927} WARNING - No viable dags retrieved from /root/airflow/dags/weather_etl_dag.py
[2024-09-07T04:25:38.262+0000] {processor.py:208} INFO - Processing /root/airflow/dags/weather_etl_dag.py took 0.109 seconds
[2024-09-07T04:35:38.366+0000] {processor.py:186} INFO - Started process (PID=8059) to work on /root/airflow/dags/weather_etl_dag.py
[2024-09-07T04:35:38.367+0000] {processor.py:914} INFO - Processing file /root/airflow/dags/weather_etl_dag.py for tasks to queue
[2024-09-07T04:35:38.369+0000] {logging_mixin.py:190} INFO - [2024-09-07T04:35:38.368+0000] {dagbag.py:587} INFO - Filling up the DagBag from /root/airflow/dags/weather_etl_dag.py
[2024-09-07T04:35:38.408+0000] {logging_mixin.py:190} INFO - [2024-09-07T04:35:38.400+0000] {dagbag.py:386} ERROR - Failed to import: /root/airflow/dags/weather_etl_dag.py
Traceback (most recent call last):
  File "/usr/local/lib/python3.10/site-packages/airflow/models/dagbag.py", line 382, in parse
    loader.exec_module(new_module)
  File "<frozen importlib._bootstrap_external>", line 883, in exec_module
  File "<frozen importlib._bootstrap>", line 241, in _call_with_frames_removed
  File "/root/airflow/dags/weather_etl_dag.py", line 6, in <module>
    from weather_etl import (
  File "/root/airflow/dags/weather_etl.py", line 255
    server.sendmail(mail_from, [mail_to], msg.as_string())  # Enviar correo
                                                                           ^
SyntaxError: expected 'except' or 'finally' block
[2024-09-07T04:35:38.438+0000] {processor.py:927} WARNING - No viable dags retrieved from /root/airflow/dags/weather_etl_dag.py
[2024-09-07T04:35:38.531+0000] {processor.py:208} INFO - Processing /root/airflow/dags/weather_etl_dag.py took 0.172 seconds
[2024-09-07T04:45:39.062+0000] {processor.py:186} INFO - Started process (PID=8184) to work on /root/airflow/dags/weather_etl_dag.py
[2024-09-07T04:45:39.063+0000] {processor.py:914} INFO - Processing file /root/airflow/dags/weather_etl_dag.py for tasks to queue
[2024-09-07T04:45:39.065+0000] {logging_mixin.py:190} INFO - [2024-09-07T04:45:39.064+0000] {dagbag.py:587} INFO - Filling up the DagBag from /root/airflow/dags/weather_etl_dag.py
[2024-09-07T04:45:39.087+0000] {logging_mixin.py:190} INFO - [2024-09-07T04:45:39.085+0000] {dagbag.py:386} ERROR - Failed to import: /root/airflow/dags/weather_etl_dag.py
Traceback (most recent call last):
  File "/usr/local/lib/python3.10/site-packages/airflow/models/dagbag.py", line 382, in parse
    loader.exec_module(new_module)
  File "<frozen importlib._bootstrap_external>", line 883, in exec_module
  File "<frozen importlib._bootstrap>", line 241, in _call_with_frames_removed
  File "/root/airflow/dags/weather_etl_dag.py", line 6, in <module>
    from weather_etl import (
  File "/root/airflow/dags/weather_etl.py", line 255
    server.sendmail(mail_from, [mail_to], msg.as_string())  # Enviar correo
                                                                           ^
SyntaxError: expected 'except' or 'finally' block
[2024-09-07T04:45:39.088+0000] {processor.py:927} WARNING - No viable dags retrieved from /root/airflow/dags/weather_etl_dag.py
[2024-09-07T04:45:39.142+0000] {processor.py:208} INFO - Processing /root/airflow/dags/weather_etl_dag.py took 0.086 seconds
[2024-09-07T04:55:39.915+0000] {processor.py:186} INFO - Started process (PID=8306) to work on /root/airflow/dags/weather_etl_dag.py
[2024-09-07T04:55:39.916+0000] {processor.py:914} INFO - Processing file /root/airflow/dags/weather_etl_dag.py for tasks to queue
[2024-09-07T04:55:39.918+0000] {logging_mixin.py:190} INFO - [2024-09-07T04:55:39.917+0000] {dagbag.py:587} INFO - Filling up the DagBag from /root/airflow/dags/weather_etl_dag.py
[2024-09-07T04:55:39.946+0000] {logging_mixin.py:190} INFO - [2024-09-07T04:55:39.943+0000] {dagbag.py:386} ERROR - Failed to import: /root/airflow/dags/weather_etl_dag.py
Traceback (most recent call last):
  File "/usr/local/lib/python3.10/site-packages/airflow/models/dagbag.py", line 382, in parse
    loader.exec_module(new_module)
  File "<frozen importlib._bootstrap_external>", line 883, in exec_module
  File "<frozen importlib._bootstrap>", line 241, in _call_with_frames_removed
  File "/root/airflow/dags/weather_etl_dag.py", line 6, in <module>
    from weather_etl import (
  File "/root/airflow/dags/weather_etl.py", line 255
    server.sendmail(mail_from, [mail_to], msg.as_string())  # Enviar correo
                                                                           ^
SyntaxError: expected 'except' or 'finally' block
[2024-09-07T04:55:39.947+0000] {processor.py:927} WARNING - No viable dags retrieved from /root/airflow/dags/weather_etl_dag.py
[2024-09-07T04:55:40.007+0000] {processor.py:208} INFO - Processing /root/airflow/dags/weather_etl_dag.py took 0.103 seconds
[2024-09-07T05:05:40.531+0000] {processor.py:186} INFO - Started process (PID=8424) to work on /root/airflow/dags/weather_etl_dag.py
[2024-09-07T05:05:40.557+0000] {processor.py:914} INFO - Processing file /root/airflow/dags/weather_etl_dag.py for tasks to queue
[2024-09-07T05:05:40.574+0000] {logging_mixin.py:190} INFO - [2024-09-07T05:05:40.573+0000] {dagbag.py:587} INFO - Filling up the DagBag from /root/airflow/dags/weather_etl_dag.py
[2024-09-07T05:05:40.614+0000] {logging_mixin.py:190} INFO - [2024-09-07T05:05:40.611+0000] {dagbag.py:386} ERROR - Failed to import: /root/airflow/dags/weather_etl_dag.py
Traceback (most recent call last):
  File "/usr/local/lib/python3.10/site-packages/airflow/models/dagbag.py", line 382, in parse
    loader.exec_module(new_module)
  File "<frozen importlib._bootstrap_external>", line 883, in exec_module
  File "<frozen importlib._bootstrap>", line 241, in _call_with_frames_removed
  File "/root/airflow/dags/weather_etl_dag.py", line 6, in <module>
    from weather_etl import (
  File "/root/airflow/dags/weather_etl.py", line 255
    server.sendmail(mail_from, [mail_to], msg.as_string())  # Enviar correo
                                                                           ^
SyntaxError: expected 'except' or 'finally' block
[2024-09-07T05:05:40.616+0000] {processor.py:927} WARNING - No viable dags retrieved from /root/airflow/dags/weather_etl_dag.py
[2024-09-07T05:05:40.678+0000] {processor.py:208} INFO - Processing /root/airflow/dags/weather_etl_dag.py took 0.155 seconds
[2024-09-07T13:35:40.007+0000] {processor.py:186} INFO - Started process (PID=8431) to work on /root/airflow/dags/weather_etl_dag.py
[2024-09-07T13:35:40.051+0000] {processor.py:914} INFO - Processing file /root/airflow/dags/weather_etl_dag.py for tasks to queue
[2024-09-07T13:35:40.121+0000] {logging_mixin.py:190} INFO - [2024-09-07T13:35:40.120+0000] {dagbag.py:587} INFO - Filling up the DagBag from /root/airflow/dags/weather_etl_dag.py
[2024-09-07T13:35:40.826+0000] {logging_mixin.py:190} INFO - [2024-09-07T13:35:40.821+0000] {dagbag.py:386} ERROR - Failed to import: /root/airflow/dags/weather_etl_dag.py
Traceback (most recent call last):
  File "/usr/local/lib/python3.10/site-packages/airflow/models/dagbag.py", line 382, in parse
    loader.exec_module(new_module)
  File "<frozen importlib._bootstrap_external>", line 883, in exec_module
  File "<frozen importlib._bootstrap>", line 241, in _call_with_frames_removed
  File "/root/airflow/dags/weather_etl_dag.py", line 6, in <module>
    from weather_etl import (
  File "/root/airflow/dags/weather_etl.py", line 255
    server.sendmail(mail_from, [mail_to], msg.as_string())  # Enviar correo
                                                                           ^
SyntaxError: expected 'except' or 'finally' block
[2024-09-07T13:35:40.827+0000] {processor.py:927} WARNING - No viable dags retrieved from /root/airflow/dags/weather_etl_dag.py
[2024-09-07T13:35:41.792+0000] {processor.py:208} INFO - Processing /root/airflow/dags/weather_etl_dag.py took 1.820 seconds
[2024-09-07T13:45:46.334+0000] {processor.py:186} INFO - Started process (PID=8558) to work on /root/airflow/dags/weather_etl_dag.py
[2024-09-07T13:45:46.335+0000] {processor.py:914} INFO - Processing file /root/airflow/dags/weather_etl_dag.py for tasks to queue
[2024-09-07T13:45:46.337+0000] {logging_mixin.py:190} INFO - [2024-09-07T13:45:46.337+0000] {dagbag.py:587} INFO - Filling up the DagBag from /root/airflow/dags/weather_etl_dag.py
[2024-09-07T13:45:46.406+0000] {logging_mixin.py:190} INFO - [2024-09-07T13:45:46.401+0000] {dagbag.py:386} ERROR - Failed to import: /root/airflow/dags/weather_etl_dag.py
Traceback (most recent call last):
  File "/usr/local/lib/python3.10/site-packages/airflow/models/dagbag.py", line 382, in parse
    loader.exec_module(new_module)
  File "<frozen importlib._bootstrap_external>", line 883, in exec_module
  File "<frozen importlib._bootstrap>", line 241, in _call_with_frames_removed
  File "/root/airflow/dags/weather_etl_dag.py", line 6, in <module>
    from weather_etl import (
  File "/root/airflow/dags/weather_etl.py", line 255
    server.sendmail(mail_from, [mail_to], msg.as_string())  # Enviar correo
                                                                           ^
SyntaxError: expected 'except' or 'finally' block
[2024-09-07T13:45:46.407+0000] {processor.py:927} WARNING - No viable dags retrieved from /root/airflow/dags/weather_etl_dag.py
[2024-09-07T13:45:46.573+0000] {processor.py:208} INFO - Processing /root/airflow/dags/weather_etl_dag.py took 0.252 seconds
[2024-09-07T13:55:46.959+0000] {processor.py:186} INFO - Started process (PID=8682) to work on /root/airflow/dags/weather_etl_dag.py
[2024-09-07T13:55:46.960+0000] {processor.py:914} INFO - Processing file /root/airflow/dags/weather_etl_dag.py for tasks to queue
[2024-09-07T13:55:46.963+0000] {logging_mixin.py:190} INFO - [2024-09-07T13:55:46.963+0000] {dagbag.py:587} INFO - Filling up the DagBag from /root/airflow/dags/weather_etl_dag.py
[2024-09-07T13:55:47.063+0000] {logging_mixin.py:190} INFO - [2024-09-07T13:55:47.059+0000] {dagbag.py:386} ERROR - Failed to import: /root/airflow/dags/weather_etl_dag.py
Traceback (most recent call last):
  File "/usr/local/lib/python3.10/site-packages/airflow/models/dagbag.py", line 382, in parse
    loader.exec_module(new_module)
  File "<frozen importlib._bootstrap_external>", line 883, in exec_module
  File "<frozen importlib._bootstrap>", line 241, in _call_with_frames_removed
  File "/root/airflow/dags/weather_etl_dag.py", line 6, in <module>
    from weather_etl import (
  File "/root/airflow/dags/weather_etl.py", line 255
    server.sendmail(mail_from, [mail_to], msg.as_string())  # Enviar correo
                                                                           ^
SyntaxError: expected 'except' or 'finally' block
[2024-09-07T13:55:47.064+0000] {processor.py:927} WARNING - No viable dags retrieved from /root/airflow/dags/weather_etl_dag.py
[2024-09-07T13:55:47.243+0000] {processor.py:208} INFO - Processing /root/airflow/dags/weather_etl_dag.py took 0.292 seconds
[2024-09-07T14:05:47.417+0000] {processor.py:186} INFO - Started process (PID=8809) to work on /root/airflow/dags/weather_etl_dag.py
[2024-09-07T14:05:47.419+0000] {processor.py:914} INFO - Processing file /root/airflow/dags/weather_etl_dag.py for tasks to queue
[2024-09-07T14:05:47.421+0000] {logging_mixin.py:190} INFO - [2024-09-07T14:05:47.420+0000] {dagbag.py:587} INFO - Filling up the DagBag from /root/airflow/dags/weather_etl_dag.py
[2024-09-07T14:05:47.460+0000] {logging_mixin.py:190} INFO - [2024-09-07T14:05:47.457+0000] {dagbag.py:386} ERROR - Failed to import: /root/airflow/dags/weather_etl_dag.py
Traceback (most recent call last):
  File "/usr/local/lib/python3.10/site-packages/airflow/models/dagbag.py", line 382, in parse
    loader.exec_module(new_module)
  File "<frozen importlib._bootstrap_external>", line 883, in exec_module
  File "<frozen importlib._bootstrap>", line 241, in _call_with_frames_removed
  File "/root/airflow/dags/weather_etl_dag.py", line 6, in <module>
    from weather_etl import (
  File "/root/airflow/dags/weather_etl.py", line 255
    server.sendmail(mail_from, [mail_to], msg.as_string())  # Enviar correo
                                                                           ^
SyntaxError: expected 'except' or 'finally' block
[2024-09-07T14:05:47.461+0000] {processor.py:927} WARNING - No viable dags retrieved from /root/airflow/dags/weather_etl_dag.py
[2024-09-07T14:05:47.678+0000] {processor.py:208} INFO - Processing /root/airflow/dags/weather_etl_dag.py took 0.270 seconds
[2024-09-07T14:15:48.164+0000] {processor.py:186} INFO - Started process (PID=8936) to work on /root/airflow/dags/weather_etl_dag.py
[2024-09-07T14:15:48.165+0000] {processor.py:914} INFO - Processing file /root/airflow/dags/weather_etl_dag.py for tasks to queue
[2024-09-07T14:15:48.167+0000] {logging_mixin.py:190} INFO - [2024-09-07T14:15:48.167+0000] {dagbag.py:587} INFO - Filling up the DagBag from /root/airflow/dags/weather_etl_dag.py
[2024-09-07T14:15:48.224+0000] {logging_mixin.py:190} INFO - [2024-09-07T14:15:48.222+0000] {dagbag.py:386} ERROR - Failed to import: /root/airflow/dags/weather_etl_dag.py
Traceback (most recent call last):
  File "/usr/local/lib/python3.10/site-packages/airflow/models/dagbag.py", line 382, in parse
    loader.exec_module(new_module)
  File "<frozen importlib._bootstrap_external>", line 883, in exec_module
  File "<frozen importlib._bootstrap>", line 241, in _call_with_frames_removed
  File "/root/airflow/dags/weather_etl_dag.py", line 6, in <module>
    from weather_etl import (
  File "/root/airflow/dags/weather_etl.py", line 255
    server.sendmail(mail_from, [mail_to], msg.as_string())  # Enviar correo
                                                                           ^
SyntaxError: expected 'except' or 'finally' block
[2024-09-07T14:15:48.225+0000] {processor.py:927} WARNING - No viable dags retrieved from /root/airflow/dags/weather_etl_dag.py
[2024-09-07T14:15:48.450+0000] {processor.py:208} INFO - Processing /root/airflow/dags/weather_etl_dag.py took 0.295 seconds
[2024-09-07T14:25:49.435+0000] {processor.py:186} INFO - Started process (PID=9059) to work on /root/airflow/dags/weather_etl_dag.py
[2024-09-07T14:25:49.472+0000] {processor.py:914} INFO - Processing file /root/airflow/dags/weather_etl_dag.py for tasks to queue
[2024-09-07T14:25:49.475+0000] {logging_mixin.py:190} INFO - [2024-09-07T14:25:49.475+0000] {dagbag.py:587} INFO - Filling up the DagBag from /root/airflow/dags/weather_etl_dag.py
[2024-09-07T14:25:49.578+0000] {logging_mixin.py:190} INFO - [2024-09-07T14:25:49.574+0000] {dagbag.py:386} ERROR - Failed to import: /root/airflow/dags/weather_etl_dag.py
Traceback (most recent call last):
  File "/usr/local/lib/python3.10/site-packages/airflow/models/dagbag.py", line 382, in parse
    loader.exec_module(new_module)
  File "<frozen importlib._bootstrap_external>", line 883, in exec_module
  File "<frozen importlib._bootstrap>", line 241, in _call_with_frames_removed
  File "/root/airflow/dags/weather_etl_dag.py", line 6, in <module>
    from weather_etl import (
  File "/root/airflow/dags/weather_etl.py", line 255
    server.sendmail(mail_from, [mail_to], msg.as_string())  # Enviar correo
                                                                           ^
SyntaxError: expected 'except' or 'finally' block
[2024-09-07T14:25:49.579+0000] {processor.py:927} WARNING - No viable dags retrieved from /root/airflow/dags/weather_etl_dag.py
[2024-09-07T14:25:49.651+0000] {processor.py:208} INFO - Processing /root/airflow/dags/weather_etl_dag.py took 0.226 seconds
[2024-09-07T14:35:50.498+0000] {processor.py:186} INFO - Started process (PID=9184) to work on /root/airflow/dags/weather_etl_dag.py
[2024-09-07T14:35:50.500+0000] {processor.py:914} INFO - Processing file /root/airflow/dags/weather_etl_dag.py for tasks to queue
[2024-09-07T14:35:50.503+0000] {logging_mixin.py:190} INFO - [2024-09-07T14:35:50.503+0000] {dagbag.py:587} INFO - Filling up the DagBag from /root/airflow/dags/weather_etl_dag.py
[2024-09-07T14:35:50.573+0000] {logging_mixin.py:190} INFO - [2024-09-07T14:35:50.570+0000] {dagbag.py:386} ERROR - Failed to import: /root/airflow/dags/weather_etl_dag.py
Traceback (most recent call last):
  File "/usr/local/lib/python3.10/site-packages/airflow/models/dagbag.py", line 382, in parse
    loader.exec_module(new_module)
  File "<frozen importlib._bootstrap_external>", line 883, in exec_module
  File "<frozen importlib._bootstrap>", line 241, in _call_with_frames_removed
  File "/root/airflow/dags/weather_etl_dag.py", line 6, in <module>
    from weather_etl import (
  File "/root/airflow/dags/weather_etl.py", line 255
    server.sendmail(mail_from, [mail_to], msg.as_string())  # Enviar correo
                                                                           ^
SyntaxError: expected 'except' or 'finally' block
[2024-09-07T14:35:50.574+0000] {processor.py:927} WARNING - No viable dags retrieved from /root/airflow/dags/weather_etl_dag.py
[2024-09-07T14:35:50.699+0000] {processor.py:208} INFO - Processing /root/airflow/dags/weather_etl_dag.py took 0.209 seconds
[2024-09-07T14:45:51.579+0000] {processor.py:186} INFO - Started process (PID=9310) to work on /root/airflow/dags/weather_etl_dag.py
[2024-09-07T14:45:51.580+0000] {processor.py:914} INFO - Processing file /root/airflow/dags/weather_etl_dag.py for tasks to queue
[2024-09-07T14:45:51.581+0000] {logging_mixin.py:190} INFO - [2024-09-07T14:45:51.581+0000] {dagbag.py:587} INFO - Filling up the DagBag from /root/airflow/dags/weather_etl_dag.py
[2024-09-07T14:45:51.629+0000] {logging_mixin.py:190} INFO - [2024-09-07T14:45:51.626+0000] {dagbag.py:386} ERROR - Failed to import: /root/airflow/dags/weather_etl_dag.py
Traceback (most recent call last):
  File "/usr/local/lib/python3.10/site-packages/airflow/models/dagbag.py", line 382, in parse
    loader.exec_module(new_module)
  File "<frozen importlib._bootstrap_external>", line 883, in exec_module
  File "<frozen importlib._bootstrap>", line 241, in _call_with_frames_removed
  File "/root/airflow/dags/weather_etl_dag.py", line 6, in <module>
    from weather_etl import (
  File "/root/airflow/dags/weather_etl.py", line 255
    server.sendmail(mail_from, [mail_to], msg.as_string())  # Enviar correo
                                                                           ^
SyntaxError: expected 'except' or 'finally' block
[2024-09-07T14:45:51.631+0000] {processor.py:927} WARNING - No viable dags retrieved from /root/airflow/dags/weather_etl_dag.py
[2024-09-07T14:45:51.811+0000] {processor.py:208} INFO - Processing /root/airflow/dags/weather_etl_dag.py took 0.240 seconds
[2024-09-07T14:55:53.177+0000] {processor.py:186} INFO - Started process (PID=9434) to work on /root/airflow/dags/weather_etl_dag.py
[2024-09-07T14:55:53.181+0000] {processor.py:914} INFO - Processing file /root/airflow/dags/weather_etl_dag.py for tasks to queue
[2024-09-07T14:55:53.183+0000] {logging_mixin.py:190} INFO - [2024-09-07T14:55:53.182+0000] {dagbag.py:587} INFO - Filling up the DagBag from /root/airflow/dags/weather_etl_dag.py
[2024-09-07T14:55:53.241+0000] {logging_mixin.py:190} INFO - [2024-09-07T14:55:53.229+0000] {dagbag.py:386} ERROR - Failed to import: /root/airflow/dags/weather_etl_dag.py
Traceback (most recent call last):
  File "/usr/local/lib/python3.10/site-packages/airflow/models/dagbag.py", line 382, in parse
    loader.exec_module(new_module)
  File "<frozen importlib._bootstrap_external>", line 883, in exec_module
  File "<frozen importlib._bootstrap>", line 241, in _call_with_frames_removed
  File "/root/airflow/dags/weather_etl_dag.py", line 6, in <module>
    from weather_etl import (
  File "/root/airflow/dags/weather_etl.py", line 255
    server.sendmail(mail_from, [mail_to], msg.as_string())  # Enviar correo
                                                                           ^
SyntaxError: expected 'except' or 'finally' block
[2024-09-07T14:55:53.277+0000] {processor.py:927} WARNING - No viable dags retrieved from /root/airflow/dags/weather_etl_dag.py
[2024-09-07T14:55:53.376+0000] {processor.py:208} INFO - Processing /root/airflow/dags/weather_etl_dag.py took 0.288 seconds
[2024-09-07T15:05:53.597+0000] {processor.py:186} INFO - Started process (PID=9563) to work on /root/airflow/dags/weather_etl_dag.py
[2024-09-07T15:05:53.598+0000] {processor.py:914} INFO - Processing file /root/airflow/dags/weather_etl_dag.py for tasks to queue
[2024-09-07T15:05:53.600+0000] {logging_mixin.py:190} INFO - [2024-09-07T15:05:53.600+0000] {dagbag.py:587} INFO - Filling up the DagBag from /root/airflow/dags/weather_etl_dag.py
[2024-09-07T15:05:54.676+0000] {processor.py:925} INFO - DAG(s) 'weather_etl_dag' retrieved from /root/airflow/dags/weather_etl_dag.py
[2024-09-07T15:05:54.955+0000] {logging_mixin.py:190} INFO - [2024-09-07T15:05:54.955+0000] {dag.py:3211} INFO - Sync 1 DAGs
[2024-09-07T15:05:55.069+0000] {logging_mixin.py:190} INFO - [2024-09-07T15:05:55.069+0000] {dag.py:4138} INFO - Setting next_dagrun for weather_etl_dag to 2024-09-07 00:00:00+00:00, run_after=2024-09-08 00:00:00+00:00
[2024-09-07T15:05:55.162+0000] {processor.py:208} INFO - Processing /root/airflow/dags/weather_etl_dag.py took 1.570 seconds
[2024-09-07T15:15:55.835+0000] {processor.py:186} INFO - Started process (PID=9692) to work on /root/airflow/dags/weather_etl_dag.py
[2024-09-07T15:15:55.837+0000] {processor.py:914} INFO - Processing file /root/airflow/dags/weather_etl_dag.py for tasks to queue
[2024-09-07T15:15:55.838+0000] {logging_mixin.py:190} INFO - [2024-09-07T15:15:55.838+0000] {dagbag.py:587} INFO - Filling up the DagBag from /root/airflow/dags/weather_etl_dag.py
[2024-09-07T15:15:57.643+0000] {processor.py:925} INFO - DAG(s) 'weather_etl_dag' retrieved from /root/airflow/dags/weather_etl_dag.py
[2024-09-07T15:15:57.732+0000] {logging_mixin.py:190} INFO - [2024-09-07T15:15:57.731+0000] {dag.py:3211} INFO - Sync 1 DAGs
[2024-09-07T15:15:57.758+0000] {logging_mixin.py:190} INFO - [2024-09-07T15:15:57.757+0000] {dag.py:4138} INFO - Setting next_dagrun for weather_etl_dag to 2024-09-07 00:00:00+00:00, run_after=2024-09-08 00:00:00+00:00
[2024-09-07T15:15:58.077+0000] {processor.py:208} INFO - Processing /root/airflow/dags/weather_etl_dag.py took 2.250 seconds
[2024-09-07T15:25:58.524+0000] {processor.py:186} INFO - Started process (PID=9818) to work on /root/airflow/dags/weather_etl_dag.py
[2024-09-07T15:25:58.525+0000] {processor.py:914} INFO - Processing file /root/airflow/dags/weather_etl_dag.py for tasks to queue
[2024-09-07T15:25:58.527+0000] {logging_mixin.py:190} INFO - [2024-09-07T15:25:58.526+0000] {dagbag.py:587} INFO - Filling up the DagBag from /root/airflow/dags/weather_etl_dag.py
[2024-09-07T15:25:59.807+0000] {processor.py:925} INFO - DAG(s) 'weather_etl_dag' retrieved from /root/airflow/dags/weather_etl_dag.py
[2024-09-07T15:25:59.834+0000] {logging_mixin.py:190} INFO - [2024-09-07T15:25:59.833+0000] {dag.py:3211} INFO - Sync 1 DAGs
[2024-09-07T15:25:59.902+0000] {logging_mixin.py:190} INFO - [2024-09-07T15:25:59.902+0000] {dag.py:4138} INFO - Setting next_dagrun for weather_etl_dag to 2024-09-07 00:00:00+00:00, run_after=2024-09-08 00:00:00+00:00
[2024-09-07T15:25:59.979+0000] {processor.py:208} INFO - Processing /root/airflow/dags/weather_etl_dag.py took 1.461 seconds
[2024-09-07T15:36:00.489+0000] {processor.py:186} INFO - Started process (PID=9946) to work on /root/airflow/dags/weather_etl_dag.py
[2024-09-07T15:36:00.490+0000] {processor.py:914} INFO - Processing file /root/airflow/dags/weather_etl_dag.py for tasks to queue
[2024-09-07T15:36:00.493+0000] {logging_mixin.py:190} INFO - [2024-09-07T15:36:00.493+0000] {dagbag.py:587} INFO - Filling up the DagBag from /root/airflow/dags/weather_etl_dag.py
[2024-09-07T15:36:01.983+0000] {processor.py:925} INFO - DAG(s) 'weather_etl_dag' retrieved from /root/airflow/dags/weather_etl_dag.py
[2024-09-07T15:36:02.015+0000] {logging_mixin.py:190} INFO - [2024-09-07T15:36:02.014+0000] {dag.py:3211} INFO - Sync 1 DAGs
[2024-09-07T15:36:02.093+0000] {logging_mixin.py:190} INFO - [2024-09-07T15:36:02.093+0000] {dag.py:4138} INFO - Setting next_dagrun for weather_etl_dag to 2024-09-07 00:00:00+00:00, run_after=2024-09-08 00:00:00+00:00
[2024-09-07T15:36:03.030+0000] {processor.py:208} INFO - Processing /root/airflow/dags/weather_etl_dag.py took 2.551 seconds
[2024-09-07T15:46:03.541+0000] {processor.py:186} INFO - Started process (PID=10075) to work on /root/airflow/dags/weather_etl_dag.py
[2024-09-07T15:46:03.542+0000] {processor.py:914} INFO - Processing file /root/airflow/dags/weather_etl_dag.py for tasks to queue
[2024-09-07T15:46:03.543+0000] {logging_mixin.py:190} INFO - [2024-09-07T15:46:03.543+0000] {dagbag.py:587} INFO - Filling up the DagBag from /root/airflow/dags/weather_etl_dag.py
[2024-09-07T15:46:04.595+0000] {processor.py:925} INFO - DAG(s) 'weather_etl_dag' retrieved from /root/airflow/dags/weather_etl_dag.py
[2024-09-07T15:46:04.671+0000] {logging_mixin.py:190} INFO - [2024-09-07T15:46:04.670+0000] {dag.py:3211} INFO - Sync 1 DAGs
[2024-09-07T15:46:04.689+0000] {logging_mixin.py:190} INFO - [2024-09-07T15:46:04.689+0000] {dag.py:4138} INFO - Setting next_dagrun for weather_etl_dag to 2024-09-07 00:00:00+00:00, run_after=2024-09-08 00:00:00+00:00
[2024-09-07T15:46:05.288+0000] {processor.py:208} INFO - Processing /root/airflow/dags/weather_etl_dag.py took 1.756 seconds
