[2024-08-14T00:02:39.088+0000] {local_task_job_runner.py:120} INFO - ::group::Pre task execution logs
[2024-08-14T00:02:39.510+0000] {taskinstance.py:2076} INFO - Dependencies all met for dep_context=non-requeueable deps ti=<TaskInstance: weather_etl_dag.translate_and_clean_data scheduled__2024-08-13T00:00:00+00:00 [queued]>
[2024-08-14T00:02:39.523+0000] {taskinstance.py:2076} INFO - Dependencies all met for dep_context=requeueable deps ti=<TaskInstance: weather_etl_dag.translate_and_clean_data scheduled__2024-08-13T00:00:00+00:00 [queued]>
[2024-08-14T00:02:39.524+0000] {taskinstance.py:2306} INFO - Starting attempt 1 of 2
[2024-08-14T00:02:39.687+0000] {taskinstance.py:2330} INFO - Executing <Task(PythonOperator): translate_and_clean_data> on 2024-08-13 00:00:00+00:00
[2024-08-14T00:02:39.814+0000] {warnings.py:112} WARNING - /home/***/.local/lib/python3.12/site-packages/***/task/task_runner/standard_task_runner.py:62: DeprecationWarning: This process (pid=4293) is multi-threaded, use of fork() may lead to deadlocks in the child.
  pid = os.fork()

[2024-08-14T00:02:39.908+0000] {standard_task_runner.py:64} INFO - Started process 4295 to run task
[2024-08-14T00:02:39.892+0000] {standard_task_runner.py:90} INFO - Running: ['***', 'tasks', 'run', 'weather_etl_dag', 'translate_and_clean_data', 'scheduled__2024-08-13T00:00:00+00:00', '--job-id', '24', '--raw', '--subdir', 'DAGS_FOLDER/weather_etl_dag.py', '--cfg-path', '/tmp/tmprqr58wxc']
[2024-08-14T00:02:39.964+0000] {standard_task_runner.py:91} INFO - Job 24: Subtask translate_and_clean_data
[2024-08-14T00:02:40.937+0000] {task_command.py:426} INFO - Running <TaskInstance: weather_etl_dag.translate_and_clean_data scheduled__2024-08-13T00:00:00+00:00 [running]> on host 68978d07c676
[2024-08-14T00:02:41.394+0000] {taskinstance.py:2648} INFO - Exporting env vars: AIRFLOW_CTX_DAG_OWNER='***' AIRFLOW_CTX_DAG_ID='weather_etl_dag' AIRFLOW_CTX_TASK_ID='translate_and_clean_data' AIRFLOW_CTX_EXECUTION_DATE='2024-08-13T00:00:00+00:00' AIRFLOW_CTX_TRY_NUMBER='1' AIRFLOW_CTX_DAG_RUN_ID='scheduled__2024-08-13T00:00:00+00:00'
[2024-08-14T00:02:41.395+0000] {taskinstance.py:430} INFO - ::endgroup::
[2024-08-14T00:03:44.163+0000] {python.py:237} INFO - Done. Returned value was: None
[2024-08-14T00:03:44.167+0000] {taskinstance.py:441} INFO - ::group::Post task execution logs
[2024-08-14T00:03:44.178+0000] {taskinstance.py:1206} INFO - Marking task as SUCCESS. dag_id=weather_etl_dag, task_id=translate_and_clean_data, run_id=scheduled__2024-08-13T00:00:00+00:00, execution_date=20240813T000000, start_date=20240814T000239, end_date=20240814T000344
[2024-08-14T00:03:44.712+0000] {local_task_job_runner.py:243} INFO - Task exited with return code 0
[2024-08-14T00:03:44.728+0000] {taskinstance.py:3503} INFO - 1 downstream tasks scheduled from follow-on schedule check
[2024-08-14T00:03:45.492+0000] {local_task_job_runner.py:222} INFO - ::endgroup::
[2024-09-05T00:43:56.029+0000] {local_task_job_runner.py:123} INFO - ::group::Pre task execution logs
[2024-09-05T00:43:56.105+0000] {taskinstance.py:2603} INFO - Dependencies all met for dep_context=non-requeueable deps ti=<TaskInstance: weather_etl_dag.translate_and_clean_data scheduled__2024-08-13T00:00:00+00:00 [queued]>
[2024-09-05T00:43:56.126+0000] {taskinstance.py:2603} INFO - Dependencies all met for dep_context=requeueable deps ti=<TaskInstance: weather_etl_dag.translate_and_clean_data scheduled__2024-08-13T00:00:00+00:00 [queued]>
[2024-09-05T00:43:56.127+0000] {taskinstance.py:2856} INFO - Starting attempt 1 of 2
[2024-09-05T00:43:56.225+0000] {taskinstance.py:2879} INFO - Executing <Task(PythonOperator): translate_and_clean_data> on 2024-08-13 00:00:00+00:00
[2024-09-05T00:43:56.231+0000] {warnings.py:112} WARNING - /usr/local/lib/python3.12/site-packages/***/task/task_runner/standard_task_runner.py:70: DeprecationWarning: This process (pid=606) is multi-threaded, use of fork() may lead to deadlocks in the child.
  pid = os.fork()

[2024-09-05T00:43:56.233+0000] {standard_task_runner.py:72} INFO - Started process 608 to run task
[2024-09-05T00:43:56.234+0000] {standard_task_runner.py:104} INFO - Running: ['***', 'tasks', 'run', 'weather_etl_dag', 'translate_and_clean_data', 'scheduled__2024-08-13T00:00:00+00:00', '--job-id', '68', '--raw', '--subdir', 'DAGS_FOLDER/weather_etl_dag.py', '--cfg-path', '/tmp/tmp2b7p5pps']
[2024-09-05T00:43:56.237+0000] {standard_task_runner.py:105} INFO - Job 68: Subtask translate_and_clean_data
[2024-09-05T00:43:56.483+0000] {task_command.py:467} INFO - Running <TaskInstance: weather_etl_dag.translate_and_clean_data scheduled__2024-08-13T00:00:00+00:00 [running]> on host b778581f4b0f
[2024-09-05T00:43:57.261+0000] {taskinstance.py:3122} INFO - Exporting env vars: AIRFLOW_CTX_DAG_OWNER='***' AIRFLOW_CTX_DAG_ID='weather_etl_dag' AIRFLOW_CTX_TASK_ID='translate_and_clean_data' AIRFLOW_CTX_EXECUTION_DATE='2024-08-13T00:00:00+00:00' AIRFLOW_CTX_TRY_NUMBER='1' AIRFLOW_CTX_DAG_RUN_ID='scheduled__2024-08-13T00:00:00+00:00'
[2024-09-05T00:43:57.267+0000] {taskinstance.py:731} INFO - ::endgroup::
[2024-09-05T00:43:57.296+0000] {logging_mixin.py:190} INFO - Recuperando DataFrame de pronósticos desde XCom
[2024-09-05T00:43:57.362+0000] {logging_mixin.py:190} INFO - Número de registros en pronósticos: 18
[2024-09-05T00:43:57.381+0000] {logging_mixin.py:190} INFO - Pronósticos antes de limpiar y traducir:    cve_mun            municipio  ... wind_kph  humidity
0        1    AMEALCO DE BONFIL  ...     16.9        77
1        2      PINAL DE AMOLES  ...     19.8        77
2        3          ARROYO SECO  ...     19.1        82
3        4  CADEREYTA DE MONTES  ...     16.2        78
4        5                COLON  ...     19.8        77

[5 rows x 10 columns]
[2024-09-05T00:44:53.993+0000] {logging_mixin.py:190} INFO - Pronósticos después de limpiar y traducir:    cve_mun            municipio  ... viento_kph  humedad
0        1    Amealco De Bonfil  ...       16.9       77
1        2      Pinal De Amoles  ...       19.8       77
2        3          Arroyo Seco  ...       19.1       82
3        4  Cadereyta De Montes  ...       16.2       78
4        5                Colon  ...       19.8       77

[5 rows x 10 columns]
[2024-09-05T00:44:54.098+0000] {python.py:240} INFO - Done. Returned value was: None
[2024-09-05T00:44:54.137+0000] {taskinstance.py:340} INFO - ::group::Post task execution logs
[2024-09-05T00:44:54.151+0000] {taskinstance.py:352} INFO - Marking task as SUCCESS. dag_id=weather_etl_dag, task_id=translate_and_clean_data, run_id=scheduled__2024-08-13T00:00:00+00:00, execution_date=20240813T000000, start_date=20240905T004356, end_date=20240905T004454
[2024-09-05T00:44:54.360+0000] {local_task_job_runner.py:261} INFO - Task exited with return code 0
[2024-09-05T00:44:54.544+0000] {taskinstance.py:3891} INFO - 1 downstream tasks scheduled from follow-on schedule check
[2024-09-05T00:44:54.656+0000] {local_task_job_runner.py:240} INFO - ::endgroup::
[2024-09-05T18:14:42.909+0000] {local_task_job_runner.py:123} INFO - ::group::Pre task execution logs
[2024-09-05T18:14:42.962+0000] {taskinstance.py:2593} INFO - Dependencies not met for <TaskInstance: weather_etl_dag.translate_and_clean_data scheduled__2024-08-13T00:00:00+00:00 [skipped]>, dependency 'Task Instance State' FAILED: Task is in the 'skipped' state.
[2024-09-05T18:14:43.010+0000] {local_task_job_runner.py:166} INFO - Task is not able to be run
