[2024-09-05T00:49:10.450+0000] {local_task_job_runner.py:123} INFO - ::group::Pre task execution logs
[2024-09-05T00:49:10.487+0000] {taskinstance.py:2603} INFO - Dependencies all met for dep_context=non-requeueable deps ti=<TaskInstance: weather_etl_dag.update_sequia_indicator scheduled__2024-08-05T00:00:00+00:00 [queued]>
[2024-09-05T00:49:10.502+0000] {taskinstance.py:2603} INFO - Dependencies all met for dep_context=requeueable deps ti=<TaskInstance: weather_etl_dag.update_sequia_indicator scheduled__2024-08-05T00:00:00+00:00 [queued]>
[2024-09-05T00:49:10.654+0000] {taskinstance.py:2856} INFO - Starting attempt 1 of 2
[2024-09-05T00:49:11.193+0000] {taskinstance.py:2879} INFO - Executing <Task(PythonOperator): update_sequia_indicator> on 2024-08-05 00:00:00+00:00
[2024-09-05T00:49:11.200+0000] {warnings.py:112} WARNING - /usr/local/lib/python3.12/site-packages/***/task/task_runner/standard_task_runner.py:70: DeprecationWarning: This process (pid=1008) is multi-threaded, use of fork() may lead to deadlocks in the child.
  pid = os.fork()

[2024-09-05T00:49:11.218+0000] {standard_task_runner.py:72} INFO - Started process 1015 to run task
[2024-09-05T00:49:11.214+0000] {standard_task_runner.py:104} INFO - Running: ['***', 'tasks', 'run', 'weather_etl_dag', 'update_sequia_indicator', 'scheduled__2024-08-05T00:00:00+00:00', '--job-id', '120', '--raw', '--subdir', 'DAGS_FOLDER/weather_etl_dag.py', '--cfg-path', '/tmp/tmp18pfuw87']
[2024-09-05T00:49:11.225+0000] {standard_task_runner.py:105} INFO - Job 120: Subtask update_sequia_indicator
[2024-09-05T00:49:11.554+0000] {task_command.py:467} INFO - Running <TaskInstance: weather_etl_dag.update_sequia_indicator scheduled__2024-08-05T00:00:00+00:00 [running]> on host b778581f4b0f
[2024-09-05T00:49:11.824+0000] {taskinstance.py:3122} INFO - Exporting env vars: AIRFLOW_CTX_DAG_OWNER='***' AIRFLOW_CTX_DAG_ID='weather_etl_dag' AIRFLOW_CTX_TASK_ID='update_sequia_indicator' AIRFLOW_CTX_EXECUTION_DATE='2024-08-05T00:00:00+00:00' AIRFLOW_CTX_TRY_NUMBER='1' AIRFLOW_CTX_DAG_RUN_ID='scheduled__2024-08-05T00:00:00+00:00'
[2024-09-05T00:49:11.829+0000] {taskinstance.py:731} INFO - ::endgroup::
[2024-09-05T00:49:11.843+0000] {logging_mixin.py:190} INFO - Iniciando conexión a Redshift para actualizar sequía
[2024-09-05T00:49:11.993+0000] {logging_mixin.py:190} INFO - Número de registros a actualizar en la tabla: 270
[2024-09-05T00:49:12.003+0000] {logging_mixin.py:190} INFO - Datos para actualizar en la tabla:    cve_mun            municipio fecha_pronostico indicador_sequia
0        1    Amealco De Bonfil       2024-09-04               D4
1        2      Pinal De Amoles       2024-09-04               D1
2        3          Arroyo Seco       2024-09-04               D0
3        4  Cadereyta De Montes       2024-09-04               D3
4        5                Colon       2024-09-04               D4
[2024-09-05T00:49:12.764+0000] {logging_mixin.py:190} INFO - Actualización realizada para cve_mun: 1, fecha_pronostico: 2024-09-04
[2024-09-05T00:49:13.033+0000] {logging_mixin.py:190} INFO - Actualización realizada para cve_mun: 2, fecha_pronostico: 2024-09-04
[2024-09-05T00:49:13.318+0000] {logging_mixin.py:190} INFO - Actualización realizada para cve_mun: 3, fecha_pronostico: 2024-09-04
[2024-09-05T00:49:13.515+0000] {logging_mixin.py:190} INFO - Actualización realizada para cve_mun: 4, fecha_pronostico: 2024-09-04
[2024-09-05T00:49:13.745+0000] {logging_mixin.py:190} INFO - Actualización realizada para cve_mun: 5, fecha_pronostico: 2024-09-04
[2024-09-05T00:49:14.010+0000] {logging_mixin.py:190} INFO - Actualización realizada para cve_mun: 6, fecha_pronostico: 2024-09-04
[2024-09-05T00:49:14.352+0000] {logging_mixin.py:190} INFO - Actualización realizada para cve_mun: 7, fecha_pronostico: 2024-09-04
[2024-09-05T00:49:14.529+0000] {logging_mixin.py:190} INFO - Actualización realizada para cve_mun: 8, fecha_pronostico: 2024-09-04
[2024-09-05T00:49:14.703+0000] {logging_mixin.py:190} INFO - Actualización realizada para cve_mun: 9, fecha_pronostico: 2024-09-04
[2024-09-05T00:49:14.886+0000] {logging_mixin.py:190} INFO - Actualización realizada para cve_mun: 10, fecha_pronostico: 2024-09-04
[2024-09-05T00:49:15.085+0000] {logging_mixin.py:190} INFO - Actualización realizada para cve_mun: 11, fecha_pronostico: 2024-09-04
[2024-09-05T00:49:15.319+0000] {logging_mixin.py:190} INFO - Actualización realizada para cve_mun: 12, fecha_pronostico: 2024-09-04
[2024-09-05T00:49:15.524+0000] {logging_mixin.py:190} INFO - Actualización realizada para cve_mun: 13, fecha_pronostico: 2024-09-04
[2024-09-05T00:49:15.719+0000] {logging_mixin.py:190} INFO - Actualización realizada para cve_mun: 14, fecha_pronostico: 2024-09-04
[2024-09-05T00:49:15.878+0000] {logging_mixin.py:190} INFO - Actualización realizada para cve_mun: 15, fecha_pronostico: 2024-09-04
[2024-09-05T00:49:16.062+0000] {logging_mixin.py:190} INFO - Actualización realizada para cve_mun: 16, fecha_pronostico: 2024-09-04
[2024-09-05T00:49:16.233+0000] {logging_mixin.py:190} INFO - Actualización realizada para cve_mun: 17, fecha_pronostico: 2024-09-04
[2024-09-05T00:49:16.399+0000] {logging_mixin.py:190} INFO - Actualización realizada para cve_mun: 18, fecha_pronostico: 2024-09-04
[2024-09-05T00:49:16.646+0000] {logging_mixin.py:190} INFO - Actualización realizada para cve_mun: 1, fecha_pronostico: 2024-09-04
[2024-09-05T00:49:16.829+0000] {logging_mixin.py:190} INFO - Actualización realizada para cve_mun: 2, fecha_pronostico: 2024-09-04
[2024-09-05T00:49:17.051+0000] {logging_mixin.py:190} INFO - Actualización realizada para cve_mun: 3, fecha_pronostico: 2024-09-04
[2024-09-05T00:49:17.221+0000] {logging_mixin.py:190} INFO - Actualización realizada para cve_mun: 4, fecha_pronostico: 2024-09-04
[2024-09-05T00:49:17.395+0000] {logging_mixin.py:190} INFO - Actualización realizada para cve_mun: 5, fecha_pronostico: 2024-09-04
[2024-09-05T00:49:17.913+0000] {logging_mixin.py:190} INFO - Actualización realizada para cve_mun: 6, fecha_pronostico: 2024-09-04
[2024-09-05T00:49:18.093+0000] {logging_mixin.py:190} INFO - Actualización realizada para cve_mun: 7, fecha_pronostico: 2024-09-04
[2024-09-05T00:49:18.356+0000] {logging_mixin.py:190} INFO - Actualización realizada para cve_mun: 8, fecha_pronostico: 2024-09-04
[2024-09-05T00:49:18.572+0000] {logging_mixin.py:190} INFO - Actualización realizada para cve_mun: 9, fecha_pronostico: 2024-09-04
[2024-09-05T00:49:18.886+0000] {logging_mixin.py:190} INFO - Actualización realizada para cve_mun: 10, fecha_pronostico: 2024-09-04
[2024-09-05T00:49:19.159+0000] {logging_mixin.py:190} INFO - Actualización realizada para cve_mun: 11, fecha_pronostico: 2024-09-04
[2024-09-05T00:49:19.294+0000] {logging_mixin.py:190} INFO - Actualización realizada para cve_mun: 12, fecha_pronostico: 2024-09-04
[2024-09-05T00:49:19.443+0000] {logging_mixin.py:190} INFO - Actualización realizada para cve_mun: 13, fecha_pronostico: 2024-09-04
[2024-09-05T00:49:19.621+0000] {logging_mixin.py:190} INFO - Actualización realizada para cve_mun: 14, fecha_pronostico: 2024-09-04
[2024-09-05T00:49:19.769+0000] {logging_mixin.py:190} INFO - Actualización realizada para cve_mun: 15, fecha_pronostico: 2024-09-04
[2024-09-05T00:49:19.927+0000] {logging_mixin.py:190} INFO - Actualización realizada para cve_mun: 16, fecha_pronostico: 2024-09-04
[2024-09-05T00:49:20.073+0000] {logging_mixin.py:190} INFO - Actualización realizada para cve_mun: 17, fecha_pronostico: 2024-09-04
[2024-09-05T00:49:20.281+0000] {logging_mixin.py:190} INFO - Actualización realizada para cve_mun: 18, fecha_pronostico: 2024-09-04
[2024-09-05T00:49:20.436+0000] {logging_mixin.py:190} INFO - Actualización realizada para cve_mun: 1, fecha_pronostico: 2024-09-04
[2024-09-05T00:49:20.556+0000] {logging_mixin.py:190} INFO - Actualización realizada para cve_mun: 2, fecha_pronostico: 2024-09-04
[2024-09-05T00:49:21.045+0000] {logging_mixin.py:190} INFO - Actualización realizada para cve_mun: 3, fecha_pronostico: 2024-09-04
[2024-09-05T00:49:21.263+0000] {logging_mixin.py:190} INFO - Actualización realizada para cve_mun: 4, fecha_pronostico: 2024-09-04
[2024-09-05T00:49:21.421+0000] {logging_mixin.py:190} INFO - Actualización realizada para cve_mun: 5, fecha_pronostico: 2024-09-04
[2024-09-05T00:49:21.580+0000] {logging_mixin.py:190} INFO - Actualización realizada para cve_mun: 6, fecha_pronostico: 2024-09-04
[2024-09-05T00:49:21.959+0000] {logging_mixin.py:190} INFO - Actualización realizada para cve_mun: 7, fecha_pronostico: 2024-09-04
[2024-09-05T00:49:22.120+0000] {logging_mixin.py:190} INFO - Actualización realizada para cve_mun: 8, fecha_pronostico: 2024-09-04
[2024-09-05T00:49:22.241+0000] {logging_mixin.py:190} INFO - Actualización realizada para cve_mun: 9, fecha_pronostico: 2024-09-04
[2024-09-05T00:49:22.523+0000] {logging_mixin.py:190} INFO - Actualización realizada para cve_mun: 10, fecha_pronostico: 2024-09-04
[2024-09-05T00:49:22.669+0000] {logging_mixin.py:190} INFO - Actualización realizada para cve_mun: 11, fecha_pronostico: 2024-09-04
[2024-09-05T00:49:22.815+0000] {logging_mixin.py:190} INFO - Actualización realizada para cve_mun: 12, fecha_pronostico: 2024-09-04
[2024-09-05T00:49:22.967+0000] {logging_mixin.py:190} INFO - Actualización realizada para cve_mun: 13, fecha_pronostico: 2024-09-04
[2024-09-05T00:49:23.089+0000] {logging_mixin.py:190} INFO - Actualización realizada para cve_mun: 14, fecha_pronostico: 2024-09-04
[2024-09-05T00:49:23.277+0000] {logging_mixin.py:190} INFO - Actualización realizada para cve_mun: 15, fecha_pronostico: 2024-09-04
[2024-09-05T00:49:23.394+0000] {logging_mixin.py:190} INFO - Actualización realizada para cve_mun: 16, fecha_pronostico: 2024-09-04
[2024-09-05T00:49:24.027+0000] {logging_mixin.py:190} INFO - Actualización realizada para cve_mun: 17, fecha_pronostico: 2024-09-04
[2024-09-05T00:49:24.184+0000] {logging_mixin.py:190} INFO - Actualización realizada para cve_mun: 18, fecha_pronostico: 2024-09-04
[2024-09-05T00:49:24.317+0000] {logging_mixin.py:190} INFO - Actualización realizada para cve_mun: 1, fecha_pronostico: 2024-09-04
[2024-09-05T00:49:24.474+0000] {logging_mixin.py:190} INFO - Actualización realizada para cve_mun: 2, fecha_pronostico: 2024-09-04
[2024-09-05T00:49:24.609+0000] {logging_mixin.py:190} INFO - Actualización realizada para cve_mun: 3, fecha_pronostico: 2024-09-04
[2024-09-05T00:49:25.003+0000] {logging_mixin.py:190} INFO - Actualización realizada para cve_mun: 4, fecha_pronostico: 2024-09-04
[2024-09-05T00:49:25.145+0000] {logging_mixin.py:190} INFO - Actualización realizada para cve_mun: 5, fecha_pronostico: 2024-09-04
[2024-09-05T00:49:25.359+0000] {logging_mixin.py:190} INFO - Actualización realizada para cve_mun: 6, fecha_pronostico: 2024-09-04
[2024-09-05T00:49:25.594+0000] {logging_mixin.py:190} INFO - Actualización realizada para cve_mun: 7, fecha_pronostico: 2024-09-04
[2024-09-05T00:49:25.725+0000] {logging_mixin.py:190} INFO - Actualización realizada para cve_mun: 8, fecha_pronostico: 2024-09-04
[2024-09-05T00:49:25.991+0000] {logging_mixin.py:190} INFO - Actualización realizada para cve_mun: 9, fecha_pronostico: 2024-09-04
[2024-09-05T00:49:26.144+0000] {logging_mixin.py:190} INFO - Actualización realizada para cve_mun: 10, fecha_pronostico: 2024-09-04
[2024-09-05T00:49:26.272+0000] {logging_mixin.py:190} INFO - Actualización realizada para cve_mun: 11, fecha_pronostico: 2024-09-04
[2024-09-05T00:49:26.532+0000] {logging_mixin.py:190} INFO - Actualización realizada para cve_mun: 12, fecha_pronostico: 2024-09-04
[2024-09-05T00:49:26.659+0000] {logging_mixin.py:190} INFO - Actualización realizada para cve_mun: 13, fecha_pronostico: 2024-09-04
[2024-09-05T00:49:26.831+0000] {logging_mixin.py:190} INFO - Actualización realizada para cve_mun: 14, fecha_pronostico: 2024-09-04
[2024-09-05T00:49:26.985+0000] {logging_mixin.py:190} INFO - Actualización realizada para cve_mun: 15, fecha_pronostico: 2024-09-04
[2024-09-05T00:49:27.112+0000] {logging_mixin.py:190} INFO - Actualización realizada para cve_mun: 16, fecha_pronostico: 2024-09-04
[2024-09-05T00:49:27.327+0000] {logging_mixin.py:190} INFO - Actualización realizada para cve_mun: 17, fecha_pronostico: 2024-09-04
[2024-09-05T00:49:27.478+0000] {logging_mixin.py:190} INFO - Actualización realizada para cve_mun: 18, fecha_pronostico: 2024-09-04
[2024-09-05T00:49:27.649+0000] {logging_mixin.py:190} INFO - Actualización realizada para cve_mun: 1, fecha_pronostico: 2024-09-04
[2024-09-05T00:49:27.797+0000] {logging_mixin.py:190} INFO - Actualización realizada para cve_mun: 2, fecha_pronostico: 2024-09-04
[2024-09-05T00:49:28.052+0000] {logging_mixin.py:190} INFO - Actualización realizada para cve_mun: 3, fecha_pronostico: 2024-09-04
[2024-09-05T00:49:28.220+0000] {logging_mixin.py:190} INFO - Actualización realizada para cve_mun: 4, fecha_pronostico: 2024-09-04
[2024-09-05T00:49:28.376+0000] {logging_mixin.py:190} INFO - Actualización realizada para cve_mun: 5, fecha_pronostico: 2024-09-04
[2024-09-05T00:49:28.620+0000] {logging_mixin.py:190} INFO - Actualización realizada para cve_mun: 6, fecha_pronostico: 2024-09-04
[2024-09-05T00:49:28.752+0000] {logging_mixin.py:190} INFO - Actualización realizada para cve_mun: 7, fecha_pronostico: 2024-09-04
[2024-09-05T00:49:29.062+0000] {logging_mixin.py:190} INFO - Actualización realizada para cve_mun: 8, fecha_pronostico: 2024-09-04
[2024-09-05T00:49:29.225+0000] {logging_mixin.py:190} INFO - Actualización realizada para cve_mun: 9, fecha_pronostico: 2024-09-04
[2024-09-05T00:49:29.349+0000] {logging_mixin.py:190} INFO - Actualización realizada para cve_mun: 10, fecha_pronostico: 2024-09-04
[2024-09-05T00:49:29.468+0000] {logging_mixin.py:190} INFO - Actualización realizada para cve_mun: 11, fecha_pronostico: 2024-09-04
[2024-09-05T00:49:29.657+0000] {logging_mixin.py:190} INFO - Actualización realizada para cve_mun: 12, fecha_pronostico: 2024-09-04
[2024-09-05T00:49:29.804+0000] {logging_mixin.py:190} INFO - Actualización realizada para cve_mun: 13, fecha_pronostico: 2024-09-04
[2024-09-05T00:49:30.011+0000] {logging_mixin.py:190} INFO - Actualización realizada para cve_mun: 14, fecha_pronostico: 2024-09-04
[2024-09-05T00:49:30.170+0000] {logging_mixin.py:190} INFO - Actualización realizada para cve_mun: 15, fecha_pronostico: 2024-09-04
[2024-09-05T00:49:30.356+0000] {logging_mixin.py:190} INFO - Actualización realizada para cve_mun: 16, fecha_pronostico: 2024-09-04
[2024-09-05T00:49:30.516+0000] {logging_mixin.py:190} INFO - Actualización realizada para cve_mun: 17, fecha_pronostico: 2024-09-04
[2024-09-05T00:49:30.638+0000] {logging_mixin.py:190} INFO - Actualización realizada para cve_mun: 18, fecha_pronostico: 2024-09-04
[2024-09-05T00:49:31.013+0000] {logging_mixin.py:190} INFO - Actualización realizada para cve_mun: 1, fecha_pronostico: 2024-09-04
[2024-09-05T00:49:31.163+0000] {logging_mixin.py:190} INFO - Actualización realizada para cve_mun: 2, fecha_pronostico: 2024-09-04
[2024-09-05T00:49:31.291+0000] {logging_mixin.py:190} INFO - Actualización realizada para cve_mun: 3, fecha_pronostico: 2024-09-04
[2024-09-05T00:49:31.550+0000] {logging_mixin.py:190} INFO - Actualización realizada para cve_mun: 4, fecha_pronostico: 2024-09-04
[2024-09-05T00:49:31.685+0000] {logging_mixin.py:190} INFO - Actualización realizada para cve_mun: 5, fecha_pronostico: 2024-09-04
[2024-09-05T00:49:32.024+0000] {logging_mixin.py:190} INFO - Actualización realizada para cve_mun: 6, fecha_pronostico: 2024-09-04
[2024-09-05T00:49:32.187+0000] {logging_mixin.py:190} INFO - Actualización realizada para cve_mun: 7, fecha_pronostico: 2024-09-04
[2024-09-05T00:49:32.351+0000] {logging_mixin.py:190} INFO - Actualización realizada para cve_mun: 8, fecha_pronostico: 2024-09-04
[2024-09-05T00:49:32.553+0000] {logging_mixin.py:190} INFO - Actualización realizada para cve_mun: 9, fecha_pronostico: 2024-09-04
[2024-09-05T00:49:32.714+0000] {logging_mixin.py:190} INFO - Actualización realizada para cve_mun: 10, fecha_pronostico: 2024-09-04
[2024-09-05T00:49:33.043+0000] {logging_mixin.py:190} INFO - Actualización realizada para cve_mun: 11, fecha_pronostico: 2024-09-04
[2024-09-05T00:49:33.190+0000] {logging_mixin.py:190} INFO - Actualización realizada para cve_mun: 12, fecha_pronostico: 2024-09-04
[2024-09-05T00:49:33.346+0000] {logging_mixin.py:190} INFO - Actualización realizada para cve_mun: 13, fecha_pronostico: 2024-09-04
[2024-09-05T00:49:33.489+0000] {logging_mixin.py:190} INFO - Actualización realizada para cve_mun: 14, fecha_pronostico: 2024-09-04
[2024-09-05T00:49:33.651+0000] {logging_mixin.py:190} INFO - Actualización realizada para cve_mun: 15, fecha_pronostico: 2024-09-04
[2024-09-05T00:49:33.853+0000] {logging_mixin.py:190} INFO - Actualización realizada para cve_mun: 16, fecha_pronostico: 2024-09-04
[2024-09-05T00:49:34.057+0000] {logging_mixin.py:190} INFO - Actualización realizada para cve_mun: 17, fecha_pronostico: 2024-09-04
[2024-09-05T00:49:34.205+0000] {logging_mixin.py:190} INFO - Actualización realizada para cve_mun: 18, fecha_pronostico: 2024-09-04
[2024-09-05T00:49:34.414+0000] {logging_mixin.py:190} INFO - Actualización realizada para cve_mun: 1, fecha_pronostico: 2024-09-04
[2024-09-05T00:49:34.654+0000] {logging_mixin.py:190} INFO - Actualización realizada para cve_mun: 2, fecha_pronostico: 2024-09-04
[2024-09-05T00:49:34.793+0000] {logging_mixin.py:190} INFO - Actualización realizada para cve_mun: 3, fecha_pronostico: 2024-09-04
[2024-09-05T00:49:35.108+0000] {logging_mixin.py:190} INFO - Actualización realizada para cve_mun: 4, fecha_pronostico: 2024-09-04
[2024-09-05T00:49:35.387+0000] {logging_mixin.py:190} INFO - Actualización realizada para cve_mun: 5, fecha_pronostico: 2024-09-04
[2024-09-05T00:49:35.573+0000] {logging_mixin.py:190} INFO - Actualización realizada para cve_mun: 6, fecha_pronostico: 2024-09-04
[2024-09-05T00:49:35.707+0000] {logging_mixin.py:190} INFO - Actualización realizada para cve_mun: 7, fecha_pronostico: 2024-09-04
[2024-09-05T00:49:35.865+0000] {logging_mixin.py:190} INFO - Actualización realizada para cve_mun: 8, fecha_pronostico: 2024-09-04
[2024-09-05T00:49:36.023+0000] {logging_mixin.py:190} INFO - Actualización realizada para cve_mun: 9, fecha_pronostico: 2024-09-04
[2024-09-05T00:49:36.161+0000] {logging_mixin.py:190} INFO - Actualización realizada para cve_mun: 10, fecha_pronostico: 2024-09-04
[2024-09-05T00:49:36.380+0000] {logging_mixin.py:190} INFO - Actualización realizada para cve_mun: 11, fecha_pronostico: 2024-09-04
[2024-09-05T00:49:36.554+0000] {logging_mixin.py:190} INFO - Actualización realizada para cve_mun: 12, fecha_pronostico: 2024-09-04
[2024-09-05T00:49:37.136+0000] {logging_mixin.py:190} INFO - Actualización realizada para cve_mun: 13, fecha_pronostico: 2024-09-04
[2024-09-05T00:49:37.307+0000] {logging_mixin.py:190} INFO - Actualización realizada para cve_mun: 14, fecha_pronostico: 2024-09-04
[2024-09-05T00:49:37.451+0000] {logging_mixin.py:190} INFO - Actualización realizada para cve_mun: 15, fecha_pronostico: 2024-09-04
[2024-09-05T00:49:37.655+0000] {logging_mixin.py:190} INFO - Actualización realizada para cve_mun: 16, fecha_pronostico: 2024-09-04
[2024-09-05T00:49:38.092+0000] {logging_mixin.py:190} INFO - Actualización realizada para cve_mun: 17, fecha_pronostico: 2024-09-04
[2024-09-05T00:49:38.277+0000] {logging_mixin.py:190} INFO - Actualización realizada para cve_mun: 18, fecha_pronostico: 2024-09-04
[2024-09-05T00:49:38.422+0000] {logging_mixin.py:190} INFO - Actualización realizada para cve_mun: 1, fecha_pronostico: 2024-09-04
[2024-09-05T00:49:38.578+0000] {logging_mixin.py:190} INFO - Actualización realizada para cve_mun: 2, fecha_pronostico: 2024-09-04
[2024-09-05T00:49:38.712+0000] {logging_mixin.py:190} INFO - Actualización realizada para cve_mun: 3, fecha_pronostico: 2024-09-04
[2024-09-05T00:49:38.927+0000] {logging_mixin.py:190} INFO - Actualización realizada para cve_mun: 4, fecha_pronostico: 2024-09-04
[2024-09-05T00:49:39.090+0000] {logging_mixin.py:190} INFO - Actualización realizada para cve_mun: 5, fecha_pronostico: 2024-09-04
[2024-09-05T00:49:39.287+0000] {logging_mixin.py:190} INFO - Actualización realizada para cve_mun: 6, fecha_pronostico: 2024-09-04
[2024-09-05T00:49:39.441+0000] {logging_mixin.py:190} INFO - Actualización realizada para cve_mun: 7, fecha_pronostico: 2024-09-04
[2024-09-05T00:49:39.622+0000] {logging_mixin.py:190} INFO - Actualización realizada para cve_mun: 8, fecha_pronostico: 2024-09-04
[2024-09-05T00:49:39.816+0000] {logging_mixin.py:190} INFO - Actualización realizada para cve_mun: 9, fecha_pronostico: 2024-09-04
[2024-09-05T00:49:40.017+0000] {logging_mixin.py:190} INFO - Actualización realizada para cve_mun: 10, fecha_pronostico: 2024-09-04
[2024-09-05T00:49:40.173+0000] {logging_mixin.py:190} INFO - Actualización realizada para cve_mun: 11, fecha_pronostico: 2024-09-04
[2024-09-05T00:49:40.357+0000] {logging_mixin.py:190} INFO - Actualización realizada para cve_mun: 12, fecha_pronostico: 2024-09-04
[2024-09-05T00:49:40.513+0000] {logging_mixin.py:190} INFO - Actualización realizada para cve_mun: 13, fecha_pronostico: 2024-09-04
[2024-09-05T00:49:40.687+0000] {logging_mixin.py:190} INFO - Actualización realizada para cve_mun: 14, fecha_pronostico: 2024-09-04
[2024-09-05T00:49:40.865+0000] {logging_mixin.py:190} INFO - Actualización realizada para cve_mun: 15, fecha_pronostico: 2024-09-04
[2024-09-05T00:49:41.055+0000] {logging_mixin.py:190} INFO - Actualización realizada para cve_mun: 16, fecha_pronostico: 2024-09-04
[2024-09-05T00:49:41.258+0000] {logging_mixin.py:190} INFO - Actualización realizada para cve_mun: 17, fecha_pronostico: 2024-09-04
[2024-09-05T00:49:41.435+0000] {logging_mixin.py:190} INFO - Actualización realizada para cve_mun: 18, fecha_pronostico: 2024-09-04
[2024-09-05T00:49:41.576+0000] {logging_mixin.py:190} INFO - Actualización realizada para cve_mun: 1, fecha_pronostico: 2024-09-04
[2024-09-05T00:49:41.749+0000] {logging_mixin.py:190} INFO - Actualización realizada para cve_mun: 2, fecha_pronostico: 2024-09-04
[2024-09-05T00:49:41.898+0000] {logging_mixin.py:190} INFO - Actualización realizada para cve_mun: 3, fecha_pronostico: 2024-09-04
[2024-09-05T00:49:42.214+0000] {logging_mixin.py:190} INFO - Actualización realizada para cve_mun: 4, fecha_pronostico: 2024-09-04
[2024-09-05T00:49:42.385+0000] {logging_mixin.py:190} INFO - Actualización realizada para cve_mun: 5, fecha_pronostico: 2024-09-04
[2024-09-05T00:49:42.621+0000] {logging_mixin.py:190} INFO - Actualización realizada para cve_mun: 6, fecha_pronostico: 2024-09-04
[2024-09-05T00:49:42.939+0000] {logging_mixin.py:190} INFO - Actualización realizada para cve_mun: 7, fecha_pronostico: 2024-09-04
[2024-09-05T00:49:43.130+0000] {logging_mixin.py:190} INFO - Actualización realizada para cve_mun: 8, fecha_pronostico: 2024-09-04
[2024-09-05T00:49:43.336+0000] {logging_mixin.py:190} INFO - Actualización realizada para cve_mun: 9, fecha_pronostico: 2024-09-04
[2024-09-05T00:49:43.635+0000] {logging_mixin.py:190} INFO - Actualización realizada para cve_mun: 10, fecha_pronostico: 2024-09-04
[2024-09-05T00:49:44.012+0000] {logging_mixin.py:190} INFO - Actualización realizada para cve_mun: 11, fecha_pronostico: 2024-09-04
[2024-09-05T00:49:44.175+0000] {logging_mixin.py:190} INFO - Actualización realizada para cve_mun: 12, fecha_pronostico: 2024-09-04
[2024-09-05T00:49:44.344+0000] {logging_mixin.py:190} INFO - Actualización realizada para cve_mun: 13, fecha_pronostico: 2024-09-04
[2024-09-05T00:49:44.532+0000] {logging_mixin.py:190} INFO - Actualización realizada para cve_mun: 14, fecha_pronostico: 2024-09-04
[2024-09-05T00:49:44.681+0000] {logging_mixin.py:190} INFO - Actualización realizada para cve_mun: 15, fecha_pronostico: 2024-09-04
[2024-09-05T00:49:44.946+0000] {logging_mixin.py:190} INFO - Actualización realizada para cve_mun: 16, fecha_pronostico: 2024-09-04
[2024-09-05T00:49:45.425+0000] {logging_mixin.py:190} INFO - Actualización realizada para cve_mun: 17, fecha_pronostico: 2024-09-04
[2024-09-05T00:49:45.591+0000] {logging_mixin.py:190} INFO - Actualización realizada para cve_mun: 18, fecha_pronostico: 2024-09-04
[2024-09-05T00:49:45.784+0000] {logging_mixin.py:190} INFO - Actualización realizada para cve_mun: 1, fecha_pronostico: 2024-09-04
[2024-09-05T00:49:45.952+0000] {logging_mixin.py:190} INFO - Actualización realizada para cve_mun: 2, fecha_pronostico: 2024-09-04
[2024-09-05T00:49:46.101+0000] {logging_mixin.py:190} INFO - Actualización realizada para cve_mun: 3, fecha_pronostico: 2024-09-04
[2024-09-05T00:49:46.311+0000] {logging_mixin.py:190} INFO - Actualización realizada para cve_mun: 4, fecha_pronostico: 2024-09-04
[2024-09-05T00:49:46.505+0000] {logging_mixin.py:190} INFO - Actualización realizada para cve_mun: 5, fecha_pronostico: 2024-09-04
[2024-09-05T00:49:46.845+0000] {logging_mixin.py:190} INFO - Actualización realizada para cve_mun: 6, fecha_pronostico: 2024-09-04
[2024-09-05T00:49:47.016+0000] {logging_mixin.py:190} INFO - Actualización realizada para cve_mun: 7, fecha_pronostico: 2024-09-04
[2024-09-05T00:49:47.190+0000] {logging_mixin.py:190} INFO - Actualización realizada para cve_mun: 8, fecha_pronostico: 2024-09-04
[2024-09-05T00:49:47.428+0000] {logging_mixin.py:190} INFO - Actualización realizada para cve_mun: 9, fecha_pronostico: 2024-09-04
[2024-09-05T00:49:47.598+0000] {logging_mixin.py:190} INFO - Actualización realizada para cve_mun: 10, fecha_pronostico: 2024-09-04
[2024-09-05T00:49:47.841+0000] {logging_mixin.py:190} INFO - Actualización realizada para cve_mun: 11, fecha_pronostico: 2024-09-04
[2024-09-05T00:49:48.025+0000] {logging_mixin.py:190} INFO - Actualización realizada para cve_mun: 12, fecha_pronostico: 2024-09-04
[2024-09-05T00:49:48.267+0000] {logging_mixin.py:190} INFO - Actualización realizada para cve_mun: 13, fecha_pronostico: 2024-09-04
[2024-09-05T00:49:48.564+0000] {logging_mixin.py:190} INFO - Actualización realizada para cve_mun: 14, fecha_pronostico: 2024-09-04
[2024-09-05T00:49:48.781+0000] {logging_mixin.py:190} INFO - Actualización realizada para cve_mun: 15, fecha_pronostico: 2024-09-04
[2024-09-05T00:49:48.975+0000] {logging_mixin.py:190} INFO - Actualización realizada para cve_mun: 16, fecha_pronostico: 2024-09-04
[2024-09-05T00:49:49.175+0000] {logging_mixin.py:190} INFO - Actualización realizada para cve_mun: 17, fecha_pronostico: 2024-09-04
[2024-09-05T00:49:49.311+0000] {logging_mixin.py:190} INFO - Actualización realizada para cve_mun: 18, fecha_pronostico: 2024-09-04
[2024-09-05T00:49:49.521+0000] {logging_mixin.py:190} INFO - Actualización realizada para cve_mun: 1, fecha_pronostico: 2024-09-04
[2024-09-05T00:49:49.763+0000] {logging_mixin.py:190} INFO - Actualización realizada para cve_mun: 2, fecha_pronostico: 2024-09-04
[2024-09-05T00:49:49.908+0000] {logging_mixin.py:190} INFO - Actualización realizada para cve_mun: 3, fecha_pronostico: 2024-09-04
[2024-09-05T00:49:50.033+0000] {logging_mixin.py:190} INFO - Actualización realizada para cve_mun: 4, fecha_pronostico: 2024-09-04
[2024-09-05T00:49:50.191+0000] {logging_mixin.py:190} INFO - Actualización realizada para cve_mun: 5, fecha_pronostico: 2024-09-04
[2024-09-05T00:49:50.470+0000] {logging_mixin.py:190} INFO - Actualización realizada para cve_mun: 6, fecha_pronostico: 2024-09-04
[2024-09-05T00:49:50.625+0000] {logging_mixin.py:190} INFO - Actualización realizada para cve_mun: 7, fecha_pronostico: 2024-09-04
[2024-09-05T00:49:50.782+0000] {logging_mixin.py:190} INFO - Actualización realizada para cve_mun: 8, fecha_pronostico: 2024-09-04
[2024-09-05T00:49:50.954+0000] {logging_mixin.py:190} INFO - Actualización realizada para cve_mun: 9, fecha_pronostico: 2024-09-04
[2024-09-05T00:49:51.153+0000] {logging_mixin.py:190} INFO - Actualización realizada para cve_mun: 10, fecha_pronostico: 2024-09-04
[2024-09-05T00:49:51.306+0000] {logging_mixin.py:190} INFO - Actualización realizada para cve_mun: 11, fecha_pronostico: 2024-09-04
[2024-09-05T00:49:51.474+0000] {logging_mixin.py:190} INFO - Actualización realizada para cve_mun: 12, fecha_pronostico: 2024-09-04
[2024-09-05T00:49:51.613+0000] {logging_mixin.py:190} INFO - Actualización realizada para cve_mun: 13, fecha_pronostico: 2024-09-04
[2024-09-05T00:49:51.756+0000] {logging_mixin.py:190} INFO - Actualización realizada para cve_mun: 14, fecha_pronostico: 2024-09-04
[2024-09-05T00:49:51.915+0000] {logging_mixin.py:190} INFO - Actualización realizada para cve_mun: 15, fecha_pronostico: 2024-09-04
[2024-09-05T00:49:52.059+0000] {logging_mixin.py:190} INFO - Actualización realizada para cve_mun: 16, fecha_pronostico: 2024-09-04
[2024-09-05T00:49:52.190+0000] {logging_mixin.py:190} INFO - Actualización realizada para cve_mun: 17, fecha_pronostico: 2024-09-04
[2024-09-05T00:49:52.488+0000] {logging_mixin.py:190} INFO - Actualización realizada para cve_mun: 18, fecha_pronostico: 2024-09-04
[2024-09-05T00:49:52.626+0000] {logging_mixin.py:190} INFO - Actualización realizada para cve_mun: 1, fecha_pronostico: 2024-09-04
[2024-09-05T00:49:52.752+0000] {logging_mixin.py:190} INFO - Actualización realizada para cve_mun: 2, fecha_pronostico: 2024-09-04
[2024-09-05T00:49:52.936+0000] {logging_mixin.py:190} INFO - Actualización realizada para cve_mun: 3, fecha_pronostico: 2024-09-04
[2024-09-05T00:49:53.402+0000] {logging_mixin.py:190} INFO - Actualización realizada para cve_mun: 4, fecha_pronostico: 2024-09-04
[2024-09-05T00:49:53.607+0000] {logging_mixin.py:190} INFO - Actualización realizada para cve_mun: 5, fecha_pronostico: 2024-09-04
[2024-09-05T00:49:53.750+0000] {logging_mixin.py:190} INFO - Actualización realizada para cve_mun: 6, fecha_pronostico: 2024-09-04
[2024-09-05T00:49:53.877+0000] {logging_mixin.py:190} INFO - Actualización realizada para cve_mun: 7, fecha_pronostico: 2024-09-04
[2024-09-05T00:49:54.103+0000] {logging_mixin.py:190} INFO - Actualización realizada para cve_mun: 8, fecha_pronostico: 2024-09-04
[2024-09-05T00:49:54.282+0000] {logging_mixin.py:190} INFO - Actualización realizada para cve_mun: 9, fecha_pronostico: 2024-09-04
[2024-09-05T00:49:54.582+0000] {logging_mixin.py:190} INFO - Actualización realizada para cve_mun: 10, fecha_pronostico: 2024-09-04
[2024-09-05T00:49:54.750+0000] {logging_mixin.py:190} INFO - Actualización realizada para cve_mun: 11, fecha_pronostico: 2024-09-04
[2024-09-05T00:49:54.895+0000] {logging_mixin.py:190} INFO - Actualización realizada para cve_mun: 12, fecha_pronostico: 2024-09-04
[2024-09-05T00:49:55.479+0000] {logging_mixin.py:190} INFO - Actualización realizada para cve_mun: 13, fecha_pronostico: 2024-09-04
[2024-09-05T00:49:55.630+0000] {logging_mixin.py:190} INFO - Actualización realizada para cve_mun: 14, fecha_pronostico: 2024-09-04
[2024-09-05T00:49:56.020+0000] {logging_mixin.py:190} INFO - Actualización realizada para cve_mun: 15, fecha_pronostico: 2024-09-04
[2024-09-05T00:49:56.184+0000] {logging_mixin.py:190} INFO - Actualización realizada para cve_mun: 16, fecha_pronostico: 2024-09-04
[2024-09-05T00:49:56.316+0000] {logging_mixin.py:190} INFO - Actualización realizada para cve_mun: 17, fecha_pronostico: 2024-09-04
[2024-09-05T00:49:56.542+0000] {logging_mixin.py:190} INFO - Actualización realizada para cve_mun: 18, fecha_pronostico: 2024-09-04
[2024-09-05T00:49:56.669+0000] {logging_mixin.py:190} INFO - Actualización realizada para cve_mun: 1, fecha_pronostico: 2024-09-04
[2024-09-05T00:49:56.802+0000] {logging_mixin.py:190} INFO - Actualización realizada para cve_mun: 2, fecha_pronostico: 2024-09-04
[2024-09-05T00:49:56.939+0000] {logging_mixin.py:190} INFO - Actualización realizada para cve_mun: 3, fecha_pronostico: 2024-09-04
[2024-09-05T00:49:57.184+0000] {logging_mixin.py:190} INFO - Actualización realizada para cve_mun: 4, fecha_pronostico: 2024-09-04
[2024-09-05T00:49:57.337+0000] {logging_mixin.py:190} INFO - Actualización realizada para cve_mun: 5, fecha_pronostico: 2024-09-04
[2024-09-05T00:49:57.535+0000] {logging_mixin.py:190} INFO - Actualización realizada para cve_mun: 6, fecha_pronostico: 2024-09-04
[2024-09-05T00:49:57.669+0000] {logging_mixin.py:190} INFO - Actualización realizada para cve_mun: 7, fecha_pronostico: 2024-09-04
[2024-09-05T00:49:57.811+0000] {logging_mixin.py:190} INFO - Actualización realizada para cve_mun: 8, fecha_pronostico: 2024-09-04
[2024-09-05T00:49:57.982+0000] {logging_mixin.py:190} INFO - Actualización realizada para cve_mun: 9, fecha_pronostico: 2024-09-04
[2024-09-05T00:49:58.100+0000] {logging_mixin.py:190} INFO - Actualización realizada para cve_mun: 10, fecha_pronostico: 2024-09-04
[2024-09-05T00:49:58.754+0000] {logging_mixin.py:190} INFO - Actualización realizada para cve_mun: 11, fecha_pronostico: 2024-09-04
[2024-09-05T00:49:58.874+0000] {logging_mixin.py:190} INFO - Actualización realizada para cve_mun: 12, fecha_pronostico: 2024-09-04
[2024-09-05T00:49:59.132+0000] {logging_mixin.py:190} INFO - Actualización realizada para cve_mun: 13, fecha_pronostico: 2024-09-04
[2024-09-05T00:49:59.511+0000] {logging_mixin.py:190} INFO - Actualización realizada para cve_mun: 14, fecha_pronostico: 2024-09-04
[2024-09-05T00:49:59.676+0000] {logging_mixin.py:190} INFO - Actualización realizada para cve_mun: 15, fecha_pronostico: 2024-09-04
[2024-09-05T00:49:59.819+0000] {logging_mixin.py:190} INFO - Actualización realizada para cve_mun: 16, fecha_pronostico: 2024-09-04
[2024-09-05T00:50:00.258+0000] {logging_mixin.py:190} INFO - Actualización realizada para cve_mun: 17, fecha_pronostico: 2024-09-04
[2024-09-05T00:50:00.412+0000] {logging_mixin.py:190} INFO - Actualización realizada para cve_mun: 18, fecha_pronostico: 2024-09-04
[2024-09-05T00:50:00.561+0000] {logging_mixin.py:190} INFO - Actualización realizada para cve_mun: 1, fecha_pronostico: 2024-09-04
[2024-09-05T00:50:00.833+0000] {logging_mixin.py:190} INFO - Actualización realizada para cve_mun: 2, fecha_pronostico: 2024-09-04
[2024-09-05T00:50:00.986+0000] {logging_mixin.py:190} INFO - Actualización realizada para cve_mun: 3, fecha_pronostico: 2024-09-04
[2024-09-05T00:50:01.184+0000] {logging_mixin.py:190} INFO - Actualización realizada para cve_mun: 4, fecha_pronostico: 2024-09-04
[2024-09-05T00:50:01.554+0000] {logging_mixin.py:190} INFO - Actualización realizada para cve_mun: 5, fecha_pronostico: 2024-09-04
[2024-09-05T00:50:01.708+0000] {logging_mixin.py:190} INFO - Actualización realizada para cve_mun: 6, fecha_pronostico: 2024-09-04
[2024-09-05T00:50:01.835+0000] {logging_mixin.py:190} INFO - Actualización realizada para cve_mun: 7, fecha_pronostico: 2024-09-04
[2024-09-05T00:50:02.533+0000] {logging_mixin.py:190} INFO - Actualización realizada para cve_mun: 8, fecha_pronostico: 2024-09-04
[2024-09-05T00:50:02.675+0000] {logging_mixin.py:190} INFO - Actualización realizada para cve_mun: 9, fecha_pronostico: 2024-09-04
[2024-09-05T00:50:02.808+0000] {logging_mixin.py:190} INFO - Actualización realizada para cve_mun: 10, fecha_pronostico: 2024-09-04
[2024-09-05T00:50:02.972+0000] {logging_mixin.py:190} INFO - Actualización realizada para cve_mun: 11, fecha_pronostico: 2024-09-04
[2024-09-05T00:50:03.127+0000] {logging_mixin.py:190} INFO - Actualización realizada para cve_mun: 12, fecha_pronostico: 2024-09-04
[2024-09-05T00:50:03.331+0000] {logging_mixin.py:190} INFO - Actualización realizada para cve_mun: 13, fecha_pronostico: 2024-09-04
[2024-09-05T00:50:03.543+0000] {logging_mixin.py:190} INFO - Actualización realizada para cve_mun: 14, fecha_pronostico: 2024-09-04
[2024-09-05T00:50:03.812+0000] {logging_mixin.py:190} INFO - Actualización realizada para cve_mun: 15, fecha_pronostico: 2024-09-04
[2024-09-05T00:50:03.960+0000] {logging_mixin.py:190} INFO - Actualización realizada para cve_mun: 16, fecha_pronostico: 2024-09-04
[2024-09-05T00:50:04.103+0000] {logging_mixin.py:190} INFO - Actualización realizada para cve_mun: 17, fecha_pronostico: 2024-09-04
[2024-09-05T00:50:04.262+0000] {logging_mixin.py:190} INFO - Actualización realizada para cve_mun: 18, fecha_pronostico: 2024-09-04
[2024-09-05T00:50:04.502+0000] {logging_mixin.py:190} INFO - Actualización realizada para cve_mun: 1, fecha_pronostico: 2024-09-04
[2024-09-05T00:50:04.647+0000] {logging_mixin.py:190} INFO - Actualización realizada para cve_mun: 2, fecha_pronostico: 2024-09-04
[2024-09-05T00:50:04.775+0000] {logging_mixin.py:190} INFO - Actualización realizada para cve_mun: 3, fecha_pronostico: 2024-09-04
[2024-09-05T00:50:04.936+0000] {logging_mixin.py:190} INFO - Actualización realizada para cve_mun: 4, fecha_pronostico: 2024-09-04
[2024-09-05T00:50:05.127+0000] {logging_mixin.py:190} INFO - Actualización realizada para cve_mun: 5, fecha_pronostico: 2024-09-04
[2024-09-05T00:50:05.502+0000] {logging_mixin.py:190} INFO - Actualización realizada para cve_mun: 6, fecha_pronostico: 2024-09-04
[2024-09-05T00:50:05.652+0000] {logging_mixin.py:190} INFO - Actualización realizada para cve_mun: 7, fecha_pronostico: 2024-09-04
[2024-09-05T00:50:05.804+0000] {logging_mixin.py:190} INFO - Actualización realizada para cve_mun: 8, fecha_pronostico: 2024-09-04
[2024-09-05T00:50:05.963+0000] {logging_mixin.py:190} INFO - Actualización realizada para cve_mun: 9, fecha_pronostico: 2024-09-04
[2024-09-05T00:50:06.097+0000] {logging_mixin.py:190} INFO - Actualización realizada para cve_mun: 10, fecha_pronostico: 2024-09-04
[2024-09-05T00:50:06.356+0000] {logging_mixin.py:190} INFO - Actualización realizada para cve_mun: 11, fecha_pronostico: 2024-09-04
[2024-09-05T00:50:06.612+0000] {logging_mixin.py:190} INFO - Actualización realizada para cve_mun: 12, fecha_pronostico: 2024-09-04
[2024-09-05T00:50:06.786+0000] {logging_mixin.py:190} INFO - Actualización realizada para cve_mun: 13, fecha_pronostico: 2024-09-04
[2024-09-05T00:50:06.910+0000] {logging_mixin.py:190} INFO - Actualización realizada para cve_mun: 14, fecha_pronostico: 2024-09-04
[2024-09-05T00:50:07.497+0000] {logging_mixin.py:190} INFO - Actualización realizada para cve_mun: 15, fecha_pronostico: 2024-09-04
[2024-09-05T00:50:07.647+0000] {logging_mixin.py:190} INFO - Actualización realizada para cve_mun: 16, fecha_pronostico: 2024-09-04
[2024-09-05T00:50:07.807+0000] {logging_mixin.py:190} INFO - Actualización realizada para cve_mun: 17, fecha_pronostico: 2024-09-04
[2024-09-05T00:50:07.957+0000] {logging_mixin.py:190} INFO - Actualización realizada para cve_mun: 18, fecha_pronostico: 2024-09-04
[2024-09-05T00:50:08.121+0000] {logging_mixin.py:190} INFO - Todas las actualizaciones se han realizado con éxito
[2024-09-05T00:50:08.123+0000] {python.py:240} INFO - Done. Returned value was: None
[2024-09-05T00:50:08.149+0000] {taskinstance.py:340} INFO - ::group::Post task execution logs
[2024-09-05T00:50:08.150+0000] {taskinstance.py:352} INFO - Marking task as SUCCESS. dag_id=weather_etl_dag, task_id=update_sequia_indicator, run_id=scheduled__2024-08-05T00:00:00+00:00, execution_date=20240805T000000, start_date=20240905T004910, end_date=20240905T005008
[2024-09-05T00:50:08.316+0000] {local_task_job_runner.py:261} INFO - Task exited with return code 0
[2024-09-05T00:50:08.354+0000] {taskinstance.py:3891} INFO - 0 downstream tasks scheduled from follow-on schedule check
[2024-09-05T00:50:08.409+0000] {local_task_job_runner.py:240} INFO - ::endgroup::
[2024-09-05T18:18:09.981+0000] {local_task_job_runner.py:123} INFO - ::group::Pre task execution logs
[2024-09-05T18:18:10.075+0000] {taskinstance.py:2603} INFO - Dependencies all met for dep_context=non-requeueable deps ti=<TaskInstance: weather_etl_dag.update_sequia_indicator scheduled__2024-08-05T00:00:00+00:00 [queued]>
[2024-09-05T18:18:10.101+0000] {taskinstance.py:2603} INFO - Dependencies all met for dep_context=requeueable deps ti=<TaskInstance: weather_etl_dag.update_sequia_indicator scheduled__2024-08-05T00:00:00+00:00 [queued]>
[2024-09-05T18:18:10.101+0000] {taskinstance.py:2856} INFO - Starting attempt 1 of 2
[2024-09-05T18:18:10.198+0000] {taskinstance.py:2879} INFO - Executing <Task(PythonOperator): update_sequia_indicator> on 2024-08-05 00:00:00+00:00
[2024-09-05T18:18:10.218+0000] {standard_task_runner.py:104} INFO - Running: ['***', 'tasks', 'run', 'weather_etl_dag', 'update_sequia_indicator', 'scheduled__2024-08-05T00:00:00+00:00', '--job-id', '103', '--raw', '--subdir', 'DAGS_FOLDER/weather_etl_dag.py', '--cfg-path', '/tmp/tmpemnmkfi3']
[2024-09-05T18:18:10.221+0000] {warnings.py:112} WARNING - /usr/local/lib/python3.12/site-packages/***/task/task_runner/standard_task_runner.py:70: DeprecationWarning: This process (pid=1057) is multi-threaded, use of fork() may lead to deadlocks in the child.
  pid = os.fork()

[2024-09-05T18:18:10.250+0000] {standard_task_runner.py:72} INFO - Started process 1061 to run task
[2024-09-05T18:18:10.250+0000] {standard_task_runner.py:105} INFO - Job 103: Subtask update_sequia_indicator
[2024-09-05T18:18:10.427+0000] {task_command.py:467} INFO - Running <TaskInstance: weather_etl_dag.update_sequia_indicator scheduled__2024-08-05T00:00:00+00:00 [running]> on host 0b8eaea5e88c
[2024-09-05T18:18:10.727+0000] {taskinstance.py:3122} INFO - Exporting env vars: AIRFLOW_CTX_DAG_OWNER='***' AIRFLOW_CTX_DAG_ID='weather_etl_dag' AIRFLOW_CTX_TASK_ID='update_sequia_indicator' AIRFLOW_CTX_EXECUTION_DATE='2024-08-05T00:00:00+00:00' AIRFLOW_CTX_TRY_NUMBER='1' AIRFLOW_CTX_DAG_RUN_ID='scheduled__2024-08-05T00:00:00+00:00'
[2024-09-05T18:18:10.729+0000] {taskinstance.py:731} INFO - ::endgroup::
[2024-09-05T18:18:10.741+0000] {logging_mixin.py:190} INFO - Iniciando conexión a Redshift para actualizar sequía
[2024-09-05T18:18:10.857+0000] {logging_mixin.py:190} INFO - Número de registros a actualizar en la tabla: 18
[2024-09-05T18:18:10.871+0000] {logging_mixin.py:190} INFO - Datos para actualizar en la tabla:    cve_mun            municipio fecha_pronostico indicador_sequia
0        1    Amealco De Bonfil       2024-09-05               D4
1        2      Pinal De Amoles       2024-09-05               D1
2        3          Arroyo Seco       2024-09-05               D0
3        4  Cadereyta De Montes       2024-09-05               D3
4        5                Colon       2024-09-05               D4
[2024-09-05T18:18:13.487+0000] {logging_mixin.py:190} INFO - Actualización realizada para cve_mun: 1, fecha_pronostico: 2024-09-05
[2024-09-05T18:18:13.642+0000] {logging_mixin.py:190} INFO - Actualización realizada para cve_mun: 2, fecha_pronostico: 2024-09-05
[2024-09-05T18:18:13.762+0000] {logging_mixin.py:190} INFO - Actualización realizada para cve_mun: 3, fecha_pronostico: 2024-09-05
[2024-09-05T18:18:13.880+0000] {logging_mixin.py:190} INFO - Actualización realizada para cve_mun: 4, fecha_pronostico: 2024-09-05
[2024-09-05T18:18:13.999+0000] {logging_mixin.py:190} INFO - Actualización realizada para cve_mun: 5, fecha_pronostico: 2024-09-05
[2024-09-05T18:18:14.135+0000] {logging_mixin.py:190} INFO - Actualización realizada para cve_mun: 6, fecha_pronostico: 2024-09-05
[2024-09-05T18:18:14.257+0000] {logging_mixin.py:190} INFO - Actualización realizada para cve_mun: 7, fecha_pronostico: 2024-09-05
[2024-09-05T18:18:14.391+0000] {logging_mixin.py:190} INFO - Actualización realizada para cve_mun: 8, fecha_pronostico: 2024-09-05
[2024-09-05T18:18:14.511+0000] {logging_mixin.py:190} INFO - Actualización realizada para cve_mun: 9, fecha_pronostico: 2024-09-05
[2024-09-05T18:18:14.630+0000] {logging_mixin.py:190} INFO - Actualización realizada para cve_mun: 10, fecha_pronostico: 2024-09-05
[2024-09-05T18:18:14.748+0000] {logging_mixin.py:190} INFO - Actualización realizada para cve_mun: 11, fecha_pronostico: 2024-09-05
[2024-09-05T18:18:14.867+0000] {logging_mixin.py:190} INFO - Actualización realizada para cve_mun: 12, fecha_pronostico: 2024-09-05
[2024-09-05T18:18:15.001+0000] {logging_mixin.py:190} INFO - Actualización realizada para cve_mun: 13, fecha_pronostico: 2024-09-05
[2024-09-05T18:18:15.131+0000] {logging_mixin.py:190} INFO - Actualización realizada para cve_mun: 14, fecha_pronostico: 2024-09-05
[2024-09-05T18:18:15.479+0000] {logging_mixin.py:190} INFO - Actualización realizada para cve_mun: 15, fecha_pronostico: 2024-09-05
[2024-09-05T18:18:15.629+0000] {logging_mixin.py:190} INFO - Actualización realizada para cve_mun: 16, fecha_pronostico: 2024-09-05
[2024-09-05T18:18:15.808+0000] {logging_mixin.py:190} INFO - Actualización realizada para cve_mun: 17, fecha_pronostico: 2024-09-05
[2024-09-05T18:18:15.960+0000] {logging_mixin.py:190} INFO - Actualización realizada para cve_mun: 18, fecha_pronostico: 2024-09-05
[2024-09-05T18:18:16.117+0000] {logging_mixin.py:190} INFO - Todas las actualizaciones se han realizado con éxito
[2024-09-05T18:18:16.119+0000] {python.py:240} INFO - Done. Returned value was: None
[2024-09-05T18:18:16.167+0000] {taskinstance.py:340} INFO - ::group::Post task execution logs
[2024-09-05T18:18:16.169+0000] {taskinstance.py:352} INFO - Marking task as SUCCESS. dag_id=weather_etl_dag, task_id=update_sequia_indicator, run_id=scheduled__2024-08-05T00:00:00+00:00, execution_date=20240805T000000, start_date=20240905T181810, end_date=20240905T181816
[2024-09-05T18:18:16.419+0000] {local_task_job_runner.py:261} INFO - Task exited with return code 0
[2024-09-05T18:18:16.527+0000] {taskinstance.py:3891} INFO - 0 downstream tasks scheduled from follow-on schedule check
[2024-09-05T18:18:16.727+0000] {local_task_job_runner.py:240} INFO - ::endgroup::
