[2024-08-26T00:02:17.519+0000] {local_task_job_runner.py:120} INFO - ::group::Pre task execution logs
[2024-08-26T00:02:17.580+0000] {taskinstance.py:2076} INFO - Dependencies all met for dep_context=non-requeueable deps ti=<TaskInstance: weather_etl_dag.map_sequia_indicator scheduled__2024-08-25T00:00:00+00:00 [queued]>
[2024-08-26T00:02:17.613+0000] {taskinstance.py:2076} INFO - Dependencies all met for dep_context=requeueable deps ti=<TaskInstance: weather_etl_dag.map_sequia_indicator scheduled__2024-08-25T00:00:00+00:00 [queued]>
[2024-08-26T00:02:17.615+0000] {taskinstance.py:2306} INFO - Starting attempt 1 of 2
[2024-08-26T00:02:17.885+0000] {taskinstance.py:2330} INFO - Executing <Task(PythonOperator): map_sequia_indicator> on 2024-08-25 00:00:00+00:00
[2024-08-26T00:02:17.890+0000] {warnings.py:112} WARNING - /home/***/.local/lib/python3.12/site-packages/***/task/task_runner/standard_task_runner.py:62: DeprecationWarning: This process (pid=4650) is multi-threaded, use of fork() may lead to deadlocks in the child.
  pid = os.fork()

[2024-08-26T00:02:17.892+0000] {standard_task_runner.py:64} INFO - Started process 4652 to run task
[2024-08-26T00:02:17.892+0000] {standard_task_runner.py:90} INFO - Running: ['***', 'tasks', 'run', 'weather_etl_dag', 'map_sequia_indicator', 'scheduled__2024-08-25T00:00:00+00:00', '--job-id', '368', '--raw', '--subdir', 'DAGS_FOLDER/weather_etl_dag.py', '--cfg-path', '/tmp/tmp_2efiep5']
[2024-08-26T00:02:17.895+0000] {standard_task_runner.py:91} INFO - Job 368: Subtask map_sequia_indicator
[2024-08-26T00:02:17.996+0000] {task_command.py:426} INFO - Running <TaskInstance: weather_etl_dag.map_sequia_indicator scheduled__2024-08-25T00:00:00+00:00 [running]> on host b7290fbe53d7
[2024-08-26T00:02:18.148+0000] {taskinstance.py:2648} INFO - Exporting env vars: AIRFLOW_CTX_DAG_OWNER='***' AIRFLOW_CTX_DAG_ID='weather_etl_dag' AIRFLOW_CTX_TASK_ID='map_sequia_indicator' AIRFLOW_CTX_EXECUTION_DATE='2024-08-25T00:00:00+00:00' AIRFLOW_CTX_TRY_NUMBER='1' AIRFLOW_CTX_DAG_RUN_ID='scheduled__2024-08-25T00:00:00+00:00'
[2024-08-26T00:02:18.150+0000] {taskinstance.py:430} INFO - ::endgroup::
[2024-08-26T00:02:18.212+0000] {logging_mixin.py:188} INFO - Pronósticos clima antes de mapear sequía:    cve_mun            municipio fecha_pronostico indicador_sequia
0        1    Amealco De Bonfil       2024-08-25             None
1        2      Pinal De Amoles       2024-08-25             None
2        3          Arroyo Seco       2024-08-25             None
3        4  Cadereyta De Montes       2024-08-25             None
4        5                Colon       2024-08-25             None
[2024-08-26T00:02:18.223+0000] {logging_mixin.py:188} INFO - Datos de sequía para mapear:    cve_mun          nombre_mun  cve_ent               entidad       fecha valor
0        1   Amealco de Bonfil       22  Querétaro de Arteaga  2003-03-31    D0
1       10  Landa de Matamoros       22  Querétaro de Arteaga  2003-06-30    D0
2        2     Pinal de Amoles       22  Querétaro de Arteaga  2004-09-30    D0
3        3         Arroyo Seco       22  Querétaro de Arteaga  2004-09-30    D0
4        9     Jalpan de Serra       22  Querétaro de Arteaga  2004-09-30    D0
[2024-08-26T00:02:18.251+0000] {logging_mixin.py:188} INFO - Pronósticos clima después de mapear sequía:    cve_mun            municipio fecha_pronostico indicador_sequia
0        1    Amealco De Bonfil       2024-08-25               D4
1        2      Pinal De Amoles       2024-08-25               D1
2        3          Arroyo Seco       2024-08-25               D0
3        4  Cadereyta De Montes       2024-08-25               D3
4        5                Colon       2024-08-25               D4
[2024-08-26T00:02:18.299+0000] {python.py:237} INFO - Done. Returned value was: None
[2024-08-26T00:02:18.299+0000] {taskinstance.py:441} INFO - ::group::Post task execution logs
[2024-08-26T00:02:18.307+0000] {taskinstance.py:1206} INFO - Marking task as SUCCESS. dag_id=weather_etl_dag, task_id=map_sequia_indicator, run_id=scheduled__2024-08-25T00:00:00+00:00, execution_date=20240825T000000, start_date=20240826T000217, end_date=20240826T000218
[2024-08-26T00:02:18.390+0000] {local_task_job_runner.py:243} INFO - Task exited with return code 0
[2024-08-26T00:02:18.407+0000] {taskinstance.py:3503} INFO - 1 downstream tasks scheduled from follow-on schedule check
[2024-08-26T00:02:18.455+0000] {local_task_job_runner.py:222} INFO - ::endgroup::
[2024-09-06T00:08:51.426+0000] {local_task_job_runner.py:123} INFO - ::group::Pre task execution logs
[2024-09-06T00:08:51.619+0000] {taskinstance.py:2603} INFO - Dependencies all met for dep_context=non-requeueable deps ti=<TaskInstance: weather_etl_dag.map_sequia_indicator scheduled__2024-08-25T00:00:00+00:00 [queued]>
[2024-09-06T00:08:51.722+0000] {taskinstance.py:2603} INFO - Dependencies all met for dep_context=requeueable deps ti=<TaskInstance: weather_etl_dag.map_sequia_indicator scheduled__2024-08-25T00:00:00+00:00 [queued]>
[2024-09-06T00:08:51.723+0000] {taskinstance.py:2856} INFO - Starting attempt 1 of 2
[2024-09-06T00:08:52.096+0000] {taskinstance.py:2879} INFO - Executing <Task(PythonOperator): map_sequia_indicator> on 2024-08-25 00:00:00+00:00
[2024-09-06T00:08:52.108+0000] {standard_task_runner.py:104} INFO - Running: ['***', 'tasks', 'run', 'weather_etl_dag', 'map_sequia_indicator', 'scheduled__2024-08-25T00:00:00+00:00', '--job-id', '211', '--raw', '--subdir', 'DAGS_FOLDER/weather_etl_dag.py', '--cfg-path', '/tmp/tmpkludzyd_']
[2024-09-06T00:08:52.118+0000] {warnings.py:112} WARNING - /usr/local/lib/python3.12/site-packages/***/task/task_runner/standard_task_runner.py:70: DeprecationWarning: This process (pid=908) is multi-threaded, use of fork() may lead to deadlocks in the child.
  pid = os.fork()

[2024-09-06T00:08:52.129+0000] {standard_task_runner.py:72} INFO - Started process 916 to run task
[2024-09-06T00:08:52.126+0000] {standard_task_runner.py:105} INFO - Job 211: Subtask map_sequia_indicator
[2024-09-06T00:08:53.021+0000] {task_command.py:467} INFO - Running <TaskInstance: weather_etl_dag.map_sequia_indicator scheduled__2024-08-25T00:00:00+00:00 [running]> on host da9f5d3bcb59
[2024-09-06T00:08:53.722+0000] {taskinstance.py:3122} INFO - Exporting env vars: AIRFLOW_CTX_DAG_OWNER='***' AIRFLOW_CTX_DAG_ID='weather_etl_dag' AIRFLOW_CTX_TASK_ID='map_sequia_indicator' AIRFLOW_CTX_EXECUTION_DATE='2024-08-25T00:00:00+00:00' AIRFLOW_CTX_TRY_NUMBER='1' AIRFLOW_CTX_DAG_RUN_ID='scheduled__2024-08-25T00:00:00+00:00'
[2024-09-06T00:08:53.723+0000] {taskinstance.py:731} INFO - ::endgroup::
[2024-09-06T00:08:54.466+0000] {python.py:240} INFO - Done. Returned value was: None
[2024-09-06T00:08:54.477+0000] {taskinstance.py:340} INFO - ::group::Post task execution logs
[2024-09-06T00:08:54.477+0000] {taskinstance.py:352} INFO - Marking task as SUCCESS. dag_id=weather_etl_dag, task_id=map_sequia_indicator, run_id=scheduled__2024-08-25T00:00:00+00:00, execution_date=20240825T000000, start_date=20240906T000851, end_date=20240906T000854
[2024-09-06T00:08:54.811+0000] {local_task_job_runner.py:261} INFO - Task exited with return code 0
[2024-09-06T00:08:54.918+0000] {taskinstance.py:3891} INFO - 1 downstream tasks scheduled from follow-on schedule check
[2024-09-06T00:08:54.992+0000] {local_task_job_runner.py:240} INFO - ::endgroup::
