[2024-08-15T00:03:13.180+0000] {local_task_job_runner.py:120} INFO - ::group::Pre task execution logs
[2024-08-15T00:03:13.379+0000] {taskinstance.py:2076} INFO - Dependencies all met for dep_context=non-requeueable deps ti=<TaskInstance: weather_etl_dag.insert_weather_data scheduled__2024-08-14T00:00:00+00:00 [queued]>
[2024-08-15T00:03:13.392+0000] {taskinstance.py:2076} INFO - Dependencies all met for dep_context=requeueable deps ti=<TaskInstance: weather_etl_dag.insert_weather_data scheduled__2024-08-14T00:00:00+00:00 [queued]>
[2024-08-15T00:03:13.789+0000] {taskinstance.py:2306} INFO - Starting attempt 1 of 2
[2024-08-15T00:03:14.329+0000] {taskinstance.py:2330} INFO - Executing <Task(PythonOperator): insert_weather_data> on 2024-08-14 00:00:00+00:00
[2024-08-15T00:03:14.336+0000] {warnings.py:112} WARNING - /home/***/.local/lib/python3.12/site-packages/***/task/task_runner/standard_task_runner.py:62: DeprecationWarning: This process (pid=1687) is multi-threaded, use of fork() may lead to deadlocks in the child.
  pid = os.fork()

[2024-08-15T00:03:14.343+0000] {standard_task_runner.py:90} INFO - Running: ['***', 'tasks', 'run', 'weather_etl_dag', 'insert_weather_data', 'scheduled__2024-08-14T00:00:00+00:00', '--job-id', '159', '--raw', '--subdir', 'DAGS_FOLDER/weather_etl_dag.py', '--cfg-path', '/tmp/tmpkguhnogt']
[2024-08-15T00:03:14.347+0000] {standard_task_runner.py:64} INFO - Started process 1689 to run task
[2024-08-15T00:03:14.347+0000] {standard_task_runner.py:91} INFO - Job 159: Subtask insert_weather_data
[2024-08-15T00:03:14.643+0000] {task_command.py:426} INFO - Running <TaskInstance: weather_etl_dag.insert_weather_data scheduled__2024-08-14T00:00:00+00:00 [running]> on host 6da407953da9
[2024-08-15T00:03:14.860+0000] {taskinstance.py:2648} INFO - Exporting env vars: AIRFLOW_CTX_DAG_OWNER='***' AIRFLOW_CTX_DAG_ID='weather_etl_dag' AIRFLOW_CTX_TASK_ID='insert_weather_data' AIRFLOW_CTX_EXECUTION_DATE='2024-08-14T00:00:00+00:00' AIRFLOW_CTX_TRY_NUMBER='1' AIRFLOW_CTX_DAG_RUN_ID='scheduled__2024-08-14T00:00:00+00:00'
[2024-08-15T00:03:14.861+0000] {taskinstance.py:430} INFO - ::endgroup::
[2024-08-15T00:03:22.823+0000] {logging_mixin.py:188} INFO - Todos los pronósticos han sido insertados con éxito en Redshift.
[2024-08-15T00:03:22.826+0000] {python.py:237} INFO - Done. Returned value was: None
[2024-08-15T00:03:22.826+0000] {taskinstance.py:441} INFO - ::group::Post task execution logs
[2024-08-15T00:03:22.839+0000] {taskinstance.py:1206} INFO - Marking task as SUCCESS. dag_id=weather_etl_dag, task_id=insert_weather_data, run_id=scheduled__2024-08-14T00:00:00+00:00, execution_date=20240814T000000, start_date=20240815T000313, end_date=20240815T000322
[2024-08-15T00:03:22.960+0000] {local_task_job_runner.py:243} INFO - Task exited with return code 0
[2024-08-15T00:03:22.991+0000] {taskinstance.py:3503} INFO - 1 downstream tasks scheduled from follow-on schedule check
[2024-08-15T00:03:23.033+0000] {local_task_job_runner.py:222} INFO - ::endgroup::
[2024-09-05T00:46:46.839+0000] {local_task_job_runner.py:123} INFO - ::group::Pre task execution logs
[2024-09-05T00:46:46.883+0000] {taskinstance.py:2603} INFO - Dependencies all met for dep_context=non-requeueable deps ti=<TaskInstance: weather_etl_dag.insert_weather_data scheduled__2024-08-14T00:00:00+00:00 [queued]>
[2024-09-05T00:46:46.897+0000] {taskinstance.py:2603} INFO - Dependencies all met for dep_context=requeueable deps ti=<TaskInstance: weather_etl_dag.insert_weather_data scheduled__2024-08-14T00:00:00+00:00 [queued]>
[2024-09-05T00:46:46.898+0000] {taskinstance.py:2856} INFO - Starting attempt 1 of 2
[2024-09-05T00:46:46.957+0000] {taskinstance.py:2879} INFO - Executing <Task(PythonOperator): insert_weather_data> on 2024-08-14 00:00:00+00:00
[2024-09-05T00:46:46.965+0000] {warnings.py:112} WARNING - /usr/local/lib/python3.12/site-packages/***/task/task_runner/standard_task_runner.py:70: DeprecationWarning: This process (pid=756) is multi-threaded, use of fork() may lead to deadlocks in the child.
  pid = os.fork()

[2024-09-05T00:46:46.975+0000] {standard_task_runner.py:72} INFO - Started process 758 to run task
[2024-09-05T00:46:46.967+0000] {standard_task_runner.py:104} INFO - Running: ['***', 'tasks', 'run', 'weather_etl_dag', 'insert_weather_data', 'scheduled__2024-08-14T00:00:00+00:00', '--job-id', '85', '--raw', '--subdir', 'DAGS_FOLDER/weather_etl_dag.py', '--cfg-path', '/tmp/tmpjtrspq0d']
[2024-09-05T00:46:46.977+0000] {standard_task_runner.py:105} INFO - Job 85: Subtask insert_weather_data
[2024-09-05T00:46:47.108+0000] {task_command.py:467} INFO - Running <TaskInstance: weather_etl_dag.insert_weather_data scheduled__2024-08-14T00:00:00+00:00 [running]> on host b778581f4b0f
[2024-09-05T00:46:47.751+0000] {taskinstance.py:3122} INFO - Exporting env vars: AIRFLOW_CTX_DAG_OWNER='***' AIRFLOW_CTX_DAG_ID='weather_etl_dag' AIRFLOW_CTX_TASK_ID='insert_weather_data' AIRFLOW_CTX_EXECUTION_DATE='2024-08-14T00:00:00+00:00' AIRFLOW_CTX_TRY_NUMBER='1' AIRFLOW_CTX_DAG_RUN_ID='scheduled__2024-08-14T00:00:00+00:00'
[2024-09-05T00:46:47.752+0000] {taskinstance.py:731} INFO - ::endgroup::
[2024-09-05T00:46:52.159+0000] {logging_mixin.py:190} INFO - Todos los pronósticos han sido insertados con éxito en Redshift.
[2024-09-05T00:46:52.163+0000] {python.py:240} INFO - Done. Returned value was: None
[2024-09-05T00:46:52.208+0000] {taskinstance.py:340} INFO - ::group::Post task execution logs
[2024-09-05T00:46:52.209+0000] {taskinstance.py:352} INFO - Marking task as SUCCESS. dag_id=weather_etl_dag, task_id=insert_weather_data, run_id=scheduled__2024-08-14T00:00:00+00:00, execution_date=20240814T000000, start_date=20240905T004646, end_date=20240905T004652
[2024-09-05T00:46:52.403+0000] {local_task_job_runner.py:261} INFO - Task exited with return code 0
[2024-09-05T00:46:52.463+0000] {local_task_job_runner.py:240} INFO - ::endgroup::
