[2024-08-13T14:56:04.739+0000] {local_task_job_runner.py:120} INFO - ::group::Pre task execution logs
[2024-08-13T14:56:04.970+0000] {taskinstance.py:2076} INFO - Dependencies all met for dep_context=non-requeueable deps ti=<TaskInstance: weather_etl_dag.get_municipios manual__2024-08-13T14:55:16.466088+00:00 [queued]>
[2024-08-13T14:56:04.977+0000] {taskinstance.py:2076} INFO - Dependencies all met for dep_context=requeueable deps ti=<TaskInstance: weather_etl_dag.get_municipios manual__2024-08-13T14:55:16.466088+00:00 [queued]>
[2024-08-13T14:56:04.978+0000] {taskinstance.py:2306} INFO - Starting attempt 1 of 2
[2024-08-13T14:56:05.046+0000] {taskinstance.py:2330} INFO - Executing <Task(PythonOperator): get_municipios> on 2024-08-13 14:55:16.466088+00:00
[2024-08-13T14:56:05.054+0000] {warnings.py:112} WARNING - /home/***/.local/lib/python3.12/site-packages/***/task/task_runner/standard_task_runner.py:62: DeprecationWarning: This process (pid=1873) is multi-threaded, use of fork() may lead to deadlocks in the child.
  pid = os.fork()

[2024-08-13T14:56:05.058+0000] {standard_task_runner.py:64} INFO - Started process 1875 to run task
[2024-08-13T14:56:05.057+0000] {standard_task_runner.py:90} INFO - Running: ['***', 'tasks', 'run', 'weather_etl_dag', 'get_municipios', 'manual__2024-08-13T14:55:16.466088+00:00', '--job-id', '10', '--raw', '--subdir', 'DAGS_FOLDER/weather_etl_dag.py', '--cfg-path', '/tmp/tmp991sj50g']
[2024-08-13T14:56:05.060+0000] {standard_task_runner.py:91} INFO - Job 10: Subtask get_municipios
[2024-08-13T14:56:05.145+0000] {task_command.py:426} INFO - Running <TaskInstance: weather_etl_dag.get_municipios manual__2024-08-13T14:55:16.466088+00:00 [running]> on host 68978d07c676
[2024-08-13T14:56:05.460+0000] {taskinstance.py:2648} INFO - Exporting env vars: AIRFLOW_CTX_DAG_OWNER='***' AIRFLOW_CTX_DAG_ID='weather_etl_dag' AIRFLOW_CTX_TASK_ID='get_municipios' AIRFLOW_CTX_EXECUTION_DATE='2024-08-13T14:55:16.466088+00:00' AIRFLOW_CTX_TRY_NUMBER='1' AIRFLOW_CTX_DAG_RUN_ID='manual__2024-08-13T14:55:16.466088+00:00'
[2024-08-13T14:56:05.461+0000] {taskinstance.py:430} INFO - ::endgroup::
[2024-08-13T14:56:06.079+0000] {warnings.py:112} WARNING - /opt/***/dags/weather_etl_dag.py:82: UserWarning: pandas only supports SQLAlchemy connectable (engine/connection) or database string URI or sqlite3 DBAPI2 connection. Other DBAPI2 objects are not tested. Please consider using SQLAlchemy.
  df_municipios = pd.read_sql_query(query, conn)

[2024-08-13T14:56:06.334+0000] {python.py:237} INFO - Done. Returned value was: None
[2024-08-13T14:56:06.335+0000] {taskinstance.py:441} INFO - ::group::Post task execution logs
[2024-08-13T14:56:06.344+0000] {taskinstance.py:1206} INFO - Marking task as SUCCESS. dag_id=weather_etl_dag, task_id=get_municipios, run_id=manual__2024-08-13T14:55:16.466088+00:00, execution_date=20240813T145516, start_date=20240813T145604, end_date=20240813T145606
[2024-08-13T14:56:06.408+0000] {local_task_job_runner.py:243} INFO - Task exited with return code 0
[2024-08-13T14:56:06.426+0000] {taskinstance.py:3503} INFO - 1 downstream tasks scheduled from follow-on schedule check
[2024-08-13T14:56:06.469+0000] {local_task_job_runner.py:222} INFO - ::endgroup::
