[2024-09-01T03:37:28.684+0000] {processor.py:161} INFO - Started process (PID=62) to work on /opt/airflow/dags/weather_etl_dag.py
[2024-09-01T03:37:28.703+0000] {processor.py:830} INFO - Processing file /opt/airflow/dags/weather_etl_dag.py for tasks to queue
[2024-09-01T03:37:28.721+0000] {logging_mixin.py:188} INFO - [2024-09-01T03:37:28.720+0000] {dagbag.py:545} INFO - Filling up the DagBag from /opt/airflow/dags/weather_etl_dag.py
[2024-09-01T03:37:49.755+0000] {processor.py:840} INFO - DAG(s) 'weather_etl_dag' retrieved from /opt/airflow/dags/weather_etl_dag.py
[2024-09-01T03:37:51.330+0000] {logging_mixin.py:188} INFO - [2024-09-01T03:37:51.329+0000] {override.py:1858} INFO - Created Permission View: can delete on DAG:weather_etl_dag
[2024-09-01T03:37:51.713+0000] {logging_mixin.py:188} INFO - [2024-09-01T03:37:51.713+0000] {override.py:1858} INFO - Created Permission View: can read on DAG:weather_etl_dag
[2024-09-01T03:37:51.828+0000] {logging_mixin.py:188} INFO - [2024-09-01T03:37:51.828+0000] {override.py:1858} INFO - Created Permission View: can edit on DAG:weather_etl_dag
[2024-09-01T03:37:51.836+0000] {logging_mixin.py:188} INFO - [2024-09-01T03:37:51.836+0000] {dag.py:3089} INFO - Sync 1 DAGs
[2024-09-01T03:37:51.877+0000] {logging_mixin.py:188} INFO - [2024-09-01T03:37:51.876+0000] {dag.py:3111} INFO - Creating ORM DAG for weather_etl_dag
[2024-09-01T03:37:51.923+0000] {logging_mixin.py:188} INFO - [2024-09-01T03:37:51.923+0000] {dag.py:3947} INFO - Setting next_dagrun for weather_etl_dag to 2024-08-01 00:00:00+00:00, run_after=2024-08-02 00:00:00+00:00
[2024-09-01T03:37:52.126+0000] {processor.py:183} INFO - Processing /opt/airflow/dags/weather_etl_dag.py took 23.458 seconds
[2024-09-01T03:47:52.496+0000] {processor.py:161} INFO - Started process (PID=186) to work on /opt/airflow/dags/weather_etl_dag.py
[2024-09-01T03:47:52.508+0000] {processor.py:830} INFO - Processing file /opt/airflow/dags/weather_etl_dag.py for tasks to queue
[2024-09-01T03:47:52.515+0000] {logging_mixin.py:188} INFO - [2024-09-01T03:47:52.515+0000] {dagbag.py:545} INFO - Filling up the DagBag from /opt/airflow/dags/weather_etl_dag.py
[2024-09-01T03:47:52.964+0000] {processor.py:840} INFO - DAG(s) 'weather_etl_dag' retrieved from /opt/airflow/dags/weather_etl_dag.py
[2024-09-01T03:47:52.985+0000] {logging_mixin.py:188} INFO - [2024-09-01T03:47:52.985+0000] {dag.py:3089} INFO - Sync 1 DAGs
[2024-09-01T03:47:53.001+0000] {logging_mixin.py:188} INFO - [2024-09-01T03:47:53.000+0000] {dag.py:3947} INFO - Setting next_dagrun for weather_etl_dag to 2024-08-01 00:00:00+00:00, run_after=2024-08-02 00:00:00+00:00
[2024-09-01T03:47:53.054+0000] {processor.py:183} INFO - Processing /opt/airflow/dags/weather_etl_dag.py took 0.573 seconds
[2024-09-01T03:57:53.512+0000] {processor.py:161} INFO - Started process (PID=308) to work on /opt/airflow/dags/weather_etl_dag.py
[2024-09-01T03:57:53.513+0000] {processor.py:830} INFO - Processing file /opt/airflow/dags/weather_etl_dag.py for tasks to queue
[2024-09-01T03:57:53.522+0000] {logging_mixin.py:188} INFO - [2024-09-01T03:57:53.522+0000] {dagbag.py:545} INFO - Filling up the DagBag from /opt/airflow/dags/weather_etl_dag.py
[2024-09-01T03:57:54.661+0000] {processor.py:840} INFO - DAG(s) 'weather_etl_dag' retrieved from /opt/airflow/dags/weather_etl_dag.py
[2024-09-01T03:57:54.685+0000] {logging_mixin.py:188} INFO - [2024-09-01T03:57:54.685+0000] {dag.py:3089} INFO - Sync 1 DAGs
[2024-09-01T03:57:54.702+0000] {logging_mixin.py:188} INFO - [2024-09-01T03:57:54.702+0000] {dag.py:3947} INFO - Setting next_dagrun for weather_etl_dag to 2024-08-01 00:00:00+00:00, run_after=2024-08-02 00:00:00+00:00
[2024-09-01T03:57:54.764+0000] {processor.py:183} INFO - Processing /opt/airflow/dags/weather_etl_dag.py took 1.265 seconds
[2024-09-01T04:07:54.959+0000] {processor.py:161} INFO - Started process (PID=430) to work on /opt/airflow/dags/weather_etl_dag.py
[2024-09-01T04:07:54.972+0000] {processor.py:830} INFO - Processing file /opt/airflow/dags/weather_etl_dag.py for tasks to queue
[2024-09-01T04:07:54.980+0000] {logging_mixin.py:188} INFO - [2024-09-01T04:07:54.974+0000] {dagbag.py:545} INFO - Filling up the DagBag from /opt/airflow/dags/weather_etl_dag.py
[2024-09-01T04:07:55.747+0000] {processor.py:840} INFO - DAG(s) 'weather_etl_dag' retrieved from /opt/airflow/dags/weather_etl_dag.py
[2024-09-01T04:07:55.781+0000] {logging_mixin.py:188} INFO - [2024-09-01T04:07:55.781+0000] {dag.py:3089} INFO - Sync 1 DAGs
[2024-09-01T04:07:55.809+0000] {logging_mixin.py:188} INFO - [2024-09-01T04:07:55.809+0000] {dag.py:3947} INFO - Setting next_dagrun for weather_etl_dag to 2024-08-01 00:00:00+00:00, run_after=2024-08-02 00:00:00+00:00
[2024-09-01T04:07:55.869+0000] {processor.py:183} INFO - Processing /opt/airflow/dags/weather_etl_dag.py took 0.918 seconds
[2024-09-01T04:17:56.225+0000] {processor.py:161} INFO - Started process (PID=552) to work on /opt/airflow/dags/weather_etl_dag.py
[2024-09-01T04:17:56.226+0000] {processor.py:830} INFO - Processing file /opt/airflow/dags/weather_etl_dag.py for tasks to queue
[2024-09-01T04:17:56.229+0000] {logging_mixin.py:188} INFO - [2024-09-01T04:17:56.229+0000] {dagbag.py:545} INFO - Filling up the DagBag from /opt/airflow/dags/weather_etl_dag.py
[2024-09-01T04:17:56.764+0000] {processor.py:840} INFO - DAG(s) 'weather_etl_dag' retrieved from /opt/airflow/dags/weather_etl_dag.py
[2024-09-01T04:17:56.788+0000] {logging_mixin.py:188} INFO - [2024-09-01T04:17:56.788+0000] {dag.py:3089} INFO - Sync 1 DAGs
[2024-09-01T04:17:56.805+0000] {logging_mixin.py:188} INFO - [2024-09-01T04:17:56.805+0000] {dag.py:3947} INFO - Setting next_dagrun for weather_etl_dag to 2024-08-01 00:00:00+00:00, run_after=2024-08-02 00:00:00+00:00
[2024-09-01T04:17:56.859+0000] {processor.py:183} INFO - Processing /opt/airflow/dags/weather_etl_dag.py took 0.643 seconds
[2024-09-01T04:27:57.020+0000] {processor.py:161} INFO - Started process (PID=673) to work on /opt/airflow/dags/weather_etl_dag.py
[2024-09-01T04:27:57.021+0000] {processor.py:830} INFO - Processing file /opt/airflow/dags/weather_etl_dag.py for tasks to queue
[2024-09-01T04:27:57.024+0000] {logging_mixin.py:188} INFO - [2024-09-01T04:27:57.024+0000] {dagbag.py:545} INFO - Filling up the DagBag from /opt/airflow/dags/weather_etl_dag.py
[2024-09-01T04:27:57.595+0000] {processor.py:840} INFO - DAG(s) 'weather_etl_dag' retrieved from /opt/airflow/dags/weather_etl_dag.py
[2024-09-01T04:27:57.636+0000] {logging_mixin.py:188} INFO - [2024-09-01T04:27:57.635+0000] {dag.py:3089} INFO - Sync 1 DAGs
[2024-09-01T04:27:57.664+0000] {logging_mixin.py:188} INFO - [2024-09-01T04:27:57.663+0000] {dag.py:3947} INFO - Setting next_dagrun for weather_etl_dag to 2024-08-01 00:00:00+00:00, run_after=2024-08-02 00:00:00+00:00
[2024-09-01T04:27:57.731+0000] {processor.py:183} INFO - Processing /opt/airflow/dags/weather_etl_dag.py took 0.717 seconds
[2024-09-01T04:37:58.465+0000] {processor.py:161} INFO - Started process (PID=795) to work on /opt/airflow/dags/weather_etl_dag.py
[2024-09-01T04:37:58.466+0000] {processor.py:830} INFO - Processing file /opt/airflow/dags/weather_etl_dag.py for tasks to queue
[2024-09-01T04:37:58.468+0000] {logging_mixin.py:188} INFO - [2024-09-01T04:37:58.468+0000] {dagbag.py:545} INFO - Filling up the DagBag from /opt/airflow/dags/weather_etl_dag.py
[2024-09-01T04:37:58.899+0000] {processor.py:840} INFO - DAG(s) 'weather_etl_dag' retrieved from /opt/airflow/dags/weather_etl_dag.py
[2024-09-01T04:37:58.921+0000] {logging_mixin.py:188} INFO - [2024-09-01T04:37:58.921+0000] {dag.py:3089} INFO - Sync 1 DAGs
[2024-09-01T04:38:00.083+0000] {logging_mixin.py:188} INFO - [2024-09-01T04:38:00.083+0000] {dag.py:3947} INFO - Setting next_dagrun for weather_etl_dag to 2024-08-01 00:00:00+00:00, run_after=2024-08-02 00:00:00+00:00
[2024-09-01T04:38:00.300+0000] {processor.py:183} INFO - Processing /opt/airflow/dags/weather_etl_dag.py took 1.839 seconds
[2024-09-01T06:46:47.575+0000] {processor.py:161} INFO - Started process (PID=916) to work on /opt/airflow/dags/weather_etl_dag.py
[2024-09-01T06:46:47.948+0000] {processor.py:830} INFO - Processing file /opt/airflow/dags/weather_etl_dag.py for tasks to queue
[2024-09-01T06:46:47.950+0000] {logging_mixin.py:188} INFO - [2024-09-01T06:46:47.950+0000] {dagbag.py:545} INFO - Filling up the DagBag from /opt/airflow/dags/weather_etl_dag.py
[2024-09-01T09:00:34.581+0000] {processor.py:840} INFO - DAG(s) 'weather_etl_dag' retrieved from /opt/airflow/dags/weather_etl_dag.py
[2024-09-01T09:00:34.645+0000] {logging_mixin.py:188} INFO - [2024-09-01T09:00:34.642+0000] {dag.py:3089} INFO - Sync 1 DAGs
[2024-09-01T09:00:34.739+0000] {logging_mixin.py:188} INFO - [2024-09-01T09:00:34.730+0000] {dag.py:3947} INFO - Setting next_dagrun for weather_etl_dag to 2024-08-01 00:00:00+00:00, run_after=2024-08-02 00:00:00+00:00
[2024-09-01T09:00:34.852+0000] {processor.py:183} INFO - Processing /opt/airflow/dags/weather_etl_dag.py took 5.270 seconds
[2024-09-01T13:06:36.740+0000] {processor.py:161} INFO - Started process (PID=924) to work on /opt/airflow/dags/weather_etl_dag.py
[2024-09-01T13:06:36.758+0000] {processor.py:830} INFO - Processing file /opt/airflow/dags/weather_etl_dag.py for tasks to queue
[2024-09-01T13:06:36.795+0000] {logging_mixin.py:188} INFO - [2024-09-01T13:06:36.794+0000] {dagbag.py:545} INFO - Filling up the DagBag from /opt/airflow/dags/weather_etl_dag.py
[2024-09-01T13:22:41.488+0000] {processor.py:161} INFO - Started process (PID=1047) to work on /opt/airflow/dags/weather_etl_dag.py
[2024-09-01T13:22:41.489+0000] {processor.py:830} INFO - Processing file /opt/airflow/dags/weather_etl_dag.py for tasks to queue
[2024-09-01T13:22:41.490+0000] {logging_mixin.py:188} INFO - [2024-09-01T13:22:41.489+0000] {dagbag.py:545} INFO - Filling up the DagBag from /opt/airflow/dags/weather_etl_dag.py
[2024-09-01T13:22:41.953+0000] {processor.py:840} INFO - DAG(s) 'weather_etl_dag' retrieved from /opt/airflow/dags/weather_etl_dag.py
[2024-09-01T13:22:42.053+0000] {logging_mixin.py:188} INFO - [2024-09-01T13:22:42.053+0000] {dag.py:3089} INFO - Sync 1 DAGs
[2024-09-01T13:22:42.074+0000] {logging_mixin.py:188} INFO - [2024-09-01T13:22:42.074+0000] {dag.py:3947} INFO - Setting next_dagrun for weather_etl_dag to 2024-08-01 00:00:00+00:00, run_after=2024-08-02 00:00:00+00:00
[2024-09-01T13:22:42.125+0000] {processor.py:183} INFO - Processing /opt/airflow/dags/weather_etl_dag.py took 0.644 seconds
[2024-09-01T13:32:41.382+0000] {processor.py:161} INFO - Started process (PID=1169) to work on /opt/airflow/dags/weather_etl_dag.py
[2024-09-01T13:32:41.383+0000] {processor.py:830} INFO - Processing file /opt/airflow/dags/weather_etl_dag.py for tasks to queue
[2024-09-01T13:32:41.384+0000] {logging_mixin.py:188} INFO - [2024-09-01T13:32:41.384+0000] {dagbag.py:545} INFO - Filling up the DagBag from /opt/airflow/dags/weather_etl_dag.py
[2024-09-01T13:32:41.868+0000] {processor.py:840} INFO - DAG(s) 'weather_etl_dag' retrieved from /opt/airflow/dags/weather_etl_dag.py
[2024-09-01T13:32:41.899+0000] {logging_mixin.py:188} INFO - [2024-09-01T13:32:41.898+0000] {dag.py:3089} INFO - Sync 1 DAGs
[2024-09-01T13:32:41.916+0000] {logging_mixin.py:188} INFO - [2024-09-01T13:32:41.916+0000] {dag.py:3947} INFO - Setting next_dagrun for weather_etl_dag to 2024-08-01 00:00:00+00:00, run_after=2024-08-02 00:00:00+00:00
[2024-09-01T13:32:42.031+0000] {processor.py:183} INFO - Processing /opt/airflow/dags/weather_etl_dag.py took 0.655 seconds
[2024-09-01T13:42:42.595+0000] {processor.py:161} INFO - Started process (PID=1292) to work on /opt/airflow/dags/weather_etl_dag.py
[2024-09-01T13:42:42.597+0000] {processor.py:830} INFO - Processing file /opt/airflow/dags/weather_etl_dag.py for tasks to queue
[2024-09-01T13:42:42.598+0000] {logging_mixin.py:188} INFO - [2024-09-01T13:42:42.597+0000] {dagbag.py:545} INFO - Filling up the DagBag from /opt/airflow/dags/weather_etl_dag.py
[2024-09-01T13:42:44.840+0000] {processor.py:840} INFO - DAG(s) 'weather_etl_dag' retrieved from /opt/airflow/dags/weather_etl_dag.py
[2024-09-01T13:42:44.980+0000] {logging_mixin.py:188} INFO - [2024-09-01T13:42:44.979+0000] {dag.py:3089} INFO - Sync 1 DAGs
[2024-09-01T13:42:45.064+0000] {logging_mixin.py:188} INFO - [2024-09-01T13:42:45.063+0000] {dag.py:3947} INFO - Setting next_dagrun for weather_etl_dag to 2024-08-01 00:00:00+00:00, run_after=2024-08-02 00:00:00+00:00
[2024-09-01T13:42:45.164+0000] {processor.py:183} INFO - Processing /opt/airflow/dags/weather_etl_dag.py took 2.577 seconds
[2024-09-01T13:49:58.181+0000] {processor.py:161} INFO - Started process (PID=1378) to work on /opt/airflow/dags/weather_etl_dag.py
[2024-09-01T13:49:58.183+0000] {processor.py:830} INFO - Processing file /opt/airflow/dags/weather_etl_dag.py for tasks to queue
[2024-09-01T13:49:58.185+0000] {logging_mixin.py:188} INFO - [2024-09-01T13:49:58.184+0000] {dagbag.py:545} INFO - Filling up the DagBag from /opt/airflow/dags/weather_etl_dag.py
[2024-09-01T13:49:58.232+0000] {logging_mixin.py:188} INFO - [2024-09-01T13:49:58.228+0000] {dagbag.py:355} ERROR - Failed to import: /opt/airflow/dags/weather_etl_dag.py
Traceback (most recent call last):
  File "/home/airflow/.local/lib/python3.12/site-packages/airflow/models/dagbag.py", line 351, in parse
    loader.exec_module(new_module)
  File "<frozen importlib._bootstrap_external>", line 995, in exec_module
  File "<frozen importlib._bootstrap>", line 488, in _call_with_frames_removed
  File "/opt/airflow/dags/weather_etl_dag.py", line 7, in <module>
    from weather_etl import (
ModuleNotFoundError: No module named 'weather_etl'
[2024-09-01T13:49:58.235+0000] {processor.py:842} WARNING - No viable dags retrieved from /opt/airflow/dags/weather_etl_dag.py
[2024-09-01T13:49:58.306+0000] {processor.py:183} INFO - Processing /opt/airflow/dags/weather_etl_dag.py took 0.144 seconds
[2024-09-01T13:59:59.033+0000] {processor.py:161} INFO - Started process (PID=1498) to work on /opt/airflow/dags/weather_etl_dag.py
[2024-09-01T13:59:59.046+0000] {processor.py:830} INFO - Processing file /opt/airflow/dags/weather_etl_dag.py for tasks to queue
[2024-09-01T13:59:59.047+0000] {logging_mixin.py:188} INFO - [2024-09-01T13:59:59.046+0000] {dagbag.py:545} INFO - Filling up the DagBag from /opt/airflow/dags/weather_etl_dag.py
[2024-09-01T13:59:59.096+0000] {logging_mixin.py:188} INFO - [2024-09-01T13:59:59.092+0000] {dagbag.py:355} ERROR - Failed to import: /opt/airflow/dags/weather_etl_dag.py
Traceback (most recent call last):
  File "/home/airflow/.local/lib/python3.12/site-packages/airflow/models/dagbag.py", line 351, in parse
    loader.exec_module(new_module)
  File "<frozen importlib._bootstrap_external>", line 995, in exec_module
  File "<frozen importlib._bootstrap>", line 488, in _call_with_frames_removed
  File "/opt/airflow/dags/weather_etl_dag.py", line 7, in <module>
    from weather_etl import (
  File "/opt/airflow/dags/weather_etl.py", line 14
    def fetch_weather_data(**kwargs):
    ^^^
IndentationError: expected an indented block after function definition on line 11
[2024-09-01T13:59:59.097+0000] {processor.py:842} WARNING - No viable dags retrieved from /opt/airflow/dags/weather_etl_dag.py
[2024-09-01T13:59:59.186+0000] {processor.py:183} INFO - Processing /opt/airflow/dags/weather_etl_dag.py took 0.161 seconds
[2024-09-01T14:09:59.258+0000] {processor.py:161} INFO - Started process (PID=1624) to work on /opt/airflow/dags/weather_etl_dag.py
[2024-09-01T14:09:59.259+0000] {processor.py:830} INFO - Processing file /opt/airflow/dags/weather_etl_dag.py for tasks to queue
[2024-09-01T14:09:59.260+0000] {logging_mixin.py:188} INFO - [2024-09-01T14:09:59.260+0000] {dagbag.py:545} INFO - Filling up the DagBag from /opt/airflow/dags/weather_etl_dag.py
[2024-09-01T14:09:59.284+0000] {logging_mixin.py:188} INFO - [2024-09-01T14:09:59.281+0000] {dagbag.py:355} ERROR - Failed to import: /opt/airflow/dags/weather_etl_dag.py
Traceback (most recent call last):
  File "/home/airflow/.local/lib/python3.12/site-packages/airflow/models/dagbag.py", line 351, in parse
    loader.exec_module(new_module)
  File "<frozen importlib._bootstrap_external>", line 995, in exec_module
  File "<frozen importlib._bootstrap>", line 488, in _call_with_frames_removed
  File "/opt/airflow/dags/weather_etl_dag.py", line 7, in <module>
    from weather_etl import (
  File "/opt/airflow/dags/weather_etl.py", line 169
    def map_sequia_indicator(**kwargs):
    ^^^
IndentationError: expected an indented block after function definition on line 166
[2024-09-01T14:09:59.285+0000] {processor.py:842} WARNING - No viable dags retrieved from /opt/airflow/dags/weather_etl_dag.py
[2024-09-01T14:09:59.341+0000] {processor.py:183} INFO - Processing /opt/airflow/dags/weather_etl_dag.py took 0.089 seconds
