[2024-09-06T03:45:01.229+0000] {local_task_job_runner.py:123} INFO - ::group::Pre task execution logs
[2024-09-06T03:45:01.523+0000] {taskinstance.py:2603} INFO - Dependencies all met for dep_context=non-requeueable deps ti=<TaskInstance: weather_etl_dag.check_data_exists scheduled__2024-09-03T00:00:00+00:00 [queued]>
[2024-09-06T03:45:01.609+0000] {taskinstance.py:2603} INFO - Dependencies all met for dep_context=requeueable deps ti=<TaskInstance: weather_etl_dag.check_data_exists scheduled__2024-09-03T00:00:00+00:00 [queued]>
[2024-09-06T03:45:01.947+0000] {taskinstance.py:2856} INFO - Starting attempt 1 of 2
[2024-09-06T03:45:02.202+0000] {taskinstance.py:2879} INFO - Executing <Task(PythonSensor): check_data_exists> on 2024-09-03 00:00:00+00:00
[2024-09-06T03:45:02.209+0000] {warnings.py:112} WARNING - /usr/local/lib/python3.12/site-packages/***/task/task_runner/standard_task_runner.py:70: DeprecationWarning: This process (pid=88) is multi-threaded, use of fork() may lead to deadlocks in the child.
  pid = os.fork()

[2024-09-06T03:45:02.219+0000] {standard_task_runner.py:72} INFO - Started process 90 to run task
[2024-09-06T03:45:02.214+0000] {standard_task_runner.py:104} INFO - Running: ['***', 'tasks', 'run', 'weather_etl_dag', 'check_data_exists', 'scheduled__2024-09-03T00:00:00+00:00', '--job-id', '242', '--raw', '--subdir', 'DAGS_FOLDER/weather_etl_dag.py', '--cfg-path', '/tmp/tmp72xgm0s3']
[2024-09-06T03:45:02.220+0000] {standard_task_runner.py:105} INFO - Job 242: Subtask check_data_exists
[2024-09-06T03:45:02.493+0000] {task_command.py:467} INFO - Running <TaskInstance: weather_etl_dag.check_data_exists scheduled__2024-09-03T00:00:00+00:00 [running]> on host 4b8f6e83ee7a
[2024-09-06T03:45:03.700+0000] {taskinstance.py:3122} INFO - Exporting env vars: AIRFLOW_CTX_DAG_OWNER='***' AIRFLOW_CTX_DAG_ID='weather_etl_dag' AIRFLOW_CTX_TASK_ID='check_data_exists' AIRFLOW_CTX_EXECUTION_DATE='2024-09-03T00:00:00+00:00' AIRFLOW_CTX_TRY_NUMBER='1' AIRFLOW_CTX_DAG_RUN_ID='scheduled__2024-09-03T00:00:00+00:00'
[2024-09-06T03:45:03.704+0000] {taskinstance.py:731} INFO - ::endgroup::
[2024-09-06T03:45:03.729+0000] {python.py:75} INFO - Poking callable: <function check_data_exists at 0x7f159151c7c0>
[2024-09-06T03:45:04.511+0000] {base.py:336} INFO - Success criteria met. Exiting.
[2024-09-06T03:45:04.529+0000] {taskinstance.py:340} INFO - ::group::Post task execution logs
[2024-09-06T03:45:04.530+0000] {taskinstance.py:352} INFO - Marking task as SUCCESS. dag_id=weather_etl_dag, task_id=check_data_exists, run_id=scheduled__2024-09-03T00:00:00+00:00, execution_date=20240903T000000, start_date=20240906T034501, end_date=20240906T034504
[2024-09-06T03:45:04.700+0000] {local_task_job_runner.py:261} INFO - Task exited with return code 0
[2024-09-06T03:45:04.908+0000] {taskinstance.py:3891} INFO - 0 downstream tasks scheduled from follow-on schedule check
[2024-09-06T03:45:04.952+0000] {local_task_job_runner.py:240} INFO - ::endgroup::
[2024-09-06T14:17:53.823+0000] {local_task_job_runner.py:123} INFO - ::group::Pre task execution logs
[2024-09-06T14:17:53.902+0000] {taskinstance.py:2593} INFO - Dependencies not met for <TaskInstance: weather_etl_dag.check_data_exists scheduled__2024-09-03T00:00:00+00:00 [success]>, dependency 'Task Instance State' FAILED: Task is in the 'success' state.
[2024-09-06T14:17:54.100+0000] {local_task_job_runner.py:166} INFO - Task is not able to be run
