[2024-09-05T00:41:43.621+0000] {local_task_job_runner.py:123} INFO - ::group::Pre task execution logs
[2024-09-05T00:41:43.670+0000] {taskinstance.py:2603} INFO - Dependencies all met for dep_context=non-requeueable deps ti=<TaskInstance: weather_etl_dag.translate_and_clean_data scheduled__2024-08-09T00:00:00+00:00 [queued]>
[2024-09-05T00:41:43.691+0000] {taskinstance.py:2603} INFO - Dependencies all met for dep_context=requeueable deps ti=<TaskInstance: weather_etl_dag.translate_and_clean_data scheduled__2024-08-09T00:00:00+00:00 [queued]>
[2024-09-05T00:41:43.715+0000] {taskinstance.py:2856} INFO - Starting attempt 1 of 2
[2024-09-05T00:41:44.420+0000] {taskinstance.py:2879} INFO - Executing <Task(PythonOperator): translate_and_clean_data> on 2024-08-09 00:00:00+00:00
[2024-09-05T00:41:44.428+0000] {warnings.py:112} WARNING - /usr/local/lib/python3.12/site-packages/***/task/task_runner/standard_task_runner.py:70: DeprecationWarning: This process (pid=550) is multi-threaded, use of fork() may lead to deadlocks in the child.
  pid = os.fork()

[2024-09-05T00:41:44.431+0000] {standard_task_runner.py:104} INFO - Running: ['***', 'tasks', 'run', 'weather_etl_dag', 'translate_and_clean_data', 'scheduled__2024-08-09T00:00:00+00:00', '--job-id', '64', '--raw', '--subdir', 'DAGS_FOLDER/weather_etl_dag.py', '--cfg-path', '/tmp/tmp74q0k7_h']
[2024-09-05T00:41:44.441+0000] {standard_task_runner.py:72} INFO - Started process 552 to run task
[2024-09-05T00:41:44.443+0000] {standard_task_runner.py:105} INFO - Job 64: Subtask translate_and_clean_data
[2024-09-05T00:41:44.581+0000] {task_command.py:467} INFO - Running <TaskInstance: weather_etl_dag.translate_and_clean_data scheduled__2024-08-09T00:00:00+00:00 [running]> on host b778581f4b0f
[2024-09-05T00:41:45.245+0000] {taskinstance.py:3122} INFO - Exporting env vars: AIRFLOW_CTX_DAG_OWNER='***' AIRFLOW_CTX_DAG_ID='weather_etl_dag' AIRFLOW_CTX_TASK_ID='translate_and_clean_data' AIRFLOW_CTX_EXECUTION_DATE='2024-08-09T00:00:00+00:00' AIRFLOW_CTX_TRY_NUMBER='1' AIRFLOW_CTX_DAG_RUN_ID='scheduled__2024-08-09T00:00:00+00:00'
[2024-09-05T00:41:45.276+0000] {taskinstance.py:731} INFO - ::endgroup::
[2024-09-05T00:41:45.444+0000] {logging_mixin.py:190} INFO - Recuperando DataFrame de pronósticos desde XCom
[2024-09-05T00:41:46.648+0000] {logging_mixin.py:190} INFO - Número de registros en pronósticos: 18
[2024-09-05T00:41:46.784+0000] {logging_mixin.py:190} INFO - Pronósticos antes de limpiar y traducir:    cve_mun            municipio  ... wind_kph  humidity
0        1    AMEALCO DE BONFIL  ...     16.9        77
1        2      PINAL DE AMOLES  ...     19.8        77
2        3          ARROYO SECO  ...     19.1        82
3        4  CADEREYTA DE MONTES  ...     16.2        78
4        5                COLON  ...     19.8        77

[5 rows x 10 columns]
[2024-09-05T00:42:46.296+0000] {logging_mixin.py:190} INFO - Pronósticos después de limpiar y traducir:    cve_mun            municipio  ... viento_kph  humedad
0        1    Amealco De Bonfil  ...       16.9       77
1        2      Pinal De Amoles  ...       19.8       77
2        3          Arroyo Seco  ...       19.1       82
3        4  Cadereyta De Montes  ...       16.2       78
4        5                Colon  ...       19.8       77

[5 rows x 10 columns]
[2024-09-05T00:42:46.399+0000] {python.py:240} INFO - Done. Returned value was: None
[2024-09-05T00:42:46.430+0000] {taskinstance.py:340} INFO - ::group::Post task execution logs
[2024-09-05T00:42:46.432+0000] {taskinstance.py:352} INFO - Marking task as SUCCESS. dag_id=weather_etl_dag, task_id=translate_and_clean_data, run_id=scheduled__2024-08-09T00:00:00+00:00, execution_date=20240809T000000, start_date=20240905T004143, end_date=20240905T004246
[2024-09-05T00:42:46.521+0000] {local_task_job_runner.py:261} INFO - Task exited with return code 0
[2024-09-05T00:42:46.571+0000] {taskinstance.py:3891} INFO - 1 downstream tasks scheduled from follow-on schedule check
[2024-09-05T00:42:46.608+0000] {local_task_job_runner.py:240} INFO - ::endgroup::
[2024-09-05T18:12:38.782+0000] {local_task_job_runner.py:123} INFO - ::group::Pre task execution logs
[2024-09-05T18:12:38.870+0000] {taskinstance.py:2603} INFO - Dependencies all met for dep_context=non-requeueable deps ti=<TaskInstance: weather_etl_dag.translate_and_clean_data scheduled__2024-08-09T00:00:00+00:00 [queued]>
[2024-09-05T18:12:38.879+0000] {taskinstance.py:2603} INFO - Dependencies all met for dep_context=requeueable deps ti=<TaskInstance: weather_etl_dag.translate_and_clean_data scheduled__2024-08-09T00:00:00+00:00 [queued]>
[2024-09-05T18:12:38.879+0000] {taskinstance.py:2856} INFO - Starting attempt 1 of 2
[2024-09-05T18:12:38.939+0000] {taskinstance.py:2879} INFO - Executing <Task(PythonOperator): translate_and_clean_data> on 2024-08-09 00:00:00+00:00
[2024-09-05T18:12:38.943+0000] {warnings.py:112} WARNING - /usr/local/lib/python3.12/site-packages/***/task/task_runner/standard_task_runner.py:70: DeprecationWarning: This process (pid=635) is multi-threaded, use of fork() may lead to deadlocks in the child.
  pid = os.fork()

[2024-09-05T18:12:38.945+0000] {standard_task_runner.py:72} INFO - Started process 637 to run task
[2024-09-05T18:12:38.946+0000] {standard_task_runner.py:104} INFO - Running: ['***', 'tasks', 'run', 'weather_etl_dag', 'translate_and_clean_data', 'scheduled__2024-08-09T00:00:00+00:00', '--job-id', '46', '--raw', '--subdir', 'DAGS_FOLDER/weather_etl_dag.py', '--cfg-path', '/tmp/tmp27qw6k48']
[2024-09-05T18:12:38.948+0000] {standard_task_runner.py:105} INFO - Job 46: Subtask translate_and_clean_data
[2024-09-05T18:12:39.047+0000] {task_command.py:467} INFO - Running <TaskInstance: weather_etl_dag.translate_and_clean_data scheduled__2024-08-09T00:00:00+00:00 [running]> on host 0b8eaea5e88c
[2024-09-05T18:12:39.351+0000] {taskinstance.py:3122} INFO - Exporting env vars: AIRFLOW_CTX_DAG_OWNER='***' AIRFLOW_CTX_DAG_ID='weather_etl_dag' AIRFLOW_CTX_TASK_ID='translate_and_clean_data' AIRFLOW_CTX_EXECUTION_DATE='2024-08-09T00:00:00+00:00' AIRFLOW_CTX_TRY_NUMBER='1' AIRFLOW_CTX_DAG_RUN_ID='scheduled__2024-08-09T00:00:00+00:00'
[2024-09-05T18:12:39.352+0000] {taskinstance.py:731} INFO - ::endgroup::
[2024-09-05T18:12:39.363+0000] {logging_mixin.py:190} INFO - Recuperando DataFrame de pronósticos desde XCom
[2024-09-05T18:12:39.402+0000] {logging_mixin.py:190} INFO - Número de registros en pronósticos: 18
[2024-09-05T18:12:39.415+0000] {logging_mixin.py:190} INFO - Pronósticos antes de limpiar y traducir:    cve_mun            municipio  ... wind_kph  humidity
0        1    AMEALCO DE BONFIL  ...     18.0        78
1        2      PINAL DE AMOLES  ...     16.6        75
2        3          ARROYO SECO  ...     17.3        84
3        4  CADEREYTA DE MONTES  ...     14.0        79
4        5                COLON  ...     16.6        75

[5 rows x 10 columns]
[2024-09-05T18:13:39.034+0000] {logging_mixin.py:190} INFO - Pronósticos después de limpiar y traducir:    cve_mun            municipio  ... viento_kph  humedad
0        1    Amealco De Bonfil  ...       18.0       78
1        2      Pinal De Amoles  ...       16.6       75
2        3          Arroyo Seco  ...       17.3       84
3        4  Cadereyta De Montes  ...       14.0       79
4        5                Colon  ...       16.6       75

[5 rows x 10 columns]
[2024-09-05T18:13:39.100+0000] {python.py:240} INFO - Done. Returned value was: None
[2024-09-05T18:13:39.112+0000] {taskinstance.py:340} INFO - ::group::Post task execution logs
[2024-09-05T18:13:39.113+0000] {taskinstance.py:352} INFO - Marking task as SUCCESS. dag_id=weather_etl_dag, task_id=translate_and_clean_data, run_id=scheduled__2024-08-09T00:00:00+00:00, execution_date=20240809T000000, start_date=20240905T181238, end_date=20240905T181339
[2024-09-05T18:13:39.189+0000] {local_task_job_runner.py:261} INFO - Task exited with return code 0
[2024-09-05T18:13:39.223+0000] {taskinstance.py:3891} INFO - 1 downstream tasks scheduled from follow-on schedule check
[2024-09-05T18:13:39.267+0000] {local_task_job_runner.py:240} INFO - ::endgroup::
