[2024-09-05T00:35:36.552+0000] {local_task_job_runner.py:123} INFO - ::group::Pre task execution logs
[2024-09-05T00:35:36.648+0000] {taskinstance.py:2603} INFO - Dependencies all met for dep_context=non-requeueable deps ti=<TaskInstance: weather_etl_dag.fetch_weather_data scheduled__2024-08-05T00:00:00+00:00 [queued]>
[2024-09-05T00:35:36.756+0000] {taskinstance.py:2603} INFO - Dependencies all met for dep_context=requeueable deps ti=<TaskInstance: weather_etl_dag.fetch_weather_data scheduled__2024-08-05T00:00:00+00:00 [queued]>
[2024-09-05T00:35:36.779+0000] {taskinstance.py:2856} INFO - Starting attempt 1 of 2
[2024-09-05T00:35:36.895+0000] {taskinstance.py:2879} INFO - Executing <Task(PythonOperator): fetch_weather_data> on 2024-08-05 00:00:00+00:00
[2024-09-05T00:35:36.916+0000] {standard_task_runner.py:104} INFO - Running: ['***', 'tasks', 'run', 'weather_etl_dag', 'fetch_weather_data', 'scheduled__2024-08-05T00:00:00+00:00', '--job-id', '42', '--raw', '--subdir', 'DAGS_FOLDER/weather_etl_dag.py', '--cfg-path', '/tmp/tmpm4vxloas']
[2024-09-05T00:35:36.940+0000] {standard_task_runner.py:105} INFO - Job 42: Subtask fetch_weather_data
[2024-09-05T00:35:36.914+0000] {warnings.py:112} WARNING - /usr/local/lib/python3.12/site-packages/***/task/task_runner/standard_task_runner.py:70: DeprecationWarning: This process (pid=320) is multi-threaded, use of fork() may lead to deadlocks in the child.
  pid = os.fork()

[2024-09-05T00:35:36.957+0000] {standard_task_runner.py:72} INFO - Started process 325 to run task
[2024-09-05T00:35:37.326+0000] {task_command.py:467} INFO - Running <TaskInstance: weather_etl_dag.fetch_weather_data scheduled__2024-08-05T00:00:00+00:00 [running]> on host b778581f4b0f
[2024-09-05T00:35:38.550+0000] {taskinstance.py:3122} INFO - Exporting env vars: AIRFLOW_CTX_DAG_OWNER='***' AIRFLOW_CTX_DAG_ID='weather_etl_dag' AIRFLOW_CTX_TASK_ID='fetch_weather_data' AIRFLOW_CTX_EXECUTION_DATE='2024-08-05T00:00:00+00:00' AIRFLOW_CTX_TRY_NUMBER='1' AIRFLOW_CTX_DAG_RUN_ID='scheduled__2024-08-05T00:00:00+00:00'
[2024-09-05T00:35:38.551+0000] {taskinstance.py:731} INFO - ::endgroup::
[2024-09-05T00:35:38.573+0000] {logging_mixin.py:190} INFO - Recuperando municipios desde XCom
[2024-09-05T00:35:38.797+0000] {logging_mixin.py:190} INFO - Número de municipios recuperados: 18
[2024-09-05T00:35:38.818+0000] {logging_mixin.py:190} INFO - Datos de municipios para obtener clima:    cve_mun              nom_mun  lat_decimal  lon_decimal
0        1    AMEALCO DE BONFIL    20.186444  -100.144195
1        2      PINAL DE AMOLES    21.135302   -99.627540
2        3          ARROYO SECO    21.548036   -99.689166
3        4  CADEREYTA DE MONTES    20.695023   -99.815633
4        5                COLON    20.788326  -100.045430
[2024-09-05T00:35:38.840+0000] {logging_mixin.py:190} INFO - Haciendo solicitud a la API para lat: 20.186444, lon: -100.144195
[2024-09-05T00:35:42.694+0000] {logging_mixin.py:190} INFO - Respuesta recibida: 200
[2024-09-05T00:35:42.696+0000] {logging_mixin.py:190} INFO - Haciendo solicitud a la API para lat: 21.135302, lon: -99.62754
[2024-09-05T00:35:43.316+0000] {logging_mixin.py:190} INFO - Respuesta recibida: 200
[2024-09-05T00:35:43.323+0000] {logging_mixin.py:190} INFO - Haciendo solicitud a la API para lat: 21.548036, lon: -99.689166
[2024-09-05T00:35:44.202+0000] {logging_mixin.py:190} INFO - Respuesta recibida: 200
[2024-09-05T00:35:44.214+0000] {logging_mixin.py:190} INFO - Haciendo solicitud a la API para lat: 20.695023, lon: -99.815633
[2024-09-05T00:35:44.994+0000] {logging_mixin.py:190} INFO - Respuesta recibida: 200
[2024-09-05T00:35:44.996+0000] {logging_mixin.py:190} INFO - Haciendo solicitud a la API para lat: 20.788326, lon: -100.04543
[2024-09-05T00:35:45.693+0000] {logging_mixin.py:190} INFO - Respuesta recibida: 200
[2024-09-05T00:35:45.695+0000] {logging_mixin.py:190} INFO - Haciendo solicitud a la API para lat: 20.552436, lon: -100.445883
[2024-09-05T00:35:46.401+0000] {logging_mixin.py:190} INFO - Respuesta recibida: 200
[2024-09-05T00:35:46.417+0000] {logging_mixin.py:190} INFO - Haciendo solicitud a la API para lat: 20.665295, lon: -99.898405
[2024-09-05T00:35:47.395+0000] {logging_mixin.py:190} INFO - Respuesta recibida: 200
[2024-09-05T00:35:47.397+0000] {logging_mixin.py:190} INFO - Haciendo solicitud a la API para lat: 20.375244, lon: -100.274333
[2024-09-05T00:35:48.017+0000] {logging_mixin.py:190} INFO - Respuesta recibida: 200
[2024-09-05T00:35:48.019+0000] {logging_mixin.py:190} INFO - Haciendo solicitud a la API para lat: 21.216802, lon: -99.47291
[2024-09-05T00:35:48.611+0000] {logging_mixin.py:190} INFO - Respuesta recibida: 200
[2024-09-05T00:35:48.625+0000] {logging_mixin.py:190} INFO - Haciendo solicitud a la API para lat: 21.183456, lon: -99.321914
[2024-09-05T00:35:49.401+0000] {logging_mixin.py:190} INFO - Respuesta recibida: 200
[2024-09-05T00:35:49.417+0000] {logging_mixin.py:190} INFO - Haciendo solicitud a la API para lat: 20.60657, lon: -100.331096
[2024-09-05T00:35:50.289+0000] {logging_mixin.py:190} INFO - Respuesta recibida: 200
[2024-09-05T00:35:50.293+0000] {logging_mixin.py:190} INFO - Haciendo solicitud a la API para lat: 20.502494, lon: -100.14473
[2024-09-05T00:35:51.159+0000] {logging_mixin.py:190} INFO - Respuesta recibida: 200
[2024-09-05T00:35:51.177+0000] {logging_mixin.py:190} INFO - Haciendo solicitud a la API para lat: 21.053631, lon: -99.814526
[2024-09-05T00:35:51.861+0000] {logging_mixin.py:190} INFO - Respuesta recibida: 200
[2024-09-05T00:35:51.872+0000] {logging_mixin.py:190} INFO - Haciendo solicitud a la API para lat: 20.593391, lon: -100.389957
[2024-09-05T00:35:52.703+0000] {logging_mixin.py:190} INFO - Respuesta recibida: 200
[2024-09-05T00:35:52.717+0000] {logging_mixin.py:190} INFO - Haciendo solicitud a la API para lat: 20.916061, lon: -99.566359
[2024-09-05T00:35:53.386+0000] {logging_mixin.py:190} INFO - Respuesta recibida: 200
[2024-09-05T00:35:53.606+0000] {logging_mixin.py:190} INFO - Haciendo solicitud a la API para lat: 20.386441, lon: -99.999631
[2024-09-05T00:35:54.436+0000] {logging_mixin.py:190} INFO - Respuesta recibida: 200
[2024-09-05T00:35:54.439+0000] {logging_mixin.py:190} INFO - Haciendo solicitud a la API para lat: 20.518817, lon: -99.88384
[2024-09-05T00:35:55.111+0000] {logging_mixin.py:190} INFO - Respuesta recibida: 200
[2024-09-05T00:35:55.195+0000] {logging_mixin.py:190} INFO - Haciendo solicitud a la API para lat: 20.908149, lon: -99.9308
[2024-09-05T00:35:56.900+0000] {logging_mixin.py:190} INFO - Respuesta recibida: 200
[2024-09-05T00:35:57.063+0000] {logging_mixin.py:190} INFO - Pronósticos obtenidos: 18
[2024-09-05T00:35:59.433+0000] {python.py:240} INFO - Done. Returned value was: None
[2024-09-05T00:35:59.690+0000] {taskinstance.py:340} INFO - ::group::Post task execution logs
[2024-09-05T00:35:59.706+0000] {taskinstance.py:352} INFO - Marking task as SUCCESS. dag_id=weather_etl_dag, task_id=fetch_weather_data, run_id=scheduled__2024-08-05T00:00:00+00:00, execution_date=20240805T000000, start_date=20240905T003536, end_date=20240905T003559
[2024-09-05T00:35:59.885+0000] {local_task_job_runner.py:261} INFO - Task exited with return code 0
[2024-09-05T00:36:00.076+0000] {taskinstance.py:3891} INFO - 1 downstream tasks scheduled from follow-on schedule check
[2024-09-05T00:36:00.196+0000] {local_task_job_runner.py:240} INFO - ::endgroup::
[2024-09-05T18:06:22.261+0000] {local_task_job_runner.py:123} INFO - ::group::Pre task execution logs
[2024-09-05T18:06:22.330+0000] {taskinstance.py:2603} INFO - Dependencies all met for dep_context=non-requeueable deps ti=<TaskInstance: weather_etl_dag.fetch_weather_data scheduled__2024-08-05T00:00:00+00:00 [queued]>
[2024-09-05T18:06:22.346+0000] {taskinstance.py:2603} INFO - Dependencies all met for dep_context=requeueable deps ti=<TaskInstance: weather_etl_dag.fetch_weather_data scheduled__2024-08-05T00:00:00+00:00 [queued]>
[2024-09-05T18:06:22.347+0000] {taskinstance.py:2856} INFO - Starting attempt 1 of 2
[2024-09-05T18:06:22.544+0000] {taskinstance.py:2879} INFO - Executing <Task(PythonOperator): fetch_weather_data> on 2024-08-05 00:00:00+00:00
[2024-09-05T18:06:22.549+0000] {warnings.py:112} WARNING - /usr/local/lib/python3.12/site-packages/***/task/task_runner/standard_task_runner.py:70: DeprecationWarning: This process (pid=401) is multi-threaded, use of fork() may lead to deadlocks in the child.
  pid = os.fork()

[2024-09-05T18:06:22.551+0000] {standard_task_runner.py:72} INFO - Started process 403 to run task
[2024-09-05T18:06:22.556+0000] {standard_task_runner.py:104} INFO - Running: ['***', 'tasks', 'run', 'weather_etl_dag', 'fetch_weather_data', 'scheduled__2024-08-05T00:00:00+00:00', '--job-id', '24', '--raw', '--subdir', 'DAGS_FOLDER/weather_etl_dag.py', '--cfg-path', '/tmp/tmpyoq6jrkq']
[2024-09-05T18:06:22.561+0000] {standard_task_runner.py:105} INFO - Job 24: Subtask fetch_weather_data
[2024-09-05T18:06:22.823+0000] {task_command.py:467} INFO - Running <TaskInstance: weather_etl_dag.fetch_weather_data scheduled__2024-08-05T00:00:00+00:00 [running]> on host 0b8eaea5e88c
[2024-09-05T18:06:23.257+0000] {taskinstance.py:3122} INFO - Exporting env vars: AIRFLOW_CTX_DAG_OWNER='***' AIRFLOW_CTX_DAG_ID='weather_etl_dag' AIRFLOW_CTX_TASK_ID='fetch_weather_data' AIRFLOW_CTX_EXECUTION_DATE='2024-08-05T00:00:00+00:00' AIRFLOW_CTX_TRY_NUMBER='1' AIRFLOW_CTX_DAG_RUN_ID='scheduled__2024-08-05T00:00:00+00:00'
[2024-09-05T18:06:23.258+0000] {taskinstance.py:731} INFO - ::endgroup::
[2024-09-05T18:06:23.278+0000] {logging_mixin.py:190} INFO - Recuperando municipios desde XCom
[2024-09-05T18:06:23.378+0000] {logging_mixin.py:190} INFO - Número de municipios recuperados: 18
[2024-09-05T18:06:23.397+0000] {logging_mixin.py:190} INFO - Datos de municipios para obtener clima:    cve_mun              nom_mun  lat_decimal  lon_decimal
0        1    AMEALCO DE BONFIL    20.186444  -100.144195
1        2      PINAL DE AMOLES    21.135302   -99.627540
2        3          ARROYO SECO    21.548036   -99.689166
3        4  CADEREYTA DE MONTES    20.695023   -99.815633
4        5                COLON    20.788326  -100.045430
[2024-09-05T18:06:23.435+0000] {logging_mixin.py:190} INFO - Haciendo solicitud a la API para lat: 20.186444, lon: -100.144195
[2024-09-05T18:06:24.053+0000] {logging_mixin.py:190} INFO - Respuesta recibida: 200
[2024-09-05T18:06:24.057+0000] {logging_mixin.py:190} INFO - Haciendo solicitud a la API para lat: 21.135302, lon: -99.62754
[2024-09-05T18:06:24.636+0000] {logging_mixin.py:190} INFO - Respuesta recibida: 200
[2024-09-05T18:06:24.640+0000] {logging_mixin.py:190} INFO - Haciendo solicitud a la API para lat: 21.548036, lon: -99.689166
[2024-09-05T18:06:25.230+0000] {logging_mixin.py:190} INFO - Respuesta recibida: 200
[2024-09-05T18:06:25.241+0000] {logging_mixin.py:190} INFO - Haciendo solicitud a la API para lat: 20.695023, lon: -99.815633
[2024-09-05T18:06:25.833+0000] {logging_mixin.py:190} INFO - Respuesta recibida: 200
[2024-09-05T18:06:25.834+0000] {logging_mixin.py:190} INFO - Haciendo solicitud a la API para lat: 20.788326, lon: -100.04543
[2024-09-05T18:06:26.475+0000] {logging_mixin.py:190} INFO - Respuesta recibida: 200
[2024-09-05T18:06:26.477+0000] {logging_mixin.py:190} INFO - Haciendo solicitud a la API para lat: 20.552436, lon: -100.445883
[2024-09-05T18:06:27.063+0000] {logging_mixin.py:190} INFO - Respuesta recibida: 200
[2024-09-05T18:06:27.065+0000] {logging_mixin.py:190} INFO - Haciendo solicitud a la API para lat: 20.665295, lon: -99.898405
[2024-09-05T18:06:27.649+0000] {logging_mixin.py:190} INFO - Respuesta recibida: 200
[2024-09-05T18:06:27.651+0000] {logging_mixin.py:190} INFO - Haciendo solicitud a la API para lat: 20.375244, lon: -100.274333
[2024-09-05T18:06:28.290+0000] {logging_mixin.py:190} INFO - Respuesta recibida: 200
[2024-09-05T18:06:28.292+0000] {logging_mixin.py:190} INFO - Haciendo solicitud a la API para lat: 21.216802, lon: -99.47291
[2024-09-05T18:06:28.878+0000] {logging_mixin.py:190} INFO - Respuesta recibida: 200
[2024-09-05T18:06:28.880+0000] {logging_mixin.py:190} INFO - Haciendo solicitud a la API para lat: 21.183456, lon: -99.321914
[2024-09-05T18:06:29.474+0000] {logging_mixin.py:190} INFO - Respuesta recibida: 200
[2024-09-05T18:06:29.476+0000] {logging_mixin.py:190} INFO - Haciendo solicitud a la API para lat: 20.60657, lon: -100.331096
[2024-09-05T18:06:30.059+0000] {logging_mixin.py:190} INFO - Respuesta recibida: 200
[2024-09-05T18:06:30.061+0000] {logging_mixin.py:190} INFO - Haciendo solicitud a la API para lat: 20.502494, lon: -100.14473
[2024-09-05T18:06:30.661+0000] {logging_mixin.py:190} INFO - Respuesta recibida: 200
[2024-09-05T18:06:30.679+0000] {logging_mixin.py:190} INFO - Haciendo solicitud a la API para lat: 21.053631, lon: -99.814526
[2024-09-05T18:06:31.361+0000] {logging_mixin.py:190} INFO - Respuesta recibida: 200
[2024-09-05T18:06:31.363+0000] {logging_mixin.py:190} INFO - Haciendo solicitud a la API para lat: 20.593391, lon: -100.389957
[2024-09-05T18:06:31.949+0000] {logging_mixin.py:190} INFO - Respuesta recibida: 200
[2024-09-05T18:06:31.951+0000] {logging_mixin.py:190} INFO - Haciendo solicitud a la API para lat: 20.916061, lon: -99.566359
[2024-09-05T18:06:32.532+0000] {logging_mixin.py:190} INFO - Respuesta recibida: 200
[2024-09-05T18:06:32.534+0000] {logging_mixin.py:190} INFO - Haciendo solicitud a la API para lat: 20.386441, lon: -99.999631
[2024-09-05T18:06:33.199+0000] {logging_mixin.py:190} INFO - Respuesta recibida: 200
[2024-09-05T18:06:33.215+0000] {logging_mixin.py:190} INFO - Haciendo solicitud a la API para lat: 20.518817, lon: -99.88384
[2024-09-05T18:06:33.854+0000] {logging_mixin.py:190} INFO - Respuesta recibida: 200
[2024-09-05T18:06:33.903+0000] {logging_mixin.py:190} INFO - Haciendo solicitud a la API para lat: 20.908149, lon: -99.9308
[2024-09-05T18:06:34.517+0000] {logging_mixin.py:190} INFO - Respuesta recibida: 200
[2024-09-05T18:06:34.524+0000] {logging_mixin.py:190} INFO - Pronósticos obtenidos: 18
[2024-09-05T18:06:34.716+0000] {python.py:240} INFO - Done. Returned value was: None
[2024-09-05T18:06:34.727+0000] {taskinstance.py:340} INFO - ::group::Post task execution logs
[2024-09-05T18:06:34.728+0000] {taskinstance.py:352} INFO - Marking task as SUCCESS. dag_id=weather_etl_dag, task_id=fetch_weather_data, run_id=scheduled__2024-08-05T00:00:00+00:00, execution_date=20240805T000000, start_date=20240905T180622, end_date=20240905T180634
[2024-09-05T18:06:34.977+0000] {local_task_job_runner.py:261} INFO - Task exited with return code 0
[2024-09-05T18:06:35.008+0000] {taskinstance.py:3891} INFO - 1 downstream tasks scheduled from follow-on schedule check
[2024-09-05T18:06:35.528+0000] {local_task_job_runner.py:240} INFO - ::endgroup::
