[2024-09-05T00:46:40.301+0000] {local_task_job_runner.py:123} INFO - ::group::Pre task execution logs
[2024-09-05T00:46:40.361+0000] {taskinstance.py:2603} INFO - Dependencies all met for dep_context=non-requeueable deps ti=<TaskInstance: weather_etl_dag.insert_weather_data scheduled__2024-08-12T00:00:00+00:00 [queued]>
[2024-09-05T00:46:40.381+0000] {taskinstance.py:2603} INFO - Dependencies all met for dep_context=requeueable deps ti=<TaskInstance: weather_etl_dag.insert_weather_data scheduled__2024-08-12T00:00:00+00:00 [queued]>
[2024-09-05T00:46:40.383+0000] {taskinstance.py:2856} INFO - Starting attempt 1 of 2
[2024-09-05T00:46:40.455+0000] {taskinstance.py:2879} INFO - Executing <Task(PythonOperator): insert_weather_data> on 2024-08-12 00:00:00+00:00
[2024-09-05T00:46:40.467+0000] {warnings.py:112} WARNING - /usr/local/lib/python3.12/site-packages/***/task/task_runner/standard_task_runner.py:70: DeprecationWarning: This process (pid=742) is multi-threaded, use of fork() may lead to deadlocks in the child.
  pid = os.fork()

[2024-09-05T00:46:40.469+0000] {standard_task_runner.py:72} INFO - Started process 744 to run task
[2024-09-05T00:46:40.473+0000] {standard_task_runner.py:104} INFO - Running: ['***', 'tasks', 'run', 'weather_etl_dag', 'insert_weather_data', 'scheduled__2024-08-12T00:00:00+00:00', '--job-id', '83', '--raw', '--subdir', 'DAGS_FOLDER/weather_etl_dag.py', '--cfg-path', '/tmp/tmppfmu9efm']
[2024-09-05T00:46:40.484+0000] {standard_task_runner.py:105} INFO - Job 83: Subtask insert_weather_data
[2024-09-05T00:46:40.672+0000] {task_command.py:467} INFO - Running <TaskInstance: weather_etl_dag.insert_weather_data scheduled__2024-08-12T00:00:00+00:00 [running]> on host b778581f4b0f
[2024-09-05T00:46:41.086+0000] {taskinstance.py:3122} INFO - Exporting env vars: AIRFLOW_CTX_DAG_OWNER='***' AIRFLOW_CTX_DAG_ID='weather_etl_dag' AIRFLOW_CTX_TASK_ID='insert_weather_data' AIRFLOW_CTX_EXECUTION_DATE='2024-08-12T00:00:00+00:00' AIRFLOW_CTX_TRY_NUMBER='1' AIRFLOW_CTX_DAG_RUN_ID='scheduled__2024-08-12T00:00:00+00:00'
[2024-09-05T00:46:41.092+0000] {taskinstance.py:731} INFO - ::endgroup::
[2024-09-05T00:46:45.542+0000] {logging_mixin.py:190} INFO - Todos los pronósticos han sido insertados con éxito en Redshift.
[2024-09-05T00:46:45.543+0000] {python.py:240} INFO - Done. Returned value was: None
[2024-09-05T00:46:45.558+0000] {taskinstance.py:340} INFO - ::group::Post task execution logs
[2024-09-05T00:46:45.559+0000] {taskinstance.py:352} INFO - Marking task as SUCCESS. dag_id=weather_etl_dag, task_id=insert_weather_data, run_id=scheduled__2024-08-12T00:00:00+00:00, execution_date=20240812T000000, start_date=20240905T004640, end_date=20240905T004645
[2024-09-05T00:46:45.765+0000] {local_task_job_runner.py:261} INFO - Task exited with return code 0
[2024-09-05T00:46:45.809+0000] {taskinstance.py:3891} INFO - 1 downstream tasks scheduled from follow-on schedule check
[2024-09-05T00:46:45.856+0000] {local_task_job_runner.py:240} INFO - ::endgroup::
[2024-09-05T18:15:43.024+0000] {local_task_job_runner.py:123} INFO - ::group::Pre task execution logs
[2024-09-05T18:15:43.094+0000] {taskinstance.py:2603} INFO - Dependencies all met for dep_context=non-requeueable deps ti=<TaskInstance: weather_etl_dag.insert_weather_data scheduled__2024-08-12T00:00:00+00:00 [queued]>
[2024-09-05T18:15:43.105+0000] {taskinstance.py:2603} INFO - Dependencies all met for dep_context=requeueable deps ti=<TaskInstance: weather_etl_dag.insert_weather_data scheduled__2024-08-12T00:00:00+00:00 [queued]>
[2024-09-05T18:15:43.107+0000] {taskinstance.py:2856} INFO - Starting attempt 1 of 2
[2024-09-05T18:15:43.165+0000] {taskinstance.py:2879} INFO - Executing <Task(PythonOperator): insert_weather_data> on 2024-08-12 00:00:00+00:00
[2024-09-05T18:15:43.169+0000] {warnings.py:112} WARNING - /usr/local/lib/python3.12/site-packages/***/task/task_runner/standard_task_runner.py:70: DeprecationWarning: This process (pid=836) is multi-threaded, use of fork() may lead to deadlocks in the child.
  pid = os.fork()

[2024-09-05T18:15:43.173+0000] {standard_task_runner.py:72} INFO - Started process 838 to run task
[2024-09-05T18:15:43.172+0000] {standard_task_runner.py:104} INFO - Running: ['***', 'tasks', 'run', 'weather_etl_dag', 'insert_weather_data', 'scheduled__2024-08-12T00:00:00+00:00', '--job-id', '74', '--raw', '--subdir', 'DAGS_FOLDER/weather_etl_dag.py', '--cfg-path', '/tmp/tmp5ho0slr0']
[2024-09-05T18:15:43.175+0000] {standard_task_runner.py:105} INFO - Job 74: Subtask insert_weather_data
[2024-09-05T18:15:43.303+0000] {task_command.py:467} INFO - Running <TaskInstance: weather_etl_dag.insert_weather_data scheduled__2024-08-12T00:00:00+00:00 [running]> on host 0b8eaea5e88c
[2024-09-05T18:15:45.513+0000] {taskinstance.py:3122} INFO - Exporting env vars: AIRFLOW_CTX_DAG_OWNER='***' AIRFLOW_CTX_DAG_ID='weather_etl_dag' AIRFLOW_CTX_TASK_ID='insert_weather_data' AIRFLOW_CTX_EXECUTION_DATE='2024-08-12T00:00:00+00:00' AIRFLOW_CTX_TRY_NUMBER='1' AIRFLOW_CTX_DAG_RUN_ID='scheduled__2024-08-12T00:00:00+00:00'
[2024-09-05T18:15:45.514+0000] {taskinstance.py:731} INFO - ::endgroup::
[2024-09-05T18:15:46.451+0000] {logging_mixin.py:190} INFO - Ya existe un registro para la fecha de hoy. Finalizando tarea.
[2024-09-05T18:15:46.530+0000] {python.py:240} INFO - Done. Returned value was: None
[2024-09-05T18:15:46.596+0000] {taskinstance.py:340} INFO - ::group::Post task execution logs
[2024-09-05T18:15:46.614+0000] {taskinstance.py:352} INFO - Marking task as SUCCESS. dag_id=weather_etl_dag, task_id=insert_weather_data, run_id=scheduled__2024-08-12T00:00:00+00:00, execution_date=20240812T000000, start_date=20240905T181543, end_date=20240905T181546
[2024-09-05T18:15:46.812+0000] {local_task_job_runner.py:261} INFO - Task exited with return code 0
[2024-09-05T18:15:46.997+0000] {taskinstance.py:3891} INFO - 1 downstream tasks scheduled from follow-on schedule check
[2024-09-05T18:15:47.127+0000] {local_task_job_runner.py:240} INFO - ::endgroup::
[2024-09-05T18:15:48.176+0000] {standard_task_runner.py:217} INFO - Process not found (most likely exited), stop collecting metrics
