[2024-08-19T00:48:16.363+0000] {local_task_job_runner.py:120} INFO - ::group::Pre task execution logs
[2024-08-19T00:48:16.403+0000] {taskinstance.py:2076} INFO - Dependencies all met for dep_context=non-requeueable deps ti=<TaskInstance: weather_etl_dag.fetch_weather_data scheduled__2024-08-18T00:00:00+00:00 [queued]>
[2024-08-19T00:48:16.419+0000] {taskinstance.py:2076} INFO - Dependencies all met for dep_context=requeueable deps ti=<TaskInstance: weather_etl_dag.fetch_weather_data scheduled__2024-08-18T00:00:00+00:00 [queued]>
[2024-08-19T00:48:16.421+0000] {taskinstance.py:2306} INFO - Starting attempt 1 of 2
[2024-08-19T00:48:16.645+0000] {taskinstance.py:2330} INFO - Executing <Task(PythonOperator): fetch_weather_data> on 2024-08-18 00:00:00+00:00
[2024-08-19T00:48:16.657+0000] {warnings.py:112} WARNING - /home/***/.local/lib/python3.12/site-packages/***/task/task_runner/standard_task_runner.py:62: DeprecationWarning: This process (pid=6354) is multi-threaded, use of fork() may lead to deadlocks in the child.
  pid = os.fork()

[2024-08-19T00:48:16.667+0000] {standard_task_runner.py:64} INFO - Started process 6356 to run task
[2024-08-19T00:48:16.663+0000] {standard_task_runner.py:90} INFO - Running: ['***', 'tasks', 'run', 'weather_etl_dag', 'fetch_weather_data', 'scheduled__2024-08-18T00:00:00+00:00', '--job-id', '212', '--raw', '--subdir', 'DAGS_FOLDER/weather_etl_dag.py', '--cfg-path', '/tmp/tmpxv4sumkl']
[2024-08-19T00:48:16.671+0000] {standard_task_runner.py:91} INFO - Job 212: Subtask fetch_weather_data
[2024-08-19T00:48:16.771+0000] {task_command.py:426} INFO - Running <TaskInstance: weather_etl_dag.fetch_weather_data scheduled__2024-08-18T00:00:00+00:00 [running]> on host b7290fbe53d7
[2024-08-19T00:48:16.984+0000] {taskinstance.py:2648} INFO - Exporting env vars: AIRFLOW_CTX_DAG_OWNER='***' AIRFLOW_CTX_DAG_ID='weather_etl_dag' AIRFLOW_CTX_TASK_ID='fetch_weather_data' AIRFLOW_CTX_EXECUTION_DATE='2024-08-18T00:00:00+00:00' AIRFLOW_CTX_TRY_NUMBER='1' AIRFLOW_CTX_DAG_RUN_ID='scheduled__2024-08-18T00:00:00+00:00'
[2024-08-19T00:48:16.988+0000] {taskinstance.py:430} INFO - ::endgroup::
[2024-08-19T00:48:17.010+0000] {logging_mixin.py:188} INFO - recuperando municipios desde xcom
[2024-08-19T00:48:17.596+0000] {logging_mixin.py:188} INFO - numero de municipios recuperados:18
[2024-08-19T00:48:17.878+0000] {logging_mixin.py:188} INFO - Datos de municipios para obtener clima:    cve_mun              nom_mun  lat_decimal  lon_decimal
0        1    AMEALCO DE BONFIL    20.186444  -100.144195
1        2      PINAL DE AMOLES    21.135302   -99.627540
2        3          ARROYO SECO    21.548036   -99.689166
3        4  CADEREYTA DE MONTES    20.695023   -99.815633
4        5                COLON    20.788326  -100.045430
[2024-08-19T00:48:17.891+0000] {logging_mixin.py:188} INFO - Haciendo solicitud a la API para lat: 20.186444, lon: -100.144195
[2024-08-19T00:48:18.736+0000] {logging_mixin.py:188} INFO - respuesta recibida:200
[2024-08-19T00:48:18.737+0000] {logging_mixin.py:188} INFO - Haciendo solicitud a la API para lat: 21.135302, lon: -99.62754
[2024-08-19T00:48:19.467+0000] {logging_mixin.py:188} INFO - respuesta recibida:200
[2024-08-19T00:48:19.469+0000] {logging_mixin.py:188} INFO - Haciendo solicitud a la API para lat: 21.548036, lon: -99.689166
[2024-08-19T00:48:20.310+0000] {logging_mixin.py:188} INFO - respuesta recibida:200
[2024-08-19T00:48:20.312+0000] {logging_mixin.py:188} INFO - Haciendo solicitud a la API para lat: 20.695023, lon: -99.815633
[2024-08-19T00:48:21.137+0000] {logging_mixin.py:188} INFO - respuesta recibida:200
[2024-08-19T00:48:21.138+0000] {logging_mixin.py:188} INFO - Haciendo solicitud a la API para lat: 20.788326, lon: -100.04543
[2024-08-19T00:48:21.857+0000] {logging_mixin.py:188} INFO - respuesta recibida:200
[2024-08-19T00:48:21.859+0000] {logging_mixin.py:188} INFO - Haciendo solicitud a la API para lat: 20.552436, lon: -100.445883
[2024-08-19T00:48:22.575+0000] {logging_mixin.py:188} INFO - respuesta recibida:200
[2024-08-19T00:48:22.577+0000] {logging_mixin.py:188} INFO - Haciendo solicitud a la API para lat: 20.665295, lon: -99.898405
[2024-08-19T00:48:23.364+0000] {logging_mixin.py:188} INFO - respuesta recibida:200
[2024-08-19T00:48:23.366+0000] {logging_mixin.py:188} INFO - Haciendo solicitud a la API para lat: 20.375244, lon: -100.274333
[2024-08-19T00:48:24.084+0000] {logging_mixin.py:188} INFO - respuesta recibida:200
[2024-08-19T00:48:24.086+0000] {logging_mixin.py:188} INFO - Haciendo solicitud a la API para lat: 21.216802, lon: -99.47291
[2024-08-19T00:48:24.878+0000] {logging_mixin.py:188} INFO - respuesta recibida:200
[2024-08-19T00:48:24.880+0000] {logging_mixin.py:188} INFO - Haciendo solicitud a la API para lat: 21.183456, lon: -99.321914
[2024-08-19T00:48:25.736+0000] {logging_mixin.py:188} INFO - respuesta recibida:200
[2024-08-19T00:48:25.737+0000] {logging_mixin.py:188} INFO - Haciendo solicitud a la API para lat: 20.60657, lon: -100.331096
[2024-08-19T00:48:26.719+0000] {logging_mixin.py:188} INFO - respuesta recibida:200
[2024-08-19T00:48:26.720+0000] {logging_mixin.py:188} INFO - Haciendo solicitud a la API para lat: 20.502494, lon: -100.14473
[2024-08-19T00:48:27.547+0000] {logging_mixin.py:188} INFO - respuesta recibida:200
[2024-08-19T00:48:27.548+0000] {logging_mixin.py:188} INFO - Haciendo solicitud a la API para lat: 21.053631, lon: -99.814526
[2024-08-19T00:48:28.429+0000] {logging_mixin.py:188} INFO - respuesta recibida:200
[2024-08-19T00:48:28.431+0000] {logging_mixin.py:188} INFO - Haciendo solicitud a la API para lat: 20.593391, lon: -100.389957
[2024-08-19T00:48:29.193+0000] {logging_mixin.py:188} INFO - respuesta recibida:200
[2024-08-19T00:48:29.195+0000] {logging_mixin.py:188} INFO - Haciendo solicitud a la API para lat: 20.916061, lon: -99.566359
[2024-08-19T00:48:29.908+0000] {logging_mixin.py:188} INFO - respuesta recibida:200
[2024-08-19T00:48:29.909+0000] {logging_mixin.py:188} INFO - Haciendo solicitud a la API para lat: 20.386441, lon: -99.999631
[2024-08-19T00:48:30.737+0000] {logging_mixin.py:188} INFO - respuesta recibida:200
[2024-08-19T00:48:30.738+0000] {logging_mixin.py:188} INFO - Haciendo solicitud a la API para lat: 20.518817, lon: -99.88384
[2024-08-19T00:48:31.483+0000] {logging_mixin.py:188} INFO - respuesta recibida:200
[2024-08-19T00:48:31.485+0000] {logging_mixin.py:188} INFO - Haciendo solicitud a la API para lat: 20.908149, lon: -99.9308
[2024-08-19T00:48:32.319+0000] {logging_mixin.py:188} INFO - respuesta recibida:200
[2024-08-19T00:48:32.325+0000] {logging_mixin.py:188} INFO - Pronosticos obtenidos:18
[2024-08-19T00:48:32.460+0000] {python.py:237} INFO - Done. Returned value was: None
[2024-08-19T00:48:32.461+0000] {taskinstance.py:441} INFO - ::group::Post task execution logs
[2024-08-19T00:48:32.469+0000] {taskinstance.py:1206} INFO - Marking task as SUCCESS. dag_id=weather_etl_dag, task_id=fetch_weather_data, run_id=scheduled__2024-08-18T00:00:00+00:00, execution_date=20240818T000000, start_date=20240819T004816, end_date=20240819T004832
[2024-08-19T00:48:32.557+0000] {local_task_job_runner.py:243} INFO - Task exited with return code 0
[2024-08-19T00:48:32.613+0000] {taskinstance.py:3503} INFO - 1 downstream tasks scheduled from follow-on schedule check
[2024-08-19T00:48:32.700+0000] {local_task_job_runner.py:222} INFO - ::endgroup::
[2024-09-05T18:16:21.959+0000] {local_task_job_runner.py:123} INFO - ::group::Pre task execution logs
[2024-09-05T18:16:22.029+0000] {taskinstance.py:2603} INFO - Dependencies all met for dep_context=non-requeueable deps ti=<TaskInstance: weather_etl_dag.fetch_weather_data scheduled__2024-08-18T00:00:00+00:00 [queued]>
[2024-09-05T18:16:22.041+0000] {taskinstance.py:2603} INFO - Dependencies all met for dep_context=requeueable deps ti=<TaskInstance: weather_etl_dag.fetch_weather_data scheduled__2024-08-18T00:00:00+00:00 [queued]>
[2024-09-05T18:16:22.042+0000] {taskinstance.py:2856} INFO - Starting attempt 1 of 2
[2024-09-05T18:16:22.156+0000] {taskinstance.py:2879} INFO - Executing <Task(PythonOperator): fetch_weather_data> on 2024-08-18 00:00:00+00:00
[2024-09-05T18:16:22.173+0000] {warnings.py:112} WARNING - /usr/local/lib/python3.12/site-packages/***/task/task_runner/standard_task_runner.py:70: DeprecationWarning: This process (pid=910) is multi-threaded, use of fork() may lead to deadlocks in the child.
  pid = os.fork()

[2024-09-05T18:16:22.176+0000] {standard_task_runner.py:72} INFO - Started process 914 to run task
[2024-09-05T18:16:22.181+0000] {standard_task_runner.py:104} INFO - Running: ['***', 'tasks', 'run', 'weather_etl_dag', 'fetch_weather_data', 'scheduled__2024-08-18T00:00:00+00:00', '--job-id', '84', '--raw', '--subdir', 'DAGS_FOLDER/weather_etl_dag.py', '--cfg-path', '/tmp/tmpve9y9t5a']
[2024-09-05T18:16:22.187+0000] {standard_task_runner.py:105} INFO - Job 84: Subtask fetch_weather_data
[2024-09-05T18:16:22.349+0000] {task_command.py:467} INFO - Running <TaskInstance: weather_etl_dag.fetch_weather_data scheduled__2024-08-18T00:00:00+00:00 [running]> on host 0b8eaea5e88c
[2024-09-05T18:16:22.696+0000] {taskinstance.py:3122} INFO - Exporting env vars: AIRFLOW_CTX_DAG_OWNER='***' AIRFLOW_CTX_DAG_ID='weather_etl_dag' AIRFLOW_CTX_TASK_ID='fetch_weather_data' AIRFLOW_CTX_EXECUTION_DATE='2024-08-18T00:00:00+00:00' AIRFLOW_CTX_TRY_NUMBER='1' AIRFLOW_CTX_DAG_RUN_ID='scheduled__2024-08-18T00:00:00+00:00'
[2024-09-05T18:16:22.705+0000] {taskinstance.py:731} INFO - ::endgroup::
[2024-09-05T18:16:22.724+0000] {logging_mixin.py:190} INFO - Recuperando municipios desde XCom
[2024-09-05T18:16:22.837+0000] {logging_mixin.py:190} INFO - Número de municipios recuperados: 18
[2024-09-05T18:16:22.883+0000] {logging_mixin.py:190} INFO - Datos de municipios para obtener clima:    cve_mun              nom_mun  lat_decimal  lon_decimal
0        1    AMEALCO DE BONFIL    20.186444  -100.144195
1        2      PINAL DE AMOLES    21.135302   -99.627540
2        3          ARROYO SECO    21.548036   -99.689166
3        4  CADEREYTA DE MONTES    20.695023   -99.815633
4        5                COLON    20.788326  -100.045430
[2024-09-05T18:16:22.925+0000] {logging_mixin.py:190} INFO - Haciendo solicitud a la API para lat: 20.186444, lon: -100.144195
[2024-09-05T18:16:23.551+0000] {logging_mixin.py:190} INFO - Respuesta recibida: 200
[2024-09-05T18:16:23.552+0000] {logging_mixin.py:190} INFO - Haciendo solicitud a la API para lat: 21.135302, lon: -99.62754
[2024-09-05T18:16:24.141+0000] {logging_mixin.py:190} INFO - Respuesta recibida: 200
[2024-09-05T18:16:24.145+0000] {logging_mixin.py:190} INFO - Haciendo solicitud a la API para lat: 21.548036, lon: -99.689166
[2024-09-05T18:16:24.806+0000] {logging_mixin.py:190} INFO - Respuesta recibida: 200
[2024-09-05T18:16:24.809+0000] {logging_mixin.py:190} INFO - Haciendo solicitud a la API para lat: 20.695023, lon: -99.815633
[2024-09-05T18:16:25.452+0000] {logging_mixin.py:190} INFO - Respuesta recibida: 200
[2024-09-05T18:16:25.454+0000] {logging_mixin.py:190} INFO - Haciendo solicitud a la API para lat: 20.788326, lon: -100.04543
[2024-09-05T18:16:26.050+0000] {logging_mixin.py:190} INFO - Respuesta recibida: 200
[2024-09-05T18:16:26.059+0000] {logging_mixin.py:190} INFO - Haciendo solicitud a la API para lat: 20.552436, lon: -100.445883
[2024-09-05T18:16:26.774+0000] {logging_mixin.py:190} INFO - Respuesta recibida: 200
[2024-09-05T18:16:26.775+0000] {logging_mixin.py:190} INFO - Haciendo solicitud a la API para lat: 20.665295, lon: -99.898405
[2024-09-05T18:16:27.363+0000] {logging_mixin.py:190} INFO - Respuesta recibida: 200
[2024-09-05T18:16:27.366+0000] {logging_mixin.py:190} INFO - Haciendo solicitud a la API para lat: 20.375244, lon: -100.274333
[2024-09-05T18:16:27.963+0000] {logging_mixin.py:190} INFO - Respuesta recibida: 200
[2024-09-05T18:16:27.965+0000] {logging_mixin.py:190} INFO - Haciendo solicitud a la API para lat: 21.216802, lon: -99.47291
[2024-09-05T18:16:28.553+0000] {logging_mixin.py:190} INFO - Respuesta recibida: 200
[2024-09-05T18:16:28.554+0000] {logging_mixin.py:190} INFO - Haciendo solicitud a la API para lat: 21.183456, lon: -99.321914
[2024-09-05T18:16:29.185+0000] {logging_mixin.py:190} INFO - Respuesta recibida: 200
[2024-09-05T18:16:29.187+0000] {logging_mixin.py:190} INFO - Haciendo solicitud a la API para lat: 20.60657, lon: -100.331096
[2024-09-05T18:16:29.797+0000] {logging_mixin.py:190} INFO - Respuesta recibida: 200
[2024-09-05T18:16:29.799+0000] {logging_mixin.py:190} INFO - Haciendo solicitud a la API para lat: 20.502494, lon: -100.14473
[2024-09-05T18:16:30.430+0000] {logging_mixin.py:190} INFO - Respuesta recibida: 200
[2024-09-05T18:16:30.432+0000] {logging_mixin.py:190} INFO - Haciendo solicitud a la API para lat: 21.053631, lon: -99.814526
[2024-09-05T18:16:31.023+0000] {logging_mixin.py:190} INFO - Respuesta recibida: 200
[2024-09-05T18:16:31.024+0000] {logging_mixin.py:190} INFO - Haciendo solicitud a la API para lat: 20.593391, lon: -100.389957
[2024-09-05T18:16:31.612+0000] {logging_mixin.py:190} INFO - Respuesta recibida: 200
[2024-09-05T18:16:31.614+0000] {logging_mixin.py:190} INFO - Haciendo solicitud a la API para lat: 20.916061, lon: -99.566359
[2024-09-05T18:16:32.419+0000] {logging_mixin.py:190} INFO - Respuesta recibida: 200
[2024-09-05T18:16:32.422+0000] {logging_mixin.py:190} INFO - Haciendo solicitud a la API para lat: 20.386441, lon: -99.999631
[2024-09-05T18:16:33.056+0000] {logging_mixin.py:190} INFO - Respuesta recibida: 200
[2024-09-05T18:16:33.058+0000] {logging_mixin.py:190} INFO - Haciendo solicitud a la API para lat: 20.518817, lon: -99.88384
[2024-09-05T18:16:33.662+0000] {logging_mixin.py:190} INFO - Respuesta recibida: 200
[2024-09-05T18:16:33.665+0000] {logging_mixin.py:190} INFO - Haciendo solicitud a la API para lat: 20.908149, lon: -99.9308
[2024-09-05T18:16:34.258+0000] {logging_mixin.py:190} INFO - Respuesta recibida: 200
[2024-09-05T18:16:34.261+0000] {logging_mixin.py:190} INFO - Pronósticos obtenidos: 18
[2024-09-05T18:16:35.000+0000] {python.py:240} INFO - Done. Returned value was: None
[2024-09-05T18:16:35.069+0000] {taskinstance.py:340} INFO - ::group::Post task execution logs
[2024-09-05T18:16:35.070+0000] {taskinstance.py:352} INFO - Marking task as SUCCESS. dag_id=weather_etl_dag, task_id=fetch_weather_data, run_id=scheduled__2024-08-18T00:00:00+00:00, execution_date=20240818T000000, start_date=20240905T181622, end_date=20240905T181635
[2024-09-05T18:16:36.168+0000] {local_task_job_runner.py:261} INFO - Task exited with return code 0
[2024-09-05T18:16:36.346+0000] {taskinstance.py:3891} INFO - 1 downstream tasks scheduled from follow-on schedule check
[2024-09-05T18:16:36.433+0000] {local_task_job_runner.py:240} INFO - ::endgroup::
