[2024-08-21T01:49:23.728+0000] {local_task_job_runner.py:120} INFO - ::group::Pre task execution logs
[2024-08-21T01:49:23.760+0000] {taskinstance.py:2076} INFO - Dependencies all met for dep_context=non-requeueable deps ti=<TaskInstance: weather_etl_dag.get_forecast_and_drought_data scheduled__2024-08-20T00:00:00+00:00 [queued]>
[2024-08-21T01:49:23.769+0000] {taskinstance.py:2076} INFO - Dependencies all met for dep_context=requeueable deps ti=<TaskInstance: weather_etl_dag.get_forecast_and_drought_data scheduled__2024-08-20T00:00:00+00:00 [queued]>
[2024-08-21T01:49:23.771+0000] {taskinstance.py:2306} INFO - Starting attempt 1 of 2
[2024-08-21T01:49:23.953+0000] {taskinstance.py:2330} INFO - Executing <Task(PythonOperator): get_forecast_and_drought_data> on 2024-08-20 00:00:00+00:00
[2024-08-21T01:49:23.959+0000] {warnings.py:112} WARNING - /home/***/.local/lib/python3.12/site-packages/***/task/task_runner/standard_task_runner.py:62: DeprecationWarning: This process (pid=352) is multi-threaded, use of fork() may lead to deadlocks in the child.
  pid = os.fork()

[2024-08-21T01:49:23.961+0000] {standard_task_runner.py:64} INFO - Started process 354 to run task
[2024-08-21T01:49:23.961+0000] {standard_task_runner.py:90} INFO - Running: ['***', 'tasks', 'run', 'weather_etl_dag', 'get_forecast_and_drought_data', 'scheduled__2024-08-20T00:00:00+00:00', '--job-id', '272', '--raw', '--subdir', 'DAGS_FOLDER/weather_etl_dag.py', '--cfg-path', '/tmp/tmprura9ugy']
[2024-08-21T01:49:23.964+0000] {standard_task_runner.py:91} INFO - Job 272: Subtask get_forecast_and_drought_data
[2024-08-21T01:49:24.035+0000] {task_command.py:426} INFO - Running <TaskInstance: weather_etl_dag.get_forecast_and_drought_data scheduled__2024-08-20T00:00:00+00:00 [running]> on host b7290fbe53d7
[2024-08-21T01:49:24.194+0000] {taskinstance.py:2648} INFO - Exporting env vars: AIRFLOW_CTX_DAG_OWNER='***' AIRFLOW_CTX_DAG_ID='weather_etl_dag' AIRFLOW_CTX_TASK_ID='get_forecast_and_drought_data' AIRFLOW_CTX_EXECUTION_DATE='2024-08-20T00:00:00+00:00' AIRFLOW_CTX_TRY_NUMBER='1' AIRFLOW_CTX_DAG_RUN_ID='scheduled__2024-08-20T00:00:00+00:00'
[2024-08-21T01:49:24.198+0000] {taskinstance.py:430} INFO - ::endgroup::
[2024-08-21T01:49:24.794+0000] {warnings.py:112} WARNING - /opt/***/dags/weather_etl_dag.py:249: UserWarning: pandas only supports SQLAlchemy connectable (engine/connection) or database string URI or sqlite3 DBAPI2 connection. Other DBAPI2 objects are not tested. Please consider using SQLAlchemy.
  df_pronosticos_clima = pd.read_sql_query(query, conn)

[2024-08-21T01:49:25.083+0000] {warnings.py:112} WARNING - /opt/***/dags/weather_etl_dag.py:253: UserWarning: pandas only supports SQLAlchemy connectable (engine/connection) or database string URI or sqlite3 DBAPI2 connection. Other DBAPI2 objects are not tested. Please consider using SQLAlchemy.
  df_sequia = pd.read_sql_query(query, conn)

[2024-08-21T01:49:25.788+0000] {logging_mixin.py:188} INFO - Pronósticos clima obtenidos:    cve_mun            municipio fecha_pronostico indicador_sequia
0        1    Amealco De Bonfil       2024-08-20               D4
1        2      Pinal De Amoles       2024-08-20               D1
2        3          Arroyo Seco       2024-08-20               D0
3        4  Cadereyta De Montes       2024-08-20               D3
4        5                Colon       2024-08-20               D4
[2024-08-21T01:49:25.799+0000] {logging_mixin.py:188} INFO - Datos de sequía obtenidos:    cve_mun          nombre_mun  cve_ent               entidad       fecha valor
0        1   Amealco de Bonfil       22  Querétaro de Arteaga  2003-03-31    D0
1       10  Landa de Matamoros       22  Querétaro de Arteaga  2003-06-30    D0
2        2     Pinal de Amoles       22  Querétaro de Arteaga  2004-09-30    D0
3        3         Arroyo Seco       22  Querétaro de Arteaga  2004-09-30    D0
4        9     Jalpan de Serra       22  Querétaro de Arteaga  2004-09-30    D0
[2024-08-21T01:49:25.917+0000] {python.py:237} INFO - Done. Returned value was: None
[2024-08-21T01:49:25.918+0000] {taskinstance.py:441} INFO - ::group::Post task execution logs
[2024-08-21T01:49:25.927+0000] {taskinstance.py:1206} INFO - Marking task as SUCCESS. dag_id=weather_etl_dag, task_id=get_forecast_and_drought_data, run_id=scheduled__2024-08-20T00:00:00+00:00, execution_date=20240820T000000, start_date=20240821T014923, end_date=20240821T014925
[2024-08-21T01:49:25.988+0000] {local_task_job_runner.py:243} INFO - Task exited with return code 0
[2024-08-21T01:49:26.012+0000] {taskinstance.py:3503} INFO - 1 downstream tasks scheduled from follow-on schedule check
[2024-08-21T01:49:26.051+0000] {local_task_job_runner.py:222} INFO - ::endgroup::
[2024-09-06T00:19:58.183+0000] {local_task_job_runner.py:123} INFO - ::group::Pre task execution logs
[2024-09-06T00:19:58.259+0000] {taskinstance.py:2603} INFO - Dependencies all met for dep_context=non-requeueable deps ti=<TaskInstance: weather_etl_dag.get_forecast_and_drought_data scheduled__2024-08-20T00:00:00+00:00 [queued]>
[2024-09-06T00:19:58.311+0000] {taskinstance.py:2603} INFO - Dependencies all met for dep_context=requeueable deps ti=<TaskInstance: weather_etl_dag.get_forecast_and_drought_data scheduled__2024-08-20T00:00:00+00:00 [queued]>
[2024-09-06T00:19:58.418+0000] {taskinstance.py:2856} INFO - Starting attempt 1 of 2
[2024-09-06T00:19:58.519+0000] {taskinstance.py:2879} INFO - Executing <Task(PythonOperator): get_forecast_and_drought_data> on 2024-08-20 00:00:00+00:00
[2024-09-06T00:19:58.525+0000] {warnings.py:112} WARNING - /usr/local/lib/python3.12/site-packages/***/task/task_runner/standard_task_runner.py:70: DeprecationWarning: This process (pid=1146) is multi-threaded, use of fork() may lead to deadlocks in the child.
  pid = os.fork()

[2024-09-06T00:19:58.528+0000] {standard_task_runner.py:72} INFO - Started process 1155 to run task
[2024-09-06T00:19:58.528+0000] {standard_task_runner.py:104} INFO - Running: ['***', 'tasks', 'run', 'weather_etl_dag', 'get_forecast_and_drought_data', 'scheduled__2024-08-20T00:00:00+00:00', '--job-id', '227', '--raw', '--subdir', 'DAGS_FOLDER/weather_etl_dag.py', '--cfg-path', '/tmp/tmpeg34mh5v']
[2024-09-06T00:19:58.530+0000] {standard_task_runner.py:105} INFO - Job 227: Subtask get_forecast_and_drought_data
[2024-09-06T00:19:59.976+0000] {task_command.py:467} INFO - Running <TaskInstance: weather_etl_dag.get_forecast_and_drought_data scheduled__2024-08-20T00:00:00+00:00 [running]> on host da9f5d3bcb59
[2024-09-06T00:20:00.296+0000] {taskinstance.py:3122} INFO - Exporting env vars: AIRFLOW_CTX_DAG_OWNER='***' AIRFLOW_CTX_DAG_ID='weather_etl_dag' AIRFLOW_CTX_TASK_ID='get_forecast_and_drought_data' AIRFLOW_CTX_EXECUTION_DATE='2024-08-20T00:00:00+00:00' AIRFLOW_CTX_TRY_NUMBER='1' AIRFLOW_CTX_DAG_RUN_ID='scheduled__2024-08-20T00:00:00+00:00'
[2024-09-06T00:20:00.297+0000] {taskinstance.py:731} INFO - ::endgroup::
[2024-09-06T00:20:01.309+0000] {warnings.py:112} WARNING - /root/***/dags/weather_etl.py:117: UserWarning: pandas only supports SQLAlchemy connectable (engine/connection) or database string URI or sqlite3 DBAPI2 connection. Other DBAPI2 objects are not tested. Please consider using SQLAlchemy.
  df_pronosticos_clima = pd.read_sql_query(query, conn)

[2024-09-06T00:20:01.738+0000] {warnings.py:112} WARNING - /root/***/dags/weather_etl.py:120: UserWarning: pandas only supports SQLAlchemy connectable (engine/connection) or database string URI or sqlite3 DBAPI2 connection. Other DBAPI2 objects are not tested. Please consider using SQLAlchemy.
  df_sequia = pd.read_sql_query(query, conn)

[2024-09-06T00:20:05.111+0000] {python.py:240} INFO - Done. Returned value was: None
[2024-09-06T00:20:05.125+0000] {taskinstance.py:340} INFO - ::group::Post task execution logs
[2024-09-06T00:20:05.125+0000] {taskinstance.py:352} INFO - Marking task as SUCCESS. dag_id=weather_etl_dag, task_id=get_forecast_and_drought_data, run_id=scheduled__2024-08-20T00:00:00+00:00, execution_date=20240820T000000, start_date=20240906T001958, end_date=20240906T002005
[2024-09-06T00:20:05.312+0000] {local_task_job_runner.py:261} INFO - Task exited with return code 0
[2024-09-06T00:20:06.376+0000] {taskinstance.py:3891} INFO - 1 downstream tasks scheduled from follow-on schedule check
[2024-09-06T00:20:06.433+0000] {local_task_job_runner.py:240} INFO - ::endgroup::
