[2024-09-05T00:42:50.743+0000] {local_task_job_runner.py:123} INFO - ::group::Pre task execution logs
[2024-09-05T00:42:50.858+0000] {taskinstance.py:2603} INFO - Dependencies all met for dep_context=non-requeueable deps ti=<TaskInstance: weather_etl_dag.translate_and_clean_data scheduled__2024-08-11T00:00:00+00:00 [queued]>
[2024-09-05T00:42:50.905+0000] {taskinstance.py:2603} INFO - Dependencies all met for dep_context=requeueable deps ti=<TaskInstance: weather_etl_dag.translate_and_clean_data scheduled__2024-08-11T00:00:00+00:00 [queued]>
[2024-09-05T00:42:50.918+0000] {taskinstance.py:2856} INFO - Starting attempt 1 of 2
[2024-09-05T00:42:51.019+0000] {taskinstance.py:2879} INFO - Executing <Task(PythonOperator): translate_and_clean_data> on 2024-08-11 00:00:00+00:00
[2024-09-05T00:42:51.042+0000] {warnings.py:112} WARNING - /usr/local/lib/python3.12/site-packages/***/task/task_runner/standard_task_runner.py:70: DeprecationWarning: This process (pid=578) is multi-threaded, use of fork() may lead to deadlocks in the child.
  pid = os.fork()

[2024-09-05T00:42:51.039+0000] {standard_task_runner.py:104} INFO - Running: ['***', 'tasks', 'run', 'weather_etl_dag', 'translate_and_clean_data', 'scheduled__2024-08-11T00:00:00+00:00', '--job-id', '66', '--raw', '--subdir', 'DAGS_FOLDER/weather_etl_dag.py', '--cfg-path', '/tmp/tmpb9t1a_op']
[2024-09-05T00:42:51.287+0000] {standard_task_runner.py:105} INFO - Job 66: Subtask translate_and_clean_data
[2024-09-05T00:42:51.215+0000] {standard_task_runner.py:72} INFO - Started process 580 to run task
[2024-09-05T00:42:51.668+0000] {task_command.py:467} INFO - Running <TaskInstance: weather_etl_dag.translate_and_clean_data scheduled__2024-08-11T00:00:00+00:00 [running]> on host b778581f4b0f
[2024-09-05T00:42:55.839+0000] {taskinstance.py:3122} INFO - Exporting env vars: AIRFLOW_CTX_DAG_OWNER='***' AIRFLOW_CTX_DAG_ID='weather_etl_dag' AIRFLOW_CTX_TASK_ID='translate_and_clean_data' AIRFLOW_CTX_EXECUTION_DATE='2024-08-11T00:00:00+00:00' AIRFLOW_CTX_TRY_NUMBER='1' AIRFLOW_CTX_DAG_RUN_ID='scheduled__2024-08-11T00:00:00+00:00'
[2024-09-05T00:42:55.842+0000] {taskinstance.py:731} INFO - ::endgroup::
[2024-09-05T00:42:55.913+0000] {logging_mixin.py:190} INFO - Recuperando DataFrame de pronósticos desde XCom
[2024-09-05T00:42:56.061+0000] {logging_mixin.py:190} INFO - Número de registros en pronósticos: 18
[2024-09-05T00:42:56.087+0000] {logging_mixin.py:190} INFO - Pronósticos antes de limpiar y traducir:    cve_mun            municipio  ... wind_kph  humidity
0        1    AMEALCO DE BONFIL  ...     16.9        77
1        2      PINAL DE AMOLES  ...     19.8        77
2        3          ARROYO SECO  ...     19.1        82
3        4  CADEREYTA DE MONTES  ...     16.2        78
4        5                COLON  ...     19.8        77

[5 rows x 10 columns]
[2024-09-05T00:43:54.251+0000] {logging_mixin.py:190} INFO - Pronósticos después de limpiar y traducir:    cve_mun            municipio  ... viento_kph  humedad
0        1    Amealco De Bonfil  ...       16.9       77
1        2      Pinal De Amoles  ...       19.8       77
2        3          Arroyo Seco  ...       19.1       82
3        4  Cadereyta De Montes  ...       16.2       78
4        5                Colon  ...       19.8       77

[5 rows x 10 columns]
[2024-09-05T00:43:54.317+0000] {python.py:240} INFO - Done. Returned value was: None
[2024-09-05T00:43:54.331+0000] {taskinstance.py:340} INFO - ::group::Post task execution logs
[2024-09-05T00:43:54.356+0000] {taskinstance.py:352} INFO - Marking task as SUCCESS. dag_id=weather_etl_dag, task_id=translate_and_clean_data, run_id=scheduled__2024-08-11T00:00:00+00:00, execution_date=20240811T000000, start_date=20240905T004250, end_date=20240905T004354
[2024-09-05T00:43:54.548+0000] {local_task_job_runner.py:261} INFO - Task exited with return code 0
[2024-09-05T00:43:54.605+0000] {taskinstance.py:3891} INFO - 1 downstream tasks scheduled from follow-on schedule check
[2024-09-05T00:43:54.640+0000] {local_task_job_runner.py:240} INFO - ::endgroup::
[2024-09-05T18:13:40.560+0000] {local_task_job_runner.py:123} INFO - ::group::Pre task execution logs
[2024-09-05T18:13:40.582+0000] {taskinstance.py:2603} INFO - Dependencies all met for dep_context=non-requeueable deps ti=<TaskInstance: weather_etl_dag.translate_and_clean_data scheduled__2024-08-11T00:00:00+00:00 [queued]>
[2024-09-05T18:13:40.591+0000] {taskinstance.py:2603} INFO - Dependencies all met for dep_context=requeueable deps ti=<TaskInstance: weather_etl_dag.translate_and_clean_data scheduled__2024-08-11T00:00:00+00:00 [queued]>
[2024-09-05T18:13:40.592+0000] {taskinstance.py:2856} INFO - Starting attempt 1 of 2
[2024-09-05T18:13:40.645+0000] {taskinstance.py:2879} INFO - Executing <Task(PythonOperator): translate_and_clean_data> on 2024-08-11 00:00:00+00:00
[2024-09-05T18:13:40.649+0000] {warnings.py:112} WARNING - /usr/local/lib/python3.12/site-packages/***/task/task_runner/standard_task_runner.py:70: DeprecationWarning: This process (pid=664) is multi-threaded, use of fork() may lead to deadlocks in the child.
  pid = os.fork()

[2024-09-05T18:13:40.651+0000] {standard_task_runner.py:72} INFO - Started process 666 to run task
[2024-09-05T18:13:40.652+0000] {standard_task_runner.py:104} INFO - Running: ['***', 'tasks', 'run', 'weather_etl_dag', 'translate_and_clean_data', 'scheduled__2024-08-11T00:00:00+00:00', '--job-id', '48', '--raw', '--subdir', 'DAGS_FOLDER/weather_etl_dag.py', '--cfg-path', '/tmp/tmpaqay7cdi']
[2024-09-05T18:13:40.655+0000] {standard_task_runner.py:105} INFO - Job 48: Subtask translate_and_clean_data
[2024-09-05T18:13:40.963+0000] {task_command.py:467} INFO - Running <TaskInstance: weather_etl_dag.translate_and_clean_data scheduled__2024-08-11T00:00:00+00:00 [running]> on host 0b8eaea5e88c
[2024-09-05T18:13:41.827+0000] {taskinstance.py:3122} INFO - Exporting env vars: AIRFLOW_CTX_DAG_OWNER='***' AIRFLOW_CTX_DAG_ID='weather_etl_dag' AIRFLOW_CTX_TASK_ID='translate_and_clean_data' AIRFLOW_CTX_EXECUTION_DATE='2024-08-11T00:00:00+00:00' AIRFLOW_CTX_TRY_NUMBER='1' AIRFLOW_CTX_DAG_RUN_ID='scheduled__2024-08-11T00:00:00+00:00'
[2024-09-05T18:13:41.828+0000] {taskinstance.py:731} INFO - ::endgroup::
[2024-09-05T18:13:41.840+0000] {logging_mixin.py:190} INFO - Recuperando DataFrame de pronósticos desde XCom
[2024-09-05T18:13:41.908+0000] {logging_mixin.py:190} INFO - Número de registros en pronósticos: 18
[2024-09-05T18:13:41.948+0000] {logging_mixin.py:190} INFO - Pronósticos antes de limpiar y traducir:    cve_mun            municipio  ... wind_kph  humidity
0        1    AMEALCO DE BONFIL  ...     18.0        78
1        2      PINAL DE AMOLES  ...     16.6        75
2        3          ARROYO SECO  ...     17.3        84
3        4  CADEREYTA DE MONTES  ...     14.0        79
4        5                COLON  ...     16.6        75

[5 rows x 10 columns]
[2024-09-05T18:14:41.364+0000] {logging_mixin.py:190} INFO - Pronósticos después de limpiar y traducir:    cve_mun            municipio  ... viento_kph  humedad
0        1    Amealco De Bonfil  ...       18.0       78
1        2      Pinal De Amoles  ...       16.6       75
2        3          Arroyo Seco  ...       17.3       84
3        4  Cadereyta De Montes  ...       14.0       79
4        5                Colon  ...       16.6       75

[5 rows x 10 columns]
[2024-09-05T18:14:41.419+0000] {python.py:240} INFO - Done. Returned value was: None
[2024-09-05T18:14:41.431+0000] {taskinstance.py:340} INFO - ::group::Post task execution logs
[2024-09-05T18:14:41.432+0000] {taskinstance.py:352} INFO - Marking task as SUCCESS. dag_id=weather_etl_dag, task_id=translate_and_clean_data, run_id=scheduled__2024-08-11T00:00:00+00:00, execution_date=20240811T000000, start_date=20240905T181340, end_date=20240905T181441
[2024-09-05T18:14:41.507+0000] {local_task_job_runner.py:261} INFO - Task exited with return code 0
[2024-09-05T18:14:41.538+0000] {taskinstance.py:3891} INFO - 1 downstream tasks scheduled from follow-on schedule check
[2024-09-05T18:14:41.575+0000] {local_task_job_runner.py:240} INFO - ::endgroup::
