[2024-08-27T18:39:50.859+0000] {local_task_job_runner.py:120} INFO - ::group::Pre task execution logs
[2024-08-27T18:39:50.882+0000] {taskinstance.py:2076} INFO - Dependencies all met for dep_context=non-requeueable deps ti=<TaskInstance: weather_etl_dag.fetch_weather_data scheduled__2024-08-26T00:00:00+00:00 [queued]>
[2024-08-27T18:39:50.890+0000] {taskinstance.py:2076} INFO - Dependencies all met for dep_context=requeueable deps ti=<TaskInstance: weather_etl_dag.fetch_weather_data scheduled__2024-08-26T00:00:00+00:00 [queued]>
[2024-08-27T18:39:50.891+0000] {taskinstance.py:2306} INFO - Starting attempt 1 of 2
[2024-08-27T18:39:51.067+0000] {taskinstance.py:2330} INFO - Executing <Task(PythonOperator): fetch_weather_data> on 2024-08-26 00:00:00+00:00
[2024-08-27T18:39:51.074+0000] {warnings.py:112} WARNING - /home/***/.local/lib/python3.12/site-packages/***/task/task_runner/standard_task_runner.py:62: DeprecationWarning: This process (pid=58) is multi-threaded, use of fork() may lead to deadlocks in the child.
  pid = os.fork()

[2024-08-27T18:39:51.075+0000] {standard_task_runner.py:64} INFO - Started process 60 to run task
[2024-08-27T18:39:51.076+0000] {standard_task_runner.py:90} INFO - Running: ['***', 'tasks', 'run', 'weather_etl_dag', 'fetch_weather_data', 'scheduled__2024-08-26T00:00:00+00:00', '--job-id', '381', '--raw', '--subdir', 'DAGS_FOLDER/weather_etl_dag.py', '--cfg-path', '/tmp/tmp19tbb1dl']
[2024-08-27T18:39:51.078+0000] {standard_task_runner.py:91} INFO - Job 381: Subtask fetch_weather_data
[2024-08-27T18:39:51.198+0000] {task_command.py:426} INFO - Running <TaskInstance: weather_etl_dag.fetch_weather_data scheduled__2024-08-26T00:00:00+00:00 [running]> on host b7290fbe53d7
[2024-08-27T18:39:51.490+0000] {taskinstance.py:2648} INFO - Exporting env vars: AIRFLOW_CTX_DAG_OWNER='***' AIRFLOW_CTX_DAG_ID='weather_etl_dag' AIRFLOW_CTX_TASK_ID='fetch_weather_data' AIRFLOW_CTX_EXECUTION_DATE='2024-08-26T00:00:00+00:00' AIRFLOW_CTX_TRY_NUMBER='1' AIRFLOW_CTX_DAG_RUN_ID='scheduled__2024-08-26T00:00:00+00:00'
[2024-08-27T18:39:51.493+0000] {taskinstance.py:430} INFO - ::endgroup::
[2024-08-27T18:39:51.511+0000] {logging_mixin.py:188} INFO - recuperando municipios desde xcom
[2024-08-27T18:39:52.073+0000] {logging_mixin.py:188} INFO - numero de municipios recuperados:18
[2024-08-27T18:39:52.114+0000] {logging_mixin.py:188} INFO - Datos de municipios para obtener clima:    cve_mun              nom_mun  lat_decimal  lon_decimal
0        1    AMEALCO DE BONFIL    20.186444  -100.144195
1        2      PINAL DE AMOLES    21.135302   -99.627540
2        3          ARROYO SECO    21.548036   -99.689166
3        4  CADEREYTA DE MONTES    20.695023   -99.815633
4        5                COLON    20.788326  -100.045430
[2024-08-27T18:39:52.123+0000] {logging_mixin.py:188} INFO - Haciendo solicitud a la API para lat: 20.186444, lon: -100.144195
[2024-08-27T18:39:52.988+0000] {logging_mixin.py:188} INFO - respuesta recibida:200
[2024-08-27T18:39:52.989+0000] {logging_mixin.py:188} INFO - Haciendo solicitud a la API para lat: 21.135302, lon: -99.62754
[2024-08-27T18:39:53.737+0000] {logging_mixin.py:188} INFO - respuesta recibida:200
[2024-08-27T18:39:53.739+0000] {logging_mixin.py:188} INFO - Haciendo solicitud a la API para lat: 21.548036, lon: -99.689166
[2024-08-27T18:39:54.628+0000] {logging_mixin.py:188} INFO - respuesta recibida:200
[2024-08-27T18:39:54.630+0000] {logging_mixin.py:188} INFO - Haciendo solicitud a la API para lat: 20.695023, lon: -99.815633
[2024-08-27T18:39:55.627+0000] {logging_mixin.py:188} INFO - respuesta recibida:200
[2024-08-27T18:39:55.629+0000] {logging_mixin.py:188} INFO - Haciendo solicitud a la API para lat: 20.788326, lon: -100.04543
[2024-08-27T18:39:56.469+0000] {logging_mixin.py:188} INFO - respuesta recibida:200
[2024-08-27T18:39:56.471+0000] {logging_mixin.py:188} INFO - Haciendo solicitud a la API para lat: 20.552436, lon: -100.445883
[2024-08-27T18:39:57.327+0000] {logging_mixin.py:188} INFO - respuesta recibida:200
[2024-08-27T18:39:57.328+0000] {logging_mixin.py:188} INFO - Haciendo solicitud a la API para lat: 20.665295, lon: -99.898405
[2024-08-27T18:39:58.177+0000] {logging_mixin.py:188} INFO - respuesta recibida:200
[2024-08-27T18:39:58.178+0000] {logging_mixin.py:188} INFO - Haciendo solicitud a la API para lat: 20.375244, lon: -100.274333
[2024-08-27T18:39:58.984+0000] {logging_mixin.py:188} INFO - respuesta recibida:200
[2024-08-27T18:39:58.985+0000] {logging_mixin.py:188} INFO - Haciendo solicitud a la API para lat: 21.216802, lon: -99.47291
[2024-08-27T18:39:59.789+0000] {logging_mixin.py:188} INFO - respuesta recibida:200
[2024-08-27T18:39:59.790+0000] {logging_mixin.py:188} INFO - Haciendo solicitud a la API para lat: 21.183456, lon: -99.321914
[2024-08-27T18:40:00.615+0000] {logging_mixin.py:188} INFO - respuesta recibida:200
[2024-08-27T18:40:00.616+0000] {logging_mixin.py:188} INFO - Haciendo solicitud a la API para lat: 20.60657, lon: -100.331096
[2024-08-27T18:40:01.423+0000] {logging_mixin.py:188} INFO - respuesta recibida:200
[2024-08-27T18:40:01.424+0000] {logging_mixin.py:188} INFO - Haciendo solicitud a la API para lat: 20.502494, lon: -100.14473
[2024-08-27T18:40:02.366+0000] {logging_mixin.py:188} INFO - respuesta recibida:200
[2024-08-27T18:40:02.368+0000] {logging_mixin.py:188} INFO - Haciendo solicitud a la API para lat: 21.053631, lon: -99.814526
[2024-08-27T18:40:03.472+0000] {logging_mixin.py:188} INFO - respuesta recibida:200
[2024-08-27T18:40:03.473+0000] {logging_mixin.py:188} INFO - Haciendo solicitud a la API para lat: 20.593391, lon: -100.389957
[2024-08-27T18:40:04.708+0000] {logging_mixin.py:188} INFO - respuesta recibida:200
[2024-08-27T18:40:04.710+0000] {logging_mixin.py:188} INFO - Haciendo solicitud a la API para lat: 20.916061, lon: -99.566359
[2024-08-27T18:40:05.637+0000] {logging_mixin.py:188} INFO - respuesta recibida:200
[2024-08-27T18:40:05.639+0000] {logging_mixin.py:188} INFO - Haciendo solicitud a la API para lat: 20.386441, lon: -99.999631
[2024-08-27T18:40:06.365+0000] {logging_mixin.py:188} INFO - respuesta recibida:200
[2024-08-27T18:40:06.375+0000] {logging_mixin.py:188} INFO - Haciendo solicitud a la API para lat: 20.518817, lon: -99.88384
[2024-08-27T18:40:07.344+0000] {logging_mixin.py:188} INFO - respuesta recibida:200
[2024-08-27T18:40:07.346+0000] {logging_mixin.py:188} INFO - Haciendo solicitud a la API para lat: 20.908149, lon: -99.9308
[2024-08-27T18:40:09.425+0000] {logging_mixin.py:188} INFO - respuesta recibida:200
[2024-08-27T18:40:09.427+0000] {logging_mixin.py:188} INFO - Pronosticos obtenidos:18
[2024-08-27T18:40:09.946+0000] {python.py:237} INFO - Done. Returned value was: None
[2024-08-27T18:40:09.949+0000] {taskinstance.py:441} INFO - ::group::Post task execution logs
[2024-08-27T18:40:09.959+0000] {taskinstance.py:1206} INFO - Marking task as SUCCESS. dag_id=weather_etl_dag, task_id=fetch_weather_data, run_id=scheduled__2024-08-26T00:00:00+00:00, execution_date=20240826T000000, start_date=20240827T183950, end_date=20240827T184009
[2024-08-27T18:40:10.195+0000] {local_task_job_runner.py:243} INFO - Task exited with return code 0
[2024-08-27T18:40:10.322+0000] {taskinstance.py:3503} INFO - 1 downstream tasks scheduled from follow-on schedule check
[2024-08-27T18:40:10.476+0000] {local_task_job_runner.py:222} INFO - ::endgroup::
[2024-09-05T23:45:59.610+0000] {local_task_job_runner.py:123} INFO - ::group::Pre task execution logs
[2024-09-05T23:45:59.712+0000] {taskinstance.py:2603} INFO - Dependencies all met for dep_context=non-requeueable deps ti=<TaskInstance: weather_etl_dag.fetch_weather_data scheduled__2024-08-26T00:00:00+00:00 [queued]>
[2024-09-05T23:45:59.734+0000] {taskinstance.py:2603} INFO - Dependencies all met for dep_context=requeueable deps ti=<TaskInstance: weather_etl_dag.fetch_weather_data scheduled__2024-08-26T00:00:00+00:00 [queued]>
[2024-09-05T23:45:59.735+0000] {taskinstance.py:2856} INFO - Starting attempt 1 of 2
[2024-09-05T23:45:59.824+0000] {taskinstance.py:2879} INFO - Executing <Task(PythonOperator): fetch_weather_data> on 2024-08-26 00:00:00+00:00
[2024-09-05T23:45:59.841+0000] {warnings.py:112} WARNING - /usr/local/lib/python3.12/site-packages/***/task/task_runner/standard_task_runner.py:70: DeprecationWarning: This process (pid=286) is multi-threaded, use of fork() may lead to deadlocks in the child.
  pid = os.fork()

[2024-09-05T23:45:59.845+0000] {standard_task_runner.py:72} INFO - Started process 301 to run task
[2024-09-05T23:45:59.848+0000] {standard_task_runner.py:104} INFO - Running: ['***', 'tasks', 'run', 'weather_etl_dag', 'fetch_weather_data', 'scheduled__2024-08-26T00:00:00+00:00', '--job-id', '152', '--raw', '--subdir', 'DAGS_FOLDER/weather_etl_dag.py', '--cfg-path', '/tmp/tmphpjl2xjq']
[2024-09-05T23:45:59.861+0000] {standard_task_runner.py:105} INFO - Job 152: Subtask fetch_weather_data
[2024-09-05T23:46:00.120+0000] {task_command.py:467} INFO - Running <TaskInstance: weather_etl_dag.fetch_weather_data scheduled__2024-08-26T00:00:00+00:00 [running]> on host da9f5d3bcb59
[2024-09-05T23:46:08.864+0000] {taskinstance.py:3122} INFO - Exporting env vars: AIRFLOW_CTX_DAG_OWNER='***' AIRFLOW_CTX_DAG_ID='weather_etl_dag' AIRFLOW_CTX_TASK_ID='fetch_weather_data' AIRFLOW_CTX_EXECUTION_DATE='2024-08-26T00:00:00+00:00' AIRFLOW_CTX_TRY_NUMBER='1' AIRFLOW_CTX_DAG_RUN_ID='scheduled__2024-08-26T00:00:00+00:00'
[2024-09-05T23:46:08.865+0000] {taskinstance.py:731} INFO - ::endgroup::
[2024-09-05T23:46:13.654+0000] {job.py:229} INFO - Heartbeat recovered after 14.14 seconds
[2024-09-05T23:46:26.393+0000] {python.py:240} INFO - Done. Returned value was: None
[2024-09-05T23:46:26.409+0000] {taskinstance.py:340} INFO - ::group::Post task execution logs
[2024-09-05T23:46:26.409+0000] {taskinstance.py:352} INFO - Marking task as SUCCESS. dag_id=weather_etl_dag, task_id=fetch_weather_data, run_id=scheduled__2024-08-26T00:00:00+00:00, execution_date=20240826T000000, start_date=20240905T234559, end_date=20240905T234626
[2024-09-05T23:46:26.767+0000] {local_task_job_runner.py:261} INFO - Task exited with return code 0
[2024-09-05T23:46:38.026+0000] {standard_task_runner.py:217} INFO - Process not found (most likely exited), stop collecting metrics
[2024-09-05T23:46:38.033+0000] {taskinstance.py:3891} INFO - 1 downstream tasks scheduled from follow-on schedule check
[2024-09-05T23:46:38.088+0000] {local_task_job_runner.py:240} INFO - ::endgroup::
