[2024-08-17T15:14:22.997+0000] {local_task_job_runner.py:120} INFO - ::group::Pre task execution logs
[2024-08-17T15:14:23.018+0000] {taskinstance.py:2076} INFO - Dependencies all met for dep_context=non-requeueable deps ti=<TaskInstance: weather_etl_dag.fetch_weather_data manual__2024-08-17T15:13:11.389709+00:00 [queued]>
[2024-08-17T15:14:23.027+0000] {taskinstance.py:2076} INFO - Dependencies all met for dep_context=requeueable deps ti=<TaskInstance: weather_etl_dag.fetch_weather_data manual__2024-08-17T15:13:11.389709+00:00 [queued]>
[2024-08-17T15:14:23.029+0000] {taskinstance.py:2306} INFO - Starting attempt 1 of 2
[2024-08-17T15:14:23.182+0000] {taskinstance.py:2330} INFO - Executing <Task(PythonOperator): fetch_weather_data> on 2024-08-17 15:13:11.389709+00:00
[2024-08-17T15:14:23.187+0000] {warnings.py:112} WARNING - /home/***/.local/lib/python3.12/site-packages/***/task/task_runner/standard_task_runner.py:62: DeprecationWarning: This process (pid=269) is multi-threaded, use of fork() may lead to deadlocks in the child.
  pid = os.fork()

[2024-08-17T15:14:23.189+0000] {standard_task_runner.py:64} INFO - Started process 271 to run task
[2024-08-17T15:14:23.189+0000] {standard_task_runner.py:90} INFO - Running: ['***', 'tasks', 'run', 'weather_etl_dag', 'fetch_weather_data', 'manual__2024-08-17T15:13:11.389709+00:00', '--job-id', '193', '--raw', '--subdir', 'DAGS_FOLDER/weather_etl_dag.py', '--cfg-path', '/tmp/tmplh71i56i']
[2024-08-17T15:14:23.191+0000] {standard_task_runner.py:91} INFO - Job 193: Subtask fetch_weather_data
[2024-08-17T15:14:23.262+0000] {task_command.py:426} INFO - Running <TaskInstance: weather_etl_dag.fetch_weather_data manual__2024-08-17T15:13:11.389709+00:00 [running]> on host b7290fbe53d7
[2024-08-17T15:14:23.431+0000] {taskinstance.py:2648} INFO - Exporting env vars: AIRFLOW_CTX_DAG_OWNER='***' AIRFLOW_CTX_DAG_ID='weather_etl_dag' AIRFLOW_CTX_TASK_ID='fetch_weather_data' AIRFLOW_CTX_EXECUTION_DATE='2024-08-17T15:13:11.389709+00:00' AIRFLOW_CTX_TRY_NUMBER='1' AIRFLOW_CTX_DAG_RUN_ID='manual__2024-08-17T15:13:11.389709+00:00'
[2024-08-17T15:14:23.432+0000] {taskinstance.py:430} INFO - ::endgroup::
[2024-08-17T15:14:23.445+0000] {logging_mixin.py:188} INFO - recuperando municipios desde xcom
[2024-08-17T15:14:23.496+0000] {logging_mixin.py:188} INFO - numero de municipios recuperados:18
[2024-08-17T15:14:23.514+0000] {logging_mixin.py:188} INFO - Datos de municipios para obtener clima:    cve_mun              nom_mun  lat_decimal  lon_decimal
0        1    AMEALCO DE BONFIL    20.186444  -100.144195
1        2      PINAL DE AMOLES    21.135302   -99.627540
2        3          ARROYO SECO    21.548036   -99.689166
3        4  CADEREYTA DE MONTES    20.695023   -99.815633
4        5                COLON    20.788326  -100.045430
[2024-08-17T15:14:23.523+0000] {logging_mixin.py:188} INFO - Haciendo solicitud a la API para lat: 20.186444, lon: -100.144195
[2024-08-17T15:14:24.624+0000] {logging_mixin.py:188} INFO - respuesta recibida:200
[2024-08-17T15:14:24.626+0000] {logging_mixin.py:188} INFO - Haciendo solicitud a la API para lat: 21.135302, lon: -99.62754
[2024-08-17T15:14:25.469+0000] {logging_mixin.py:188} INFO - respuesta recibida:200
[2024-08-17T15:14:25.470+0000] {logging_mixin.py:188} INFO - Haciendo solicitud a la API para lat: 21.548036, lon: -99.689166
[2024-08-17T15:14:26.325+0000] {logging_mixin.py:188} INFO - respuesta recibida:200
[2024-08-17T15:14:26.328+0000] {logging_mixin.py:188} INFO - Haciendo solicitud a la API para lat: 20.695023, lon: -99.815633
[2024-08-17T15:14:27.256+0000] {logging_mixin.py:188} INFO - respuesta recibida:200
[2024-08-17T15:14:27.266+0000] {logging_mixin.py:188} INFO - Haciendo solicitud a la API para lat: 20.788326, lon: -100.04543
[2024-08-17T15:14:28.272+0000] {logging_mixin.py:188} INFO - respuesta recibida:200
[2024-08-17T15:14:28.279+0000] {logging_mixin.py:188} INFO - Haciendo solicitud a la API para lat: 20.552436, lon: -100.445883
[2024-08-17T15:14:29.327+0000] {logging_mixin.py:188} INFO - respuesta recibida:200
[2024-08-17T15:14:29.329+0000] {logging_mixin.py:188} INFO - Haciendo solicitud a la API para lat: 20.665295, lon: -99.898405
[2024-08-17T15:14:30.184+0000] {logging_mixin.py:188} INFO - respuesta recibida:200
[2024-08-17T15:14:30.186+0000] {logging_mixin.py:188} INFO - Haciendo solicitud a la API para lat: 20.375244, lon: -100.274333
[2024-08-17T15:14:31.184+0000] {logging_mixin.py:188} INFO - respuesta recibida:200
[2024-08-17T15:14:31.186+0000] {logging_mixin.py:188} INFO - Haciendo solicitud a la API para lat: 21.216802, lon: -99.47291
[2024-08-17T15:14:32.237+0000] {logging_mixin.py:188} INFO - respuesta recibida:200
[2024-08-17T15:14:32.244+0000] {logging_mixin.py:188} INFO - Haciendo solicitud a la API para lat: 21.183456, lon: -99.321914
[2024-08-17T15:14:33.091+0000] {logging_mixin.py:188} INFO - respuesta recibida:200
[2024-08-17T15:14:33.092+0000] {logging_mixin.py:188} INFO - Haciendo solicitud a la API para lat: 20.60657, lon: -100.331096
[2024-08-17T15:14:33.952+0000] {logging_mixin.py:188} INFO - respuesta recibida:200
[2024-08-17T15:14:33.953+0000] {logging_mixin.py:188} INFO - Haciendo solicitud a la API para lat: 20.502494, lon: -100.14473
[2024-08-17T15:14:34.836+0000] {logging_mixin.py:188} INFO - respuesta recibida:200
[2024-08-17T15:14:34.838+0000] {logging_mixin.py:188} INFO - Haciendo solicitud a la API para lat: 21.053631, lon: -99.814526
[2024-08-17T15:14:35.836+0000] {logging_mixin.py:188} INFO - respuesta recibida:200
[2024-08-17T15:14:35.837+0000] {logging_mixin.py:188} INFO - Haciendo solicitud a la API para lat: 20.593391, lon: -100.389957
[2024-08-17T15:14:36.826+0000] {logging_mixin.py:188} INFO - respuesta recibida:200
[2024-08-17T15:14:36.827+0000] {logging_mixin.py:188} INFO - Haciendo solicitud a la API para lat: 20.916061, lon: -99.566359
[2024-08-17T15:14:37.807+0000] {logging_mixin.py:188} INFO - respuesta recibida:200
[2024-08-17T15:14:38.514+0000] {logging_mixin.py:188} INFO - Haciendo solicitud a la API para lat: 20.386441, lon: -99.999631
[2024-08-17T15:14:39.541+0000] {logging_mixin.py:188} INFO - respuesta recibida:200
[2024-08-17T15:14:39.542+0000] {logging_mixin.py:188} INFO - Haciendo solicitud a la API para lat: 20.518817, lon: -99.88384
[2024-08-17T15:14:40.395+0000] {logging_mixin.py:188} INFO - respuesta recibida:200
[2024-08-17T15:14:40.397+0000] {logging_mixin.py:188} INFO - Haciendo solicitud a la API para lat: 20.908149, lon: -99.9308
[2024-08-17T15:14:41.392+0000] {logging_mixin.py:188} INFO - respuesta recibida:200
[2024-08-17T15:14:41.396+0000] {logging_mixin.py:188} INFO - Pronosticos obtenidos:18
[2024-08-17T15:14:42.505+0000] {python.py:237} INFO - Done. Returned value was: None
[2024-08-17T15:14:42.506+0000] {taskinstance.py:441} INFO - ::group::Post task execution logs
[2024-08-17T15:14:42.517+0000] {taskinstance.py:1206} INFO - Marking task as SUCCESS. dag_id=weather_etl_dag, task_id=fetch_weather_data, run_id=manual__2024-08-17T15:13:11.389709+00:00, execution_date=20240817T151311, start_date=20240817T151423, end_date=20240817T151442
[2024-08-17T15:14:42.756+0000] {local_task_job_runner.py:243} INFO - Task exited with return code 0
[2024-08-17T15:14:42.786+0000] {taskinstance.py:3503} INFO - 1 downstream tasks scheduled from follow-on schedule check
[2024-08-17T15:14:42.884+0000] {local_task_job_runner.py:222} INFO - ::endgroup::
