[2024-09-05T01:00:26.882+0000] {local_task_job_runner.py:123} INFO - ::group::Pre task execution logs
[2024-09-05T01:00:26.909+0000] {taskinstance.py:2603} INFO - Dependencies all met for dep_context=non-requeueable deps ti=<TaskInstance: weather_etl_dag.fetch_weather_data manual__2024-09-05T00:35:45.271832+00:00 [queued]>
[2024-09-05T01:00:26.923+0000] {taskinstance.py:2603} INFO - Dependencies all met for dep_context=requeueable deps ti=<TaskInstance: weather_etl_dag.fetch_weather_data manual__2024-09-05T00:35:45.271832+00:00 [queued]>
[2024-09-05T01:00:26.924+0000] {taskinstance.py:2856} INFO - Starting attempt 1 of 2
[2024-09-05T01:00:26.975+0000] {taskinstance.py:2879} INFO - Executing <Task(PythonOperator): fetch_weather_data> on 2024-09-05 00:35:45.271832+00:00
[2024-09-05T01:00:26.983+0000] {warnings.py:112} WARNING - /usr/local/lib/python3.12/site-packages/***/task/task_runner/standard_task_runner.py:70: DeprecationWarning: This process (pid=1240) is multi-threaded, use of fork() may lead to deadlocks in the child.
  pid = os.fork()

[2024-09-05T01:00:26.988+0000] {standard_task_runner.py:72} INFO - Started process 1242 to run task
[2024-09-05T01:00:26.986+0000] {standard_task_runner.py:104} INFO - Running: ['***', 'tasks', 'run', 'weather_etl_dag', 'fetch_weather_data', 'manual__2024-09-05T00:35:45.271832+00:00', '--job-id', '137', '--raw', '--subdir', 'DAGS_FOLDER/weather_etl_dag.py', '--cfg-path', '/tmp/tmpftgopkql']
[2024-09-05T01:00:26.990+0000] {standard_task_runner.py:105} INFO - Job 137: Subtask fetch_weather_data
[2024-09-05T01:00:27.184+0000] {task_command.py:467} INFO - Running <TaskInstance: weather_etl_dag.fetch_weather_data manual__2024-09-05T00:35:45.271832+00:00 [running]> on host b778581f4b0f
[2024-09-05T01:00:27.995+0000] {taskinstance.py:3122} INFO - Exporting env vars: AIRFLOW_CTX_DAG_OWNER='***' AIRFLOW_CTX_DAG_ID='weather_etl_dag' AIRFLOW_CTX_TASK_ID='fetch_weather_data' AIRFLOW_CTX_EXECUTION_DATE='2024-09-05T00:35:45.271832+00:00' AIRFLOW_CTX_TRY_NUMBER='1' AIRFLOW_CTX_DAG_RUN_ID='manual__2024-09-05T00:35:45.271832+00:00'
[2024-09-05T01:00:27.998+0000] {taskinstance.py:731} INFO - ::endgroup::
[2024-09-05T01:00:28.017+0000] {logging_mixin.py:190} INFO - Recuperando municipios desde XCom
[2024-09-05T01:00:28.082+0000] {logging_mixin.py:190} INFO - Número de municipios recuperados: 18
[2024-09-05T01:00:28.095+0000] {logging_mixin.py:190} INFO - Datos de municipios para obtener clima:    cve_mun              nom_mun  lat_decimal  lon_decimal
0        1    AMEALCO DE BONFIL    20.186444  -100.144195
1        2      PINAL DE AMOLES    21.135302   -99.627540
2        3          ARROYO SECO    21.548036   -99.689166
3        4  CADEREYTA DE MONTES    20.695023   -99.815633
4        5                COLON    20.788326  -100.045430
[2024-09-05T01:00:28.112+0000] {logging_mixin.py:190} INFO - Haciendo solicitud a la API para lat: 20.186444, lon: -100.144195
[2024-09-05T01:00:29.560+0000] {logging_mixin.py:190} INFO - Respuesta recibida: 200
[2024-09-05T01:00:29.562+0000] {logging_mixin.py:190} INFO - Haciendo solicitud a la API para lat: 21.135302, lon: -99.62754
[2024-09-05T01:00:30.548+0000] {logging_mixin.py:190} INFO - Respuesta recibida: 200
[2024-09-05T01:00:30.550+0000] {logging_mixin.py:190} INFO - Haciendo solicitud a la API para lat: 21.548036, lon: -99.689166
[2024-09-05T01:00:32.408+0000] {logging_mixin.py:190} INFO - Respuesta recibida: 200
[2024-09-05T01:00:32.410+0000] {logging_mixin.py:190} INFO - Haciendo solicitud a la API para lat: 20.695023, lon: -99.815633
[2024-09-05T01:00:33.715+0000] {logging_mixin.py:190} INFO - Respuesta recibida: 200
[2024-09-05T01:00:33.717+0000] {logging_mixin.py:190} INFO - Haciendo solicitud a la API para lat: 20.788326, lon: -100.04543
[2024-09-05T01:00:44.642+0000] {logging_mixin.py:190} INFO - Respuesta recibida: 200
[2024-09-05T01:00:44.646+0000] {logging_mixin.py:190} INFO - Haciendo solicitud a la API para lat: 20.552436, lon: -100.445883
[2024-09-05T01:00:45.814+0000] {logging_mixin.py:190} INFO - Respuesta recibida: 200
[2024-09-05T01:00:45.817+0000] {logging_mixin.py:190} INFO - Haciendo solicitud a la API para lat: 20.665295, lon: -99.898405
[2024-09-05T01:00:47.647+0000] {logging_mixin.py:190} INFO - Respuesta recibida: 200
[2024-09-05T01:00:47.650+0000] {logging_mixin.py:190} INFO - Haciendo solicitud a la API para lat: 20.375244, lon: -100.274333
[2024-09-05T01:00:48.857+0000] {logging_mixin.py:190} INFO - Respuesta recibida: 200
[2024-09-05T01:00:48.862+0000] {logging_mixin.py:190} INFO - Haciendo solicitud a la API para lat: 21.216802, lon: -99.47291
[2024-09-05T01:00:50.560+0000] {logging_mixin.py:190} INFO - Respuesta recibida: 200
[2024-09-05T01:00:50.562+0000] {logging_mixin.py:190} INFO - Haciendo solicitud a la API para lat: 21.183456, lon: -99.321914
[2024-09-05T01:00:52.862+0000] {logging_mixin.py:190} INFO - Respuesta recibida: 200
[2024-09-05T01:00:52.864+0000] {logging_mixin.py:190} INFO - Haciendo solicitud a la API para lat: 20.60657, lon: -100.331096
[2024-09-05T01:00:54.283+0000] {logging_mixin.py:190} INFO - Respuesta recibida: 200
[2024-09-05T01:00:54.285+0000] {logging_mixin.py:190} INFO - Haciendo solicitud a la API para lat: 20.502494, lon: -100.14473
[2024-09-05T01:00:55.600+0000] {logging_mixin.py:190} INFO - Respuesta recibida: 200
[2024-09-05T01:00:55.601+0000] {logging_mixin.py:190} INFO - Haciendo solicitud a la API para lat: 21.053631, lon: -99.814526
[2024-09-05T01:00:58.097+0000] {logging_mixin.py:190} INFO - Respuesta recibida: 200
[2024-09-05T01:00:58.106+0000] {logging_mixin.py:190} INFO - Haciendo solicitud a la API para lat: 20.593391, lon: -100.389957
[2024-09-05T01:00:59.133+0000] {logging_mixin.py:190} INFO - Respuesta recibida: 200
[2024-09-05T01:00:59.136+0000] {logging_mixin.py:190} INFO - Haciendo solicitud a la API para lat: 20.916061, lon: -99.566359
[2024-09-05T01:01:00.189+0000] {logging_mixin.py:190} INFO - Respuesta recibida: 200
[2024-09-05T01:01:00.191+0000] {logging_mixin.py:190} INFO - Haciendo solicitud a la API para lat: 20.386441, lon: -99.999631
[2024-09-05T01:01:01.463+0000] {logging_mixin.py:190} INFO - Respuesta recibida: 200
[2024-09-05T01:01:01.464+0000] {logging_mixin.py:190} INFO - Haciendo solicitud a la API para lat: 20.518817, lon: -99.88384
[2024-09-05T01:01:02.848+0000] {logging_mixin.py:190} INFO - Respuesta recibida: 200
[2024-09-05T01:01:02.850+0000] {logging_mixin.py:190} INFO - Haciendo solicitud a la API para lat: 20.908149, lon: -99.9308
[2024-09-05T01:01:04.243+0000] {logging_mixin.py:190} INFO - Respuesta recibida: 200
[2024-09-05T01:01:04.253+0000] {logging_mixin.py:190} INFO - Pronósticos obtenidos: 18
[2024-09-05T01:01:04.401+0000] {python.py:240} INFO - Done. Returned value was: None
[2024-09-05T01:01:04.413+0000] {taskinstance.py:340} INFO - ::group::Post task execution logs
[2024-09-05T01:01:04.414+0000] {taskinstance.py:352} INFO - Marking task as SUCCESS. dag_id=weather_etl_dag, task_id=fetch_weather_data, run_id=manual__2024-09-05T00:35:45.271832+00:00, execution_date=20240905T003545, start_date=20240905T010026, end_date=20240905T010104
[2024-09-05T01:01:04.510+0000] {local_task_job_runner.py:261} INFO - Task exited with return code 0
[2024-09-05T01:01:04.676+0000] {taskinstance.py:3891} INFO - 1 downstream tasks scheduled from follow-on schedule check
[2024-09-05T01:01:04.712+0000] {local_task_job_runner.py:240} INFO - ::endgroup::
