[2024-08-14T02:36:21.590+0000] {local_task_job_runner.py:120} INFO - ::group::Pre task execution logs
[2024-08-14T02:36:21.902+0000] {taskinstance.py:2076} INFO - Dependencies all met for dep_context=non-requeueable deps ti=<TaskInstance: weather_etl_dag.fetch_weather_data manual__2024-08-14T02:34:33.001323+00:00 [queued]>
[2024-08-14T02:36:21.916+0000] {taskinstance.py:2076} INFO - Dependencies all met for dep_context=requeueable deps ti=<TaskInstance: weather_etl_dag.fetch_weather_data manual__2024-08-14T02:34:33.001323+00:00 [queued]>
[2024-08-14T02:36:21.918+0000] {taskinstance.py:2306} INFO - Starting attempt 1 of 2
[2024-08-14T02:36:22.000+0000] {taskinstance.py:2330} INFO - Executing <Task(PythonOperator): fetch_weather_data> on 2024-08-14 02:34:33.001323+00:00
[2024-08-14T02:36:22.007+0000] {warnings.py:112} WARNING - /home/***/.local/lib/python3.12/site-packages/***/task/task_runner/standard_task_runner.py:62: DeprecationWarning: This process (pid=728) is multi-threaded, use of fork() may lead to deadlocks in the child.
  pid = os.fork()

[2024-08-14T02:36:22.009+0000] {standard_task_runner.py:64} INFO - Started process 730 to run task
[2024-08-14T02:36:22.009+0000] {standard_task_runner.py:90} INFO - Running: ['***', 'tasks', 'run', 'weather_etl_dag', 'fetch_weather_data', 'manual__2024-08-14T02:34:33.001323+00:00', '--job-id', '58', '--raw', '--subdir', 'DAGS_FOLDER/weather_etl_dag.py', '--cfg-path', '/tmp/tmp3dz6hmhb']
[2024-08-14T02:36:22.012+0000] {standard_task_runner.py:91} INFO - Job 58: Subtask fetch_weather_data
[2024-08-14T02:36:22.109+0000] {task_command.py:426} INFO - Running <TaskInstance: weather_etl_dag.fetch_weather_data manual__2024-08-14T02:34:33.001323+00:00 [running]> on host 712d18ef94ea
[2024-08-14T02:36:22.375+0000] {taskinstance.py:2648} INFO - Exporting env vars: AIRFLOW_CTX_DAG_OWNER='***' AIRFLOW_CTX_DAG_ID='weather_etl_dag' AIRFLOW_CTX_TASK_ID='fetch_weather_data' AIRFLOW_CTX_EXECUTION_DATE='2024-08-14T02:34:33.001323+00:00' AIRFLOW_CTX_TRY_NUMBER='1' AIRFLOW_CTX_DAG_RUN_ID='manual__2024-08-14T02:34:33.001323+00:00'
[2024-08-14T02:36:22.377+0000] {taskinstance.py:430} INFO - ::endgroup::
[2024-08-14T02:36:22.420+0000] {logging_mixin.py:188} INFO - recuperando municipios desde xcom
[2024-08-14T02:36:22.782+0000] {logging_mixin.py:188} INFO - numero de municipios recuperados:18
[2024-08-14T02:36:22.862+0000] {logging_mixin.py:188} INFO - Datos de municipios para obtener clima:    cve_mun              nom_mun  lat_decimal  lon_decimal
0        1    AMEALCO DE BONFIL    20.186444  -100.144195
1        2      PINAL DE AMOLES    21.135302   -99.627540
2        3          ARROYO SECO    21.548036   -99.689166
3        4  CADEREYTA DE MONTES    20.695023   -99.815633
4        5                COLON    20.788326  -100.045430
[2024-08-14T02:36:22.890+0000] {logging_mixin.py:188} INFO - Haciendo solicitud a la API para lat: 20.186444, lon: -100.144195
[2024-08-14T02:36:23.901+0000] {logging_mixin.py:188} INFO - respuesta recibida:200
[2024-08-14T02:36:23.903+0000] {logging_mixin.py:188} INFO - Haciendo solicitud a la API para lat: 21.135302, lon: -99.62754
[2024-08-14T02:36:24.825+0000] {logging_mixin.py:188} INFO - respuesta recibida:200
[2024-08-14T02:36:25.075+0000] {logging_mixin.py:188} INFO - Haciendo solicitud a la API para lat: 21.548036, lon: -99.689166
[2024-08-14T02:36:25.915+0000] {logging_mixin.py:188} INFO - respuesta recibida:200
[2024-08-14T02:36:25.923+0000] {logging_mixin.py:188} INFO - Haciendo solicitud a la API para lat: 20.695023, lon: -99.815633
[2024-08-14T02:36:26.868+0000] {logging_mixin.py:188} INFO - respuesta recibida:200
[2024-08-14T02:36:26.879+0000] {logging_mixin.py:188} INFO - Haciendo solicitud a la API para lat: 20.788326, lon: -100.04543
[2024-08-14T02:36:27.772+0000] {logging_mixin.py:188} INFO - respuesta recibida:200
[2024-08-14T02:36:27.774+0000] {logging_mixin.py:188} INFO - Haciendo solicitud a la API para lat: 20.552436, lon: -100.445883
[2024-08-14T02:36:28.739+0000] {logging_mixin.py:188} INFO - respuesta recibida:200
[2024-08-14T02:36:28.740+0000] {logging_mixin.py:188} INFO - Haciendo solicitud a la API para lat: 20.665295, lon: -99.898405
[2024-08-14T02:36:29.658+0000] {logging_mixin.py:188} INFO - respuesta recibida:200
[2024-08-14T02:36:29.659+0000] {logging_mixin.py:188} INFO - Haciendo solicitud a la API para lat: 20.375244, lon: -100.274333
[2024-08-14T02:36:30.595+0000] {logging_mixin.py:188} INFO - respuesta recibida:200
[2024-08-14T02:36:30.596+0000] {logging_mixin.py:188} INFO - Haciendo solicitud a la API para lat: 21.216802, lon: -99.47291
[2024-08-14T02:36:31.649+0000] {logging_mixin.py:188} INFO - respuesta recibida:200
[2024-08-14T02:36:31.668+0000] {logging_mixin.py:188} INFO - Haciendo solicitud a la API para lat: 21.183456, lon: -99.321914
[2024-08-14T02:36:32.493+0000] {logging_mixin.py:188} INFO - respuesta recibida:200
[2024-08-14T02:36:32.495+0000] {logging_mixin.py:188} INFO - Haciendo solicitud a la API para lat: 20.60657, lon: -100.331096
[2024-08-14T02:36:33.443+0000] {logging_mixin.py:188} INFO - respuesta recibida:200
[2024-08-14T02:36:33.445+0000] {logging_mixin.py:188} INFO - Haciendo solicitud a la API para lat: 20.502494, lon: -100.14473
[2024-08-14T02:36:34.392+0000] {logging_mixin.py:188} INFO - respuesta recibida:200
[2024-08-14T02:36:34.399+0000] {logging_mixin.py:188} INFO - Haciendo solicitud a la API para lat: 21.053631, lon: -99.814526
[2024-08-14T02:36:35.894+0000] {logging_mixin.py:188} INFO - respuesta recibida:200
[2024-08-14T02:36:35.896+0000] {logging_mixin.py:188} INFO - Haciendo solicitud a la API para lat: 20.593391, lon: -100.389957
[2024-08-14T02:36:36.823+0000] {logging_mixin.py:188} INFO - respuesta recibida:200
[2024-08-14T02:36:36.825+0000] {logging_mixin.py:188} INFO - Haciendo solicitud a la API para lat: 20.916061, lon: -99.566359
[2024-08-14T02:36:37.765+0000] {logging_mixin.py:188} INFO - respuesta recibida:200
[2024-08-14T02:36:37.768+0000] {logging_mixin.py:188} INFO - Haciendo solicitud a la API para lat: 20.386441, lon: -99.999631
[2024-08-14T02:36:38.723+0000] {logging_mixin.py:188} INFO - respuesta recibida:200
[2024-08-14T02:36:38.725+0000] {logging_mixin.py:188} INFO - Haciendo solicitud a la API para lat: 20.518817, lon: -99.88384
[2024-08-14T02:36:39.692+0000] {logging_mixin.py:188} INFO - respuesta recibida:200
[2024-08-14T02:36:39.694+0000] {logging_mixin.py:188} INFO - Haciendo solicitud a la API para lat: 20.908149, lon: -99.9308
[2024-08-14T02:36:40.712+0000] {logging_mixin.py:188} INFO - respuesta recibida:200
[2024-08-14T02:36:40.740+0000] {logging_mixin.py:188} INFO - Pronosticos obtenidos:18
[2024-08-14T02:36:40.937+0000] {python.py:237} INFO - Done. Returned value was: None
[2024-08-14T02:36:40.938+0000] {taskinstance.py:441} INFO - ::group::Post task execution logs
[2024-08-14T02:36:40.949+0000] {taskinstance.py:1206} INFO - Marking task as SUCCESS. dag_id=weather_etl_dag, task_id=fetch_weather_data, run_id=manual__2024-08-14T02:34:33.001323+00:00, execution_date=20240814T023433, start_date=20240814T023621, end_date=20240814T023640
[2024-08-14T02:36:41.061+0000] {local_task_job_runner.py:243} INFO - Task exited with return code 0
[2024-08-14T02:36:41.095+0000] {taskinstance.py:3503} INFO - 1 downstream tasks scheduled from follow-on schedule check
[2024-08-14T02:36:41.166+0000] {local_task_job_runner.py:222} INFO - ::endgroup::
