[2024-09-06T00:01:00.417+0000] {local_task_job_runner.py:123} INFO - ::group::Pre task execution logs
[2024-09-06T00:01:00.564+0000] {taskinstance.py:2603} INFO - Dependencies all met for dep_context=non-requeueable deps ti=<TaskInstance: weather_etl_dag.insert_weather_data manual__2024-09-05T23:38:26.329805+00:00 [queued]>
[2024-09-06T00:01:00.759+0000] {taskinstance.py:2603} INFO - Dependencies all met for dep_context=requeueable deps ti=<TaskInstance: weather_etl_dag.insert_weather_data manual__2024-09-05T23:38:26.329805+00:00 [queued]>
[2024-09-06T00:01:00.760+0000] {taskinstance.py:2856} INFO - Starting attempt 1 of 2
[2024-09-06T00:01:01.279+0000] {taskinstance.py:2879} INFO - Executing <Task(PythonOperator): insert_weather_data> on 2024-09-05 23:38:26.329805+00:00
[2024-09-06T00:01:01.289+0000] {standard_task_runner.py:104} INFO - Running: ['***', 'tasks', 'run', 'weather_etl_dag', 'insert_weather_data', 'manual__2024-09-05T23:38:26.329805+00:00', '--job-id', '177', '--raw', '--subdir', 'DAGS_FOLDER/weather_etl_dag.py', '--cfg-path', '/tmp/tmpbhsropac']
[2024-09-06T00:01:01.326+0000] {standard_task_runner.py:105} INFO - Job 177: Subtask insert_weather_data
[2024-09-06T00:01:01.287+0000] {warnings.py:112} WARNING - /usr/local/lib/python3.12/site-packages/***/task/task_runner/standard_task_runner.py:70: DeprecationWarning: This process (pid=609) is multi-threaded, use of fork() may lead to deadlocks in the child.
  pid = os.fork()

[2024-09-06T00:01:01.326+0000] {standard_task_runner.py:72} INFO - Started process 619 to run task
[2024-09-06T00:01:01.478+0000] {task_command.py:467} INFO - Running <TaskInstance: weather_etl_dag.insert_weather_data manual__2024-09-05T23:38:26.329805+00:00 [running]> on host da9f5d3bcb59
[2024-09-06T00:01:23.809+0000] {taskinstance.py:3122} INFO - Exporting env vars: AIRFLOW_CTX_DAG_OWNER='***' AIRFLOW_CTX_DAG_ID='weather_etl_dag' AIRFLOW_CTX_TASK_ID='insert_weather_data' AIRFLOW_CTX_EXECUTION_DATE='2024-09-05T23:38:26.329805+00:00' AIRFLOW_CTX_TRY_NUMBER='1' AIRFLOW_CTX_DAG_RUN_ID='manual__2024-09-05T23:38:26.329805+00:00'
[2024-09-06T00:01:23.811+0000] {taskinstance.py:731} INFO - ::endgroup::
[2024-09-06T00:01:31.425+0000] {python.py:240} INFO - Done. Returned value was: None
[2024-09-06T00:01:31.443+0000] {taskinstance.py:340} INFO - ::group::Post task execution logs
[2024-09-06T00:01:31.444+0000] {taskinstance.py:352} INFO - Marking task as SUCCESS. dag_id=weather_etl_dag, task_id=insert_weather_data, run_id=manual__2024-09-05T23:38:26.329805+00:00, execution_date=20240905T233826, start_date=20240906T000100, end_date=20240906T000131
[2024-09-06T00:01:31.725+0000] {local_task_job_runner.py:261} INFO - Task exited with return code 0
[2024-09-06T00:01:36.537+0000] {standard_task_runner.py:217} INFO - Process not found (most likely exited), stop collecting metrics
[2024-09-06T00:01:39.929+0000] {taskinstance.py:3891} INFO - 0 downstream tasks scheduled from follow-on schedule check
[2024-09-06T00:01:39.986+0000] {local_task_job_runner.py:240} INFO - ::endgroup::
