[2024-08-17T14:41:34.385+0000] {local_task_job_runner.py:120} INFO - ::group::Pre task execution logs
[2024-08-17T14:41:34.896+0000] {taskinstance.py:2076} INFO - Dependencies all met for dep_context=non-requeueable deps ti=<TaskInstance: weather_etl_dag.fetch_weather_data scheduled__2024-08-16T00:00:00+00:00 [queued]>
[2024-08-17T14:41:34.914+0000] {taskinstance.py:2076} INFO - Dependencies all met for dep_context=requeueable deps ti=<TaskInstance: weather_etl_dag.fetch_weather_data scheduled__2024-08-16T00:00:00+00:00 [queued]>
[2024-08-17T14:41:34.938+0000] {taskinstance.py:2306} INFO - Starting attempt 1 of 2
[2024-08-17T14:41:35.090+0000] {taskinstance.py:2330} INFO - Executing <Task(PythonOperator): fetch_weather_data> on 2024-08-16 00:00:00+00:00
[2024-08-17T14:41:35.098+0000] {warnings.py:112} WARNING - /home/***/.local/lib/python3.12/site-packages/***/task/task_runner/standard_task_runner.py:62: DeprecationWarning: This process (pid=476) is multi-threaded, use of fork() may lead to deadlocks in the child.
  pid = os.fork()

[2024-08-17T14:41:35.100+0000] {standard_task_runner.py:64} INFO - Started process 481 to run task
[2024-08-17T14:41:35.107+0000] {standard_task_runner.py:90} INFO - Running: ['***', 'tasks', 'run', 'weather_etl_dag', 'fetch_weather_data', 'scheduled__2024-08-16T00:00:00+00:00', '--job-id', '170', '--raw', '--subdir', 'DAGS_FOLDER/weather_etl_dag.py', '--cfg-path', '/tmp/tmp_viq_v9e']
[2024-08-17T14:41:35.110+0000] {standard_task_runner.py:91} INFO - Job 170: Subtask fetch_weather_data
[2024-08-17T14:41:35.246+0000] {task_command.py:426} INFO - Running <TaskInstance: weather_etl_dag.fetch_weather_data scheduled__2024-08-16T00:00:00+00:00 [running]> on host 40ce90ebbdd9
[2024-08-17T14:41:35.424+0000] {taskinstance.py:2648} INFO - Exporting env vars: AIRFLOW_CTX_DAG_OWNER='***' AIRFLOW_CTX_DAG_ID='weather_etl_dag' AIRFLOW_CTX_TASK_ID='fetch_weather_data' AIRFLOW_CTX_EXECUTION_DATE='2024-08-16T00:00:00+00:00' AIRFLOW_CTX_TRY_NUMBER='1' AIRFLOW_CTX_DAG_RUN_ID='scheduled__2024-08-16T00:00:00+00:00'
[2024-08-17T14:41:35.428+0000] {taskinstance.py:430} INFO - ::endgroup::
[2024-08-17T14:41:35.446+0000] {logging_mixin.py:188} INFO - recuperando municipios desde xcom
[2024-08-17T14:41:36.196+0000] {logging_mixin.py:188} INFO - numero de municipios recuperados:18
[2024-08-17T14:41:36.336+0000] {logging_mixin.py:188} INFO - Datos de municipios para obtener clima:    cve_mun              nom_mun  lat_decimal  lon_decimal
0        1    AMEALCO DE BONFIL    20.186444  -100.144195
1        2      PINAL DE AMOLES    21.135302   -99.627540
2        3          ARROYO SECO    21.548036   -99.689166
3        4  CADEREYTA DE MONTES    20.695023   -99.815633
4        5                COLON    20.788326  -100.045430
[2024-08-17T14:41:36.347+0000] {logging_mixin.py:188} INFO - Haciendo solicitud a la API para lat: 20.186444, lon: -100.144195
[2024-08-17T14:41:37.423+0000] {logging_mixin.py:188} INFO - respuesta recibida:200
[2024-08-17T14:41:37.424+0000] {logging_mixin.py:188} INFO - Haciendo solicitud a la API para lat: 21.135302, lon: -99.62754
[2024-08-17T14:41:38.264+0000] {logging_mixin.py:188} INFO - respuesta recibida:200
[2024-08-17T14:41:38.265+0000] {logging_mixin.py:188} INFO - Haciendo solicitud a la API para lat: 21.548036, lon: -99.689166
[2024-08-17T14:41:39.253+0000] {logging_mixin.py:188} INFO - respuesta recibida:200
[2024-08-17T14:41:39.255+0000] {logging_mixin.py:188} INFO - Haciendo solicitud a la API para lat: 20.695023, lon: -99.815633
[2024-08-17T14:41:40.252+0000] {logging_mixin.py:188} INFO - respuesta recibida:200
[2024-08-17T14:41:40.254+0000] {logging_mixin.py:188} INFO - Haciendo solicitud a la API para lat: 20.788326, lon: -100.04543
[2024-08-17T14:41:41.228+0000] {logging_mixin.py:188} INFO - respuesta recibida:200
[2024-08-17T14:41:41.229+0000] {logging_mixin.py:188} INFO - Haciendo solicitud a la API para lat: 20.552436, lon: -100.445883
[2024-08-17T14:41:42.071+0000] {logging_mixin.py:188} INFO - respuesta recibida:200
[2024-08-17T14:41:42.072+0000] {logging_mixin.py:188} INFO - Haciendo solicitud a la API para lat: 20.665295, lon: -99.898405
[2024-08-17T14:41:43.104+0000] {logging_mixin.py:188} INFO - respuesta recibida:200
[2024-08-17T14:41:43.107+0000] {logging_mixin.py:188} INFO - Haciendo solicitud a la API para lat: 20.375244, lon: -100.274333
[2024-08-17T14:41:43.966+0000] {logging_mixin.py:188} INFO - respuesta recibida:200
[2024-08-17T14:41:43.968+0000] {logging_mixin.py:188} INFO - Haciendo solicitud a la API para lat: 21.216802, lon: -99.47291
[2024-08-17T14:41:44.949+0000] {logging_mixin.py:188} INFO - respuesta recibida:200
[2024-08-17T14:41:44.951+0000] {logging_mixin.py:188} INFO - Haciendo solicitud a la API para lat: 21.183456, lon: -99.321914
[2024-08-17T14:41:45.938+0000] {logging_mixin.py:188} INFO - respuesta recibida:200
[2024-08-17T14:41:45.940+0000] {logging_mixin.py:188} INFO - Haciendo solicitud a la API para lat: 20.60657, lon: -100.331096
[2024-08-17T14:41:47.092+0000] {logging_mixin.py:188} INFO - respuesta recibida:200
[2024-08-17T14:41:47.094+0000] {logging_mixin.py:188} INFO - Haciendo solicitud a la API para lat: 20.502494, lon: -100.14473
[2024-08-17T14:41:48.002+0000] {logging_mixin.py:188} INFO - respuesta recibida:200
[2024-08-17T14:41:48.003+0000] {logging_mixin.py:188} INFO - Haciendo solicitud a la API para lat: 21.053631, lon: -99.814526
[2024-08-17T14:41:49.025+0000] {logging_mixin.py:188} INFO - respuesta recibida:200
[2024-08-17T14:41:49.027+0000] {logging_mixin.py:188} INFO - Haciendo solicitud a la API para lat: 20.593391, lon: -100.389957
[2024-08-17T14:41:49.866+0000] {logging_mixin.py:188} INFO - respuesta recibida:200
[2024-08-17T14:41:49.868+0000] {logging_mixin.py:188} INFO - Haciendo solicitud a la API para lat: 20.916061, lon: -99.566359
[2024-08-17T14:41:50.780+0000] {logging_mixin.py:188} INFO - respuesta recibida:200
[2024-08-17T14:41:50.782+0000] {logging_mixin.py:188} INFO - Haciendo solicitud a la API para lat: 20.386441, lon: -99.999631
[2024-08-17T14:41:51.657+0000] {logging_mixin.py:188} INFO - respuesta recibida:200
[2024-08-17T14:41:51.659+0000] {logging_mixin.py:188} INFO - Haciendo solicitud a la API para lat: 20.518817, lon: -99.88384
[2024-08-17T14:41:52.736+0000] {logging_mixin.py:188} INFO - respuesta recibida:200
[2024-08-17T14:41:52.738+0000] {logging_mixin.py:188} INFO - Haciendo solicitud a la API para lat: 20.908149, lon: -99.9308
[2024-08-17T14:41:53.717+0000] {logging_mixin.py:188} INFO - respuesta recibida:200
[2024-08-17T14:41:53.720+0000] {logging_mixin.py:188} INFO - Pronosticos obtenidos:18
[2024-08-17T14:41:53.813+0000] {python.py:237} INFO - Done. Returned value was: None
[2024-08-17T14:41:53.816+0000] {taskinstance.py:441} INFO - ::group::Post task execution logs
[2024-08-17T14:41:53.837+0000] {taskinstance.py:1206} INFO - Marking task as SUCCESS. dag_id=weather_etl_dag, task_id=fetch_weather_data, run_id=scheduled__2024-08-16T00:00:00+00:00, execution_date=20240816T000000, start_date=20240817T144134, end_date=20240817T144153
[2024-08-17T14:41:53.936+0000] {local_task_job_runner.py:243} INFO - Task exited with return code 0
[2024-08-17T14:41:53.969+0000] {taskinstance.py:3503} INFO - 1 downstream tasks scheduled from follow-on schedule check
[2024-08-17T14:41:54.447+0000] {local_task_job_runner.py:222} INFO - ::endgroup::
[2024-09-05T18:16:02.978+0000] {local_task_job_runner.py:123} INFO - ::group::Pre task execution logs
[2024-09-05T18:16:03.045+0000] {taskinstance.py:2603} INFO - Dependencies all met for dep_context=non-requeueable deps ti=<TaskInstance: weather_etl_dag.fetch_weather_data scheduled__2024-08-16T00:00:00+00:00 [queued]>
[2024-09-05T18:16:03.075+0000] {taskinstance.py:2603} INFO - Dependencies all met for dep_context=requeueable deps ti=<TaskInstance: weather_etl_dag.fetch_weather_data scheduled__2024-08-16T00:00:00+00:00 [queued]>
[2024-09-05T18:16:03.075+0000] {taskinstance.py:2856} INFO - Starting attempt 1 of 2
[2024-09-05T18:16:03.160+0000] {taskinstance.py:2879} INFO - Executing <Task(PythonOperator): fetch_weather_data> on 2024-08-16 00:00:00+00:00
[2024-09-05T18:16:03.166+0000] {warnings.py:112} WARNING - /usr/local/lib/python3.12/site-packages/***/task/task_runner/standard_task_runner.py:70: DeprecationWarning: This process (pid=890) is multi-threaded, use of fork() may lead to deadlocks in the child.
  pid = os.fork()

[2024-09-05T18:16:03.170+0000] {standard_task_runner.py:72} INFO - Started process 894 to run task
[2024-09-05T18:16:03.174+0000] {standard_task_runner.py:104} INFO - Running: ['***', 'tasks', 'run', 'weather_etl_dag', 'fetch_weather_data', 'scheduled__2024-08-16T00:00:00+00:00', '--job-id', '81', '--raw', '--subdir', 'DAGS_FOLDER/weather_etl_dag.py', '--cfg-path', '/tmp/tmpx0btj6gq']
[2024-09-05T18:16:03.177+0000] {standard_task_runner.py:105} INFO - Job 81: Subtask fetch_weather_data
[2024-09-05T18:16:03.393+0000] {task_command.py:467} INFO - Running <TaskInstance: weather_etl_dag.fetch_weather_data scheduled__2024-08-16T00:00:00+00:00 [running]> on host 0b8eaea5e88c
[2024-09-05T18:16:03.977+0000] {taskinstance.py:3122} INFO - Exporting env vars: AIRFLOW_CTX_DAG_OWNER='***' AIRFLOW_CTX_DAG_ID='weather_etl_dag' AIRFLOW_CTX_TASK_ID='fetch_weather_data' AIRFLOW_CTX_EXECUTION_DATE='2024-08-16T00:00:00+00:00' AIRFLOW_CTX_TRY_NUMBER='1' AIRFLOW_CTX_DAG_RUN_ID='scheduled__2024-08-16T00:00:00+00:00'
[2024-09-05T18:16:03.981+0000] {taskinstance.py:731} INFO - ::endgroup::
[2024-09-05T18:16:04.008+0000] {logging_mixin.py:190} INFO - Recuperando municipios desde XCom
[2024-09-05T18:16:04.146+0000] {logging_mixin.py:190} INFO - Número de municipios recuperados: 18
[2024-09-05T18:16:04.160+0000] {logging_mixin.py:190} INFO - Datos de municipios para obtener clima:    cve_mun              nom_mun  lat_decimal  lon_decimal
0        1    AMEALCO DE BONFIL    20.186444  -100.144195
1        2      PINAL DE AMOLES    21.135302   -99.627540
2        3          ARROYO SECO    21.548036   -99.689166
3        4  CADEREYTA DE MONTES    20.695023   -99.815633
4        5                COLON    20.788326  -100.045430
[2024-09-05T18:16:04.177+0000] {logging_mixin.py:190} INFO - Haciendo solicitud a la API para lat: 20.186444, lon: -100.144195
[2024-09-05T18:16:05.100+0000] {logging_mixin.py:190} INFO - Respuesta recibida: 200
[2024-09-05T18:16:05.101+0000] {logging_mixin.py:190} INFO - Haciendo solicitud a la API para lat: 21.135302, lon: -99.62754
[2024-09-05T18:16:05.995+0000] {logging_mixin.py:190} INFO - Respuesta recibida: 200
[2024-09-05T18:16:06.000+0000] {logging_mixin.py:190} INFO - Haciendo solicitud a la API para lat: 21.548036, lon: -99.689166
[2024-09-05T18:16:06.798+0000] {logging_mixin.py:190} INFO - Respuesta recibida: 200
[2024-09-05T18:16:06.799+0000] {logging_mixin.py:190} INFO - Haciendo solicitud a la API para lat: 20.695023, lon: -99.815633
[2024-09-05T18:16:07.631+0000] {logging_mixin.py:190} INFO - Respuesta recibida: 200
[2024-09-05T18:16:07.633+0000] {logging_mixin.py:190} INFO - Haciendo solicitud a la API para lat: 20.788326, lon: -100.04543
[2024-09-05T18:16:08.443+0000] {logging_mixin.py:190} INFO - Respuesta recibida: 200
[2024-09-05T18:16:08.444+0000] {logging_mixin.py:190} INFO - Haciendo solicitud a la API para lat: 20.552436, lon: -100.445883
[2024-09-05T18:16:09.301+0000] {logging_mixin.py:190} INFO - Respuesta recibida: 200
[2024-09-05T18:16:09.306+0000] {logging_mixin.py:190} INFO - Haciendo solicitud a la API para lat: 20.665295, lon: -99.898405
[2024-09-05T18:16:10.055+0000] {logging_mixin.py:190} INFO - Respuesta recibida: 200
[2024-09-05T18:16:10.064+0000] {logging_mixin.py:190} INFO - Haciendo solicitud a la API para lat: 20.375244, lon: -100.274333
[2024-09-05T18:16:10.900+0000] {logging_mixin.py:190} INFO - Respuesta recibida: 200
[2024-09-05T18:16:10.901+0000] {logging_mixin.py:190} INFO - Haciendo solicitud a la API para lat: 21.216802, lon: -99.47291
[2024-09-05T18:16:11.731+0000] {logging_mixin.py:190} INFO - Respuesta recibida: 200
[2024-09-05T18:16:11.732+0000] {logging_mixin.py:190} INFO - Haciendo solicitud a la API para lat: 21.183456, lon: -99.321914
[2024-09-05T18:16:12.531+0000] {logging_mixin.py:190} INFO - Respuesta recibida: 200
[2024-09-05T18:16:12.533+0000] {logging_mixin.py:190} INFO - Haciendo solicitud a la API para lat: 20.60657, lon: -100.331096
[2024-09-05T18:16:13.348+0000] {logging_mixin.py:190} INFO - Respuesta recibida: 200
[2024-09-05T18:16:13.350+0000] {logging_mixin.py:190} INFO - Haciendo solicitud a la API para lat: 20.502494, lon: -100.14473
[2024-09-05T18:16:14.089+0000] {logging_mixin.py:190} INFO - Respuesta recibida: 200
[2024-09-05T18:16:14.091+0000] {logging_mixin.py:190} INFO - Haciendo solicitud a la API para lat: 21.053631, lon: -99.814526
[2024-09-05T18:16:14.996+0000] {logging_mixin.py:190} INFO - Respuesta recibida: 200
[2024-09-05T18:16:15.019+0000] {logging_mixin.py:190} INFO - Haciendo solicitud a la API para lat: 20.593391, lon: -100.389957
[2024-09-05T18:16:15.876+0000] {logging_mixin.py:190} INFO - Respuesta recibida: 200
[2024-09-05T18:16:16.370+0000] {logging_mixin.py:190} INFO - Haciendo solicitud a la API para lat: 20.916061, lon: -99.566359
[2024-09-05T18:16:17.256+0000] {logging_mixin.py:190} INFO - Respuesta recibida: 200
[2024-09-05T18:16:17.258+0000] {logging_mixin.py:190} INFO - Haciendo solicitud a la API para lat: 20.386441, lon: -99.999631
[2024-09-05T18:16:18.077+0000] {logging_mixin.py:190} INFO - Respuesta recibida: 200
[2024-09-05T18:16:18.081+0000] {logging_mixin.py:190} INFO - Haciendo solicitud a la API para lat: 20.518817, lon: -99.88384
[2024-09-05T18:16:19.197+0000] {logging_mixin.py:190} INFO - Respuesta recibida: 200
[2024-09-05T18:16:19.199+0000] {logging_mixin.py:190} INFO - Haciendo solicitud a la API para lat: 20.908149, lon: -99.9308
[2024-09-05T18:16:20.005+0000] {logging_mixin.py:190} INFO - Respuesta recibida: 200
[2024-09-05T18:16:20.022+0000] {logging_mixin.py:190} INFO - Pronósticos obtenidos: 18
[2024-09-05T18:16:20.092+0000] {python.py:240} INFO - Done. Returned value was: None
[2024-09-05T18:16:20.112+0000] {taskinstance.py:340} INFO - ::group::Post task execution logs
[2024-09-05T18:16:20.114+0000] {taskinstance.py:352} INFO - Marking task as SUCCESS. dag_id=weather_etl_dag, task_id=fetch_weather_data, run_id=scheduled__2024-08-16T00:00:00+00:00, execution_date=20240816T000000, start_date=20240905T181603, end_date=20240905T181620
[2024-09-05T18:16:20.401+0000] {local_task_job_runner.py:261} INFO - Task exited with return code 0
[2024-09-05T18:16:20.439+0000] {taskinstance.py:3891} INFO - 1 downstream tasks scheduled from follow-on schedule check
[2024-09-05T18:16:20.477+0000] {local_task_job_runner.py:240} INFO - ::endgroup::
