[2024-08-14T04:49:17.921+0000] {local_task_job_runner.py:120} INFO - ::group::Pre task execution logs
[2024-08-14T04:49:18.241+0000] {taskinstance.py:2076} INFO - Dependencies all met for dep_context=non-requeueable deps ti=<TaskInstance: weather_etl_dag.fetch_weather_data manual__2024-08-14T04:48:26.879372+00:00 [queued]>
[2024-08-14T04:49:18.253+0000] {taskinstance.py:2076} INFO - Dependencies all met for dep_context=requeueable deps ti=<TaskInstance: weather_etl_dag.fetch_weather_data manual__2024-08-14T04:48:26.879372+00:00 [queued]>
[2024-08-14T04:49:18.258+0000] {taskinstance.py:2306} INFO - Starting attempt 1 of 2
[2024-08-14T04:49:18.382+0000] {taskinstance.py:2330} INFO - Executing <Task(PythonOperator): fetch_weather_data> on 2024-08-14 04:48:26.879372+00:00
[2024-08-14T04:49:18.391+0000] {warnings.py:112} WARNING - /home/***/.local/lib/python3.12/site-packages/***/task/task_runner/standard_task_runner.py:62: DeprecationWarning: This process (pid=3727) is multi-threaded, use of fork() may lead to deadlocks in the child.
  pid = os.fork()

[2024-08-14T04:49:18.393+0000] {standard_task_runner.py:64} INFO - Started process 3729 to run task
[2024-08-14T04:49:18.399+0000] {standard_task_runner.py:90} INFO - Running: ['***', 'tasks', 'run', 'weather_etl_dag', 'fetch_weather_data', 'manual__2024-08-14T04:48:26.879372+00:00', '--job-id', '111', '--raw', '--subdir', 'DAGS_FOLDER/weather_etl_dag.py', '--cfg-path', '/tmp/tmpazwvc2q1']
[2024-08-14T04:49:18.402+0000] {standard_task_runner.py:91} INFO - Job 111: Subtask fetch_weather_data
[2024-08-14T04:49:18.503+0000] {task_command.py:426} INFO - Running <TaskInstance: weather_etl_dag.fetch_weather_data manual__2024-08-14T04:48:26.879372+00:00 [running]> on host 712d18ef94ea
[2024-08-14T04:49:18.726+0000] {taskinstance.py:2648} INFO - Exporting env vars: AIRFLOW_CTX_DAG_OWNER='***' AIRFLOW_CTX_DAG_ID='weather_etl_dag' AIRFLOW_CTX_TASK_ID='fetch_weather_data' AIRFLOW_CTX_EXECUTION_DATE='2024-08-14T04:48:26.879372+00:00' AIRFLOW_CTX_TRY_NUMBER='1' AIRFLOW_CTX_DAG_RUN_ID='manual__2024-08-14T04:48:26.879372+00:00'
[2024-08-14T04:49:18.728+0000] {taskinstance.py:430} INFO - ::endgroup::
[2024-08-14T04:49:18.745+0000] {logging_mixin.py:188} INFO - recuperando municipios desde xcom
[2024-08-14T04:49:18.801+0000] {logging_mixin.py:188} INFO - numero de municipios recuperados:18
[2024-08-14T04:49:18.814+0000] {logging_mixin.py:188} INFO - Datos de municipios para obtener clima:    cve_mun              nom_mun  lat_decimal  lon_decimal
0        1    AMEALCO DE BONFIL    20.186444  -100.144195
1        2      PINAL DE AMOLES    21.135302   -99.627540
2        3          ARROYO SECO    21.548036   -99.689166
3        4  CADEREYTA DE MONTES    20.695023   -99.815633
4        5                COLON    20.788326  -100.045430
[2024-08-14T04:49:18.825+0000] {logging_mixin.py:188} INFO - Haciendo solicitud a la API para lat: 20.186444, lon: -100.144195
[2024-08-14T04:49:20.086+0000] {logging_mixin.py:188} INFO - respuesta recibida:200
[2024-08-14T04:49:20.088+0000] {logging_mixin.py:188} INFO - Haciendo solicitud a la API para lat: 21.135302, lon: -99.62754
[2024-08-14T04:49:21.267+0000] {logging_mixin.py:188} INFO - respuesta recibida:200
[2024-08-14T04:49:21.268+0000] {logging_mixin.py:188} INFO - Haciendo solicitud a la API para lat: 21.548036, lon: -99.689166
[2024-08-14T04:49:22.220+0000] {logging_mixin.py:188} INFO - respuesta recibida:200
[2024-08-14T04:49:22.232+0000] {logging_mixin.py:188} INFO - Haciendo solicitud a la API para lat: 20.695023, lon: -99.815633
[2024-08-14T04:49:23.944+0000] {logging_mixin.py:188} INFO - respuesta recibida:200
[2024-08-14T04:49:23.946+0000] {logging_mixin.py:188} INFO - Haciendo solicitud a la API para lat: 20.788326, lon: -100.04543
[2024-08-14T04:49:24.922+0000] {logging_mixin.py:188} INFO - respuesta recibida:200
[2024-08-14T04:49:24.924+0000] {logging_mixin.py:188} INFO - Haciendo solicitud a la API para lat: 20.552436, lon: -100.445883
[2024-08-14T04:49:25.876+0000] {logging_mixin.py:188} INFO - respuesta recibida:200
[2024-08-14T04:49:25.878+0000] {logging_mixin.py:188} INFO - Haciendo solicitud a la API para lat: 20.665295, lon: -99.898405
[2024-08-14T04:49:26.843+0000] {logging_mixin.py:188} INFO - respuesta recibida:200
[2024-08-14T04:49:26.846+0000] {logging_mixin.py:188} INFO - Haciendo solicitud a la API para lat: 20.375244, lon: -100.274333
[2024-08-14T04:49:27.775+0000] {logging_mixin.py:188} INFO - respuesta recibida:200
[2024-08-14T04:49:27.879+0000] {logging_mixin.py:188} INFO - Haciendo solicitud a la API para lat: 21.216802, lon: -99.47291
[2024-08-14T04:49:28.811+0000] {logging_mixin.py:188} INFO - respuesta recibida:200
[2024-08-14T04:49:28.813+0000] {logging_mixin.py:188} INFO - Haciendo solicitud a la API para lat: 21.183456, lon: -99.321914
[2024-08-14T04:49:29.796+0000] {logging_mixin.py:188} INFO - respuesta recibida:200
[2024-08-14T04:49:29.798+0000] {logging_mixin.py:188} INFO - Haciendo solicitud a la API para lat: 20.60657, lon: -100.331096
[2024-08-14T04:49:30.744+0000] {logging_mixin.py:188} INFO - respuesta recibida:200
[2024-08-14T04:49:30.746+0000] {logging_mixin.py:188} INFO - Haciendo solicitud a la API para lat: 20.502494, lon: -100.14473
[2024-08-14T04:49:31.755+0000] {logging_mixin.py:188} INFO - respuesta recibida:200
[2024-08-14T04:49:31.760+0000] {logging_mixin.py:188} INFO - Haciendo solicitud a la API para lat: 21.053631, lon: -99.814526
[2024-08-14T04:49:32.597+0000] {logging_mixin.py:188} INFO - respuesta recibida:200
[2024-08-14T04:49:32.603+0000] {logging_mixin.py:188} INFO - Haciendo solicitud a la API para lat: 20.593391, lon: -100.389957
[2024-08-14T04:49:33.439+0000] {logging_mixin.py:188} INFO - respuesta recibida:200
[2024-08-14T04:49:33.441+0000] {logging_mixin.py:188} INFO - Haciendo solicitud a la API para lat: 20.916061, lon: -99.566359
[2024-08-14T04:49:34.873+0000] {logging_mixin.py:188} INFO - respuesta recibida:200
[2024-08-14T04:49:34.875+0000] {logging_mixin.py:188} INFO - Haciendo solicitud a la API para lat: 20.386441, lon: -99.999631
[2024-08-14T04:49:35.834+0000] {logging_mixin.py:188} INFO - respuesta recibida:200
[2024-08-14T04:49:35.837+0000] {logging_mixin.py:188} INFO - Haciendo solicitud a la API para lat: 20.518817, lon: -99.88384
[2024-08-14T04:49:36.775+0000] {logging_mixin.py:188} INFO - respuesta recibida:200
[2024-08-14T04:49:36.779+0000] {logging_mixin.py:188} INFO - Haciendo solicitud a la API para lat: 20.908149, lon: -99.9308
[2024-08-14T04:49:37.727+0000] {logging_mixin.py:188} INFO - respuesta recibida:200
[2024-08-14T04:49:37.730+0000] {logging_mixin.py:188} INFO - Pronosticos obtenidos:18
[2024-08-14T04:49:37.862+0000] {python.py:237} INFO - Done. Returned value was: None
[2024-08-14T04:49:37.871+0000] {taskinstance.py:441} INFO - ::group::Post task execution logs
[2024-08-14T04:49:37.894+0000] {taskinstance.py:1206} INFO - Marking task as SUCCESS. dag_id=weather_etl_dag, task_id=fetch_weather_data, run_id=manual__2024-08-14T04:48:26.879372+00:00, execution_date=20240814T044826, start_date=20240814T044918, end_date=20240814T044937
[2024-08-14T04:49:38.011+0000] {local_task_job_runner.py:243} INFO - Task exited with return code 0
[2024-08-14T04:49:38.038+0000] {taskinstance.py:3503} INFO - 1 downstream tasks scheduled from follow-on schedule check
[2024-08-14T04:49:38.072+0000] {local_task_job_runner.py:222} INFO - ::endgroup::
