[2024-09-05T00:48:13.025+0000] {local_task_job_runner.py:123} INFO - ::group::Pre task execution logs
[2024-09-05T00:48:13.132+0000] {taskinstance.py:2603} INFO - Dependencies all met for dep_context=non-requeueable deps ti=<TaskInstance: weather_etl_dag.map_sequia_indicator manual__2024-09-05T00:27:08.901871+00:00 [queued]>
[2024-09-05T00:48:13.183+0000] {taskinstance.py:2603} INFO - Dependencies all met for dep_context=requeueable deps ti=<TaskInstance: weather_etl_dag.map_sequia_indicator manual__2024-09-05T00:27:08.901871+00:00 [queued]>
[2024-09-05T00:48:13.198+0000] {taskinstance.py:2856} INFO - Starting attempt 1 of 2
[2024-09-05T00:48:13.291+0000] {taskinstance.py:2879} INFO - Executing <Task(PythonOperator): map_sequia_indicator> on 2024-09-05 00:27:08.901871+00:00
[2024-09-05T00:48:13.307+0000] {warnings.py:112} WARNING - /usr/local/lib/python3.12/site-packages/***/task/task_runner/standard_task_runner.py:70: DeprecationWarning: This process (pid=911) is multi-threaded, use of fork() may lead to deadlocks in the child.
  pid = os.fork()

[2024-09-05T00:48:13.310+0000] {standard_task_runner.py:104} INFO - Running: ['***', 'tasks', 'run', 'weather_etl_dag', 'map_sequia_indicator', 'manual__2024-09-05T00:27:08.901871+00:00', '--job-id', '107', '--raw', '--subdir', 'DAGS_FOLDER/weather_etl_dag.py', '--cfg-path', '/tmp/tmpjbngyxzd']
[2024-09-05T00:48:13.337+0000] {standard_task_runner.py:72} INFO - Started process 913 to run task
[2024-09-05T00:48:13.385+0000] {standard_task_runner.py:105} INFO - Job 107: Subtask map_sequia_indicator
[2024-09-05T00:48:13.652+0000] {task_command.py:467} INFO - Running <TaskInstance: weather_etl_dag.map_sequia_indicator manual__2024-09-05T00:27:08.901871+00:00 [running]> on host b778581f4b0f
[2024-09-05T00:48:14.059+0000] {taskinstance.py:3122} INFO - Exporting env vars: AIRFLOW_CTX_DAG_OWNER='***' AIRFLOW_CTX_DAG_ID='weather_etl_dag' AIRFLOW_CTX_TASK_ID='map_sequia_indicator' AIRFLOW_CTX_EXECUTION_DATE='2024-09-05T00:27:08.901871+00:00' AIRFLOW_CTX_TRY_NUMBER='1' AIRFLOW_CTX_DAG_RUN_ID='manual__2024-09-05T00:27:08.901871+00:00'
[2024-09-05T00:48:14.142+0000] {taskinstance.py:731} INFO - ::endgroup::
[2024-09-05T00:48:14.552+0000] {logging_mixin.py:190} INFO - Pronósticos clima antes de mapear sequía:    cve_mun            municipio fecha_pronostico indicador_sequia
0        1    Amealco De Bonfil       2024-09-04             None
1        2      Pinal De Amoles       2024-09-04             None
2        3          Arroyo Seco       2024-09-04             None
3        4  Cadereyta De Montes       2024-09-04             None
4        5                Colon       2024-09-04             None
[2024-09-05T00:48:14.570+0000] {logging_mixin.py:190} INFO - Datos de sequía para mapear:    cve_mun          nombre_mun  cve_ent               entidad       fecha valor
0        1   Amealco de Bonfil       22  Querétaro de Arteaga  2003-03-31    D0
1       10  Landa de Matamoros       22  Querétaro de Arteaga  2003-06-30    D0
2        2     Pinal de Amoles       22  Querétaro de Arteaga  2004-09-30    D0
3        3         Arroyo Seco       22  Querétaro de Arteaga  2004-09-30    D0
4        9     Jalpan de Serra       22  Querétaro de Arteaga  2004-09-30    D0
[2024-09-05T00:48:14.591+0000] {logging_mixin.py:190} INFO - Pronósticos clima después de mapear sequía:    cve_mun            municipio fecha_pronostico indicador_sequia
0        1    Amealco De Bonfil       2024-09-04               D4
1        2      Pinal De Amoles       2024-09-04               D1
2        3          Arroyo Seco       2024-09-04               D0
3        4  Cadereyta De Montes       2024-09-04               D3
4        5                Colon       2024-09-04               D4
[2024-09-05T00:48:14.669+0000] {python.py:240} INFO - Done. Returned value was: None
[2024-09-05T00:48:14.736+0000] {taskinstance.py:340} INFO - ::group::Post task execution logs
[2024-09-05T00:48:14.736+0000] {taskinstance.py:352} INFO - Marking task as SUCCESS. dag_id=weather_etl_dag, task_id=map_sequia_indicator, run_id=manual__2024-09-05T00:27:08.901871+00:00, execution_date=20240905T002708, start_date=20240905T004813, end_date=20240905T004814
[2024-09-05T00:48:14.880+0000] {local_task_job_runner.py:261} INFO - Task exited with return code 0
[2024-09-05T00:48:14.927+0000] {local_task_job_runner.py:240} INFO - ::endgroup::
