[2024-08-23T02:08:46.055+0000] {local_task_job_runner.py:120} INFO - ::group::Pre task execution logs
[2024-08-23T02:08:46.149+0000] {taskinstance.py:2076} INFO - Dependencies all met for dep_context=non-requeueable deps ti=<TaskInstance: weather_etl_dag.fetch_weather_data scheduled__2024-08-22T00:00:00+00:00 [queued]>
[2024-08-23T02:08:46.184+0000] {taskinstance.py:2076} INFO - Dependencies all met for dep_context=requeueable deps ti=<TaskInstance: weather_etl_dag.fetch_weather_data scheduled__2024-08-22T00:00:00+00:00 [queued]>
[2024-08-23T02:08:46.196+0000] {taskinstance.py:2306} INFO - Starting attempt 1 of 2
[2024-08-23T02:08:47.398+0000] {taskinstance.py:2330} INFO - Executing <Task(PythonOperator): fetch_weather_data> on 2024-08-22 00:00:00+00:00
[2024-08-23T02:08:47.409+0000] {warnings.py:112} WARNING - /home/***/.local/lib/python3.12/site-packages/***/task/task_runner/standard_task_runner.py:62: DeprecationWarning: This process (pid=258) is multi-threaded, use of fork() may lead to deadlocks in the child.
  pid = os.fork()

[2024-08-23T02:08:47.412+0000] {standard_task_runner.py:90} INFO - Running: ['***', 'tasks', 'run', 'weather_etl_dag', 'fetch_weather_data', 'scheduled__2024-08-22T00:00:00+00:00', '--job-id', '330', '--raw', '--subdir', 'DAGS_FOLDER/weather_etl_dag.py', '--cfg-path', '/tmp/tmpowjawigu']
[2024-08-23T02:08:47.416+0000] {standard_task_runner.py:64} INFO - Started process 260 to run task
[2024-08-23T02:08:47.417+0000] {standard_task_runner.py:91} INFO - Job 330: Subtask fetch_weather_data
[2024-08-23T02:08:48.168+0000] {task_command.py:426} INFO - Running <TaskInstance: weather_etl_dag.fetch_weather_data scheduled__2024-08-22T00:00:00+00:00 [running]> on host b7290fbe53d7
[2024-08-23T02:08:48.827+0000] {taskinstance.py:2648} INFO - Exporting env vars: AIRFLOW_CTX_DAG_OWNER='***' AIRFLOW_CTX_DAG_ID='weather_etl_dag' AIRFLOW_CTX_TASK_ID='fetch_weather_data' AIRFLOW_CTX_EXECUTION_DATE='2024-08-22T00:00:00+00:00' AIRFLOW_CTX_TRY_NUMBER='1' AIRFLOW_CTX_DAG_RUN_ID='scheduled__2024-08-22T00:00:00+00:00'
[2024-08-23T02:08:48.832+0000] {taskinstance.py:430} INFO - ::endgroup::
[2024-08-23T02:08:48.856+0000] {logging_mixin.py:188} INFO - recuperando municipios desde xcom
[2024-08-23T02:08:55.211+0000] {logging_mixin.py:188} INFO - numero de municipios recuperados:18
[2024-08-23T02:08:55.267+0000] {logging_mixin.py:188} INFO - Datos de municipios para obtener clima:    cve_mun              nom_mun  lat_decimal  lon_decimal
0        1    AMEALCO DE BONFIL    20.186444  -100.144195
1        2      PINAL DE AMOLES    21.135302   -99.627540
2        3          ARROYO SECO    21.548036   -99.689166
3        4  CADEREYTA DE MONTES    20.695023   -99.815633
4        5                COLON    20.788326  -100.045430
[2024-08-23T02:08:55.298+0000] {logging_mixin.py:188} INFO - Haciendo solicitud a la API para lat: 20.186444, lon: -100.144195
[2024-08-23T02:08:56.407+0000] {logging_mixin.py:188} INFO - respuesta recibida:200
[2024-08-23T02:08:56.409+0000] {logging_mixin.py:188} INFO - Haciendo solicitud a la API para lat: 21.135302, lon: -99.62754
[2024-08-23T02:08:57.566+0000] {logging_mixin.py:188} INFO - respuesta recibida:200
[2024-08-23T02:08:57.583+0000] {logging_mixin.py:188} INFO - Haciendo solicitud a la API para lat: 21.548036, lon: -99.689166
[2024-08-23T02:08:58.376+0000] {logging_mixin.py:188} INFO - respuesta recibida:200
[2024-08-23T02:08:58.378+0000] {logging_mixin.py:188} INFO - Haciendo solicitud a la API para lat: 20.695023, lon: -99.815633
[2024-08-23T02:08:59.186+0000] {logging_mixin.py:188} INFO - respuesta recibida:200
[2024-08-23T02:08:59.187+0000] {logging_mixin.py:188} INFO - Haciendo solicitud a la API para lat: 20.788326, lon: -100.04543
[2024-08-23T02:09:00.000+0000] {logging_mixin.py:188} INFO - respuesta recibida:200
[2024-08-23T02:09:00.001+0000] {logging_mixin.py:188} INFO - Haciendo solicitud a la API para lat: 20.552436, lon: -100.445883
[2024-08-23T02:09:00.853+0000] {logging_mixin.py:188} INFO - respuesta recibida:200
[2024-08-23T02:09:00.854+0000] {logging_mixin.py:188} INFO - Haciendo solicitud a la API para lat: 20.665295, lon: -99.898405
[2024-08-23T02:09:01.743+0000] {logging_mixin.py:188} INFO - respuesta recibida:200
[2024-08-23T02:09:01.747+0000] {logging_mixin.py:188} INFO - Haciendo solicitud a la API para lat: 20.375244, lon: -100.274333
[2024-08-23T02:09:03.266+0000] {logging_mixin.py:188} INFO - respuesta recibida:200
[2024-08-23T02:09:03.268+0000] {logging_mixin.py:188} INFO - Haciendo solicitud a la API para lat: 21.216802, lon: -99.47291
[2024-08-23T02:09:04.181+0000] {logging_mixin.py:188} INFO - respuesta recibida:200
[2024-08-23T02:09:04.183+0000] {logging_mixin.py:188} INFO - Haciendo solicitud a la API para lat: 21.183456, lon: -99.321914
[2024-08-23T02:09:04.991+0000] {logging_mixin.py:188} INFO - respuesta recibida:200
[2024-08-23T02:09:04.992+0000] {logging_mixin.py:188} INFO - Haciendo solicitud a la API para lat: 20.60657, lon: -100.331096
[2024-08-23T02:09:05.852+0000] {logging_mixin.py:188} INFO - respuesta recibida:200
[2024-08-23T02:09:05.853+0000] {logging_mixin.py:188} INFO - Haciendo solicitud a la API para lat: 20.502494, lon: -100.14473
[2024-08-23T02:09:06.599+0000] {logging_mixin.py:188} INFO - respuesta recibida:200
[2024-08-23T02:09:06.601+0000] {logging_mixin.py:188} INFO - Haciendo solicitud a la API para lat: 21.053631, lon: -99.814526
[2024-08-23T02:09:07.441+0000] {logging_mixin.py:188} INFO - respuesta recibida:200
[2024-08-23T02:09:07.443+0000] {logging_mixin.py:188} INFO - Haciendo solicitud a la API para lat: 20.593391, lon: -100.389957
[2024-08-23T02:09:08.295+0000] {logging_mixin.py:188} INFO - respuesta recibida:200
[2024-08-23T02:09:08.297+0000] {logging_mixin.py:188} INFO - Haciendo solicitud a la API para lat: 20.916061, lon: -99.566359
[2024-08-23T02:09:09.119+0000] {logging_mixin.py:188} INFO - respuesta recibida:200
[2024-08-23T02:09:09.121+0000] {logging_mixin.py:188} INFO - Haciendo solicitud a la API para lat: 20.386441, lon: -99.999631
[2024-08-23T02:09:09.987+0000] {logging_mixin.py:188} INFO - respuesta recibida:200
[2024-08-23T02:09:09.988+0000] {logging_mixin.py:188} INFO - Haciendo solicitud a la API para lat: 20.518817, lon: -99.88384
[2024-08-23T02:09:10.802+0000] {logging_mixin.py:188} INFO - respuesta recibida:200
[2024-08-23T02:09:10.804+0000] {logging_mixin.py:188} INFO - Haciendo solicitud a la API para lat: 20.908149, lon: -99.9308
[2024-08-23T02:09:11.561+0000] {logging_mixin.py:188} INFO - respuesta recibida:200
[2024-08-23T02:09:11.564+0000] {logging_mixin.py:188} INFO - Pronosticos obtenidos:18
[2024-08-23T02:09:11.773+0000] {python.py:237} INFO - Done. Returned value was: None
[2024-08-23T02:09:11.778+0000] {taskinstance.py:441} INFO - ::group::Post task execution logs
[2024-08-23T02:09:11.785+0000] {taskinstance.py:1206} INFO - Marking task as SUCCESS. dag_id=weather_etl_dag, task_id=fetch_weather_data, run_id=scheduled__2024-08-22T00:00:00+00:00, execution_date=20240822T000000, start_date=20240823T020846, end_date=20240823T020911
[2024-08-23T02:09:11.918+0000] {local_task_job_runner.py:243} INFO - Task exited with return code 0
[2024-08-23T02:09:11.947+0000] {taskinstance.py:3503} INFO - 1 downstream tasks scheduled from follow-on schedule check
[2024-08-23T02:09:12.007+0000] {local_task_job_runner.py:222} INFO - ::endgroup::
[2024-09-05T23:43:22.381+0000] {local_task_job_runner.py:123} INFO - ::group::Pre task execution logs
[2024-09-05T23:43:22.620+0000] {taskinstance.py:2603} INFO - Dependencies all met for dep_context=non-requeueable deps ti=<TaskInstance: weather_etl_dag.fetch_weather_data scheduled__2024-08-22T00:00:00+00:00 [queued]>
[2024-09-05T23:43:22.645+0000] {taskinstance.py:2603} INFO - Dependencies all met for dep_context=requeueable deps ti=<TaskInstance: weather_etl_dag.fetch_weather_data scheduled__2024-08-22T00:00:00+00:00 [queued]>
[2024-09-05T23:43:22.646+0000] {taskinstance.py:2856} INFO - Starting attempt 1 of 2
[2024-09-05T23:43:22.829+0000] {taskinstance.py:2879} INFO - Executing <Task(PythonOperator): fetch_weather_data> on 2024-08-22 00:00:00+00:00
[2024-09-05T23:43:22.855+0000] {standard_task_runner.py:104} INFO - Running: ['***', 'tasks', 'run', 'weather_etl_dag', 'fetch_weather_data', 'scheduled__2024-08-22T00:00:00+00:00', '--job-id', '145', '--raw', '--subdir', 'DAGS_FOLDER/weather_etl_dag.py', '--cfg-path', '/tmp/tmp3l3976ax']
[2024-09-05T23:43:22.887+0000] {warnings.py:112} WARNING - /usr/local/lib/python3.12/site-packages/***/task/task_runner/standard_task_runner.py:70: DeprecationWarning: This process (pid=222) is multi-threaded, use of fork() may lead to deadlocks in the child.
  pid = os.fork()

[2024-09-05T23:43:22.927+0000] {standard_task_runner.py:72} INFO - Started process 224 to run task
[2024-09-05T23:43:22.927+0000] {standard_task_runner.py:105} INFO - Job 145: Subtask fetch_weather_data
[2024-09-05T23:43:23.160+0000] {task_command.py:467} INFO - Running <TaskInstance: weather_etl_dag.fetch_weather_data scheduled__2024-08-22T00:00:00+00:00 [running]> on host da9f5d3bcb59
[2024-09-05T23:43:23.757+0000] {taskinstance.py:3122} INFO - Exporting env vars: AIRFLOW_CTX_DAG_OWNER='***' AIRFLOW_CTX_DAG_ID='weather_etl_dag' AIRFLOW_CTX_TASK_ID='fetch_weather_data' AIRFLOW_CTX_EXECUTION_DATE='2024-08-22T00:00:00+00:00' AIRFLOW_CTX_TRY_NUMBER='1' AIRFLOW_CTX_DAG_RUN_ID='scheduled__2024-08-22T00:00:00+00:00'
[2024-09-05T23:43:23.761+0000] {taskinstance.py:731} INFO - ::endgroup::
[2024-09-05T23:43:36.620+0000] {python.py:240} INFO - Done. Returned value was: None
[2024-09-05T23:43:36.637+0000] {taskinstance.py:340} INFO - ::group::Post task execution logs
[2024-09-05T23:43:36.637+0000] {taskinstance.py:352} INFO - Marking task as SUCCESS. dag_id=weather_etl_dag, task_id=fetch_weather_data, run_id=scheduled__2024-08-22T00:00:00+00:00, execution_date=20240822T000000, start_date=20240905T234322, end_date=20240905T234336
[2024-09-05T23:43:36.799+0000] {local_task_job_runner.py:261} INFO - Task exited with return code 0
[2024-09-05T23:43:37.273+0000] {taskinstance.py:3891} INFO - 1 downstream tasks scheduled from follow-on schedule check
[2024-09-05T23:43:37.407+0000] {local_task_job_runner.py:240} INFO - ::endgroup::
