[2024-08-14T02:37:49.551+0000] {local_task_job_runner.py:120} INFO - ::group::Pre task execution logs
[2024-08-14T02:37:50.013+0000] {taskinstance.py:2076} INFO - Dependencies all met for dep_context=non-requeueable deps ti=<TaskInstance: weather_etl_dag.get_forecast_and_drought_data manual__2024-08-14T02:34:33.001323+00:00 [queued]>
[2024-08-14T02:37:50.124+0000] {taskinstance.py:2076} INFO - Dependencies all met for dep_context=requeueable deps ti=<TaskInstance: weather_etl_dag.get_forecast_and_drought_data manual__2024-08-14T02:34:33.001323+00:00 [queued]>
[2024-08-14T02:37:50.127+0000] {taskinstance.py:2306} INFO - Starting attempt 1 of 2
[2024-08-14T02:37:50.247+0000] {taskinstance.py:2330} INFO - Executing <Task(PythonOperator): get_forecast_and_drought_data> on 2024-08-14 02:34:33.001323+00:00
[2024-08-14T02:37:50.257+0000] {standard_task_runner.py:90} INFO - Running: ['***', 'tasks', 'run', 'weather_etl_dag', 'get_forecast_and_drought_data', 'manual__2024-08-14T02:34:33.001323+00:00', '--job-id', '60', '--raw', '--subdir', 'DAGS_FOLDER/weather_etl_dag.py', '--cfg-path', '/tmp/tmpc1tsnij6']
[2024-08-14T02:37:50.256+0000] {warnings.py:112} WARNING - /home/***/.local/lib/python3.12/site-packages/***/task/task_runner/standard_task_runner.py:62: DeprecationWarning: This process (pid=761) is multi-threaded, use of fork() may lead to deadlocks in the child.
  pid = os.fork()

[2024-08-14T02:37:50.261+0000] {standard_task_runner.py:91} INFO - Job 60: Subtask get_forecast_and_drought_data
[2024-08-14T02:37:50.261+0000] {standard_task_runner.py:64} INFO - Started process 763 to run task
[2024-08-14T02:37:50.488+0000] {task_command.py:426} INFO - Running <TaskInstance: weather_etl_dag.get_forecast_and_drought_data manual__2024-08-14T02:34:33.001323+00:00 [running]> on host 712d18ef94ea
[2024-08-14T02:37:51.005+0000] {taskinstance.py:2648} INFO - Exporting env vars: AIRFLOW_CTX_DAG_OWNER='***' AIRFLOW_CTX_DAG_ID='weather_etl_dag' AIRFLOW_CTX_TASK_ID='get_forecast_and_drought_data' AIRFLOW_CTX_EXECUTION_DATE='2024-08-14T02:34:33.001323+00:00' AIRFLOW_CTX_TRY_NUMBER='1' AIRFLOW_CTX_DAG_RUN_ID='manual__2024-08-14T02:34:33.001323+00:00'
[2024-08-14T02:37:51.022+0000] {taskinstance.py:430} INFO - ::endgroup::
[2024-08-14T02:37:51.891+0000] {warnings.py:112} WARNING - /opt/***/dags/weather_etl_dag.py:249: UserWarning: pandas only supports SQLAlchemy connectable (engine/connection) or database string URI or sqlite3 DBAPI2 connection. Other DBAPI2 objects are not tested. Please consider using SQLAlchemy.
  df_pronosticos_clima = pd.read_sql_query(query, conn)

[2024-08-14T02:37:52.090+0000] {warnings.py:112} WARNING - /opt/***/dags/weather_etl_dag.py:253: UserWarning: pandas only supports SQLAlchemy connectable (engine/connection) or database string URI or sqlite3 DBAPI2 connection. Other DBAPI2 objects are not tested. Please consider using SQLAlchemy.
  df_sequia = pd.read_sql_query(query, conn)

[2024-08-14T02:37:53.452+0000] {logging_mixin.py:188} INFO - Pronósticos clima obtenidos:    cve_mun            municipio fecha_pronostico indicador_sequia
0        1    Amealco De Bonfil       2024-08-06               D4
1        2      Pinal De Amoles       2024-08-06               D1
2        3          Arroyo Seco       2024-08-06               D0
3        4  Cadereyta De Montes       2024-08-06               D3
4        5                Colon       2024-08-06               D4
[2024-08-14T02:37:53.521+0000] {logging_mixin.py:188} INFO - Datos de sequía obtenidos:    cve_mun          nombre_mun  cve_ent               entidad       fecha valor
0        1   Amealco de Bonfil       22  Querétaro de Arteaga  2003-03-31    D0
1       10  Landa de Matamoros       22  Querétaro de Arteaga  2003-06-30    D0
2        2     Pinal de Amoles       22  Querétaro de Arteaga  2004-09-30    D0
3        3         Arroyo Seco       22  Querétaro de Arteaga  2004-09-30    D0
4        9     Jalpan de Serra       22  Querétaro de Arteaga  2004-09-30    D0
[2024-08-14T02:37:54.099+0000] {python.py:237} INFO - Done. Returned value was: None
[2024-08-14T02:37:54.115+0000] {taskinstance.py:441} INFO - ::group::Post task execution logs
[2024-08-14T02:37:54.128+0000] {taskinstance.py:1206} INFO - Marking task as SUCCESS. dag_id=weather_etl_dag, task_id=get_forecast_and_drought_data, run_id=manual__2024-08-14T02:34:33.001323+00:00, execution_date=20240814T023433, start_date=20240814T023750, end_date=20240814T023754
[2024-08-14T02:37:54.241+0000] {local_task_job_runner.py:243} INFO - Task exited with return code 0
[2024-08-14T02:37:54.276+0000] {taskinstance.py:3503} INFO - 1 downstream tasks scheduled from follow-on schedule check
[2024-08-14T02:37:54.339+0000] {local_task_job_runner.py:222} INFO - ::endgroup::
