[2024-08-24T00:02:43.655+0000] {local_task_job_runner.py:120} INFO - ::group::Pre task execution logs
[2024-08-24T00:02:43.679+0000] {taskinstance.py:2076} INFO - Dependencies all met for dep_context=non-requeueable deps ti=<TaskInstance: weather_etl_dag.update_sequia_indicator scheduled__2024-08-23T00:00:00+00:00 [queued]>
[2024-08-24T00:02:43.688+0000] {taskinstance.py:2076} INFO - Dependencies all met for dep_context=requeueable deps ti=<TaskInstance: weather_etl_dag.update_sequia_indicator scheduled__2024-08-23T00:00:00+00:00 [queued]>
[2024-08-24T00:02:43.690+0000] {taskinstance.py:2306} INFO - Starting attempt 1 of 2
[2024-08-24T00:02:43.884+0000] {taskinstance.py:2330} INFO - Executing <Task(PythonOperator): update_sequia_indicator> on 2024-08-23 00:00:00+00:00
[2024-08-24T00:02:43.890+0000] {warnings.py:112} WARNING - /home/***/.local/lib/python3.12/site-packages/***/task/task_runner/standard_task_runner.py:62: DeprecationWarning: This process (pid=2183) is multi-threaded, use of fork() may lead to deadlocks in the child.
  pid = os.fork()

[2024-08-24T00:02:43.892+0000] {standard_task_runner.py:64} INFO - Started process 2185 to run task
[2024-08-24T00:02:43.892+0000] {standard_task_runner.py:90} INFO - Running: ['***', 'tasks', 'run', 'weather_etl_dag', 'update_sequia_indicator', 'scheduled__2024-08-23T00:00:00+00:00', '--job-id', '347', '--raw', '--subdir', 'DAGS_FOLDER/weather_etl_dag.py', '--cfg-path', '/tmp/tmpjd4y7hqj']
[2024-08-24T00:02:43.895+0000] {standard_task_runner.py:91} INFO - Job 347: Subtask update_sequia_indicator
[2024-08-24T00:02:43.967+0000] {task_command.py:426} INFO - Running <TaskInstance: weather_etl_dag.update_sequia_indicator scheduled__2024-08-23T00:00:00+00:00 [running]> on host b7290fbe53d7
[2024-08-24T00:02:44.113+0000] {taskinstance.py:2648} INFO - Exporting env vars: AIRFLOW_CTX_DAG_OWNER='***' AIRFLOW_CTX_DAG_ID='weather_etl_dag' AIRFLOW_CTX_TASK_ID='update_sequia_indicator' AIRFLOW_CTX_EXECUTION_DATE='2024-08-23T00:00:00+00:00' AIRFLOW_CTX_TRY_NUMBER='1' AIRFLOW_CTX_DAG_RUN_ID='scheduled__2024-08-23T00:00:00+00:00'
[2024-08-24T00:02:44.114+0000] {taskinstance.py:430} INFO - ::endgroup::
[2024-08-24T00:02:44.127+0000] {logging_mixin.py:188} INFO - iniciando conexion a redshift para actualizar sequia
[2024-08-24T00:02:44.188+0000] {logging_mixin.py:188} INFO - Número de registros a actualizar en la tabla: 18
[2024-08-24T00:02:44.201+0000] {logging_mixin.py:188} INFO - Datos para actualizar en la tabla:    cve_mun            municipio fecha_pronostico indicador_sequia
0        1    Amealco De Bonfil       2024-08-23               D4
1        2      Pinal De Amoles       2024-08-23               D1
2        3          Arroyo Seco       2024-08-23               D0
3        4  Cadereyta De Montes       2024-08-23               D3
4        5                Colon       2024-08-23               D4
[2024-08-24T00:02:44.922+0000] {logging_mixin.py:188} INFO - actualizacion realizada para cve_mun: 1, fecha_pronostico:2024-08-23
[2024-08-24T00:02:45.049+0000] {logging_mixin.py:188} INFO - actualizacion realizada para cve_mun: 2, fecha_pronostico:2024-08-23
[2024-08-24T00:02:45.178+0000] {logging_mixin.py:188} INFO - actualizacion realizada para cve_mun: 3, fecha_pronostico:2024-08-23
[2024-08-24T00:02:45.310+0000] {logging_mixin.py:188} INFO - actualizacion realizada para cve_mun: 4, fecha_pronostico:2024-08-23
[2024-08-24T00:02:45.448+0000] {logging_mixin.py:188} INFO - actualizacion realizada para cve_mun: 5, fecha_pronostico:2024-08-23
[2024-08-24T00:02:45.574+0000] {logging_mixin.py:188} INFO - actualizacion realizada para cve_mun: 6, fecha_pronostico:2024-08-23
[2024-08-24T00:02:45.719+0000] {logging_mixin.py:188} INFO - actualizacion realizada para cve_mun: 7, fecha_pronostico:2024-08-23
[2024-08-24T00:02:45.845+0000] {logging_mixin.py:188} INFO - actualizacion realizada para cve_mun: 8, fecha_pronostico:2024-08-23
[2024-08-24T00:02:45.969+0000] {logging_mixin.py:188} INFO - actualizacion realizada para cve_mun: 9, fecha_pronostico:2024-08-23
[2024-08-24T00:02:46.094+0000] {logging_mixin.py:188} INFO - actualizacion realizada para cve_mun: 10, fecha_pronostico:2024-08-23
[2024-08-24T00:02:46.221+0000] {logging_mixin.py:188} INFO - actualizacion realizada para cve_mun: 11, fecha_pronostico:2024-08-23
[2024-08-24T00:02:46.350+0000] {logging_mixin.py:188} INFO - actualizacion realizada para cve_mun: 12, fecha_pronostico:2024-08-23
[2024-08-24T00:02:46.477+0000] {logging_mixin.py:188} INFO - actualizacion realizada para cve_mun: 13, fecha_pronostico:2024-08-23
[2024-08-24T00:02:46.607+0000] {logging_mixin.py:188} INFO - actualizacion realizada para cve_mun: 14, fecha_pronostico:2024-08-23
[2024-08-24T00:02:46.732+0000] {logging_mixin.py:188} INFO - actualizacion realizada para cve_mun: 15, fecha_pronostico:2024-08-23
[2024-08-24T00:02:46.871+0000] {logging_mixin.py:188} INFO - actualizacion realizada para cve_mun: 16, fecha_pronostico:2024-08-23
[2024-08-24T00:02:46.997+0000] {logging_mixin.py:188} INFO - actualizacion realizada para cve_mun: 17, fecha_pronostico:2024-08-23
[2024-08-24T00:02:47.123+0000] {logging_mixin.py:188} INFO - actualizacion realizada para cve_mun: 18, fecha_pronostico:2024-08-23
[2024-08-24T00:02:47.238+0000] {logging_mixin.py:188} INFO - todas las actualizaciones se han realizado con exito
[2024-08-24T00:02:47.239+0000] {python.py:237} INFO - Done. Returned value was: None
[2024-08-24T00:02:47.240+0000] {taskinstance.py:441} INFO - ::group::Post task execution logs
[2024-08-24T00:02:47.249+0000] {taskinstance.py:1206} INFO - Marking task as SUCCESS. dag_id=weather_etl_dag, task_id=update_sequia_indicator, run_id=scheduled__2024-08-23T00:00:00+00:00, execution_date=20240823T000000, start_date=20240824T000243, end_date=20240824T000247
[2024-08-24T00:02:47.329+0000] {local_task_job_runner.py:243} INFO - Task exited with return code 0
[2024-08-24T00:02:47.343+0000] {taskinstance.py:3503} INFO - 0 downstream tasks scheduled from follow-on schedule check
[2024-08-24T00:02:47.382+0000] {local_task_job_runner.py:222} INFO - ::endgroup::
[2024-09-06T00:14:56.514+0000] {local_task_job_runner.py:123} INFO - ::group::Pre task execution logs
[2024-09-06T00:14:57.386+0000] {taskinstance.py:2603} INFO - Dependencies all met for dep_context=non-requeueable deps ti=<TaskInstance: weather_etl_dag.update_sequia_indicator scheduled__2024-08-23T00:00:00+00:00 [queued]>
[2024-09-06T00:14:57.578+0000] {taskinstance.py:2603} INFO - Dependencies all met for dep_context=requeueable deps ti=<TaskInstance: weather_etl_dag.update_sequia_indicator scheduled__2024-08-23T00:00:00+00:00 [queued]>
[2024-09-06T00:14:57.580+0000] {taskinstance.py:2856} INFO - Starting attempt 1 of 2
[2024-09-06T00:14:57.846+0000] {taskinstance.py:2879} INFO - Executing <Task(PythonOperator): update_sequia_indicator> on 2024-08-23 00:00:00+00:00
[2024-09-06T00:14:57.857+0000] {standard_task_runner.py:104} INFO - Running: ['***', 'tasks', 'run', 'weather_etl_dag', 'update_sequia_indicator', 'scheduled__2024-08-23T00:00:00+00:00', '--job-id', '222', '--raw', '--subdir', 'DAGS_FOLDER/weather_etl_dag.py', '--cfg-path', '/tmp/tmp6pz4y5sa']
[2024-09-06T00:14:57.861+0000] {standard_task_runner.py:105} INFO - Job 222: Subtask update_sequia_indicator
[2024-09-06T00:14:57.869+0000] {warnings.py:112} WARNING - /usr/local/lib/python3.12/site-packages/***/task/task_runner/standard_task_runner.py:70: DeprecationWarning: This process (pid=1053) is multi-threaded, use of fork() may lead to deadlocks in the child.
  pid = os.fork()

[2024-09-06T00:14:57.870+0000] {standard_task_runner.py:72} INFO - Started process 1062 to run task
[2024-09-06T00:15:04.205+0000] {task_command.py:467} INFO - Running <TaskInstance: weather_etl_dag.update_sequia_indicator scheduled__2024-08-23T00:00:00+00:00 [running]> on host da9f5d3bcb59
[2024-09-06T00:15:04.826+0000] {taskinstance.py:3122} INFO - Exporting env vars: AIRFLOW_CTX_DAG_OWNER='***' AIRFLOW_CTX_DAG_ID='weather_etl_dag' AIRFLOW_CTX_TASK_ID='update_sequia_indicator' AIRFLOW_CTX_EXECUTION_DATE='2024-08-23T00:00:00+00:00' AIRFLOW_CTX_TRY_NUMBER='1' AIRFLOW_CTX_DAG_RUN_ID='scheduled__2024-08-23T00:00:00+00:00'
[2024-09-06T00:15:04.829+0000] {taskinstance.py:731} INFO - ::endgroup::
[2024-09-06T00:16:46.679+0000] {python.py:240} INFO - Done. Returned value was: None
[2024-09-06T00:16:46.873+0000] {taskinstance.py:340} INFO - ::group::Post task execution logs
[2024-09-06T00:16:46.873+0000] {taskinstance.py:352} INFO - Marking task as SUCCESS. dag_id=weather_etl_dag, task_id=update_sequia_indicator, run_id=scheduled__2024-08-23T00:00:00+00:00, execution_date=20240823T000000, start_date=20240906T001457, end_date=20240906T001646
[2024-09-06T00:16:47.626+0000] {local_task_job_runner.py:261} INFO - Task exited with return code 0
[2024-09-06T00:16:48.876+0000] {taskinstance.py:3891} INFO - 0 downstream tasks scheduled from follow-on schedule check
[2024-09-06T00:16:48.963+0000] {local_task_job_runner.py:240} INFO - ::endgroup::
[2024-09-06T00:16:49.476+0000] {standard_task_runner.py:217} INFO - Process not found (most likely exited), stop collecting metrics
