[2024-08-30T00:02:25.963+0000] {local_task_job_runner.py:120} INFO - ::group::Pre task execution logs
[2024-08-30T00:02:26.032+0000] {taskinstance.py:2076} INFO - Dependencies all met for dep_context=non-requeueable deps ti=<TaskInstance: weather_etl_dag.update_sequia_indicator scheduled__2024-08-29T00:00:00+00:00 [queued]>
[2024-08-30T00:02:26.141+0000] {taskinstance.py:2076} INFO - Dependencies all met for dep_context=requeueable deps ti=<TaskInstance: weather_etl_dag.update_sequia_indicator scheduled__2024-08-29T00:00:00+00:00 [queued]>
[2024-08-30T00:02:26.160+0000] {taskinstance.py:2306} INFO - Starting attempt 1 of 2
[2024-08-30T00:02:26.582+0000] {taskinstance.py:2330} INFO - Executing <Task(PythonOperator): update_sequia_indicator> on 2024-08-29 00:00:00+00:00
[2024-08-30T00:02:26.599+0000] {standard_task_runner.py:90} INFO - Running: ['***', 'tasks', 'run', 'weather_etl_dag', 'update_sequia_indicator', 'scheduled__2024-08-29T00:00:00+00:00', '--job-id', '419', '--raw', '--subdir', 'DAGS_FOLDER/weather_etl_dag.py', '--cfg-path', '/tmp/tmpsyhul8x0']
[2024-08-30T00:02:26.603+0000] {standard_task_runner.py:91} INFO - Job 419: Subtask update_sequia_indicator
[2024-08-30T00:02:26.595+0000] {warnings.py:112} WARNING - /home/***/.local/lib/python3.12/site-packages/***/task/task_runner/standard_task_runner.py:62: DeprecationWarning: This process (pid=671) is multi-threaded, use of fork() may lead to deadlocks in the child.
  pid = os.fork()

[2024-08-30T00:02:26.604+0000] {standard_task_runner.py:64} INFO - Started process 673 to run task
[2024-08-30T00:02:26.769+0000] {task_command.py:426} INFO - Running <TaskInstance: weather_etl_dag.update_sequia_indicator scheduled__2024-08-29T00:00:00+00:00 [running]> on host b7290fbe53d7
[2024-08-30T00:02:26.979+0000] {taskinstance.py:2648} INFO - Exporting env vars: AIRFLOW_CTX_DAG_OWNER='***' AIRFLOW_CTX_DAG_ID='weather_etl_dag' AIRFLOW_CTX_TASK_ID='update_sequia_indicator' AIRFLOW_CTX_EXECUTION_DATE='2024-08-29T00:00:00+00:00' AIRFLOW_CTX_TRY_NUMBER='1' AIRFLOW_CTX_DAG_RUN_ID='scheduled__2024-08-29T00:00:00+00:00'
[2024-08-30T00:02:26.998+0000] {taskinstance.py:430} INFO - ::endgroup::
[2024-08-30T00:02:27.037+0000] {logging_mixin.py:188} INFO - iniciando conexion a redshift para actualizar sequia
[2024-08-30T00:02:27.136+0000] {logging_mixin.py:188} INFO - Número de registros a actualizar en la tabla: 36
[2024-08-30T00:02:27.147+0000] {logging_mixin.py:188} INFO - Datos para actualizar en la tabla:    cve_mun            municipio fecha_pronostico indicador_sequia
0        1    Amealco De Bonfil       2024-08-29               D4
1        2      Pinal De Amoles       2024-08-29               D1
2        3          Arroyo Seco       2024-08-29               D0
3        4  Cadereyta De Montes       2024-08-29               D3
4        5                Colon       2024-08-29               D4
[2024-08-30T00:02:27.924+0000] {logging_mixin.py:188} INFO - actualizacion realizada para cve_mun: 1, fecha_pronostico:2024-08-29
[2024-08-30T00:02:29.120+0000] {logging_mixin.py:188} INFO - actualizacion realizada para cve_mun: 2, fecha_pronostico:2024-08-29
[2024-08-30T00:02:29.237+0000] {logging_mixin.py:188} INFO - actualizacion realizada para cve_mun: 3, fecha_pronostico:2024-08-29
[2024-08-30T00:02:29.355+0000] {logging_mixin.py:188} INFO - actualizacion realizada para cve_mun: 4, fecha_pronostico:2024-08-29
[2024-08-30T00:02:29.472+0000] {logging_mixin.py:188} INFO - actualizacion realizada para cve_mun: 5, fecha_pronostico:2024-08-29
[2024-08-30T00:02:29.604+0000] {logging_mixin.py:188} INFO - actualizacion realizada para cve_mun: 6, fecha_pronostico:2024-08-29
[2024-08-30T00:02:29.734+0000] {logging_mixin.py:188} INFO - actualizacion realizada para cve_mun: 7, fecha_pronostico:2024-08-29
[2024-08-30T00:02:29.867+0000] {logging_mixin.py:188} INFO - actualizacion realizada para cve_mun: 8, fecha_pronostico:2024-08-29
[2024-08-30T00:02:29.984+0000] {logging_mixin.py:188} INFO - actualizacion realizada para cve_mun: 9, fecha_pronostico:2024-08-29
[2024-08-30T00:02:30.104+0000] {logging_mixin.py:188} INFO - actualizacion realizada para cve_mun: 10, fecha_pronostico:2024-08-29
[2024-08-30T00:02:30.222+0000] {logging_mixin.py:188} INFO - actualizacion realizada para cve_mun: 11, fecha_pronostico:2024-08-29
[2024-08-30T00:02:30.342+0000] {logging_mixin.py:188} INFO - actualizacion realizada para cve_mun: 12, fecha_pronostico:2024-08-29
[2024-08-30T00:02:30.461+0000] {logging_mixin.py:188} INFO - actualizacion realizada para cve_mun: 13, fecha_pronostico:2024-08-29
[2024-08-30T00:02:30.580+0000] {logging_mixin.py:188} INFO - actualizacion realizada para cve_mun: 14, fecha_pronostico:2024-08-29
[2024-08-30T00:02:31.319+0000] {logging_mixin.py:188} INFO - actualizacion realizada para cve_mun: 15, fecha_pronostico:2024-08-29
[2024-08-30T00:02:31.436+0000] {logging_mixin.py:188} INFO - actualizacion realizada para cve_mun: 16, fecha_pronostico:2024-08-29
[2024-08-30T00:02:31.602+0000] {logging_mixin.py:188} INFO - actualizacion realizada para cve_mun: 17, fecha_pronostico:2024-08-29
[2024-08-30T00:02:31.724+0000] {logging_mixin.py:188} INFO - actualizacion realizada para cve_mun: 18, fecha_pronostico:2024-08-29
[2024-08-30T00:02:31.845+0000] {logging_mixin.py:188} INFO - actualizacion realizada para cve_mun: 1, fecha_pronostico:2024-08-29
[2024-08-30T00:02:31.975+0000] {logging_mixin.py:188} INFO - actualizacion realizada para cve_mun: 2, fecha_pronostico:2024-08-29
[2024-08-30T00:02:32.098+0000] {logging_mixin.py:188} INFO - actualizacion realizada para cve_mun: 3, fecha_pronostico:2024-08-29
[2024-08-30T00:02:32.218+0000] {logging_mixin.py:188} INFO - actualizacion realizada para cve_mun: 4, fecha_pronostico:2024-08-29
[2024-08-30T00:02:32.340+0000] {logging_mixin.py:188} INFO - actualizacion realizada para cve_mun: 5, fecha_pronostico:2024-08-29
[2024-08-30T00:02:32.458+0000] {logging_mixin.py:188} INFO - actualizacion realizada para cve_mun: 6, fecha_pronostico:2024-08-29
[2024-08-30T00:02:32.577+0000] {logging_mixin.py:188} INFO - actualizacion realizada para cve_mun: 7, fecha_pronostico:2024-08-29
[2024-08-30T00:02:32.695+0000] {logging_mixin.py:188} INFO - actualizacion realizada para cve_mun: 8, fecha_pronostico:2024-08-29
[2024-08-30T00:02:32.814+0000] {logging_mixin.py:188} INFO - actualizacion realizada para cve_mun: 9, fecha_pronostico:2024-08-29
[2024-08-30T00:02:32.943+0000] {logging_mixin.py:188} INFO - actualizacion realizada para cve_mun: 10, fecha_pronostico:2024-08-29
[2024-08-30T00:02:33.072+0000] {logging_mixin.py:188} INFO - actualizacion realizada para cve_mun: 11, fecha_pronostico:2024-08-29
[2024-08-30T00:02:33.192+0000] {logging_mixin.py:188} INFO - actualizacion realizada para cve_mun: 12, fecha_pronostico:2024-08-29
[2024-08-30T00:02:33.320+0000] {logging_mixin.py:188} INFO - actualizacion realizada para cve_mun: 13, fecha_pronostico:2024-08-29
[2024-08-30T00:02:33.441+0000] {logging_mixin.py:188} INFO - actualizacion realizada para cve_mun: 14, fecha_pronostico:2024-08-29
[2024-08-30T00:02:33.583+0000] {logging_mixin.py:188} INFO - actualizacion realizada para cve_mun: 15, fecha_pronostico:2024-08-29
[2024-08-30T00:02:33.701+0000] {logging_mixin.py:188} INFO - actualizacion realizada para cve_mun: 16, fecha_pronostico:2024-08-29
[2024-08-30T00:02:33.818+0000] {logging_mixin.py:188} INFO - actualizacion realizada para cve_mun: 17, fecha_pronostico:2024-08-29
[2024-08-30T00:02:33.960+0000] {logging_mixin.py:188} INFO - actualizacion realizada para cve_mun: 18, fecha_pronostico:2024-08-29
[2024-08-30T00:02:34.073+0000] {logging_mixin.py:188} INFO - todas las actualizaciones se han realizado con exito
[2024-08-30T00:02:34.075+0000] {python.py:237} INFO - Done. Returned value was: None
[2024-08-30T00:02:34.076+0000] {taskinstance.py:441} INFO - ::group::Post task execution logs
[2024-08-30T00:02:34.086+0000] {taskinstance.py:1206} INFO - Marking task as SUCCESS. dag_id=weather_etl_dag, task_id=update_sequia_indicator, run_id=scheduled__2024-08-29T00:00:00+00:00, execution_date=20240829T000000, start_date=20240830T000226, end_date=20240830T000234
[2024-08-30T00:02:35.335+0000] {local_task_job_runner.py:243} INFO - Task exited with return code 0
[2024-08-30T00:02:35.351+0000] {taskinstance.py:3503} INFO - 0 downstream tasks scheduled from follow-on schedule check
[2024-08-30T00:02:35.438+0000] {local_task_job_runner.py:222} INFO - ::endgroup::
[2024-09-06T03:48:38.997+0000] {local_task_job_runner.py:123} INFO - ::group::Pre task execution logs
[2024-09-06T03:48:39.096+0000] {taskinstance.py:2603} INFO - Dependencies all met for dep_context=non-requeueable deps ti=<TaskInstance: weather_etl_dag.update_sequia_indicator scheduled__2024-08-29T00:00:00+00:00 [queued]>
[2024-09-06T03:48:39.166+0000] {taskinstance.py:2603} INFO - Dependencies all met for dep_context=requeueable deps ti=<TaskInstance: weather_etl_dag.update_sequia_indicator scheduled__2024-08-29T00:00:00+00:00 [queued]>
[2024-09-06T03:48:39.186+0000] {taskinstance.py:2856} INFO - Starting attempt 1 of 2
[2024-09-06T03:48:39.403+0000] {taskinstance.py:2879} INFO - Executing <Task(PythonOperator): update_sequia_indicator> on 2024-08-29 00:00:00+00:00
[2024-09-06T03:48:39.410+0000] {standard_task_runner.py:104} INFO - Running: ['***', 'tasks', 'run', 'weather_etl_dag', 'update_sequia_indicator', 'scheduled__2024-08-29T00:00:00+00:00', '--job-id', '255', '--raw', '--subdir', 'DAGS_FOLDER/weather_etl_dag.py', '--cfg-path', '/tmp/tmpk5p71812']
[2024-09-06T03:48:39.445+0000] {standard_task_runner.py:105} INFO - Job 255: Subtask update_sequia_indicator
[2024-09-06T03:48:39.453+0000] {warnings.py:112} WARNING - /usr/local/lib/python3.12/site-packages/***/task/task_runner/standard_task_runner.py:70: DeprecationWarning: This process (pid=201) is multi-threaded, use of fork() may lead to deadlocks in the child.
  pid = os.fork()

[2024-09-06T03:48:39.454+0000] {standard_task_runner.py:72} INFO - Started process 203 to run task
[2024-09-06T03:48:39.582+0000] {task_command.py:467} INFO - Running <TaskInstance: weather_etl_dag.update_sequia_indicator scheduled__2024-08-29T00:00:00+00:00 [running]> on host 4b8f6e83ee7a
[2024-09-06T03:48:44.323+0000] {taskinstance.py:3122} INFO - Exporting env vars: AIRFLOW_CTX_DAG_OWNER='***' AIRFLOW_CTX_DAG_ID='weather_etl_dag' AIRFLOW_CTX_TASK_ID='update_sequia_indicator' AIRFLOW_CTX_EXECUTION_DATE='2024-08-29T00:00:00+00:00' AIRFLOW_CTX_TRY_NUMBER='1' AIRFLOW_CTX_DAG_RUN_ID='scheduled__2024-08-29T00:00:00+00:00'
[2024-09-06T03:48:44.334+0000] {taskinstance.py:731} INFO - ::endgroup::
[2024-09-06T03:49:35.182+0000] {python.py:240} INFO - Done. Returned value was: None
[2024-09-06T03:49:35.198+0000] {taskinstance.py:340} INFO - ::group::Post task execution logs
[2024-09-06T03:49:35.199+0000] {taskinstance.py:352} INFO - Marking task as SUCCESS. dag_id=weather_etl_dag, task_id=update_sequia_indicator, run_id=scheduled__2024-08-29T00:00:00+00:00, execution_date=20240829T000000, start_date=20240906T034839, end_date=20240906T034935
[2024-09-06T03:49:35.328+0000] {local_task_job_runner.py:261} INFO - Task exited with return code 0
[2024-09-06T03:49:35.515+0000] {taskinstance.py:3891} INFO - 1 downstream tasks scheduled from follow-on schedule check
[2024-09-06T03:49:35.560+0000] {local_task_job_runner.py:240} INFO - ::endgroup::
