[2024-08-25T00:05:01.698+0000] {processor.py:161} INFO - Started process (PID=7069) to work on /opt/airflow/dags/weather_etl_dag.py
[2024-08-25T00:05:01.715+0000] {processor.py:830} INFO - Processing file /opt/airflow/dags/weather_etl_dag.py for tasks to queue
[2024-08-25T00:05:01.718+0000] {logging_mixin.py:188} INFO - [2024-08-25T00:05:01.717+0000] {dagbag.py:545} INFO - Filling up the DagBag from /opt/airflow/dags/weather_etl_dag.py
[2024-08-25T00:05:04.921+0000] {processor.py:840} INFO - DAG(s) 'weather_etl_dag' retrieved from /opt/airflow/dags/weather_etl_dag.py
[2024-08-25T00:05:05.220+0000] {logging_mixin.py:188} INFO - [2024-08-25T00:05:05.216+0000] {dag.py:3089} INFO - Sync 1 DAGs
[2024-08-25T00:05:05.731+0000] {logging_mixin.py:188} INFO - [2024-08-25T00:05:05.731+0000] {dag.py:3947} INFO - Setting next_dagrun for weather_etl_dag to 2024-08-25 00:00:00+00:00, run_after=2024-08-26 00:00:00+00:00
[2024-08-25T00:05:06.039+0000] {processor.py:183} INFO - Processing /opt/airflow/dags/weather_etl_dag.py took 4.357 seconds
[2024-08-25T01:11:57.198+0000] {processor.py:161} INFO - Started process (PID=7141) to work on /opt/airflow/dags/weather_etl_dag.py
[2024-08-25T01:11:57.501+0000] {processor.py:830} INFO - Processing file /opt/airflow/dags/weather_etl_dag.py for tasks to queue
[2024-08-25T01:11:57.557+0000] {logging_mixin.py:188} INFO - [2024-08-25T01:11:57.556+0000] {dagbag.py:545} INFO - Filling up the DagBag from /opt/airflow/dags/weather_etl_dag.py
[2024-08-25T01:11:59.449+0000] {processor.py:840} INFO - DAG(s) 'weather_etl_dag' retrieved from /opt/airflow/dags/weather_etl_dag.py
[2024-08-25T01:11:59.518+0000] {logging_mixin.py:188} INFO - [2024-08-25T01:11:59.518+0000] {dag.py:3089} INFO - Sync 1 DAGs
[2024-08-25T01:11:59.549+0000] {logging_mixin.py:188} INFO - [2024-08-25T01:11:59.549+0000] {dag.py:3947} INFO - Setting next_dagrun for weather_etl_dag to 2024-08-25 00:00:00+00:00, run_after=2024-08-26 00:00:00+00:00
[2024-08-25T01:12:00.014+0000] {processor.py:183} INFO - Processing /opt/airflow/dags/weather_etl_dag.py took 2.824 seconds
[2024-08-25T01:22:00.754+0000] {processor.py:161} INFO - Started process (PID=7267) to work on /opt/airflow/dags/weather_etl_dag.py
[2024-08-25T01:22:00.755+0000] {processor.py:830} INFO - Processing file /opt/airflow/dags/weather_etl_dag.py for tasks to queue
[2024-08-25T01:22:00.758+0000] {logging_mixin.py:188} INFO - [2024-08-25T01:22:00.757+0000] {dagbag.py:545} INFO - Filling up the DagBag from /opt/airflow/dags/weather_etl_dag.py
[2024-08-25T01:22:01.072+0000] {processor.py:840} INFO - DAG(s) 'weather_etl_dag' retrieved from /opt/airflow/dags/weather_etl_dag.py
[2024-08-25T01:22:01.097+0000] {logging_mixin.py:188} INFO - [2024-08-25T01:22:01.097+0000] {dag.py:3089} INFO - Sync 1 DAGs
[2024-08-25T01:22:01.117+0000] {logging_mixin.py:188} INFO - [2024-08-25T01:22:01.117+0000] {dag.py:3947} INFO - Setting next_dagrun for weather_etl_dag to 2024-08-25 00:00:00+00:00, run_after=2024-08-26 00:00:00+00:00
[2024-08-25T01:22:02.227+0000] {processor.py:183} INFO - Processing /opt/airflow/dags/weather_etl_dag.py took 1.479 seconds
[2024-08-25T01:32:02.985+0000] {processor.py:161} INFO - Started process (PID=7392) to work on /opt/airflow/dags/weather_etl_dag.py
[2024-08-25T01:32:02.986+0000] {processor.py:830} INFO - Processing file /opt/airflow/dags/weather_etl_dag.py for tasks to queue
[2024-08-25T01:32:02.988+0000] {logging_mixin.py:188} INFO - [2024-08-25T01:32:02.987+0000] {dagbag.py:545} INFO - Filling up the DagBag from /opt/airflow/dags/weather_etl_dag.py
[2024-08-25T01:32:03.314+0000] {processor.py:840} INFO - DAG(s) 'weather_etl_dag' retrieved from /opt/airflow/dags/weather_etl_dag.py
[2024-08-25T01:32:03.339+0000] {logging_mixin.py:188} INFO - [2024-08-25T01:32:03.339+0000] {dag.py:3089} INFO - Sync 1 DAGs
[2024-08-25T01:32:03.361+0000] {logging_mixin.py:188} INFO - [2024-08-25T01:32:03.361+0000] {dag.py:3947} INFO - Setting next_dagrun for weather_etl_dag to 2024-08-25 00:00:00+00:00, run_after=2024-08-26 00:00:00+00:00
[2024-08-25T01:32:03.861+0000] {processor.py:183} INFO - Processing /opt/airflow/dags/weather_etl_dag.py took 0.881 seconds
[2024-08-25T01:42:04.538+0000] {processor.py:161} INFO - Started process (PID=7519) to work on /opt/airflow/dags/weather_etl_dag.py
[2024-08-25T01:42:04.539+0000] {processor.py:830} INFO - Processing file /opt/airflow/dags/weather_etl_dag.py for tasks to queue
[2024-08-25T01:42:04.540+0000] {logging_mixin.py:188} INFO - [2024-08-25T01:42:04.540+0000] {dagbag.py:545} INFO - Filling up the DagBag from /opt/airflow/dags/weather_etl_dag.py
[2024-08-25T01:42:04.931+0000] {processor.py:840} INFO - DAG(s) 'weather_etl_dag' retrieved from /opt/airflow/dags/weather_etl_dag.py
[2024-08-25T01:42:04.965+0000] {logging_mixin.py:188} INFO - [2024-08-25T01:42:04.965+0000] {dag.py:3089} INFO - Sync 1 DAGs
[2024-08-25T01:42:04.988+0000] {logging_mixin.py:188} INFO - [2024-08-25T01:42:04.988+0000] {dag.py:3947} INFO - Setting next_dagrun for weather_etl_dag to 2024-08-25 00:00:00+00:00, run_after=2024-08-26 00:00:00+00:00
[2024-08-25T01:42:06.097+0000] {processor.py:183} INFO - Processing /opt/airflow/dags/weather_etl_dag.py took 1.565 seconds
[2024-08-25T01:52:06.326+0000] {processor.py:161} INFO - Started process (PID=7646) to work on /opt/airflow/dags/weather_etl_dag.py
[2024-08-25T01:52:06.327+0000] {processor.py:830} INFO - Processing file /opt/airflow/dags/weather_etl_dag.py for tasks to queue
[2024-08-25T01:52:06.329+0000] {logging_mixin.py:188} INFO - [2024-08-25T01:52:06.329+0000] {dagbag.py:545} INFO - Filling up the DagBag from /opt/airflow/dags/weather_etl_dag.py
[2024-08-25T01:52:06.656+0000] {processor.py:840} INFO - DAG(s) 'weather_etl_dag' retrieved from /opt/airflow/dags/weather_etl_dag.py
[2024-08-25T01:52:06.685+0000] {logging_mixin.py:188} INFO - [2024-08-25T01:52:06.685+0000] {dag.py:3089} INFO - Sync 1 DAGs
[2024-08-25T01:52:06.708+0000] {logging_mixin.py:188} INFO - [2024-08-25T01:52:06.707+0000] {dag.py:3947} INFO - Setting next_dagrun for weather_etl_dag to 2024-08-25 00:00:00+00:00, run_after=2024-08-26 00:00:00+00:00
[2024-08-25T01:52:06.816+0000] {processor.py:183} INFO - Processing /opt/airflow/dags/weather_etl_dag.py took 0.496 seconds
[2024-08-25T02:02:07.310+0000] {processor.py:161} INFO - Started process (PID=7769) to work on /opt/airflow/dags/weather_etl_dag.py
[2024-08-25T02:02:07.313+0000] {processor.py:830} INFO - Processing file /opt/airflow/dags/weather_etl_dag.py for tasks to queue
[2024-08-25T02:02:07.315+0000] {logging_mixin.py:188} INFO - [2024-08-25T02:02:07.314+0000] {dagbag.py:545} INFO - Filling up the DagBag from /opt/airflow/dags/weather_etl_dag.py
[2024-08-25T02:02:07.636+0000] {processor.py:840} INFO - DAG(s) 'weather_etl_dag' retrieved from /opt/airflow/dags/weather_etl_dag.py
[2024-08-25T02:02:07.666+0000] {logging_mixin.py:188} INFO - [2024-08-25T02:02:07.666+0000] {dag.py:3089} INFO - Sync 1 DAGs
[2024-08-25T02:02:07.687+0000] {logging_mixin.py:188} INFO - [2024-08-25T02:02:07.687+0000] {dag.py:3947} INFO - Setting next_dagrun for weather_etl_dag to 2024-08-25 00:00:00+00:00, run_after=2024-08-26 00:00:00+00:00
[2024-08-25T02:02:07.792+0000] {processor.py:183} INFO - Processing /opt/airflow/dags/weather_etl_dag.py took 0.487 seconds
[2024-08-25T02:12:08.735+0000] {processor.py:161} INFO - Started process (PID=7898) to work on /opt/airflow/dags/weather_etl_dag.py
[2024-08-25T02:12:08.736+0000] {processor.py:830} INFO - Processing file /opt/airflow/dags/weather_etl_dag.py for tasks to queue
[2024-08-25T02:12:08.738+0000] {logging_mixin.py:188} INFO - [2024-08-25T02:12:08.737+0000] {dagbag.py:545} INFO - Filling up the DagBag from /opt/airflow/dags/weather_etl_dag.py
[2024-08-25T02:12:09.114+0000] {processor.py:840} INFO - DAG(s) 'weather_etl_dag' retrieved from /opt/airflow/dags/weather_etl_dag.py
[2024-08-25T02:12:09.140+0000] {logging_mixin.py:188} INFO - [2024-08-25T02:12:09.140+0000] {dag.py:3089} INFO - Sync 1 DAGs
[2024-08-25T02:12:09.164+0000] {logging_mixin.py:188} INFO - [2024-08-25T02:12:09.163+0000] {dag.py:3947} INFO - Setting next_dagrun for weather_etl_dag to 2024-08-25 00:00:00+00:00, run_after=2024-08-26 00:00:00+00:00
[2024-08-25T02:12:09.236+0000] {processor.py:183} INFO - Processing /opt/airflow/dags/weather_etl_dag.py took 0.508 seconds
[2024-08-25T02:22:09.424+0000] {processor.py:161} INFO - Started process (PID=8024) to work on /opt/airflow/dags/weather_etl_dag.py
[2024-08-25T02:22:09.426+0000] {processor.py:830} INFO - Processing file /opt/airflow/dags/weather_etl_dag.py for tasks to queue
[2024-08-25T02:22:09.445+0000] {logging_mixin.py:188} INFO - [2024-08-25T02:22:09.445+0000] {dagbag.py:545} INFO - Filling up the DagBag from /opt/airflow/dags/weather_etl_dag.py
[2024-08-25T02:22:10.145+0000] {processor.py:840} INFO - DAG(s) 'weather_etl_dag' retrieved from /opt/airflow/dags/weather_etl_dag.py
[2024-08-25T02:22:10.214+0000] {logging_mixin.py:188} INFO - [2024-08-25T02:22:10.212+0000] {dag.py:3089} INFO - Sync 1 DAGs
[2024-08-25T02:22:10.267+0000] {logging_mixin.py:188} INFO - [2024-08-25T02:22:10.267+0000] {dag.py:3947} INFO - Setting next_dagrun for weather_etl_dag to 2024-08-25 00:00:00+00:00, run_after=2024-08-26 00:00:00+00:00
[2024-08-25T02:22:10.349+0000] {processor.py:183} INFO - Processing /opt/airflow/dags/weather_etl_dag.py took 0.937 seconds
[2024-08-25T02:32:11.349+0000] {processor.py:161} INFO - Started process (PID=8150) to work on /opt/airflow/dags/weather_etl_dag.py
[2024-08-25T02:32:11.350+0000] {processor.py:830} INFO - Processing file /opt/airflow/dags/weather_etl_dag.py for tasks to queue
[2024-08-25T02:32:11.353+0000] {logging_mixin.py:188} INFO - [2024-08-25T02:32:11.352+0000] {dagbag.py:545} INFO - Filling up the DagBag from /opt/airflow/dags/weather_etl_dag.py
[2024-08-25T02:32:11.761+0000] {processor.py:840} INFO - DAG(s) 'weather_etl_dag' retrieved from /opt/airflow/dags/weather_etl_dag.py
[2024-08-25T02:32:11.791+0000] {logging_mixin.py:188} INFO - [2024-08-25T02:32:11.791+0000] {dag.py:3089} INFO - Sync 1 DAGs
[2024-08-25T02:32:11.816+0000] {logging_mixin.py:188} INFO - [2024-08-25T02:32:11.816+0000] {dag.py:3947} INFO - Setting next_dagrun for weather_etl_dag to 2024-08-25 00:00:00+00:00, run_after=2024-08-26 00:00:00+00:00
[2024-08-25T02:32:12.854+0000] {processor.py:183} INFO - Processing /opt/airflow/dags/weather_etl_dag.py took 1.513 seconds
[2024-08-25T02:42:13.546+0000] {processor.py:161} INFO - Started process (PID=8277) to work on /opt/airflow/dags/weather_etl_dag.py
[2024-08-25T02:42:13.547+0000] {processor.py:830} INFO - Processing file /opt/airflow/dags/weather_etl_dag.py for tasks to queue
[2024-08-25T02:42:13.550+0000] {logging_mixin.py:188} INFO - [2024-08-25T02:42:13.549+0000] {dagbag.py:545} INFO - Filling up the DagBag from /opt/airflow/dags/weather_etl_dag.py
[2024-08-25T02:42:13.879+0000] {processor.py:840} INFO - DAG(s) 'weather_etl_dag' retrieved from /opt/airflow/dags/weather_etl_dag.py
[2024-08-25T02:42:13.905+0000] {logging_mixin.py:188} INFO - [2024-08-25T02:42:13.905+0000] {dag.py:3089} INFO - Sync 1 DAGs
[2024-08-25T02:42:13.927+0000] {logging_mixin.py:188} INFO - [2024-08-25T02:42:13.927+0000] {dag.py:3947} INFO - Setting next_dagrun for weather_etl_dag to 2024-08-25 00:00:00+00:00, run_after=2024-08-26 00:00:00+00:00
[2024-08-25T02:42:14.860+0000] {processor.py:183} INFO - Processing /opt/airflow/dags/weather_etl_dag.py took 1.320 seconds
[2024-08-25T02:52:15.532+0000] {processor.py:161} INFO - Started process (PID=8409) to work on /opt/airflow/dags/weather_etl_dag.py
[2024-08-25T02:52:15.533+0000] {processor.py:830} INFO - Processing file /opt/airflow/dags/weather_etl_dag.py for tasks to queue
[2024-08-25T02:52:15.536+0000] {logging_mixin.py:188} INFO - [2024-08-25T02:52:15.536+0000] {dagbag.py:545} INFO - Filling up the DagBag from /opt/airflow/dags/weather_etl_dag.py
[2024-08-25T02:52:16.037+0000] {processor.py:840} INFO - DAG(s) 'weather_etl_dag' retrieved from /opt/airflow/dags/weather_etl_dag.py
[2024-08-25T02:52:16.065+0000] {logging_mixin.py:188} INFO - [2024-08-25T02:52:16.064+0000] {dag.py:3089} INFO - Sync 1 DAGs
[2024-08-25T02:52:16.086+0000] {logging_mixin.py:188} INFO - [2024-08-25T02:52:16.085+0000] {dag.py:3947} INFO - Setting next_dagrun for weather_etl_dag to 2024-08-25 00:00:00+00:00, run_after=2024-08-26 00:00:00+00:00
[2024-08-25T02:52:16.191+0000] {processor.py:183} INFO - Processing /opt/airflow/dags/weather_etl_dag.py took 0.665 seconds
[2024-08-25T03:02:16.497+0000] {processor.py:161} INFO - Started process (PID=8534) to work on /opt/airflow/dags/weather_etl_dag.py
[2024-08-25T03:02:16.498+0000] {processor.py:830} INFO - Processing file /opt/airflow/dags/weather_etl_dag.py for tasks to queue
[2024-08-25T03:02:16.501+0000] {logging_mixin.py:188} INFO - [2024-08-25T03:02:16.500+0000] {dagbag.py:545} INFO - Filling up the DagBag from /opt/airflow/dags/weather_etl_dag.py
[2024-08-25T03:02:16.821+0000] {processor.py:840} INFO - DAG(s) 'weather_etl_dag' retrieved from /opt/airflow/dags/weather_etl_dag.py
[2024-08-25T03:02:16.847+0000] {logging_mixin.py:188} INFO - [2024-08-25T03:02:16.846+0000] {dag.py:3089} INFO - Sync 1 DAGs
[2024-08-25T03:02:16.875+0000] {logging_mixin.py:188} INFO - [2024-08-25T03:02:16.875+0000] {dag.py:3947} INFO - Setting next_dagrun for weather_etl_dag to 2024-08-25 00:00:00+00:00, run_after=2024-08-26 00:00:00+00:00
[2024-08-25T03:02:16.956+0000] {processor.py:183} INFO - Processing /opt/airflow/dags/weather_etl_dag.py took 0.465 seconds
[2024-08-25T03:12:17.154+0000] {processor.py:161} INFO - Started process (PID=8650) to work on /opt/airflow/dags/weather_etl_dag.py
[2024-08-25T03:12:17.155+0000] {processor.py:830} INFO - Processing file /opt/airflow/dags/weather_etl_dag.py for tasks to queue
[2024-08-25T03:12:17.157+0000] {logging_mixin.py:188} INFO - [2024-08-25T03:12:17.157+0000] {dagbag.py:545} INFO - Filling up the DagBag from /opt/airflow/dags/weather_etl_dag.py
[2024-08-25T03:12:17.663+0000] {processor.py:840} INFO - DAG(s) 'weather_etl_dag' retrieved from /opt/airflow/dags/weather_etl_dag.py
[2024-08-25T03:12:17.740+0000] {logging_mixin.py:188} INFO - [2024-08-25T03:12:17.739+0000] {dag.py:3089} INFO - Sync 1 DAGs
[2024-08-25T03:12:18.908+0000] {logging_mixin.py:188} INFO - [2024-08-25T03:12:18.907+0000] {dag.py:3947} INFO - Setting next_dagrun for weather_etl_dag to 2024-08-25 00:00:00+00:00, run_after=2024-08-26 00:00:00+00:00
[2024-08-25T03:12:19.006+0000] {processor.py:183} INFO - Processing /opt/airflow/dags/weather_etl_dag.py took 1.858 seconds
[2024-08-25T03:22:19.774+0000] {processor.py:161} INFO - Started process (PID=8775) to work on /opt/airflow/dags/weather_etl_dag.py
[2024-08-25T03:22:19.775+0000] {processor.py:830} INFO - Processing file /opt/airflow/dags/weather_etl_dag.py for tasks to queue
[2024-08-25T03:22:19.777+0000] {logging_mixin.py:188} INFO - [2024-08-25T03:22:19.777+0000] {dagbag.py:545} INFO - Filling up the DagBag from /opt/airflow/dags/weather_etl_dag.py
[2024-08-25T03:22:20.163+0000] {processor.py:840} INFO - DAG(s) 'weather_etl_dag' retrieved from /opt/airflow/dags/weather_etl_dag.py
[2024-08-25T03:22:20.192+0000] {logging_mixin.py:188} INFO - [2024-08-25T03:22:20.191+0000] {dag.py:3089} INFO - Sync 1 DAGs
[2024-08-25T03:22:20.213+0000] {logging_mixin.py:188} INFO - [2024-08-25T03:22:20.213+0000] {dag.py:3947} INFO - Setting next_dagrun for weather_etl_dag to 2024-08-25 00:00:00+00:00, run_after=2024-08-26 00:00:00+00:00
[2024-08-25T03:22:20.264+0000] {processor.py:183} INFO - Processing /opt/airflow/dags/weather_etl_dag.py took 0.498 seconds
[2024-08-25T03:32:20.484+0000] {processor.py:161} INFO - Started process (PID=8897) to work on /opt/airflow/dags/weather_etl_dag.py
[2024-08-25T03:32:20.486+0000] {processor.py:830} INFO - Processing file /opt/airflow/dags/weather_etl_dag.py for tasks to queue
[2024-08-25T03:32:20.489+0000] {logging_mixin.py:188} INFO - [2024-08-25T03:32:20.489+0000] {dagbag.py:545} INFO - Filling up the DagBag from /opt/airflow/dags/weather_etl_dag.py
[2024-08-25T03:32:21.242+0000] {processor.py:840} INFO - DAG(s) 'weather_etl_dag' retrieved from /opt/airflow/dags/weather_etl_dag.py
[2024-08-25T03:32:21.291+0000] {logging_mixin.py:188} INFO - [2024-08-25T03:32:21.291+0000] {dag.py:3089} INFO - Sync 1 DAGs
[2024-08-25T03:32:21.324+0000] {logging_mixin.py:188} INFO - [2024-08-25T03:32:21.324+0000] {dag.py:3947} INFO - Setting next_dagrun for weather_etl_dag to 2024-08-25 00:00:00+00:00, run_after=2024-08-26 00:00:00+00:00
[2024-08-25T03:32:21.934+0000] {processor.py:183} INFO - Processing /opt/airflow/dags/weather_etl_dag.py took 1.457 seconds
[2024-08-25T03:42:22.442+0000] {processor.py:161} INFO - Started process (PID=9020) to work on /opt/airflow/dags/weather_etl_dag.py
[2024-08-25T03:42:22.443+0000] {processor.py:830} INFO - Processing file /opt/airflow/dags/weather_etl_dag.py for tasks to queue
[2024-08-25T03:42:22.446+0000] {logging_mixin.py:188} INFO - [2024-08-25T03:42:22.446+0000] {dagbag.py:545} INFO - Filling up the DagBag from /opt/airflow/dags/weather_etl_dag.py
[2024-08-25T03:42:22.985+0000] {processor.py:840} INFO - DAG(s) 'weather_etl_dag' retrieved from /opt/airflow/dags/weather_etl_dag.py
[2024-08-25T03:42:23.246+0000] {logging_mixin.py:188} INFO - [2024-08-25T03:42:23.245+0000] {dag.py:3089} INFO - Sync 1 DAGs
[2024-08-25T03:42:23.288+0000] {logging_mixin.py:188} INFO - [2024-08-25T03:42:23.287+0000] {dag.py:3947} INFO - Setting next_dagrun for weather_etl_dag to 2024-08-25 00:00:00+00:00, run_after=2024-08-26 00:00:00+00:00
[2024-08-25T03:42:23.400+0000] {processor.py:183} INFO - Processing /opt/airflow/dags/weather_etl_dag.py took 0.966 seconds
[2024-08-25T13:16:19.966+0000] {processor.py:161} INFO - Started process (PID=62) to work on /opt/airflow/dags/weather_etl_dag.py
[2024-08-25T13:16:20.002+0000] {processor.py:830} INFO - Processing file /opt/airflow/dags/weather_etl_dag.py for tasks to queue
[2024-08-25T13:16:20.005+0000] {logging_mixin.py:188} INFO - [2024-08-25T13:16:20.004+0000] {dagbag.py:545} INFO - Filling up the DagBag from /opt/airflow/dags/weather_etl_dag.py
[2024-08-25T13:16:25.975+0000] {processor.py:840} INFO - DAG(s) 'weather_etl_dag' retrieved from /opt/airflow/dags/weather_etl_dag.py
[2024-08-25T13:16:26.201+0000] {logging_mixin.py:188} INFO - [2024-08-25T13:16:26.201+0000] {dag.py:3089} INFO - Sync 1 DAGs
[2024-08-25T13:16:26.286+0000] {logging_mixin.py:188} INFO - [2024-08-25T13:16:26.286+0000] {dag.py:3947} INFO - Setting next_dagrun for weather_etl_dag to 2024-08-25 00:00:00+00:00, run_after=2024-08-26 00:00:00+00:00
[2024-08-25T13:16:26.375+0000] {processor.py:183} INFO - Processing /opt/airflow/dags/weather_etl_dag.py took 6.418 seconds
[2024-08-25T13:26:26.764+0000] {processor.py:161} INFO - Started process (PID=188) to work on /opt/airflow/dags/weather_etl_dag.py
[2024-08-25T13:26:26.765+0000] {processor.py:830} INFO - Processing file /opt/airflow/dags/weather_etl_dag.py for tasks to queue
[2024-08-25T13:26:26.767+0000] {logging_mixin.py:188} INFO - [2024-08-25T13:26:26.767+0000] {dagbag.py:545} INFO - Filling up the DagBag from /opt/airflow/dags/weather_etl_dag.py
[2024-08-25T13:26:27.328+0000] {processor.py:840} INFO - DAG(s) 'weather_etl_dag' retrieved from /opt/airflow/dags/weather_etl_dag.py
[2024-08-25T13:26:27.351+0000] {logging_mixin.py:188} INFO - [2024-08-25T13:26:27.351+0000] {dag.py:3089} INFO - Sync 1 DAGs
[2024-08-25T13:26:27.369+0000] {logging_mixin.py:188} INFO - [2024-08-25T13:26:27.369+0000] {dag.py:3947} INFO - Setting next_dagrun for weather_etl_dag to 2024-08-25 00:00:00+00:00, run_after=2024-08-26 00:00:00+00:00
[2024-08-25T13:26:28.134+0000] {processor.py:183} INFO - Processing /opt/airflow/dags/weather_etl_dag.py took 1.388 seconds
[2024-08-25T13:36:28.891+0000] {processor.py:161} INFO - Started process (PID=312) to work on /opt/airflow/dags/weather_etl_dag.py
[2024-08-25T13:36:28.892+0000] {processor.py:830} INFO - Processing file /opt/airflow/dags/weather_etl_dag.py for tasks to queue
[2024-08-25T13:36:28.893+0000] {logging_mixin.py:188} INFO - [2024-08-25T13:36:28.893+0000] {dagbag.py:545} INFO - Filling up the DagBag from /opt/airflow/dags/weather_etl_dag.py
[2024-08-25T13:36:29.368+0000] {processor.py:840} INFO - DAG(s) 'weather_etl_dag' retrieved from /opt/airflow/dags/weather_etl_dag.py
[2024-08-25T13:36:29.407+0000] {logging_mixin.py:188} INFO - [2024-08-25T13:36:29.407+0000] {dag.py:3089} INFO - Sync 1 DAGs
[2024-08-25T13:36:29.455+0000] {logging_mixin.py:188} INFO - [2024-08-25T13:36:29.455+0000] {dag.py:3947} INFO - Setting next_dagrun for weather_etl_dag to 2024-08-25 00:00:00+00:00, run_after=2024-08-26 00:00:00+00:00
[2024-08-25T13:36:29.865+0000] {processor.py:183} INFO - Processing /opt/airflow/dags/weather_etl_dag.py took 0.979 seconds
[2024-08-25T13:46:30.676+0000] {processor.py:161} INFO - Started process (PID=444) to work on /opt/airflow/dags/weather_etl_dag.py
[2024-08-25T13:46:30.678+0000] {processor.py:830} INFO - Processing file /opt/airflow/dags/weather_etl_dag.py for tasks to queue
[2024-08-25T13:46:30.680+0000] {logging_mixin.py:188} INFO - [2024-08-25T13:46:30.680+0000] {dagbag.py:545} INFO - Filling up the DagBag from /opt/airflow/dags/weather_etl_dag.py
[2024-08-25T13:46:31.409+0000] {processor.py:840} INFO - DAG(s) 'weather_etl_dag' retrieved from /opt/airflow/dags/weather_etl_dag.py
[2024-08-25T13:46:31.451+0000] {logging_mixin.py:188} INFO - [2024-08-25T13:46:31.451+0000] {dag.py:3089} INFO - Sync 1 DAGs
[2024-08-25T13:46:31.481+0000] {logging_mixin.py:188} INFO - [2024-08-25T13:46:31.481+0000] {dag.py:3947} INFO - Setting next_dagrun for weather_etl_dag to 2024-08-25 00:00:00+00:00, run_after=2024-08-26 00:00:00+00:00
[2024-08-25T13:46:31.789+0000] {processor.py:183} INFO - Processing /opt/airflow/dags/weather_etl_dag.py took 1.121 seconds
[2024-08-25T13:56:32.733+0000] {processor.py:161} INFO - Started process (PID=568) to work on /opt/airflow/dags/weather_etl_dag.py
[2024-08-25T13:56:32.736+0000] {processor.py:830} INFO - Processing file /opt/airflow/dags/weather_etl_dag.py for tasks to queue
[2024-08-25T13:56:32.739+0000] {logging_mixin.py:188} INFO - [2024-08-25T13:56:32.738+0000] {dagbag.py:545} INFO - Filling up the DagBag from /opt/airflow/dags/weather_etl_dag.py
[2024-08-25T13:56:33.507+0000] {processor.py:840} INFO - DAG(s) 'weather_etl_dag' retrieved from /opt/airflow/dags/weather_etl_dag.py
[2024-08-25T13:56:33.553+0000] {logging_mixin.py:188} INFO - [2024-08-25T13:56:33.552+0000] {dag.py:3089} INFO - Sync 1 DAGs
[2024-08-25T13:56:33.584+0000] {logging_mixin.py:188} INFO - [2024-08-25T13:56:33.584+0000] {dag.py:3947} INFO - Setting next_dagrun for weather_etl_dag to 2024-08-25 00:00:00+00:00, run_after=2024-08-26 00:00:00+00:00
[2024-08-25T13:56:33.644+0000] {processor.py:183} INFO - Processing /opt/airflow/dags/weather_etl_dag.py took 0.918 seconds
[2024-08-25T14:06:34.280+0000] {processor.py:161} INFO - Started process (PID=692) to work on /opt/airflow/dags/weather_etl_dag.py
[2024-08-25T14:06:34.281+0000] {processor.py:830} INFO - Processing file /opt/airflow/dags/weather_etl_dag.py for tasks to queue
[2024-08-25T14:06:34.286+0000] {logging_mixin.py:188} INFO - [2024-08-25T14:06:34.283+0000] {dagbag.py:545} INFO - Filling up the DagBag from /opt/airflow/dags/weather_etl_dag.py
[2024-08-25T14:06:35.318+0000] {processor.py:840} INFO - DAG(s) 'weather_etl_dag' retrieved from /opt/airflow/dags/weather_etl_dag.py
[2024-08-25T14:06:35.356+0000] {logging_mixin.py:188} INFO - [2024-08-25T14:06:35.356+0000] {dag.py:3089} INFO - Sync 1 DAGs
[2024-08-25T14:06:35.383+0000] {logging_mixin.py:188} INFO - [2024-08-25T14:06:35.382+0000] {dag.py:3947} INFO - Setting next_dagrun for weather_etl_dag to 2024-08-25 00:00:00+00:00, run_after=2024-08-26 00:00:00+00:00
[2024-08-25T14:06:35.503+0000] {processor.py:183} INFO - Processing /opt/airflow/dags/weather_etl_dag.py took 1.233 seconds
[2024-08-25T17:53:22.025+0000] {processor.py:161} INFO - Started process (PID=66) to work on /opt/airflow/dags/weather_etl_dag.py
[2024-08-25T17:53:22.083+0000] {processor.py:830} INFO - Processing file /opt/airflow/dags/weather_etl_dag.py for tasks to queue
[2024-08-25T17:53:22.085+0000] {logging_mixin.py:188} INFO - [2024-08-25T17:53:22.084+0000] {dagbag.py:545} INFO - Filling up the DagBag from /opt/airflow/dags/weather_etl_dag.py
[2024-08-25T17:53:34.396+0000] {processor.py:840} INFO - DAG(s) 'weather_etl_dag' retrieved from /opt/airflow/dags/weather_etl_dag.py
[2024-08-25T17:53:35.317+0000] {logging_mixin.py:188} INFO - [2024-08-25T17:53:35.316+0000] {dag.py:3089} INFO - Sync 1 DAGs
[2024-08-25T17:53:35.496+0000] {logging_mixin.py:188} INFO - [2024-08-25T17:53:35.496+0000] {dag.py:3947} INFO - Setting next_dagrun for weather_etl_dag to 2024-08-25 00:00:00+00:00, run_after=2024-08-26 00:00:00+00:00
[2024-08-25T17:53:35.774+0000] {processor.py:183} INFO - Processing /opt/airflow/dags/weather_etl_dag.py took 13.755 seconds
[2024-08-25T18:03:36.635+0000] {processor.py:161} INFO - Started process (PID=192) to work on /opt/airflow/dags/weather_etl_dag.py
[2024-08-25T18:03:36.636+0000] {processor.py:830} INFO - Processing file /opt/airflow/dags/weather_etl_dag.py for tasks to queue
[2024-08-25T18:03:36.637+0000] {logging_mixin.py:188} INFO - [2024-08-25T18:03:36.637+0000] {dagbag.py:545} INFO - Filling up the DagBag from /opt/airflow/dags/weather_etl_dag.py
[2024-08-25T18:03:37.053+0000] {processor.py:840} INFO - DAG(s) 'weather_etl_dag' retrieved from /opt/airflow/dags/weather_etl_dag.py
[2024-08-25T18:03:37.075+0000] {logging_mixin.py:188} INFO - [2024-08-25T18:03:37.075+0000] {dag.py:3089} INFO - Sync 1 DAGs
[2024-08-25T18:03:37.093+0000] {logging_mixin.py:188} INFO - [2024-08-25T18:03:37.093+0000] {dag.py:3947} INFO - Setting next_dagrun for weather_etl_dag to 2024-08-25 00:00:00+00:00, run_after=2024-08-26 00:00:00+00:00
[2024-08-25T18:03:37.158+0000] {processor.py:183} INFO - Processing /opt/airflow/dags/weather_etl_dag.py took 0.529 seconds
[2024-08-25T18:13:37.646+0000] {processor.py:161} INFO - Started process (PID=313) to work on /opt/airflow/dags/weather_etl_dag.py
[2024-08-25T18:13:37.647+0000] {processor.py:830} INFO - Processing file /opt/airflow/dags/weather_etl_dag.py for tasks to queue
[2024-08-25T18:13:37.649+0000] {logging_mixin.py:188} INFO - [2024-08-25T18:13:37.648+0000] {dagbag.py:545} INFO - Filling up the DagBag from /opt/airflow/dags/weather_etl_dag.py
[2024-08-25T18:13:38.053+0000] {processor.py:840} INFO - DAG(s) 'weather_etl_dag' retrieved from /opt/airflow/dags/weather_etl_dag.py
[2024-08-25T18:13:38.076+0000] {logging_mixin.py:188} INFO - [2024-08-25T18:13:38.075+0000] {dag.py:3089} INFO - Sync 1 DAGs
[2024-08-25T18:13:38.095+0000] {logging_mixin.py:188} INFO - [2024-08-25T18:13:38.095+0000] {dag.py:3947} INFO - Setting next_dagrun for weather_etl_dag to 2024-08-25 00:00:00+00:00, run_after=2024-08-26 00:00:00+00:00
[2024-08-25T18:13:38.147+0000] {processor.py:183} INFO - Processing /opt/airflow/dags/weather_etl_dag.py took 0.506 seconds
[2024-08-25T18:23:38.479+0000] {processor.py:161} INFO - Started process (PID=435) to work on /opt/airflow/dags/weather_etl_dag.py
[2024-08-25T18:23:38.480+0000] {processor.py:830} INFO - Processing file /opt/airflow/dags/weather_etl_dag.py for tasks to queue
[2024-08-25T18:23:38.482+0000] {logging_mixin.py:188} INFO - [2024-08-25T18:23:38.481+0000] {dagbag.py:545} INFO - Filling up the DagBag from /opt/airflow/dags/weather_etl_dag.py
[2024-08-25T18:23:38.942+0000] {processor.py:840} INFO - DAG(s) 'weather_etl_dag' retrieved from /opt/airflow/dags/weather_etl_dag.py
[2024-08-25T18:23:38.973+0000] {logging_mixin.py:188} INFO - [2024-08-25T18:23:38.973+0000] {dag.py:3089} INFO - Sync 1 DAGs
[2024-08-25T18:23:39.002+0000] {logging_mixin.py:188} INFO - [2024-08-25T18:23:39.002+0000] {dag.py:3947} INFO - Setting next_dagrun for weather_etl_dag to 2024-08-25 00:00:00+00:00, run_after=2024-08-26 00:00:00+00:00
[2024-08-25T18:23:39.076+0000] {processor.py:183} INFO - Processing /opt/airflow/dags/weather_etl_dag.py took 0.602 seconds
[2024-08-25T18:33:39.950+0000] {processor.py:161} INFO - Started process (PID=558) to work on /opt/airflow/dags/weather_etl_dag.py
[2024-08-25T18:33:39.951+0000] {processor.py:830} INFO - Processing file /opt/airflow/dags/weather_etl_dag.py for tasks to queue
[2024-08-25T18:33:39.953+0000] {logging_mixin.py:188} INFO - [2024-08-25T18:33:39.953+0000] {dagbag.py:545} INFO - Filling up the DagBag from /opt/airflow/dags/weather_etl_dag.py
[2024-08-25T18:33:40.528+0000] {processor.py:840} INFO - DAG(s) 'weather_etl_dag' retrieved from /opt/airflow/dags/weather_etl_dag.py
[2024-08-25T18:33:40.551+0000] {logging_mixin.py:188} INFO - [2024-08-25T18:33:40.551+0000] {dag.py:3089} INFO - Sync 1 DAGs
[2024-08-25T18:33:40.569+0000] {logging_mixin.py:188} INFO - [2024-08-25T18:33:40.569+0000] {dag.py:3947} INFO - Setting next_dagrun for weather_etl_dag to 2024-08-25 00:00:00+00:00, run_after=2024-08-26 00:00:00+00:00
[2024-08-25T18:33:40.648+0000] {processor.py:183} INFO - Processing /opt/airflow/dags/weather_etl_dag.py took 0.704 seconds
[2024-08-25T18:43:41.607+0000] {processor.py:161} INFO - Started process (PID=683) to work on /opt/airflow/dags/weather_etl_dag.py
[2024-08-25T18:43:41.608+0000] {processor.py:830} INFO - Processing file /opt/airflow/dags/weather_etl_dag.py for tasks to queue
[2024-08-25T18:43:41.610+0000] {logging_mixin.py:188} INFO - [2024-08-25T18:43:41.610+0000] {dagbag.py:545} INFO - Filling up the DagBag from /opt/airflow/dags/weather_etl_dag.py
[2024-08-25T18:43:42.249+0000] {processor.py:840} INFO - DAG(s) 'weather_etl_dag' retrieved from /opt/airflow/dags/weather_etl_dag.py
[2024-08-25T18:43:42.271+0000] {logging_mixin.py:188} INFO - [2024-08-25T18:43:42.271+0000] {dag.py:3089} INFO - Sync 1 DAGs
[2024-08-25T18:43:42.287+0000] {logging_mixin.py:188} INFO - [2024-08-25T18:43:42.287+0000] {dag.py:3947} INFO - Setting next_dagrun for weather_etl_dag to 2024-08-25 00:00:00+00:00, run_after=2024-08-26 00:00:00+00:00
[2024-08-25T18:43:42.809+0000] {processor.py:183} INFO - Processing /opt/airflow/dags/weather_etl_dag.py took 1.207 seconds
[2024-08-25T18:53:42.929+0000] {processor.py:161} INFO - Started process (PID=808) to work on /opt/airflow/dags/weather_etl_dag.py
[2024-08-25T18:53:42.930+0000] {processor.py:830} INFO - Processing file /opt/airflow/dags/weather_etl_dag.py for tasks to queue
[2024-08-25T18:53:42.933+0000] {logging_mixin.py:188} INFO - [2024-08-25T18:53:42.932+0000] {dagbag.py:545} INFO - Filling up the DagBag from /opt/airflow/dags/weather_etl_dag.py
[2024-08-25T18:53:43.582+0000] {processor.py:840} INFO - DAG(s) 'weather_etl_dag' retrieved from /opt/airflow/dags/weather_etl_dag.py
[2024-08-25T18:53:43.613+0000] {logging_mixin.py:188} INFO - [2024-08-25T18:53:43.612+0000] {dag.py:3089} INFO - Sync 1 DAGs
[2024-08-25T18:53:43.637+0000] {logging_mixin.py:188} INFO - [2024-08-25T18:53:43.636+0000] {dag.py:3947} INFO - Setting next_dagrun for weather_etl_dag to 2024-08-25 00:00:00+00:00, run_after=2024-08-26 00:00:00+00:00
[2024-08-25T18:53:44.341+0000] {processor.py:183} INFO - Processing /opt/airflow/dags/weather_etl_dag.py took 1.427 seconds
[2024-08-25T19:03:45.185+0000] {processor.py:161} INFO - Started process (PID=933) to work on /opt/airflow/dags/weather_etl_dag.py
[2024-08-25T19:03:45.185+0000] {processor.py:830} INFO - Processing file /opt/airflow/dags/weather_etl_dag.py for tasks to queue
[2024-08-25T19:03:45.187+0000] {logging_mixin.py:188} INFO - [2024-08-25T19:03:45.187+0000] {dagbag.py:545} INFO - Filling up the DagBag from /opt/airflow/dags/weather_etl_dag.py
[2024-08-25T19:03:45.562+0000] {processor.py:840} INFO - DAG(s) 'weather_etl_dag' retrieved from /opt/airflow/dags/weather_etl_dag.py
[2024-08-25T19:03:45.584+0000] {logging_mixin.py:188} INFO - [2024-08-25T19:03:45.584+0000] {dag.py:3089} INFO - Sync 1 DAGs
[2024-08-25T19:03:45.608+0000] {logging_mixin.py:188} INFO - [2024-08-25T19:03:45.608+0000] {dag.py:3947} INFO - Setting next_dagrun for weather_etl_dag to 2024-08-25 00:00:00+00:00, run_after=2024-08-26 00:00:00+00:00
[2024-08-25T19:03:45.681+0000] {processor.py:183} INFO - Processing /opt/airflow/dags/weather_etl_dag.py took 0.501 seconds
[2024-08-25T19:13:46.215+0000] {processor.py:161} INFO - Started process (PID=1060) to work on /opt/airflow/dags/weather_etl_dag.py
[2024-08-25T19:13:46.215+0000] {processor.py:830} INFO - Processing file /opt/airflow/dags/weather_etl_dag.py for tasks to queue
[2024-08-25T19:13:46.217+0000] {logging_mixin.py:188} INFO - [2024-08-25T19:13:46.217+0000] {dagbag.py:545} INFO - Filling up the DagBag from /opt/airflow/dags/weather_etl_dag.py
[2024-08-25T19:13:46.653+0000] {processor.py:840} INFO - DAG(s) 'weather_etl_dag' retrieved from /opt/airflow/dags/weather_etl_dag.py
[2024-08-25T19:13:46.675+0000] {logging_mixin.py:188} INFO - [2024-08-25T19:13:46.675+0000] {dag.py:3089} INFO - Sync 1 DAGs
[2024-08-25T19:13:46.693+0000] {logging_mixin.py:188} INFO - [2024-08-25T19:13:46.693+0000] {dag.py:3947} INFO - Setting next_dagrun for weather_etl_dag to 2024-08-25 00:00:00+00:00, run_after=2024-08-26 00:00:00+00:00
[2024-08-25T19:13:46.797+0000] {processor.py:183} INFO - Processing /opt/airflow/dags/weather_etl_dag.py took 0.588 seconds
[2024-08-25T19:23:47.143+0000] {processor.py:161} INFO - Started process (PID=1185) to work on /opt/airflow/dags/weather_etl_dag.py
[2024-08-25T19:23:47.144+0000] {processor.py:830} INFO - Processing file /opt/airflow/dags/weather_etl_dag.py for tasks to queue
[2024-08-25T19:23:47.146+0000] {logging_mixin.py:188} INFO - [2024-08-25T19:23:47.145+0000] {dagbag.py:545} INFO - Filling up the DagBag from /opt/airflow/dags/weather_etl_dag.py
[2024-08-25T19:23:47.650+0000] {processor.py:840} INFO - DAG(s) 'weather_etl_dag' retrieved from /opt/airflow/dags/weather_etl_dag.py
[2024-08-25T19:23:47.672+0000] {logging_mixin.py:188} INFO - [2024-08-25T19:23:47.672+0000] {dag.py:3089} INFO - Sync 1 DAGs
[2024-08-25T19:23:47.691+0000] {logging_mixin.py:188} INFO - [2024-08-25T19:23:47.691+0000] {dag.py:3947} INFO - Setting next_dagrun for weather_etl_dag to 2024-08-25 00:00:00+00:00, run_after=2024-08-26 00:00:00+00:00
[2024-08-25T19:23:47.744+0000] {processor.py:183} INFO - Processing /opt/airflow/dags/weather_etl_dag.py took 0.608 seconds
[2024-08-25T19:33:48.124+0000] {processor.py:161} INFO - Started process (PID=1310) to work on /opt/airflow/dags/weather_etl_dag.py
[2024-08-25T19:33:48.127+0000] {processor.py:830} INFO - Processing file /opt/airflow/dags/weather_etl_dag.py for tasks to queue
[2024-08-25T19:33:48.129+0000] {logging_mixin.py:188} INFO - [2024-08-25T19:33:48.129+0000] {dagbag.py:545} INFO - Filling up the DagBag from /opt/airflow/dags/weather_etl_dag.py
[2024-08-25T19:33:48.661+0000] {processor.py:840} INFO - DAG(s) 'weather_etl_dag' retrieved from /opt/airflow/dags/weather_etl_dag.py
[2024-08-25T19:33:48.684+0000] {logging_mixin.py:188} INFO - [2024-08-25T19:33:48.683+0000] {dag.py:3089} INFO - Sync 1 DAGs
[2024-08-25T19:33:48.700+0000] {logging_mixin.py:188} INFO - [2024-08-25T19:33:48.700+0000] {dag.py:3947} INFO - Setting next_dagrun for weather_etl_dag to 2024-08-25 00:00:00+00:00, run_after=2024-08-26 00:00:00+00:00
[2024-08-25T19:33:48.772+0000] {processor.py:183} INFO - Processing /opt/airflow/dags/weather_etl_dag.py took 0.656 seconds
[2024-08-25T19:43:49.390+0000] {processor.py:161} INFO - Started process (PID=1436) to work on /opt/airflow/dags/weather_etl_dag.py
[2024-08-25T19:43:49.391+0000] {processor.py:830} INFO - Processing file /opt/airflow/dags/weather_etl_dag.py for tasks to queue
[2024-08-25T19:43:49.393+0000] {logging_mixin.py:188} INFO - [2024-08-25T19:43:49.392+0000] {dagbag.py:545} INFO - Filling up the DagBag from /opt/airflow/dags/weather_etl_dag.py
[2024-08-25T19:43:49.894+0000] {processor.py:840} INFO - DAG(s) 'weather_etl_dag' retrieved from /opt/airflow/dags/weather_etl_dag.py
[2024-08-25T19:43:49.919+0000] {logging_mixin.py:188} INFO - [2024-08-25T19:43:49.918+0000] {dag.py:3089} INFO - Sync 1 DAGs
[2024-08-25T19:43:49.942+0000] {logging_mixin.py:188} INFO - [2024-08-25T19:43:49.942+0000] {dag.py:3947} INFO - Setting next_dagrun for weather_etl_dag to 2024-08-25 00:00:00+00:00, run_after=2024-08-26 00:00:00+00:00
[2024-08-25T19:43:50.045+0000] {processor.py:183} INFO - Processing /opt/airflow/dags/weather_etl_dag.py took 0.660 seconds
[2024-08-25T19:53:50.174+0000] {processor.py:161} INFO - Started process (PID=1561) to work on /opt/airflow/dags/weather_etl_dag.py
[2024-08-25T19:53:50.176+0000] {processor.py:830} INFO - Processing file /opt/airflow/dags/weather_etl_dag.py for tasks to queue
[2024-08-25T19:53:50.178+0000] {logging_mixin.py:188} INFO - [2024-08-25T19:53:50.177+0000] {dagbag.py:545} INFO - Filling up the DagBag from /opt/airflow/dags/weather_etl_dag.py
[2024-08-25T19:53:50.592+0000] {processor.py:840} INFO - DAG(s) 'weather_etl_dag' retrieved from /opt/airflow/dags/weather_etl_dag.py
[2024-08-25T19:53:50.616+0000] {logging_mixin.py:188} INFO - [2024-08-25T19:53:50.615+0000] {dag.py:3089} INFO - Sync 1 DAGs
[2024-08-25T19:53:50.632+0000] {logging_mixin.py:188} INFO - [2024-08-25T19:53:50.632+0000] {dag.py:3947} INFO - Setting next_dagrun for weather_etl_dag to 2024-08-25 00:00:00+00:00, run_after=2024-08-26 00:00:00+00:00
[2024-08-25T19:53:51.969+0000] {processor.py:183} INFO - Processing /opt/airflow/dags/weather_etl_dag.py took 1.800 seconds
[2024-08-25T20:03:52.226+0000] {processor.py:161} INFO - Started process (PID=1685) to work on /opt/airflow/dags/weather_etl_dag.py
[2024-08-25T20:03:52.227+0000] {processor.py:830} INFO - Processing file /opt/airflow/dags/weather_etl_dag.py for tasks to queue
[2024-08-25T20:03:52.228+0000] {logging_mixin.py:188} INFO - [2024-08-25T20:03:52.228+0000] {dagbag.py:545} INFO - Filling up the DagBag from /opt/airflow/dags/weather_etl_dag.py
[2024-08-25T20:03:52.631+0000] {processor.py:840} INFO - DAG(s) 'weather_etl_dag' retrieved from /opt/airflow/dags/weather_etl_dag.py
[2024-08-25T20:03:52.654+0000] {logging_mixin.py:188} INFO - [2024-08-25T20:03:52.654+0000] {dag.py:3089} INFO - Sync 1 DAGs
[2024-08-25T20:03:52.671+0000] {logging_mixin.py:188} INFO - [2024-08-25T20:03:52.671+0000] {dag.py:3947} INFO - Setting next_dagrun for weather_etl_dag to 2024-08-25 00:00:00+00:00, run_after=2024-08-26 00:00:00+00:00
[2024-08-25T20:03:52.727+0000] {processor.py:183} INFO - Processing /opt/airflow/dags/weather_etl_dag.py took 0.506 seconds
[2024-08-25T20:13:52.799+0000] {processor.py:161} INFO - Started process (PID=1813) to work on /opt/airflow/dags/weather_etl_dag.py
[2024-08-25T20:13:52.800+0000] {processor.py:830} INFO - Processing file /opt/airflow/dags/weather_etl_dag.py for tasks to queue
[2024-08-25T20:13:52.802+0000] {logging_mixin.py:188} INFO - [2024-08-25T20:13:52.801+0000] {dagbag.py:545} INFO - Filling up the DagBag from /opt/airflow/dags/weather_etl_dag.py
[2024-08-25T20:13:53.306+0000] {processor.py:840} INFO - DAG(s) 'weather_etl_dag' retrieved from /opt/airflow/dags/weather_etl_dag.py
[2024-08-25T20:13:53.338+0000] {logging_mixin.py:188} INFO - [2024-08-25T20:13:53.338+0000] {dag.py:3089} INFO - Sync 1 DAGs
[2024-08-25T20:13:53.362+0000] {logging_mixin.py:188} INFO - [2024-08-25T20:13:53.362+0000] {dag.py:3947} INFO - Setting next_dagrun for weather_etl_dag to 2024-08-25 00:00:00+00:00, run_after=2024-08-26 00:00:00+00:00
[2024-08-25T20:13:53.422+0000] {processor.py:183} INFO - Processing /opt/airflow/dags/weather_etl_dag.py took 0.629 seconds
[2024-08-25T20:23:53.807+0000] {processor.py:161} INFO - Started process (PID=1939) to work on /opt/airflow/dags/weather_etl_dag.py
[2024-08-25T20:23:53.808+0000] {processor.py:830} INFO - Processing file /opt/airflow/dags/weather_etl_dag.py for tasks to queue
[2024-08-25T20:23:53.811+0000] {logging_mixin.py:188} INFO - [2024-08-25T20:23:53.811+0000] {dagbag.py:545} INFO - Filling up the DagBag from /opt/airflow/dags/weather_etl_dag.py
[2024-08-25T20:23:54.427+0000] {processor.py:840} INFO - DAG(s) 'weather_etl_dag' retrieved from /opt/airflow/dags/weather_etl_dag.py
[2024-08-25T20:23:54.449+0000] {logging_mixin.py:188} INFO - [2024-08-25T20:23:54.448+0000] {dag.py:3089} INFO - Sync 1 DAGs
[2024-08-25T20:23:54.464+0000] {logging_mixin.py:188} INFO - [2024-08-25T20:23:54.464+0000] {dag.py:3947} INFO - Setting next_dagrun for weather_etl_dag to 2024-08-25 00:00:00+00:00, run_after=2024-08-26 00:00:00+00:00
[2024-08-25T20:23:54.525+0000] {processor.py:183} INFO - Processing /opt/airflow/dags/weather_etl_dag.py took 0.727 seconds
[2024-08-25T20:33:55.337+0000] {processor.py:161} INFO - Started process (PID=2062) to work on /opt/airflow/dags/weather_etl_dag.py
[2024-08-25T20:33:55.338+0000] {processor.py:830} INFO - Processing file /opt/airflow/dags/weather_etl_dag.py for tasks to queue
[2024-08-25T20:33:55.341+0000] {logging_mixin.py:188} INFO - [2024-08-25T20:33:55.340+0000] {dagbag.py:545} INFO - Filling up the DagBag from /opt/airflow/dags/weather_etl_dag.py
[2024-08-25T20:33:55.754+0000] {processor.py:840} INFO - DAG(s) 'weather_etl_dag' retrieved from /opt/airflow/dags/weather_etl_dag.py
[2024-08-25T20:33:55.778+0000] {logging_mixin.py:188} INFO - [2024-08-25T20:33:55.777+0000] {dag.py:3089} INFO - Sync 1 DAGs
[2024-08-25T20:33:55.795+0000] {logging_mixin.py:188} INFO - [2024-08-25T20:33:55.795+0000] {dag.py:3947} INFO - Setting next_dagrun for weather_etl_dag to 2024-08-25 00:00:00+00:00, run_after=2024-08-26 00:00:00+00:00
[2024-08-25T20:33:56.006+0000] {processor.py:183} INFO - Processing /opt/airflow/dags/weather_etl_dag.py took 0.674 seconds
[2024-08-25T20:43:56.856+0000] {processor.py:161} INFO - Started process (PID=2187) to work on /opt/airflow/dags/weather_etl_dag.py
[2024-08-25T20:43:56.857+0000] {processor.py:830} INFO - Processing file /opt/airflow/dags/weather_etl_dag.py for tasks to queue
[2024-08-25T20:43:56.859+0000] {logging_mixin.py:188} INFO - [2024-08-25T20:43:56.858+0000] {dagbag.py:545} INFO - Filling up the DagBag from /opt/airflow/dags/weather_etl_dag.py
[2024-08-25T20:43:57.231+0000] {processor.py:840} INFO - DAG(s) 'weather_etl_dag' retrieved from /opt/airflow/dags/weather_etl_dag.py
[2024-08-25T20:43:57.254+0000] {logging_mixin.py:188} INFO - [2024-08-25T20:43:57.253+0000] {dag.py:3089} INFO - Sync 1 DAGs
[2024-08-25T20:43:57.269+0000] {logging_mixin.py:188} INFO - [2024-08-25T20:43:57.269+0000] {dag.py:3947} INFO - Setting next_dagrun for weather_etl_dag to 2024-08-25 00:00:00+00:00, run_after=2024-08-26 00:00:00+00:00
[2024-08-25T20:43:57.649+0000] {processor.py:183} INFO - Processing /opt/airflow/dags/weather_etl_dag.py took 0.798 seconds
[2024-08-25T20:53:58.115+0000] {processor.py:161} INFO - Started process (PID=2314) to work on /opt/airflow/dags/weather_etl_dag.py
[2024-08-25T20:53:58.116+0000] {processor.py:830} INFO - Processing file /opt/airflow/dags/weather_etl_dag.py for tasks to queue
[2024-08-25T20:53:58.118+0000] {logging_mixin.py:188} INFO - [2024-08-25T20:53:58.118+0000] {dagbag.py:545} INFO - Filling up the DagBag from /opt/airflow/dags/weather_etl_dag.py
[2024-08-25T20:53:58.616+0000] {processor.py:840} INFO - DAG(s) 'weather_etl_dag' retrieved from /opt/airflow/dags/weather_etl_dag.py
[2024-08-25T20:53:58.647+0000] {logging_mixin.py:188} INFO - [2024-08-25T20:53:58.647+0000] {dag.py:3089} INFO - Sync 1 DAGs
[2024-08-25T20:53:58.672+0000] {logging_mixin.py:188} INFO - [2024-08-25T20:53:58.672+0000] {dag.py:3947} INFO - Setting next_dagrun for weather_etl_dag to 2024-08-25 00:00:00+00:00, run_after=2024-08-26 00:00:00+00:00
[2024-08-25T20:53:58.730+0000] {processor.py:183} INFO - Processing /opt/airflow/dags/weather_etl_dag.py took 0.619 seconds
[2024-08-25T21:03:59.117+0000] {processor.py:161} INFO - Started process (PID=2438) to work on /opt/airflow/dags/weather_etl_dag.py
[2024-08-25T21:03:59.119+0000] {processor.py:830} INFO - Processing file /opt/airflow/dags/weather_etl_dag.py for tasks to queue
[2024-08-25T21:03:59.121+0000] {logging_mixin.py:188} INFO - [2024-08-25T21:03:59.121+0000] {dagbag.py:545} INFO - Filling up the DagBag from /opt/airflow/dags/weather_etl_dag.py
[2024-08-25T21:03:59.890+0000] {processor.py:840} INFO - DAG(s) 'weather_etl_dag' retrieved from /opt/airflow/dags/weather_etl_dag.py
[2024-08-25T21:03:59.952+0000] {logging_mixin.py:188} INFO - [2024-08-25T21:03:59.951+0000] {dag.py:3089} INFO - Sync 1 DAGs
[2024-08-25T21:03:59.994+0000] {logging_mixin.py:188} INFO - [2024-08-25T21:03:59.994+0000] {dag.py:3947} INFO - Setting next_dagrun for weather_etl_dag to 2024-08-25 00:00:00+00:00, run_after=2024-08-26 00:00:00+00:00
[2024-08-25T21:04:01.099+0000] {processor.py:183} INFO - Processing /opt/airflow/dags/weather_etl_dag.py took 1.990 seconds
[2024-08-25T21:14:01.559+0000] {processor.py:161} INFO - Started process (PID=2563) to work on /opt/airflow/dags/weather_etl_dag.py
[2024-08-25T21:14:01.561+0000] {processor.py:830} INFO - Processing file /opt/airflow/dags/weather_etl_dag.py for tasks to queue
[2024-08-25T21:14:01.566+0000] {logging_mixin.py:188} INFO - [2024-08-25T21:14:01.565+0000] {dagbag.py:545} INFO - Filling up the DagBag from /opt/airflow/dags/weather_etl_dag.py
[2024-08-25T21:14:02.279+0000] {processor.py:840} INFO - DAG(s) 'weather_etl_dag' retrieved from /opt/airflow/dags/weather_etl_dag.py
[2024-08-25T21:14:02.304+0000] {logging_mixin.py:188} INFO - [2024-08-25T21:14:02.303+0000] {dag.py:3089} INFO - Sync 1 DAGs
[2024-08-25T21:14:02.324+0000] {logging_mixin.py:188} INFO - [2024-08-25T21:14:02.324+0000] {dag.py:3947} INFO - Setting next_dagrun for weather_etl_dag to 2024-08-25 00:00:00+00:00, run_after=2024-08-26 00:00:00+00:00
[2024-08-25T21:14:02.385+0000] {processor.py:183} INFO - Processing /opt/airflow/dags/weather_etl_dag.py took 0.836 seconds
[2024-08-25T21:24:02.700+0000] {processor.py:161} INFO - Started process (PID=2688) to work on /opt/airflow/dags/weather_etl_dag.py
[2024-08-25T21:24:02.702+0000] {processor.py:830} INFO - Processing file /opt/airflow/dags/weather_etl_dag.py for tasks to queue
[2024-08-25T21:24:02.705+0000] {logging_mixin.py:188} INFO - [2024-08-25T21:24:02.704+0000] {dagbag.py:545} INFO - Filling up the DagBag from /opt/airflow/dags/weather_etl_dag.py
[2024-08-25T21:24:03.193+0000] {processor.py:840} INFO - DAG(s) 'weather_etl_dag' retrieved from /opt/airflow/dags/weather_etl_dag.py
[2024-08-25T21:24:03.217+0000] {logging_mixin.py:188} INFO - [2024-08-25T21:24:03.216+0000] {dag.py:3089} INFO - Sync 1 DAGs
[2024-08-25T21:24:03.249+0000] {logging_mixin.py:188} INFO - [2024-08-25T21:24:03.248+0000] {dag.py:3947} INFO - Setting next_dagrun for weather_etl_dag to 2024-08-25 00:00:00+00:00, run_after=2024-08-26 00:00:00+00:00
[2024-08-25T21:24:03.340+0000] {processor.py:183} INFO - Processing /opt/airflow/dags/weather_etl_dag.py took 0.649 seconds
[2024-08-25T21:34:03.947+0000] {processor.py:161} INFO - Started process (PID=2810) to work on /opt/airflow/dags/weather_etl_dag.py
[2024-08-25T21:34:03.948+0000] {processor.py:830} INFO - Processing file /opt/airflow/dags/weather_etl_dag.py for tasks to queue
[2024-08-25T21:34:03.950+0000] {logging_mixin.py:188} INFO - [2024-08-25T21:34:03.950+0000] {dagbag.py:545} INFO - Filling up the DagBag from /opt/airflow/dags/weather_etl_dag.py
[2024-08-25T21:34:04.373+0000] {processor.py:840} INFO - DAG(s) 'weather_etl_dag' retrieved from /opt/airflow/dags/weather_etl_dag.py
[2024-08-25T21:34:04.398+0000] {logging_mixin.py:188} INFO - [2024-08-25T21:34:04.398+0000] {dag.py:3089} INFO - Sync 1 DAGs
[2024-08-25T21:34:04.415+0000] {logging_mixin.py:188} INFO - [2024-08-25T21:34:04.415+0000] {dag.py:3947} INFO - Setting next_dagrun for weather_etl_dag to 2024-08-25 00:00:00+00:00, run_after=2024-08-26 00:00:00+00:00
[2024-08-25T21:34:04.464+0000] {processor.py:183} INFO - Processing /opt/airflow/dags/weather_etl_dag.py took 0.522 seconds
[2024-08-25T21:44:04.600+0000] {processor.py:161} INFO - Started process (PID=2939) to work on /opt/airflow/dags/weather_etl_dag.py
[2024-08-25T21:44:04.601+0000] {processor.py:830} INFO - Processing file /opt/airflow/dags/weather_etl_dag.py for tasks to queue
[2024-08-25T21:44:04.603+0000] {logging_mixin.py:188} INFO - [2024-08-25T21:44:04.602+0000] {dagbag.py:545} INFO - Filling up the DagBag from /opt/airflow/dags/weather_etl_dag.py
[2024-08-25T21:44:04.987+0000] {processor.py:840} INFO - DAG(s) 'weather_etl_dag' retrieved from /opt/airflow/dags/weather_etl_dag.py
[2024-08-25T21:44:05.011+0000] {logging_mixin.py:188} INFO - [2024-08-25T21:44:05.010+0000] {dag.py:3089} INFO - Sync 1 DAGs
[2024-08-25T21:44:05.030+0000] {logging_mixin.py:188} INFO - [2024-08-25T21:44:05.030+0000] {dag.py:3947} INFO - Setting next_dagrun for weather_etl_dag to 2024-08-25 00:00:00+00:00, run_after=2024-08-26 00:00:00+00:00
[2024-08-25T21:44:05.230+0000] {processor.py:183} INFO - Processing /opt/airflow/dags/weather_etl_dag.py took 0.635 seconds
[2024-08-25T21:54:05.483+0000] {processor.py:161} INFO - Started process (PID=3064) to work on /opt/airflow/dags/weather_etl_dag.py
[2024-08-25T21:54:05.484+0000] {processor.py:830} INFO - Processing file /opt/airflow/dags/weather_etl_dag.py for tasks to queue
[2024-08-25T21:54:05.486+0000] {logging_mixin.py:188} INFO - [2024-08-25T21:54:05.485+0000] {dagbag.py:545} INFO - Filling up the DagBag from /opt/airflow/dags/weather_etl_dag.py
[2024-08-25T21:54:05.898+0000] {processor.py:840} INFO - DAG(s) 'weather_etl_dag' retrieved from /opt/airflow/dags/weather_etl_dag.py
[2024-08-25T21:54:05.921+0000] {logging_mixin.py:188} INFO - [2024-08-25T21:54:05.921+0000] {dag.py:3089} INFO - Sync 1 DAGs
[2024-08-25T21:54:05.937+0000] {logging_mixin.py:188} INFO - [2024-08-25T21:54:05.937+0000] {dag.py:3947} INFO - Setting next_dagrun for weather_etl_dag to 2024-08-25 00:00:00+00:00, run_after=2024-08-26 00:00:00+00:00
[2024-08-25T21:54:05.990+0000] {processor.py:183} INFO - Processing /opt/airflow/dags/weather_etl_dag.py took 0.513 seconds
[2024-08-25T22:24:28.017+0000] {processor.py:161} INFO - Started process (PID=3084) to work on /opt/airflow/dags/weather_etl_dag.py
[2024-08-25T22:24:28.038+0000] {processor.py:830} INFO - Processing file /opt/airflow/dags/weather_etl_dag.py for tasks to queue
[2024-08-25T22:24:28.040+0000] {logging_mixin.py:188} INFO - [2024-08-25T22:24:28.039+0000] {dagbag.py:545} INFO - Filling up the DagBag from /opt/airflow/dags/weather_etl_dag.py
[2024-08-25T22:24:31.588+0000] {processor.py:840} INFO - DAG(s) 'weather_etl_dag' retrieved from /opt/airflow/dags/weather_etl_dag.py
[2024-08-25T22:24:31.810+0000] {logging_mixin.py:188} INFO - [2024-08-25T22:24:31.809+0000] {dag.py:3089} INFO - Sync 1 DAGs
[2024-08-25T22:24:31.987+0000] {logging_mixin.py:188} INFO - [2024-08-25T22:24:31.987+0000] {dag.py:3947} INFO - Setting next_dagrun for weather_etl_dag to 2024-08-25 00:00:00+00:00, run_after=2024-08-26 00:00:00+00:00
[2024-08-25T22:24:32.601+0000] {processor.py:183} INFO - Processing /opt/airflow/dags/weather_etl_dag.py took 4.599 seconds
[2024-08-25T22:34:32.929+0000] {processor.py:161} INFO - Started process (PID=3207) to work on /opt/airflow/dags/weather_etl_dag.py
[2024-08-25T22:34:32.930+0000] {processor.py:830} INFO - Processing file /opt/airflow/dags/weather_etl_dag.py for tasks to queue
[2024-08-25T22:34:32.932+0000] {logging_mixin.py:188} INFO - [2024-08-25T22:34:32.932+0000] {dagbag.py:545} INFO - Filling up the DagBag from /opt/airflow/dags/weather_etl_dag.py
[2024-08-25T22:34:33.481+0000] {processor.py:840} INFO - DAG(s) 'weather_etl_dag' retrieved from /opt/airflow/dags/weather_etl_dag.py
[2024-08-25T22:34:33.505+0000] {logging_mixin.py:188} INFO - [2024-08-25T22:34:33.505+0000] {dag.py:3089} INFO - Sync 1 DAGs
[2024-08-25T22:34:33.523+0000] {logging_mixin.py:188} INFO - [2024-08-25T22:34:33.523+0000] {dag.py:3947} INFO - Setting next_dagrun for weather_etl_dag to 2024-08-25 00:00:00+00:00, run_after=2024-08-26 00:00:00+00:00
[2024-08-25T22:34:33.581+0000] {processor.py:183} INFO - Processing /opt/airflow/dags/weather_etl_dag.py took 0.658 seconds
[2024-08-25T22:44:34.616+0000] {processor.py:161} INFO - Started process (PID=3330) to work on /opt/airflow/dags/weather_etl_dag.py
[2024-08-25T22:44:34.617+0000] {processor.py:830} INFO - Processing file /opt/airflow/dags/weather_etl_dag.py for tasks to queue
[2024-08-25T22:44:34.619+0000] {logging_mixin.py:188} INFO - [2024-08-25T22:44:34.619+0000] {dagbag.py:545} INFO - Filling up the DagBag from /opt/airflow/dags/weather_etl_dag.py
[2024-08-25T22:44:35.383+0000] {processor.py:840} INFO - DAG(s) 'weather_etl_dag' retrieved from /opt/airflow/dags/weather_etl_dag.py
[2024-08-25T22:44:35.410+0000] {logging_mixin.py:188} INFO - [2024-08-25T22:44:35.410+0000] {dag.py:3089} INFO - Sync 1 DAGs
[2024-08-25T22:44:35.428+0000] {logging_mixin.py:188} INFO - [2024-08-25T22:44:35.428+0000] {dag.py:3947} INFO - Setting next_dagrun for weather_etl_dag to 2024-08-25 00:00:00+00:00, run_after=2024-08-26 00:00:00+00:00
[2024-08-25T22:44:35.518+0000] {processor.py:183} INFO - Processing /opt/airflow/dags/weather_etl_dag.py took 0.908 seconds
[2024-08-25T22:54:35.580+0000] {processor.py:161} INFO - Started process (PID=3457) to work on /opt/airflow/dags/weather_etl_dag.py
[2024-08-25T22:54:35.582+0000] {processor.py:830} INFO - Processing file /opt/airflow/dags/weather_etl_dag.py for tasks to queue
[2024-08-25T22:54:35.584+0000] {logging_mixin.py:188} INFO - [2024-08-25T22:54:35.584+0000] {dagbag.py:545} INFO - Filling up the DagBag from /opt/airflow/dags/weather_etl_dag.py
[2024-08-25T22:54:37.083+0000] {processor.py:840} INFO - DAG(s) 'weather_etl_dag' retrieved from /opt/airflow/dags/weather_etl_dag.py
[2024-08-25T22:54:37.211+0000] {logging_mixin.py:188} INFO - [2024-08-25T22:54:37.210+0000] {dag.py:3089} INFO - Sync 1 DAGs
[2024-08-25T22:54:37.248+0000] {logging_mixin.py:188} INFO - [2024-08-25T22:54:37.248+0000] {dag.py:3947} INFO - Setting next_dagrun for weather_etl_dag to 2024-08-25 00:00:00+00:00, run_after=2024-08-26 00:00:00+00:00
[2024-08-25T22:54:37.390+0000] {processor.py:183} INFO - Processing /opt/airflow/dags/weather_etl_dag.py took 1.819 seconds
[2024-08-25T23:04:38.439+0000] {processor.py:161} INFO - Started process (PID=3583) to work on /opt/airflow/dags/weather_etl_dag.py
[2024-08-25T23:04:38.440+0000] {processor.py:830} INFO - Processing file /opt/airflow/dags/weather_etl_dag.py for tasks to queue
[2024-08-25T23:04:38.442+0000] {logging_mixin.py:188} INFO - [2024-08-25T23:04:38.442+0000] {dagbag.py:545} INFO - Filling up the DagBag from /opt/airflow/dags/weather_etl_dag.py
[2024-08-25T23:04:38.887+0000] {processor.py:840} INFO - DAG(s) 'weather_etl_dag' retrieved from /opt/airflow/dags/weather_etl_dag.py
[2024-08-25T23:04:38.921+0000] {logging_mixin.py:188} INFO - [2024-08-25T23:04:38.921+0000] {dag.py:3089} INFO - Sync 1 DAGs
[2024-08-25T23:04:38.938+0000] {logging_mixin.py:188} INFO - [2024-08-25T23:04:38.938+0000] {dag.py:3947} INFO - Setting next_dagrun for weather_etl_dag to 2024-08-25 00:00:00+00:00, run_after=2024-08-26 00:00:00+00:00
[2024-08-25T23:04:39.036+0000] {processor.py:183} INFO - Processing /opt/airflow/dags/weather_etl_dag.py took 0.602 seconds
[2024-08-25T23:14:39.770+0000] {processor.py:161} INFO - Started process (PID=3709) to work on /opt/airflow/dags/weather_etl_dag.py
[2024-08-25T23:14:39.771+0000] {processor.py:830} INFO - Processing file /opt/airflow/dags/weather_etl_dag.py for tasks to queue
[2024-08-25T23:14:39.773+0000] {logging_mixin.py:188} INFO - [2024-08-25T23:14:39.773+0000] {dagbag.py:545} INFO - Filling up the DagBag from /opt/airflow/dags/weather_etl_dag.py
[2024-08-25T23:14:40.245+0000] {processor.py:840} INFO - DAG(s) 'weather_etl_dag' retrieved from /opt/airflow/dags/weather_etl_dag.py
[2024-08-25T23:14:40.267+0000] {logging_mixin.py:188} INFO - [2024-08-25T23:14:40.267+0000] {dag.py:3089} INFO - Sync 1 DAGs
[2024-08-25T23:14:40.286+0000] {logging_mixin.py:188} INFO - [2024-08-25T23:14:40.286+0000] {dag.py:3947} INFO - Setting next_dagrun for weather_etl_dag to 2024-08-25 00:00:00+00:00, run_after=2024-08-26 00:00:00+00:00
[2024-08-25T23:14:40.452+0000] {processor.py:183} INFO - Processing /opt/airflow/dags/weather_etl_dag.py took 0.688 seconds
[2024-08-25T23:24:41.413+0000] {processor.py:161} INFO - Started process (PID=3832) to work on /opt/airflow/dags/weather_etl_dag.py
[2024-08-25T23:24:41.414+0000] {processor.py:830} INFO - Processing file /opt/airflow/dags/weather_etl_dag.py for tasks to queue
[2024-08-25T23:24:41.416+0000] {logging_mixin.py:188} INFO - [2024-08-25T23:24:41.416+0000] {dagbag.py:545} INFO - Filling up the DagBag from /opt/airflow/dags/weather_etl_dag.py
[2024-08-25T23:24:41.837+0000] {processor.py:840} INFO - DAG(s) 'weather_etl_dag' retrieved from /opt/airflow/dags/weather_etl_dag.py
[2024-08-25T23:24:41.869+0000] {logging_mixin.py:188} INFO - [2024-08-25T23:24:41.868+0000] {dag.py:3089} INFO - Sync 1 DAGs
[2024-08-25T23:24:41.888+0000] {logging_mixin.py:188} INFO - [2024-08-25T23:24:41.888+0000] {dag.py:3947} INFO - Setting next_dagrun for weather_etl_dag to 2024-08-25 00:00:00+00:00, run_after=2024-08-26 00:00:00+00:00
[2024-08-25T23:24:41.945+0000] {processor.py:183} INFO - Processing /opt/airflow/dags/weather_etl_dag.py took 0.537 seconds
[2024-08-25T23:34:42.043+0000] {processor.py:161} INFO - Started process (PID=3955) to work on /opt/airflow/dags/weather_etl_dag.py
[2024-08-25T23:34:42.044+0000] {processor.py:830} INFO - Processing file /opt/airflow/dags/weather_etl_dag.py for tasks to queue
[2024-08-25T23:34:42.047+0000] {logging_mixin.py:188} INFO - [2024-08-25T23:34:42.046+0000] {dagbag.py:545} INFO - Filling up the DagBag from /opt/airflow/dags/weather_etl_dag.py
[2024-08-25T23:34:42.733+0000] {processor.py:840} INFO - DAG(s) 'weather_etl_dag' retrieved from /opt/airflow/dags/weather_etl_dag.py
[2024-08-25T23:34:42.786+0000] {logging_mixin.py:188} INFO - [2024-08-25T23:34:42.786+0000] {dag.py:3089} INFO - Sync 1 DAGs
[2024-08-25T23:34:42.804+0000] {logging_mixin.py:188} INFO - [2024-08-25T23:34:42.803+0000] {dag.py:3947} INFO - Setting next_dagrun for weather_etl_dag to 2024-08-25 00:00:00+00:00, run_after=2024-08-26 00:00:00+00:00
[2024-08-25T23:34:43.715+0000] {processor.py:183} INFO - Processing /opt/airflow/dags/weather_etl_dag.py took 1.678 seconds
[2024-08-25T23:44:43.800+0000] {processor.py:161} INFO - Started process (PID=4080) to work on /opt/airflow/dags/weather_etl_dag.py
[2024-08-25T23:44:43.801+0000] {processor.py:830} INFO - Processing file /opt/airflow/dags/weather_etl_dag.py for tasks to queue
[2024-08-25T23:44:43.803+0000] {logging_mixin.py:188} INFO - [2024-08-25T23:44:43.803+0000] {dagbag.py:545} INFO - Filling up the DagBag from /opt/airflow/dags/weather_etl_dag.py
[2024-08-25T23:44:44.261+0000] {processor.py:840} INFO - DAG(s) 'weather_etl_dag' retrieved from /opt/airflow/dags/weather_etl_dag.py
[2024-08-25T23:44:44.295+0000] {logging_mixin.py:188} INFO - [2024-08-25T23:44:44.294+0000] {dag.py:3089} INFO - Sync 1 DAGs
[2024-08-25T23:44:44.325+0000] {logging_mixin.py:188} INFO - [2024-08-25T23:44:44.325+0000] {dag.py:3947} INFO - Setting next_dagrun for weather_etl_dag to 2024-08-25 00:00:00+00:00, run_after=2024-08-26 00:00:00+00:00
[2024-08-25T23:44:44.393+0000] {processor.py:183} INFO - Processing /opt/airflow/dags/weather_etl_dag.py took 0.599 seconds
[2024-08-25T23:54:45.208+0000] {processor.py:161} INFO - Started process (PID=4201) to work on /opt/airflow/dags/weather_etl_dag.py
[2024-08-25T23:54:45.208+0000] {processor.py:830} INFO - Processing file /opt/airflow/dags/weather_etl_dag.py for tasks to queue
[2024-08-25T23:54:45.210+0000] {logging_mixin.py:188} INFO - [2024-08-25T23:54:45.210+0000] {dagbag.py:545} INFO - Filling up the DagBag from /opt/airflow/dags/weather_etl_dag.py
[2024-08-25T23:54:45.672+0000] {processor.py:840} INFO - DAG(s) 'weather_etl_dag' retrieved from /opt/airflow/dags/weather_etl_dag.py
[2024-08-25T23:54:45.705+0000] {logging_mixin.py:188} INFO - [2024-08-25T23:54:45.705+0000] {dag.py:3089} INFO - Sync 1 DAGs
[2024-08-25T23:54:45.730+0000] {logging_mixin.py:188} INFO - [2024-08-25T23:54:45.730+0000] {dag.py:3947} INFO - Setting next_dagrun for weather_etl_dag to 2024-08-25 00:00:00+00:00, run_after=2024-08-26 00:00:00+00:00
[2024-08-25T23:54:46.670+0000] {processor.py:183} INFO - Processing /opt/airflow/dags/weather_etl_dag.py took 1.469 seconds
