[2024-09-05T00:45:52.890+0000] {local_task_job_runner.py:123} INFO - ::group::Pre task execution logs
[2024-09-05T00:45:52.912+0000] {taskinstance.py:2603} INFO - Dependencies all met for dep_context=non-requeueable deps ti=<TaskInstance: weather_etl_dag.insert_weather_data scheduled__2024-08-05T00:00:00+00:00 [queued]>
[2024-09-05T00:45:52.934+0000] {taskinstance.py:2603} INFO - Dependencies all met for dep_context=requeueable deps ti=<TaskInstance: weather_etl_dag.insert_weather_data scheduled__2024-08-05T00:00:00+00:00 [queued]>
[2024-09-05T00:45:52.946+0000] {taskinstance.py:2856} INFO - Starting attempt 1 of 2
[2024-09-05T00:45:53.078+0000] {taskinstance.py:2879} INFO - Executing <Task(PythonOperator): insert_weather_data> on 2024-08-05 00:00:00+00:00
[2024-09-05T00:45:53.084+0000] {warnings.py:112} WARNING - /usr/local/lib/python3.12/site-packages/***/task/task_runner/standard_task_runner.py:70: DeprecationWarning: This process (pid=660) is multi-threaded, use of fork() may lead to deadlocks in the child.
  pid = os.fork()

[2024-09-05T00:45:53.087+0000] {standard_task_runner.py:72} INFO - Started process 662 to run task
[2024-09-05T00:45:53.087+0000] {standard_task_runner.py:104} INFO - Running: ['***', 'tasks', 'run', 'weather_etl_dag', 'insert_weather_data', 'scheduled__2024-08-05T00:00:00+00:00', '--job-id', '73', '--raw', '--subdir', 'DAGS_FOLDER/weather_etl_dag.py', '--cfg-path', '/tmp/tmpgi2je1di']
[2024-09-05T00:45:53.097+0000] {standard_task_runner.py:105} INFO - Job 73: Subtask insert_weather_data
[2024-09-05T00:45:53.255+0000] {task_command.py:467} INFO - Running <TaskInstance: weather_etl_dag.insert_weather_data scheduled__2024-08-05T00:00:00+00:00 [running]> on host b778581f4b0f
[2024-09-05T00:45:53.613+0000] {taskinstance.py:3122} INFO - Exporting env vars: AIRFLOW_CTX_DAG_OWNER='***' AIRFLOW_CTX_DAG_ID='weather_etl_dag' AIRFLOW_CTX_TASK_ID='insert_weather_data' AIRFLOW_CTX_EXECUTION_DATE='2024-08-05T00:00:00+00:00' AIRFLOW_CTX_TRY_NUMBER='1' AIRFLOW_CTX_DAG_RUN_ID='scheduled__2024-08-05T00:00:00+00:00'
[2024-09-05T00:45:53.614+0000] {taskinstance.py:731} INFO - ::endgroup::
[2024-09-05T00:45:58.026+0000] {logging_mixin.py:190} INFO - Todos los pronósticos han sido insertados con éxito en Redshift.
[2024-09-05T00:45:58.042+0000] {python.py:240} INFO - Done. Returned value was: None
[2024-09-05T00:45:58.103+0000] {taskinstance.py:340} INFO - ::group::Post task execution logs
[2024-09-05T00:45:58.104+0000] {taskinstance.py:352} INFO - Marking task as SUCCESS. dag_id=weather_etl_dag, task_id=insert_weather_data, run_id=scheduled__2024-08-05T00:00:00+00:00, execution_date=20240805T000000, start_date=20240905T004552, end_date=20240905T004558
[2024-09-05T00:45:58.709+0000] {local_task_job_runner.py:261} INFO - Task exited with return code 0
[2024-09-05T00:45:58.923+0000] {taskinstance.py:3891} INFO - 1 downstream tasks scheduled from follow-on schedule check
[2024-09-05T00:45:58.984+0000] {local_task_job_runner.py:240} INFO - ::endgroup::
[2024-09-05T18:14:58.864+0000] {local_task_job_runner.py:123} INFO - ::group::Pre task execution logs
[2024-09-05T18:14:58.894+0000] {taskinstance.py:2603} INFO - Dependencies all met for dep_context=non-requeueable deps ti=<TaskInstance: weather_etl_dag.insert_weather_data scheduled__2024-08-05T00:00:00+00:00 [queued]>
[2024-09-05T18:14:58.904+0000] {taskinstance.py:2603} INFO - Dependencies all met for dep_context=requeueable deps ti=<TaskInstance: weather_etl_dag.insert_weather_data scheduled__2024-08-05T00:00:00+00:00 [queued]>
[2024-09-05T18:14:58.904+0000] {taskinstance.py:2856} INFO - Starting attempt 1 of 2
[2024-09-05T18:14:58.949+0000] {taskinstance.py:2879} INFO - Executing <Task(PythonOperator): insert_weather_data> on 2024-08-05 00:00:00+00:00
[2024-09-05T18:14:58.955+0000] {warnings.py:112} WARNING - /usr/local/lib/python3.12/site-packages/***/task/task_runner/standard_task_runner.py:70: DeprecationWarning: This process (pid=728) is multi-threaded, use of fork() may lead to deadlocks in the child.
  pid = os.fork()

[2024-09-05T18:14:58.957+0000] {standard_task_runner.py:72} INFO - Started process 730 to run task
[2024-09-05T18:14:58.957+0000] {standard_task_runner.py:104} INFO - Running: ['***', 'tasks', 'run', 'weather_etl_dag', 'insert_weather_data', 'scheduled__2024-08-05T00:00:00+00:00', '--job-id', '57', '--raw', '--subdir', 'DAGS_FOLDER/weather_etl_dag.py', '--cfg-path', '/tmp/tmp8rdm0hdm']
[2024-09-05T18:14:58.960+0000] {standard_task_runner.py:105} INFO - Job 57: Subtask insert_weather_data
[2024-09-05T18:14:59.094+0000] {task_command.py:467} INFO - Running <TaskInstance: weather_etl_dag.insert_weather_data scheduled__2024-08-05T00:00:00+00:00 [running]> on host 0b8eaea5e88c
[2024-09-05T18:14:59.394+0000] {taskinstance.py:3122} INFO - Exporting env vars: AIRFLOW_CTX_DAG_OWNER='***' AIRFLOW_CTX_DAG_ID='weather_etl_dag' AIRFLOW_CTX_TASK_ID='insert_weather_data' AIRFLOW_CTX_EXECUTION_DATE='2024-08-05T00:00:00+00:00' AIRFLOW_CTX_TRY_NUMBER='1' AIRFLOW_CTX_DAG_RUN_ID='scheduled__2024-08-05T00:00:00+00:00'
[2024-09-05T18:14:59.395+0000] {taskinstance.py:731} INFO - ::endgroup::
[2024-09-05T18:15:00.108+0000] {logging_mixin.py:190} INFO - Ya existe un registro para la fecha de hoy. Finalizando tarea.
[2024-09-05T18:15:00.174+0000] {python.py:240} INFO - Done. Returned value was: None
[2024-09-05T18:15:00.190+0000] {taskinstance.py:340} INFO - ::group::Post task execution logs
[2024-09-05T18:15:00.191+0000] {taskinstance.py:352} INFO - Marking task as SUCCESS. dag_id=weather_etl_dag, task_id=insert_weather_data, run_id=scheduled__2024-08-05T00:00:00+00:00, execution_date=20240805T000000, start_date=20240905T181458, end_date=20240905T181500
[2024-09-05T18:15:00.258+0000] {local_task_job_runner.py:261} INFO - Task exited with return code 0
[2024-09-05T18:15:00.289+0000] {taskinstance.py:3891} INFO - 1 downstream tasks scheduled from follow-on schedule check
[2024-09-05T18:15:00.342+0000] {local_task_job_runner.py:240} INFO - ::endgroup::
