[2024-09-05T00:46:19.410+0000] {local_task_job_runner.py:123} INFO - ::group::Pre task execution logs
[2024-09-05T00:46:19.493+0000] {taskinstance.py:2603} INFO - Dependencies all met for dep_context=non-requeueable deps ti=<TaskInstance: weather_etl_dag.insert_weather_data scheduled__2024-08-08T00:00:00+00:00 [queued]>
[2024-09-05T00:46:19.554+0000] {taskinstance.py:2603} INFO - Dependencies all met for dep_context=requeueable deps ti=<TaskInstance: weather_etl_dag.insert_weather_data scheduled__2024-08-08T00:00:00+00:00 [queued]>
[2024-09-05T00:46:19.556+0000] {taskinstance.py:2856} INFO - Starting attempt 1 of 2
[2024-09-05T00:46:19.669+0000] {taskinstance.py:2879} INFO - Executing <Task(PythonOperator): insert_weather_data> on 2024-08-08 00:00:00+00:00
[2024-09-05T00:46:19.701+0000] {standard_task_runner.py:104} INFO - Running: ['***', 'tasks', 'run', 'weather_etl_dag', 'insert_weather_data', 'scheduled__2024-08-08T00:00:00+00:00', '--job-id', '79', '--raw', '--subdir', 'DAGS_FOLDER/weather_etl_dag.py', '--cfg-path', '/tmp/tmpmhluhwk_']
[2024-09-05T00:46:19.717+0000] {warnings.py:112} WARNING - /usr/local/lib/python3.12/site-packages/***/task/task_runner/standard_task_runner.py:70: DeprecationWarning: This process (pid=707) is multi-threaded, use of fork() may lead to deadlocks in the child.
  pid = os.fork()

[2024-09-05T00:46:19.752+0000] {standard_task_runner.py:105} INFO - Job 79: Subtask insert_weather_data
[2024-09-05T00:46:19.755+0000] {standard_task_runner.py:72} INFO - Started process 709 to run task
[2024-09-05T00:46:20.146+0000] {task_command.py:467} INFO - Running <TaskInstance: weather_etl_dag.insert_weather_data scheduled__2024-08-08T00:00:00+00:00 [running]> on host b778581f4b0f
[2024-09-05T00:46:20.715+0000] {taskinstance.py:3122} INFO - Exporting env vars: AIRFLOW_CTX_DAG_OWNER='***' AIRFLOW_CTX_DAG_ID='weather_etl_dag' AIRFLOW_CTX_TASK_ID='insert_weather_data' AIRFLOW_CTX_EXECUTION_DATE='2024-08-08T00:00:00+00:00' AIRFLOW_CTX_TRY_NUMBER='1' AIRFLOW_CTX_DAG_RUN_ID='scheduled__2024-08-08T00:00:00+00:00'
[2024-09-05T00:46:20.719+0000] {taskinstance.py:731} INFO - ::endgroup::
[2024-09-05T00:46:24.847+0000] {logging_mixin.py:190} INFO - Todos los pronósticos han sido insertados con éxito en Redshift.
[2024-09-05T00:46:24.848+0000] {python.py:240} INFO - Done. Returned value was: None
[2024-09-05T00:46:24.866+0000] {taskinstance.py:340} INFO - ::group::Post task execution logs
[2024-09-05T00:46:24.866+0000] {taskinstance.py:352} INFO - Marking task as SUCCESS. dag_id=weather_etl_dag, task_id=insert_weather_data, run_id=scheduled__2024-08-08T00:00:00+00:00, execution_date=20240808T000000, start_date=20240905T004619, end_date=20240905T004624
[2024-09-05T00:46:26.264+0000] {local_task_job_runner.py:261} INFO - Task exited with return code 0
[2024-09-05T00:46:26.377+0000] {taskinstance.py:3891} INFO - 1 downstream tasks scheduled from follow-on schedule check
[2024-09-05T00:46:26.447+0000] {local_task_job_runner.py:240} INFO - ::endgroup::
[2024-09-05T18:15:13.241+0000] {local_task_job_runner.py:123} INFO - ::group::Pre task execution logs
[2024-09-05T18:15:13.310+0000] {taskinstance.py:2603} INFO - Dependencies all met for dep_context=non-requeueable deps ti=<TaskInstance: weather_etl_dag.insert_weather_data scheduled__2024-08-08T00:00:00+00:00 [queued]>
[2024-09-05T18:15:13.331+0000] {taskinstance.py:2603} INFO - Dependencies all met for dep_context=requeueable deps ti=<TaskInstance: weather_etl_dag.insert_weather_data scheduled__2024-08-08T00:00:00+00:00 [queued]>
[2024-09-05T18:15:13.332+0000] {taskinstance.py:2856} INFO - Starting attempt 1 of 2
[2024-09-05T18:15:13.428+0000] {taskinstance.py:2879} INFO - Executing <Task(PythonOperator): insert_weather_data> on 2024-08-08 00:00:00+00:00
[2024-09-05T18:15:13.435+0000] {warnings.py:112} WARNING - /usr/local/lib/python3.12/site-packages/***/task/task_runner/standard_task_runner.py:70: DeprecationWarning: This process (pid=757) is multi-threaded, use of fork() may lead to deadlocks in the child.
  pid = os.fork()

[2024-09-05T18:15:13.437+0000] {standard_task_runner.py:72} INFO - Started process 761 to run task
[2024-09-05T18:15:13.441+0000] {standard_task_runner.py:104} INFO - Running: ['***', 'tasks', 'run', 'weather_etl_dag', 'insert_weather_data', 'scheduled__2024-08-08T00:00:00+00:00', '--job-id', '62', '--raw', '--subdir', 'DAGS_FOLDER/weather_etl_dag.py', '--cfg-path', '/tmp/tmp794orm_s']
[2024-09-05T18:15:13.445+0000] {standard_task_runner.py:105} INFO - Job 62: Subtask insert_weather_data
[2024-09-05T18:15:13.712+0000] {task_command.py:467} INFO - Running <TaskInstance: weather_etl_dag.insert_weather_data scheduled__2024-08-08T00:00:00+00:00 [running]> on host 0b8eaea5e88c
[2024-09-05T18:15:14.589+0000] {taskinstance.py:3122} INFO - Exporting env vars: AIRFLOW_CTX_DAG_OWNER='***' AIRFLOW_CTX_DAG_ID='weather_etl_dag' AIRFLOW_CTX_TASK_ID='insert_weather_data' AIRFLOW_CTX_EXECUTION_DATE='2024-08-08T00:00:00+00:00' AIRFLOW_CTX_TRY_NUMBER='1' AIRFLOW_CTX_DAG_RUN_ID='scheduled__2024-08-08T00:00:00+00:00'
[2024-09-05T18:15:14.590+0000] {taskinstance.py:731} INFO - ::endgroup::
[2024-09-05T18:15:15.351+0000] {logging_mixin.py:190} INFO - Ya existe un registro para la fecha de hoy. Finalizando tarea.
[2024-09-05T18:15:15.417+0000] {python.py:240} INFO - Done. Returned value was: None
[2024-09-05T18:15:15.459+0000] {taskinstance.py:340} INFO - ::group::Post task execution logs
[2024-09-05T18:15:15.460+0000] {taskinstance.py:352} INFO - Marking task as SUCCESS. dag_id=weather_etl_dag, task_id=insert_weather_data, run_id=scheduled__2024-08-08T00:00:00+00:00, execution_date=20240808T000000, start_date=20240905T181513, end_date=20240905T181515
[2024-09-05T18:15:15.581+0000] {local_task_job_runner.py:261} INFO - Task exited with return code 0
[2024-09-05T18:15:15.664+0000] {taskinstance.py:3891} INFO - 1 downstream tasks scheduled from follow-on schedule check
[2024-09-05T18:15:15.712+0000] {local_task_job_runner.py:240} INFO - ::endgroup::
