[2024-08-17T14:43:32.910+0000] {local_task_job_runner.py:120} INFO - ::group::Pre task execution logs
[2024-08-17T14:43:33.175+0000] {taskinstance.py:2076} INFO - Dependencies all met for dep_context=non-requeueable deps ti=<TaskInstance: weather_etl_dag.get_forecast_and_drought_data scheduled__2024-08-15T00:00:00+00:00 [queued]>
[2024-08-17T14:43:33.202+0000] {taskinstance.py:2076} INFO - Dependencies all met for dep_context=requeueable deps ti=<TaskInstance: weather_etl_dag.get_forecast_and_drought_data scheduled__2024-08-15T00:00:00+00:00 [queued]>
[2024-08-17T14:43:33.249+0000] {taskinstance.py:2306} INFO - Starting attempt 1 of 2
[2024-08-17T14:43:33.417+0000] {taskinstance.py:2330} INFO - Executing <Task(PythonOperator): get_forecast_and_drought_data> on 2024-08-15 00:00:00+00:00
[2024-08-17T14:43:33.430+0000] {standard_task_runner.py:90} INFO - Running: ['***', 'tasks', 'run', 'weather_etl_dag', 'get_forecast_and_drought_data', 'scheduled__2024-08-15T00:00:00+00:00', '--job-id', '176', '--raw', '--subdir', 'DAGS_FOLDER/weather_etl_dag.py', '--cfg-path', '/tmp/tmp2arkt68o']
[2024-08-17T14:43:33.427+0000] {warnings.py:112} WARNING - /home/***/.local/lib/python3.12/site-packages/***/task/task_runner/standard_task_runner.py:62: DeprecationWarning: This process (pid=534) is multi-threaded, use of fork() may lead to deadlocks in the child.
  pid = os.fork()

[2024-08-17T14:43:33.435+0000] {standard_task_runner.py:91} INFO - Job 176: Subtask get_forecast_and_drought_data
[2024-08-17T14:43:33.436+0000] {standard_task_runner.py:64} INFO - Started process 536 to run task
[2024-08-17T14:43:33.682+0000] {task_command.py:426} INFO - Running <TaskInstance: weather_etl_dag.get_forecast_and_drought_data scheduled__2024-08-15T00:00:00+00:00 [running]> on host 40ce90ebbdd9
[2024-08-17T14:43:34.145+0000] {taskinstance.py:2648} INFO - Exporting env vars: AIRFLOW_CTX_DAG_OWNER='***' AIRFLOW_CTX_DAG_ID='weather_etl_dag' AIRFLOW_CTX_TASK_ID='get_forecast_and_drought_data' AIRFLOW_CTX_EXECUTION_DATE='2024-08-15T00:00:00+00:00' AIRFLOW_CTX_TRY_NUMBER='1' AIRFLOW_CTX_DAG_RUN_ID='scheduled__2024-08-15T00:00:00+00:00'
[2024-08-17T14:43:34.148+0000] {taskinstance.py:430} INFO - ::endgroup::
[2024-08-17T14:43:37.148+0000] {warnings.py:112} WARNING - /opt/***/dags/weather_etl_dag.py:249: UserWarning: pandas only supports SQLAlchemy connectable (engine/connection) or database string URI or sqlite3 DBAPI2 connection. Other DBAPI2 objects are not tested. Please consider using SQLAlchemy.
  df_pronosticos_clima = pd.read_sql_query(query, conn)

[2024-08-17T14:43:42.310+0000] {warnings.py:112} WARNING - /opt/***/dags/weather_etl_dag.py:253: UserWarning: pandas only supports SQLAlchemy connectable (engine/connection) or database string URI or sqlite3 DBAPI2 connection. Other DBAPI2 objects are not tested. Please consider using SQLAlchemy.
  df_sequia = pd.read_sql_query(query, conn)

[2024-08-17T14:43:48.249+0000] {logging_mixin.py:188} INFO - Pronósticos clima obtenidos:    cve_mun            municipio fecha_pronostico indicador_sequia
0        1    Amealco De Bonfil       2024-08-17             None
1        2      Pinal De Amoles       2024-08-17             None
2        3          Arroyo Seco       2024-08-17             None
3        4  Cadereyta De Montes       2024-08-17             None
4        5                Colon       2024-08-17             None
[2024-08-17T14:43:48.266+0000] {logging_mixin.py:188} INFO - Datos de sequía obtenidos:    cve_mun          nombre_mun  cve_ent               entidad       fecha valor
0        1   Amealco de Bonfil       22  Querétaro de Arteaga  2003-03-31    D0
1       10  Landa de Matamoros       22  Querétaro de Arteaga  2003-06-30    D0
2        2     Pinal de Amoles       22  Querétaro de Arteaga  2004-09-30    D0
3        3         Arroyo Seco       22  Querétaro de Arteaga  2004-09-30    D0
4        9     Jalpan de Serra       22  Querétaro de Arteaga  2004-09-30    D0
[2024-08-17T14:43:48.571+0000] {python.py:237} INFO - Done. Returned value was: None
[2024-08-17T14:43:48.583+0000] {taskinstance.py:441} INFO - ::group::Post task execution logs
[2024-08-17T14:43:48.656+0000] {taskinstance.py:1206} INFO - Marking task as SUCCESS. dag_id=weather_etl_dag, task_id=get_forecast_and_drought_data, run_id=scheduled__2024-08-15T00:00:00+00:00, execution_date=20240815T000000, start_date=20240817T144333, end_date=20240817T144348
[2024-08-17T14:43:49.897+0000] {local_task_job_runner.py:243} INFO - Task exited with return code 0
[2024-08-17T14:43:49.974+0000] {taskinstance.py:3503} INFO - 1 downstream tasks scheduled from follow-on schedule check
[2024-08-17T14:43:50.067+0000] {local_task_job_runner.py:222} INFO - ::endgroup::
[2024-09-05T00:47:55.809+0000] {local_task_job_runner.py:123} INFO - ::group::Pre task execution logs
[2024-09-05T00:47:55.836+0000] {taskinstance.py:2603} INFO - Dependencies all met for dep_context=non-requeueable deps ti=<TaskInstance: weather_etl_dag.get_forecast_and_drought_data scheduled__2024-08-15T00:00:00+00:00 [queued]>
[2024-09-05T00:47:55.847+0000] {taskinstance.py:2603} INFO - Dependencies all met for dep_context=requeueable deps ti=<TaskInstance: weather_etl_dag.get_forecast_and_drought_data scheduled__2024-08-15T00:00:00+00:00 [queued]>
[2024-09-05T00:47:55.847+0000] {taskinstance.py:2856} INFO - Starting attempt 1 of 2
[2024-09-05T00:47:56.093+0000] {taskinstance.py:2879} INFO - Executing <Task(PythonOperator): get_forecast_and_drought_data> on 2024-08-15 00:00:00+00:00
[2024-09-05T00:47:56.102+0000] {warnings.py:112} WARNING - /usr/local/lib/python3.12/site-packages/***/task/task_runner/standard_task_runner.py:70: DeprecationWarning: This process (pid=891) is multi-threaded, use of fork() may lead to deadlocks in the child.
  pid = os.fork()

[2024-09-05T00:47:56.105+0000] {standard_task_runner.py:104} INFO - Running: ['***', 'tasks', 'run', 'weather_etl_dag', 'get_forecast_and_drought_data', 'scheduled__2024-08-15T00:00:00+00:00', '--job-id', '104', '--raw', '--subdir', 'DAGS_FOLDER/weather_etl_dag.py', '--cfg-path', '/tmp/tmp6l_lrr_q']
[2024-09-05T00:47:56.109+0000] {standard_task_runner.py:72} INFO - Started process 893 to run task
[2024-09-05T00:47:56.110+0000] {standard_task_runner.py:105} INFO - Job 104: Subtask get_forecast_and_drought_data
[2024-09-05T00:47:56.653+0000] {task_command.py:467} INFO - Running <TaskInstance: weather_etl_dag.get_forecast_and_drought_data scheduled__2024-08-15T00:00:00+00:00 [running]> on host b778581f4b0f
[2024-09-05T00:47:57.075+0000] {taskinstance.py:3122} INFO - Exporting env vars: AIRFLOW_CTX_DAG_OWNER='***' AIRFLOW_CTX_DAG_ID='weather_etl_dag' AIRFLOW_CTX_TASK_ID='get_forecast_and_drought_data' AIRFLOW_CTX_EXECUTION_DATE='2024-08-15T00:00:00+00:00' AIRFLOW_CTX_TRY_NUMBER='1' AIRFLOW_CTX_DAG_RUN_ID='scheduled__2024-08-15T00:00:00+00:00'
[2024-09-05T00:47:57.078+0000] {taskinstance.py:731} INFO - ::endgroup::
[2024-09-05T00:47:57.686+0000] {warnings.py:112} WARNING - /root/***/dags/weather_etl.py:163: UserWarning: pandas only supports SQLAlchemy connectable (engine/connection) or database string URI or sqlite3 DBAPI2 connection. Other DBAPI2 objects are not tested. Please consider using SQLAlchemy.
  df_pronosticos_clima = pd.read_sql_query(query, conn)

[2024-09-05T00:47:57.981+0000] {warnings.py:112} WARNING - /root/***/dags/weather_etl.py:167: UserWarning: pandas only supports SQLAlchemy connectable (engine/connection) or database string URI or sqlite3 DBAPI2 connection. Other DBAPI2 objects are not tested. Please consider using SQLAlchemy.
  df_sequia = pd.read_sql_query(query, conn)

[2024-09-05T00:47:58.347+0000] {logging_mixin.py:190} INFO - Pronósticos clima obtenidos:    cve_mun          municipio fecha_pronostico indicador_sequia
0        1  Amealco De Bonfil       2024-09-04               D4
1        1  Amealco De Bonfil       2024-09-04               D4
2        1  Amealco De Bonfil       2024-09-04               D4
3        1  Amealco De Bonfil       2024-09-04               D4
4        1  Amealco De Bonfil       2024-09-04               D4
[2024-09-05T00:47:58.355+0000] {logging_mixin.py:190} INFO - Datos de sequía obtenidos:    cve_mun          nombre_mun  cve_ent               entidad       fecha valor
0        1   Amealco de Bonfil       22  Querétaro de Arteaga  2003-03-31    D0
1       10  Landa de Matamoros       22  Querétaro de Arteaga  2003-06-30    D0
2        2     Pinal de Amoles       22  Querétaro de Arteaga  2004-09-30    D0
3        3         Arroyo Seco       22  Querétaro de Arteaga  2004-09-30    D0
4        9     Jalpan de Serra       22  Querétaro de Arteaga  2004-09-30    D0
[2024-09-05T00:47:58.525+0000] {python.py:240} INFO - Done. Returned value was: None
[2024-09-05T00:47:58.539+0000] {taskinstance.py:340} INFO - ::group::Post task execution logs
[2024-09-05T00:47:58.540+0000] {taskinstance.py:352} INFO - Marking task as SUCCESS. dag_id=weather_etl_dag, task_id=get_forecast_and_drought_data, run_id=scheduled__2024-08-15T00:00:00+00:00, execution_date=20240815T000000, start_date=20240905T004755, end_date=20240905T004758
[2024-09-05T00:47:58.632+0000] {local_task_job_runner.py:261} INFO - Task exited with return code 0
[2024-09-05T00:47:58.662+0000] {taskinstance.py:3891} INFO - 1 downstream tasks scheduled from follow-on schedule check
[2024-09-05T00:47:58.715+0000] {local_task_job_runner.py:240} INFO - ::endgroup::
