[2024-08-27T13:11:04.325+0000] {processor.py:161} INFO - Started process (PID=64) to work on /opt/airflow/dags/weather_etl_dag.py
[2024-08-27T13:11:04.327+0000] {processor.py:830} INFO - Processing file /opt/airflow/dags/weather_etl_dag.py for tasks to queue
[2024-08-27T13:11:04.329+0000] {logging_mixin.py:188} INFO - [2024-08-27T13:11:04.328+0000] {dagbag.py:545} INFO - Filling up the DagBag from /opt/airflow/dags/weather_etl_dag.py
[2024-08-27T13:12:29.277+0000] {processor.py:161} INFO - Started process (PID=59) to work on /opt/airflow/dags/weather_etl_dag.py
[2024-08-27T13:12:29.385+0000] {processor.py:830} INFO - Processing file /opt/airflow/dags/weather_etl_dag.py for tasks to queue
[2024-08-27T13:12:29.390+0000] {logging_mixin.py:188} INFO - [2024-08-27T13:12:29.390+0000] {dagbag.py:545} INFO - Filling up the DagBag from /opt/airflow/dags/weather_etl_dag.py
[2024-08-27T13:12:36.424+0000] {processor.py:840} INFO - DAG(s) 'weather_etl_dag' retrieved from /opt/airflow/dags/weather_etl_dag.py
[2024-08-27T13:12:37.133+0000] {logging_mixin.py:188} INFO - [2024-08-27T13:12:37.132+0000] {dag.py:3089} INFO - Sync 1 DAGs
[2024-08-27T13:12:37.374+0000] {logging_mixin.py:188} INFO - [2024-08-27T13:12:37.373+0000] {dag.py:3947} INFO - Setting next_dagrun for weather_etl_dag to 2024-08-27 00:00:00+00:00, run_after=2024-08-28 00:00:00+00:00
[2024-08-27T13:12:37.702+0000] {processor.py:183} INFO - Processing /opt/airflow/dags/weather_etl_dag.py took 8.467 seconds
[2024-08-27T13:22:38.536+0000] {processor.py:161} INFO - Started process (PID=182) to work on /opt/airflow/dags/weather_etl_dag.py
[2024-08-27T13:22:38.537+0000] {processor.py:830} INFO - Processing file /opt/airflow/dags/weather_etl_dag.py for tasks to queue
[2024-08-27T13:22:38.539+0000] {logging_mixin.py:188} INFO - [2024-08-27T13:22:38.539+0000] {dagbag.py:545} INFO - Filling up the DagBag from /opt/airflow/dags/weather_etl_dag.py
[2024-08-27T13:22:39.387+0000] {processor.py:840} INFO - DAG(s) 'weather_etl_dag' retrieved from /opt/airflow/dags/weather_etl_dag.py
[2024-08-27T13:22:39.419+0000] {logging_mixin.py:188} INFO - [2024-08-27T13:22:39.419+0000] {dag.py:3089} INFO - Sync 1 DAGs
[2024-08-27T13:22:39.444+0000] {logging_mixin.py:188} INFO - [2024-08-27T13:22:39.444+0000] {dag.py:3947} INFO - Setting next_dagrun for weather_etl_dag to 2024-08-27 00:00:00+00:00, run_after=2024-08-28 00:00:00+00:00
[2024-08-27T13:22:39.515+0000] {processor.py:183} INFO - Processing /opt/airflow/dags/weather_etl_dag.py took 0.986 seconds
[2024-08-27T13:32:39.759+0000] {processor.py:161} INFO - Started process (PID=308) to work on /opt/airflow/dags/weather_etl_dag.py
[2024-08-27T13:32:39.760+0000] {processor.py:830} INFO - Processing file /opt/airflow/dags/weather_etl_dag.py for tasks to queue
[2024-08-27T13:32:39.761+0000] {logging_mixin.py:188} INFO - [2024-08-27T13:32:39.761+0000] {dagbag.py:545} INFO - Filling up the DagBag from /opt/airflow/dags/weather_etl_dag.py
[2024-08-27T13:32:40.140+0000] {processor.py:840} INFO - DAG(s) 'weather_etl_dag' retrieved from /opt/airflow/dags/weather_etl_dag.py
[2024-08-27T13:32:40.164+0000] {logging_mixin.py:188} INFO - [2024-08-27T13:32:40.164+0000] {dag.py:3089} INFO - Sync 1 DAGs
[2024-08-27T13:32:40.182+0000] {logging_mixin.py:188} INFO - [2024-08-27T13:32:40.181+0000] {dag.py:3947} INFO - Setting next_dagrun for weather_etl_dag to 2024-08-27 00:00:00+00:00, run_after=2024-08-28 00:00:00+00:00
[2024-08-27T13:32:40.544+0000] {processor.py:183} INFO - Processing /opt/airflow/dags/weather_etl_dag.py took 0.789 seconds
[2024-08-27T13:42:40.714+0000] {processor.py:161} INFO - Started process (PID=433) to work on /opt/airflow/dags/weather_etl_dag.py
[2024-08-27T13:42:40.715+0000] {processor.py:830} INFO - Processing file /opt/airflow/dags/weather_etl_dag.py for tasks to queue
[2024-08-27T13:42:40.718+0000] {logging_mixin.py:188} INFO - [2024-08-27T13:42:40.718+0000] {dagbag.py:545} INFO - Filling up the DagBag from /opt/airflow/dags/weather_etl_dag.py
[2024-08-27T13:42:41.204+0000] {processor.py:840} INFO - DAG(s) 'weather_etl_dag' retrieved from /opt/airflow/dags/weather_etl_dag.py
[2024-08-27T13:42:41.235+0000] {logging_mixin.py:188} INFO - [2024-08-27T13:42:41.235+0000] {dag.py:3089} INFO - Sync 1 DAGs
[2024-08-27T13:42:41.258+0000] {logging_mixin.py:188} INFO - [2024-08-27T13:42:41.257+0000] {dag.py:3947} INFO - Setting next_dagrun for weather_etl_dag to 2024-08-27 00:00:00+00:00, run_after=2024-08-28 00:00:00+00:00
[2024-08-27T13:42:41.441+0000] {processor.py:183} INFO - Processing /opt/airflow/dags/weather_etl_dag.py took 0.734 seconds
[2024-08-27T13:52:41.508+0000] {processor.py:161} INFO - Started process (PID=560) to work on /opt/airflow/dags/weather_etl_dag.py
[2024-08-27T13:52:41.509+0000] {processor.py:830} INFO - Processing file /opt/airflow/dags/weather_etl_dag.py for tasks to queue
[2024-08-27T13:52:41.511+0000] {logging_mixin.py:188} INFO - [2024-08-27T13:52:41.511+0000] {dagbag.py:545} INFO - Filling up the DagBag from /opt/airflow/dags/weather_etl_dag.py
[2024-08-27T13:52:41.965+0000] {processor.py:840} INFO - DAG(s) 'weather_etl_dag' retrieved from /opt/airflow/dags/weather_etl_dag.py
[2024-08-27T13:52:41.988+0000] {logging_mixin.py:188} INFO - [2024-08-27T13:52:41.988+0000] {dag.py:3089} INFO - Sync 1 DAGs
[2024-08-27T13:52:42.014+0000] {logging_mixin.py:188} INFO - [2024-08-27T13:52:42.014+0000] {dag.py:3947} INFO - Setting next_dagrun for weather_etl_dag to 2024-08-27 00:00:00+00:00, run_after=2024-08-28 00:00:00+00:00
[2024-08-27T13:52:42.067+0000] {processor.py:183} INFO - Processing /opt/airflow/dags/weather_etl_dag.py took 0.565 seconds
[2024-08-27T14:02:43.073+0000] {processor.py:161} INFO - Started process (PID=684) to work on /opt/airflow/dags/weather_etl_dag.py
[2024-08-27T14:02:43.074+0000] {processor.py:830} INFO - Processing file /opt/airflow/dags/weather_etl_dag.py for tasks to queue
[2024-08-27T14:02:43.077+0000] {logging_mixin.py:188} INFO - [2024-08-27T14:02:43.076+0000] {dagbag.py:545} INFO - Filling up the DagBag from /opt/airflow/dags/weather_etl_dag.py
[2024-08-27T14:02:43.498+0000] {processor.py:840} INFO - DAG(s) 'weather_etl_dag' retrieved from /opt/airflow/dags/weather_etl_dag.py
[2024-08-27T14:02:43.519+0000] {logging_mixin.py:188} INFO - [2024-08-27T14:02:43.519+0000] {dag.py:3089} INFO - Sync 1 DAGs
[2024-08-27T14:02:43.534+0000] {logging_mixin.py:188} INFO - [2024-08-27T14:02:43.534+0000] {dag.py:3947} INFO - Setting next_dagrun for weather_etl_dag to 2024-08-27 00:00:00+00:00, run_after=2024-08-28 00:00:00+00:00
[2024-08-27T14:02:43.614+0000] {processor.py:183} INFO - Processing /opt/airflow/dags/weather_etl_dag.py took 0.547 seconds
[2024-08-27T14:12:44.218+0000] {processor.py:161} INFO - Started process (PID=810) to work on /opt/airflow/dags/weather_etl_dag.py
[2024-08-27T14:12:44.219+0000] {processor.py:830} INFO - Processing file /opt/airflow/dags/weather_etl_dag.py for tasks to queue
[2024-08-27T14:12:44.220+0000] {logging_mixin.py:188} INFO - [2024-08-27T14:12:44.220+0000] {dagbag.py:545} INFO - Filling up the DagBag from /opt/airflow/dags/weather_etl_dag.py
[2024-08-27T14:12:44.588+0000] {processor.py:840} INFO - DAG(s) 'weather_etl_dag' retrieved from /opt/airflow/dags/weather_etl_dag.py
[2024-08-27T14:12:44.608+0000] {logging_mixin.py:188} INFO - [2024-08-27T14:12:44.607+0000] {dag.py:3089} INFO - Sync 1 DAGs
[2024-08-27T14:12:44.623+0000] {logging_mixin.py:188} INFO - [2024-08-27T14:12:44.623+0000] {dag.py:3947} INFO - Setting next_dagrun for weather_etl_dag to 2024-08-27 00:00:00+00:00, run_after=2024-08-28 00:00:00+00:00
[2024-08-27T14:12:45.889+0000] {processor.py:183} INFO - Processing /opt/airflow/dags/weather_etl_dag.py took 1.676 seconds
[2024-08-27T14:35:12.526+0000] {processor.py:161} INFO - Started process (PID=897) to work on /opt/airflow/dags/weather_etl_dag.py
[2024-08-27T14:35:12.536+0000] {processor.py:830} INFO - Processing file /opt/airflow/dags/weather_etl_dag.py for tasks to queue
[2024-08-27T14:35:12.539+0000] {logging_mixin.py:188} INFO - [2024-08-27T14:35:12.538+0000] {dagbag.py:545} INFO - Filling up the DagBag from /opt/airflow/dags/weather_etl_dag.py
[2024-08-27T14:35:13.687+0000] {processor.py:840} INFO - DAG(s) 'weather_etl_dag' retrieved from /opt/airflow/dags/weather_etl_dag.py
[2024-08-27T14:35:13.724+0000] {logging_mixin.py:188} INFO - [2024-08-27T14:35:13.724+0000] {dag.py:3089} INFO - Sync 1 DAGs
[2024-08-27T14:35:13.767+0000] {logging_mixin.py:188} INFO - [2024-08-27T14:35:13.767+0000] {dag.py:3947} INFO - Setting next_dagrun for weather_etl_dag to 2024-08-27 00:00:00+00:00, run_after=2024-08-28 00:00:00+00:00
[2024-08-27T14:35:13.868+0000] {processor.py:183} INFO - Processing /opt/airflow/dags/weather_etl_dag.py took 1.349 seconds
[2024-08-27T14:45:14.397+0000] {processor.py:161} INFO - Started process (PID=1026) to work on /opt/airflow/dags/weather_etl_dag.py
[2024-08-27T14:45:14.398+0000] {processor.py:830} INFO - Processing file /opt/airflow/dags/weather_etl_dag.py for tasks to queue
[2024-08-27T14:45:14.403+0000] {logging_mixin.py:188} INFO - [2024-08-27T14:45:14.402+0000] {dagbag.py:545} INFO - Filling up the DagBag from /opt/airflow/dags/weather_etl_dag.py
[2024-08-27T14:45:15.235+0000] {processor.py:840} INFO - DAG(s) 'weather_etl_dag' retrieved from /opt/airflow/dags/weather_etl_dag.py
[2024-08-27T14:45:15.285+0000] {logging_mixin.py:188} INFO - [2024-08-27T14:45:15.284+0000] {dag.py:3089} INFO - Sync 1 DAGs
[2024-08-27T14:45:15.328+0000] {logging_mixin.py:188} INFO - [2024-08-27T14:45:15.328+0000] {dag.py:3947} INFO - Setting next_dagrun for weather_etl_dag to 2024-08-27 00:00:00+00:00, run_after=2024-08-28 00:00:00+00:00
[2024-08-27T14:45:15.429+0000] {processor.py:183} INFO - Processing /opt/airflow/dags/weather_etl_dag.py took 1.039 seconds
[2024-08-27T18:39:36.409+0000] {processor.py:161} INFO - Started process (PID=64) to work on /opt/airflow/dags/weather_etl_dag.py
[2024-08-27T18:39:36.425+0000] {processor.py:830} INFO - Processing file /opt/airflow/dags/weather_etl_dag.py for tasks to queue
[2024-08-27T18:39:36.428+0000] {logging_mixin.py:188} INFO - [2024-08-27T18:39:36.427+0000] {dagbag.py:545} INFO - Filling up the DagBag from /opt/airflow/dags/weather_etl_dag.py
[2024-08-27T18:39:44.619+0000] {processor.py:840} INFO - DAG(s) 'weather_etl_dag' retrieved from /opt/airflow/dags/weather_etl_dag.py
[2024-08-27T18:39:44.895+0000] {logging_mixin.py:188} INFO - [2024-08-27T18:39:44.895+0000] {dag.py:3089} INFO - Sync 1 DAGs
[2024-08-27T18:39:45.005+0000] {logging_mixin.py:188} INFO - [2024-08-27T18:39:45.005+0000] {dag.py:3947} INFO - Setting next_dagrun for weather_etl_dag to 2024-08-27 00:00:00+00:00, run_after=2024-08-28 00:00:00+00:00
[2024-08-27T18:39:45.156+0000] {processor.py:183} INFO - Processing /opt/airflow/dags/weather_etl_dag.py took 8.754 seconds
[2024-08-27T18:49:45.610+0000] {processor.py:161} INFO - Started process (PID=190) to work on /opt/airflow/dags/weather_etl_dag.py
[2024-08-27T18:49:45.618+0000] {processor.py:830} INFO - Processing file /opt/airflow/dags/weather_etl_dag.py for tasks to queue
[2024-08-27T18:49:45.624+0000] {logging_mixin.py:188} INFO - [2024-08-27T18:49:45.624+0000] {dagbag.py:545} INFO - Filling up the DagBag from /opt/airflow/dags/weather_etl_dag.py
[2024-08-27T18:49:46.454+0000] {processor.py:840} INFO - DAG(s) 'weather_etl_dag' retrieved from /opt/airflow/dags/weather_etl_dag.py
[2024-08-27T18:49:46.484+0000] {logging_mixin.py:188} INFO - [2024-08-27T18:49:46.484+0000] {dag.py:3089} INFO - Sync 1 DAGs
[2024-08-27T18:49:46.511+0000] {logging_mixin.py:188} INFO - [2024-08-27T18:49:46.510+0000] {dag.py:3947} INFO - Setting next_dagrun for weather_etl_dag to 2024-08-27 00:00:00+00:00, run_after=2024-08-28 00:00:00+00:00
[2024-08-27T18:49:46.579+0000] {processor.py:183} INFO - Processing /opt/airflow/dags/weather_etl_dag.py took 0.976 seconds
[2024-08-27T18:59:46.917+0000] {processor.py:161} INFO - Started process (PID=313) to work on /opt/airflow/dags/weather_etl_dag.py
[2024-08-27T18:59:46.922+0000] {processor.py:830} INFO - Processing file /opt/airflow/dags/weather_etl_dag.py for tasks to queue
[2024-08-27T18:59:46.925+0000] {logging_mixin.py:188} INFO - [2024-08-27T18:59:46.924+0000] {dagbag.py:545} INFO - Filling up the DagBag from /opt/airflow/dags/weather_etl_dag.py
[2024-08-27T18:59:47.991+0000] {processor.py:840} INFO - DAG(s) 'weather_etl_dag' retrieved from /opt/airflow/dags/weather_etl_dag.py
[2024-08-27T18:59:48.052+0000] {logging_mixin.py:188} INFO - [2024-08-27T18:59:48.052+0000] {dag.py:3089} INFO - Sync 1 DAGs
[2024-08-27T18:59:48.078+0000] {logging_mixin.py:188} INFO - [2024-08-27T18:59:48.078+0000] {dag.py:3947} INFO - Setting next_dagrun for weather_etl_dag to 2024-08-27 00:00:00+00:00, run_after=2024-08-28 00:00:00+00:00
[2024-08-27T18:59:48.155+0000] {processor.py:183} INFO - Processing /opt/airflow/dags/weather_etl_dag.py took 1.250 seconds
