[2024-09-05T00:52:44.453+0000] {local_task_job_runner.py:123} INFO - ::group::Pre task execution logs
[2024-09-05T00:52:44.528+0000] {taskinstance.py:2603} INFO - Dependencies all met for dep_context=non-requeueable deps ti=<TaskInstance: weather_etl_dag.update_sequia_indicator scheduled__2024-08-08T00:00:00+00:00 [queued]>
[2024-09-05T00:52:44.566+0000] {taskinstance.py:2603} INFO - Dependencies all met for dep_context=requeueable deps ti=<TaskInstance: weather_etl_dag.update_sequia_indicator scheduled__2024-08-08T00:00:00+00:00 [queued]>
[2024-09-05T00:52:44.569+0000] {taskinstance.py:2856} INFO - Starting attempt 1 of 2
[2024-09-05T00:52:44.700+0000] {taskinstance.py:2879} INFO - Executing <Task(PythonOperator): update_sequia_indicator> on 2024-08-08 00:00:00+00:00
[2024-09-05T00:52:44.707+0000] {warnings.py:112} WARNING - /usr/local/lib/python3.12/site-packages/***/task/task_runner/standard_task_runner.py:70: DeprecationWarning: This process (pid=1090) is multi-threaded, use of fork() may lead to deadlocks in the child.
  pid = os.fork()

[2024-09-05T00:52:44.713+0000] {standard_task_runner.py:72} INFO - Started process 1092 to run task
[2024-09-05T00:52:44.709+0000] {standard_task_runner.py:104} INFO - Running: ['***', 'tasks', 'run', 'weather_etl_dag', 'update_sequia_indicator', 'scheduled__2024-08-08T00:00:00+00:00', '--job-id', '126', '--raw', '--subdir', 'DAGS_FOLDER/weather_etl_dag.py', '--cfg-path', '/tmp/tmpcb5n31yf']
[2024-09-05T00:52:44.715+0000] {standard_task_runner.py:105} INFO - Job 126: Subtask update_sequia_indicator
[2024-09-05T00:52:44.983+0000] {task_command.py:467} INFO - Running <TaskInstance: weather_etl_dag.update_sequia_indicator scheduled__2024-08-08T00:00:00+00:00 [running]> on host b778581f4b0f
[2024-09-05T00:52:45.834+0000] {taskinstance.py:3122} INFO - Exporting env vars: AIRFLOW_CTX_DAG_OWNER='***' AIRFLOW_CTX_DAG_ID='weather_etl_dag' AIRFLOW_CTX_TASK_ID='update_sequia_indicator' AIRFLOW_CTX_EXECUTION_DATE='2024-08-08T00:00:00+00:00' AIRFLOW_CTX_TRY_NUMBER='1' AIRFLOW_CTX_DAG_RUN_ID='scheduled__2024-08-08T00:00:00+00:00'
[2024-09-05T00:52:45.836+0000] {taskinstance.py:731} INFO - ::endgroup::
[2024-09-05T00:52:45.857+0000] {logging_mixin.py:190} INFO - Iniciando conexión a Redshift para actualizar sequía
[2024-09-05T00:52:46.010+0000] {logging_mixin.py:190} INFO - Número de registros a actualizar en la tabla: 288
[2024-09-05T00:52:46.018+0000] {logging_mixin.py:190} INFO - Datos para actualizar en la tabla:    cve_mun            municipio fecha_pronostico indicador_sequia
0        1    Amealco De Bonfil       2024-09-04               D4
1        2      Pinal De Amoles       2024-09-04               D1
2        3          Arroyo Seco       2024-09-04               D0
3        4  Cadereyta De Montes       2024-09-04               D3
4        5                Colon       2024-09-04               D4
[2024-09-05T00:53:43.077+0000] {logging_mixin.py:190} INFO - Actualización realizada para cve_mun: 1, fecha_pronostico: 2024-09-04
[2024-09-05T00:53:43.271+0000] {logging_mixin.py:190} INFO - Actualización realizada para cve_mun: 2, fecha_pronostico: 2024-09-04
[2024-09-05T00:53:43.421+0000] {logging_mixin.py:190} INFO - Actualización realizada para cve_mun: 3, fecha_pronostico: 2024-09-04
[2024-09-05T00:53:43.673+0000] {logging_mixin.py:190} INFO - Actualización realizada para cve_mun: 4, fecha_pronostico: 2024-09-04
[2024-09-05T00:53:43.837+0000] {logging_mixin.py:190} INFO - Actualización realizada para cve_mun: 5, fecha_pronostico: 2024-09-04
[2024-09-05T00:53:43.986+0000] {logging_mixin.py:190} INFO - Actualización realizada para cve_mun: 6, fecha_pronostico: 2024-09-04
[2024-09-05T00:53:44.253+0000] {logging_mixin.py:190} INFO - Actualización realizada para cve_mun: 7, fecha_pronostico: 2024-09-04
[2024-09-05T00:53:44.484+0000] {logging_mixin.py:190} INFO - Actualización realizada para cve_mun: 8, fecha_pronostico: 2024-09-04
[2024-09-05T00:53:44.639+0000] {logging_mixin.py:190} INFO - Actualización realizada para cve_mun: 9, fecha_pronostico: 2024-09-04
[2024-09-05T00:53:44.980+0000] {logging_mixin.py:190} INFO - Actualización realizada para cve_mun: 10, fecha_pronostico: 2024-09-04
[2024-09-05T00:53:45.141+0000] {logging_mixin.py:190} INFO - Actualización realizada para cve_mun: 11, fecha_pronostico: 2024-09-04
[2024-09-05T00:53:45.298+0000] {logging_mixin.py:190} INFO - Actualización realizada para cve_mun: 12, fecha_pronostico: 2024-09-04
[2024-09-05T00:53:45.894+0000] {logging_mixin.py:190} INFO - Actualización realizada para cve_mun: 13, fecha_pronostico: 2024-09-04
[2024-09-05T00:53:46.072+0000] {logging_mixin.py:190} INFO - Actualización realizada para cve_mun: 14, fecha_pronostico: 2024-09-04
[2024-09-05T00:53:46.201+0000] {logging_mixin.py:190} INFO - Actualización realizada para cve_mun: 15, fecha_pronostico: 2024-09-04
[2024-09-05T00:53:46.360+0000] {logging_mixin.py:190} INFO - Actualización realizada para cve_mun: 16, fecha_pronostico: 2024-09-04
[2024-09-05T00:53:46.509+0000] {logging_mixin.py:190} INFO - Actualización realizada para cve_mun: 17, fecha_pronostico: 2024-09-04
[2024-09-05T00:53:46.671+0000] {logging_mixin.py:190} INFO - Actualización realizada para cve_mun: 18, fecha_pronostico: 2024-09-04
[2024-09-05T00:53:46.936+0000] {logging_mixin.py:190} INFO - Actualización realizada para cve_mun: 1, fecha_pronostico: 2024-09-04
[2024-09-05T00:53:47.114+0000] {logging_mixin.py:190} INFO - Actualización realizada para cve_mun: 2, fecha_pronostico: 2024-09-04
[2024-09-05T00:53:47.233+0000] {logging_mixin.py:190} INFO - Actualización realizada para cve_mun: 3, fecha_pronostico: 2024-09-04
[2024-09-05T00:53:47.538+0000] {logging_mixin.py:190} INFO - Actualización realizada para cve_mun: 4, fecha_pronostico: 2024-09-04
[2024-09-05T00:53:47.729+0000] {logging_mixin.py:190} INFO - Actualización realizada para cve_mun: 5, fecha_pronostico: 2024-09-04
[2024-09-05T00:53:47.970+0000] {logging_mixin.py:190} INFO - Actualización realizada para cve_mun: 6, fecha_pronostico: 2024-09-04
[2024-09-05T00:53:48.171+0000] {logging_mixin.py:190} INFO - Actualización realizada para cve_mun: 7, fecha_pronostico: 2024-09-04
[2024-09-05T00:53:48.348+0000] {logging_mixin.py:190} INFO - Actualización realizada para cve_mun: 8, fecha_pronostico: 2024-09-04
[2024-09-05T00:53:48.547+0000] {logging_mixin.py:190} INFO - Actualización realizada para cve_mun: 9, fecha_pronostico: 2024-09-04
[2024-09-05T00:53:48.927+0000] {logging_mixin.py:190} INFO - Actualización realizada para cve_mun: 10, fecha_pronostico: 2024-09-04
[2024-09-05T00:53:49.080+0000] {logging_mixin.py:190} INFO - Actualización realizada para cve_mun: 11, fecha_pronostico: 2024-09-04
[2024-09-05T00:53:49.254+0000] {logging_mixin.py:190} INFO - Actualización realizada para cve_mun: 12, fecha_pronostico: 2024-09-04
[2024-09-05T00:53:49.533+0000] {logging_mixin.py:190} INFO - Actualización realizada para cve_mun: 13, fecha_pronostico: 2024-09-04
[2024-09-05T00:53:49.936+0000] {logging_mixin.py:190} INFO - Actualización realizada para cve_mun: 14, fecha_pronostico: 2024-09-04
[2024-09-05T00:53:50.190+0000] {logging_mixin.py:190} INFO - Actualización realizada para cve_mun: 15, fecha_pronostico: 2024-09-04
[2024-09-05T00:53:50.478+0000] {logging_mixin.py:190} INFO - Actualización realizada para cve_mun: 16, fecha_pronostico: 2024-09-04
[2024-09-05T00:53:50.918+0000] {logging_mixin.py:190} INFO - Actualización realizada para cve_mun: 17, fecha_pronostico: 2024-09-04
[2024-09-05T00:53:51.069+0000] {logging_mixin.py:190} INFO - Actualización realizada para cve_mun: 18, fecha_pronostico: 2024-09-04
[2024-09-05T00:53:51.205+0000] {logging_mixin.py:190} INFO - Actualización realizada para cve_mun: 1, fecha_pronostico: 2024-09-04
[2024-09-05T00:53:51.415+0000] {logging_mixin.py:190} INFO - Actualización realizada para cve_mun: 2, fecha_pronostico: 2024-09-04
[2024-09-05T00:53:51.577+0000] {logging_mixin.py:190} INFO - Actualización realizada para cve_mun: 3, fecha_pronostico: 2024-09-04
[2024-09-05T00:53:51.934+0000] {logging_mixin.py:190} INFO - Actualización realizada para cve_mun: 4, fecha_pronostico: 2024-09-04
[2024-09-05T00:53:52.113+0000] {logging_mixin.py:190} INFO - Actualización realizada para cve_mun: 5, fecha_pronostico: 2024-09-04
[2024-09-05T00:53:52.241+0000] {logging_mixin.py:190} INFO - Actualización realizada para cve_mun: 6, fecha_pronostico: 2024-09-04
[2024-09-05T00:53:52.541+0000] {logging_mixin.py:190} INFO - Actualización realizada para cve_mun: 7, fecha_pronostico: 2024-09-04
[2024-09-05T00:53:52.699+0000] {logging_mixin.py:190} INFO - Actualización realizada para cve_mun: 8, fecha_pronostico: 2024-09-04
[2024-09-05T00:53:52.909+0000] {logging_mixin.py:190} INFO - Actualización realizada para cve_mun: 9, fecha_pronostico: 2024-09-04
[2024-09-05T00:53:53.195+0000] {logging_mixin.py:190} INFO - Actualización realizada para cve_mun: 10, fecha_pronostico: 2024-09-04
[2024-09-05T00:53:53.355+0000] {logging_mixin.py:190} INFO - Actualización realizada para cve_mun: 11, fecha_pronostico: 2024-09-04
[2024-09-05T00:53:53.494+0000] {logging_mixin.py:190} INFO - Actualización realizada para cve_mun: 12, fecha_pronostico: 2024-09-04
[2024-09-05T00:53:53.655+0000] {logging_mixin.py:190} INFO - Actualización realizada para cve_mun: 13, fecha_pronostico: 2024-09-04
[2024-09-05T00:53:53.905+0000] {logging_mixin.py:190} INFO - Actualización realizada para cve_mun: 14, fecha_pronostico: 2024-09-04
[2024-09-05T00:53:54.084+0000] {logging_mixin.py:190} INFO - Actualización realizada para cve_mun: 15, fecha_pronostico: 2024-09-04
[2024-09-05T00:53:54.203+0000] {logging_mixin.py:190} INFO - Actualización realizada para cve_mun: 16, fecha_pronostico: 2024-09-04
[2024-09-05T00:53:54.465+0000] {logging_mixin.py:190} INFO - Actualización realizada para cve_mun: 17, fecha_pronostico: 2024-09-04
[2024-09-05T00:53:54.918+0000] {logging_mixin.py:190} INFO - Actualización realizada para cve_mun: 18, fecha_pronostico: 2024-09-04
[2024-09-05T00:53:55.090+0000] {logging_mixin.py:190} INFO - Actualización realizada para cve_mun: 1, fecha_pronostico: 2024-09-04
[2024-09-05T00:53:55.250+0000] {logging_mixin.py:190} INFO - Actualización realizada para cve_mun: 2, fecha_pronostico: 2024-09-04
[2024-09-05T00:53:55.568+0000] {logging_mixin.py:190} INFO - Actualización realizada para cve_mun: 3, fecha_pronostico: 2024-09-04
[2024-09-05T00:53:55.783+0000] {logging_mixin.py:190} INFO - Actualización realizada para cve_mun: 4, fecha_pronostico: 2024-09-04
[2024-09-05T00:53:55.950+0000] {logging_mixin.py:190} INFO - Actualización realizada para cve_mun: 5, fecha_pronostico: 2024-09-04
[2024-09-05T00:53:56.116+0000] {logging_mixin.py:190} INFO - Actualización realizada para cve_mun: 6, fecha_pronostico: 2024-09-04
[2024-09-05T00:53:56.247+0000] {logging_mixin.py:190} INFO - Actualización realizada para cve_mun: 7, fecha_pronostico: 2024-09-04
[2024-09-05T00:53:56.469+0000] {logging_mixin.py:190} INFO - Actualización realizada para cve_mun: 8, fecha_pronostico: 2024-09-04
[2024-09-05T00:53:56.611+0000] {logging_mixin.py:190} INFO - Actualización realizada para cve_mun: 9, fecha_pronostico: 2024-09-04
[2024-09-05T00:53:56.919+0000] {logging_mixin.py:190} INFO - Actualización realizada para cve_mun: 10, fecha_pronostico: 2024-09-04
[2024-09-05T00:53:57.090+0000] {logging_mixin.py:190} INFO - Actualización realizada para cve_mun: 11, fecha_pronostico: 2024-09-04
[2024-09-05T00:53:57.237+0000] {logging_mixin.py:190} INFO - Actualización realizada para cve_mun: 12, fecha_pronostico: 2024-09-04
[2024-09-05T00:53:57.405+0000] {logging_mixin.py:190} INFO - Actualización realizada para cve_mun: 13, fecha_pronostico: 2024-09-04
[2024-09-05T00:53:57.554+0000] {logging_mixin.py:190} INFO - Actualización realizada para cve_mun: 14, fecha_pronostico: 2024-09-04
[2024-09-05T00:53:57.909+0000] {logging_mixin.py:190} INFO - Actualización realizada para cve_mun: 15, fecha_pronostico: 2024-09-04
[2024-09-05T00:53:58.070+0000] {logging_mixin.py:190} INFO - Actualización realizada para cve_mun: 16, fecha_pronostico: 2024-09-04
[2024-09-05T00:53:58.200+0000] {logging_mixin.py:190} INFO - Actualización realizada para cve_mun: 17, fecha_pronostico: 2024-09-04
[2024-09-05T00:53:58.477+0000] {logging_mixin.py:190} INFO - Actualización realizada para cve_mun: 18, fecha_pronostico: 2024-09-04
[2024-09-05T00:53:58.638+0000] {logging_mixin.py:190} INFO - Actualización realizada para cve_mun: 1, fecha_pronostico: 2024-09-04
[2024-09-05T00:53:58.919+0000] {logging_mixin.py:190} INFO - Actualización realizada para cve_mun: 2, fecha_pronostico: 2024-09-04
[2024-09-05T00:53:59.155+0000] {logging_mixin.py:190} INFO - Actualización realizada para cve_mun: 3, fecha_pronostico: 2024-09-04
[2024-09-05T00:53:59.320+0000] {logging_mixin.py:190} INFO - Actualización realizada para cve_mun: 4, fecha_pronostico: 2024-09-04
[2024-09-05T00:53:59.442+0000] {logging_mixin.py:190} INFO - Actualización realizada para cve_mun: 5, fecha_pronostico: 2024-09-04
[2024-09-05T00:53:59.948+0000] {logging_mixin.py:190} INFO - Actualización realizada para cve_mun: 6, fecha_pronostico: 2024-09-04
[2024-09-05T00:54:00.204+0000] {logging_mixin.py:190} INFO - Actualización realizada para cve_mun: 7, fecha_pronostico: 2024-09-04
[2024-09-05T00:54:00.373+0000] {logging_mixin.py:190} INFO - Actualización realizada para cve_mun: 8, fecha_pronostico: 2024-09-04
[2024-09-05T00:54:00.511+0000] {logging_mixin.py:190} INFO - Actualización realizada para cve_mun: 9, fecha_pronostico: 2024-09-04
[2024-09-05T00:54:00.733+0000] {logging_mixin.py:190} INFO - Actualización realizada para cve_mun: 10, fecha_pronostico: 2024-09-04
[2024-09-05T00:54:00.932+0000] {logging_mixin.py:190} INFO - Actualización realizada para cve_mun: 11, fecha_pronostico: 2024-09-04
[2024-09-05T00:54:01.104+0000] {logging_mixin.py:190} INFO - Actualización realizada para cve_mun: 12, fecha_pronostico: 2024-09-04
[2024-09-05T00:54:01.269+0000] {logging_mixin.py:190} INFO - Actualización realizada para cve_mun: 13, fecha_pronostico: 2024-09-04
[2024-09-05T00:54:01.400+0000] {logging_mixin.py:190} INFO - Actualización realizada para cve_mun: 14, fecha_pronostico: 2024-09-04
[2024-09-05T00:54:01.624+0000] {logging_mixin.py:190} INFO - Actualización realizada para cve_mun: 15, fecha_pronostico: 2024-09-04
[2024-09-05T00:54:01.773+0000] {logging_mixin.py:190} INFO - Actualización realizada para cve_mun: 16, fecha_pronostico: 2024-09-04
[2024-09-05T00:54:01.975+0000] {logging_mixin.py:190} INFO - Actualización realizada para cve_mun: 17, fecha_pronostico: 2024-09-04
[2024-09-05T00:54:02.132+0000] {logging_mixin.py:190} INFO - Actualización realizada para cve_mun: 18, fecha_pronostico: 2024-09-04
[2024-09-05T00:54:02.335+0000] {logging_mixin.py:190} INFO - Actualización realizada para cve_mun: 1, fecha_pronostico: 2024-09-04
[2024-09-05T00:54:02.624+0000] {logging_mixin.py:190} INFO - Actualización realizada para cve_mun: 2, fecha_pronostico: 2024-09-04
[2024-09-05T00:54:02.775+0000] {logging_mixin.py:190} INFO - Actualización realizada para cve_mun: 3, fecha_pronostico: 2024-09-04
[2024-09-05T00:54:02.987+0000] {logging_mixin.py:190} INFO - Actualización realizada para cve_mun: 4, fecha_pronostico: 2024-09-04
[2024-09-05T00:54:03.160+0000] {logging_mixin.py:190} INFO - Actualización realizada para cve_mun: 5, fecha_pronostico: 2024-09-04
[2024-09-05T00:54:03.333+0000] {logging_mixin.py:190} INFO - Actualización realizada para cve_mun: 6, fecha_pronostico: 2024-09-04
[2024-09-05T00:54:03.694+0000] {logging_mixin.py:190} INFO - Actualización realizada para cve_mun: 7, fecha_pronostico: 2024-09-04
[2024-09-05T00:54:03.845+0000] {logging_mixin.py:190} INFO - Actualización realizada para cve_mun: 8, fecha_pronostico: 2024-09-04
[2024-09-05T00:54:04.029+0000] {logging_mixin.py:190} INFO - Actualización realizada para cve_mun: 9, fecha_pronostico: 2024-09-04
[2024-09-05T00:54:04.190+0000] {logging_mixin.py:190} INFO - Actualización realizada para cve_mun: 10, fecha_pronostico: 2024-09-04
[2024-09-05T00:54:04.328+0000] {logging_mixin.py:190} INFO - Actualización realizada para cve_mun: 11, fecha_pronostico: 2024-09-04
[2024-09-05T00:54:04.470+0000] {logging_mixin.py:190} INFO - Actualización realizada para cve_mun: 12, fecha_pronostico: 2024-09-04
[2024-09-05T00:54:04.625+0000] {logging_mixin.py:190} INFO - Actualización realizada para cve_mun: 13, fecha_pronostico: 2024-09-04
[2024-09-05T00:54:05.025+0000] {logging_mixin.py:190} INFO - Actualización realizada para cve_mun: 14, fecha_pronostico: 2024-09-04
[2024-09-05T00:54:05.177+0000] {logging_mixin.py:190} INFO - Actualización realizada para cve_mun: 15, fecha_pronostico: 2024-09-04
[2024-09-05T00:54:05.309+0000] {logging_mixin.py:190} INFO - Actualización realizada para cve_mun: 16, fecha_pronostico: 2024-09-04
[2024-09-05T00:54:05.532+0000] {logging_mixin.py:190} INFO - Actualización realizada para cve_mun: 17, fecha_pronostico: 2024-09-04
[2024-09-05T00:54:05.690+0000] {logging_mixin.py:190} INFO - Actualización realizada para cve_mun: 18, fecha_pronostico: 2024-09-04
[2024-09-05T00:54:05.992+0000] {logging_mixin.py:190} INFO - Actualización realizada para cve_mun: 1, fecha_pronostico: 2024-09-04
[2024-09-05T00:54:06.163+0000] {logging_mixin.py:190} INFO - Actualización realizada para cve_mun: 2, fecha_pronostico: 2024-09-04
[2024-09-05T00:54:06.318+0000] {logging_mixin.py:190} INFO - Actualización realizada para cve_mun: 3, fecha_pronostico: 2024-09-04
[2024-09-05T00:54:06.480+0000] {logging_mixin.py:190} INFO - Actualización realizada para cve_mun: 4, fecha_pronostico: 2024-09-04
[2024-09-05T00:54:06.969+0000] {logging_mixin.py:190} INFO - Actualización realizada para cve_mun: 5, fecha_pronostico: 2024-09-04
[2024-09-05T00:54:07.198+0000] {logging_mixin.py:190} INFO - Actualización realizada para cve_mun: 6, fecha_pronostico: 2024-09-04
[2024-09-05T00:54:07.385+0000] {logging_mixin.py:190} INFO - Actualización realizada para cve_mun: 7, fecha_pronostico: 2024-09-04
[2024-09-05T00:54:07.510+0000] {logging_mixin.py:190} INFO - Actualización realizada para cve_mun: 8, fecha_pronostico: 2024-09-04
[2024-09-05T00:54:07.983+0000] {logging_mixin.py:190} INFO - Actualización realizada para cve_mun: 9, fecha_pronostico: 2024-09-04
[2024-09-05T00:54:08.144+0000] {logging_mixin.py:190} INFO - Actualización realizada para cve_mun: 10, fecha_pronostico: 2024-09-04
[2024-09-05T00:54:08.329+0000] {logging_mixin.py:190} INFO - Actualización realizada para cve_mun: 11, fecha_pronostico: 2024-09-04
[2024-09-05T00:54:08.497+0000] {logging_mixin.py:190} INFO - Actualización realizada para cve_mun: 12, fecha_pronostico: 2024-09-04
[2024-09-05T00:54:08.624+0000] {logging_mixin.py:190} INFO - Actualización realizada para cve_mun: 13, fecha_pronostico: 2024-09-04
[2024-09-05T00:54:08.952+0000] {logging_mixin.py:190} INFO - Actualización realizada para cve_mun: 14, fecha_pronostico: 2024-09-04
[2024-09-05T00:54:09.124+0000] {logging_mixin.py:190} INFO - Actualización realizada para cve_mun: 15, fecha_pronostico: 2024-09-04
[2024-09-05T00:54:09.294+0000] {logging_mixin.py:190} INFO - Actualización realizada para cve_mun: 16, fecha_pronostico: 2024-09-04
[2024-09-05T00:54:09.509+0000] {logging_mixin.py:190} INFO - Actualización realizada para cve_mun: 17, fecha_pronostico: 2024-09-04
[2024-09-05T00:54:10.405+0000] {logging_mixin.py:190} INFO - Actualización realizada para cve_mun: 18, fecha_pronostico: 2024-09-04
[2024-09-05T00:54:10.559+0000] {logging_mixin.py:190} INFO - Actualización realizada para cve_mun: 1, fecha_pronostico: 2024-09-04
[2024-09-05T00:54:10.701+0000] {logging_mixin.py:190} INFO - Actualización realizada para cve_mun: 2, fecha_pronostico: 2024-09-04
[2024-09-05T00:54:10.858+0000] {logging_mixin.py:190} INFO - Actualización realizada para cve_mun: 3, fecha_pronostico: 2024-09-04
[2024-09-05T00:54:11.028+0000] {logging_mixin.py:190} INFO - Actualización realizada para cve_mun: 4, fecha_pronostico: 2024-09-04
[2024-09-05T00:54:11.216+0000] {logging_mixin.py:190} INFO - Actualización realizada para cve_mun: 5, fecha_pronostico: 2024-09-04
[2024-09-05T00:54:11.335+0000] {logging_mixin.py:190} INFO - Actualización realizada para cve_mun: 6, fecha_pronostico: 2024-09-04
[2024-09-05T00:54:11.492+0000] {logging_mixin.py:190} INFO - Actualización realizada para cve_mun: 7, fecha_pronostico: 2024-09-04
[2024-09-05T00:54:11.648+0000] {logging_mixin.py:190} INFO - Actualización realizada para cve_mun: 8, fecha_pronostico: 2024-09-04
[2024-09-05T00:54:11.804+0000] {logging_mixin.py:190} INFO - Actualización realizada para cve_mun: 9, fecha_pronostico: 2024-09-04
[2024-09-05T00:54:12.037+0000] {logging_mixin.py:190} INFO - Actualización realizada para cve_mun: 10, fecha_pronostico: 2024-09-04
[2024-09-05T00:54:12.268+0000] {logging_mixin.py:190} INFO - Actualización realizada para cve_mun: 11, fecha_pronostico: 2024-09-04
[2024-09-05T00:54:12.426+0000] {logging_mixin.py:190} INFO - Actualización realizada para cve_mun: 12, fecha_pronostico: 2024-09-04
[2024-09-05T00:54:12.553+0000] {logging_mixin.py:190} INFO - Actualización realizada para cve_mun: 13, fecha_pronostico: 2024-09-04
[2024-09-05T00:54:13.052+0000] {logging_mixin.py:190} INFO - Actualización realizada para cve_mun: 14, fecha_pronostico: 2024-09-04
[2024-09-05T00:54:13.199+0000] {logging_mixin.py:190} INFO - Actualización realizada para cve_mun: 15, fecha_pronostico: 2024-09-04
[2024-09-05T00:54:13.383+0000] {logging_mixin.py:190} INFO - Actualización realizada para cve_mun: 16, fecha_pronostico: 2024-09-04
[2024-09-05T00:54:13.541+0000] {logging_mixin.py:190} INFO - Actualización realizada para cve_mun: 17, fecha_pronostico: 2024-09-04
[2024-09-05T00:54:15.147+0000] {logging_mixin.py:190} INFO - Actualización realizada para cve_mun: 18, fecha_pronostico: 2024-09-04
[2024-09-05T00:54:15.327+0000] {logging_mixin.py:190} INFO - Actualización realizada para cve_mun: 1, fecha_pronostico: 2024-09-04
[2024-09-05T00:54:15.501+0000] {logging_mixin.py:190} INFO - Actualización realizada para cve_mun: 2, fecha_pronostico: 2024-09-04
[2024-09-05T00:54:15.769+0000] {logging_mixin.py:190} INFO - Actualización realizada para cve_mun: 3, fecha_pronostico: 2024-09-04
[2024-09-05T00:54:15.918+0000] {logging_mixin.py:190} INFO - Actualización realizada para cve_mun: 4, fecha_pronostico: 2024-09-04
[2024-09-05T00:54:16.049+0000] {logging_mixin.py:190} INFO - Actualización realizada para cve_mun: 5, fecha_pronostico: 2024-09-04
[2024-09-05T00:54:16.206+0000] {logging_mixin.py:190} INFO - Actualización realizada para cve_mun: 6, fecha_pronostico: 2024-09-04
[2024-09-05T00:54:16.428+0000] {logging_mixin.py:190} INFO - Actualización realizada para cve_mun: 7, fecha_pronostico: 2024-09-04
[2024-09-05T00:54:17.359+0000] {logging_mixin.py:190} INFO - Actualización realizada para cve_mun: 8, fecha_pronostico: 2024-09-04
[2024-09-05T00:54:17.527+0000] {logging_mixin.py:190} INFO - Actualización realizada para cve_mun: 9, fecha_pronostico: 2024-09-04
[2024-09-05T00:54:17.691+0000] {logging_mixin.py:190} INFO - Actualización realizada para cve_mun: 10, fecha_pronostico: 2024-09-04
[2024-09-05T00:54:17.843+0000] {logging_mixin.py:190} INFO - Actualización realizada para cve_mun: 11, fecha_pronostico: 2024-09-04
[2024-09-05T00:54:17.999+0000] {logging_mixin.py:190} INFO - Actualización realizada para cve_mun: 12, fecha_pronostico: 2024-09-04
[2024-09-05T00:54:18.337+0000] {logging_mixin.py:190} INFO - Actualización realizada para cve_mun: 13, fecha_pronostico: 2024-09-04
[2024-09-05T00:54:18.461+0000] {logging_mixin.py:190} INFO - Actualización realizada para cve_mun: 14, fecha_pronostico: 2024-09-04
[2024-09-05T00:54:18.640+0000] {logging_mixin.py:190} INFO - Actualización realizada para cve_mun: 15, fecha_pronostico: 2024-09-04
[2024-09-05T00:54:18.767+0000] {logging_mixin.py:190} INFO - Actualización realizada para cve_mun: 16, fecha_pronostico: 2024-09-04
[2024-09-05T00:54:19.000+0000] {logging_mixin.py:190} INFO - Actualización realizada para cve_mun: 17, fecha_pronostico: 2024-09-04
[2024-09-05T00:54:19.170+0000] {logging_mixin.py:190} INFO - Actualización realizada para cve_mun: 18, fecha_pronostico: 2024-09-04
[2024-09-05T00:54:19.347+0000] {logging_mixin.py:190} INFO - Actualización realizada para cve_mun: 1, fecha_pronostico: 2024-09-04
[2024-09-05T00:54:19.504+0000] {logging_mixin.py:190} INFO - Actualización realizada para cve_mun: 2, fecha_pronostico: 2024-09-04
[2024-09-05T00:54:19.630+0000] {logging_mixin.py:190} INFO - Actualización realizada para cve_mun: 3, fecha_pronostico: 2024-09-04
[2024-09-05T00:54:19.861+0000] {logging_mixin.py:190} INFO - Actualización realizada para cve_mun: 4, fecha_pronostico: 2024-09-04
[2024-09-05T00:54:20.039+0000] {logging_mixin.py:190} INFO - Actualización realizada para cve_mun: 5, fecha_pronostico: 2024-09-04
[2024-09-05T00:54:20.376+0000] {logging_mixin.py:190} INFO - Actualización realizada para cve_mun: 6, fecha_pronostico: 2024-09-04
[2024-09-05T00:54:20.537+0000] {logging_mixin.py:190} INFO - Actualización realizada para cve_mun: 7, fecha_pronostico: 2024-09-04
[2024-09-05T00:54:20.669+0000] {logging_mixin.py:190} INFO - Actualización realizada para cve_mun: 8, fecha_pronostico: 2024-09-04
[2024-09-05T00:54:20.816+0000] {logging_mixin.py:190} INFO - Actualización realizada para cve_mun: 9, fecha_pronostico: 2024-09-04
[2024-09-05T00:54:20.964+0000] {logging_mixin.py:190} INFO - Actualización realizada para cve_mun: 10, fecha_pronostico: 2024-09-04
[2024-09-05T00:54:21.340+0000] {logging_mixin.py:190} INFO - Actualización realizada para cve_mun: 11, fecha_pronostico: 2024-09-04
[2024-09-05T00:54:21.499+0000] {logging_mixin.py:190} INFO - Actualización realizada para cve_mun: 12, fecha_pronostico: 2024-09-04
[2024-09-05T00:54:21.707+0000] {logging_mixin.py:190} INFO - Actualización realizada para cve_mun: 13, fecha_pronostico: 2024-09-04
[2024-09-05T00:54:21.872+0000] {logging_mixin.py:190} INFO - Actualización realizada para cve_mun: 14, fecha_pronostico: 2024-09-04
[2024-09-05T00:54:21.999+0000] {logging_mixin.py:190} INFO - Actualización realizada para cve_mun: 15, fecha_pronostico: 2024-09-04
[2024-09-05T00:54:22.160+0000] {logging_mixin.py:190} INFO - Actualización realizada para cve_mun: 16, fecha_pronostico: 2024-09-04
[2024-09-05T00:54:22.350+0000] {logging_mixin.py:190} INFO - Actualización realizada para cve_mun: 17, fecha_pronostico: 2024-09-04
[2024-09-05T00:54:22.556+0000] {logging_mixin.py:190} INFO - Actualización realizada para cve_mun: 18, fecha_pronostico: 2024-09-04
[2024-09-05T00:54:22.681+0000] {logging_mixin.py:190} INFO - Actualización realizada para cve_mun: 1, fecha_pronostico: 2024-09-04
[2024-09-05T00:54:23.035+0000] {logging_mixin.py:190} INFO - Actualización realizada para cve_mun: 2, fecha_pronostico: 2024-09-04
[2024-09-05T00:54:23.350+0000] {logging_mixin.py:190} INFO - Actualización realizada para cve_mun: 3, fecha_pronostico: 2024-09-04
[2024-09-05T00:54:23.481+0000] {logging_mixin.py:190} INFO - Actualización realizada para cve_mun: 4, fecha_pronostico: 2024-09-04
[2024-09-05T00:54:23.632+0000] {logging_mixin.py:190} INFO - Actualización realizada para cve_mun: 5, fecha_pronostico: 2024-09-04
[2024-09-05T00:54:23.805+0000] {logging_mixin.py:190} INFO - Actualización realizada para cve_mun: 6, fecha_pronostico: 2024-09-04
[2024-09-05T00:54:23.928+0000] {logging_mixin.py:190} INFO - Actualización realizada para cve_mun: 7, fecha_pronostico: 2024-09-04
[2024-09-05T00:54:24.407+0000] {logging_mixin.py:190} INFO - Actualización realizada para cve_mun: 8, fecha_pronostico: 2024-09-04
[2024-09-05T00:54:24.665+0000] {logging_mixin.py:190} INFO - Actualización realizada para cve_mun: 9, fecha_pronostico: 2024-09-04
[2024-09-05T00:54:24.812+0000] {logging_mixin.py:190} INFO - Actualización realizada para cve_mun: 10, fecha_pronostico: 2024-09-04
[2024-09-05T00:54:24.979+0000] {logging_mixin.py:190} INFO - Actualización realizada para cve_mun: 11, fecha_pronostico: 2024-09-04
[2024-09-05T00:54:25.351+0000] {logging_mixin.py:190} INFO - Actualización realizada para cve_mun: 12, fecha_pronostico: 2024-09-04
[2024-09-05T00:54:25.543+0000] {logging_mixin.py:190} INFO - Actualización realizada para cve_mun: 13, fecha_pronostico: 2024-09-04
[2024-09-05T00:54:25.724+0000] {logging_mixin.py:190} INFO - Actualización realizada para cve_mun: 14, fecha_pronostico: 2024-09-04
[2024-09-05T00:54:26.069+0000] {logging_mixin.py:190} INFO - Actualización realizada para cve_mun: 15, fecha_pronostico: 2024-09-04
[2024-09-05T00:54:26.287+0000] {logging_mixin.py:190} INFO - Actualización realizada para cve_mun: 16, fecha_pronostico: 2024-09-04
[2024-09-05T00:54:26.504+0000] {logging_mixin.py:190} INFO - Actualización realizada para cve_mun: 17, fecha_pronostico: 2024-09-04
[2024-09-05T00:54:26.684+0000] {logging_mixin.py:190} INFO - Actualización realizada para cve_mun: 18, fecha_pronostico: 2024-09-04
[2024-09-05T00:54:27.020+0000] {logging_mixin.py:190} INFO - Actualización realizada para cve_mun: 1, fecha_pronostico: 2024-09-04
[2024-09-05T00:54:27.218+0000] {logging_mixin.py:190} INFO - Actualización realizada para cve_mun: 2, fecha_pronostico: 2024-09-04
[2024-09-05T00:54:27.464+0000] {logging_mixin.py:190} INFO - Actualización realizada para cve_mun: 3, fecha_pronostico: 2024-09-04
[2024-09-05T00:54:27.782+0000] {logging_mixin.py:190} INFO - Actualización realizada para cve_mun: 4, fecha_pronostico: 2024-09-04
[2024-09-05T00:54:28.048+0000] {logging_mixin.py:190} INFO - Actualización realizada para cve_mun: 5, fecha_pronostico: 2024-09-04
[2024-09-05T00:54:28.537+0000] {logging_mixin.py:190} INFO - Actualización realizada para cve_mun: 6, fecha_pronostico: 2024-09-04
[2024-09-05T00:54:28.879+0000] {logging_mixin.py:190} INFO - Actualización realizada para cve_mun: 7, fecha_pronostico: 2024-09-04
[2024-09-05T00:54:29.198+0000] {logging_mixin.py:190} INFO - Actualización realizada para cve_mun: 8, fecha_pronostico: 2024-09-04
[2024-09-05T00:54:29.411+0000] {logging_mixin.py:190} INFO - Actualización realizada para cve_mun: 9, fecha_pronostico: 2024-09-04
[2024-09-05T00:54:29.610+0000] {logging_mixin.py:190} INFO - Actualización realizada para cve_mun: 10, fecha_pronostico: 2024-09-04
[2024-09-05T00:54:29.974+0000] {logging_mixin.py:190} INFO - Actualización realizada para cve_mun: 11, fecha_pronostico: 2024-09-04
[2024-09-05T00:54:31.094+0000] {logging_mixin.py:190} INFO - Actualización realizada para cve_mun: 12, fecha_pronostico: 2024-09-04
[2024-09-05T00:54:31.574+0000] {logging_mixin.py:190} INFO - Actualización realizada para cve_mun: 13, fecha_pronostico: 2024-09-04
[2024-09-05T00:54:31.837+0000] {logging_mixin.py:190} INFO - Actualización realizada para cve_mun: 14, fecha_pronostico: 2024-09-04
[2024-09-05T00:54:32.091+0000] {logging_mixin.py:190} INFO - Actualización realizada para cve_mun: 15, fecha_pronostico: 2024-09-04
[2024-09-05T00:54:32.486+0000] {logging_mixin.py:190} INFO - Actualización realizada para cve_mun: 16, fecha_pronostico: 2024-09-04
[2024-09-05T00:54:32.703+0000] {logging_mixin.py:190} INFO - Actualización realizada para cve_mun: 17, fecha_pronostico: 2024-09-04
[2024-09-05T00:54:33.147+0000] {logging_mixin.py:190} INFO - Actualización realizada para cve_mun: 18, fecha_pronostico: 2024-09-04
[2024-09-05T00:54:33.530+0000] {logging_mixin.py:190} INFO - Actualización realizada para cve_mun: 1, fecha_pronostico: 2024-09-04
[2024-09-05T00:54:33.747+0000] {logging_mixin.py:190} INFO - Actualización realizada para cve_mun: 2, fecha_pronostico: 2024-09-04
[2024-09-05T00:54:33.989+0000] {logging_mixin.py:190} INFO - Actualización realizada para cve_mun: 3, fecha_pronostico: 2024-09-04
[2024-09-05T00:54:34.220+0000] {logging_mixin.py:190} INFO - Actualización realizada para cve_mun: 4, fecha_pronostico: 2024-09-04
[2024-09-05T00:54:34.380+0000] {logging_mixin.py:190} INFO - Actualización realizada para cve_mun: 5, fecha_pronostico: 2024-09-04
[2024-09-05T00:54:34.738+0000] {logging_mixin.py:190} INFO - Actualización realizada para cve_mun: 6, fecha_pronostico: 2024-09-04
[2024-09-05T00:54:35.138+0000] {logging_mixin.py:190} INFO - Actualización realizada para cve_mun: 7, fecha_pronostico: 2024-09-04
[2024-09-05T00:54:35.317+0000] {logging_mixin.py:190} INFO - Actualización realizada para cve_mun: 8, fecha_pronostico: 2024-09-04
[2024-09-05T00:54:35.522+0000] {logging_mixin.py:190} INFO - Actualización realizada para cve_mun: 9, fecha_pronostico: 2024-09-04
[2024-09-05T00:54:35.751+0000] {logging_mixin.py:190} INFO - Actualización realizada para cve_mun: 10, fecha_pronostico: 2024-09-04
[2024-09-05T00:54:35.924+0000] {logging_mixin.py:190} INFO - Actualización realizada para cve_mun: 11, fecha_pronostico: 2024-09-04
[2024-09-05T00:54:36.344+0000] {logging_mixin.py:190} INFO - Actualización realizada para cve_mun: 12, fecha_pronostico: 2024-09-04
[2024-09-05T00:54:36.762+0000] {logging_mixin.py:190} INFO - Actualización realizada para cve_mun: 13, fecha_pronostico: 2024-09-04
[2024-09-05T00:54:36.969+0000] {logging_mixin.py:190} INFO - Actualización realizada para cve_mun: 14, fecha_pronostico: 2024-09-04
[2024-09-05T00:54:37.230+0000] {logging_mixin.py:190} INFO - Actualización realizada para cve_mun: 15, fecha_pronostico: 2024-09-04
[2024-09-05T00:54:37.489+0000] {logging_mixin.py:190} INFO - Actualización realizada para cve_mun: 16, fecha_pronostico: 2024-09-04
[2024-09-05T00:54:37.684+0000] {logging_mixin.py:190} INFO - Actualización realizada para cve_mun: 17, fecha_pronostico: 2024-09-04
[2024-09-05T00:54:38.051+0000] {logging_mixin.py:190} INFO - Actualización realizada para cve_mun: 18, fecha_pronostico: 2024-09-04
[2024-09-05T00:54:38.544+0000] {logging_mixin.py:190} INFO - Actualización realizada para cve_mun: 1, fecha_pronostico: 2024-09-04
[2024-09-05T00:54:38.742+0000] {logging_mixin.py:190} INFO - Actualización realizada para cve_mun: 2, fecha_pronostico: 2024-09-04
[2024-09-05T00:54:39.059+0000] {logging_mixin.py:190} INFO - Actualización realizada para cve_mun: 3, fecha_pronostico: 2024-09-04
[2024-09-05T00:54:39.651+0000] {logging_mixin.py:190} INFO - Actualización realizada para cve_mun: 4, fecha_pronostico: 2024-09-04
[2024-09-05T00:54:39.850+0000] {logging_mixin.py:190} INFO - Actualización realizada para cve_mun: 5, fecha_pronostico: 2024-09-04
[2024-09-05T00:54:40.092+0000] {logging_mixin.py:190} INFO - Actualización realizada para cve_mun: 6, fecha_pronostico: 2024-09-04
[2024-09-05T00:54:40.267+0000] {logging_mixin.py:190} INFO - Actualización realizada para cve_mun: 7, fecha_pronostico: 2024-09-04
[2024-09-05T00:54:40.477+0000] {logging_mixin.py:190} INFO - Actualización realizada para cve_mun: 8, fecha_pronostico: 2024-09-04
[2024-09-05T00:54:40.787+0000] {logging_mixin.py:190} INFO - Actualización realizada para cve_mun: 9, fecha_pronostico: 2024-09-04
[2024-09-05T00:54:41.096+0000] {logging_mixin.py:190} INFO - Actualización realizada para cve_mun: 10, fecha_pronostico: 2024-09-04
[2024-09-05T00:54:41.418+0000] {logging_mixin.py:190} INFO - Actualización realizada para cve_mun: 11, fecha_pronostico: 2024-09-04
[2024-09-05T00:54:41.675+0000] {logging_mixin.py:190} INFO - Actualización realizada para cve_mun: 12, fecha_pronostico: 2024-09-04
[2024-09-05T00:54:41.973+0000] {logging_mixin.py:190} INFO - Actualización realizada para cve_mun: 13, fecha_pronostico: 2024-09-04
[2024-09-05T00:54:42.184+0000] {logging_mixin.py:190} INFO - Actualización realizada para cve_mun: 14, fecha_pronostico: 2024-09-04
[2024-09-05T00:54:43.536+0000] {logging_mixin.py:190} INFO - Actualización realizada para cve_mun: 15, fecha_pronostico: 2024-09-04
[2024-09-05T00:54:44.006+0000] {logging_mixin.py:190} INFO - Actualización realizada para cve_mun: 16, fecha_pronostico: 2024-09-04
[2024-09-05T00:54:44.246+0000] {logging_mixin.py:190} INFO - Actualización realizada para cve_mun: 17, fecha_pronostico: 2024-09-04
[2024-09-05T00:54:44.513+0000] {logging_mixin.py:190} INFO - Actualización realizada para cve_mun: 18, fecha_pronostico: 2024-09-04
[2024-09-05T00:54:44.743+0000] {logging_mixin.py:190} INFO - Actualización realizada para cve_mun: 1, fecha_pronostico: 2024-09-04
[2024-09-05T00:54:44.975+0000] {logging_mixin.py:190} INFO - Actualización realizada para cve_mun: 2, fecha_pronostico: 2024-09-04
[2024-09-05T00:54:45.886+0000] {logging_mixin.py:190} INFO - Actualización realizada para cve_mun: 3, fecha_pronostico: 2024-09-04
[2024-09-05T00:54:46.325+0000] {logging_mixin.py:190} INFO - Actualización realizada para cve_mun: 4, fecha_pronostico: 2024-09-04
[2024-09-05T00:54:46.696+0000] {logging_mixin.py:190} INFO - Actualización realizada para cve_mun: 5, fecha_pronostico: 2024-09-04
[2024-09-05T00:54:47.124+0000] {logging_mixin.py:190} INFO - Actualización realizada para cve_mun: 6, fecha_pronostico: 2024-09-04
[2024-09-05T00:54:47.705+0000] {logging_mixin.py:190} INFO - Actualización realizada para cve_mun: 7, fecha_pronostico: 2024-09-04
[2024-09-05T00:54:48.153+0000] {logging_mixin.py:190} INFO - Actualización realizada para cve_mun: 8, fecha_pronostico: 2024-09-04
[2024-09-05T00:54:48.573+0000] {logging_mixin.py:190} INFO - Actualización realizada para cve_mun: 9, fecha_pronostico: 2024-09-04
[2024-09-05T00:54:48.898+0000] {logging_mixin.py:190} INFO - Actualización realizada para cve_mun: 10, fecha_pronostico: 2024-09-04
[2024-09-05T00:54:49.250+0000] {logging_mixin.py:190} INFO - Actualización realizada para cve_mun: 11, fecha_pronostico: 2024-09-04
[2024-09-05T00:54:49.441+0000] {logging_mixin.py:190} INFO - Actualización realizada para cve_mun: 12, fecha_pronostico: 2024-09-04
[2024-09-05T00:54:49.681+0000] {logging_mixin.py:190} INFO - Actualización realizada para cve_mun: 13, fecha_pronostico: 2024-09-04
[2024-09-05T00:54:49.944+0000] {logging_mixin.py:190} INFO - Actualización realizada para cve_mun: 14, fecha_pronostico: 2024-09-04
[2024-09-05T00:54:50.125+0000] {logging_mixin.py:190} INFO - Actualización realizada para cve_mun: 15, fecha_pronostico: 2024-09-04
[2024-09-05T00:54:50.464+0000] {logging_mixin.py:190} INFO - Actualización realizada para cve_mun: 16, fecha_pronostico: 2024-09-04
[2024-09-05T00:54:50.683+0000] {logging_mixin.py:190} INFO - Actualización realizada para cve_mun: 17, fecha_pronostico: 2024-09-04
[2024-09-05T00:54:51.014+0000] {logging_mixin.py:190} INFO - Actualización realizada para cve_mun: 18, fecha_pronostico: 2024-09-04
[2024-09-05T00:54:51.420+0000] {logging_mixin.py:190} INFO - Actualización realizada para cve_mun: 1, fecha_pronostico: 2024-09-04
[2024-09-05T00:54:51.589+0000] {logging_mixin.py:190} INFO - Actualización realizada para cve_mun: 2, fecha_pronostico: 2024-09-04
[2024-09-05T00:54:51.837+0000] {logging_mixin.py:190} INFO - Actualización realizada para cve_mun: 3, fecha_pronostico: 2024-09-04
[2024-09-05T00:54:52.137+0000] {logging_mixin.py:190} INFO - Actualización realizada para cve_mun: 4, fecha_pronostico: 2024-09-04
[2024-09-05T00:54:52.355+0000] {logging_mixin.py:190} INFO - Actualización realizada para cve_mun: 5, fecha_pronostico: 2024-09-04
[2024-09-05T00:54:52.702+0000] {logging_mixin.py:190} INFO - Actualización realizada para cve_mun: 6, fecha_pronostico: 2024-09-04
[2024-09-05T00:54:52.953+0000] {logging_mixin.py:190} INFO - Actualización realizada para cve_mun: 7, fecha_pronostico: 2024-09-04
[2024-09-05T00:54:53.211+0000] {logging_mixin.py:190} INFO - Actualización realizada para cve_mun: 8, fecha_pronostico: 2024-09-04
[2024-09-05T00:54:53.452+0000] {logging_mixin.py:190} INFO - Actualización realizada para cve_mun: 9, fecha_pronostico: 2024-09-04
[2024-09-05T00:54:53.744+0000] {logging_mixin.py:190} INFO - Actualización realizada para cve_mun: 10, fecha_pronostico: 2024-09-04
[2024-09-05T00:54:54.045+0000] {logging_mixin.py:190} INFO - Actualización realizada para cve_mun: 11, fecha_pronostico: 2024-09-04
[2024-09-05T00:54:54.270+0000] {logging_mixin.py:190} INFO - Actualización realizada para cve_mun: 12, fecha_pronostico: 2024-09-04
[2024-09-05T00:54:54.586+0000] {logging_mixin.py:190} INFO - Actualización realizada para cve_mun: 13, fecha_pronostico: 2024-09-04
[2024-09-05T00:54:54.993+0000] {logging_mixin.py:190} INFO - Actualización realizada para cve_mun: 14, fecha_pronostico: 2024-09-04
[2024-09-05T00:54:55.167+0000] {logging_mixin.py:190} INFO - Actualización realizada para cve_mun: 15, fecha_pronostico: 2024-09-04
[2024-09-05T00:54:55.401+0000] {logging_mixin.py:190} INFO - Actualización realizada para cve_mun: 16, fecha_pronostico: 2024-09-04
[2024-09-05T00:54:55.745+0000] {logging_mixin.py:190} INFO - Actualización realizada para cve_mun: 17, fecha_pronostico: 2024-09-04
[2024-09-05T00:54:55.974+0000] {logging_mixin.py:190} INFO - Actualización realizada para cve_mun: 18, fecha_pronostico: 2024-09-04
[2024-09-05T00:54:56.301+0000] {logging_mixin.py:190} INFO - Todas las actualizaciones se han realizado con éxito
[2024-09-05T00:54:56.311+0000] {python.py:240} INFO - Done. Returned value was: None
[2024-09-05T00:54:56.364+0000] {taskinstance.py:340} INFO - ::group::Post task execution logs
[2024-09-05T00:54:56.366+0000] {taskinstance.py:352} INFO - Marking task as SUCCESS. dag_id=weather_etl_dag, task_id=update_sequia_indicator, run_id=scheduled__2024-08-08T00:00:00+00:00, execution_date=20240808T000000, start_date=20240905T005244, end_date=20240905T005456
[2024-09-05T00:54:56.466+0000] {local_task_job_runner.py:261} INFO - Task exited with return code 0
[2024-09-05T00:54:56.505+0000] {taskinstance.py:3891} INFO - 0 downstream tasks scheduled from follow-on schedule check
[2024-09-05T00:54:56.560+0000] {local_task_job_runner.py:240} INFO - ::endgroup::
[2024-09-05T18:18:44.072+0000] {local_task_job_runner.py:123} INFO - ::group::Pre task execution logs
[2024-09-05T18:18:44.112+0000] {taskinstance.py:2603} INFO - Dependencies all met for dep_context=non-requeueable deps ti=<TaskInstance: weather_etl_dag.update_sequia_indicator scheduled__2024-08-08T00:00:00+00:00 [queued]>
[2024-09-05T18:18:44.123+0000] {taskinstance.py:2603} INFO - Dependencies all met for dep_context=requeueable deps ti=<TaskInstance: weather_etl_dag.update_sequia_indicator scheduled__2024-08-08T00:00:00+00:00 [queued]>
[2024-09-05T18:18:44.124+0000] {taskinstance.py:2856} INFO - Starting attempt 1 of 2
[2024-09-05T18:18:44.222+0000] {taskinstance.py:2879} INFO - Executing <Task(PythonOperator): update_sequia_indicator> on 2024-08-08 00:00:00+00:00
[2024-09-05T18:18:44.237+0000] {warnings.py:112} WARNING - /usr/local/lib/python3.12/site-packages/***/task/task_runner/standard_task_runner.py:70: DeprecationWarning: This process (pid=1104) is multi-threaded, use of fork() may lead to deadlocks in the child.
  pid = os.fork()

[2024-09-05T18:18:44.253+0000] {standard_task_runner.py:72} INFO - Started process 1106 to run task
[2024-09-05T18:18:44.254+0000] {standard_task_runner.py:104} INFO - Running: ['***', 'tasks', 'run', 'weather_etl_dag', 'update_sequia_indicator', 'scheduled__2024-08-08T00:00:00+00:00', '--job-id', '108', '--raw', '--subdir', 'DAGS_FOLDER/weather_etl_dag.py', '--cfg-path', '/tmp/tmpredynyly']
[2024-09-05T18:18:44.259+0000] {standard_task_runner.py:105} INFO - Job 108: Subtask update_sequia_indicator
[2024-09-05T18:18:44.691+0000] {task_command.py:467} INFO - Running <TaskInstance: weather_etl_dag.update_sequia_indicator scheduled__2024-08-08T00:00:00+00:00 [running]> on host 0b8eaea5e88c
[2024-09-05T18:18:45.029+0000] {taskinstance.py:3122} INFO - Exporting env vars: AIRFLOW_CTX_DAG_OWNER='***' AIRFLOW_CTX_DAG_ID='weather_etl_dag' AIRFLOW_CTX_TASK_ID='update_sequia_indicator' AIRFLOW_CTX_EXECUTION_DATE='2024-08-08T00:00:00+00:00' AIRFLOW_CTX_TRY_NUMBER='1' AIRFLOW_CTX_DAG_RUN_ID='scheduled__2024-08-08T00:00:00+00:00'
[2024-09-05T18:18:45.031+0000] {taskinstance.py:731} INFO - ::endgroup::
[2024-09-05T18:18:45.042+0000] {logging_mixin.py:190} INFO - Iniciando conexión a Redshift para actualizar sequía
[2024-09-05T18:18:45.137+0000] {logging_mixin.py:190} INFO - Número de registros a actualizar en la tabla: 18
[2024-09-05T18:18:45.144+0000] {logging_mixin.py:190} INFO - Datos para actualizar en la tabla:    cve_mun            municipio fecha_pronostico indicador_sequia
0        1    Amealco De Bonfil       2024-09-05               D4
1        2      Pinal De Amoles       2024-09-05               D1
2        3          Arroyo Seco       2024-09-05               D0
3        4  Cadereyta De Montes       2024-09-05               D3
4        5                Colon       2024-09-05               D4
[2024-09-05T18:18:45.950+0000] {logging_mixin.py:190} INFO - Actualización realizada para cve_mun: 1, fecha_pronostico: 2024-09-05
[2024-09-05T18:18:46.068+0000] {logging_mixin.py:190} INFO - Actualización realizada para cve_mun: 2, fecha_pronostico: 2024-09-05
[2024-09-05T18:18:46.186+0000] {logging_mixin.py:190} INFO - Actualización realizada para cve_mun: 3, fecha_pronostico: 2024-09-05
[2024-09-05T18:18:46.313+0000] {logging_mixin.py:190} INFO - Actualización realizada para cve_mun: 4, fecha_pronostico: 2024-09-05
[2024-09-05T18:18:46.431+0000] {logging_mixin.py:190} INFO - Actualización realizada para cve_mun: 5, fecha_pronostico: 2024-09-05
[2024-09-05T18:18:46.548+0000] {logging_mixin.py:190} INFO - Actualización realizada para cve_mun: 6, fecha_pronostico: 2024-09-05
[2024-09-05T18:18:46.674+0000] {logging_mixin.py:190} INFO - Actualización realizada para cve_mun: 7, fecha_pronostico: 2024-09-05
[2024-09-05T18:18:46.793+0000] {logging_mixin.py:190} INFO - Actualización realizada para cve_mun: 8, fecha_pronostico: 2024-09-05
[2024-09-05T18:18:46.910+0000] {logging_mixin.py:190} INFO - Actualización realizada para cve_mun: 9, fecha_pronostico: 2024-09-05
[2024-09-05T18:18:47.053+0000] {logging_mixin.py:190} INFO - Actualización realizada para cve_mun: 10, fecha_pronostico: 2024-09-05
[2024-09-05T18:18:47.176+0000] {logging_mixin.py:190} INFO - Actualización realizada para cve_mun: 11, fecha_pronostico: 2024-09-05
[2024-09-05T18:18:47.324+0000] {logging_mixin.py:190} INFO - Actualización realizada para cve_mun: 12, fecha_pronostico: 2024-09-05
[2024-09-05T18:18:47.489+0000] {logging_mixin.py:190} INFO - Actualización realizada para cve_mun: 13, fecha_pronostico: 2024-09-05
[2024-09-05T18:18:47.651+0000] {logging_mixin.py:190} INFO - Actualización realizada para cve_mun: 14, fecha_pronostico: 2024-09-05
[2024-09-05T18:18:47.835+0000] {logging_mixin.py:190} INFO - Actualización realizada para cve_mun: 15, fecha_pronostico: 2024-09-05
[2024-09-05T18:18:47.986+0000] {logging_mixin.py:190} INFO - Actualización realizada para cve_mun: 16, fecha_pronostico: 2024-09-05
[2024-09-05T18:18:48.126+0000] {logging_mixin.py:190} INFO - Actualización realizada para cve_mun: 17, fecha_pronostico: 2024-09-05
[2024-09-05T18:18:48.254+0000] {logging_mixin.py:190} INFO - Actualización realizada para cve_mun: 18, fecha_pronostico: 2024-09-05
[2024-09-05T18:18:48.511+0000] {logging_mixin.py:190} INFO - Todas las actualizaciones se han realizado con éxito
[2024-09-05T18:18:48.895+0000] {python.py:240} INFO - Done. Returned value was: None
[2024-09-05T18:18:48.909+0000] {taskinstance.py:340} INFO - ::group::Post task execution logs
[2024-09-05T18:18:48.910+0000] {taskinstance.py:352} INFO - Marking task as SUCCESS. dag_id=weather_etl_dag, task_id=update_sequia_indicator, run_id=scheduled__2024-08-08T00:00:00+00:00, execution_date=20240808T000000, start_date=20240905T181844, end_date=20240905T181848
[2024-09-05T18:18:49.982+0000] {local_task_job_runner.py:261} INFO - Task exited with return code 0
[2024-09-05T18:18:50.025+0000] {taskinstance.py:3891} INFO - 0 downstream tasks scheduled from follow-on schedule check
[2024-09-05T18:18:50.646+0000] {local_task_job_runner.py:240} INFO - ::endgroup::
