[2024-08-27T18:41:18.251+0000] {local_task_job_runner.py:120} INFO - ::group::Pre task execution logs
[2024-08-27T18:41:18.274+0000] {taskinstance.py:2076} INFO - Dependencies all met for dep_context=non-requeueable deps ti=<TaskInstance: weather_etl_dag.insert_weather_data scheduled__2024-08-26T00:00:00+00:00 [queued]>
[2024-08-27T18:41:18.284+0000] {taskinstance.py:2076} INFO - Dependencies all met for dep_context=requeueable deps ti=<TaskInstance: weather_etl_dag.insert_weather_data scheduled__2024-08-26T00:00:00+00:00 [queued]>
[2024-08-27T18:41:18.286+0000] {taskinstance.py:2306} INFO - Starting attempt 1 of 2
[2024-08-27T18:41:18.479+0000] {taskinstance.py:2330} INFO - Executing <Task(PythonOperator): insert_weather_data> on 2024-08-26 00:00:00+00:00
[2024-08-27T18:41:18.484+0000] {warnings.py:112} WARNING - /home/***/.local/lib/python3.12/site-packages/***/task/task_runner/standard_task_runner.py:62: DeprecationWarning: This process (pid=84) is multi-threaded, use of fork() may lead to deadlocks in the child.
  pid = os.fork()

[2024-08-27T18:41:18.486+0000] {standard_task_runner.py:64} INFO - Started process 86 to run task
[2024-08-27T18:41:18.486+0000] {standard_task_runner.py:90} INFO - Running: ['***', 'tasks', 'run', 'weather_etl_dag', 'insert_weather_data', 'scheduled__2024-08-26T00:00:00+00:00', '--job-id', '383', '--raw', '--subdir', 'DAGS_FOLDER/weather_etl_dag.py', '--cfg-path', '/tmp/tmp5utakb_h']
[2024-08-27T18:41:18.488+0000] {standard_task_runner.py:91} INFO - Job 383: Subtask insert_weather_data
[2024-08-27T18:41:18.559+0000] {task_command.py:426} INFO - Running <TaskInstance: weather_etl_dag.insert_weather_data scheduled__2024-08-26T00:00:00+00:00 [running]> on host b7290fbe53d7
[2024-08-27T18:41:18.697+0000] {taskinstance.py:2648} INFO - Exporting env vars: AIRFLOW_CTX_DAG_OWNER='***' AIRFLOW_CTX_DAG_ID='weather_etl_dag' AIRFLOW_CTX_TASK_ID='insert_weather_data' AIRFLOW_CTX_EXECUTION_DATE='2024-08-26T00:00:00+00:00' AIRFLOW_CTX_TRY_NUMBER='1' AIRFLOW_CTX_DAG_RUN_ID='scheduled__2024-08-26T00:00:00+00:00'
[2024-08-27T18:41:18.698+0000] {taskinstance.py:430} INFO - ::endgroup::
[2024-08-27T18:41:26.118+0000] {logging_mixin.py:188} INFO - Todos los pronósticos han sido insertados con éxito en Redshift.
[2024-08-27T18:41:26.119+0000] {python.py:237} INFO - Done. Returned value was: None
[2024-08-27T18:41:26.120+0000] {taskinstance.py:441} INFO - ::group::Post task execution logs
[2024-08-27T18:41:26.129+0000] {taskinstance.py:1206} INFO - Marking task as SUCCESS. dag_id=weather_etl_dag, task_id=insert_weather_data, run_id=scheduled__2024-08-26T00:00:00+00:00, execution_date=20240826T000000, start_date=20240827T184118, end_date=20240827T184126
[2024-08-27T18:41:26.226+0000] {local_task_job_runner.py:243} INFO - Task exited with return code 0
[2024-08-27T18:41:26.271+0000] {taskinstance.py:3503} INFO - 1 downstream tasks scheduled from follow-on schedule check
[2024-08-27T18:41:26.325+0000] {local_task_job_runner.py:222} INFO - ::endgroup::
[2024-09-06T00:03:30.345+0000] {local_task_job_runner.py:123} INFO - ::group::Pre task execution logs
[2024-09-06T00:03:32.742+0000] {taskinstance.py:2603} INFO - Dependencies all met for dep_context=non-requeueable deps ti=<TaskInstance: weather_etl_dag.insert_weather_data scheduled__2024-08-26T00:00:00+00:00 [queued]>
[2024-09-06T00:03:33.295+0000] {taskinstance.py:2603} INFO - Dependencies all met for dep_context=requeueable deps ti=<TaskInstance: weather_etl_dag.insert_weather_data scheduled__2024-08-26T00:00:00+00:00 [queued]>
[2024-09-06T00:03:33.296+0000] {taskinstance.py:2856} INFO - Starting attempt 1 of 2
[2024-09-06T00:03:33.598+0000] {taskinstance.py:2879} INFO - Executing <Task(PythonOperator): insert_weather_data> on 2024-08-26 00:00:00+00:00
[2024-09-06T00:03:33.604+0000] {warnings.py:112} WARNING - /usr/local/lib/python3.12/site-packages/***/task/task_runner/standard_task_runner.py:70: DeprecationWarning: This process (pid=680) is multi-threaded, use of fork() may lead to deadlocks in the child.
  pid = os.fork()

[2024-09-06T00:03:33.606+0000] {standard_task_runner.py:104} INFO - Running: ['***', 'tasks', 'run', 'weather_etl_dag', 'insert_weather_data', 'scheduled__2024-08-26T00:00:00+00:00', '--job-id', '185', '--raw', '--subdir', 'DAGS_FOLDER/weather_etl_dag.py', '--cfg-path', '/tmp/tmpst4d7e6a']
[2024-09-06T00:03:33.609+0000] {standard_task_runner.py:72} INFO - Started process 700 to run task
[2024-09-06T00:03:33.609+0000] {standard_task_runner.py:105} INFO - Job 185: Subtask insert_weather_data
[2024-09-06T00:03:33.802+0000] {task_command.py:467} INFO - Running <TaskInstance: weather_etl_dag.insert_weather_data scheduled__2024-08-26T00:00:00+00:00 [running]> on host da9f5d3bcb59
[2024-09-06T00:03:36.494+0000] {taskinstance.py:3122} INFO - Exporting env vars: AIRFLOW_CTX_DAG_OWNER='***' AIRFLOW_CTX_DAG_ID='weather_etl_dag' AIRFLOW_CTX_TASK_ID='insert_weather_data' AIRFLOW_CTX_EXECUTION_DATE='2024-08-26T00:00:00+00:00' AIRFLOW_CTX_TRY_NUMBER='1' AIRFLOW_CTX_DAG_RUN_ID='scheduled__2024-08-26T00:00:00+00:00'
[2024-09-06T00:03:36.498+0000] {taskinstance.py:731} INFO - ::endgroup::
[2024-09-06T00:03:41.760+0000] {python.py:240} INFO - Done. Returned value was: None
[2024-09-06T00:03:41.847+0000] {taskinstance.py:340} INFO - ::group::Post task execution logs
[2024-09-06T00:03:41.847+0000] {taskinstance.py:352} INFO - Marking task as SUCCESS. dag_id=weather_etl_dag, task_id=insert_weather_data, run_id=scheduled__2024-08-26T00:00:00+00:00, execution_date=20240826T000000, start_date=20240906T000332, end_date=20240906T000341
[2024-09-06T00:03:42.021+0000] {local_task_job_runner.py:261} INFO - Task exited with return code 0
[2024-09-06T00:03:42.138+0000] {taskinstance.py:3891} INFO - 1 downstream tasks scheduled from follow-on schedule check
[2024-09-06T00:03:42.224+0000] {local_task_job_runner.py:240} INFO - ::endgroup::
[2024-09-06T00:03:44.625+0000] {standard_task_runner.py:217} INFO - Process not found (most likely exited), stop collecting metrics
