[2024-08-15T00:03:40.580+0000] {local_task_job_runner.py:120} INFO - ::group::Pre task execution logs
[2024-08-15T00:03:40.767+0000] {taskinstance.py:2076} INFO - Dependencies all met for dep_context=non-requeueable deps ti=<TaskInstance: weather_etl_dag.send_email_with_csv scheduled__2024-08-14T00:00:00+00:00 [queued]>
[2024-08-15T00:03:40.780+0000] {taskinstance.py:2076} INFO - Dependencies all met for dep_context=requeueable deps ti=<TaskInstance: weather_etl_dag.send_email_with_csv scheduled__2024-08-14T00:00:00+00:00 [queued]>
[2024-08-15T00:03:40.810+0000] {taskinstance.py:2306} INFO - Starting attempt 1 of 2
[2024-08-15T00:03:40.881+0000] {taskinstance.py:2330} INFO - Executing <Task(PythonOperator): send_email_with_csv> on 2024-08-14 00:00:00+00:00
[2024-08-15T00:03:40.887+0000] {warnings.py:112} WARNING - /home/***/.local/lib/python3.12/site-packages/***/task/task_runner/standard_task_runner.py:62: DeprecationWarning: This process (pid=1717) is multi-threaded, use of fork() may lead to deadlocks in the child.
  pid = os.fork()

[2024-08-15T00:03:40.890+0000] {standard_task_runner.py:64} INFO - Started process 1719 to run task
[2024-08-15T00:03:40.890+0000] {standard_task_runner.py:90} INFO - Running: ['***', 'tasks', 'run', 'weather_etl_dag', 'send_email_with_csv', 'scheduled__2024-08-14T00:00:00+00:00', '--job-id', '163', '--raw', '--subdir', 'DAGS_FOLDER/weather_etl_dag.py', '--cfg-path', '/tmp/tmpqn12l4x4']
[2024-08-15T00:03:40.893+0000] {standard_task_runner.py:91} INFO - Job 163: Subtask send_email_with_csv
[2024-08-15T00:03:40.967+0000] {task_command.py:426} INFO - Running <TaskInstance: weather_etl_dag.send_email_with_csv scheduled__2024-08-14T00:00:00+00:00 [running]> on host 6da407953da9
[2024-08-15T00:03:41.132+0000] {taskinstance.py:2648} INFO - Exporting env vars: AIRFLOW_CTX_DAG_OWNER='***' AIRFLOW_CTX_DAG_ID='weather_etl_dag' AIRFLOW_CTX_TASK_ID='send_email_with_csv' AIRFLOW_CTX_EXECUTION_DATE='2024-08-14T00:00:00+00:00' AIRFLOW_CTX_TRY_NUMBER='1' AIRFLOW_CTX_DAG_RUN_ID='scheduled__2024-08-14T00:00:00+00:00'
[2024-08-15T00:03:41.134+0000] {taskinstance.py:430} INFO - ::endgroup::
[2024-08-15T00:03:41.756+0000] {warnings.py:112} WARNING - /opt/***/dags/weather_etl_dag.py:460: UserWarning: pandas only supports SQLAlchemy connectable (engine/connection) or database string URI or sqlite3 DBAPI2 connection. Other DBAPI2 objects are not tested. Please consider using SQLAlchemy.
  df_pronosticos = pd.read_sql_query(query, conn)

[2024-08-15T00:03:41.929+0000] {logging_mixin.py:188} INFO - Pronósticos obtenidos: 0 registros
[2024-08-15T00:03:42.973+0000] {logging_mixin.py:188} INFO - Fallo en el envío del correo: (534, b'5.7.9 Application-specific password required. For more information, go to\n5.7.9  https://support.google.com/mail/?p=InvalidSecondFactor 586e51a60fabf-270049b8a9dsm115009fac.39 - gsmtp')
[2024-08-15T00:03:42.974+0000] {python.py:237} INFO - Done. Returned value was: None
[2024-08-15T00:03:42.975+0000] {taskinstance.py:441} INFO - ::group::Post task execution logs
[2024-08-15T00:03:42.985+0000] {taskinstance.py:1206} INFO - Marking task as SUCCESS. dag_id=weather_etl_dag, task_id=send_email_with_csv, run_id=scheduled__2024-08-14T00:00:00+00:00, execution_date=20240814T000000, start_date=20240815T000340, end_date=20240815T000342
[2024-08-15T00:03:43.077+0000] {local_task_job_runner.py:243} INFO - Task exited with return code 0
[2024-08-15T00:03:43.094+0000] {taskinstance.py:3503} INFO - 0 downstream tasks scheduled from follow-on schedule check
[2024-08-15T00:03:43.434+0000] {local_task_job_runner.py:222} INFO - ::endgroup::
