[2024-08-17T14:37:54.756+0000] {processor.py:161} INFO - Started process (PID=65) to work on /opt/airflow/dags/weather_etl_dag.py
[2024-08-17T14:37:54.757+0000] {processor.py:830} INFO - Processing file /opt/airflow/dags/weather_etl_dag.py for tasks to queue
[2024-08-17T14:37:54.758+0000] {logging_mixin.py:188} INFO - [2024-08-17T14:37:54.758+0000] {dagbag.py:545} INFO - Filling up the DagBag from /opt/airflow/dags/weather_etl_dag.py
[2024-08-17T14:38:08.607+0000] {processor.py:840} INFO - DAG(s) 'weather_etl_dag' retrieved from /opt/airflow/dags/weather_etl_dag.py
[2024-08-17T14:38:09.583+0000] {logging_mixin.py:188} INFO - [2024-08-17T14:38:09.583+0000] {dag.py:3089} INFO - Sync 1 DAGs
[2024-08-17T14:38:09.696+0000] {logging_mixin.py:188} INFO - [2024-08-17T14:38:09.696+0000] {dag.py:3947} INFO - Setting next_dagrun for weather_etl_dag to 2024-08-15 00:00:00+00:00, run_after=2024-08-16 00:00:00+00:00
[2024-08-17T14:38:09.854+0000] {processor.py:183} INFO - Processing /opt/airflow/dags/weather_etl_dag.py took 15.104 seconds
[2024-08-17T14:48:10.290+0000] {processor.py:161} INFO - Started process (PID=192) to work on /opt/airflow/dags/weather_etl_dag.py
[2024-08-17T14:48:10.291+0000] {processor.py:830} INFO - Processing file /opt/airflow/dags/weather_etl_dag.py for tasks to queue
[2024-08-17T14:48:10.293+0000] {logging_mixin.py:188} INFO - [2024-08-17T14:48:10.292+0000] {dagbag.py:545} INFO - Filling up the DagBag from /opt/airflow/dags/weather_etl_dag.py
[2024-08-17T14:48:10.714+0000] {processor.py:840} INFO - DAG(s) 'weather_etl_dag' retrieved from /opt/airflow/dags/weather_etl_dag.py
[2024-08-17T14:48:10.738+0000] {logging_mixin.py:188} INFO - [2024-08-17T14:48:10.737+0000] {dag.py:3089} INFO - Sync 1 DAGs
[2024-08-17T14:48:10.774+0000] {logging_mixin.py:188} INFO - [2024-08-17T14:48:10.774+0000] {dag.py:3947} INFO - Setting next_dagrun for weather_etl_dag to 2024-08-17 00:00:00+00:00, run_after=2024-08-18 00:00:00+00:00
[2024-08-17T14:48:10.836+0000] {processor.py:183} INFO - Processing /opt/airflow/dags/weather_etl_dag.py took 0.553 seconds
[2024-08-17T14:58:11.484+0000] {processor.py:161} INFO - Started process (PID=311) to work on /opt/airflow/dags/weather_etl_dag.py
[2024-08-17T14:58:11.485+0000] {processor.py:830} INFO - Processing file /opt/airflow/dags/weather_etl_dag.py for tasks to queue
[2024-08-17T14:58:11.487+0000] {logging_mixin.py:188} INFO - [2024-08-17T14:58:11.487+0000] {dagbag.py:545} INFO - Filling up the DagBag from /opt/airflow/dags/weather_etl_dag.py
[2024-08-17T14:58:11.904+0000] {processor.py:840} INFO - DAG(s) 'weather_etl_dag' retrieved from /opt/airflow/dags/weather_etl_dag.py
[2024-08-17T14:58:11.925+0000] {logging_mixin.py:188} INFO - [2024-08-17T14:58:11.925+0000] {dag.py:3089} INFO - Sync 1 DAGs
[2024-08-17T14:58:11.945+0000] {logging_mixin.py:188} INFO - [2024-08-17T14:58:11.944+0000] {dag.py:3947} INFO - Setting next_dagrun for weather_etl_dag to 2024-08-17 00:00:00+00:00, run_after=2024-08-18 00:00:00+00:00
[2024-08-17T14:58:11.995+0000] {processor.py:183} INFO - Processing /opt/airflow/dags/weather_etl_dag.py took 0.516 seconds
[2024-08-17T15:02:10.268+0000] {processor.py:161} INFO - Started process (PID=364) to work on /opt/airflow/dags/weather_etl_dag.py
[2024-08-17T15:02:10.279+0000] {processor.py:830} INFO - Processing file /opt/airflow/dags/weather_etl_dag.py for tasks to queue
[2024-08-17T15:02:10.282+0000] {logging_mixin.py:188} INFO - [2024-08-17T15:02:10.281+0000] {dagbag.py:545} INFO - Filling up the DagBag from /opt/airflow/dags/weather_etl_dag.py
[2024-08-17T15:02:10.328+0000] {logging_mixin.py:188} INFO - [2024-08-17T15:02:10.324+0000] {dagbag.py:355} ERROR - Failed to import: /opt/airflow/dags/weather_etl_dag.py
Traceback (most recent call last):
  File "/home/airflow/.local/lib/python3.12/site-packages/airflow/models/dagbag.py", line 351, in parse
    loader.exec_module(new_module)
  File "<frozen importlib._bootstrap_external>", line 991, in exec_module
  File "<frozen importlib._bootstrap_external>", line 1129, in get_code
  File "<frozen importlib._bootstrap_external>", line 1059, in source_to_code
  File "<frozen importlib._bootstrap>", line 488, in _call_with_frames_removed
  File "/opt/airflow/dags/weather_etl_dag.py", line 521
    start >> install_packages_task >> get_municipios_task >> fetch_weather_data_task >> translate_and_clean_data_task >> insert_weather_data_task >> get_forecast_and_drought_data_task >> map_sequia_indicator_task >> update_sequia_indicator_task >> 
                                                                                                                                                                                                                                                        ^
SyntaxError: invalid syntax
[2024-08-17T15:02:10.329+0000] {processor.py:842} WARNING - No viable dags retrieved from /opt/airflow/dags/weather_etl_dag.py
[2024-08-17T15:02:10.513+0000] {processor.py:183} INFO - Processing /opt/airflow/dags/weather_etl_dag.py took 0.253 seconds
[2024-08-17T15:06:06.189+0000] {processor.py:161} INFO - Started process (PID=72) to work on /opt/airflow/dags/weather_etl_dag.py
[2024-08-17T15:06:06.191+0000] {processor.py:830} INFO - Processing file /opt/airflow/dags/weather_etl_dag.py for tasks to queue
[2024-08-17T15:06:06.204+0000] {logging_mixin.py:188} INFO - [2024-08-17T15:06:06.204+0000] {dagbag.py:545} INFO - Filling up the DagBag from /opt/airflow/dags/weather_etl_dag.py
[2024-08-17T15:06:06.267+0000] {logging_mixin.py:188} INFO - [2024-08-17T15:06:06.265+0000] {dagbag.py:355} ERROR - Failed to import: /opt/airflow/dags/weather_etl_dag.py
Traceback (most recent call last):
  File "/home/airflow/.local/lib/python3.12/site-packages/airflow/models/dagbag.py", line 351, in parse
    loader.exec_module(new_module)
  File "<frozen importlib._bootstrap_external>", line 991, in exec_module
  File "<frozen importlib._bootstrap_external>", line 1129, in get_code
  File "<frozen importlib._bootstrap_external>", line 1059, in source_to_code
  File "<frozen importlib._bootstrap>", line 488, in _call_with_frames_removed
  File "/opt/airflow/dags/weather_etl_dag.py", line 521
    start >> install_packages_task >> get_municipios_task >> fetch_weather_data_task >> translate_and_clean_data_task >> insert_weather_data_task >> get_forecast_and_drought_data_task >> map_sequia_indicator_task >> update_sequia_indicator_task >> 
                                                                                                                                                                                                                                                        ^
SyntaxError: invalid syntax
[2024-08-17T15:06:06.286+0000] {processor.py:842} WARNING - No viable dags retrieved from /opt/airflow/dags/weather_etl_dag.py
[2024-08-17T15:06:06.694+0000] {processor.py:183} INFO - Processing /opt/airflow/dags/weather_etl_dag.py took 0.529 seconds
[2024-08-17T15:07:17.359+0000] {processor.py:161} INFO - Started process (PID=59) to work on /opt/airflow/dags/weather_etl_dag.py
[2024-08-17T15:07:17.365+0000] {processor.py:830} INFO - Processing file /opt/airflow/dags/weather_etl_dag.py for tasks to queue
[2024-08-17T15:07:17.373+0000] {logging_mixin.py:188} INFO - [2024-08-17T15:07:17.373+0000] {dagbag.py:545} INFO - Filling up the DagBag from /opt/airflow/dags/weather_etl_dag.py
[2024-08-17T15:07:17.427+0000] {logging_mixin.py:188} INFO - [2024-08-17T15:07:17.425+0000] {dagbag.py:355} ERROR - Failed to import: /opt/airflow/dags/weather_etl_dag.py
Traceback (most recent call last):
  File "/home/airflow/.local/lib/python3.12/site-packages/airflow/models/dagbag.py", line 351, in parse
    loader.exec_module(new_module)
  File "<frozen importlib._bootstrap_external>", line 991, in exec_module
  File "<frozen importlib._bootstrap_external>", line 1129, in get_code
  File "<frozen importlib._bootstrap_external>", line 1059, in source_to_code
  File "<frozen importlib._bootstrap>", line 488, in _call_with_frames_removed
  File "/opt/airflow/dags/weather_etl_dag.py", line 521
    start >> install_packages_task >> get_municipios_task >> fetch_weather_data_task >> translate_and_clean_data_task >> insert_weather_data_task >> get_forecast_and_drought_data_task >> map_sequia_indicator_task >> update_sequia_indicator_task >> 
                                                                                                                                                                                                                                                        ^
SyntaxError: invalid syntax
[2024-08-17T15:07:17.428+0000] {processor.py:842} WARNING - No viable dags retrieved from /opt/airflow/dags/weather_etl_dag.py
[2024-08-17T15:07:18.008+0000] {processor.py:183} INFO - Processing /opt/airflow/dags/weather_etl_dag.py took 0.656 seconds
[2024-08-17T15:07:42.885+0000] {processor.py:161} INFO - Started process (PID=67) to work on /opt/airflow/dags/weather_etl_dag.py
[2024-08-17T15:07:42.886+0000] {processor.py:830} INFO - Processing file /opt/airflow/dags/weather_etl_dag.py for tasks to queue
[2024-08-17T15:07:42.888+0000] {logging_mixin.py:188} INFO - [2024-08-17T15:07:42.888+0000] {dagbag.py:545} INFO - Filling up the DagBag from /opt/airflow/dags/weather_etl_dag.py
[2024-08-17T15:07:44.874+0000] {processor.py:840} INFO - DAG(s) 'weather_etl_dag' retrieved from /opt/airflow/dags/weather_etl_dag.py
[2024-08-17T15:07:45.137+0000] {logging_mixin.py:188} INFO - [2024-08-17T15:07:45.136+0000] {dag.py:3089} INFO - Sync 1 DAGs
[2024-08-17T15:07:45.157+0000] {logging_mixin.py:188} INFO - [2024-08-17T15:07:45.157+0000] {dag.py:3947} INFO - Setting next_dagrun for weather_etl_dag to 2024-08-17 00:00:00+00:00, run_after=2024-08-18 00:00:00+00:00
[2024-08-17T15:07:45.621+0000] {processor.py:183} INFO - Processing /opt/airflow/dags/weather_etl_dag.py took 2.742 seconds
[2024-08-17T15:11:36.702+0000] {processor.py:161} INFO - Started process (PID=64) to work on /opt/airflow/dags/weather_etl_dag.py
[2024-08-17T15:11:37.918+0000] {processor.py:830} INFO - Processing file /opt/airflow/dags/weather_etl_dag.py for tasks to queue
[2024-08-17T15:11:37.935+0000] {logging_mixin.py:188} INFO - [2024-08-17T15:11:37.934+0000] {dagbag.py:545} INFO - Filling up the DagBag from /opt/airflow/dags/weather_etl_dag.py
[2024-08-17T15:11:51.762+0000] {processor.py:840} INFO - DAG(s) 'weather_etl_dag' retrieved from /opt/airflow/dags/weather_etl_dag.py
[2024-08-17T15:11:53.275+0000] {logging_mixin.py:188} INFO - [2024-08-17T15:11:53.274+0000] {dag.py:3089} INFO - Sync 1 DAGs
[2024-08-17T15:11:53.378+0000] {logging_mixin.py:188} INFO - [2024-08-17T15:11:53.377+0000] {dag.py:3947} INFO - Setting next_dagrun for weather_etl_dag to 2024-08-17 00:00:00+00:00, run_after=2024-08-18 00:00:00+00:00
[2024-08-17T15:11:53.737+0000] {processor.py:183} INFO - Processing /opt/airflow/dags/weather_etl_dag.py took 17.089 seconds
[2024-08-17T15:21:42.968+0000] {processor.py:161} INFO - Started process (PID=186) to work on /opt/airflow/dags/weather_etl_dag.py
[2024-08-17T15:21:42.969+0000] {processor.py:830} INFO - Processing file /opt/airflow/dags/weather_etl_dag.py for tasks to queue
[2024-08-17T15:21:42.971+0000] {logging_mixin.py:188} INFO - [2024-08-17T15:21:42.970+0000] {dagbag.py:545} INFO - Filling up the DagBag from /opt/airflow/dags/weather_etl_dag.py
[2024-08-17T15:21:43.527+0000] {processor.py:840} INFO - DAG(s) 'weather_etl_dag' retrieved from /opt/airflow/dags/weather_etl_dag.py
[2024-08-17T15:21:43.553+0000] {logging_mixin.py:188} INFO - [2024-08-17T15:21:43.553+0000] {dag.py:3089} INFO - Sync 1 DAGs
[2024-08-17T15:21:43.573+0000] {logging_mixin.py:188} INFO - [2024-08-17T15:21:43.573+0000] {dag.py:3947} INFO - Setting next_dagrun for weather_etl_dag to 2024-08-17 00:00:00+00:00, run_after=2024-08-18 00:00:00+00:00
[2024-08-17T15:21:43.692+0000] {processor.py:183} INFO - Processing /opt/airflow/dags/weather_etl_dag.py took 0.730 seconds
[2024-08-17T15:31:44.283+0000] {processor.py:161} INFO - Started process (PID=310) to work on /opt/airflow/dags/weather_etl_dag.py
[2024-08-17T15:31:44.285+0000] {processor.py:830} INFO - Processing file /opt/airflow/dags/weather_etl_dag.py for tasks to queue
[2024-08-17T15:31:44.290+0000] {logging_mixin.py:188} INFO - [2024-08-17T15:31:44.290+0000] {dagbag.py:545} INFO - Filling up the DagBag from /opt/airflow/dags/weather_etl_dag.py
[2024-08-17T15:31:44.900+0000] {processor.py:840} INFO - DAG(s) 'weather_etl_dag' retrieved from /opt/airflow/dags/weather_etl_dag.py
[2024-08-17T15:31:44.922+0000] {logging_mixin.py:188} INFO - [2024-08-17T15:31:44.922+0000] {dag.py:3089} INFO - Sync 1 DAGs
[2024-08-17T15:31:44.940+0000] {logging_mixin.py:188} INFO - [2024-08-17T15:31:44.940+0000] {dag.py:3947} INFO - Setting next_dagrun for weather_etl_dag to 2024-08-17 00:00:00+00:00, run_after=2024-08-18 00:00:00+00:00
[2024-08-17T15:31:46.145+0000] {processor.py:183} INFO - Processing /opt/airflow/dags/weather_etl_dag.py took 1.872 seconds
[2024-08-17T15:41:46.396+0000] {processor.py:161} INFO - Started process (PID=438) to work on /opt/airflow/dags/weather_etl_dag.py
[2024-08-17T15:41:46.397+0000] {processor.py:830} INFO - Processing file /opt/airflow/dags/weather_etl_dag.py for tasks to queue
[2024-08-17T15:41:46.399+0000] {logging_mixin.py:188} INFO - [2024-08-17T15:41:46.399+0000] {dagbag.py:545} INFO - Filling up the DagBag from /opt/airflow/dags/weather_etl_dag.py
[2024-08-17T15:41:46.920+0000] {processor.py:840} INFO - DAG(s) 'weather_etl_dag' retrieved from /opt/airflow/dags/weather_etl_dag.py
[2024-08-17T15:41:46.945+0000] {logging_mixin.py:188} INFO - [2024-08-17T15:41:46.945+0000] {dag.py:3089} INFO - Sync 1 DAGs
[2024-08-17T15:41:46.963+0000] {logging_mixin.py:188} INFO - [2024-08-17T15:41:46.963+0000] {dag.py:3947} INFO - Setting next_dagrun for weather_etl_dag to 2024-08-17 00:00:00+00:00, run_after=2024-08-18 00:00:00+00:00
[2024-08-17T15:41:47.119+0000] {processor.py:183} INFO - Processing /opt/airflow/dags/weather_etl_dag.py took 0.729 seconds
[2024-08-17T15:51:47.565+0000] {processor.py:161} INFO - Started process (PID=561) to work on /opt/airflow/dags/weather_etl_dag.py
[2024-08-17T15:51:47.566+0000] {processor.py:830} INFO - Processing file /opt/airflow/dags/weather_etl_dag.py for tasks to queue
[2024-08-17T15:51:47.569+0000] {logging_mixin.py:188} INFO - [2024-08-17T15:51:47.569+0000] {dagbag.py:545} INFO - Filling up the DagBag from /opt/airflow/dags/weather_etl_dag.py
[2024-08-17T15:51:48.417+0000] {processor.py:840} INFO - DAG(s) 'weather_etl_dag' retrieved from /opt/airflow/dags/weather_etl_dag.py
[2024-08-17T15:51:48.458+0000] {logging_mixin.py:188} INFO - [2024-08-17T15:51:48.458+0000] {dag.py:3089} INFO - Sync 1 DAGs
[2024-08-17T15:51:48.485+0000] {logging_mixin.py:188} INFO - [2024-08-17T15:51:48.482+0000] {dag.py:3947} INFO - Setting next_dagrun for weather_etl_dag to 2024-08-17 00:00:00+00:00, run_after=2024-08-18 00:00:00+00:00
[2024-08-17T15:51:49.603+0000] {processor.py:183} INFO - Processing /opt/airflow/dags/weather_etl_dag.py took 2.051 seconds
[2024-08-17T16:01:49.736+0000] {processor.py:161} INFO - Started process (PID=686) to work on /opt/airflow/dags/weather_etl_dag.py
[2024-08-17T16:01:49.737+0000] {processor.py:830} INFO - Processing file /opt/airflow/dags/weather_etl_dag.py for tasks to queue
[2024-08-17T16:01:49.739+0000] {logging_mixin.py:188} INFO - [2024-08-17T16:01:49.739+0000] {dagbag.py:545} INFO - Filling up the DagBag from /opt/airflow/dags/weather_etl_dag.py
[2024-08-17T16:01:50.144+0000] {processor.py:840} INFO - DAG(s) 'weather_etl_dag' retrieved from /opt/airflow/dags/weather_etl_dag.py
[2024-08-17T16:01:50.166+0000] {logging_mixin.py:188} INFO - [2024-08-17T16:01:50.165+0000] {dag.py:3089} INFO - Sync 1 DAGs
[2024-08-17T16:01:50.182+0000] {logging_mixin.py:188} INFO - [2024-08-17T16:01:50.182+0000] {dag.py:3947} INFO - Setting next_dagrun for weather_etl_dag to 2024-08-17 00:00:00+00:00, run_after=2024-08-18 00:00:00+00:00
[2024-08-17T16:01:50.570+0000] {processor.py:183} INFO - Processing /opt/airflow/dags/weather_etl_dag.py took 0.840 seconds
[2024-08-17T16:11:51.658+0000] {processor.py:161} INFO - Started process (PID=814) to work on /opt/airflow/dags/weather_etl_dag.py
[2024-08-17T16:11:51.660+0000] {processor.py:830} INFO - Processing file /opt/airflow/dags/weather_etl_dag.py for tasks to queue
[2024-08-17T16:11:51.663+0000] {logging_mixin.py:188} INFO - [2024-08-17T16:11:51.663+0000] {dagbag.py:545} INFO - Filling up the DagBag from /opt/airflow/dags/weather_etl_dag.py
[2024-08-17T16:11:53.179+0000] {processor.py:840} INFO - DAG(s) 'weather_etl_dag' retrieved from /opt/airflow/dags/weather_etl_dag.py
[2024-08-17T16:11:53.202+0000] {logging_mixin.py:188} INFO - [2024-08-17T16:11:53.202+0000] {dag.py:3089} INFO - Sync 1 DAGs
[2024-08-17T16:11:53.221+0000] {logging_mixin.py:188} INFO - [2024-08-17T16:11:53.221+0000] {dag.py:3947} INFO - Setting next_dagrun for weather_etl_dag to 2024-08-17 00:00:00+00:00, run_after=2024-08-18 00:00:00+00:00
[2024-08-17T16:11:53.725+0000] {processor.py:183} INFO - Processing /opt/airflow/dags/weather_etl_dag.py took 2.098 seconds
[2024-08-17T16:21:54.708+0000] {processor.py:161} INFO - Started process (PID=938) to work on /opt/airflow/dags/weather_etl_dag.py
[2024-08-17T16:21:54.713+0000] {processor.py:830} INFO - Processing file /opt/airflow/dags/weather_etl_dag.py for tasks to queue
[2024-08-17T16:21:54.727+0000] {logging_mixin.py:188} INFO - [2024-08-17T16:21:54.726+0000] {dagbag.py:545} INFO - Filling up the DagBag from /opt/airflow/dags/weather_etl_dag.py
[2024-08-17T16:21:56.128+0000] {processor.py:840} INFO - DAG(s) 'weather_etl_dag' retrieved from /opt/airflow/dags/weather_etl_dag.py
[2024-08-17T16:21:56.182+0000] {logging_mixin.py:188} INFO - [2024-08-17T16:21:56.182+0000] {dag.py:3089} INFO - Sync 1 DAGs
[2024-08-17T16:21:56.253+0000] {logging_mixin.py:188} INFO - [2024-08-17T16:21:56.253+0000] {dag.py:3947} INFO - Setting next_dagrun for weather_etl_dag to 2024-08-17 00:00:00+00:00, run_after=2024-08-18 00:00:00+00:00
[2024-08-17T16:21:56.347+0000] {processor.py:183} INFO - Processing /opt/airflow/dags/weather_etl_dag.py took 1.667 seconds
[2024-08-17T16:31:57.063+0000] {processor.py:161} INFO - Started process (PID=1068) to work on /opt/airflow/dags/weather_etl_dag.py
[2024-08-17T16:31:57.065+0000] {processor.py:830} INFO - Processing file /opt/airflow/dags/weather_etl_dag.py for tasks to queue
[2024-08-17T16:31:57.067+0000] {logging_mixin.py:188} INFO - [2024-08-17T16:31:57.067+0000] {dagbag.py:545} INFO - Filling up the DagBag from /opt/airflow/dags/weather_etl_dag.py
[2024-08-17T16:31:57.918+0000] {processor.py:840} INFO - DAG(s) 'weather_etl_dag' retrieved from /opt/airflow/dags/weather_etl_dag.py
[2024-08-17T16:31:58.015+0000] {logging_mixin.py:188} INFO - [2024-08-17T16:31:58.013+0000] {dag.py:3089} INFO - Sync 1 DAGs
[2024-08-17T16:31:58.057+0000] {logging_mixin.py:188} INFO - [2024-08-17T16:31:58.056+0000] {dag.py:3947} INFO - Setting next_dagrun for weather_etl_dag to 2024-08-17 00:00:00+00:00, run_after=2024-08-18 00:00:00+00:00
[2024-08-17T16:31:59.298+0000] {processor.py:183} INFO - Processing /opt/airflow/dags/weather_etl_dag.py took 2.250 seconds
[2024-08-17T16:42:00.175+0000] {processor.py:161} INFO - Started process (PID=1193) to work on /opt/airflow/dags/weather_etl_dag.py
[2024-08-17T16:42:00.176+0000] {processor.py:830} INFO - Processing file /opt/airflow/dags/weather_etl_dag.py for tasks to queue
[2024-08-17T16:42:00.178+0000] {logging_mixin.py:188} INFO - [2024-08-17T16:42:00.177+0000] {dagbag.py:545} INFO - Filling up the DagBag from /opt/airflow/dags/weather_etl_dag.py
[2024-08-17T16:42:00.629+0000] {processor.py:840} INFO - DAG(s) 'weather_etl_dag' retrieved from /opt/airflow/dags/weather_etl_dag.py
[2024-08-17T16:42:00.660+0000] {logging_mixin.py:188} INFO - [2024-08-17T16:42:00.659+0000] {dag.py:3089} INFO - Sync 1 DAGs
[2024-08-17T16:42:00.682+0000] {logging_mixin.py:188} INFO - [2024-08-17T16:42:00.682+0000] {dag.py:3947} INFO - Setting next_dagrun for weather_etl_dag to 2024-08-17 00:00:00+00:00, run_after=2024-08-18 00:00:00+00:00
[2024-08-17T16:42:00.742+0000] {processor.py:183} INFO - Processing /opt/airflow/dags/weather_etl_dag.py took 0.575 seconds
[2024-08-17T16:52:01.109+0000] {processor.py:161} INFO - Started process (PID=1318) to work on /opt/airflow/dags/weather_etl_dag.py
[2024-08-17T16:52:01.110+0000] {processor.py:830} INFO - Processing file /opt/airflow/dags/weather_etl_dag.py for tasks to queue
[2024-08-17T16:52:01.112+0000] {logging_mixin.py:188} INFO - [2024-08-17T16:52:01.112+0000] {dagbag.py:545} INFO - Filling up the DagBag from /opt/airflow/dags/weather_etl_dag.py
[2024-08-17T16:52:01.571+0000] {processor.py:840} INFO - DAG(s) 'weather_etl_dag' retrieved from /opt/airflow/dags/weather_etl_dag.py
[2024-08-17T16:52:01.593+0000] {logging_mixin.py:188} INFO - [2024-08-17T16:52:01.593+0000] {dag.py:3089} INFO - Sync 1 DAGs
[2024-08-17T16:52:01.612+0000] {logging_mixin.py:188} INFO - [2024-08-17T16:52:01.612+0000] {dag.py:3947} INFO - Setting next_dagrun for weather_etl_dag to 2024-08-17 00:00:00+00:00, run_after=2024-08-18 00:00:00+00:00
[2024-08-17T16:52:01.681+0000] {processor.py:183} INFO - Processing /opt/airflow/dags/weather_etl_dag.py took 0.578 seconds
[2024-08-17T17:02:02.131+0000] {processor.py:161} INFO - Started process (PID=1448) to work on /opt/airflow/dags/weather_etl_dag.py
[2024-08-17T17:02:02.132+0000] {processor.py:830} INFO - Processing file /opt/airflow/dags/weather_etl_dag.py for tasks to queue
[2024-08-17T17:02:02.134+0000] {logging_mixin.py:188} INFO - [2024-08-17T17:02:02.133+0000] {dagbag.py:545} INFO - Filling up the DagBag from /opt/airflow/dags/weather_etl_dag.py
[2024-08-17T17:02:02.845+0000] {processor.py:840} INFO - DAG(s) 'weather_etl_dag' retrieved from /opt/airflow/dags/weather_etl_dag.py
[2024-08-17T17:02:02.873+0000] {logging_mixin.py:188} INFO - [2024-08-17T17:02:02.873+0000] {dag.py:3089} INFO - Sync 1 DAGs
[2024-08-17T17:02:02.890+0000] {logging_mixin.py:188} INFO - [2024-08-17T17:02:02.889+0000] {dag.py:3947} INFO - Setting next_dagrun for weather_etl_dag to 2024-08-17 00:00:00+00:00, run_after=2024-08-18 00:00:00+00:00
[2024-08-17T17:02:02.989+0000] {processor.py:183} INFO - Processing /opt/airflow/dags/weather_etl_dag.py took 0.868 seconds
[2024-08-17T17:12:03.517+0000] {processor.py:161} INFO - Started process (PID=1572) to work on /opt/airflow/dags/weather_etl_dag.py
[2024-08-17T17:12:03.518+0000] {processor.py:830} INFO - Processing file /opt/airflow/dags/weather_etl_dag.py for tasks to queue
[2024-08-17T17:12:03.520+0000] {logging_mixin.py:188} INFO - [2024-08-17T17:12:03.520+0000] {dagbag.py:545} INFO - Filling up the DagBag from /opt/airflow/dags/weather_etl_dag.py
[2024-08-17T17:12:03.995+0000] {processor.py:840} INFO - DAG(s) 'weather_etl_dag' retrieved from /opt/airflow/dags/weather_etl_dag.py
[2024-08-17T17:12:04.021+0000] {logging_mixin.py:188} INFO - [2024-08-17T17:12:04.020+0000] {dag.py:3089} INFO - Sync 1 DAGs
[2024-08-17T17:12:04.038+0000] {logging_mixin.py:188} INFO - [2024-08-17T17:12:04.038+0000] {dag.py:3947} INFO - Setting next_dagrun for weather_etl_dag to 2024-08-17 00:00:00+00:00, run_after=2024-08-18 00:00:00+00:00
[2024-08-17T17:12:04.112+0000] {processor.py:183} INFO - Processing /opt/airflow/dags/weather_etl_dag.py took 0.601 seconds
[2024-08-17T17:22:04.490+0000] {processor.py:161} INFO - Started process (PID=1696) to work on /opt/airflow/dags/weather_etl_dag.py
[2024-08-17T17:22:04.491+0000] {processor.py:830} INFO - Processing file /opt/airflow/dags/weather_etl_dag.py for tasks to queue
[2024-08-17T17:22:04.497+0000] {logging_mixin.py:188} INFO - [2024-08-17T17:22:04.496+0000] {dagbag.py:545} INFO - Filling up the DagBag from /opt/airflow/dags/weather_etl_dag.py
[2024-08-17T17:22:05.421+0000] {processor.py:840} INFO - DAG(s) 'weather_etl_dag' retrieved from /opt/airflow/dags/weather_etl_dag.py
[2024-08-17T17:22:05.480+0000] {logging_mixin.py:188} INFO - [2024-08-17T17:22:05.480+0000] {dag.py:3089} INFO - Sync 1 DAGs
[2024-08-17T17:22:05.515+0000] {logging_mixin.py:188} INFO - [2024-08-17T17:22:05.515+0000] {dag.py:3947} INFO - Setting next_dagrun for weather_etl_dag to 2024-08-17 00:00:00+00:00, run_after=2024-08-18 00:00:00+00:00
[2024-08-17T17:22:05.591+0000] {processor.py:183} INFO - Processing /opt/airflow/dags/weather_etl_dag.py took 1.116 seconds
[2024-08-17T17:32:06.021+0000] {processor.py:161} INFO - Started process (PID=1821) to work on /opt/airflow/dags/weather_etl_dag.py
[2024-08-17T17:32:06.022+0000] {processor.py:830} INFO - Processing file /opt/airflow/dags/weather_etl_dag.py for tasks to queue
[2024-08-17T17:32:06.023+0000] {logging_mixin.py:188} INFO - [2024-08-17T17:32:06.023+0000] {dagbag.py:545} INFO - Filling up the DagBag from /opt/airflow/dags/weather_etl_dag.py
[2024-08-17T17:32:06.416+0000] {processor.py:840} INFO - DAG(s) 'weather_etl_dag' retrieved from /opt/airflow/dags/weather_etl_dag.py
[2024-08-17T17:32:06.438+0000] {logging_mixin.py:188} INFO - [2024-08-17T17:32:06.438+0000] {dag.py:3089} INFO - Sync 1 DAGs
[2024-08-17T17:32:06.454+0000] {logging_mixin.py:188} INFO - [2024-08-17T17:32:06.453+0000] {dag.py:3947} INFO - Setting next_dagrun for weather_etl_dag to 2024-08-17 00:00:00+00:00, run_after=2024-08-18 00:00:00+00:00
[2024-08-17T17:32:06.513+0000] {processor.py:183} INFO - Processing /opt/airflow/dags/weather_etl_dag.py took 0.497 seconds
[2024-08-17T17:42:06.938+0000] {processor.py:161} INFO - Started process (PID=1947) to work on /opt/airflow/dags/weather_etl_dag.py
[2024-08-17T17:42:06.939+0000] {processor.py:830} INFO - Processing file /opt/airflow/dags/weather_etl_dag.py for tasks to queue
[2024-08-17T17:42:06.941+0000] {logging_mixin.py:188} INFO - [2024-08-17T17:42:06.941+0000] {dagbag.py:545} INFO - Filling up the DagBag from /opt/airflow/dags/weather_etl_dag.py
[2024-08-17T17:42:07.381+0000] {processor.py:840} INFO - DAG(s) 'weather_etl_dag' retrieved from /opt/airflow/dags/weather_etl_dag.py
[2024-08-17T17:42:07.409+0000] {logging_mixin.py:188} INFO - [2024-08-17T17:42:07.409+0000] {dag.py:3089} INFO - Sync 1 DAGs
[2024-08-17T17:42:07.440+0000] {logging_mixin.py:188} INFO - [2024-08-17T17:42:07.439+0000] {dag.py:3947} INFO - Setting next_dagrun for weather_etl_dag to 2024-08-17 00:00:00+00:00, run_after=2024-08-18 00:00:00+00:00
[2024-08-17T17:42:07.505+0000] {processor.py:183} INFO - Processing /opt/airflow/dags/weather_etl_dag.py took 0.572 seconds
[2024-08-17T17:52:07.825+0000] {processor.py:161} INFO - Started process (PID=2072) to work on /opt/airflow/dags/weather_etl_dag.py
[2024-08-17T17:52:07.826+0000] {processor.py:830} INFO - Processing file /opt/airflow/dags/weather_etl_dag.py for tasks to queue
[2024-08-17T17:52:07.828+0000] {logging_mixin.py:188} INFO - [2024-08-17T17:52:07.828+0000] {dagbag.py:545} INFO - Filling up the DagBag from /opt/airflow/dags/weather_etl_dag.py
[2024-08-17T17:52:08.280+0000] {processor.py:840} INFO - DAG(s) 'weather_etl_dag' retrieved from /opt/airflow/dags/weather_etl_dag.py
[2024-08-17T17:52:08.320+0000] {logging_mixin.py:188} INFO - [2024-08-17T17:52:08.319+0000] {dag.py:3089} INFO - Sync 1 DAGs
[2024-08-17T17:52:08.344+0000] {logging_mixin.py:188} INFO - [2024-08-17T17:52:08.343+0000] {dag.py:3947} INFO - Setting next_dagrun for weather_etl_dag to 2024-08-17 00:00:00+00:00, run_after=2024-08-18 00:00:00+00:00
[2024-08-17T17:52:08.416+0000] {processor.py:183} INFO - Processing /opt/airflow/dags/weather_etl_dag.py took 0.596 seconds
[2024-08-17T18:02:09.371+0000] {processor.py:161} INFO - Started process (PID=2194) to work on /opt/airflow/dags/weather_etl_dag.py
[2024-08-17T18:02:09.371+0000] {processor.py:830} INFO - Processing file /opt/airflow/dags/weather_etl_dag.py for tasks to queue
[2024-08-17T18:02:09.373+0000] {logging_mixin.py:188} INFO - [2024-08-17T18:02:09.373+0000] {dagbag.py:545} INFO - Filling up the DagBag from /opt/airflow/dags/weather_etl_dag.py
[2024-08-17T18:02:09.788+0000] {processor.py:840} INFO - DAG(s) 'weather_etl_dag' retrieved from /opt/airflow/dags/weather_etl_dag.py
[2024-08-17T18:02:09.815+0000] {logging_mixin.py:188} INFO - [2024-08-17T18:02:09.815+0000] {dag.py:3089} INFO - Sync 1 DAGs
[2024-08-17T18:02:09.832+0000] {logging_mixin.py:188} INFO - [2024-08-17T18:02:09.832+0000] {dag.py:3947} INFO - Setting next_dagrun for weather_etl_dag to 2024-08-17 00:00:00+00:00, run_after=2024-08-18 00:00:00+00:00
[2024-08-17T18:02:10.010+0000] {processor.py:183} INFO - Processing /opt/airflow/dags/weather_etl_dag.py took 0.645 seconds
[2024-08-17T18:12:10.803+0000] {processor.py:161} INFO - Started process (PID=2319) to work on /opt/airflow/dags/weather_etl_dag.py
[2024-08-17T18:12:10.804+0000] {processor.py:830} INFO - Processing file /opt/airflow/dags/weather_etl_dag.py for tasks to queue
[2024-08-17T18:12:10.806+0000] {logging_mixin.py:188} INFO - [2024-08-17T18:12:10.806+0000] {dagbag.py:545} INFO - Filling up the DagBag from /opt/airflow/dags/weather_etl_dag.py
[2024-08-17T18:12:11.246+0000] {processor.py:840} INFO - DAG(s) 'weather_etl_dag' retrieved from /opt/airflow/dags/weather_etl_dag.py
[2024-08-17T18:12:11.273+0000] {logging_mixin.py:188} INFO - [2024-08-17T18:12:11.272+0000] {dag.py:3089} INFO - Sync 1 DAGs
[2024-08-17T18:12:11.296+0000] {logging_mixin.py:188} INFO - [2024-08-17T18:12:11.296+0000] {dag.py:3947} INFO - Setting next_dagrun for weather_etl_dag to 2024-08-17 00:00:00+00:00, run_after=2024-08-18 00:00:00+00:00
[2024-08-17T18:12:11.351+0000] {processor.py:183} INFO - Processing /opt/airflow/dags/weather_etl_dag.py took 0.553 seconds
[2024-08-17T18:22:11.404+0000] {processor.py:161} INFO - Started process (PID=2444) to work on /opt/airflow/dags/weather_etl_dag.py
[2024-08-17T18:22:11.405+0000] {processor.py:830} INFO - Processing file /opt/airflow/dags/weather_etl_dag.py for tasks to queue
[2024-08-17T18:22:11.408+0000] {logging_mixin.py:188} INFO - [2024-08-17T18:22:11.408+0000] {dagbag.py:545} INFO - Filling up the DagBag from /opt/airflow/dags/weather_etl_dag.py
[2024-08-17T18:22:12.014+0000] {processor.py:840} INFO - DAG(s) 'weather_etl_dag' retrieved from /opt/airflow/dags/weather_etl_dag.py
[2024-08-17T18:22:12.071+0000] {logging_mixin.py:188} INFO - [2024-08-17T18:22:12.070+0000] {dag.py:3089} INFO - Sync 1 DAGs
[2024-08-17T18:22:12.101+0000] {logging_mixin.py:188} INFO - [2024-08-17T18:22:12.101+0000] {dag.py:3947} INFO - Setting next_dagrun for weather_etl_dag to 2024-08-17 00:00:00+00:00, run_after=2024-08-18 00:00:00+00:00
[2024-08-17T18:22:12.993+0000] {processor.py:183} INFO - Processing /opt/airflow/dags/weather_etl_dag.py took 1.595 seconds
[2024-08-17T18:32:13.649+0000] {processor.py:161} INFO - Started process (PID=2568) to work on /opt/airflow/dags/weather_etl_dag.py
[2024-08-17T18:32:13.650+0000] {processor.py:830} INFO - Processing file /opt/airflow/dags/weather_etl_dag.py for tasks to queue
[2024-08-17T18:32:13.652+0000] {logging_mixin.py:188} INFO - [2024-08-17T18:32:13.652+0000] {dagbag.py:545} INFO - Filling up the DagBag from /opt/airflow/dags/weather_etl_dag.py
[2024-08-17T18:32:14.116+0000] {processor.py:840} INFO - DAG(s) 'weather_etl_dag' retrieved from /opt/airflow/dags/weather_etl_dag.py
[2024-08-17T18:32:14.139+0000] {logging_mixin.py:188} INFO - [2024-08-17T18:32:14.139+0000] {dag.py:3089} INFO - Sync 1 DAGs
[2024-08-17T18:32:14.156+0000] {logging_mixin.py:188} INFO - [2024-08-17T18:32:14.156+0000] {dag.py:3947} INFO - Setting next_dagrun for weather_etl_dag to 2024-08-17 00:00:00+00:00, run_after=2024-08-18 00:00:00+00:00
[2024-08-17T18:32:14.208+0000] {processor.py:183} INFO - Processing /opt/airflow/dags/weather_etl_dag.py took 0.565 seconds
[2024-08-17T18:42:14.660+0000] {processor.py:161} INFO - Started process (PID=2695) to work on /opt/airflow/dags/weather_etl_dag.py
[2024-08-17T18:42:14.670+0000] {processor.py:830} INFO - Processing file /opt/airflow/dags/weather_etl_dag.py for tasks to queue
[2024-08-17T18:42:14.691+0000] {logging_mixin.py:188} INFO - [2024-08-17T18:42:14.690+0000] {dagbag.py:545} INFO - Filling up the DagBag from /opt/airflow/dags/weather_etl_dag.py
[2024-08-17T18:42:15.341+0000] {processor.py:840} INFO - DAG(s) 'weather_etl_dag' retrieved from /opt/airflow/dags/weather_etl_dag.py
[2024-08-17T18:42:15.366+0000] {logging_mixin.py:188} INFO - [2024-08-17T18:42:15.365+0000] {dag.py:3089} INFO - Sync 1 DAGs
[2024-08-17T18:42:15.383+0000] {logging_mixin.py:188} INFO - [2024-08-17T18:42:15.383+0000] {dag.py:3947} INFO - Setting next_dagrun for weather_etl_dag to 2024-08-17 00:00:00+00:00, run_after=2024-08-18 00:00:00+00:00
[2024-08-17T18:42:15.439+0000] {processor.py:183} INFO - Processing /opt/airflow/dags/weather_etl_dag.py took 0.816 seconds
[2024-08-17T18:52:16.403+0000] {processor.py:161} INFO - Started process (PID=2821) to work on /opt/airflow/dags/weather_etl_dag.py
[2024-08-17T18:52:16.403+0000] {processor.py:830} INFO - Processing file /opt/airflow/dags/weather_etl_dag.py for tasks to queue
[2024-08-17T18:52:16.405+0000] {logging_mixin.py:188} INFO - [2024-08-17T18:52:16.405+0000] {dagbag.py:545} INFO - Filling up the DagBag from /opt/airflow/dags/weather_etl_dag.py
[2024-08-17T18:52:16.803+0000] {processor.py:840} INFO - DAG(s) 'weather_etl_dag' retrieved from /opt/airflow/dags/weather_etl_dag.py
[2024-08-17T18:52:16.826+0000] {logging_mixin.py:188} INFO - [2024-08-17T18:52:16.825+0000] {dag.py:3089} INFO - Sync 1 DAGs
[2024-08-17T18:52:16.842+0000] {logging_mixin.py:188} INFO - [2024-08-17T18:52:16.842+0000] {dag.py:3947} INFO - Setting next_dagrun for weather_etl_dag to 2024-08-17 00:00:00+00:00, run_after=2024-08-18 00:00:00+00:00
[2024-08-17T18:52:16.929+0000] {processor.py:183} INFO - Processing /opt/airflow/dags/weather_etl_dag.py took 0.532 seconds
[2024-08-17T19:11:36.315+0000] {processor.py:161} INFO - Started process (PID=2943) to work on /opt/airflow/dags/weather_etl_dag.py
[2024-08-17T19:11:36.455+0000] {processor.py:830} INFO - Processing file /opt/airflow/dags/weather_etl_dag.py for tasks to queue
[2024-08-17T19:11:36.704+0000] {logging_mixin.py:188} INFO - [2024-08-17T19:11:36.704+0000] {dagbag.py:545} INFO - Filling up the DagBag from /opt/airflow/dags/weather_etl_dag.py
[2024-08-17T19:21:38.984+0000] {processor.py:161} INFO - Started process (PID=3066) to work on /opt/airflow/dags/weather_etl_dag.py
[2024-08-17T19:21:39.627+0000] {processor.py:830} INFO - Processing file /opt/airflow/dags/weather_etl_dag.py for tasks to queue
[2024-08-17T19:21:39.628+0000] {logging_mixin.py:188} INFO - [2024-08-17T19:21:39.628+0000] {dagbag.py:545} INFO - Filling up the DagBag from /opt/airflow/dags/weather_etl_dag.py
[2024-08-17T19:21:40.493+0000] {processor.py:840} INFO - DAG(s) 'weather_etl_dag' retrieved from /opt/airflow/dags/weather_etl_dag.py
[2024-08-17T19:21:41.153+0000] {logging_mixin.py:188} INFO - [2024-08-17T19:21:41.153+0000] {dag.py:3089} INFO - Sync 1 DAGs
[2024-08-17T19:21:41.183+0000] {logging_mixin.py:188} INFO - [2024-08-17T19:21:41.182+0000] {dag.py:3947} INFO - Setting next_dagrun for weather_etl_dag to 2024-08-17 00:00:00+00:00, run_after=2024-08-18 00:00:00+00:00
[2024-08-17T19:21:41.241+0000] {processor.py:183} INFO - Processing /opt/airflow/dags/weather_etl_dag.py took 2.287 seconds
[2024-08-17T19:31:42.116+0000] {processor.py:161} INFO - Started process (PID=3191) to work on /opt/airflow/dags/weather_etl_dag.py
[2024-08-17T19:31:42.117+0000] {processor.py:830} INFO - Processing file /opt/airflow/dags/weather_etl_dag.py for tasks to queue
[2024-08-17T19:31:42.117+0000] {logging_mixin.py:188} INFO - [2024-08-17T19:31:42.117+0000] {dagbag.py:545} INFO - Filling up the DagBag from /opt/airflow/dags/weather_etl_dag.py
[2024-08-17T19:31:42.577+0000] {processor.py:840} INFO - DAG(s) 'weather_etl_dag' retrieved from /opt/airflow/dags/weather_etl_dag.py
[2024-08-17T19:31:42.601+0000] {logging_mixin.py:188} INFO - [2024-08-17T19:31:42.600+0000] {dag.py:3089} INFO - Sync 1 DAGs
[2024-08-17T19:31:42.619+0000] {logging_mixin.py:188} INFO - [2024-08-17T19:31:42.619+0000] {dag.py:3947} INFO - Setting next_dagrun for weather_etl_dag to 2024-08-17 00:00:00+00:00, run_after=2024-08-18 00:00:00+00:00
[2024-08-17T19:31:42.746+0000] {processor.py:183} INFO - Processing /opt/airflow/dags/weather_etl_dag.py took 0.637 seconds
[2024-08-17T19:41:43.797+0000] {processor.py:161} INFO - Started process (PID=3315) to work on /opt/airflow/dags/weather_etl_dag.py
[2024-08-17T19:41:43.798+0000] {processor.py:830} INFO - Processing file /opt/airflow/dags/weather_etl_dag.py for tasks to queue
[2024-08-17T19:41:43.799+0000] {logging_mixin.py:188} INFO - [2024-08-17T19:41:43.799+0000] {dagbag.py:545} INFO - Filling up the DagBag from /opt/airflow/dags/weather_etl_dag.py
[2024-08-17T19:41:44.692+0000] {processor.py:840} INFO - DAG(s) 'weather_etl_dag' retrieved from /opt/airflow/dags/weather_etl_dag.py
[2024-08-17T19:41:44.740+0000] {logging_mixin.py:188} INFO - [2024-08-17T19:41:44.739+0000] {dag.py:3089} INFO - Sync 1 DAGs
[2024-08-17T19:41:44.766+0000] {logging_mixin.py:188} INFO - [2024-08-17T19:41:44.766+0000] {dag.py:3947} INFO - Setting next_dagrun for weather_etl_dag to 2024-08-17 00:00:00+00:00, run_after=2024-08-18 00:00:00+00:00
[2024-08-17T19:41:45.534+0000] {processor.py:183} INFO - Processing /opt/airflow/dags/weather_etl_dag.py took 1.747 seconds
[2024-08-17T19:51:45.805+0000] {processor.py:161} INFO - Started process (PID=3441) to work on /opt/airflow/dags/weather_etl_dag.py
[2024-08-17T19:51:45.820+0000] {processor.py:830} INFO - Processing file /opt/airflow/dags/weather_etl_dag.py for tasks to queue
[2024-08-17T19:51:45.821+0000] {logging_mixin.py:188} INFO - [2024-08-17T19:51:45.821+0000] {dagbag.py:545} INFO - Filling up the DagBag from /opt/airflow/dags/weather_etl_dag.py
[2024-08-17T19:51:47.531+0000] {processor.py:840} INFO - DAG(s) 'weather_etl_dag' retrieved from /opt/airflow/dags/weather_etl_dag.py
[2024-08-17T19:51:47.616+0000] {logging_mixin.py:188} INFO - [2024-08-17T19:51:47.615+0000] {dag.py:3089} INFO - Sync 1 DAGs
[2024-08-17T19:51:47.779+0000] {logging_mixin.py:188} INFO - [2024-08-17T19:51:47.779+0000] {dag.py:3947} INFO - Setting next_dagrun for weather_etl_dag to 2024-08-17 00:00:00+00:00, run_after=2024-08-18 00:00:00+00:00
[2024-08-17T19:51:48.115+0000] {processor.py:183} INFO - Processing /opt/airflow/dags/weather_etl_dag.py took 2.350 seconds
[2024-08-17T20:01:48.772+0000] {processor.py:161} INFO - Started process (PID=3562) to work on /opt/airflow/dags/weather_etl_dag.py
[2024-08-17T20:01:48.773+0000] {processor.py:830} INFO - Processing file /opt/airflow/dags/weather_etl_dag.py for tasks to queue
[2024-08-17T20:01:48.774+0000] {logging_mixin.py:188} INFO - [2024-08-17T20:01:48.774+0000] {dagbag.py:545} INFO - Filling up the DagBag from /opt/airflow/dags/weather_etl_dag.py
[2024-08-17T20:01:49.255+0000] {processor.py:840} INFO - DAG(s) 'weather_etl_dag' retrieved from /opt/airflow/dags/weather_etl_dag.py
[2024-08-17T20:01:49.281+0000] {logging_mixin.py:188} INFO - [2024-08-17T20:01:49.280+0000] {dag.py:3089} INFO - Sync 1 DAGs
[2024-08-17T20:01:49.304+0000] {logging_mixin.py:188} INFO - [2024-08-17T20:01:49.304+0000] {dag.py:3947} INFO - Setting next_dagrun for weather_etl_dag to 2024-08-17 00:00:00+00:00, run_after=2024-08-18 00:00:00+00:00
[2024-08-17T20:01:49.397+0000] {processor.py:183} INFO - Processing /opt/airflow/dags/weather_etl_dag.py took 0.632 seconds
[2024-08-17T20:11:49.940+0000] {processor.py:161} INFO - Started process (PID=3689) to work on /opt/airflow/dags/weather_etl_dag.py
[2024-08-17T20:11:49.942+0000] {processor.py:830} INFO - Processing file /opt/airflow/dags/weather_etl_dag.py for tasks to queue
[2024-08-17T20:11:49.944+0000] {logging_mixin.py:188} INFO - [2024-08-17T20:11:49.943+0000] {dagbag.py:545} INFO - Filling up the DagBag from /opt/airflow/dags/weather_etl_dag.py
[2024-08-17T20:11:50.576+0000] {processor.py:840} INFO - DAG(s) 'weather_etl_dag' retrieved from /opt/airflow/dags/weather_etl_dag.py
[2024-08-17T20:11:50.599+0000] {logging_mixin.py:188} INFO - [2024-08-17T20:11:50.599+0000] {dag.py:3089} INFO - Sync 1 DAGs
[2024-08-17T20:11:50.617+0000] {logging_mixin.py:188} INFO - [2024-08-17T20:11:50.617+0000] {dag.py:3947} INFO - Setting next_dagrun for weather_etl_dag to 2024-08-17 00:00:00+00:00, run_after=2024-08-18 00:00:00+00:00
[2024-08-17T20:11:51.792+0000] {processor.py:183} INFO - Processing /opt/airflow/dags/weather_etl_dag.py took 1.870 seconds
[2024-08-17T20:21:51.943+0000] {processor.py:161} INFO - Started process (PID=3814) to work on /opt/airflow/dags/weather_etl_dag.py
[2024-08-17T20:21:51.943+0000] {processor.py:830} INFO - Processing file /opt/airflow/dags/weather_etl_dag.py for tasks to queue
[2024-08-17T20:21:51.944+0000] {logging_mixin.py:188} INFO - [2024-08-17T20:21:51.944+0000] {dagbag.py:545} INFO - Filling up the DagBag from /opt/airflow/dags/weather_etl_dag.py
[2024-08-17T20:21:52.574+0000] {processor.py:840} INFO - DAG(s) 'weather_etl_dag' retrieved from /opt/airflow/dags/weather_etl_dag.py
[2024-08-17T20:21:52.617+0000] {logging_mixin.py:188} INFO - [2024-08-17T20:21:52.617+0000] {dag.py:3089} INFO - Sync 1 DAGs
[2024-08-17T20:21:52.647+0000] {logging_mixin.py:188} INFO - [2024-08-17T20:21:52.647+0000] {dag.py:3947} INFO - Setting next_dagrun for weather_etl_dag to 2024-08-17 00:00:00+00:00, run_after=2024-08-18 00:00:00+00:00
[2024-08-17T20:21:53.646+0000] {processor.py:183} INFO - Processing /opt/airflow/dags/weather_etl_dag.py took 1.710 seconds
[2024-08-17T20:31:55.076+0000] {processor.py:161} INFO - Started process (PID=3939) to work on /opt/airflow/dags/weather_etl_dag.py
[2024-08-17T20:31:55.077+0000] {processor.py:830} INFO - Processing file /opt/airflow/dags/weather_etl_dag.py for tasks to queue
[2024-08-17T20:31:55.078+0000] {logging_mixin.py:188} INFO - [2024-08-17T20:31:55.077+0000] {dagbag.py:545} INFO - Filling up the DagBag from /opt/airflow/dags/weather_etl_dag.py
[2024-08-17T20:31:55.500+0000] {processor.py:840} INFO - DAG(s) 'weather_etl_dag' retrieved from /opt/airflow/dags/weather_etl_dag.py
[2024-08-17T20:31:55.524+0000] {logging_mixin.py:188} INFO - [2024-08-17T20:31:55.523+0000] {dag.py:3089} INFO - Sync 1 DAGs
[2024-08-17T20:31:55.541+0000] {logging_mixin.py:188} INFO - [2024-08-17T20:31:55.541+0000] {dag.py:3947} INFO - Setting next_dagrun for weather_etl_dag to 2024-08-17 00:00:00+00:00, run_after=2024-08-18 00:00:00+00:00
[2024-08-17T20:31:55.598+0000] {processor.py:183} INFO - Processing /opt/airflow/dags/weather_etl_dag.py took 0.531 seconds
[2024-08-17T20:41:55.804+0000] {processor.py:161} INFO - Started process (PID=4064) to work on /opt/airflow/dags/weather_etl_dag.py
[2024-08-17T20:41:55.805+0000] {processor.py:830} INFO - Processing file /opt/airflow/dags/weather_etl_dag.py for tasks to queue
[2024-08-17T20:41:55.806+0000] {logging_mixin.py:188} INFO - [2024-08-17T20:41:55.805+0000] {dagbag.py:545} INFO - Filling up the DagBag from /opt/airflow/dags/weather_etl_dag.py
[2024-08-17T20:41:56.271+0000] {processor.py:840} INFO - DAG(s) 'weather_etl_dag' retrieved from /opt/airflow/dags/weather_etl_dag.py
[2024-08-17T20:41:56.297+0000] {logging_mixin.py:188} INFO - [2024-08-17T20:41:56.296+0000] {dag.py:3089} INFO - Sync 1 DAGs
[2024-08-17T20:41:56.316+0000] {logging_mixin.py:188} INFO - [2024-08-17T20:41:56.316+0000] {dag.py:3947} INFO - Setting next_dagrun for weather_etl_dag to 2024-08-17 00:00:00+00:00, run_after=2024-08-18 00:00:00+00:00
[2024-08-17T20:41:56.640+0000] {processor.py:183} INFO - Processing /opt/airflow/dags/weather_etl_dag.py took 0.844 seconds
[2024-08-17T20:51:57.488+0000] {processor.py:161} INFO - Started process (PID=4189) to work on /opt/airflow/dags/weather_etl_dag.py
[2024-08-17T20:51:57.490+0000] {processor.py:830} INFO - Processing file /opt/airflow/dags/weather_etl_dag.py for tasks to queue
[2024-08-17T20:51:57.491+0000] {logging_mixin.py:188} INFO - [2024-08-17T20:51:57.491+0000] {dagbag.py:545} INFO - Filling up the DagBag from /opt/airflow/dags/weather_etl_dag.py
[2024-08-17T20:51:57.911+0000] {processor.py:840} INFO - DAG(s) 'weather_etl_dag' retrieved from /opt/airflow/dags/weather_etl_dag.py
[2024-08-17T20:51:57.934+0000] {logging_mixin.py:188} INFO - [2024-08-17T20:51:57.934+0000] {dag.py:3089} INFO - Sync 1 DAGs
[2024-08-17T20:51:57.953+0000] {logging_mixin.py:188} INFO - [2024-08-17T20:51:57.953+0000] {dag.py:3947} INFO - Setting next_dagrun for weather_etl_dag to 2024-08-17 00:00:00+00:00, run_after=2024-08-18 00:00:00+00:00
[2024-08-17T20:51:58.081+0000] {processor.py:183} INFO - Processing /opt/airflow/dags/weather_etl_dag.py took 0.598 seconds
[2024-08-17T21:01:58.641+0000] {processor.py:161} INFO - Started process (PID=4311) to work on /opt/airflow/dags/weather_etl_dag.py
[2024-08-17T21:01:58.642+0000] {processor.py:830} INFO - Processing file /opt/airflow/dags/weather_etl_dag.py for tasks to queue
[2024-08-17T21:01:58.643+0000] {logging_mixin.py:188} INFO - [2024-08-17T21:01:58.643+0000] {dagbag.py:545} INFO - Filling up the DagBag from /opt/airflow/dags/weather_etl_dag.py
[2024-08-17T21:01:59.332+0000] {processor.py:840} INFO - DAG(s) 'weather_etl_dag' retrieved from /opt/airflow/dags/weather_etl_dag.py
[2024-08-17T21:01:59.365+0000] {logging_mixin.py:188} INFO - [2024-08-17T21:01:59.365+0000] {dag.py:3089} INFO - Sync 1 DAGs
[2024-08-17T21:01:59.400+0000] {logging_mixin.py:188} INFO - [2024-08-17T21:01:59.400+0000] {dag.py:3947} INFO - Setting next_dagrun for weather_etl_dag to 2024-08-17 00:00:00+00:00, run_after=2024-08-18 00:00:00+00:00
[2024-08-17T21:02:00.122+0000] {processor.py:183} INFO - Processing /opt/airflow/dags/weather_etl_dag.py took 1.490 seconds
[2024-08-17T21:12:00.195+0000] {processor.py:161} INFO - Started process (PID=4436) to work on /opt/airflow/dags/weather_etl_dag.py
[2024-08-17T21:12:00.196+0000] {processor.py:830} INFO - Processing file /opt/airflow/dags/weather_etl_dag.py for tasks to queue
[2024-08-17T21:12:00.197+0000] {logging_mixin.py:188} INFO - [2024-08-17T21:12:00.197+0000] {dagbag.py:545} INFO - Filling up the DagBag from /opt/airflow/dags/weather_etl_dag.py
[2024-08-17T21:12:00.690+0000] {processor.py:840} INFO - DAG(s) 'weather_etl_dag' retrieved from /opt/airflow/dags/weather_etl_dag.py
[2024-08-17T21:12:00.712+0000] {logging_mixin.py:188} INFO - [2024-08-17T21:12:00.712+0000] {dag.py:3089} INFO - Sync 1 DAGs
[2024-08-17T21:12:00.730+0000] {logging_mixin.py:188} INFO - [2024-08-17T21:12:00.729+0000] {dag.py:3947} INFO - Setting next_dagrun for weather_etl_dag to 2024-08-17 00:00:00+00:00, run_after=2024-08-18 00:00:00+00:00
[2024-08-17T21:12:01.440+0000] {processor.py:183} INFO - Processing /opt/airflow/dags/weather_etl_dag.py took 1.251 seconds
[2024-08-17T21:22:02.287+0000] {processor.py:161} INFO - Started process (PID=4562) to work on /opt/airflow/dags/weather_etl_dag.py
[2024-08-17T21:22:02.288+0000] {processor.py:830} INFO - Processing file /opt/airflow/dags/weather_etl_dag.py for tasks to queue
[2024-08-17T21:22:02.289+0000] {logging_mixin.py:188} INFO - [2024-08-17T21:22:02.288+0000] {dagbag.py:545} INFO - Filling up the DagBag from /opt/airflow/dags/weather_etl_dag.py
[2024-08-17T21:22:02.687+0000] {processor.py:840} INFO - DAG(s) 'weather_etl_dag' retrieved from /opt/airflow/dags/weather_etl_dag.py
[2024-08-17T21:22:02.717+0000] {logging_mixin.py:188} INFO - [2024-08-17T21:22:02.717+0000] {dag.py:3089} INFO - Sync 1 DAGs
[2024-08-17T21:22:02.735+0000] {logging_mixin.py:188} INFO - [2024-08-17T21:22:02.734+0000] {dag.py:3947} INFO - Setting next_dagrun for weather_etl_dag to 2024-08-17 00:00:00+00:00, run_after=2024-08-18 00:00:00+00:00
[2024-08-17T21:22:03.349+0000] {processor.py:183} INFO - Processing /opt/airflow/dags/weather_etl_dag.py took 1.067 seconds
[2024-08-17T21:32:04.005+0000] {processor.py:161} INFO - Started process (PID=4689) to work on /opt/airflow/dags/weather_etl_dag.py
[2024-08-17T21:32:04.006+0000] {processor.py:830} INFO - Processing file /opt/airflow/dags/weather_etl_dag.py for tasks to queue
[2024-08-17T21:32:04.006+0000] {logging_mixin.py:188} INFO - [2024-08-17T21:32:04.006+0000] {dagbag.py:545} INFO - Filling up the DagBag from /opt/airflow/dags/weather_etl_dag.py
[2024-08-17T21:32:04.410+0000] {processor.py:840} INFO - DAG(s) 'weather_etl_dag' retrieved from /opt/airflow/dags/weather_etl_dag.py
[2024-08-17T21:32:04.431+0000] {logging_mixin.py:188} INFO - [2024-08-17T21:32:04.431+0000] {dag.py:3089} INFO - Sync 1 DAGs
[2024-08-17T21:32:04.454+0000] {logging_mixin.py:188} INFO - [2024-08-17T21:32:04.453+0000] {dag.py:3947} INFO - Setting next_dagrun for weather_etl_dag to 2024-08-17 00:00:00+00:00, run_after=2024-08-18 00:00:00+00:00
[2024-08-17T21:32:04.509+0000] {processor.py:183} INFO - Processing /opt/airflow/dags/weather_etl_dag.py took 0.512 seconds
[2024-08-17T21:42:04.780+0000] {processor.py:161} INFO - Started process (PID=4818) to work on /opt/airflow/dags/weather_etl_dag.py
[2024-08-17T21:42:04.781+0000] {processor.py:830} INFO - Processing file /opt/airflow/dags/weather_etl_dag.py for tasks to queue
[2024-08-17T21:42:04.783+0000] {logging_mixin.py:188} INFO - [2024-08-17T21:42:04.782+0000] {dagbag.py:545} INFO - Filling up the DagBag from /opt/airflow/dags/weather_etl_dag.py
[2024-08-17T21:42:05.279+0000] {processor.py:840} INFO - DAG(s) 'weather_etl_dag' retrieved from /opt/airflow/dags/weather_etl_dag.py
[2024-08-17T21:42:05.359+0000] {logging_mixin.py:188} INFO - [2024-08-17T21:42:05.359+0000] {dag.py:3089} INFO - Sync 1 DAGs
[2024-08-17T21:42:05.412+0000] {logging_mixin.py:188} INFO - [2024-08-17T21:42:05.412+0000] {dag.py:3947} INFO - Setting next_dagrun for weather_etl_dag to 2024-08-17 00:00:00+00:00, run_after=2024-08-18 00:00:00+00:00
[2024-08-17T21:42:05.588+0000] {processor.py:183} INFO - Processing /opt/airflow/dags/weather_etl_dag.py took 0.820 seconds
[2024-08-17T21:52:05.655+0000] {processor.py:161} INFO - Started process (PID=4943) to work on /opt/airflow/dags/weather_etl_dag.py
[2024-08-17T21:52:05.656+0000] {processor.py:830} INFO - Processing file /opt/airflow/dags/weather_etl_dag.py for tasks to queue
[2024-08-17T21:52:05.657+0000] {logging_mixin.py:188} INFO - [2024-08-17T21:52:05.657+0000] {dagbag.py:545} INFO - Filling up the DagBag from /opt/airflow/dags/weather_etl_dag.py
[2024-08-17T21:52:05.964+0000] {processor.py:840} INFO - DAG(s) 'weather_etl_dag' retrieved from /opt/airflow/dags/weather_etl_dag.py
[2024-08-17T21:52:05.989+0000] {logging_mixin.py:188} INFO - [2024-08-17T21:52:05.989+0000] {dag.py:3089} INFO - Sync 1 DAGs
[2024-08-17T21:52:06.009+0000] {logging_mixin.py:188} INFO - [2024-08-17T21:52:06.009+0000] {dag.py:3947} INFO - Setting next_dagrun for weather_etl_dag to 2024-08-17 00:00:00+00:00, run_after=2024-08-18 00:00:00+00:00
[2024-08-17T21:52:06.067+0000] {processor.py:183} INFO - Processing /opt/airflow/dags/weather_etl_dag.py took 0.418 seconds
[2024-08-17T22:02:06.857+0000] {processor.py:161} INFO - Started process (PID=5066) to work on /opt/airflow/dags/weather_etl_dag.py
[2024-08-17T22:02:06.858+0000] {processor.py:830} INFO - Processing file /opt/airflow/dags/weather_etl_dag.py for tasks to queue
[2024-08-17T22:02:06.859+0000] {logging_mixin.py:188} INFO - [2024-08-17T22:02:06.858+0000] {dagbag.py:545} INFO - Filling up the DagBag from /opt/airflow/dags/weather_etl_dag.py
[2024-08-17T22:02:07.149+0000] {processor.py:840} INFO - DAG(s) 'weather_etl_dag' retrieved from /opt/airflow/dags/weather_etl_dag.py
[2024-08-17T22:02:07.174+0000] {logging_mixin.py:188} INFO - [2024-08-17T22:02:07.173+0000] {dag.py:3089} INFO - Sync 1 DAGs
[2024-08-17T22:02:07.194+0000] {logging_mixin.py:188} INFO - [2024-08-17T22:02:07.194+0000] {dag.py:3947} INFO - Setting next_dagrun for weather_etl_dag to 2024-08-17 00:00:00+00:00, run_after=2024-08-18 00:00:00+00:00
[2024-08-17T22:02:07.252+0000] {processor.py:183} INFO - Processing /opt/airflow/dags/weather_etl_dag.py took 0.401 seconds
[2024-08-17T22:12:08.137+0000] {processor.py:161} INFO - Started process (PID=5190) to work on /opt/airflow/dags/weather_etl_dag.py
[2024-08-17T22:12:08.138+0000] {processor.py:830} INFO - Processing file /opt/airflow/dags/weather_etl_dag.py for tasks to queue
[2024-08-17T22:12:08.139+0000] {logging_mixin.py:188} INFO - [2024-08-17T22:12:08.139+0000] {dagbag.py:545} INFO - Filling up the DagBag from /opt/airflow/dags/weather_etl_dag.py
[2024-08-17T22:12:08.433+0000] {processor.py:840} INFO - DAG(s) 'weather_etl_dag' retrieved from /opt/airflow/dags/weather_etl_dag.py
[2024-08-17T22:12:08.460+0000] {logging_mixin.py:188} INFO - [2024-08-17T22:12:08.459+0000] {dag.py:3089} INFO - Sync 1 DAGs
[2024-08-17T22:12:08.479+0000] {logging_mixin.py:188} INFO - [2024-08-17T22:12:08.479+0000] {dag.py:3947} INFO - Setting next_dagrun for weather_etl_dag to 2024-08-17 00:00:00+00:00, run_after=2024-08-18 00:00:00+00:00
[2024-08-17T22:12:08.555+0000] {processor.py:183} INFO - Processing /opt/airflow/dags/weather_etl_dag.py took 0.424 seconds
[2024-08-17T22:22:08.651+0000] {processor.py:161} INFO - Started process (PID=5315) to work on /opt/airflow/dags/weather_etl_dag.py
[2024-08-17T22:22:08.652+0000] {processor.py:830} INFO - Processing file /opt/airflow/dags/weather_etl_dag.py for tasks to queue
[2024-08-17T22:22:08.653+0000] {logging_mixin.py:188} INFO - [2024-08-17T22:22:08.652+0000] {dagbag.py:545} INFO - Filling up the DagBag from /opt/airflow/dags/weather_etl_dag.py
[2024-08-17T22:22:09.035+0000] {processor.py:840} INFO - DAG(s) 'weather_etl_dag' retrieved from /opt/airflow/dags/weather_etl_dag.py
[2024-08-17T22:22:09.060+0000] {logging_mixin.py:188} INFO - [2024-08-17T22:22:09.060+0000] {dag.py:3089} INFO - Sync 1 DAGs
[2024-08-17T22:22:09.083+0000] {logging_mixin.py:188} INFO - [2024-08-17T22:22:09.083+0000] {dag.py:3947} INFO - Setting next_dagrun for weather_etl_dag to 2024-08-17 00:00:00+00:00, run_after=2024-08-18 00:00:00+00:00
[2024-08-17T22:22:10.262+0000] {processor.py:183} INFO - Processing /opt/airflow/dags/weather_etl_dag.py took 1.619 seconds
[2024-08-17T22:32:10.872+0000] {processor.py:161} INFO - Started process (PID=5442) to work on /opt/airflow/dags/weather_etl_dag.py
[2024-08-17T22:32:10.874+0000] {processor.py:830} INFO - Processing file /opt/airflow/dags/weather_etl_dag.py for tasks to queue
[2024-08-17T22:32:10.875+0000] {logging_mixin.py:188} INFO - [2024-08-17T22:32:10.875+0000] {dagbag.py:545} INFO - Filling up the DagBag from /opt/airflow/dags/weather_etl_dag.py
[2024-08-17T22:32:11.189+0000] {processor.py:840} INFO - DAG(s) 'weather_etl_dag' retrieved from /opt/airflow/dags/weather_etl_dag.py
[2024-08-17T22:32:11.218+0000] {logging_mixin.py:188} INFO - [2024-08-17T22:32:11.217+0000] {dag.py:3089} INFO - Sync 1 DAGs
[2024-08-17T22:32:11.239+0000] {logging_mixin.py:188} INFO - [2024-08-17T22:32:11.238+0000] {dag.py:3947} INFO - Setting next_dagrun for weather_etl_dag to 2024-08-17 00:00:00+00:00, run_after=2024-08-18 00:00:00+00:00
[2024-08-17T22:32:11.289+0000] {processor.py:183} INFO - Processing /opt/airflow/dags/weather_etl_dag.py took 0.423 seconds
[2024-08-17T22:42:11.892+0000] {processor.py:161} INFO - Started process (PID=5572) to work on /opt/airflow/dags/weather_etl_dag.py
[2024-08-17T22:42:11.893+0000] {processor.py:830} INFO - Processing file /opt/airflow/dags/weather_etl_dag.py for tasks to queue
[2024-08-17T22:42:11.894+0000] {logging_mixin.py:188} INFO - [2024-08-17T22:42:11.894+0000] {dagbag.py:545} INFO - Filling up the DagBag from /opt/airflow/dags/weather_etl_dag.py
[2024-08-17T22:42:12.235+0000] {processor.py:840} INFO - DAG(s) 'weather_etl_dag' retrieved from /opt/airflow/dags/weather_etl_dag.py
[2024-08-17T22:42:12.261+0000] {logging_mixin.py:188} INFO - [2024-08-17T22:42:12.261+0000] {dag.py:3089} INFO - Sync 1 DAGs
[2024-08-17T22:42:12.281+0000] {logging_mixin.py:188} INFO - [2024-08-17T22:42:12.281+0000] {dag.py:3947} INFO - Setting next_dagrun for weather_etl_dag to 2024-08-17 00:00:00+00:00, run_after=2024-08-18 00:00:00+00:00
[2024-08-17T22:42:12.511+0000] {processor.py:183} INFO - Processing /opt/airflow/dags/weather_etl_dag.py took 0.624 seconds
[2024-08-17T22:52:12.810+0000] {processor.py:161} INFO - Started process (PID=5693) to work on /opt/airflow/dags/weather_etl_dag.py
[2024-08-17T22:52:12.811+0000] {processor.py:830} INFO - Processing file /opt/airflow/dags/weather_etl_dag.py for tasks to queue
[2024-08-17T22:52:12.812+0000] {logging_mixin.py:188} INFO - [2024-08-17T22:52:12.812+0000] {dagbag.py:545} INFO - Filling up the DagBag from /opt/airflow/dags/weather_etl_dag.py
[2024-08-17T22:52:13.134+0000] {processor.py:840} INFO - DAG(s) 'weather_etl_dag' retrieved from /opt/airflow/dags/weather_etl_dag.py
[2024-08-17T22:52:13.164+0000] {logging_mixin.py:188} INFO - [2024-08-17T22:52:13.163+0000] {dag.py:3089} INFO - Sync 1 DAGs
[2024-08-17T22:52:13.266+0000] {logging_mixin.py:188} INFO - [2024-08-17T22:52:13.266+0000] {dag.py:3947} INFO - Setting next_dagrun for weather_etl_dag to 2024-08-17 00:00:00+00:00, run_after=2024-08-18 00:00:00+00:00
[2024-08-17T22:52:14.830+0000] {processor.py:183} INFO - Processing /opt/airflow/dags/weather_etl_dag.py took 2.026 seconds
[2024-08-17T23:02:15.532+0000] {processor.py:161} INFO - Started process (PID=5819) to work on /opt/airflow/dags/weather_etl_dag.py
[2024-08-17T23:02:15.534+0000] {processor.py:830} INFO - Processing file /opt/airflow/dags/weather_etl_dag.py for tasks to queue
[2024-08-17T23:02:15.537+0000] {logging_mixin.py:188} INFO - [2024-08-17T23:02:15.535+0000] {dagbag.py:545} INFO - Filling up the DagBag from /opt/airflow/dags/weather_etl_dag.py
[2024-08-17T23:02:16.068+0000] {processor.py:840} INFO - DAG(s) 'weather_etl_dag' retrieved from /opt/airflow/dags/weather_etl_dag.py
[2024-08-17T23:02:16.173+0000] {logging_mixin.py:188} INFO - [2024-08-17T23:02:16.172+0000] {dag.py:3089} INFO - Sync 1 DAGs
[2024-08-17T23:02:16.237+0000] {logging_mixin.py:188} INFO - [2024-08-17T23:02:16.236+0000] {dag.py:3947} INFO - Setting next_dagrun for weather_etl_dag to 2024-08-17 00:00:00+00:00, run_after=2024-08-18 00:00:00+00:00
[2024-08-17T23:02:16.555+0000] {processor.py:183} INFO - Processing /opt/airflow/dags/weather_etl_dag.py took 1.032 seconds
[2024-08-17T23:12:16.824+0000] {processor.py:161} INFO - Started process (PID=5941) to work on /opt/airflow/dags/weather_etl_dag.py
[2024-08-17T23:12:16.825+0000] {processor.py:830} INFO - Processing file /opt/airflow/dags/weather_etl_dag.py for tasks to queue
[2024-08-17T23:12:16.826+0000] {logging_mixin.py:188} INFO - [2024-08-17T23:12:16.825+0000] {dagbag.py:545} INFO - Filling up the DagBag from /opt/airflow/dags/weather_etl_dag.py
[2024-08-17T23:12:17.149+0000] {processor.py:840} INFO - DAG(s) 'weather_etl_dag' retrieved from /opt/airflow/dags/weather_etl_dag.py
[2024-08-17T23:12:17.175+0000] {logging_mixin.py:188} INFO - [2024-08-17T23:12:17.175+0000] {dag.py:3089} INFO - Sync 1 DAGs
[2024-08-17T23:12:17.199+0000] {logging_mixin.py:188} INFO - [2024-08-17T23:12:17.198+0000] {dag.py:3947} INFO - Setting next_dagrun for weather_etl_dag to 2024-08-17 00:00:00+00:00, run_after=2024-08-18 00:00:00+00:00
[2024-08-17T23:12:17.317+0000] {processor.py:183} INFO - Processing /opt/airflow/dags/weather_etl_dag.py took 0.500 seconds
[2024-08-17T23:22:18.103+0000] {processor.py:161} INFO - Started process (PID=6066) to work on /opt/airflow/dags/weather_etl_dag.py
[2024-08-17T23:22:18.104+0000] {processor.py:830} INFO - Processing file /opt/airflow/dags/weather_etl_dag.py for tasks to queue
[2024-08-17T23:22:18.106+0000] {logging_mixin.py:188} INFO - [2024-08-17T23:22:18.105+0000] {dagbag.py:545} INFO - Filling up the DagBag from /opt/airflow/dags/weather_etl_dag.py
[2024-08-17T23:22:18.428+0000] {processor.py:840} INFO - DAG(s) 'weather_etl_dag' retrieved from /opt/airflow/dags/weather_etl_dag.py
[2024-08-17T23:22:18.456+0000] {logging_mixin.py:188} INFO - [2024-08-17T23:22:18.456+0000] {dag.py:3089} INFO - Sync 1 DAGs
[2024-08-17T23:22:18.476+0000] {logging_mixin.py:188} INFO - [2024-08-17T23:22:18.476+0000] {dag.py:3947} INFO - Setting next_dagrun for weather_etl_dag to 2024-08-17 00:00:00+00:00, run_after=2024-08-18 00:00:00+00:00
[2024-08-17T23:22:18.533+0000] {processor.py:183} INFO - Processing /opt/airflow/dags/weather_etl_dag.py took 0.437 seconds
[2024-08-17T23:32:18.600+0000] {processor.py:161} INFO - Started process (PID=6191) to work on /opt/airflow/dags/weather_etl_dag.py
[2024-08-17T23:32:18.601+0000] {processor.py:830} INFO - Processing file /opt/airflow/dags/weather_etl_dag.py for tasks to queue
[2024-08-17T23:32:18.602+0000] {logging_mixin.py:188} INFO - [2024-08-17T23:32:18.602+0000] {dagbag.py:545} INFO - Filling up the DagBag from /opt/airflow/dags/weather_etl_dag.py
[2024-08-17T23:32:19.125+0000] {processor.py:840} INFO - DAG(s) 'weather_etl_dag' retrieved from /opt/airflow/dags/weather_etl_dag.py
[2024-08-17T23:32:19.152+0000] {logging_mixin.py:188} INFO - [2024-08-17T23:32:19.152+0000] {dag.py:3089} INFO - Sync 1 DAGs
[2024-08-17T23:32:19.172+0000] {logging_mixin.py:188} INFO - [2024-08-17T23:32:19.172+0000] {dag.py:3947} INFO - Setting next_dagrun for weather_etl_dag to 2024-08-17 00:00:00+00:00, run_after=2024-08-18 00:00:00+00:00
[2024-08-17T23:32:19.253+0000] {processor.py:183} INFO - Processing /opt/airflow/dags/weather_etl_dag.py took 0.662 seconds
[2024-08-17T23:42:19.552+0000] {processor.py:161} INFO - Started process (PID=6313) to work on /opt/airflow/dags/weather_etl_dag.py
[2024-08-17T23:42:19.554+0000] {processor.py:830} INFO - Processing file /opt/airflow/dags/weather_etl_dag.py for tasks to queue
[2024-08-17T23:42:19.555+0000] {logging_mixin.py:188} INFO - [2024-08-17T23:42:19.555+0000] {dagbag.py:545} INFO - Filling up the DagBag from /opt/airflow/dags/weather_etl_dag.py
[2024-08-17T23:42:19.962+0000] {processor.py:840} INFO - DAG(s) 'weather_etl_dag' retrieved from /opt/airflow/dags/weather_etl_dag.py
[2024-08-17T23:42:20.005+0000] {logging_mixin.py:188} INFO - [2024-08-17T23:42:20.004+0000] {dag.py:3089} INFO - Sync 1 DAGs
[2024-08-17T23:42:20.038+0000] {logging_mixin.py:188} INFO - [2024-08-17T23:42:20.036+0000] {dag.py:3947} INFO - Setting next_dagrun for weather_etl_dag to 2024-08-17 00:00:00+00:00, run_after=2024-08-18 00:00:00+00:00
[2024-08-17T23:42:20.109+0000] {processor.py:183} INFO - Processing /opt/airflow/dags/weather_etl_dag.py took 0.565 seconds
[2024-08-17T23:52:21.017+0000] {processor.py:161} INFO - Started process (PID=6436) to work on /opt/airflow/dags/weather_etl_dag.py
[2024-08-17T23:52:21.018+0000] {processor.py:830} INFO - Processing file /opt/airflow/dags/weather_etl_dag.py for tasks to queue
[2024-08-17T23:52:21.019+0000] {logging_mixin.py:188} INFO - [2024-08-17T23:52:21.018+0000] {dagbag.py:545} INFO - Filling up the DagBag from /opt/airflow/dags/weather_etl_dag.py
[2024-08-17T23:52:21.311+0000] {processor.py:840} INFO - DAG(s) 'weather_etl_dag' retrieved from /opt/airflow/dags/weather_etl_dag.py
[2024-08-17T23:52:21.337+0000] {logging_mixin.py:188} INFO - [2024-08-17T23:52:21.336+0000] {dag.py:3089} INFO - Sync 1 DAGs
[2024-08-17T23:52:21.355+0000] {logging_mixin.py:188} INFO - [2024-08-17T23:52:21.355+0000] {dag.py:3947} INFO - Setting next_dagrun for weather_etl_dag to 2024-08-17 00:00:00+00:00, run_after=2024-08-18 00:00:00+00:00
[2024-08-17T23:52:21.416+0000] {processor.py:183} INFO - Processing /opt/airflow/dags/weather_etl_dag.py took 0.405 seconds
