[2024-08-14T04:40:45.662+0000] {local_task_job_runner.py:120} INFO - ::group::Pre task execution logs
[2024-08-14T04:40:45.912+0000] {taskinstance.py:2076} INFO - Dependencies all met for dep_context=non-requeueable deps ti=<TaskInstance: weather_etl_dag.fetch_weather_data manual__2024-08-14T04:39:50.483167+00:00 [queued]>
[2024-08-14T04:40:45.929+0000] {taskinstance.py:2076} INFO - Dependencies all met for dep_context=requeueable deps ti=<TaskInstance: weather_etl_dag.fetch_weather_data manual__2024-08-14T04:39:50.483167+00:00 [queued]>
[2024-08-14T04:40:45.931+0000] {taskinstance.py:2306} INFO - Starting attempt 1 of 2
[2024-08-14T04:40:46.068+0000] {taskinstance.py:2330} INFO - Executing <Task(PythonOperator): fetch_weather_data> on 2024-08-14 04:39:50.483167+00:00
[2024-08-14T04:40:46.075+0000] {warnings.py:112} WARNING - /home/***/.local/lib/python3.12/site-packages/***/task/task_runner/standard_task_runner.py:62: DeprecationWarning: This process (pid=3391) is multi-threaded, use of fork() may lead to deadlocks in the child.
  pid = os.fork()

[2024-08-14T04:40:46.077+0000] {standard_task_runner.py:64} INFO - Started process 3393 to run task
[2024-08-14T04:40:46.087+0000] {standard_task_runner.py:90} INFO - Running: ['***', 'tasks', 'run', 'weather_etl_dag', 'fetch_weather_data', 'manual__2024-08-14T04:39:50.483167+00:00', '--job-id', '102', '--raw', '--subdir', 'DAGS_FOLDER/weather_etl_dag.py', '--cfg-path', '/tmp/tmpgmr7n1yw']
[2024-08-14T04:40:46.090+0000] {standard_task_runner.py:91} INFO - Job 102: Subtask fetch_weather_data
[2024-08-14T04:40:46.235+0000] {task_command.py:426} INFO - Running <TaskInstance: weather_etl_dag.fetch_weather_data manual__2024-08-14T04:39:50.483167+00:00 [running]> on host 712d18ef94ea
[2024-08-14T04:40:46.618+0000] {taskinstance.py:2648} INFO - Exporting env vars: AIRFLOW_CTX_DAG_OWNER='***' AIRFLOW_CTX_DAG_ID='weather_etl_dag' AIRFLOW_CTX_TASK_ID='fetch_weather_data' AIRFLOW_CTX_EXECUTION_DATE='2024-08-14T04:39:50.483167+00:00' AIRFLOW_CTX_TRY_NUMBER='1' AIRFLOW_CTX_DAG_RUN_ID='manual__2024-08-14T04:39:50.483167+00:00'
[2024-08-14T04:40:46.620+0000] {taskinstance.py:430} INFO - ::endgroup::
[2024-08-14T04:40:46.637+0000] {logging_mixin.py:188} INFO - recuperando municipios desde xcom
[2024-08-14T04:40:46.677+0000] {logging_mixin.py:188} INFO - numero de municipios recuperados:18
[2024-08-14T04:40:46.687+0000] {logging_mixin.py:188} INFO - Datos de municipios para obtener clima:    cve_mun              nom_mun  lat_decimal  lon_decimal
0        1    AMEALCO DE BONFIL    20.186444  -100.144195
1        2      PINAL DE AMOLES    21.135302   -99.627540
2        3          ARROYO SECO    21.548036   -99.689166
3        4  CADEREYTA DE MONTES    20.695023   -99.815633
4        5                COLON    20.788326  -100.045430
[2024-08-14T04:40:46.695+0000] {logging_mixin.py:188} INFO - Haciendo solicitud a la API para lat: 20.186444, lon: -100.144195
[2024-08-14T04:40:47.359+0000] {logging_mixin.py:188} INFO - respuesta recibida:200
[2024-08-14T04:40:47.367+0000] {logging_mixin.py:188} INFO - Haciendo solicitud a la API para lat: 21.135302, lon: -99.62754
[2024-08-14T04:40:47.980+0000] {logging_mixin.py:188} INFO - respuesta recibida:200
[2024-08-14T04:40:47.985+0000] {logging_mixin.py:188} INFO - Haciendo solicitud a la API para lat: 21.548036, lon: -99.689166
[2024-08-14T04:40:48.614+0000] {logging_mixin.py:188} INFO - respuesta recibida:200
[2024-08-14T04:40:48.616+0000] {logging_mixin.py:188} INFO - Haciendo solicitud a la API para lat: 20.695023, lon: -99.815633
[2024-08-14T04:40:49.234+0000] {logging_mixin.py:188} INFO - respuesta recibida:200
[2024-08-14T04:40:49.242+0000] {logging_mixin.py:188} INFO - Haciendo solicitud a la API para lat: 20.788326, lon: -100.04543
[2024-08-14T04:40:49.844+0000] {logging_mixin.py:188} INFO - respuesta recibida:200
[2024-08-14T04:40:49.846+0000] {logging_mixin.py:188} INFO - Haciendo solicitud a la API para lat: 20.552436, lon: -100.445883
[2024-08-14T04:40:50.473+0000] {logging_mixin.py:188} INFO - respuesta recibida:200
[2024-08-14T04:40:50.483+0000] {logging_mixin.py:188} INFO - Haciendo solicitud a la API para lat: 20.665295, lon: -99.898405
[2024-08-14T04:40:51.111+0000] {logging_mixin.py:188} INFO - respuesta recibida:200
[2024-08-14T04:40:51.114+0000] {logging_mixin.py:188} INFO - Haciendo solicitud a la API para lat: 20.375244, lon: -100.274333
[2024-08-14T04:40:52.176+0000] {logging_mixin.py:188} INFO - respuesta recibida:200
[2024-08-14T04:40:52.177+0000] {logging_mixin.py:188} INFO - Haciendo solicitud a la API para lat: 21.216802, lon: -99.47291
[2024-08-14T04:40:52.871+0000] {logging_mixin.py:188} INFO - respuesta recibida:200
[2024-08-14T04:40:52.873+0000] {logging_mixin.py:188} INFO - Haciendo solicitud a la API para lat: 21.183456, lon: -99.321914
[2024-08-14T04:40:53.475+0000] {logging_mixin.py:188} INFO - respuesta recibida:200
[2024-08-14T04:40:53.491+0000] {logging_mixin.py:188} INFO - Haciendo solicitud a la API para lat: 20.60657, lon: -100.331096
[2024-08-14T04:40:54.161+0000] {logging_mixin.py:188} INFO - respuesta recibida:200
[2024-08-14T04:40:54.164+0000] {logging_mixin.py:188} INFO - Haciendo solicitud a la API para lat: 20.502494, lon: -100.14473
[2024-08-14T04:40:54.793+0000] {logging_mixin.py:188} INFO - respuesta recibida:200
[2024-08-14T04:40:54.795+0000] {logging_mixin.py:188} INFO - Haciendo solicitud a la API para lat: 21.053631, lon: -99.814526
[2024-08-14T04:40:55.416+0000] {logging_mixin.py:188} INFO - respuesta recibida:200
[2024-08-14T04:40:55.418+0000] {logging_mixin.py:188} INFO - Haciendo solicitud a la API para lat: 20.593391, lon: -100.389957
[2024-08-14T04:40:56.025+0000] {logging_mixin.py:188} INFO - respuesta recibida:200
[2024-08-14T04:40:56.027+0000] {logging_mixin.py:188} INFO - Haciendo solicitud a la API para lat: 20.916061, lon: -99.566359
[2024-08-14T04:40:56.644+0000] {logging_mixin.py:188} INFO - respuesta recibida:200
[2024-08-14T04:40:56.647+0000] {logging_mixin.py:188} INFO - Haciendo solicitud a la API para lat: 20.386441, lon: -99.999631
[2024-08-14T04:40:57.324+0000] {logging_mixin.py:188} INFO - respuesta recibida:200
[2024-08-14T04:40:57.326+0000] {logging_mixin.py:188} INFO - Haciendo solicitud a la API para lat: 20.518817, lon: -99.88384
[2024-08-14T04:40:58.003+0000] {logging_mixin.py:188} INFO - respuesta recibida:200
[2024-08-14T04:40:58.011+0000] {logging_mixin.py:188} INFO - Haciendo solicitud a la API para lat: 20.908149, lon: -99.9308
[2024-08-14T04:40:58.712+0000] {logging_mixin.py:188} INFO - respuesta recibida:200
[2024-08-14T04:40:58.718+0000] {logging_mixin.py:188} INFO - Pronosticos obtenidos:18
[2024-08-14T04:40:59.830+0000] {python.py:237} INFO - Done. Returned value was: None
[2024-08-14T04:40:59.839+0000] {taskinstance.py:441} INFO - ::group::Post task execution logs
[2024-08-14T04:40:59.868+0000] {taskinstance.py:1206} INFO - Marking task as SUCCESS. dag_id=weather_etl_dag, task_id=fetch_weather_data, run_id=manual__2024-08-14T04:39:50.483167+00:00, execution_date=20240814T043950, start_date=20240814T044045, end_date=20240814T044059
[2024-08-14T04:41:00.033+0000] {local_task_job_runner.py:243} INFO - Task exited with return code 0
[2024-08-14T04:41:00.095+0000] {taskinstance.py:3503} INFO - 1 downstream tasks scheduled from follow-on schedule check
[2024-08-14T04:41:00.135+0000] {local_task_job_runner.py:222} INFO - ::endgroup::
