[2024-09-05T00:37:11.111+0000] {local_task_job_runner.py:123} INFO - ::group::Pre task execution logs
[2024-09-05T00:37:11.178+0000] {taskinstance.py:2603} INFO - Dependencies all met for dep_context=non-requeueable deps ti=<TaskInstance: weather_etl_dag.fetch_weather_data scheduled__2024-08-07T00:00:00+00:00 [queued]>
[2024-09-05T00:37:11.196+0000] {taskinstance.py:2603} INFO - Dependencies all met for dep_context=requeueable deps ti=<TaskInstance: weather_etl_dag.fetch_weather_data scheduled__2024-08-07T00:00:00+00:00 [queued]>
[2024-09-05T00:37:11.198+0000] {taskinstance.py:2856} INFO - Starting attempt 1 of 2
[2024-09-05T00:37:11.295+0000] {taskinstance.py:2879} INFO - Executing <Task(PythonOperator): fetch_weather_data> on 2024-08-07 00:00:00+00:00
[2024-09-05T00:37:11.301+0000] {warnings.py:112} WARNING - /usr/local/lib/python3.12/site-packages/***/task/task_runner/standard_task_runner.py:70: DeprecationWarning: This process (pid=372) is multi-threaded, use of fork() may lead to deadlocks in the child.
  pid = os.fork()

[2024-09-05T00:37:11.308+0000] {standard_task_runner.py:72} INFO - Started process 377 to run task
[2024-09-05T00:37:11.305+0000] {standard_task_runner.py:104} INFO - Running: ['***', 'tasks', 'run', 'weather_etl_dag', 'fetch_weather_data', 'scheduled__2024-08-07T00:00:00+00:00', '--job-id', '46', '--raw', '--subdir', 'DAGS_FOLDER/weather_etl_dag.py', '--cfg-path', '/tmp/tmpo5igka11']
[2024-09-05T00:37:11.309+0000] {standard_task_runner.py:105} INFO - Job 46: Subtask fetch_weather_data
[2024-09-05T00:37:11.409+0000] {task_command.py:467} INFO - Running <TaskInstance: weather_etl_dag.fetch_weather_data scheduled__2024-08-07T00:00:00+00:00 [running]> on host b778581f4b0f
[2024-09-05T00:37:11.871+0000] {taskinstance.py:3122} INFO - Exporting env vars: AIRFLOW_CTX_DAG_OWNER='***' AIRFLOW_CTX_DAG_ID='weather_etl_dag' AIRFLOW_CTX_TASK_ID='fetch_weather_data' AIRFLOW_CTX_EXECUTION_DATE='2024-08-07T00:00:00+00:00' AIRFLOW_CTX_TRY_NUMBER='1' AIRFLOW_CTX_DAG_RUN_ID='scheduled__2024-08-07T00:00:00+00:00'
[2024-09-05T00:37:11.874+0000] {taskinstance.py:731} INFO - ::endgroup::
[2024-09-05T00:37:11.901+0000] {logging_mixin.py:190} INFO - Recuperando municipios desde XCom
[2024-09-05T00:37:12.038+0000] {logging_mixin.py:190} INFO - Número de municipios recuperados: 18
[2024-09-05T00:37:12.074+0000] {logging_mixin.py:190} INFO - Datos de municipios para obtener clima:    cve_mun              nom_mun  lat_decimal  lon_decimal
0        1    AMEALCO DE BONFIL    20.186444  -100.144195
1        2      PINAL DE AMOLES    21.135302   -99.627540
2        3          ARROYO SECO    21.548036   -99.689166
3        4  CADEREYTA DE MONTES    20.695023   -99.815633
4        5                COLON    20.788326  -100.045430
[2024-09-05T00:37:12.129+0000] {logging_mixin.py:190} INFO - Haciendo solicitud a la API para lat: 20.186444, lon: -100.144195
[2024-09-05T00:37:12.737+0000] {logging_mixin.py:190} INFO - Respuesta recibida: 200
[2024-09-05T00:37:12.740+0000] {logging_mixin.py:190} INFO - Haciendo solicitud a la API para lat: 21.135302, lon: -99.62754
[2024-09-05T00:37:13.360+0000] {logging_mixin.py:190} INFO - Respuesta recibida: 200
[2024-09-05T00:37:13.372+0000] {logging_mixin.py:190} INFO - Haciendo solicitud a la API para lat: 21.548036, lon: -99.689166
[2024-09-05T00:37:14.070+0000] {logging_mixin.py:190} INFO - Respuesta recibida: 200
[2024-09-05T00:37:14.498+0000] {logging_mixin.py:190} INFO - Haciendo solicitud a la API para lat: 20.695023, lon: -99.815633
[2024-09-05T00:37:15.128+0000] {logging_mixin.py:190} INFO - Respuesta recibida: 200
[2024-09-05T00:37:15.129+0000] {logging_mixin.py:190} INFO - Haciendo solicitud a la API para lat: 20.788326, lon: -100.04543
[2024-09-05T00:37:16.321+0000] {logging_mixin.py:190} INFO - Respuesta recibida: 200
[2024-09-05T00:37:16.323+0000] {logging_mixin.py:190} INFO - Haciendo solicitud a la API para lat: 20.552436, lon: -100.445883
[2024-09-05T00:37:19.189+0000] {logging_mixin.py:190} INFO - Respuesta recibida: 200
[2024-09-05T00:37:19.191+0000] {logging_mixin.py:190} INFO - Haciendo solicitud a la API para lat: 20.665295, lon: -99.898405
[2024-09-05T00:37:19.827+0000] {logging_mixin.py:190} INFO - Respuesta recibida: 200
[2024-09-05T00:37:19.842+0000] {logging_mixin.py:190} INFO - Haciendo solicitud a la API para lat: 20.375244, lon: -100.274333
[2024-09-05T00:37:20.512+0000] {logging_mixin.py:190} INFO - Respuesta recibida: 200
[2024-09-05T00:37:20.514+0000] {logging_mixin.py:190} INFO - Haciendo solicitud a la API para lat: 21.216802, lon: -99.47291
[2024-09-05T00:37:21.106+0000] {logging_mixin.py:190} INFO - Respuesta recibida: 200
[2024-09-05T00:37:21.108+0000] {logging_mixin.py:190} INFO - Haciendo solicitud a la API para lat: 21.183456, lon: -99.321914
[2024-09-05T00:37:22.585+0000] {logging_mixin.py:190} INFO - Respuesta recibida: 200
[2024-09-05T00:37:22.586+0000] {logging_mixin.py:190} INFO - Haciendo solicitud a la API para lat: 20.60657, lon: -100.331096
[2024-09-05T00:37:31.235+0000] {logging_mixin.py:190} INFO - Respuesta recibida: 200
[2024-09-05T00:37:31.236+0000] {logging_mixin.py:190} INFO - Haciendo solicitud a la API para lat: 20.502494, lon: -100.14473
[2024-09-05T00:37:32.850+0000] {logging_mixin.py:190} INFO - Respuesta recibida: 200
[2024-09-05T00:37:32.851+0000] {logging_mixin.py:190} INFO - Haciendo solicitud a la API para lat: 21.053631, lon: -99.814526
[2024-09-05T00:37:35.636+0000] {logging_mixin.py:190} INFO - Respuesta recibida: 200
[2024-09-05T00:37:35.638+0000] {logging_mixin.py:190} INFO - Haciendo solicitud a la API para lat: 20.593391, lon: -100.389957
[2024-09-05T00:37:37.478+0000] {logging_mixin.py:190} INFO - Respuesta recibida: 200
[2024-09-05T00:37:37.480+0000] {logging_mixin.py:190} INFO - Haciendo solicitud a la API para lat: 20.916061, lon: -99.566359
[2024-09-05T00:37:39.641+0000] {logging_mixin.py:190} INFO - Respuesta recibida: 200
[2024-09-05T00:37:39.649+0000] {logging_mixin.py:190} INFO - Haciendo solicitud a la API para lat: 20.386441, lon: -99.999631
[2024-09-05T00:37:41.132+0000] {logging_mixin.py:190} INFO - Respuesta recibida: 200
[2024-09-05T00:37:41.146+0000] {logging_mixin.py:190} INFO - Haciendo solicitud a la API para lat: 20.518817, lon: -99.88384
[2024-09-05T00:37:43.194+0000] {logging_mixin.py:190} INFO - Respuesta recibida: 200
[2024-09-05T00:37:43.198+0000] {logging_mixin.py:190} INFO - Haciendo solicitud a la API para lat: 20.908149, lon: -99.9308
[2024-09-05T00:37:44.980+0000] {logging_mixin.py:190} INFO - Respuesta recibida: 200
[2024-09-05T00:37:44.985+0000] {logging_mixin.py:190} INFO - Pronósticos obtenidos: 18
[2024-09-05T00:37:45.051+0000] {python.py:240} INFO - Done. Returned value was: None
[2024-09-05T00:37:45.062+0000] {taskinstance.py:340} INFO - ::group::Post task execution logs
[2024-09-05T00:37:45.063+0000] {taskinstance.py:352} INFO - Marking task as SUCCESS. dag_id=weather_etl_dag, task_id=fetch_weather_data, run_id=scheduled__2024-08-07T00:00:00+00:00, execution_date=20240807T000000, start_date=20240905T003711, end_date=20240905T003745
[2024-09-05T00:37:45.140+0000] {local_task_job_runner.py:261} INFO - Task exited with return code 0
[2024-09-05T00:37:45.180+0000] {taskinstance.py:3891} INFO - 1 downstream tasks scheduled from follow-on schedule check
[2024-09-05T00:37:45.260+0000] {local_task_job_runner.py:240} INFO - ::endgroup::
[2024-09-05T18:06:36.840+0000] {local_task_job_runner.py:123} INFO - ::group::Pre task execution logs
[2024-09-05T18:06:36.898+0000] {taskinstance.py:2603} INFO - Dependencies all met for dep_context=non-requeueable deps ti=<TaskInstance: weather_etl_dag.fetch_weather_data scheduled__2024-08-07T00:00:00+00:00 [queued]>
[2024-09-05T18:06:36.912+0000] {taskinstance.py:2603} INFO - Dependencies all met for dep_context=requeueable deps ti=<TaskInstance: weather_etl_dag.fetch_weather_data scheduled__2024-08-07T00:00:00+00:00 [queued]>
[2024-09-05T18:06:36.912+0000] {taskinstance.py:2856} INFO - Starting attempt 1 of 2
[2024-09-05T18:06:36.970+0000] {taskinstance.py:2879} INFO - Executing <Task(PythonOperator): fetch_weather_data> on 2024-08-07 00:00:00+00:00
[2024-09-05T18:06:36.975+0000] {warnings.py:112} WARNING - /usr/local/lib/python3.12/site-packages/***/task/task_runner/standard_task_runner.py:70: DeprecationWarning: This process (pid=415) is multi-threaded, use of fork() may lead to deadlocks in the child.
  pid = os.fork()

[2024-09-05T18:06:36.976+0000] {standard_task_runner.py:72} INFO - Started process 417 to run task
[2024-09-05T18:06:36.977+0000] {standard_task_runner.py:104} INFO - Running: ['***', 'tasks', 'run', 'weather_etl_dag', 'fetch_weather_data', 'scheduled__2024-08-07T00:00:00+00:00', '--job-id', '26', '--raw', '--subdir', 'DAGS_FOLDER/weather_etl_dag.py', '--cfg-path', '/tmp/tmpua36grz7']
[2024-09-05T18:06:36.979+0000] {standard_task_runner.py:105} INFO - Job 26: Subtask fetch_weather_data
[2024-09-05T18:06:37.132+0000] {task_command.py:467} INFO - Running <TaskInstance: weather_etl_dag.fetch_weather_data scheduled__2024-08-07T00:00:00+00:00 [running]> on host 0b8eaea5e88c
[2024-09-05T18:06:37.577+0000] {taskinstance.py:3122} INFO - Exporting env vars: AIRFLOW_CTX_DAG_OWNER='***' AIRFLOW_CTX_DAG_ID='weather_etl_dag' AIRFLOW_CTX_TASK_ID='fetch_weather_data' AIRFLOW_CTX_EXECUTION_DATE='2024-08-07T00:00:00+00:00' AIRFLOW_CTX_TRY_NUMBER='1' AIRFLOW_CTX_DAG_RUN_ID='scheduled__2024-08-07T00:00:00+00:00'
[2024-09-05T18:06:37.578+0000] {taskinstance.py:731} INFO - ::endgroup::
[2024-09-05T18:06:37.598+0000] {logging_mixin.py:190} INFO - Recuperando municipios desde XCom
[2024-09-05T18:06:37.655+0000] {logging_mixin.py:190} INFO - Número de municipios recuperados: 18
[2024-09-05T18:06:37.666+0000] {logging_mixin.py:190} INFO - Datos de municipios para obtener clima:    cve_mun              nom_mun  lat_decimal  lon_decimal
0        1    AMEALCO DE BONFIL    20.186444  -100.144195
1        2      PINAL DE AMOLES    21.135302   -99.627540
2        3          ARROYO SECO    21.548036   -99.689166
3        4  CADEREYTA DE MONTES    20.695023   -99.815633
4        5                COLON    20.788326  -100.045430
[2024-09-05T18:06:37.687+0000] {logging_mixin.py:190} INFO - Haciendo solicitud a la API para lat: 20.186444, lon: -100.144195
[2024-09-05T18:06:38.344+0000] {logging_mixin.py:190} INFO - Respuesta recibida: 200
[2024-09-05T18:06:38.346+0000] {logging_mixin.py:190} INFO - Haciendo solicitud a la API para lat: 21.135302, lon: -99.62754
[2024-09-05T18:06:38.964+0000] {logging_mixin.py:190} INFO - Respuesta recibida: 200
[2024-09-05T18:06:38.970+0000] {logging_mixin.py:190} INFO - Haciendo solicitud a la API para lat: 21.548036, lon: -99.689166
[2024-09-05T18:06:39.554+0000] {logging_mixin.py:190} INFO - Respuesta recibida: 200
[2024-09-05T18:06:39.555+0000] {logging_mixin.py:190} INFO - Haciendo solicitud a la API para lat: 20.695023, lon: -99.815633
[2024-09-05T18:06:40.173+0000] {logging_mixin.py:190} INFO - Respuesta recibida: 200
[2024-09-05T18:06:40.174+0000] {logging_mixin.py:190} INFO - Haciendo solicitud a la API para lat: 20.788326, lon: -100.04543
[2024-09-05T18:06:40.780+0000] {logging_mixin.py:190} INFO - Respuesta recibida: 200
[2024-09-05T18:06:41.823+0000] {logging_mixin.py:190} INFO - Haciendo solicitud a la API para lat: 20.552436, lon: -100.445883
[2024-09-05T18:06:42.466+0000] {logging_mixin.py:190} INFO - Respuesta recibida: 200
[2024-09-05T18:06:42.467+0000] {logging_mixin.py:190} INFO - Haciendo solicitud a la API para lat: 20.665295, lon: -99.898405
[2024-09-05T18:06:43.085+0000] {logging_mixin.py:190} INFO - Respuesta recibida: 200
[2024-09-05T18:06:43.087+0000] {logging_mixin.py:190} INFO - Haciendo solicitud a la API para lat: 20.375244, lon: -100.274333
[2024-09-05T18:06:43.715+0000] {logging_mixin.py:190} INFO - Respuesta recibida: 200
[2024-09-05T18:06:43.718+0000] {logging_mixin.py:190} INFO - Haciendo solicitud a la API para lat: 21.216802, lon: -99.47291
[2024-09-05T18:06:44.317+0000] {logging_mixin.py:190} INFO - Respuesta recibida: 200
[2024-09-05T18:06:44.338+0000] {logging_mixin.py:190} INFO - Haciendo solicitud a la API para lat: 21.183456, lon: -99.321914
[2024-09-05T18:06:44.965+0000] {logging_mixin.py:190} INFO - Respuesta recibida: 200
[2024-09-05T18:06:44.968+0000] {logging_mixin.py:190} INFO - Haciendo solicitud a la API para lat: 20.60657, lon: -100.331096
[2024-09-05T18:06:45.599+0000] {logging_mixin.py:190} INFO - Respuesta recibida: 200
[2024-09-05T18:06:45.601+0000] {logging_mixin.py:190} INFO - Haciendo solicitud a la API para lat: 20.502494, lon: -100.14473
[2024-09-05T18:06:46.186+0000] {logging_mixin.py:190} INFO - Respuesta recibida: 200
[2024-09-05T18:06:46.189+0000] {logging_mixin.py:190} INFO - Haciendo solicitud a la API para lat: 21.053631, lon: -99.814526
[2024-09-05T18:06:46.829+0000] {logging_mixin.py:190} INFO - Respuesta recibida: 200
[2024-09-05T18:06:46.832+0000] {logging_mixin.py:190} INFO - Haciendo solicitud a la API para lat: 20.593391, lon: -100.389957
[2024-09-05T18:06:47.423+0000] {logging_mixin.py:190} INFO - Respuesta recibida: 200
[2024-09-05T18:06:47.424+0000] {logging_mixin.py:190} INFO - Haciendo solicitud a la API para lat: 20.916061, lon: -99.566359
[2024-09-05T18:06:48.168+0000] {logging_mixin.py:190} INFO - Respuesta recibida: 200
[2024-09-05T18:06:48.169+0000] {logging_mixin.py:190} INFO - Haciendo solicitud a la API para lat: 20.386441, lon: -99.999631
[2024-09-05T18:06:48.759+0000] {logging_mixin.py:190} INFO - Respuesta recibida: 200
[2024-09-05T18:06:48.761+0000] {logging_mixin.py:190} INFO - Haciendo solicitud a la API para lat: 20.518817, lon: -99.88384
[2024-09-05T18:06:49.399+0000] {logging_mixin.py:190} INFO - Respuesta recibida: 200
[2024-09-05T18:06:49.402+0000] {logging_mixin.py:190} INFO - Haciendo solicitud a la API para lat: 20.908149, lon: -99.9308
[2024-09-05T18:06:49.999+0000] {logging_mixin.py:190} INFO - Respuesta recibida: 200
[2024-09-05T18:06:50.023+0000] {logging_mixin.py:190} INFO - Pronósticos obtenidos: 18
[2024-09-05T18:06:50.167+0000] {python.py:240} INFO - Done. Returned value was: None
[2024-09-05T18:06:50.275+0000] {taskinstance.py:340} INFO - ::group::Post task execution logs
[2024-09-05T18:06:50.277+0000] {taskinstance.py:352} INFO - Marking task as SUCCESS. dag_id=weather_etl_dag, task_id=fetch_weather_data, run_id=scheduled__2024-08-07T00:00:00+00:00, execution_date=20240807T000000, start_date=20240905T180636, end_date=20240905T180650
[2024-09-05T18:06:50.492+0000] {local_task_job_runner.py:261} INFO - Task exited with return code 0
[2024-09-05T18:06:50.618+0000] {taskinstance.py:3891} INFO - 1 downstream tasks scheduled from follow-on schedule check
[2024-09-05T18:06:50.686+0000] {local_task_job_runner.py:240} INFO - ::endgroup::
