[2024-09-05T00:48:33.686+0000] {local_task_job_runner.py:123} INFO - ::group::Pre task execution logs
[2024-09-05T00:48:33.714+0000] {taskinstance.py:2603} INFO - Dependencies all met for dep_context=non-requeueable deps ti=<TaskInstance: weather_etl_dag.map_sequia_indicator scheduled__2024-08-06T00:00:00+00:00 [queued]>
[2024-09-05T00:48:33.726+0000] {taskinstance.py:2603} INFO - Dependencies all met for dep_context=requeueable deps ti=<TaskInstance: weather_etl_dag.map_sequia_indicator scheduled__2024-08-06T00:00:00+00:00 [queued]>
[2024-09-05T00:48:33.728+0000] {taskinstance.py:2856} INFO - Starting attempt 1 of 2
[2024-09-05T00:48:33.790+0000] {taskinstance.py:2879} INFO - Executing <Task(PythonOperator): map_sequia_indicator> on 2024-08-06 00:00:00+00:00
[2024-09-05T00:48:33.800+0000] {warnings.py:112} WARNING - /usr/local/lib/python3.12/site-packages/***/task/task_runner/standard_task_runner.py:70: DeprecationWarning: This process (pid=932) is multi-threaded, use of fork() may lead to deadlocks in the child.
  pid = os.fork()

[2024-09-05T00:48:33.803+0000] {standard_task_runner.py:72} INFO - Started process 934 to run task
[2024-09-05T00:48:33.803+0000] {standard_task_runner.py:104} INFO - Running: ['***', 'tasks', 'run', 'weather_etl_dag', 'map_sequia_indicator', 'scheduled__2024-08-06T00:00:00+00:00', '--job-id', '109', '--raw', '--subdir', 'DAGS_FOLDER/weather_etl_dag.py', '--cfg-path', '/tmp/tmpeilt6spe']
[2024-09-05T00:48:33.808+0000] {standard_task_runner.py:105} INFO - Job 109: Subtask map_sequia_indicator
[2024-09-05T00:48:34.079+0000] {task_command.py:467} INFO - Running <TaskInstance: weather_etl_dag.map_sequia_indicator scheduled__2024-08-06T00:00:00+00:00 [running]> on host b778581f4b0f
[2024-09-05T00:48:35.546+0000] {taskinstance.py:3122} INFO - Exporting env vars: AIRFLOW_CTX_DAG_OWNER='***' AIRFLOW_CTX_DAG_ID='weather_etl_dag' AIRFLOW_CTX_TASK_ID='map_sequia_indicator' AIRFLOW_CTX_EXECUTION_DATE='2024-08-06T00:00:00+00:00' AIRFLOW_CTX_TRY_NUMBER='1' AIRFLOW_CTX_DAG_RUN_ID='scheduled__2024-08-06T00:00:00+00:00'
[2024-09-05T00:48:35.560+0000] {taskinstance.py:731} INFO - ::endgroup::
[2024-09-05T00:48:35.659+0000] {logging_mixin.py:190} INFO - Pronósticos clima antes de mapear sequía:    cve_mun            municipio fecha_pronostico indicador_sequia
0        1    Amealco De Bonfil       2024-09-04             None
1        2      Pinal De Amoles       2024-09-04             None
2        3          Arroyo Seco       2024-09-04             None
3        4  Cadereyta De Montes       2024-09-04             None
4        5                Colon       2024-09-04             None
[2024-09-05T00:48:35.754+0000] {logging_mixin.py:190} INFO - Datos de sequía para mapear:    cve_mun          nombre_mun  cve_ent               entidad       fecha valor
0        1   Amealco de Bonfil       22  Querétaro de Arteaga  2003-03-31    D0
1       10  Landa de Matamoros       22  Querétaro de Arteaga  2003-06-30    D0
2        2     Pinal de Amoles       22  Querétaro de Arteaga  2004-09-30    D0
3        3         Arroyo Seco       22  Querétaro de Arteaga  2004-09-30    D0
4        9     Jalpan de Serra       22  Querétaro de Arteaga  2004-09-30    D0
[2024-09-05T00:48:35.773+0000] {logging_mixin.py:190} INFO - Pronósticos clima después de mapear sequía:    cve_mun            municipio fecha_pronostico indicador_sequia
0        1    Amealco De Bonfil       2024-09-04               D4
1        2      Pinal De Amoles       2024-09-04               D1
2        3          Arroyo Seco       2024-09-04               D0
3        4  Cadereyta De Montes       2024-09-04               D3
4        5                Colon       2024-09-04               D4
[2024-09-05T00:48:35.884+0000] {python.py:240} INFO - Done. Returned value was: None
[2024-09-05T00:48:35.909+0000] {taskinstance.py:340} INFO - ::group::Post task execution logs
[2024-09-05T00:48:35.910+0000] {taskinstance.py:352} INFO - Marking task as SUCCESS. dag_id=weather_etl_dag, task_id=map_sequia_indicator, run_id=scheduled__2024-08-06T00:00:00+00:00, execution_date=20240806T000000, start_date=20240905T004833, end_date=20240905T004835
[2024-09-05T00:48:36.045+0000] {local_task_job_runner.py:261} INFO - Task exited with return code 0
[2024-09-05T00:48:36.084+0000] {taskinstance.py:3891} INFO - 1 downstream tasks scheduled from follow-on schedule check
[2024-09-05T00:48:36.131+0000] {local_task_job_runner.py:240} INFO - ::endgroup::
[2024-09-05T18:16:35.956+0000] {local_task_job_runner.py:123} INFO - ::group::Pre task execution logs
[2024-09-05T18:16:36.136+0000] {taskinstance.py:2603} INFO - Dependencies all met for dep_context=non-requeueable deps ti=<TaskInstance: weather_etl_dag.map_sequia_indicator scheduled__2024-08-06T00:00:00+00:00 [queued]>
[2024-09-05T18:16:36.182+0000] {taskinstance.py:2603} INFO - Dependencies all met for dep_context=requeueable deps ti=<TaskInstance: weather_etl_dag.map_sequia_indicator scheduled__2024-08-06T00:00:00+00:00 [queued]>
[2024-09-05T18:16:36.183+0000] {taskinstance.py:2856} INFO - Starting attempt 1 of 2
[2024-09-05T18:16:36.422+0000] {taskinstance.py:2879} INFO - Executing <Task(PythonOperator): map_sequia_indicator> on 2024-08-06 00:00:00+00:00
[2024-09-05T18:16:36.427+0000] {warnings.py:112} WARNING - /usr/local/lib/python3.12/site-packages/***/task/task_runner/standard_task_runner.py:70: DeprecationWarning: This process (pid=951) is multi-threaded, use of fork() may lead to deadlocks in the child.
  pid = os.fork()

[2024-09-05T18:16:36.445+0000] {standard_task_runner.py:72} INFO - Started process 959 to run task
[2024-09-05T18:16:36.442+0000] {standard_task_runner.py:104} INFO - Running: ['***', 'tasks', 'run', 'weather_etl_dag', 'map_sequia_indicator', 'scheduled__2024-08-06T00:00:00+00:00', '--job-id', '90', '--raw', '--subdir', 'DAGS_FOLDER/weather_etl_dag.py', '--cfg-path', '/tmp/tmp7mddcf7u']
[2024-09-05T18:16:36.446+0000] {standard_task_runner.py:105} INFO - Job 90: Subtask map_sequia_indicator
[2024-09-05T18:16:36.791+0000] {task_command.py:467} INFO - Running <TaskInstance: weather_etl_dag.map_sequia_indicator scheduled__2024-08-06T00:00:00+00:00 [running]> on host 0b8eaea5e88c
[2024-09-05T18:16:37.243+0000] {taskinstance.py:3122} INFO - Exporting env vars: AIRFLOW_CTX_DAG_OWNER='***' AIRFLOW_CTX_DAG_ID='weather_etl_dag' AIRFLOW_CTX_TASK_ID='map_sequia_indicator' AIRFLOW_CTX_EXECUTION_DATE='2024-08-06T00:00:00+00:00' AIRFLOW_CTX_TRY_NUMBER='1' AIRFLOW_CTX_DAG_RUN_ID='scheduled__2024-08-06T00:00:00+00:00'
[2024-09-05T18:16:37.244+0000] {taskinstance.py:731} INFO - ::endgroup::
[2024-09-05T18:16:37.389+0000] {logging_mixin.py:190} INFO - Pronósticos clima antes de mapear sequía:    cve_mun            municipio fecha_pronostico indicador_sequia
0        1    Amealco De Bonfil       2024-09-05             None
1        2      Pinal De Amoles       2024-09-05             None
2        3          Arroyo Seco       2024-09-05             None
3        4  Cadereyta De Montes       2024-09-05             None
4        5                Colon       2024-09-05             None
[2024-09-05T18:16:37.400+0000] {logging_mixin.py:190} INFO - Datos de sequía para mapear:    cve_mun          nombre_mun  cve_ent               entidad       fecha valor
0        1   Amealco de Bonfil       22  Querétaro de Arteaga  2003-03-31    D0
1       10  Landa de Matamoros       22  Querétaro de Arteaga  2003-06-30    D0
2        2     Pinal de Amoles       22  Querétaro de Arteaga  2004-09-30    D0
3        3         Arroyo Seco       22  Querétaro de Arteaga  2004-09-30    D0
4        9     Jalpan de Serra       22  Querétaro de Arteaga  2004-09-30    D0
[2024-09-05T18:16:37.413+0000] {logging_mixin.py:190} INFO - Pronósticos clima después de mapear sequía:    cve_mun            municipio fecha_pronostico indicador_sequia
0        1    Amealco De Bonfil       2024-09-05               D4
1        2      Pinal De Amoles       2024-09-05               D1
2        3          Arroyo Seco       2024-09-05               D0
3        4  Cadereyta De Montes       2024-09-05               D3
4        5                Colon       2024-09-05               D4
[2024-09-05T18:16:37.488+0000] {python.py:240} INFO - Done. Returned value was: None
[2024-09-05T18:16:37.558+0000] {taskinstance.py:340} INFO - ::group::Post task execution logs
[2024-09-05T18:16:37.560+0000] {taskinstance.py:352} INFO - Marking task as SUCCESS. dag_id=weather_etl_dag, task_id=map_sequia_indicator, run_id=scheduled__2024-08-06T00:00:00+00:00, execution_date=20240806T000000, start_date=20240905T181636, end_date=20240905T181637
[2024-09-05T18:16:37.660+0000] {local_task_job_runner.py:261} INFO - Task exited with return code 0
[2024-09-05T18:16:37.701+0000] {local_task_job_runner.py:240} INFO - ::endgroup::
