[2024-08-15T00:02:09.934+0000] {local_task_job_runner.py:120} INFO - ::group::Pre task execution logs
[2024-08-15T00:02:10.595+0000] {taskinstance.py:2076} INFO - Dependencies all met for dep_context=non-requeueable deps ti=<TaskInstance: weather_etl_dag.translate_and_clean_data scheduled__2024-08-14T00:00:00+00:00 [queued]>
[2024-08-15T00:02:10.630+0000] {taskinstance.py:2076} INFO - Dependencies all met for dep_context=requeueable deps ti=<TaskInstance: weather_etl_dag.translate_and_clean_data scheduled__2024-08-14T00:00:00+00:00 [queued]>
[2024-08-15T00:02:11.028+0000] {taskinstance.py:2306} INFO - Starting attempt 1 of 2
[2024-08-15T00:02:11.416+0000] {taskinstance.py:2330} INFO - Executing <Task(PythonOperator): translate_and_clean_data> on 2024-08-14 00:00:00+00:00
[2024-08-15T00:02:11.423+0000] {warnings.py:112} WARNING - /home/***/.local/lib/python3.12/site-packages/***/task/task_runner/standard_task_runner.py:62: DeprecationWarning: This process (pid=1674) is multi-threaded, use of fork() may lead to deadlocks in the child.
  pid = os.fork()

[2024-08-15T00:02:11.437+0000] {standard_task_runner.py:64} INFO - Started process 1676 to run task
[2024-08-15T00:02:11.434+0000] {standard_task_runner.py:90} INFO - Running: ['***', 'tasks', 'run', 'weather_etl_dag', 'translate_and_clean_data', 'scheduled__2024-08-14T00:00:00+00:00', '--job-id', '158', '--raw', '--subdir', 'DAGS_FOLDER/weather_etl_dag.py', '--cfg-path', '/tmp/tmp7dnnucff']
[2024-08-15T00:02:11.442+0000] {standard_task_runner.py:91} INFO - Job 158: Subtask translate_and_clean_data
[2024-08-15T00:02:11.597+0000] {task_command.py:426} INFO - Running <TaskInstance: weather_etl_dag.translate_and_clean_data scheduled__2024-08-14T00:00:00+00:00 [running]> on host 6da407953da9
[2024-08-15T00:02:11.953+0000] {taskinstance.py:2648} INFO - Exporting env vars: AIRFLOW_CTX_DAG_OWNER='***' AIRFLOW_CTX_DAG_ID='weather_etl_dag' AIRFLOW_CTX_TASK_ID='translate_and_clean_data' AIRFLOW_CTX_EXECUTION_DATE='2024-08-14T00:00:00+00:00' AIRFLOW_CTX_TRY_NUMBER='1' AIRFLOW_CTX_DAG_RUN_ID='scheduled__2024-08-14T00:00:00+00:00'
[2024-08-15T00:02:11.954+0000] {taskinstance.py:430} INFO - ::endgroup::
[2024-08-15T00:02:12.010+0000] {logging_mixin.py:188} INFO - recuperando dataframe de pronosticos desde xcom
[2024-08-15T00:02:12.195+0000] {logging_mixin.py:188} INFO - numero de registros en pronosticos:18
[2024-08-15T00:02:12.297+0000] {logging_mixin.py:188} INFO - Pronósticos antes de limpiar y traducir:    cve_mun            municipio  ... wind_kph  humidity
0        1    AMEALCO DE BONFIL  ...     18.7        77
1        2      PINAL DE AMOLES  ...     20.2        74
2        3          ARROYO SECO  ...     15.5        83
3        4  CADEREYTA DE MONTES  ...     15.8        77
4        5                COLON  ...     20.2        74

[5 rows x 10 columns]
[2024-08-15T00:03:11.354+0000] {logging_mixin.py:188} INFO - Pronósticos después de limpiar y traducir:    cve_mun            municipio  ... viento_kph  humedad
0        1    Amealco De Bonfil  ...       18.7       77
1        2      Pinal De Amoles  ...       20.2       74
2        3          Arroyo Seco  ...       15.5       83
3        4  Cadereyta De Montes  ...       15.8       77
4        5                Colon  ...       20.2       74

[5 rows x 10 columns]
[2024-08-15T00:03:11.475+0000] {python.py:237} INFO - Done. Returned value was: None
[2024-08-15T00:03:11.476+0000] {taskinstance.py:441} INFO - ::group::Post task execution logs
[2024-08-15T00:03:11.491+0000] {taskinstance.py:1206} INFO - Marking task as SUCCESS. dag_id=weather_etl_dag, task_id=translate_and_clean_data, run_id=scheduled__2024-08-14T00:00:00+00:00, execution_date=20240814T000000, start_date=20240815T000210, end_date=20240815T000311
[2024-08-15T00:03:11.683+0000] {local_task_job_runner.py:243} INFO - Task exited with return code 0
[2024-08-15T00:03:11.713+0000] {taskinstance.py:3503} INFO - 1 downstream tasks scheduled from follow-on schedule check
[2024-08-15T00:03:11.753+0000] {local_task_job_runner.py:222} INFO - ::endgroup::
[2024-09-05T00:44:43.415+0000] {local_task_job_runner.py:123} INFO - ::group::Pre task execution logs
[2024-09-05T00:44:43.499+0000] {taskinstance.py:2603} INFO - Dependencies all met for dep_context=non-requeueable deps ti=<TaskInstance: weather_etl_dag.translate_and_clean_data scheduled__2024-08-14T00:00:00+00:00 [queued]>
[2024-09-05T00:44:43.517+0000] {taskinstance.py:2603} INFO - Dependencies all met for dep_context=requeueable deps ti=<TaskInstance: weather_etl_dag.translate_and_clean_data scheduled__2024-08-14T00:00:00+00:00 [queued]>
[2024-09-05T00:44:43.519+0000] {taskinstance.py:2856} INFO - Starting attempt 1 of 2
[2024-09-05T00:44:43.836+0000] {taskinstance.py:2879} INFO - Executing <Task(PythonOperator): translate_and_clean_data> on 2024-08-14 00:00:00+00:00
[2024-09-05T00:44:43.842+0000] {warnings.py:112} WARNING - /usr/local/lib/python3.12/site-packages/***/task/task_runner/standard_task_runner.py:70: DeprecationWarning: This process (pid=620) is multi-threaded, use of fork() may lead to deadlocks in the child.
  pid = os.fork()

[2024-09-05T00:44:43.844+0000] {standard_task_runner.py:72} INFO - Started process 622 to run task
[2024-09-05T00:44:43.845+0000] {standard_task_runner.py:104} INFO - Running: ['***', 'tasks', 'run', 'weather_etl_dag', 'translate_and_clean_data', 'scheduled__2024-08-14T00:00:00+00:00', '--job-id', '69', '--raw', '--subdir', 'DAGS_FOLDER/weather_etl_dag.py', '--cfg-path', '/tmp/tmpx5ozcz13']
[2024-09-05T00:44:43.848+0000] {standard_task_runner.py:105} INFO - Job 69: Subtask translate_and_clean_data
[2024-09-05T00:44:43.991+0000] {task_command.py:467} INFO - Running <TaskInstance: weather_etl_dag.translate_and_clean_data scheduled__2024-08-14T00:00:00+00:00 [running]> on host b778581f4b0f
[2024-09-05T00:44:44.321+0000] {taskinstance.py:3122} INFO - Exporting env vars: AIRFLOW_CTX_DAG_OWNER='***' AIRFLOW_CTX_DAG_ID='weather_etl_dag' AIRFLOW_CTX_TASK_ID='translate_and_clean_data' AIRFLOW_CTX_EXECUTION_DATE='2024-08-14T00:00:00+00:00' AIRFLOW_CTX_TRY_NUMBER='1' AIRFLOW_CTX_DAG_RUN_ID='scheduled__2024-08-14T00:00:00+00:00'
[2024-09-05T00:44:44.323+0000] {taskinstance.py:731} INFO - ::endgroup::
[2024-09-05T00:44:44.337+0000] {logging_mixin.py:190} INFO - Recuperando DataFrame de pronósticos desde XCom
[2024-09-05T00:44:44.387+0000] {logging_mixin.py:190} INFO - Número de registros en pronósticos: 18
[2024-09-05T00:44:44.409+0000] {logging_mixin.py:190} INFO - Pronósticos antes de limpiar y traducir:    cve_mun            municipio  ... wind_kph  humidity
0        1    AMEALCO DE BONFIL  ...     16.9        77
1        2      PINAL DE AMOLES  ...     19.8        77
2        3          ARROYO SECO  ...     19.1        82
3        4  CADEREYTA DE MONTES  ...     16.2        78
4        5                COLON  ...     19.8        77

[5 rows x 10 columns]
[2024-09-05T00:45:41.883+0000] {logging_mixin.py:190} INFO - Pronósticos después de limpiar y traducir:    cve_mun            municipio  ... viento_kph  humedad
0        1    Amealco De Bonfil  ...       16.9       77
1        2      Pinal De Amoles  ...       19.8       77
2        3          Arroyo Seco  ...       19.1       82
3        4  Cadereyta De Montes  ...       16.2       78
4        5                Colon  ...       19.8       77

[5 rows x 10 columns]
[2024-09-05T00:45:41.955+0000] {python.py:240} INFO - Done. Returned value was: None
[2024-09-05T00:45:41.967+0000] {taskinstance.py:340} INFO - ::group::Post task execution logs
[2024-09-05T00:45:41.968+0000] {taskinstance.py:352} INFO - Marking task as SUCCESS. dag_id=weather_etl_dag, task_id=translate_and_clean_data, run_id=scheduled__2024-08-14T00:00:00+00:00, execution_date=20240814T000000, start_date=20240905T004443, end_date=20240905T004541
[2024-09-05T00:45:42.063+0000] {local_task_job_runner.py:261} INFO - Task exited with return code 0
[2024-09-05T00:45:42.102+0000] {taskinstance.py:3891} INFO - 1 downstream tasks scheduled from follow-on schedule check
[2024-09-05T00:45:42.194+0000] {local_task_job_runner.py:240} INFO - ::endgroup::
[2024-09-05T18:14:44.265+0000] {local_task_job_runner.py:123} INFO - ::group::Pre task execution logs
[2024-09-05T18:14:44.339+0000] {taskinstance.py:2593} INFO - Dependencies not met for <TaskInstance: weather_etl_dag.translate_and_clean_data scheduled__2024-08-14T00:00:00+00:00 [skipped]>, dependency 'Task Instance State' FAILED: Task is in the 'skipped' state.
[2024-09-05T18:14:44.398+0000] {local_task_job_runner.py:166} INFO - Task is not able to be run
