[2024-08-14T04:33:59.393+0000] {local_task_job_runner.py:120} INFO - ::group::Pre task execution logs
[2024-08-14T04:33:59.587+0000] {taskinstance.py:2076} INFO - Dependencies all met for dep_context=non-requeueable deps ti=<TaskInstance: weather_etl_dag.map_sequia_indicator manual__2024-08-14T04:31:22.695827+00:00 [queued]>
[2024-08-14T04:33:59.598+0000] {taskinstance.py:2076} INFO - Dependencies all met for dep_context=requeueable deps ti=<TaskInstance: weather_etl_dag.map_sequia_indicator manual__2024-08-14T04:31:22.695827+00:00 [queued]>
[2024-08-14T04:33:59.600+0000] {taskinstance.py:2306} INFO - Starting attempt 1 of 2
[2024-08-14T04:33:59.671+0000] {taskinstance.py:2330} INFO - Executing <Task(PythonOperator): map_sequia_indicator> on 2024-08-14 04:31:22.695827+00:00
[2024-08-14T04:33:59.684+0000] {standard_task_runner.py:90} INFO - Running: ['***', 'tasks', 'run', 'weather_etl_dag', 'map_sequia_indicator', 'manual__2024-08-14T04:31:22.695827+00:00', '--job-id', '87', '--raw', '--subdir', 'DAGS_FOLDER/weather_etl_dag.py', '--cfg-path', '/tmp/tmpisrs6kc0']
[2024-08-14T04:33:59.697+0000] {warnings.py:112} WARNING - /home/***/.local/lib/python3.12/site-packages/***/task/task_runner/standard_task_runner.py:62: DeprecationWarning: This process (pid=2873) is multi-threaded, use of fork() may lead to deadlocks in the child.
  pid = os.fork()

[2024-08-14T04:33:59.709+0000] {standard_task_runner.py:91} INFO - Job 87: Subtask map_sequia_indicator
[2024-08-14T04:33:59.710+0000] {standard_task_runner.py:64} INFO - Started process 2875 to run task
[2024-08-14T04:33:59.803+0000] {task_command.py:426} INFO - Running <TaskInstance: weather_etl_dag.map_sequia_indicator manual__2024-08-14T04:31:22.695827+00:00 [running]> on host 712d18ef94ea
[2024-08-14T04:33:59.992+0000] {taskinstance.py:2648} INFO - Exporting env vars: AIRFLOW_CTX_DAG_OWNER='***' AIRFLOW_CTX_DAG_ID='weather_etl_dag' AIRFLOW_CTX_TASK_ID='map_sequia_indicator' AIRFLOW_CTX_EXECUTION_DATE='2024-08-14T04:31:22.695827+00:00' AIRFLOW_CTX_TRY_NUMBER='1' AIRFLOW_CTX_DAG_RUN_ID='manual__2024-08-14T04:31:22.695827+00:00'
[2024-08-14T04:33:59.995+0000] {taskinstance.py:430} INFO - ::endgroup::
[2024-08-14T04:34:00.072+0000] {logging_mixin.py:188} INFO - Pronósticos clima antes de mapear sequía:    cve_mun          municipio fecha_pronostico indicador_sequia
0        1  Amealco De Bonfil       2024-08-13               D4
1        1  Amealco De Bonfil       2024-08-13               D4
2        2    Pinal De Amoles       2024-08-13               D1
3        2    Pinal De Amoles       2024-08-13               D1
4        3        Arroyo Seco       2024-08-13               D0
[2024-08-14T04:34:00.078+0000] {logging_mixin.py:188} INFO - Datos de sequía para mapear:    cve_mun          nombre_mun  cve_ent               entidad       fecha valor
0        1   Amealco de Bonfil       22  Querétaro de Arteaga  2003-03-31    D0
1       10  Landa de Matamoros       22  Querétaro de Arteaga  2003-06-30    D0
2        2     Pinal de Amoles       22  Querétaro de Arteaga  2004-09-30    D0
3        3         Arroyo Seco       22  Querétaro de Arteaga  2004-09-30    D0
4        9     Jalpan de Serra       22  Querétaro de Arteaga  2004-09-30    D0
[2024-08-14T04:34:00.089+0000] {logging_mixin.py:188} INFO - Pronósticos clima después de mapear sequía:    cve_mun          municipio fecha_pronostico indicador_sequia
0        1  Amealco De Bonfil       2024-08-13               D4
1        1  Amealco De Bonfil       2024-08-13               D4
2        2    Pinal De Amoles       2024-08-13               D1
3        2    Pinal De Amoles       2024-08-13               D1
4        3        Arroyo Seco       2024-08-13               D0
[2024-08-14T04:34:00.219+0000] {python.py:237} INFO - Done. Returned value was: None
[2024-08-14T04:34:00.221+0000] {taskinstance.py:441} INFO - ::group::Post task execution logs
[2024-08-14T04:34:00.242+0000] {taskinstance.py:1206} INFO - Marking task as SUCCESS. dag_id=weather_etl_dag, task_id=map_sequia_indicator, run_id=manual__2024-08-14T04:31:22.695827+00:00, execution_date=20240814T043122, start_date=20240814T043359, end_date=20240814T043400
[2024-08-14T04:34:00.369+0000] {local_task_job_runner.py:243} INFO - Task exited with return code 0
[2024-08-14T04:34:00.400+0000] {taskinstance.py:3503} INFO - 1 downstream tasks scheduled from follow-on schedule check
[2024-08-14T04:34:00.438+0000] {local_task_job_runner.py:222} INFO - ::endgroup::
