[2024-08-17T14:43:59.094+0000] {local_task_job_runner.py:120} INFO - ::group::Pre task execution logs
[2024-08-17T14:43:59.671+0000] {taskinstance.py:2076} INFO - Dependencies all met for dep_context=non-requeueable deps ti=<TaskInstance: weather_etl_dag.update_sequia_indicator scheduled__2024-08-15T00:00:00+00:00 [queued]>
[2024-08-17T14:43:59.705+0000] {taskinstance.py:2076} INFO - Dependencies all met for dep_context=requeueable deps ti=<TaskInstance: weather_etl_dag.update_sequia_indicator scheduled__2024-08-15T00:00:00+00:00 [queued]>
[2024-08-17T14:43:59.716+0000] {taskinstance.py:2306} INFO - Starting attempt 1 of 2
[2024-08-17T14:44:00.341+0000] {taskinstance.py:2330} INFO - Executing <Task(PythonOperator): update_sequia_indicator> on 2024-08-15 00:00:00+00:00
[2024-08-17T14:44:00.369+0000] {warnings.py:112} WARNING - /home/***/.local/lib/python3.12/site-packages/***/task/task_runner/standard_task_runner.py:62: DeprecationWarning: This process (pid=564) is multi-threaded, use of fork() may lead to deadlocks in the child.
  pid = os.fork()

[2024-08-17T14:44:00.371+0000] {standard_task_runner.py:64} INFO - Started process 568 to run task
[2024-08-17T14:44:00.372+0000] {standard_task_runner.py:90} INFO - Running: ['***', 'tasks', 'run', 'weather_etl_dag', 'update_sequia_indicator', 'scheduled__2024-08-15T00:00:00+00:00', '--job-id', '180', '--raw', '--subdir', 'DAGS_FOLDER/weather_etl_dag.py', '--cfg-path', '/tmp/tmphp9p83p8']
[2024-08-17T14:44:00.374+0000] {standard_task_runner.py:91} INFO - Job 180: Subtask update_sequia_indicator
[2024-08-17T14:44:00.626+0000] {task_command.py:426} INFO - Running <TaskInstance: weather_etl_dag.update_sequia_indicator scheduled__2024-08-15T00:00:00+00:00 [running]> on host 40ce90ebbdd9
[2024-08-17T14:44:01.146+0000] {taskinstance.py:2648} INFO - Exporting env vars: AIRFLOW_CTX_DAG_OWNER='***' AIRFLOW_CTX_DAG_ID='weather_etl_dag' AIRFLOW_CTX_TASK_ID='update_sequia_indicator' AIRFLOW_CTX_EXECUTION_DATE='2024-08-15T00:00:00+00:00' AIRFLOW_CTX_TRY_NUMBER='1' AIRFLOW_CTX_DAG_RUN_ID='scheduled__2024-08-15T00:00:00+00:00'
[2024-08-17T14:44:01.159+0000] {taskinstance.py:430} INFO - ::endgroup::
[2024-08-17T14:44:01.186+0000] {logging_mixin.py:188} INFO - iniciando conexion a redshift para actualizar sequia
[2024-08-17T14:44:01.310+0000] {logging_mixin.py:188} INFO - Número de registros a actualizar en la tabla: 36
[2024-08-17T14:44:01.328+0000] {logging_mixin.py:188} INFO - Datos para actualizar en la tabla:    cve_mun            municipio fecha_pronostico indicador_sequia
0        1    Amealco De Bonfil       2024-08-17               D4
1        2      Pinal De Amoles       2024-08-17               D1
2        3          Arroyo Seco       2024-08-17               D0
3        4  Cadereyta De Montes       2024-08-17               D3
4        5                Colon       2024-08-17               D4
[2024-08-17T14:44:09.615+0000] {logging_mixin.py:188} INFO - actualizacion realizada para cve_mun: 1, fecha_pronostico:2024-08-17
[2024-08-17T14:44:19.349+0000] {logging_mixin.py:188} INFO - actualizacion realizada para cve_mun: 2, fecha_pronostico:2024-08-17
[2024-08-17T14:44:19.561+0000] {logging_mixin.py:188} INFO - actualizacion realizada para cve_mun: 3, fecha_pronostico:2024-08-17
[2024-08-17T14:44:19.747+0000] {logging_mixin.py:188} INFO - actualizacion realizada para cve_mun: 4, fecha_pronostico:2024-08-17
[2024-08-17T14:44:19.906+0000] {logging_mixin.py:188} INFO - actualizacion realizada para cve_mun: 5, fecha_pronostico:2024-08-17
[2024-08-17T14:44:20.356+0000] {logging_mixin.py:188} INFO - actualizacion realizada para cve_mun: 6, fecha_pronostico:2024-08-17
[2024-08-17T14:44:20.493+0000] {logging_mixin.py:188} INFO - actualizacion realizada para cve_mun: 7, fecha_pronostico:2024-08-17
[2024-08-17T14:44:20.616+0000] {logging_mixin.py:188} INFO - actualizacion realizada para cve_mun: 8, fecha_pronostico:2024-08-17
[2024-08-17T14:44:20.736+0000] {logging_mixin.py:188} INFO - actualizacion realizada para cve_mun: 9, fecha_pronostico:2024-08-17
[2024-08-17T14:44:20.855+0000] {logging_mixin.py:188} INFO - actualizacion realizada para cve_mun: 10, fecha_pronostico:2024-08-17
[2024-08-17T14:44:20.986+0000] {logging_mixin.py:188} INFO - actualizacion realizada para cve_mun: 11, fecha_pronostico:2024-08-17
[2024-08-17T14:44:21.114+0000] {logging_mixin.py:188} INFO - actualizacion realizada para cve_mun: 12, fecha_pronostico:2024-08-17
[2024-08-17T14:44:21.236+0000] {logging_mixin.py:188} INFO - actualizacion realizada para cve_mun: 13, fecha_pronostico:2024-08-17
[2024-08-17T14:44:21.384+0000] {logging_mixin.py:188} INFO - actualizacion realizada para cve_mun: 14, fecha_pronostico:2024-08-17
[2024-08-17T14:44:21.540+0000] {logging_mixin.py:188} INFO - actualizacion realizada para cve_mun: 15, fecha_pronostico:2024-08-17
[2024-08-17T14:44:21.682+0000] {logging_mixin.py:188} INFO - actualizacion realizada para cve_mun: 16, fecha_pronostico:2024-08-17
[2024-08-17T14:44:21.863+0000] {logging_mixin.py:188} INFO - actualizacion realizada para cve_mun: 17, fecha_pronostico:2024-08-17
[2024-08-17T14:44:22.005+0000] {logging_mixin.py:188} INFO - actualizacion realizada para cve_mun: 18, fecha_pronostico:2024-08-17
[2024-08-17T14:44:22.124+0000] {logging_mixin.py:188} INFO - actualizacion realizada para cve_mun: 1, fecha_pronostico:2024-08-17
[2024-08-17T14:44:22.263+0000] {logging_mixin.py:188} INFO - actualizacion realizada para cve_mun: 2, fecha_pronostico:2024-08-17
[2024-08-17T14:44:22.500+0000] {logging_mixin.py:188} INFO - actualizacion realizada para cve_mun: 3, fecha_pronostico:2024-08-17
[2024-08-17T14:44:22.657+0000] {logging_mixin.py:188} INFO - actualizacion realizada para cve_mun: 4, fecha_pronostico:2024-08-17
[2024-08-17T14:44:22.778+0000] {logging_mixin.py:188} INFO - actualizacion realizada para cve_mun: 5, fecha_pronostico:2024-08-17
[2024-08-17T14:44:22.913+0000] {logging_mixin.py:188} INFO - actualizacion realizada para cve_mun: 6, fecha_pronostico:2024-08-17
[2024-08-17T14:44:23.038+0000] {logging_mixin.py:188} INFO - actualizacion realizada para cve_mun: 7, fecha_pronostico:2024-08-17
[2024-08-17T14:44:23.179+0000] {logging_mixin.py:188} INFO - actualizacion realizada para cve_mun: 8, fecha_pronostico:2024-08-17
[2024-08-17T14:44:23.311+0000] {logging_mixin.py:188} INFO - actualizacion realizada para cve_mun: 9, fecha_pronostico:2024-08-17
[2024-08-17T14:44:23.431+0000] {logging_mixin.py:188} INFO - actualizacion realizada para cve_mun: 10, fecha_pronostico:2024-08-17
[2024-08-17T14:44:23.565+0000] {logging_mixin.py:188} INFO - actualizacion realizada para cve_mun: 11, fecha_pronostico:2024-08-17
[2024-08-17T14:44:23.726+0000] {logging_mixin.py:188} INFO - actualizacion realizada para cve_mun: 12, fecha_pronostico:2024-08-17
[2024-08-17T14:44:23.845+0000] {logging_mixin.py:188} INFO - actualizacion realizada para cve_mun: 13, fecha_pronostico:2024-08-17
[2024-08-17T14:44:23.991+0000] {logging_mixin.py:188} INFO - actualizacion realizada para cve_mun: 14, fecha_pronostico:2024-08-17
[2024-08-17T14:44:24.111+0000] {logging_mixin.py:188} INFO - actualizacion realizada para cve_mun: 15, fecha_pronostico:2024-08-17
[2024-08-17T14:44:24.231+0000] {logging_mixin.py:188} INFO - actualizacion realizada para cve_mun: 16, fecha_pronostico:2024-08-17
[2024-08-17T14:44:24.360+0000] {logging_mixin.py:188} INFO - actualizacion realizada para cve_mun: 17, fecha_pronostico:2024-08-17
[2024-08-17T14:44:24.488+0000] {logging_mixin.py:188} INFO - actualizacion realizada para cve_mun: 18, fecha_pronostico:2024-08-17
[2024-08-17T14:44:24.596+0000] {logging_mixin.py:188} INFO - tosdas las actualizaciones se han realizado con exito
[2024-08-17T14:44:24.597+0000] {python.py:237} INFO - Done. Returned value was: None
[2024-08-17T14:44:24.598+0000] {taskinstance.py:441} INFO - ::group::Post task execution logs
[2024-08-17T14:44:24.635+0000] {taskinstance.py:1206} INFO - Marking task as SUCCESS. dag_id=weather_etl_dag, task_id=update_sequia_indicator, run_id=scheduled__2024-08-15T00:00:00+00:00, execution_date=20240815T000000, start_date=20240817T144359, end_date=20240817T144424
[2024-08-17T14:44:24.773+0000] {local_task_job_runner.py:243} INFO - Task exited with return code 0
[2024-08-17T14:44:24.822+0000] {taskinstance.py:3503} INFO - 1 downstream tasks scheduled from follow-on schedule check
[2024-08-17T14:44:25.272+0000] {local_task_job_runner.py:222} INFO - ::endgroup::
[2024-09-05T01:00:23.122+0000] {local_task_job_runner.py:123} INFO - ::group::Pre task execution logs
[2024-09-05T01:00:23.178+0000] {taskinstance.py:2593} INFO - Dependencies not met for <TaskInstance: weather_etl_dag.update_sequia_indicator scheduled__2024-08-15T00:00:00+00:00 [up_for_retry]>, dependency 'Not In Retry Period' FAILED: Task is not ready for retry yet but will be retried automatically. Current date is 2024-09-05T01:00:23.178078+00:00 and task will be retried at 2024-09-05T01:04:34.524012+00:00.
[2024-09-05T01:00:23.249+0000] {local_task_job_runner.py:166} INFO - Task is not able to be run
