[2024-08-19T00:46:47.651+0000] {processor.py:161} INFO - Started process (PID=6055) to work on /opt/airflow/dags/weather_etl_dag.py
[2024-08-19T00:46:47.660+0000] {processor.py:830} INFO - Processing file /opt/airflow/dags/weather_etl_dag.py for tasks to queue
[2024-08-19T00:46:47.671+0000] {logging_mixin.py:188} INFO - [2024-08-19T00:46:47.671+0000] {dagbag.py:545} INFO - Filling up the DagBag from /opt/airflow/dags/weather_etl_dag.py
[2024-08-19T00:46:48.886+0000] {processor.py:840} INFO - DAG(s) 'weather_etl_dag' retrieved from /opt/airflow/dags/weather_etl_dag.py
[2024-08-19T00:46:49.036+0000] {logging_mixin.py:188} INFO - [2024-08-19T00:46:49.035+0000] {dag.py:3089} INFO - Sync 1 DAGs
[2024-08-19T00:46:49.151+0000] {logging_mixin.py:188} INFO - [2024-08-19T00:46:49.151+0000] {dag.py:3947} INFO - Setting next_dagrun for weather_etl_dag to 2024-08-18 00:00:00+00:00, run_after=2024-08-19 00:00:00+00:00
[2024-08-19T00:46:49.496+0000] {processor.py:183} INFO - Processing /opt/airflow/dags/weather_etl_dag.py took 1.863 seconds
[2024-08-19T00:56:49.738+0000] {processor.py:161} INFO - Started process (PID=6178) to work on /opt/airflow/dags/weather_etl_dag.py
[2024-08-19T00:56:49.739+0000] {processor.py:830} INFO - Processing file /opt/airflow/dags/weather_etl_dag.py for tasks to queue
[2024-08-19T00:56:49.743+0000] {logging_mixin.py:188} INFO - [2024-08-19T00:56:49.743+0000] {dagbag.py:545} INFO - Filling up the DagBag from /opt/airflow/dags/weather_etl_dag.py
[2024-08-19T00:56:50.078+0000] {processor.py:840} INFO - DAG(s) 'weather_etl_dag' retrieved from /opt/airflow/dags/weather_etl_dag.py
[2024-08-19T00:56:50.105+0000] {logging_mixin.py:188} INFO - [2024-08-19T00:56:50.104+0000] {dag.py:3089} INFO - Sync 1 DAGs
[2024-08-19T00:56:50.127+0000] {logging_mixin.py:188} INFO - [2024-08-19T00:56:50.127+0000] {dag.py:3947} INFO - Setting next_dagrun for weather_etl_dag to 2024-08-19 00:00:00+00:00, run_after=2024-08-20 00:00:00+00:00
[2024-08-19T00:56:50.178+0000] {processor.py:183} INFO - Processing /opt/airflow/dags/weather_etl_dag.py took 0.446 seconds
[2024-08-19T01:06:50.373+0000] {processor.py:161} INFO - Started process (PID=6302) to work on /opt/airflow/dags/weather_etl_dag.py
[2024-08-19T01:06:50.374+0000] {processor.py:830} INFO - Processing file /opt/airflow/dags/weather_etl_dag.py for tasks to queue
[2024-08-19T01:06:50.376+0000] {logging_mixin.py:188} INFO - [2024-08-19T01:06:50.376+0000] {dagbag.py:545} INFO - Filling up the DagBag from /opt/airflow/dags/weather_etl_dag.py
[2024-08-19T01:06:50.707+0000] {processor.py:840} INFO - DAG(s) 'weather_etl_dag' retrieved from /opt/airflow/dags/weather_etl_dag.py
[2024-08-19T01:06:50.735+0000] {logging_mixin.py:188} INFO - [2024-08-19T01:06:50.734+0000] {dag.py:3089} INFO - Sync 1 DAGs
[2024-08-19T01:06:50.758+0000] {logging_mixin.py:188} INFO - [2024-08-19T01:06:50.758+0000] {dag.py:3947} INFO - Setting next_dagrun for weather_etl_dag to 2024-08-19 00:00:00+00:00, run_after=2024-08-20 00:00:00+00:00
[2024-08-19T01:06:50.820+0000] {processor.py:183} INFO - Processing /opt/airflow/dags/weather_etl_dag.py took 0.456 seconds
[2024-08-19T01:16:51.062+0000] {processor.py:161} INFO - Started process (PID=6424) to work on /opt/airflow/dags/weather_etl_dag.py
[2024-08-19T01:16:51.064+0000] {processor.py:830} INFO - Processing file /opt/airflow/dags/weather_etl_dag.py for tasks to queue
[2024-08-19T01:16:51.067+0000] {logging_mixin.py:188} INFO - [2024-08-19T01:16:51.067+0000] {dagbag.py:545} INFO - Filling up the DagBag from /opt/airflow/dags/weather_etl_dag.py
[2024-08-19T01:16:51.445+0000] {processor.py:840} INFO - DAG(s) 'weather_etl_dag' retrieved from /opt/airflow/dags/weather_etl_dag.py
[2024-08-19T01:16:51.476+0000] {logging_mixin.py:188} INFO - [2024-08-19T01:16:51.476+0000] {dag.py:3089} INFO - Sync 1 DAGs
[2024-08-19T01:16:51.501+0000] {logging_mixin.py:188} INFO - [2024-08-19T01:16:51.501+0000] {dag.py:3947} INFO - Setting next_dagrun for weather_etl_dag to 2024-08-19 00:00:00+00:00, run_after=2024-08-20 00:00:00+00:00
[2024-08-19T01:16:51.548+0000] {processor.py:183} INFO - Processing /opt/airflow/dags/weather_etl_dag.py took 0.495 seconds
[2024-08-19T01:26:51.975+0000] {processor.py:161} INFO - Started process (PID=6550) to work on /opt/airflow/dags/weather_etl_dag.py
[2024-08-19T01:26:51.976+0000] {processor.py:830} INFO - Processing file /opt/airflow/dags/weather_etl_dag.py for tasks to queue
[2024-08-19T01:26:51.979+0000] {logging_mixin.py:188} INFO - [2024-08-19T01:26:51.978+0000] {dagbag.py:545} INFO - Filling up the DagBag from /opt/airflow/dags/weather_etl_dag.py
[2024-08-19T01:26:52.326+0000] {processor.py:840} INFO - DAG(s) 'weather_etl_dag' retrieved from /opt/airflow/dags/weather_etl_dag.py
[2024-08-19T01:26:52.355+0000] {logging_mixin.py:188} INFO - [2024-08-19T01:26:52.355+0000] {dag.py:3089} INFO - Sync 1 DAGs
[2024-08-19T01:26:52.378+0000] {logging_mixin.py:188} INFO - [2024-08-19T01:26:52.378+0000] {dag.py:3947} INFO - Setting next_dagrun for weather_etl_dag to 2024-08-19 00:00:00+00:00, run_after=2024-08-20 00:00:00+00:00
[2024-08-19T01:26:52.482+0000] {processor.py:183} INFO - Processing /opt/airflow/dags/weather_etl_dag.py took 0.515 seconds
[2024-08-19T01:36:53.057+0000] {processor.py:161} INFO - Started process (PID=6675) to work on /opt/airflow/dags/weather_etl_dag.py
[2024-08-19T01:36:53.062+0000] {processor.py:830} INFO - Processing file /opt/airflow/dags/weather_etl_dag.py for tasks to queue
[2024-08-19T01:36:53.070+0000] {logging_mixin.py:188} INFO - [2024-08-19T01:36:53.065+0000] {dagbag.py:545} INFO - Filling up the DagBag from /opt/airflow/dags/weather_etl_dag.py
[2024-08-19T01:36:53.414+0000] {processor.py:840} INFO - DAG(s) 'weather_etl_dag' retrieved from /opt/airflow/dags/weather_etl_dag.py
[2024-08-19T01:36:53.440+0000] {logging_mixin.py:188} INFO - [2024-08-19T01:36:53.440+0000] {dag.py:3089} INFO - Sync 1 DAGs
[2024-08-19T01:36:53.459+0000] {logging_mixin.py:188} INFO - [2024-08-19T01:36:53.459+0000] {dag.py:3947} INFO - Setting next_dagrun for weather_etl_dag to 2024-08-19 00:00:00+00:00, run_after=2024-08-20 00:00:00+00:00
[2024-08-19T01:36:53.514+0000] {processor.py:183} INFO - Processing /opt/airflow/dags/weather_etl_dag.py took 0.475 seconds
[2024-08-19T01:46:53.910+0000] {processor.py:161} INFO - Started process (PID=6799) to work on /opt/airflow/dags/weather_etl_dag.py
[2024-08-19T01:46:53.912+0000] {processor.py:830} INFO - Processing file /opt/airflow/dags/weather_etl_dag.py for tasks to queue
[2024-08-19T01:46:53.918+0000] {logging_mixin.py:188} INFO - [2024-08-19T01:46:53.917+0000] {dagbag.py:545} INFO - Filling up the DagBag from /opt/airflow/dags/weather_etl_dag.py
[2024-08-19T01:46:54.291+0000] {processor.py:840} INFO - DAG(s) 'weather_etl_dag' retrieved from /opt/airflow/dags/weather_etl_dag.py
[2024-08-19T01:46:54.320+0000] {logging_mixin.py:188} INFO - [2024-08-19T01:46:54.319+0000] {dag.py:3089} INFO - Sync 1 DAGs
[2024-08-19T01:46:54.341+0000] {logging_mixin.py:188} INFO - [2024-08-19T01:46:54.341+0000] {dag.py:3947} INFO - Setting next_dagrun for weather_etl_dag to 2024-08-19 00:00:00+00:00, run_after=2024-08-20 00:00:00+00:00
[2024-08-19T01:46:54.399+0000] {processor.py:183} INFO - Processing /opt/airflow/dags/weather_etl_dag.py took 0.500 seconds
[2024-08-19T01:56:55.132+0000] {processor.py:161} INFO - Started process (PID=6922) to work on /opt/airflow/dags/weather_etl_dag.py
[2024-08-19T01:56:55.147+0000] {processor.py:830} INFO - Processing file /opt/airflow/dags/weather_etl_dag.py for tasks to queue
[2024-08-19T01:56:55.154+0000] {logging_mixin.py:188} INFO - [2024-08-19T01:56:55.153+0000] {dagbag.py:545} INFO - Filling up the DagBag from /opt/airflow/dags/weather_etl_dag.py
[2024-08-19T01:56:56.551+0000] {processor.py:840} INFO - DAG(s) 'weather_etl_dag' retrieved from /opt/airflow/dags/weather_etl_dag.py
[2024-08-19T01:56:56.701+0000] {logging_mixin.py:188} INFO - [2024-08-19T01:56:56.701+0000] {dag.py:3089} INFO - Sync 1 DAGs
[2024-08-19T01:56:56.753+0000] {logging_mixin.py:188} INFO - [2024-08-19T01:56:56.753+0000] {dag.py:3947} INFO - Setting next_dagrun for weather_etl_dag to 2024-08-19 00:00:00+00:00, run_after=2024-08-20 00:00:00+00:00
[2024-08-19T01:56:57.539+0000] {processor.py:183} INFO - Processing /opt/airflow/dags/weather_etl_dag.py took 2.415 seconds
[2024-08-19T02:06:57.741+0000] {processor.py:161} INFO - Started process (PID=7045) to work on /opt/airflow/dags/weather_etl_dag.py
[2024-08-19T02:06:57.742+0000] {processor.py:830} INFO - Processing file /opt/airflow/dags/weather_etl_dag.py for tasks to queue
[2024-08-19T02:06:57.744+0000] {logging_mixin.py:188} INFO - [2024-08-19T02:06:57.744+0000] {dagbag.py:545} INFO - Filling up the DagBag from /opt/airflow/dags/weather_etl_dag.py
[2024-08-19T02:06:58.111+0000] {processor.py:840} INFO - DAG(s) 'weather_etl_dag' retrieved from /opt/airflow/dags/weather_etl_dag.py
[2024-08-19T02:06:58.140+0000] {logging_mixin.py:188} INFO - [2024-08-19T02:06:58.139+0000] {dag.py:3089} INFO - Sync 1 DAGs
[2024-08-19T02:06:58.163+0000] {logging_mixin.py:188} INFO - [2024-08-19T02:06:58.163+0000] {dag.py:3947} INFO - Setting next_dagrun for weather_etl_dag to 2024-08-19 00:00:00+00:00, run_after=2024-08-20 00:00:00+00:00
[2024-08-19T02:06:58.580+0000] {processor.py:183} INFO - Processing /opt/airflow/dags/weather_etl_dag.py took 0.845 seconds
[2024-08-19T02:16:58.757+0000] {processor.py:161} INFO - Started process (PID=7168) to work on /opt/airflow/dags/weather_etl_dag.py
[2024-08-19T02:16:58.758+0000] {processor.py:830} INFO - Processing file /opt/airflow/dags/weather_etl_dag.py for tasks to queue
[2024-08-19T02:16:58.759+0000] {logging_mixin.py:188} INFO - [2024-08-19T02:16:58.759+0000] {dagbag.py:545} INFO - Filling up the DagBag from /opt/airflow/dags/weather_etl_dag.py
[2024-08-19T02:16:59.209+0000] {processor.py:840} INFO - DAG(s) 'weather_etl_dag' retrieved from /opt/airflow/dags/weather_etl_dag.py
[2024-08-19T02:16:59.236+0000] {logging_mixin.py:188} INFO - [2024-08-19T02:16:59.235+0000] {dag.py:3089} INFO - Sync 1 DAGs
[2024-08-19T02:16:59.256+0000] {logging_mixin.py:188} INFO - [2024-08-19T02:16:59.256+0000] {dag.py:3947} INFO - Setting next_dagrun for weather_etl_dag to 2024-08-19 00:00:00+00:00, run_after=2024-08-20 00:00:00+00:00
[2024-08-19T02:16:59.320+0000] {processor.py:183} INFO - Processing /opt/airflow/dags/weather_etl_dag.py took 0.569 seconds
[2024-08-19T02:26:59.754+0000] {processor.py:161} INFO - Started process (PID=7291) to work on /opt/airflow/dags/weather_etl_dag.py
[2024-08-19T02:26:59.755+0000] {processor.py:830} INFO - Processing file /opt/airflow/dags/weather_etl_dag.py for tasks to queue
[2024-08-19T02:26:59.757+0000] {logging_mixin.py:188} INFO - [2024-08-19T02:26:59.756+0000] {dagbag.py:545} INFO - Filling up the DagBag from /opt/airflow/dags/weather_etl_dag.py
[2024-08-19T02:27:00.176+0000] {processor.py:840} INFO - DAG(s) 'weather_etl_dag' retrieved from /opt/airflow/dags/weather_etl_dag.py
[2024-08-19T02:27:00.202+0000] {logging_mixin.py:188} INFO - [2024-08-19T02:27:00.202+0000] {dag.py:3089} INFO - Sync 1 DAGs
[2024-08-19T02:27:00.308+0000] {logging_mixin.py:188} INFO - [2024-08-19T02:27:00.308+0000] {dag.py:3947} INFO - Setting next_dagrun for weather_etl_dag to 2024-08-19 00:00:00+00:00, run_after=2024-08-20 00:00:00+00:00
[2024-08-19T02:27:00.371+0000] {processor.py:183} INFO - Processing /opt/airflow/dags/weather_etl_dag.py took 0.623 seconds
[2024-08-19T02:37:01.280+0000] {processor.py:161} INFO - Started process (PID=7414) to work on /opt/airflow/dags/weather_etl_dag.py
[2024-08-19T02:37:01.281+0000] {processor.py:830} INFO - Processing file /opt/airflow/dags/weather_etl_dag.py for tasks to queue
[2024-08-19T02:37:01.283+0000] {logging_mixin.py:188} INFO - [2024-08-19T02:37:01.283+0000] {dagbag.py:545} INFO - Filling up the DagBag from /opt/airflow/dags/weather_etl_dag.py
[2024-08-19T02:37:01.566+0000] {processor.py:840} INFO - DAG(s) 'weather_etl_dag' retrieved from /opt/airflow/dags/weather_etl_dag.py
[2024-08-19T02:37:01.591+0000] {logging_mixin.py:188} INFO - [2024-08-19T02:37:01.591+0000] {dag.py:3089} INFO - Sync 1 DAGs
[2024-08-19T02:37:01.610+0000] {logging_mixin.py:188} INFO - [2024-08-19T02:37:01.610+0000] {dag.py:3947} INFO - Setting next_dagrun for weather_etl_dag to 2024-08-19 00:00:00+00:00, run_after=2024-08-20 00:00:00+00:00
[2024-08-19T02:37:01.701+0000] {processor.py:183} INFO - Processing /opt/airflow/dags/weather_etl_dag.py took 0.426 seconds
[2024-08-19T02:47:02.479+0000] {processor.py:161} INFO - Started process (PID=7538) to work on /opt/airflow/dags/weather_etl_dag.py
[2024-08-19T02:47:02.480+0000] {processor.py:830} INFO - Processing file /opt/airflow/dags/weather_etl_dag.py for tasks to queue
[2024-08-19T02:47:02.482+0000] {logging_mixin.py:188} INFO - [2024-08-19T02:47:02.481+0000] {dagbag.py:545} INFO - Filling up the DagBag from /opt/airflow/dags/weather_etl_dag.py
[2024-08-19T02:47:02.794+0000] {processor.py:840} INFO - DAG(s) 'weather_etl_dag' retrieved from /opt/airflow/dags/weather_etl_dag.py
[2024-08-19T02:47:02.826+0000] {logging_mixin.py:188} INFO - [2024-08-19T02:47:02.825+0000] {dag.py:3089} INFO - Sync 1 DAGs
[2024-08-19T02:47:02.848+0000] {logging_mixin.py:188} INFO - [2024-08-19T02:47:02.847+0000] {dag.py:3947} INFO - Setting next_dagrun for weather_etl_dag to 2024-08-19 00:00:00+00:00, run_after=2024-08-20 00:00:00+00:00
[2024-08-19T02:47:02.909+0000] {processor.py:183} INFO - Processing /opt/airflow/dags/weather_etl_dag.py took 0.436 seconds
[2024-08-19T02:57:03.132+0000] {processor.py:161} INFO - Started process (PID=7662) to work on /opt/airflow/dags/weather_etl_dag.py
[2024-08-19T02:57:03.133+0000] {processor.py:830} INFO - Processing file /opt/airflow/dags/weather_etl_dag.py for tasks to queue
[2024-08-19T02:57:03.135+0000] {logging_mixin.py:188} INFO - [2024-08-19T02:57:03.134+0000] {dagbag.py:545} INFO - Filling up the DagBag from /opt/airflow/dags/weather_etl_dag.py
[2024-08-19T02:57:03.511+0000] {processor.py:840} INFO - DAG(s) 'weather_etl_dag' retrieved from /opt/airflow/dags/weather_etl_dag.py
[2024-08-19T02:57:03.541+0000] {logging_mixin.py:188} INFO - [2024-08-19T02:57:03.540+0000] {dag.py:3089} INFO - Sync 1 DAGs
[2024-08-19T02:57:03.564+0000] {logging_mixin.py:188} INFO - [2024-08-19T02:57:03.564+0000] {dag.py:3947} INFO - Setting next_dagrun for weather_etl_dag to 2024-08-19 00:00:00+00:00, run_after=2024-08-20 00:00:00+00:00
[2024-08-19T02:57:03.625+0000] {processor.py:183} INFO - Processing /opt/airflow/dags/weather_etl_dag.py took 0.500 seconds
[2024-08-19T03:07:04.256+0000] {processor.py:161} INFO - Started process (PID=7787) to work on /opt/airflow/dags/weather_etl_dag.py
[2024-08-19T03:07:04.257+0000] {processor.py:830} INFO - Processing file /opt/airflow/dags/weather_etl_dag.py for tasks to queue
[2024-08-19T03:07:04.259+0000] {logging_mixin.py:188} INFO - [2024-08-19T03:07:04.259+0000] {dagbag.py:545} INFO - Filling up the DagBag from /opt/airflow/dags/weather_etl_dag.py
[2024-08-19T03:07:04.640+0000] {processor.py:840} INFO - DAG(s) 'weather_etl_dag' retrieved from /opt/airflow/dags/weather_etl_dag.py
[2024-08-19T03:07:04.672+0000] {logging_mixin.py:188} INFO - [2024-08-19T03:07:04.672+0000] {dag.py:3089} INFO - Sync 1 DAGs
[2024-08-19T03:07:04.694+0000] {logging_mixin.py:188} INFO - [2024-08-19T03:07:04.694+0000] {dag.py:3947} INFO - Setting next_dagrun for weather_etl_dag to 2024-08-19 00:00:00+00:00, run_after=2024-08-20 00:00:00+00:00
[2024-08-19T03:07:04.747+0000] {processor.py:183} INFO - Processing /opt/airflow/dags/weather_etl_dag.py took 0.497 seconds
[2024-08-19T03:17:04.833+0000] {processor.py:161} INFO - Started process (PID=7909) to work on /opt/airflow/dags/weather_etl_dag.py
[2024-08-19T03:17:04.834+0000] {processor.py:830} INFO - Processing file /opt/airflow/dags/weather_etl_dag.py for tasks to queue
[2024-08-19T03:17:04.837+0000] {logging_mixin.py:188} INFO - [2024-08-19T03:17:04.837+0000] {dagbag.py:545} INFO - Filling up the DagBag from /opt/airflow/dags/weather_etl_dag.py
[2024-08-19T03:17:05.339+0000] {processor.py:840} INFO - DAG(s) 'weather_etl_dag' retrieved from /opt/airflow/dags/weather_etl_dag.py
[2024-08-19T03:17:05.392+0000] {logging_mixin.py:188} INFO - [2024-08-19T03:17:05.391+0000] {dag.py:3089} INFO - Sync 1 DAGs
[2024-08-19T03:17:05.423+0000] {logging_mixin.py:188} INFO - [2024-08-19T03:17:05.423+0000] {dag.py:3947} INFO - Setting next_dagrun for weather_etl_dag to 2024-08-19 00:00:00+00:00, run_after=2024-08-20 00:00:00+00:00
[2024-08-19T03:17:05.509+0000] {processor.py:183} INFO - Processing /opt/airflow/dags/weather_etl_dag.py took 0.685 seconds
[2024-08-19T03:27:05.763+0000] {processor.py:161} INFO - Started process (PID=8031) to work on /opt/airflow/dags/weather_etl_dag.py
[2024-08-19T03:27:05.765+0000] {processor.py:830} INFO - Processing file /opt/airflow/dags/weather_etl_dag.py for tasks to queue
[2024-08-19T03:27:05.767+0000] {logging_mixin.py:188} INFO - [2024-08-19T03:27:05.766+0000] {dagbag.py:545} INFO - Filling up the DagBag from /opt/airflow/dags/weather_etl_dag.py
[2024-08-19T03:27:06.087+0000] {processor.py:840} INFO - DAG(s) 'weather_etl_dag' retrieved from /opt/airflow/dags/weather_etl_dag.py
[2024-08-19T03:27:06.115+0000] {logging_mixin.py:188} INFO - [2024-08-19T03:27:06.114+0000] {dag.py:3089} INFO - Sync 1 DAGs
[2024-08-19T03:27:06.135+0000] {logging_mixin.py:188} INFO - [2024-08-19T03:27:06.135+0000] {dag.py:3947} INFO - Setting next_dagrun for weather_etl_dag to 2024-08-19 00:00:00+00:00, run_after=2024-08-20 00:00:00+00:00
[2024-08-19T03:27:06.194+0000] {processor.py:183} INFO - Processing /opt/airflow/dags/weather_etl_dag.py took 0.437 seconds
[2024-08-19T03:37:06.460+0000] {processor.py:161} INFO - Started process (PID=8155) to work on /opt/airflow/dags/weather_etl_dag.py
[2024-08-19T03:37:06.472+0000] {processor.py:830} INFO - Processing file /opt/airflow/dags/weather_etl_dag.py for tasks to queue
[2024-08-19T03:37:06.483+0000] {logging_mixin.py:188} INFO - [2024-08-19T03:37:06.483+0000] {dagbag.py:545} INFO - Filling up the DagBag from /opt/airflow/dags/weather_etl_dag.py
[2024-08-19T03:37:07.361+0000] {processor.py:840} INFO - DAG(s) 'weather_etl_dag' retrieved from /opt/airflow/dags/weather_etl_dag.py
[2024-08-19T03:37:07.406+0000] {logging_mixin.py:188} INFO - [2024-08-19T03:37:07.405+0000] {dag.py:3089} INFO - Sync 1 DAGs
[2024-08-19T03:37:07.446+0000] {logging_mixin.py:188} INFO - [2024-08-19T03:37:07.446+0000] {dag.py:3947} INFO - Setting next_dagrun for weather_etl_dag to 2024-08-19 00:00:00+00:00, run_after=2024-08-20 00:00:00+00:00
[2024-08-19T03:37:07.581+0000] {processor.py:183} INFO - Processing /opt/airflow/dags/weather_etl_dag.py took 1.130 seconds
[2024-08-19T03:47:08.278+0000] {processor.py:161} INFO - Started process (PID=8280) to work on /opt/airflow/dags/weather_etl_dag.py
[2024-08-19T03:47:08.380+0000] {processor.py:830} INFO - Processing file /opt/airflow/dags/weather_etl_dag.py for tasks to queue
[2024-08-19T03:47:08.382+0000] {logging_mixin.py:188} INFO - [2024-08-19T03:47:08.382+0000] {dagbag.py:545} INFO - Filling up the DagBag from /opt/airflow/dags/weather_etl_dag.py
[2024-08-19T03:47:08.660+0000] {processor.py:840} INFO - DAG(s) 'weather_etl_dag' retrieved from /opt/airflow/dags/weather_etl_dag.py
[2024-08-19T03:47:08.686+0000] {logging_mixin.py:188} INFO - [2024-08-19T03:47:08.685+0000] {dag.py:3089} INFO - Sync 1 DAGs
[2024-08-19T03:47:08.704+0000] {logging_mixin.py:188} INFO - [2024-08-19T03:47:08.704+0000] {dag.py:3947} INFO - Setting next_dagrun for weather_etl_dag to 2024-08-19 00:00:00+00:00, run_after=2024-08-20 00:00:00+00:00
[2024-08-19T03:47:08.774+0000] {processor.py:183} INFO - Processing /opt/airflow/dags/weather_etl_dag.py took 0.501 seconds
[2024-08-19T03:57:09.619+0000] {processor.py:161} INFO - Started process (PID=8402) to work on /opt/airflow/dags/weather_etl_dag.py
[2024-08-19T03:57:09.620+0000] {processor.py:830} INFO - Processing file /opt/airflow/dags/weather_etl_dag.py for tasks to queue
[2024-08-19T03:57:09.631+0000] {logging_mixin.py:188} INFO - [2024-08-19T03:57:09.630+0000] {dagbag.py:545} INFO - Filling up the DagBag from /opt/airflow/dags/weather_etl_dag.py
[2024-08-19T03:57:09.967+0000] {processor.py:840} INFO - DAG(s) 'weather_etl_dag' retrieved from /opt/airflow/dags/weather_etl_dag.py
[2024-08-19T03:57:09.995+0000] {logging_mixin.py:188} INFO - [2024-08-19T03:57:09.994+0000] {dag.py:3089} INFO - Sync 1 DAGs
[2024-08-19T03:57:10.016+0000] {logging_mixin.py:188} INFO - [2024-08-19T03:57:10.016+0000] {dag.py:3947} INFO - Setting next_dagrun for weather_etl_dag to 2024-08-19 00:00:00+00:00, run_after=2024-08-20 00:00:00+00:00
[2024-08-19T03:57:10.070+0000] {processor.py:183} INFO - Processing /opt/airflow/dags/weather_etl_dag.py took 0.458 seconds
[2024-08-19T04:07:10.534+0000] {processor.py:161} INFO - Started process (PID=8522) to work on /opt/airflow/dags/weather_etl_dag.py
[2024-08-19T04:07:10.535+0000] {processor.py:830} INFO - Processing file /opt/airflow/dags/weather_etl_dag.py for tasks to queue
[2024-08-19T04:07:10.539+0000] {logging_mixin.py:188} INFO - [2024-08-19T04:07:10.538+0000] {dagbag.py:545} INFO - Filling up the DagBag from /opt/airflow/dags/weather_etl_dag.py
[2024-08-19T04:07:11.135+0000] {processor.py:840} INFO - DAG(s) 'weather_etl_dag' retrieved from /opt/airflow/dags/weather_etl_dag.py
[2024-08-19T04:07:11.177+0000] {logging_mixin.py:188} INFO - [2024-08-19T04:07:11.177+0000] {dag.py:3089} INFO - Sync 1 DAGs
[2024-08-19T04:07:11.216+0000] {logging_mixin.py:188} INFO - [2024-08-19T04:07:11.216+0000] {dag.py:3947} INFO - Setting next_dagrun for weather_etl_dag to 2024-08-19 00:00:00+00:00, run_after=2024-08-20 00:00:00+00:00
[2024-08-19T04:07:11.329+0000] {processor.py:183} INFO - Processing /opt/airflow/dags/weather_etl_dag.py took 0.803 seconds
[2024-08-19T04:17:11.930+0000] {processor.py:161} INFO - Started process (PID=8648) to work on /opt/airflow/dags/weather_etl_dag.py
[2024-08-19T04:17:11.931+0000] {processor.py:830} INFO - Processing file /opt/airflow/dags/weather_etl_dag.py for tasks to queue
[2024-08-19T04:17:11.933+0000] {logging_mixin.py:188} INFO - [2024-08-19T04:17:11.933+0000] {dagbag.py:545} INFO - Filling up the DagBag from /opt/airflow/dags/weather_etl_dag.py
[2024-08-19T04:17:12.232+0000] {processor.py:840} INFO - DAG(s) 'weather_etl_dag' retrieved from /opt/airflow/dags/weather_etl_dag.py
[2024-08-19T04:17:12.263+0000] {logging_mixin.py:188} INFO - [2024-08-19T04:17:12.263+0000] {dag.py:3089} INFO - Sync 1 DAGs
[2024-08-19T04:17:12.286+0000] {logging_mixin.py:188} INFO - [2024-08-19T04:17:12.285+0000] {dag.py:3947} INFO - Setting next_dagrun for weather_etl_dag to 2024-08-19 00:00:00+00:00, run_after=2024-08-20 00:00:00+00:00
[2024-08-19T04:17:13.094+0000] {processor.py:183} INFO - Processing /opt/airflow/dags/weather_etl_dag.py took 1.171 seconds
