[2024-09-05T00:05:28.668+0000] {local_task_job_runner.py:123} INFO - ::group::Pre task execution logs
[2024-09-05T00:05:28.740+0000] {taskinstance.py:2603} INFO - Dependencies all met for dep_context=non-requeueable deps ti=<TaskInstance: weather_etl_dag.get_municipios scheduled__2024-09-02T00:00:00+00:00 [queued]>
[2024-09-05T00:05:28.776+0000] {taskinstance.py:2603} INFO - Dependencies all met for dep_context=requeueable deps ti=<TaskInstance: weather_etl_dag.get_municipios scheduled__2024-09-02T00:00:00+00:00 [queued]>
[2024-09-05T00:05:28.778+0000] {taskinstance.py:2856} INFO - Starting attempt 1 of 2
[2024-09-05T00:05:28.849+0000] {taskinstance.py:2879} INFO - Executing <Task(PythonOperator): get_municipios> on 2024-09-02 00:00:00+00:00
[2024-09-05T00:05:28.871+0000] {standard_task_runner.py:104} INFO - Running: ['***', 'tasks', 'run', 'weather_etl_dag', 'get_municipios', 'scheduled__2024-09-02T00:00:00+00:00', '--job-id', '69', '--raw', '--subdir', 'DAGS_FOLDER/weather_etl_dag.py', '--cfg-path', '/tmp/tmptxqhd1yq']
[2024-09-05T00:05:28.856+0000] {warnings.py:112} WARNING - /usr/local/lib/python3.12/site-packages/***/task/task_runner/standard_task_runner.py:70: DeprecationWarning: This process (pid=413) is multi-threaded, use of fork() may lead to deadlocks in the child.
  pid = os.fork()

[2024-09-05T00:05:28.878+0000] {standard_task_runner.py:72} INFO - Started process 416 to run task
[2024-09-05T00:05:28.878+0000] {standard_task_runner.py:105} INFO - Job 69: Subtask get_municipios
[2024-09-05T00:05:29.060+0000] {task_command.py:467} INFO - Running <TaskInstance: weather_etl_dag.get_municipios scheduled__2024-09-02T00:00:00+00:00 [running]> on host f3059b547e1e
[2024-09-05T00:05:29.246+0000] {taskinstance.py:3122} INFO - Exporting env vars: AIRFLOW_CTX_DAG_OWNER='***' AIRFLOW_CTX_DAG_ID='weather_etl_dag' AIRFLOW_CTX_TASK_ID='get_municipios' AIRFLOW_CTX_EXECUTION_DATE='2024-09-02T00:00:00+00:00' AIRFLOW_CTX_TRY_NUMBER='1' AIRFLOW_CTX_DAG_RUN_ID='scheduled__2024-09-02T00:00:00+00:00'
[2024-09-05T00:05:29.250+0000] {taskinstance.py:731} INFO - ::endgroup::
[2024-09-05T00:05:30.036+0000] {logging_mixin.py:190} INFO - Conexión establecida con Redshift.
[2024-09-05T00:05:30.038+0000] {logging_mixin.py:190} INFO - Ejecutando la consulta SQL...
[2024-09-05T00:05:30.072+0000] {warnings.py:112} WARNING - /root/***/dags/weather_etl.py:29: UserWarning: pandas only supports SQLAlchemy connectable (engine/connection) or database string URI or sqlite3 DBAPI2 connection. Other DBAPI2 objects are not tested. Please consider using SQLAlchemy.
  df_municipios = pd.read_sql_query(query, conn)

[2024-09-05T00:05:30.211+0000] {logging_mixin.py:190} INFO - Consulta ejecutada, número de registros obtenidos: 18
[2024-09-05T00:05:30.213+0000] {logging_mixin.py:190} INFO - Conexión a Redshift cerrada
[2024-09-05T00:05:30.230+0000] {taskinstance.py:3301} ERROR - Task failed with exception
Traceback (most recent call last):
  File "/usr/local/lib/python3.12/site-packages/airflow/models/taskinstance.py", line 767, in _execute_task
    result = _execute_callable(context=context, **execute_callable_kwargs)
             ^^^^^^^^^^^^^^^^^^^^^^^^^^^^^^^^^^^^^^^^^^^^^^^^^^^^^^^^^^^^^
  File "/usr/local/lib/python3.12/site-packages/airflow/models/taskinstance.py", line 733, in _execute_callable
    return ExecutionCallableRunner(
           ^^^^^^^^^^^^^^^^^^^^^^^^
  File "/usr/local/lib/python3.12/site-packages/airflow/utils/operator_helpers.py", line 252, in run
    return self.func(*args, **kwargs)
           ^^^^^^^^^^^^^^^^^^^^^^^^^^
  File "/usr/local/lib/python3.12/site-packages/airflow/models/baseoperator.py", line 406, in wrapper
    return func(self, *args, **kwargs)
           ^^^^^^^^^^^^^^^^^^^^^^^^^^^
  File "/usr/local/lib/python3.12/site-packages/airflow/operators/python.py", line 238, in execute
    return_value = self.execute_callable()
                   ^^^^^^^^^^^^^^^^^^^^^^^
  File "/usr/local/lib/python3.12/site-packages/airflow/operators/python.py", line 256, in execute_callable
    return runner.run(*self.op_args, **self.op_kwargs)
           ^^^^^^^^^^^^^^^^^^^^^^^^^^^^^^^^^^^^^^^^^^^
  File "/usr/local/lib/python3.12/site-packages/airflow/utils/operator_helpers.py", line 252, in run
    return self.func(*args, **kwargs)
           ^^^^^^^^^^^^^^^^^^^^^^^^^^
  File "/root/airflow/dags/weather_etl.py", line 36, in get_municipios
    kwargs['ti'].xcom_push(key='df_municipios', value=df_municipios)
  File "/usr/local/lib/python3.12/site-packages/airflow/utils/session.py", line 97, in wrapper
    return func(*args, session=session, **kwargs)
           ^^^^^^^^^^^^^^^^^^^^^^^^^^^^^^^^^^^^^^
  File "/usr/local/lib/python3.12/site-packages/airflow/models/taskinstance.py", line 3629, in xcom_push
    XCom.set(
  File "/usr/local/lib/python3.12/site-packages/airflow/api_internal/internal_api_call.py", line 139, in wrapper
    return func(*args, **kwargs)
           ^^^^^^^^^^^^^^^^^^^^^
  File "/usr/local/lib/python3.12/site-packages/airflow/utils/session.py", line 94, in wrapper
    return func(*args, **kwargs)
           ^^^^^^^^^^^^^^^^^^^^^
  File "/usr/local/lib/python3.12/site-packages/airflow/models/xcom.py", line 249, in set
    value = cls.serialize_value(
            ^^^^^^^^^^^^^^^^^^^^
  File "/usr/local/lib/python3.12/site-packages/airflow/models/xcom.py", line 688, in serialize_value
    return json.dumps(value, cls=XComEncoder).encode("UTF-8")
           ^^^^^^^^^^^^^^^^^^^^^^^^^^^^^^^^^^
  File "/usr/local/lib/python3.12/json/__init__.py", line 238, in dumps
    **kw).encode(obj)
          ^^^^^^^^^^^
  File "/usr/local/lib/python3.12/site-packages/airflow/utils/json.py", line 105, in encode
    return super().encode(o)
           ^^^^^^^^^^^^^^^^^
  File "/usr/local/lib/python3.12/json/encoder.py", line 200, in encode
    chunks = self.iterencode(o, _one_shot=True)
             ^^^^^^^^^^^^^^^^^^^^^^^^^^^^^^^^^^
  File "/usr/local/lib/python3.12/json/encoder.py", line 258, in iterencode
    return _iterencode(o, 0)
           ^^^^^^^^^^^^^^^^^
  File "/usr/local/lib/python3.12/site-packages/airflow/utils/json.py", line 92, in default
    return serialize(o)
           ^^^^^^^^^^^^
  File "/usr/local/lib/python3.12/site-packages/airflow/serialization/serde.py", line 149, in serialize
    data, serialized_classname, version, is_serialized = _serializers[qn].serialize(o)
                                                         ^^^^^^^^^^^^^^^^^^^^^^^^^^^^^
  File "/usr/local/lib/python3.12/site-packages/airflow/serialization/serializers/pandas.py", line 40, in serialize
    import pyarrow as pa
ModuleNotFoundError: No module named 'pyarrow'
[2024-09-05T00:05:30.393+0000] {taskinstance.py:1225} INFO - Marking task as UP_FOR_RETRY. dag_id=weather_etl_dag, task_id=get_municipios, run_id=scheduled__2024-09-02T00:00:00+00:00, execution_date=20240902T000000, start_date=20240905T000528, end_date=20240905T000530
[2024-09-05T00:05:30.442+0000] {taskinstance.py:340} INFO - ::group::Post task execution logs
[2024-09-05T00:05:30.449+0000] {standard_task_runner.py:124} ERROR - Failed to execute job 69 for task get_municipios (No module named 'pyarrow'; 416)
Traceback (most recent call last):
  File "/usr/local/lib/python3.12/site-packages/airflow/task/task_runner/standard_task_runner.py", line 117, in _start_by_fork
    ret = args.func(args, dag=self.dag)
          ^^^^^^^^^^^^^^^^^^^^^^^^^^^^^
  File "/usr/local/lib/python3.12/site-packages/airflow/cli/cli_config.py", line 49, in command
    return func(*args, **kwargs)
           ^^^^^^^^^^^^^^^^^^^^^
  File "/usr/local/lib/python3.12/site-packages/airflow/utils/cli.py", line 115, in wrapper
    return f(*args, **kwargs)
           ^^^^^^^^^^^^^^^^^^
  File "/usr/local/lib/python3.12/site-packages/airflow/cli/commands/task_command.py", line 483, in task_run
    task_return_code = _run_task_by_selected_method(args, _dag, ti)
                       ^^^^^^^^^^^^^^^^^^^^^^^^^^^^^^^^^^^^^^^^^^^^
  File "/usr/local/lib/python3.12/site-packages/airflow/cli/commands/task_command.py", line 256, in _run_task_by_selected_method
    return _run_raw_task(args, ti)
           ^^^^^^^^^^^^^^^^^^^^^^^
  File "/usr/local/lib/python3.12/site-packages/airflow/cli/commands/task_command.py", line 341, in _run_raw_task
    return ti._run_raw_task(
           ^^^^^^^^^^^^^^^^^
  File "/usr/local/lib/python3.12/site-packages/airflow/utils/session.py", line 97, in wrapper
    return func(*args, session=session, **kwargs)
           ^^^^^^^^^^^^^^^^^^^^^^^^^^^^^^^^^^^^^^
  File "/usr/local/lib/python3.12/site-packages/airflow/models/taskinstance.py", line 2995, in _run_raw_task
    return _run_raw_task(
           ^^^^^^^^^^^^^^
  File "/usr/local/lib/python3.12/site-packages/airflow/models/taskinstance.py", line 273, in _run_raw_task
    TaskInstance._execute_task_with_callbacks(
  File "/usr/local/lib/python3.12/site-packages/airflow/models/taskinstance.py", line 3149, in _execute_task_with_callbacks
    result = self._execute_task(context, task_orig)
             ^^^^^^^^^^^^^^^^^^^^^^^^^^^^^^^^^^^^^^
  File "/usr/local/lib/python3.12/site-packages/airflow/models/taskinstance.py", line 3173, in _execute_task
    return _execute_task(self, context, task_orig)
           ^^^^^^^^^^^^^^^^^^^^^^^^^^^^^^^^^^^^^^^
  File "/usr/local/lib/python3.12/site-packages/airflow/models/taskinstance.py", line 767, in _execute_task
    result = _execute_callable(context=context, **execute_callable_kwargs)
             ^^^^^^^^^^^^^^^^^^^^^^^^^^^^^^^^^^^^^^^^^^^^^^^^^^^^^^^^^^^^^
  File "/usr/local/lib/python3.12/site-packages/airflow/models/taskinstance.py", line 733, in _execute_callable
    return ExecutionCallableRunner(
           ^^^^^^^^^^^^^^^^^^^^^^^^
  File "/usr/local/lib/python3.12/site-packages/airflow/utils/operator_helpers.py", line 252, in run
    return self.func(*args, **kwargs)
           ^^^^^^^^^^^^^^^^^^^^^^^^^^
  File "/usr/local/lib/python3.12/site-packages/airflow/models/baseoperator.py", line 406, in wrapper
    return func(self, *args, **kwargs)
           ^^^^^^^^^^^^^^^^^^^^^^^^^^^
  File "/usr/local/lib/python3.12/site-packages/airflow/operators/python.py", line 238, in execute
    return_value = self.execute_callable()
                   ^^^^^^^^^^^^^^^^^^^^^^^
  File "/usr/local/lib/python3.12/site-packages/airflow/operators/python.py", line 256, in execute_callable
    return runner.run(*self.op_args, **self.op_kwargs)
           ^^^^^^^^^^^^^^^^^^^^^^^^^^^^^^^^^^^^^^^^^^^
  File "/usr/local/lib/python3.12/site-packages/airflow/utils/operator_helpers.py", line 252, in run
    return self.func(*args, **kwargs)
           ^^^^^^^^^^^^^^^^^^^^^^^^^^
  File "/root/airflow/dags/weather_etl.py", line 36, in get_municipios
    kwargs['ti'].xcom_push(key='df_municipios', value=df_municipios)
  File "/usr/local/lib/python3.12/site-packages/airflow/utils/session.py", line 97, in wrapper
    return func(*args, session=session, **kwargs)
           ^^^^^^^^^^^^^^^^^^^^^^^^^^^^^^^^^^^^^^
  File "/usr/local/lib/python3.12/site-packages/airflow/models/taskinstance.py", line 3629, in xcom_push
    XCom.set(
  File "/usr/local/lib/python3.12/site-packages/airflow/api_internal/internal_api_call.py", line 139, in wrapper
    return func(*args, **kwargs)
           ^^^^^^^^^^^^^^^^^^^^^
  File "/usr/local/lib/python3.12/site-packages/airflow/utils/session.py", line 94, in wrapper
    return func(*args, **kwargs)
           ^^^^^^^^^^^^^^^^^^^^^
  File "/usr/local/lib/python3.12/site-packages/airflow/models/xcom.py", line 249, in set
    value = cls.serialize_value(
            ^^^^^^^^^^^^^^^^^^^^
  File "/usr/local/lib/python3.12/site-packages/airflow/models/xcom.py", line 688, in serialize_value
    return json.dumps(value, cls=XComEncoder).encode("UTF-8")
           ^^^^^^^^^^^^^^^^^^^^^^^^^^^^^^^^^^
  File "/usr/local/lib/python3.12/json/__init__.py", line 238, in dumps
    **kw).encode(obj)
          ^^^^^^^^^^^
  File "/usr/local/lib/python3.12/site-packages/airflow/utils/json.py", line 105, in encode
    return super().encode(o)
           ^^^^^^^^^^^^^^^^^
  File "/usr/local/lib/python3.12/json/encoder.py", line 200, in encode
    chunks = self.iterencode(o, _one_shot=True)
             ^^^^^^^^^^^^^^^^^^^^^^^^^^^^^^^^^^
  File "/usr/local/lib/python3.12/json/encoder.py", line 258, in iterencode
    return _iterencode(o, 0)
           ^^^^^^^^^^^^^^^^^
  File "/usr/local/lib/python3.12/site-packages/airflow/utils/json.py", line 92, in default
    return serialize(o)
           ^^^^^^^^^^^^
  File "/usr/local/lib/python3.12/site-packages/airflow/serialization/serde.py", line 149, in serialize
    data, serialized_classname, version, is_serialized = _serializers[qn].serialize(o)
                                                         ^^^^^^^^^^^^^^^^^^^^^^^^^^^^^
  File "/usr/local/lib/python3.12/site-packages/airflow/serialization/serializers/pandas.py", line 40, in serialize
    import pyarrow as pa
ModuleNotFoundError: No module named 'pyarrow'
[2024-09-05T00:05:30.506+0000] {local_task_job_runner.py:261} INFO - Task exited with return code 1
[2024-09-05T00:05:30.607+0000] {taskinstance.py:3891} INFO - 0 downstream tasks scheduled from follow-on schedule check
[2024-09-05T00:05:30.645+0000] {local_task_job_runner.py:240} INFO - ::endgroup::
[2024-09-06T00:20:35.108+0000] {local_task_job_runner.py:123} INFO - ::group::Pre task execution logs
[2024-09-06T00:20:35.157+0000] {taskinstance.py:2603} INFO - Dependencies all met for dep_context=non-requeueable deps ti=<TaskInstance: weather_etl_dag.get_municipios scheduled__2024-09-02T00:00:00+00:00 [queued]>
[2024-09-06T00:20:35.165+0000] {taskinstance.py:2603} INFO - Dependencies all met for dep_context=requeueable deps ti=<TaskInstance: weather_etl_dag.get_municipios scheduled__2024-09-02T00:00:00+00:00 [queued]>
[2024-09-06T00:20:35.166+0000] {taskinstance.py:2856} INFO - Starting attempt 1 of 2
[2024-09-06T00:20:35.280+0000] {taskinstance.py:2879} INFO - Executing <Task(PythonOperator): get_municipios> on 2024-09-02 00:00:00+00:00
[2024-09-06T00:20:35.286+0000] {warnings.py:112} WARNING - /usr/local/lib/python3.12/site-packages/***/task/task_runner/standard_task_runner.py:70: DeprecationWarning: This process (pid=1175) is multi-threaded, use of fork() may lead to deadlocks in the child.
  pid = os.fork()

[2024-09-06T00:20:35.287+0000] {standard_task_runner.py:72} INFO - Started process 1177 to run task
[2024-09-06T00:20:35.288+0000] {standard_task_runner.py:104} INFO - Running: ['***', 'tasks', 'run', 'weather_etl_dag', 'get_municipios', 'scheduled__2024-09-02T00:00:00+00:00', '--job-id', '230', '--raw', '--subdir', 'DAGS_FOLDER/weather_etl_dag.py', '--cfg-path', '/tmp/tmp3vodtarj']
[2024-09-06T00:20:35.291+0000] {standard_task_runner.py:105} INFO - Job 230: Subtask get_municipios
[2024-09-06T00:20:35.573+0000] {task_command.py:467} INFO - Running <TaskInstance: weather_etl_dag.get_municipios scheduled__2024-09-02T00:00:00+00:00 [running]> on host da9f5d3bcb59
[2024-09-06T00:20:36.107+0000] {taskinstance.py:3122} INFO - Exporting env vars: AIRFLOW_CTX_DAG_OWNER='***' AIRFLOW_CTX_DAG_ID='weather_etl_dag' AIRFLOW_CTX_TASK_ID='get_municipios' AIRFLOW_CTX_EXECUTION_DATE='2024-09-02T00:00:00+00:00' AIRFLOW_CTX_TRY_NUMBER='1' AIRFLOW_CTX_DAG_RUN_ID='scheduled__2024-09-02T00:00:00+00:00'
[2024-09-06T00:20:36.109+0000] {taskinstance.py:731} INFO - ::endgroup::
[2024-09-06T00:20:36.734+0000] {warnings.py:112} WARNING - /root/***/dags/weather_etl.py:25: UserWarning: pandas only supports SQLAlchemy connectable (engine/connection) or database string URI or sqlite3 DBAPI2 connection. Other DBAPI2 objects are not tested. Please consider using SQLAlchemy.
  df_municipios = pd.read_sql_query(query, conn)

[2024-09-06T00:20:37.052+0000] {python.py:240} INFO - Done. Returned value was: None
[2024-09-06T00:20:37.065+0000] {taskinstance.py:340} INFO - ::group::Post task execution logs
[2024-09-06T00:20:37.066+0000] {taskinstance.py:352} INFO - Marking task as SUCCESS. dag_id=weather_etl_dag, task_id=get_municipios, run_id=scheduled__2024-09-02T00:00:00+00:00, execution_date=20240902T000000, start_date=20240906T002035, end_date=20240906T002037
[2024-09-06T00:20:37.154+0000] {local_task_job_runner.py:261} INFO - Task exited with return code 0
[2024-09-06T00:20:37.182+0000] {taskinstance.py:3891} INFO - 1 downstream tasks scheduled from follow-on schedule check
[2024-09-06T00:20:37.255+0000] {local_task_job_runner.py:240} INFO - ::endgroup::
[2024-09-06T14:18:02.190+0000] {local_task_job_runner.py:123} INFO - ::group::Pre task execution logs
[2024-09-06T14:18:02.326+0000] {taskinstance.py:2603} INFO - Dependencies all met for dep_context=non-requeueable deps ti=<TaskInstance: weather_etl_dag.get_municipios scheduled__2024-09-02T00:00:00+00:00 [queued]>
[2024-09-06T14:18:02.342+0000] {taskinstance.py:2603} INFO - Dependencies all met for dep_context=requeueable deps ti=<TaskInstance: weather_etl_dag.get_municipios scheduled__2024-09-02T00:00:00+00:00 [queued]>
[2024-09-06T14:18:02.345+0000] {taskinstance.py:2856} INFO - Starting attempt 1 of 2
[2024-09-06T14:18:02.530+0000] {taskinstance.py:2879} INFO - Executing <Task(PythonOperator): get_municipios> on 2024-09-02 00:00:00+00:00
[2024-09-06T14:18:02.536+0000] {standard_task_runner.py:72} INFO - Started process 95 to run task
[2024-09-06T14:18:02.544+0000] {standard_task_runner.py:104} INFO - Running: ['***', 'tasks', 'run', 'weather_etl_dag', 'get_municipios', 'scheduled__2024-09-02T00:00:00+00:00', '--job-id', '11', '--raw', '--subdir', 'DAGS_FOLDER/weather_etl_dag.py', '--cfg-path', '/tmp/tmpk6m21_2r']
[2024-09-06T14:18:02.553+0000] {standard_task_runner.py:105} INFO - Job 11: Subtask get_municipios
[2024-09-06T14:18:02.971+0000] {task_command.py:467} INFO - Running <TaskInstance: weather_etl_dag.get_municipios scheduled__2024-09-02T00:00:00+00:00 [running]> on host ca3036c02e01
[2024-09-06T14:18:03.678+0000] {taskinstance.py:3122} INFO - Exporting env vars: AIRFLOW_CTX_DAG_OWNER='***' AIRFLOW_CTX_DAG_ID='weather_etl_dag' AIRFLOW_CTX_TASK_ID='get_municipios' AIRFLOW_CTX_EXECUTION_DATE='2024-09-02T00:00:00+00:00' AIRFLOW_CTX_TRY_NUMBER='1' AIRFLOW_CTX_DAG_RUN_ID='scheduled__2024-09-02T00:00:00+00:00'
[2024-09-06T14:18:03.679+0000] {taskinstance.py:731} INFO - ::endgroup::
[2024-09-06T14:18:05.149+0000] {warnings.py:109} WARNING - /root/***/dags/weather_etl.py:58: UserWarning: pandas only supports SQLAlchemy connectable (engine/connection) or database string URI or sqlite3 DBAPI2 connection. Other DBAPI2 objects are not tested. Please consider using SQLAlchemy.
  df_municipios = pd.read_sql_query(query, conn)

[2024-09-06T14:18:06.424+0000] {python.py:240} INFO - Done. Returned value was: None
[2024-09-06T14:18:06.625+0000] {taskinstance.py:340} INFO - ::group::Post task execution logs
[2024-09-06T14:18:06.736+0000] {taskinstance.py:352} INFO - Marking task as SUCCESS. dag_id=weather_etl_dag, task_id=get_municipios, run_id=scheduled__2024-09-02T00:00:00+00:00, execution_date=20240902T000000, start_date=20240906T141802, end_date=20240906T141806
[2024-09-06T14:18:07.122+0000] {local_task_job_runner.py:261} INFO - Task exited with return code 0
[2024-09-06T14:18:07.423+0000] {local_task_job_runner.py:240} INFO - ::endgroup::
[2024-09-06T14:18:07.622+0000] {standard_task_runner.py:217} INFO - Process not found (most likely exited), stop collecting metrics
