[2024-09-05T00:42:37.302+0000] {local_task_job_runner.py:123} INFO - ::group::Pre task execution logs
[2024-09-05T00:42:37.356+0000] {taskinstance.py:2603} INFO - Dependencies all met for dep_context=non-requeueable deps ti=<TaskInstance: weather_etl_dag.translate_and_clean_data scheduled__2024-08-10T00:00:00+00:00 [queued]>
[2024-09-05T00:42:37.381+0000] {taskinstance.py:2603} INFO - Dependencies all met for dep_context=requeueable deps ti=<TaskInstance: weather_etl_dag.translate_and_clean_data scheduled__2024-08-10T00:00:00+00:00 [queued]>
[2024-09-05T00:42:37.383+0000] {taskinstance.py:2856} INFO - Starting attempt 1 of 2
[2024-09-05T00:42:37.448+0000] {taskinstance.py:2879} INFO - Executing <Task(PythonOperator): translate_and_clean_data> on 2024-08-10 00:00:00+00:00
[2024-09-05T00:42:37.509+0000] {warnings.py:112} WARNING - /usr/local/lib/python3.12/site-packages/***/task/task_runner/standard_task_runner.py:70: DeprecationWarning: This process (pid=571) is multi-threaded, use of fork() may lead to deadlocks in the child.
  pid = os.fork()

[2024-09-05T00:42:37.524+0000] {standard_task_runner.py:72} INFO - Started process 573 to run task
[2024-09-05T00:42:37.518+0000] {standard_task_runner.py:104} INFO - Running: ['***', 'tasks', 'run', 'weather_etl_dag', 'translate_and_clean_data', 'scheduled__2024-08-10T00:00:00+00:00', '--job-id', '65', '--raw', '--subdir', 'DAGS_FOLDER/weather_etl_dag.py', '--cfg-path', '/tmp/tmptu4le5lj']
[2024-09-05T00:42:37.540+0000] {standard_task_runner.py:105} INFO - Job 65: Subtask translate_and_clean_data
[2024-09-05T00:42:37.827+0000] {task_command.py:467} INFO - Running <TaskInstance: weather_etl_dag.translate_and_clean_data scheduled__2024-08-10T00:00:00+00:00 [running]> on host b778581f4b0f
[2024-09-05T00:42:38.456+0000] {taskinstance.py:3122} INFO - Exporting env vars: AIRFLOW_CTX_DAG_OWNER='***' AIRFLOW_CTX_DAG_ID='weather_etl_dag' AIRFLOW_CTX_TASK_ID='translate_and_clean_data' AIRFLOW_CTX_EXECUTION_DATE='2024-08-10T00:00:00+00:00' AIRFLOW_CTX_TRY_NUMBER='1' AIRFLOW_CTX_DAG_RUN_ID='scheduled__2024-08-10T00:00:00+00:00'
[2024-09-05T00:42:38.457+0000] {taskinstance.py:731} INFO - ::endgroup::
[2024-09-05T00:42:38.472+0000] {logging_mixin.py:190} INFO - Recuperando DataFrame de pronósticos desde XCom
[2024-09-05T00:42:38.527+0000] {logging_mixin.py:190} INFO - Número de registros en pronósticos: 18
[2024-09-05T00:42:38.567+0000] {logging_mixin.py:190} INFO - Pronósticos antes de limpiar y traducir:    cve_mun            municipio  ... wind_kph  humidity
0        1    AMEALCO DE BONFIL  ...     16.9        77
1        2      PINAL DE AMOLES  ...     19.8        77
2        3          ARROYO SECO  ...     19.1        82
3        4  CADEREYTA DE MONTES  ...     16.2        78
4        5                COLON  ...     19.8        77

[5 rows x 10 columns]
[2024-09-05T00:43:37.215+0000] {logging_mixin.py:190} INFO - Pronósticos después de limpiar y traducir:    cve_mun            municipio  ... viento_kph  humedad
0        1    Amealco De Bonfil  ...       16.9       77
1        2      Pinal De Amoles  ...       19.8       77
2        3          Arroyo Seco  ...       19.1       82
3        4  Cadereyta De Montes  ...       16.2       78
4        5                Colon  ...       19.8       77

[5 rows x 10 columns]
[2024-09-05T00:43:37.317+0000] {python.py:240} INFO - Done. Returned value was: None
[2024-09-05T00:43:37.357+0000] {taskinstance.py:340} INFO - ::group::Post task execution logs
[2024-09-05T00:43:37.361+0000] {taskinstance.py:352} INFO - Marking task as SUCCESS. dag_id=weather_etl_dag, task_id=translate_and_clean_data, run_id=scheduled__2024-08-10T00:00:00+00:00, execution_date=20240810T000000, start_date=20240905T004237, end_date=20240905T004337
[2024-09-05T00:43:37.512+0000] {local_task_job_runner.py:261} INFO - Task exited with return code 0
[2024-09-05T00:43:37.537+0000] {standard_task_runner.py:217} INFO - Process not found (most likely exited), stop collecting metrics
[2024-09-05T00:43:37.819+0000] {taskinstance.py:3891} INFO - 1 downstream tasks scheduled from follow-on schedule check
[2024-09-05T00:43:37.892+0000] {local_task_job_runner.py:240} INFO - ::endgroup::
[2024-09-05T18:13:01.834+0000] {local_task_job_runner.py:123} INFO - ::group::Pre task execution logs
[2024-09-05T18:13:01.899+0000] {taskinstance.py:2603} INFO - Dependencies all met for dep_context=non-requeueable deps ti=<TaskInstance: weather_etl_dag.translate_and_clean_data scheduled__2024-08-10T00:00:00+00:00 [queued]>
[2024-09-05T18:13:01.930+0000] {taskinstance.py:2603} INFO - Dependencies all met for dep_context=requeueable deps ti=<TaskInstance: weather_etl_dag.translate_and_clean_data scheduled__2024-08-10T00:00:00+00:00 [queued]>
[2024-09-05T18:13:01.933+0000] {taskinstance.py:2856} INFO - Starting attempt 1 of 2
[2024-09-05T18:13:02.031+0000] {taskinstance.py:2879} INFO - Executing <Task(PythonOperator): translate_and_clean_data> on 2024-08-10 00:00:00+00:00
[2024-09-05T18:13:02.042+0000] {warnings.py:112} WARNING - /usr/local/lib/python3.12/site-packages/***/task/task_runner/standard_task_runner.py:70: DeprecationWarning: This process (pid=650) is multi-threaded, use of fork() may lead to deadlocks in the child.
  pid = os.fork()

[2024-09-05T18:13:02.045+0000] {standard_task_runner.py:72} INFO - Started process 652 to run task
[2024-09-05T18:13:02.050+0000] {standard_task_runner.py:104} INFO - Running: ['***', 'tasks', 'run', 'weather_etl_dag', 'translate_and_clean_data', 'scheduled__2024-08-10T00:00:00+00:00', '--job-id', '47', '--raw', '--subdir', 'DAGS_FOLDER/weather_etl_dag.py', '--cfg-path', '/tmp/tmp3bghuzoj']
[2024-09-05T18:13:02.057+0000] {standard_task_runner.py:105} INFO - Job 47: Subtask translate_and_clean_data
[2024-09-05T18:13:02.182+0000] {task_command.py:467} INFO - Running <TaskInstance: weather_etl_dag.translate_and_clean_data scheduled__2024-08-10T00:00:00+00:00 [running]> on host 0b8eaea5e88c
[2024-09-05T18:13:02.560+0000] {taskinstance.py:3122} INFO - Exporting env vars: AIRFLOW_CTX_DAG_OWNER='***' AIRFLOW_CTX_DAG_ID='weather_etl_dag' AIRFLOW_CTX_TASK_ID='translate_and_clean_data' AIRFLOW_CTX_EXECUTION_DATE='2024-08-10T00:00:00+00:00' AIRFLOW_CTX_TRY_NUMBER='1' AIRFLOW_CTX_DAG_RUN_ID='scheduled__2024-08-10T00:00:00+00:00'
[2024-09-05T18:13:02.563+0000] {taskinstance.py:731} INFO - ::endgroup::
[2024-09-05T18:13:02.573+0000] {logging_mixin.py:190} INFO - Recuperando DataFrame de pronósticos desde XCom
[2024-09-05T18:13:02.610+0000] {logging_mixin.py:190} INFO - Número de registros en pronósticos: 18
[2024-09-05T18:13:02.624+0000] {logging_mixin.py:190} INFO - Pronósticos antes de limpiar y traducir:    cve_mun            municipio  ... wind_kph  humidity
0        1    AMEALCO DE BONFIL  ...     18.0        78
1        2      PINAL DE AMOLES  ...     16.6        75
2        3          ARROYO SECO  ...     17.3        84
3        4  CADEREYTA DE MONTES  ...     14.0        79
4        5                COLON  ...     16.6        75

[5 rows x 10 columns]
[2024-09-05T18:14:02.269+0000] {logging_mixin.py:190} INFO - Pronósticos después de limpiar y traducir:    cve_mun            municipio  ... viento_kph  humedad
0        1    Amealco De Bonfil  ...       18.0       78
1        2      Pinal De Amoles  ...       16.6       75
2        3          Arroyo Seco  ...       17.3       84
3        4  Cadereyta De Montes  ...       14.0       79
4        5                Colon  ...       16.6       75

[5 rows x 10 columns]
[2024-09-05T18:14:02.327+0000] {python.py:240} INFO - Done. Returned value was: None
[2024-09-05T18:14:02.339+0000] {taskinstance.py:340} INFO - ::group::Post task execution logs
[2024-09-05T18:14:02.340+0000] {taskinstance.py:352} INFO - Marking task as SUCCESS. dag_id=weather_etl_dag, task_id=translate_and_clean_data, run_id=scheduled__2024-08-10T00:00:00+00:00, execution_date=20240810T000000, start_date=20240905T181301, end_date=20240905T181402
[2024-09-05T18:14:02.448+0000] {local_task_job_runner.py:261} INFO - Task exited with return code 0
[2024-09-05T18:14:02.468+0000] {local_task_job_runner.py:240} INFO - ::endgroup::
