[2024-08-23T02:08:30.985+0000] {local_task_job_runner.py:120} INFO - ::group::Pre task execution logs
[2024-08-23T02:08:31.064+0000] {taskinstance.py:2076} INFO - Dependencies all met for dep_context=non-requeueable deps ti=<TaskInstance: weather_etl_dag.get_municipios scheduled__2024-08-22T00:00:00+00:00 [queued]>
[2024-08-23T02:08:31.080+0000] {taskinstance.py:2076} INFO - Dependencies all met for dep_context=requeueable deps ti=<TaskInstance: weather_etl_dag.get_municipios scheduled__2024-08-22T00:00:00+00:00 [queued]>
[2024-08-23T02:08:31.081+0000] {taskinstance.py:2306} INFO - Starting attempt 1 of 2
[2024-08-23T02:08:31.412+0000] {taskinstance.py:2330} INFO - Executing <Task(PythonOperator): get_municipios> on 2024-08-22 00:00:00+00:00
[2024-08-23T02:08:31.429+0000] {warnings.py:112} WARNING - /home/***/.local/lib/python3.12/site-packages/***/task/task_runner/standard_task_runner.py:62: DeprecationWarning: This process (pid=249) is multi-threaded, use of fork() may lead to deadlocks in the child.
  pid = os.fork()

[2024-08-23T02:08:31.446+0000] {standard_task_runner.py:64} INFO - Started process 251 to run task
[2024-08-23T02:08:31.435+0000] {standard_task_runner.py:90} INFO - Running: ['***', 'tasks', 'run', 'weather_etl_dag', 'get_municipios', 'scheduled__2024-08-22T00:00:00+00:00', '--job-id', '329', '--raw', '--subdir', 'DAGS_FOLDER/weather_etl_dag.py', '--cfg-path', '/tmp/tmp2_ie_gky']
[2024-08-23T02:08:31.456+0000] {standard_task_runner.py:91} INFO - Job 329: Subtask get_municipios
[2024-08-23T02:08:31.730+0000] {task_command.py:426} INFO - Running <TaskInstance: weather_etl_dag.get_municipios scheduled__2024-08-22T00:00:00+00:00 [running]> on host b7290fbe53d7
[2024-08-23T02:08:31.995+0000] {taskinstance.py:2648} INFO - Exporting env vars: AIRFLOW_CTX_DAG_OWNER='***' AIRFLOW_CTX_DAG_ID='weather_etl_dag' AIRFLOW_CTX_TASK_ID='get_municipios' AIRFLOW_CTX_EXECUTION_DATE='2024-08-22T00:00:00+00:00' AIRFLOW_CTX_TRY_NUMBER='1' AIRFLOW_CTX_DAG_RUN_ID='scheduled__2024-08-22T00:00:00+00:00'
[2024-08-23T02:08:31.997+0000] {taskinstance.py:430} INFO - ::endgroup::
[2024-08-23T02:08:33.401+0000] {logging_mixin.py:188} INFO - Conexión establecida con Redshift.
[2024-08-23T02:08:33.402+0000] {logging_mixin.py:188} INFO - Ejecutando la consulta SQL...
[2024-08-23T02:08:33.592+0000] {warnings.py:112} WARNING - /opt/***/dags/weather_etl_dag.py:82: UserWarning: pandas only supports SQLAlchemy connectable (engine/connection) or database string URI or sqlite3 DBAPI2 connection. Other DBAPI2 objects are not tested. Please consider using SQLAlchemy.
  df_municipios = pd.read_sql_query(query, conn)

[2024-08-23T02:08:40.846+0000] {logging_mixin.py:188} INFO - Consulta ejecutada, numero de registros obtenidos:18
[2024-08-23T02:08:40.860+0000] {logging_mixin.py:188} INFO - conexion a redshift cerrada
[2024-08-23T02:08:43.225+0000] {python.py:237} INFO - Done. Returned value was: None
[2024-08-23T02:08:43.230+0000] {taskinstance.py:441} INFO - ::group::Post task execution logs
[2024-08-23T02:08:43.242+0000] {taskinstance.py:1206} INFO - Marking task as SUCCESS. dag_id=weather_etl_dag, task_id=get_municipios, run_id=scheduled__2024-08-22T00:00:00+00:00, execution_date=20240822T000000, start_date=20240823T020831, end_date=20240823T020843
[2024-08-23T02:08:43.467+0000] {local_task_job_runner.py:243} INFO - Task exited with return code 0
[2024-08-23T02:08:43.540+0000] {taskinstance.py:3503} INFO - 1 downstream tasks scheduled from follow-on schedule check
[2024-08-23T02:08:43.584+0000] {local_task_job_runner.py:222} INFO - ::endgroup::
[2024-09-04T23:59:31.915+0000] {local_task_job_runner.py:123} INFO - ::group::Pre task execution logs
[2024-09-04T23:59:32.032+0000] {taskinstance.py:2603} INFO - Dependencies all met for dep_context=non-requeueable deps ti=<TaskInstance: weather_etl_dag.get_municipios scheduled__2024-08-22T00:00:00+00:00 [queued]>
[2024-09-04T23:59:32.052+0000] {taskinstance.py:2603} INFO - Dependencies all met for dep_context=requeueable deps ti=<TaskInstance: weather_etl_dag.get_municipios scheduled__2024-08-22T00:00:00+00:00 [queued]>
[2024-09-04T23:59:32.053+0000] {taskinstance.py:2856} INFO - Starting attempt 1 of 2
[2024-09-04T23:59:32.124+0000] {taskinstance.py:2879} INFO - Executing <Task(PythonOperator): get_municipios> on 2024-08-22 00:00:00+00:00
[2024-09-04T23:59:32.137+0000] {warnings.py:112} WARNING - /usr/local/lib/python3.12/site-packages/***/task/task_runner/standard_task_runner.py:70: DeprecationWarning: This process (pid=256) is multi-threaded, use of fork() may lead to deadlocks in the child.
  pid = os.fork()

[2024-09-04T23:59:32.204+0000] {standard_task_runner.py:72} INFO - Started process 259 to run task
[2024-09-04T23:59:32.136+0000] {standard_task_runner.py:104} INFO - Running: ['***', 'tasks', 'run', 'weather_etl_dag', 'get_municipios', 'scheduled__2024-08-22T00:00:00+00:00', '--job-id', '42', '--raw', '--subdir', 'DAGS_FOLDER/weather_etl_dag.py', '--cfg-path', '/tmp/tmpzfja6s8l']
[2024-09-04T23:59:32.215+0000] {standard_task_runner.py:105} INFO - Job 42: Subtask get_municipios
[2024-09-04T23:59:32.407+0000] {task_command.py:467} INFO - Running <TaskInstance: weather_etl_dag.get_municipios scheduled__2024-08-22T00:00:00+00:00 [running]> on host f3059b547e1e
[2024-09-04T23:59:32.717+0000] {taskinstance.py:3122} INFO - Exporting env vars: AIRFLOW_CTX_DAG_OWNER='***' AIRFLOW_CTX_DAG_ID='weather_etl_dag' AIRFLOW_CTX_TASK_ID='get_municipios' AIRFLOW_CTX_EXECUTION_DATE='2024-08-22T00:00:00+00:00' AIRFLOW_CTX_TRY_NUMBER='1' AIRFLOW_CTX_DAG_RUN_ID='scheduled__2024-08-22T00:00:00+00:00'
[2024-09-04T23:59:32.732+0000] {taskinstance.py:731} INFO - ::endgroup::
[2024-09-04T23:59:33.041+0000] {taskinstance.py:3301} ERROR - Task failed with exception
Traceback (most recent call last):
  File "/usr/local/lib/python3.12/site-packages/airflow/models/taskinstance.py", line 767, in _execute_task
    result = _execute_callable(context=context, **execute_callable_kwargs)
             ^^^^^^^^^^^^^^^^^^^^^^^^^^^^^^^^^^^^^^^^^^^^^^^^^^^^^^^^^^^^^
  File "/usr/local/lib/python3.12/site-packages/airflow/models/taskinstance.py", line 733, in _execute_callable
    return ExecutionCallableRunner(
           ^^^^^^^^^^^^^^^^^^^^^^^^
  File "/usr/local/lib/python3.12/site-packages/airflow/utils/operator_helpers.py", line 252, in run
    return self.func(*args, **kwargs)
           ^^^^^^^^^^^^^^^^^^^^^^^^^^
  File "/usr/local/lib/python3.12/site-packages/airflow/models/baseoperator.py", line 406, in wrapper
    return func(self, *args, **kwargs)
           ^^^^^^^^^^^^^^^^^^^^^^^^^^^
  File "/usr/local/lib/python3.12/site-packages/airflow/operators/python.py", line 238, in execute
    return_value = self.execute_callable()
                   ^^^^^^^^^^^^^^^^^^^^^^^
  File "/usr/local/lib/python3.12/site-packages/airflow/operators/python.py", line 256, in execute_callable
    return runner.run(*self.op_args, **self.op_kwargs)
           ^^^^^^^^^^^^^^^^^^^^^^^^^^^^^^^^^^^^^^^^^^^
  File "/usr/local/lib/python3.12/site-packages/airflow/utils/operator_helpers.py", line 252, in run
    return self.func(*args, **kwargs)
           ^^^^^^^^^^^^^^^^^^^^^^^^^^
  File "/root/airflow/dags/weather_etl.py", line 11, in get_municipios
    r_user = Variable.get("r_user")
             ^^^^^^^^^^^^^^^^^^^^^^
  File "/usr/local/lib/python3.12/site-packages/airflow/models/variable.py", line 145, in get
    raise KeyError(f"Variable {key} does not exist")
KeyError: 'Variable r_user does not exist'
[2024-09-04T23:59:33.284+0000] {taskinstance.py:1225} INFO - Marking task as UP_FOR_RETRY. dag_id=weather_etl_dag, task_id=get_municipios, run_id=scheduled__2024-08-22T00:00:00+00:00, execution_date=20240822T000000, start_date=20240904T235932, end_date=20240904T235933
[2024-09-04T23:59:33.751+0000] {taskinstance.py:340} INFO - ::group::Post task execution logs
[2024-09-04T23:59:33.753+0000] {standard_task_runner.py:124} ERROR - Failed to execute job 42 for task get_municipios ('Variable r_user does not exist'; 259)
Traceback (most recent call last):
  File "/usr/local/lib/python3.12/site-packages/airflow/task/task_runner/standard_task_runner.py", line 117, in _start_by_fork
    ret = args.func(args, dag=self.dag)
          ^^^^^^^^^^^^^^^^^^^^^^^^^^^^^
  File "/usr/local/lib/python3.12/site-packages/airflow/cli/cli_config.py", line 49, in command
    return func(*args, **kwargs)
           ^^^^^^^^^^^^^^^^^^^^^
  File "/usr/local/lib/python3.12/site-packages/airflow/utils/cli.py", line 115, in wrapper
    return f(*args, **kwargs)
           ^^^^^^^^^^^^^^^^^^
  File "/usr/local/lib/python3.12/site-packages/airflow/cli/commands/task_command.py", line 483, in task_run
    task_return_code = _run_task_by_selected_method(args, _dag, ti)
                       ^^^^^^^^^^^^^^^^^^^^^^^^^^^^^^^^^^^^^^^^^^^^
  File "/usr/local/lib/python3.12/site-packages/airflow/cli/commands/task_command.py", line 256, in _run_task_by_selected_method
    return _run_raw_task(args, ti)
           ^^^^^^^^^^^^^^^^^^^^^^^
  File "/usr/local/lib/python3.12/site-packages/airflow/cli/commands/task_command.py", line 341, in _run_raw_task
    return ti._run_raw_task(
           ^^^^^^^^^^^^^^^^^
  File "/usr/local/lib/python3.12/site-packages/airflow/utils/session.py", line 97, in wrapper
    return func(*args, session=session, **kwargs)
           ^^^^^^^^^^^^^^^^^^^^^^^^^^^^^^^^^^^^^^
  File "/usr/local/lib/python3.12/site-packages/airflow/models/taskinstance.py", line 2995, in _run_raw_task
    return _run_raw_task(
           ^^^^^^^^^^^^^^
  File "/usr/local/lib/python3.12/site-packages/airflow/models/taskinstance.py", line 273, in _run_raw_task
    TaskInstance._execute_task_with_callbacks(
  File "/usr/local/lib/python3.12/site-packages/airflow/models/taskinstance.py", line 3149, in _execute_task_with_callbacks
    result = self._execute_task(context, task_orig)
             ^^^^^^^^^^^^^^^^^^^^^^^^^^^^^^^^^^^^^^
  File "/usr/local/lib/python3.12/site-packages/airflow/models/taskinstance.py", line 3173, in _execute_task
    return _execute_task(self, context, task_orig)
           ^^^^^^^^^^^^^^^^^^^^^^^^^^^^^^^^^^^^^^^
  File "/usr/local/lib/python3.12/site-packages/airflow/models/taskinstance.py", line 767, in _execute_task
    result = _execute_callable(context=context, **execute_callable_kwargs)
             ^^^^^^^^^^^^^^^^^^^^^^^^^^^^^^^^^^^^^^^^^^^^^^^^^^^^^^^^^^^^^
  File "/usr/local/lib/python3.12/site-packages/airflow/models/taskinstance.py", line 733, in _execute_callable
    return ExecutionCallableRunner(
           ^^^^^^^^^^^^^^^^^^^^^^^^
  File "/usr/local/lib/python3.12/site-packages/airflow/utils/operator_helpers.py", line 252, in run
    return self.func(*args, **kwargs)
           ^^^^^^^^^^^^^^^^^^^^^^^^^^
  File "/usr/local/lib/python3.12/site-packages/airflow/models/baseoperator.py", line 406, in wrapper
    return func(self, *args, **kwargs)
           ^^^^^^^^^^^^^^^^^^^^^^^^^^^
  File "/usr/local/lib/python3.12/site-packages/airflow/operators/python.py", line 238, in execute
    return_value = self.execute_callable()
                   ^^^^^^^^^^^^^^^^^^^^^^^
  File "/usr/local/lib/python3.12/site-packages/airflow/operators/python.py", line 256, in execute_callable
    return runner.run(*self.op_args, **self.op_kwargs)
           ^^^^^^^^^^^^^^^^^^^^^^^^^^^^^^^^^^^^^^^^^^^
  File "/usr/local/lib/python3.12/site-packages/airflow/utils/operator_helpers.py", line 252, in run
    return self.func(*args, **kwargs)
           ^^^^^^^^^^^^^^^^^^^^^^^^^^
  File "/root/airflow/dags/weather_etl.py", line 11, in get_municipios
    r_user = Variable.get("r_user")
             ^^^^^^^^^^^^^^^^^^^^^^
  File "/usr/local/lib/python3.12/site-packages/airflow/models/variable.py", line 145, in get
    raise KeyError(f"Variable {key} does not exist")
KeyError: 'Variable r_user does not exist'
[2024-09-04T23:59:33.786+0000] {local_task_job_runner.py:261} INFO - Task exited with return code 1
[2024-09-04T23:59:33.848+0000] {taskinstance.py:3891} INFO - 0 downstream tasks scheduled from follow-on schedule check
[2024-09-04T23:59:33.898+0000] {local_task_job_runner.py:240} INFO - ::endgroup::
[2024-09-05T23:39:16.190+0000] {local_task_job_runner.py:123} INFO - ::group::Pre task execution logs
[2024-09-05T23:39:16.249+0000] {taskinstance.py:2603} INFO - Dependencies all met for dep_context=non-requeueable deps ti=<TaskInstance: weather_etl_dag.get_municipios scheduled__2024-08-22T00:00:00+00:00 [queued]>
[2024-09-05T23:39:16.257+0000] {taskinstance.py:2603} INFO - Dependencies all met for dep_context=requeueable deps ti=<TaskInstance: weather_etl_dag.get_municipios scheduled__2024-08-22T00:00:00+00:00 [queued]>
[2024-09-05T23:39:16.258+0000] {taskinstance.py:2856} INFO - Starting attempt 1 of 2
[2024-09-05T23:39:16.388+0000] {taskinstance.py:2879} INFO - Executing <Task(PythonOperator): get_municipios> on 2024-08-22 00:00:00+00:00
[2024-09-05T23:39:16.393+0000] {warnings.py:112} WARNING - /usr/local/lib/python3.12/site-packages/***/task/task_runner/standard_task_runner.py:70: DeprecationWarning: This process (pid=91) is multi-threaded, use of fork() may lead to deadlocks in the child.
  pid = os.fork()

[2024-09-05T23:39:16.395+0000] {standard_task_runner.py:72} INFO - Started process 93 to run task
[2024-09-05T23:39:16.396+0000] {standard_task_runner.py:104} INFO - Running: ['***', 'tasks', 'run', 'weather_etl_dag', 'get_municipios', 'scheduled__2024-08-22T00:00:00+00:00', '--job-id', '129', '--raw', '--subdir', 'DAGS_FOLDER/weather_etl_dag.py', '--cfg-path', '/tmp/tmp6bh5v8n7']
[2024-09-05T23:39:16.398+0000] {standard_task_runner.py:105} INFO - Job 129: Subtask get_municipios
[2024-09-05T23:39:16.546+0000] {task_command.py:467} INFO - Running <TaskInstance: weather_etl_dag.get_municipios scheduled__2024-08-22T00:00:00+00:00 [running]> on host da9f5d3bcb59
[2024-09-05T23:39:17.703+0000] {taskinstance.py:3122} INFO - Exporting env vars: AIRFLOW_CTX_DAG_OWNER='***' AIRFLOW_CTX_DAG_ID='weather_etl_dag' AIRFLOW_CTX_TASK_ID='get_municipios' AIRFLOW_CTX_EXECUTION_DATE='2024-08-22T00:00:00+00:00' AIRFLOW_CTX_TRY_NUMBER='1' AIRFLOW_CTX_DAG_RUN_ID='scheduled__2024-08-22T00:00:00+00:00'
[2024-09-05T23:39:17.707+0000] {taskinstance.py:731} INFO - ::endgroup::
[2024-09-05T23:39:18.342+0000] {warnings.py:112} WARNING - /root/***/dags/weather_etl.py:25: UserWarning: pandas only supports SQLAlchemy connectable (engine/connection) or database string URI or sqlite3 DBAPI2 connection. Other DBAPI2 objects are not tested. Please consider using SQLAlchemy.
  df_municipios = pd.read_sql_query(query, conn)

[2024-09-05T23:39:18.582+0000] {python.py:240} INFO - Done. Returned value was: None
[2024-09-05T23:39:18.605+0000] {taskinstance.py:340} INFO - ::group::Post task execution logs
[2024-09-05T23:39:18.607+0000] {taskinstance.py:352} INFO - Marking task as SUCCESS. dag_id=weather_etl_dag, task_id=get_municipios, run_id=scheduled__2024-08-22T00:00:00+00:00, execution_date=20240822T000000, start_date=20240905T233916, end_date=20240905T233918
[2024-09-05T23:39:18.712+0000] {local_task_job_runner.py:261} INFO - Task exited with return code 0
[2024-09-05T23:39:18.745+0000] {taskinstance.py:3891} INFO - 1 downstream tasks scheduled from follow-on schedule check
[2024-09-05T23:39:18.807+0000] {local_task_job_runner.py:240} INFO - ::endgroup::
