[2024-09-05T00:38:55.889+0000] {local_task_job_runner.py:123} INFO - ::group::Pre task execution logs
[2024-09-05T00:38:56.261+0000] {taskinstance.py:2603} INFO - Dependencies all met for dep_context=non-requeueable deps ti=<TaskInstance: weather_etl_dag.insert_weather_data scheduled__2024-08-01T00:00:00+00:00 [queued]>
[2024-09-05T00:38:56.354+0000] {taskinstance.py:2603} INFO - Dependencies all met for dep_context=requeueable deps ti=<TaskInstance: weather_etl_dag.insert_weather_data scheduled__2024-08-01T00:00:00+00:00 [queued]>
[2024-09-05T00:38:56.391+0000] {taskinstance.py:2856} INFO - Starting attempt 1 of 2
[2024-09-05T00:38:56.583+0000] {taskinstance.py:2879} INFO - Executing <Task(PythonOperator): insert_weather_data> on 2024-08-01 00:00:00+00:00
[2024-09-05T00:38:56.599+0000] {warnings.py:112} WARNING - /usr/local/lib/python3.12/site-packages/***/task/task_runner/standard_task_runner.py:70: DeprecationWarning: This process (pid=459) is multi-threaded, use of fork() may lead to deadlocks in the child.
  pid = os.fork()

[2024-09-05T00:38:56.699+0000] {standard_task_runner.py:72} INFO - Started process 463 to run task
[2024-09-05T00:38:56.635+0000] {standard_task_runner.py:104} INFO - Running: ['***', 'tasks', 'run', 'weather_etl_dag', 'insert_weather_data', 'scheduled__2024-08-01T00:00:00+00:00', '--job-id', '55', '--raw', '--subdir', 'DAGS_FOLDER/weather_etl_dag.py', '--cfg-path', '/tmp/tmpnilgbo0f']
[2024-09-05T00:38:56.754+0000] {standard_task_runner.py:105} INFO - Job 55: Subtask insert_weather_data
[2024-09-05T00:38:57.499+0000] {task_command.py:467} INFO - Running <TaskInstance: weather_etl_dag.insert_weather_data scheduled__2024-08-01T00:00:00+00:00 [running]> on host b778581f4b0f
[2024-09-05T00:38:59.277+0000] {taskinstance.py:3122} INFO - Exporting env vars: AIRFLOW_CTX_DAG_OWNER='***' AIRFLOW_CTX_DAG_ID='weather_etl_dag' AIRFLOW_CTX_TASK_ID='insert_weather_data' AIRFLOW_CTX_EXECUTION_DATE='2024-08-01T00:00:00+00:00' AIRFLOW_CTX_TRY_NUMBER='1' AIRFLOW_CTX_DAG_RUN_ID='scheduled__2024-08-01T00:00:00+00:00'
[2024-09-05T00:38:59.280+0000] {taskinstance.py:731} INFO - ::endgroup::
[2024-09-05T00:39:04.764+0000] {logging_mixin.py:190} INFO - Todos los pronósticos han sido insertados con éxito en Redshift.
[2024-09-05T00:39:04.766+0000] {python.py:240} INFO - Done. Returned value was: None
[2024-09-05T00:39:04.784+0000] {taskinstance.py:340} INFO - ::group::Post task execution logs
[2024-09-05T00:39:04.785+0000] {taskinstance.py:352} INFO - Marking task as SUCCESS. dag_id=weather_etl_dag, task_id=insert_weather_data, run_id=scheduled__2024-08-01T00:00:00+00:00, execution_date=20240801T000000, start_date=20240905T003856, end_date=20240905T003904
[2024-09-05T00:39:06.397+0000] {local_task_job_runner.py:261} INFO - Task exited with return code 0
[2024-09-05T00:39:06.434+0000] {taskinstance.py:3891} INFO - 1 downstream tasks scheduled from follow-on schedule check
[2024-09-05T00:39:06.466+0000] {local_task_job_runner.py:240} INFO - ::endgroup::
[2024-09-05T18:12:30.802+0000] {local_task_job_runner.py:123} INFO - ::group::Pre task execution logs
[2024-09-05T18:12:30.864+0000] {taskinstance.py:2603} INFO - Dependencies all met for dep_context=non-requeueable deps ti=<TaskInstance: weather_etl_dag.insert_weather_data scheduled__2024-08-01T00:00:00+00:00 [queued]>
[2024-09-05T18:12:30.878+0000] {taskinstance.py:2603} INFO - Dependencies all met for dep_context=requeueable deps ti=<TaskInstance: weather_etl_dag.insert_weather_data scheduled__2024-08-01T00:00:00+00:00 [queued]>
[2024-09-05T18:12:30.879+0000] {taskinstance.py:2856} INFO - Starting attempt 1 of 2
[2024-09-05T18:12:31.026+0000] {taskinstance.py:2879} INFO - Executing <Task(PythonOperator): insert_weather_data> on 2024-08-01 00:00:00+00:00
[2024-09-05T18:12:31.031+0000] {warnings.py:112} WARNING - /usr/local/lib/python3.12/site-packages/***/task/task_runner/standard_task_runner.py:70: DeprecationWarning: This process (pid=621) is multi-threaded, use of fork() may lead to deadlocks in the child.
  pid = os.fork()

[2024-09-05T18:12:31.033+0000] {standard_task_runner.py:72} INFO - Started process 623 to run task
[2024-09-05T18:12:31.033+0000] {standard_task_runner.py:104} INFO - Running: ['***', 'tasks', 'run', 'weather_etl_dag', 'insert_weather_data', 'scheduled__2024-08-01T00:00:00+00:00', '--job-id', '44', '--raw', '--subdir', 'DAGS_FOLDER/weather_etl_dag.py', '--cfg-path', '/tmp/tmphapaeknc']
[2024-09-05T18:12:31.036+0000] {standard_task_runner.py:105} INFO - Job 44: Subtask insert_weather_data
[2024-09-05T18:12:31.147+0000] {task_command.py:467} INFO - Running <TaskInstance: weather_etl_dag.insert_weather_data scheduled__2024-08-01T00:00:00+00:00 [running]> on host 0b8eaea5e88c
[2024-09-05T18:12:31.588+0000] {taskinstance.py:3122} INFO - Exporting env vars: AIRFLOW_CTX_DAG_OWNER='***' AIRFLOW_CTX_DAG_ID='weather_etl_dag' AIRFLOW_CTX_TASK_ID='insert_weather_data' AIRFLOW_CTX_EXECUTION_DATE='2024-08-01T00:00:00+00:00' AIRFLOW_CTX_TRY_NUMBER='1' AIRFLOW_CTX_DAG_RUN_ID='scheduled__2024-08-01T00:00:00+00:00'
[2024-09-05T18:12:31.591+0000] {taskinstance.py:731} INFO - ::endgroup::
[2024-09-05T18:12:34.747+0000] {logging_mixin.py:190} INFO - Todos los pronósticos han sido insertados con éxito en Redshift.
[2024-09-05T18:12:34.752+0000] {python.py:240} INFO - Done. Returned value was: None
[2024-09-05T18:12:34.782+0000] {taskinstance.py:340} INFO - ::group::Post task execution logs
[2024-09-05T18:12:34.785+0000] {taskinstance.py:352} INFO - Marking task as SUCCESS. dag_id=weather_etl_dag, task_id=insert_weather_data, run_id=scheduled__2024-08-01T00:00:00+00:00, execution_date=20240801T000000, start_date=20240905T181230, end_date=20240905T181234
[2024-09-05T18:12:34.863+0000] {local_task_job_runner.py:261} INFO - Task exited with return code 0
[2024-09-05T18:12:34.933+0000] {taskinstance.py:3891} INFO - 1 downstream tasks scheduled from follow-on schedule check
[2024-09-05T18:12:34.974+0000] {local_task_job_runner.py:240} INFO - ::endgroup::
